[2024-11-04T19:21:47.874+0000] {taskinstance.py:1103} INFO - Dependencies all met for dep_context=non-requeueable deps ti=<TaskInstance: bluebikes_data_pipeline.clean_and_preprocess_task scheduled__2024-09-01T00:00:00+00:00 [queued]>
[2024-11-04T19:21:47.903+0000] {taskinstance.py:1103} INFO - Dependencies all met for dep_context=requeueable deps ti=<TaskInstance: bluebikes_data_pipeline.clean_and_preprocess_task scheduled__2024-09-01T00:00:00+00:00 [queued]>
[2024-11-04T19:21:47.904+0000] {taskinstance.py:1308} INFO - Starting attempt 1 of 4
[2024-11-04T19:21:47.983+0000] {taskinstance.py:1327} INFO - Executing <Task(PythonOperator): clean_and_preprocess_task> on 2024-09-01 00:00:00+00:00
[2024-11-04T19:21:47.999+0000] {standard_task_runner.py:57} INFO - Started process 181 to run task
[2024-11-04T19:21:48.071+0000] {standard_task_runner.py:84} INFO - Running: ['***', 'tasks', 'run', 'bluebikes_data_pipeline', 'clean_and_preprocess_task', 'scheduled__2024-09-01T00:00:00+00:00', '--job-id', '1811', '--raw', '--subdir', 'DAGS_FOLDER/***_main.py', '--cfg-path', '/tmp/tmpbftljgk6']
[2024-11-04T19:21:48.083+0000] {standard_task_runner.py:85} INFO - Job 1811: Subtask clean_and_preprocess_task
[2024-11-04T19:21:50.982+0000] {task_command.py:410} INFO - Running <TaskInstance: bluebikes_data_pipeline.clean_and_preprocess_task scheduled__2024-09-01T00:00:00+00:00 [running]> on host 724f9f0bb0f4
[2024-11-04T19:21:51.285+0000] {taskinstance.py:1547} INFO - Exporting env vars: AIRFLOW_CTX_DAG_OWNER='Muskan' AIRFLOW_CTX_DAG_ID='bluebikes_data_pipeline' AIRFLOW_CTX_TASK_ID='clean_and_preprocess_task' AIRFLOW_CTX_EXECUTION_DATE='2024-09-01T00:00:00+00:00' AIRFLOW_CTX_TRY_NUMBER='1' AIRFLOW_CTX_DAG_RUN_ID='scheduled__2024-09-01T00:00:00+00:00'
[2024-11-04T19:21:51.288+0000] {warnings.py:110} WARNING - /home/***/.local/lib/python3.7/site-packages/***/utils/context.py:313: AirflowContextDeprecationWarning: Accessing 'execution_date' from the template is deprecated and will be removed in a future version. Please use 'data_interval_start' or 'logical_date' instead.
  warnings.warn(_create_deprecation_warning(k, replacements))

[2024-11-04T19:21:51.288+0000] {preprocess_ride_data.py:65} INFO - Starting data cleaning and preprocessing for file: 202409-bluebikes-tripdata.csv
[2024-11-04T19:21:51.866+0000] {preprocess_ride_data.py:12} INFO - Removing missing values.
[2024-11-04T19:21:51.888+0000] {preprocess_ride_data.py:16} INFO - Removing duplicate rows.
[2024-11-04T19:21:51.970+0000] {preprocess_ride_data.py:21} INFO - Converting data types.
[2024-11-04T19:21:52.009+0000] {preprocess_ride_data.py:39} INFO - Extracting temporal features.
[2024-11-04T19:22:21.473+0000] {preprocess_ride_data.py:12} INFO - Removing missing values.
[2024-11-04T19:22:21.686+0000] {preprocess_ride_data.py:16} INFO - Removing duplicate rows.
[2024-11-04T19:22:21.889+0000] {preprocess_ride_data.py:21} INFO - Converting data types.
[2024-11-04T19:22:22.002+0000] {preprocess_ride_data.py:39} INFO - Extracting temporal features.
[2024-11-04T19:22:31.112+0000] {preprocess_ride_data.py:12} INFO - Removing missing values.
[2024-11-04T19:22:31.187+0000] {preprocess_ride_data.py:16} INFO - Removing duplicate rows.
[2024-11-04T19:22:31.296+0000] {preprocess_ride_data.py:21} INFO - Converting data types.
[2024-11-04T19:22:31.374+0000] {preprocess_ride_data.py:39} INFO - Extracting temporal features.
[2024-11-04T19:22:34.796+0000] {preprocess_ride_data.py:12} INFO - Removing missing values.
[2024-11-04T19:22:34.878+0000] {preprocess_ride_data.py:16} INFO - Removing duplicate rows.
[2024-11-04T19:22:35.080+0000] {preprocess_ride_data.py:21} INFO - Converting data types.
[2024-11-04T19:22:35.179+0000] {preprocess_ride_data.py:39} INFO - Extracting temporal features.
[2024-11-04T19:22:40.507+0000] {preprocess_ride_data.py:12} INFO - Removing missing values.
[2024-11-04T19:22:40.610+0000] {preprocess_ride_data.py:16} INFO - Removing duplicate rows.
[2024-11-04T19:22:40.796+0000] {preprocess_ride_data.py:21} INFO - Converting data types.
[2024-11-04T19:22:40.911+0000] {preprocess_ride_data.py:39} INFO - Extracting temporal features.
[2024-11-04T19:22:47.477+0000] {preprocess_ride_data.py:12} INFO - Removing missing values.
[2024-11-04T19:22:47.571+0000] {preprocess_ride_data.py:16} INFO - Removing duplicate rows.
[2024-11-04T19:22:47.684+0000] {preprocess_ride_data.py:21} INFO - Converting data types.
[2024-11-04T19:22:47.788+0000] {preprocess_ride_data.py:39} INFO - Extracting temporal features.
[2024-11-04T19:22:58.067+0000] {preprocess_ride_data.py:12} INFO - Removing missing values.
[2024-11-04T19:22:58.184+0000] {preprocess_ride_data.py:16} INFO - Removing duplicate rows.
[2024-11-04T19:22:58.481+0000] {preprocess_ride_data.py:21} INFO - Converting data types.
[2024-11-04T19:22:58.677+0000] {preprocess_ride_data.py:39} INFO - Extracting temporal features.
[2024-11-04T19:23:02.680+0000] {preprocess_ride_data.py:12} INFO - Removing missing values.
[2024-11-04T19:23:02.706+0000] {preprocess_ride_data.py:16} INFO - Removing duplicate rows.
[2024-11-04T19:23:02.804+0000] {preprocess_ride_data.py:21} INFO - Converting data types.
[2024-11-04T19:23:02.898+0000] {preprocess_ride_data.py:39} INFO - Extracting temporal features.
[2024-11-04T19:23:09.234+0000] {preprocess_ride_data.py:12} INFO - Removing missing values.
[2024-11-04T19:23:09.278+0000] {preprocess_ride_data.py:16} INFO - Removing duplicate rows.
[2024-11-04T19:23:09.326+0000] {preprocess_ride_data.py:21} INFO - Converting data types.
[2024-11-04T19:23:09.403+0000] {preprocess_ride_data.py:39} INFO - Extracting temporal features.
[2024-11-04T19:23:14.972+0000] {preprocess_ride_data.py:12} INFO - Removing missing values.
[2024-11-04T19:23:14.996+0000] {preprocess_ride_data.py:16} INFO - Removing duplicate rows.
[2024-11-04T19:23:15.095+0000] {preprocess_ride_data.py:21} INFO - Converting data types.
[2024-11-04T19:23:15.177+0000] {preprocess_ride_data.py:39} INFO - Extracting temporal features.
[2024-11-04T19:23:23.466+0000] {preprocess_ride_data.py:12} INFO - Removing missing values.
[2024-11-04T19:23:23.597+0000] {preprocess_ride_data.py:16} INFO - Removing duplicate rows.
[2024-11-04T19:23:23.778+0000] {preprocess_ride_data.py:21} INFO - Converting data types.
[2024-11-04T19:23:23.895+0000] {preprocess_ride_data.py:39} INFO - Extracting temporal features.
[2024-11-04T19:23:32.514+0000] {preprocess_ride_data.py:12} INFO - Removing missing values.
[2024-11-04T19:23:32.737+0000] {preprocess_ride_data.py:16} INFO - Removing duplicate rows.
[2024-11-04T19:23:32.772+0000] {preprocess_ride_data.py:21} INFO - Converting data types.
[2024-11-04T19:23:32.796+0000] {preprocess_ride_data.py:39} INFO - Extracting temporal features.
[2024-11-04T19:23:35.270+0000] {preprocess_ride_data.py:94} INFO - Data cleaning and preprocessing completed for file: 202409-bluebikes-tripdata.csv. Output saved to: /opt/***/cleaned_files/preprocessed_202409-bluebikes-tripdata.csv
[2024-11-04T19:23:35.275+0000] {preprocess_ride_data.py:95} INFO - Data cleaning and preprocessing completed for file: 202409-bluebikes-tripdata.csv
[2024-11-04T19:23:35.277+0000] {python.py:183} INFO - Done. Returned value was: None
[2024-11-04T19:23:35.314+0000] {taskinstance.py:1350} INFO - Marking task as SUCCESS. dag_id=bluebikes_data_pipeline, task_id=clean_and_preprocess_task, execution_date=20240901T000000, start_date=20241104T192147, end_date=20241104T192335
[2024-11-04T19:23:35.464+0000] {local_task_job_runner.py:225} INFO - Task exited with return code 0
[2024-11-04T19:23:35.800+0000] {taskinstance.py:2653} INFO - 1 downstream tasks scheduled from follow-on schedule check
