[2024-11-04T19:19:30.603+0000] {manager.py:487} INFO - Processing files using up to 2 processes at a time 
[2024-11-04T19:19:30.604+0000] {manager.py:488} INFO - Process each file at most once every 30 seconds
[2024-11-04T19:19:30.604+0000] {manager.py:490} INFO - Checking for new files in /opt/airflow/dags every 30 seconds
[2024-11-04T19:19:30.604+0000] {manager.py:758} INFO - Searching for files in /opt/airflow/dags
[2024-11-04T19:19:30.636+0000] {manager.py:761} INFO - There are 1 files in /opt/airflow/dags
[2024-11-04T19:19:30.929+0000] {manager.py:889} INFO - 
================================================================================
DAG File Processing Stats

File Path                            PID  Runtime      # DAGs    # Errors  Last Runtime    Last Run
---------------------------------  -----  ---------  --------  ----------  --------------  ----------
/opt/airflow/dags/airflow_main.py     37  0.13s             0           0
================================================================================
[2024-11-04T19:20:01.107+0000] {manager.py:758} INFO - Searching for files in /opt/airflow/dags
[2024-11-04T19:20:01.134+0000] {manager.py:761} INFO - There are 1 files in /opt/airflow/dags
[2024-11-04T19:20:01.157+0000] {manager.py:889} INFO - 
================================================================================
DAG File Processing Stats

File Path                          PID    Runtime      # DAGs    # Errors  Last Runtime    Last Run
---------------------------------  -----  ---------  --------  ----------  --------------  -------------------
/opt/airflow/dags/airflow_main.py                           1           0  3.01s           2024-11-04T19:19:33
================================================================================
[2024-11-04T19:20:31.301+0000] {manager.py:758} INFO - Searching for files in /opt/airflow/dags
[2024-11-04T19:20:31.322+0000] {manager.py:761} INFO - There are 1 files in /opt/airflow/dags
[2024-11-04T19:20:31.336+0000] {manager.py:889} INFO - 
================================================================================
DAG File Processing Stats

File Path                          PID    Runtime      # DAGs    # Errors  Last Runtime    Last Run
---------------------------------  -----  ---------  --------  ----------  --------------  -------------------
/opt/airflow/dags/airflow_main.py                           1           0  0.89s           2024-11-04T19:20:05
================================================================================
[2024-11-04T19:21:02.071+0000] {manager.py:758} INFO - Searching for files in /opt/airflow/dags
[2024-11-04T19:21:02.108+0000] {manager.py:761} INFO - There are 1 files in /opt/airflow/dags
[2024-11-04T19:21:02.141+0000] {manager.py:889} INFO - 
================================================================================
DAG File Processing Stats

File Path                          PID    Runtime      # DAGs    # Errors  Last Runtime    Last Run
---------------------------------  -----  ---------  --------  ----------  --------------  -------------------
/opt/airflow/dags/airflow_main.py                           1           0  1.42s           2024-11-04T19:20:36
================================================================================
[2024-11-04T19:21:32.183+0000] {manager.py:758} INFO - Searching for files in /opt/airflow/dags
[2024-11-04T19:21:32.310+0000] {manager.py:761} INFO - There are 1 files in /opt/airflow/dags
[2024-11-04T19:21:32.389+0000] {manager.py:889} INFO - 
================================================================================
DAG File Processing Stats

File Path                          PID    Runtime      # DAGs    # Errors  Last Runtime    Last Run
---------------------------------  -----  ---------  --------  ----------  --------------  -------------------
/opt/airflow/dags/airflow_main.py                           1           0  1.56s           2024-11-04T19:21:08
================================================================================
[2024-11-04T19:22:02.247+0000] {manager.py:758} INFO - Searching for files in /opt/airflow/dags
[2024-11-04T19:22:02.288+0000] {manager.py:761} INFO - There are 1 files in /opt/airflow/dags
[2024-11-04T19:22:03.352+0000] {manager.py:889} INFO - 
================================================================================
DAG File Processing Stats

File Path                          PID    Runtime      # DAGs    # Errors  Last Runtime    Last Run
---------------------------------  -----  ---------  --------  ----------  --------------  -------------------
/opt/airflow/dags/airflow_main.py                           1           0  2.30s           2024-11-04T19:21:41
================================================================================
[2024-11-04T19:22:32.914+0000] {manager.py:758} INFO - Searching for files in /opt/airflow/dags
[2024-11-04T19:22:32.932+0000] {manager.py:761} INFO - There are 1 files in /opt/airflow/dags
[2024-11-04T19:22:33.971+0000] {manager.py:889} INFO - 
================================================================================
DAG File Processing Stats

File Path                          PID    Runtime      # DAGs    # Errors  Last Runtime    Last Run
---------------------------------  -----  ---------  --------  ----------  --------------  -------------------
/opt/airflow/dags/airflow_main.py                           1           0  6.08s           2024-11-04T19:22:18
================================================================================
[2024-11-04T19:23:03.560+0000] {manager.py:758} INFO - Searching for files in /opt/airflow/dags
[2024-11-04T19:23:03.637+0000] {manager.py:761} INFO - There are 1 files in /opt/airflow/dags
[2024-11-04T19:23:04.731+0000] {manager.py:889} INFO - 
================================================================================
DAG File Processing Stats

File Path                          PID    Runtime      # DAGs    # Errors  Last Runtime    Last Run
---------------------------------  -----  ---------  --------  ----------  --------------  -------------------
/opt/airflow/dags/airflow_main.py                           1           0  2.41s           2024-11-04T19:22:51
================================================================================
[2024-11-04T19:23:34.206+0000] {manager.py:758} INFO - Searching for files in /opt/airflow/dags
[2024-11-04T19:23:34.261+0000] {manager.py:761} INFO - There are 1 files in /opt/airflow/dags
[2024-11-04T19:23:35.336+0000] {manager.py:889} INFO - 
================================================================================
DAG File Processing Stats

File Path                          PID    Runtime      # DAGs    # Errors  Last Runtime    Last Run
---------------------------------  -----  ---------  --------  ----------  --------------  -------------------
/opt/airflow/dags/airflow_main.py                           1           0  3.92s           2024-11-04T19:23:26
================================================================================
[2024-11-04T19:24:04.249+0000] {manager.py:758} INFO - Searching for files in /opt/airflow/dags
[2024-11-04T19:24:04.330+0000] {manager.py:761} INFO - There are 1 files in /opt/airflow/dags
[2024-11-04T19:24:05.459+0000] {manager.py:889} INFO - 
================================================================================
DAG File Processing Stats

File Path                          PID    Runtime      # DAGs    # Errors  Last Runtime    Last Run
---------------------------------  -----  ---------  --------  ----------  --------------  -------------------
/opt/airflow/dags/airflow_main.py                           1           0  4.57s           2024-11-04T19:24:01
================================================================================
[2024-11-04T19:24:34.554+0000] {manager.py:758} INFO - Searching for files in /opt/airflow/dags
[2024-11-04T19:24:34.583+0000] {manager.py:761} INFO - There are 1 files in /opt/airflow/dags
[2024-11-04T19:24:35.621+0000] {manager.py:889} INFO - 
================================================================================
DAG File Processing Stats

File Path                          PID    Runtime      # DAGs    # Errors  Last Runtime    Last Run
---------------------------------  -----  ---------  --------  ----------  --------------  -------------------
/opt/airflow/dags/airflow_main.py                           1           0  2.82s           2024-11-04T19:24:34
================================================================================
[2024-11-04T19:25:05.402+0000] {manager.py:758} INFO - Searching for files in /opt/airflow/dags
[2024-11-04T19:25:05.415+0000] {manager.py:761} INFO - There are 1 files in /opt/airflow/dags
[2024-11-04T19:25:06.450+0000] {manager.py:889} INFO - 
================================================================================
DAG File Processing Stats

File Path                            PID  Runtime      # DAGs    # Errors  Last Runtime    Last Run
---------------------------------  -----  ---------  --------  ----------  --------------  -------------------
/opt/airflow/dags/airflow_main.py    217  1.02s             1           0  2.82s           2024-11-04T19:24:34
================================================================================
[2024-11-04T19:25:35.436+0000] {manager.py:758} INFO - Searching for files in /opt/airflow/dags
[2024-11-04T19:25:35.456+0000] {manager.py:761} INFO - There are 1 files in /opt/airflow/dags
[2024-11-04T19:25:36.488+0000] {manager.py:889} INFO - 
================================================================================
DAG File Processing Stats

File Path                          PID    Runtime      # DAGs    # Errors  Last Runtime    Last Run
---------------------------------  -----  ---------  --------  ----------  --------------  -------------------
/opt/airflow/dags/airflow_main.py                           1           0  1.69s           2024-11-04T19:25:07
================================================================================
