[2024-11-01T18:12:01.862+0000] {processor.py:157} INFO - Started process (PID=57) to work on /home/airflow/.local/lib/python3.7/site-packages/airflow/example_dags/example_python_operator.py
[2024-11-01T18:12:01.863+0000] {processor.py:826} INFO - Processing file /home/airflow/.local/lib/python3.7/site-packages/airflow/example_dags/example_python_operator.py for tasks to queue
[2024-11-01T18:12:01.864+0000] {logging_mixin.py:150} INFO - [2024-11-01T18:12:01.864+0000] {dagbag.py:541} INFO - Filling up the DagBag from /home/airflow/.local/lib/python3.7/site-packages/airflow/example_dags/example_python_operator.py
[2024-11-01T18:12:01.883+0000] {processor.py:836} INFO - DAG(s) dict_keys(['example_python_operator']) retrieved from /home/airflow/.local/lib/python3.7/site-packages/airflow/example_dags/example_python_operator.py
[2024-11-01T18:12:02.044+0000] {logging_mixin.py:150} INFO - [2024-11-01T18:12:02.044+0000] {dag.py:2742} INFO - Sync 1 DAGs
[2024-11-01T18:12:02.059+0000] {logging_mixin.py:150} INFO - [2024-11-01T18:12:02.059+0000] {dag.py:3508} INFO - Setting next_dagrun for example_python_operator to None, run_after=None
[2024-11-01T18:12:02.188+0000] {processor.py:179} INFO - Processing /home/airflow/.local/lib/python3.7/site-packages/airflow/example_dags/example_python_operator.py took 0.332 seconds
[2024-11-01T18:12:36.533+0000] {processor.py:157} INFO - Started process (PID=119) to work on /home/airflow/.local/lib/python3.7/site-packages/airflow/example_dags/example_python_operator.py
[2024-11-01T18:12:36.570+0000] {processor.py:826} INFO - Processing file /home/airflow/.local/lib/python3.7/site-packages/airflow/example_dags/example_python_operator.py for tasks to queue
[2024-11-01T18:12:36.571+0000] {logging_mixin.py:150} INFO - [2024-11-01T18:12:36.571+0000] {dagbag.py:541} INFO - Filling up the DagBag from /home/airflow/.local/lib/python3.7/site-packages/airflow/example_dags/example_python_operator.py
[2024-11-01T18:12:36.592+0000] {processor.py:836} INFO - DAG(s) dict_keys(['example_python_operator']) retrieved from /home/airflow/.local/lib/python3.7/site-packages/airflow/example_dags/example_python_operator.py
[2024-11-01T18:12:36.663+0000] {logging_mixin.py:150} INFO - [2024-11-01T18:12:36.663+0000] {dag.py:2742} INFO - Sync 1 DAGs
[2024-11-01T18:12:36.742+0000] {logging_mixin.py:150} INFO - [2024-11-01T18:12:36.741+0000] {dag.py:3508} INFO - Setting next_dagrun for example_python_operator to None, run_after=None
[2024-11-01T18:12:36.880+0000] {processor.py:179} INFO - Processing /home/airflow/.local/lib/python3.7/site-packages/airflow/example_dags/example_python_operator.py took 0.402 seconds
[2024-11-01T18:13:06.975+0000] {processor.py:157} INFO - Started process (PID=180) to work on /home/airflow/.local/lib/python3.7/site-packages/airflow/example_dags/example_python_operator.py
[2024-11-01T18:13:06.977+0000] {processor.py:826} INFO - Processing file /home/airflow/.local/lib/python3.7/site-packages/airflow/example_dags/example_python_operator.py for tasks to queue
[2024-11-01T18:13:06.978+0000] {logging_mixin.py:150} INFO - [2024-11-01T18:13:06.978+0000] {dagbag.py:541} INFO - Filling up the DagBag from /home/airflow/.local/lib/python3.7/site-packages/airflow/example_dags/example_python_operator.py
[2024-11-01T18:13:07.002+0000] {processor.py:836} INFO - DAG(s) dict_keys(['example_python_operator']) retrieved from /home/airflow/.local/lib/python3.7/site-packages/airflow/example_dags/example_python_operator.py
[2024-11-01T18:13:07.032+0000] {logging_mixin.py:150} INFO - [2024-11-01T18:13:07.032+0000] {dag.py:2742} INFO - Sync 1 DAGs
[2024-11-01T18:13:07.045+0000] {logging_mixin.py:150} INFO - [2024-11-01T18:13:07.045+0000] {dag.py:3508} INFO - Setting next_dagrun for example_python_operator to None, run_after=None
[2024-11-01T18:13:07.068+0000] {processor.py:179} INFO - Processing /home/airflow/.local/lib/python3.7/site-packages/airflow/example_dags/example_python_operator.py took 0.096 seconds
[2024-11-01T18:15:50.223+0000] {processor.py:157} INFO - Started process (PID=261) to work on /home/airflow/.local/lib/python3.7/site-packages/airflow/example_dags/example_python_operator.py
[2024-11-01T18:15:50.229+0000] {processor.py:826} INFO - Processing file /home/airflow/.local/lib/python3.7/site-packages/airflow/example_dags/example_python_operator.py for tasks to queue
[2024-11-01T18:15:50.235+0000] {logging_mixin.py:150} INFO - [2024-11-01T18:15:50.231+0000] {dagbag.py:541} INFO - Filling up the DagBag from /home/airflow/.local/lib/python3.7/site-packages/airflow/example_dags/example_python_operator.py
[2024-11-01T18:15:50.333+0000] {processor.py:836} INFO - DAG(s) dict_keys(['example_python_operator']) retrieved from /home/airflow/.local/lib/python3.7/site-packages/airflow/example_dags/example_python_operator.py
[2024-11-01T18:15:50.569+0000] {logging_mixin.py:150} INFO - [2024-11-01T18:15:50.545+0000] {dag.py:2742} INFO - Sync 1 DAGs
[2024-11-01T18:15:51.369+0000] {logging_mixin.py:150} INFO - [2024-11-01T18:15:51.359+0000] {dag.py:3508} INFO - Setting next_dagrun for example_python_operator to None, run_after=None
[2024-11-01T18:15:52.066+0000] {processor.py:179} INFO - Processing /home/airflow/.local/lib/python3.7/site-packages/airflow/example_dags/example_python_operator.py took 1.861 seconds
[2024-11-01T18:17:21.601+0000] {processor.py:157} INFO - Started process (PID=327) to work on /home/airflow/.local/lib/python3.7/site-packages/airflow/example_dags/example_python_operator.py
[2024-11-01T18:17:21.904+0000] {processor.py:826} INFO - Processing file /home/airflow/.local/lib/python3.7/site-packages/airflow/example_dags/example_python_operator.py for tasks to queue
[2024-11-01T18:17:22.765+0000] {logging_mixin.py:150} INFO - [2024-11-01T18:17:22.763+0000] {dagbag.py:541} INFO - Filling up the DagBag from /home/airflow/.local/lib/python3.7/site-packages/airflow/example_dags/example_python_operator.py
[2024-11-01T18:17:22.964+0000] {processor.py:836} INFO - DAG(s) dict_keys(['example_python_operator']) retrieved from /home/airflow/.local/lib/python3.7/site-packages/airflow/example_dags/example_python_operator.py
[2024-11-01T18:17:23.224+0000] {logging_mixin.py:150} INFO - [2024-11-01T18:17:23.208+0000] {dag.py:2742} INFO - Sync 1 DAGs
[2024-11-01T18:17:23.523+0000] {logging_mixin.py:150} INFO - [2024-11-01T18:17:23.522+0000] {dag.py:3508} INFO - Setting next_dagrun for example_python_operator to None, run_after=None
[2024-11-01T18:17:23.644+0000] {processor.py:179} INFO - Processing /home/airflow/.local/lib/python3.7/site-packages/airflow/example_dags/example_python_operator.py took 2.119 seconds
[2024-11-01T18:18:24.883+0000] {processor.py:157} INFO - Started process (PID=416) to work on /home/airflow/.local/lib/python3.7/site-packages/airflow/example_dags/example_python_operator.py
[2024-11-01T18:18:24.892+0000] {processor.py:826} INFO - Processing file /home/airflow/.local/lib/python3.7/site-packages/airflow/example_dags/example_python_operator.py for tasks to queue
[2024-11-01T18:18:24.896+0000] {logging_mixin.py:150} INFO - [2024-11-01T18:18:24.894+0000] {dagbag.py:541} INFO - Filling up the DagBag from /home/airflow/.local/lib/python3.7/site-packages/airflow/example_dags/example_python_operator.py
[2024-11-01T18:18:25.063+0000] {processor.py:836} INFO - DAG(s) dict_keys(['example_python_operator']) retrieved from /home/airflow/.local/lib/python3.7/site-packages/airflow/example_dags/example_python_operator.py
[2024-11-01T18:18:25.189+0000] {logging_mixin.py:150} INFO - [2024-11-01T18:18:25.189+0000] {dag.py:2742} INFO - Sync 1 DAGs
[2024-11-01T18:18:25.310+0000] {logging_mixin.py:150} INFO - [2024-11-01T18:18:25.309+0000] {dag.py:3508} INFO - Setting next_dagrun for example_python_operator to None, run_after=None
[2024-11-01T18:18:25.402+0000] {processor.py:179} INFO - Processing /home/airflow/.local/lib/python3.7/site-packages/airflow/example_dags/example_python_operator.py took 0.540 seconds
[2024-11-01T18:19:06.299+0000] {processor.py:157} INFO - Started process (PID=478) to work on /home/airflow/.local/lib/python3.7/site-packages/airflow/example_dags/example_python_operator.py
[2024-11-01T18:19:06.333+0000] {processor.py:826} INFO - Processing file /home/airflow/.local/lib/python3.7/site-packages/airflow/example_dags/example_python_operator.py for tasks to queue
[2024-11-01T18:19:06.349+0000] {logging_mixin.py:150} INFO - [2024-11-01T18:19:06.346+0000] {dagbag.py:541} INFO - Filling up the DagBag from /home/airflow/.local/lib/python3.7/site-packages/airflow/example_dags/example_python_operator.py
[2024-11-01T18:19:06.686+0000] {processor.py:836} INFO - DAG(s) dict_keys(['example_python_operator']) retrieved from /home/airflow/.local/lib/python3.7/site-packages/airflow/example_dags/example_python_operator.py
[2024-11-01T18:19:07.161+0000] {logging_mixin.py:150} INFO - [2024-11-01T18:19:07.156+0000] {dag.py:2742} INFO - Sync 1 DAGs
[2024-11-01T18:19:07.410+0000] {logging_mixin.py:150} INFO - [2024-11-01T18:19:07.410+0000] {dag.py:3508} INFO - Setting next_dagrun for example_python_operator to None, run_after=None
[2024-11-01T18:19:07.542+0000] {processor.py:179} INFO - Processing /home/airflow/.local/lib/python3.7/site-packages/airflow/example_dags/example_python_operator.py took 1.375 seconds
[2024-11-01T18:19:38.022+0000] {processor.py:157} INFO - Started process (PID=530) to work on /home/airflow/.local/lib/python3.7/site-packages/airflow/example_dags/example_python_operator.py
[2024-11-01T18:19:38.029+0000] {processor.py:826} INFO - Processing file /home/airflow/.local/lib/python3.7/site-packages/airflow/example_dags/example_python_operator.py for tasks to queue
[2024-11-01T18:19:38.033+0000] {logging_mixin.py:150} INFO - [2024-11-01T18:19:38.032+0000] {dagbag.py:541} INFO - Filling up the DagBag from /home/airflow/.local/lib/python3.7/site-packages/airflow/example_dags/example_python_operator.py
[2024-11-01T18:19:38.079+0000] {processor.py:836} INFO - DAG(s) dict_keys(['example_python_operator']) retrieved from /home/airflow/.local/lib/python3.7/site-packages/airflow/example_dags/example_python_operator.py
[2024-11-01T18:19:38.204+0000] {logging_mixin.py:150} INFO - [2024-11-01T18:19:38.203+0000] {dag.py:2742} INFO - Sync 1 DAGs
[2024-11-01T18:19:38.285+0000] {logging_mixin.py:150} INFO - [2024-11-01T18:19:38.285+0000] {dag.py:3508} INFO - Setting next_dagrun for example_python_operator to None, run_after=None
[2024-11-01T18:19:38.358+0000] {processor.py:179} INFO - Processing /home/airflow/.local/lib/python3.7/site-packages/airflow/example_dags/example_python_operator.py took 0.348 seconds
[2024-11-01T18:20:15.754+0000] {processor.py:157} INFO - Started process (PID=581) to work on /home/airflow/.local/lib/python3.7/site-packages/airflow/example_dags/example_python_operator.py
[2024-11-01T18:20:15.756+0000] {processor.py:826} INFO - Processing file /home/airflow/.local/lib/python3.7/site-packages/airflow/example_dags/example_python_operator.py for tasks to queue
[2024-11-01T18:20:15.762+0000] {logging_mixin.py:150} INFO - [2024-11-01T18:20:15.762+0000] {dagbag.py:541} INFO - Filling up the DagBag from /home/airflow/.local/lib/python3.7/site-packages/airflow/example_dags/example_python_operator.py
[2024-11-01T18:20:15.844+0000] {processor.py:836} INFO - DAG(s) dict_keys(['example_python_operator']) retrieved from /home/airflow/.local/lib/python3.7/site-packages/airflow/example_dags/example_python_operator.py
[2024-11-01T18:20:15.994+0000] {logging_mixin.py:150} INFO - [2024-11-01T18:20:15.993+0000] {dag.py:2742} INFO - Sync 1 DAGs
[2024-11-01T18:20:16.193+0000] {logging_mixin.py:150} INFO - [2024-11-01T18:20:16.192+0000] {dag.py:3508} INFO - Setting next_dagrun for example_python_operator to None, run_after=None
[2024-11-01T18:20:16.371+0000] {processor.py:179} INFO - Processing /home/airflow/.local/lib/python3.7/site-packages/airflow/example_dags/example_python_operator.py took 0.621 seconds
[2024-11-01T18:21:12.551+0000] {processor.py:157} INFO - Started process (PID=655) to work on /home/airflow/.local/lib/python3.7/site-packages/airflow/example_dags/example_python_operator.py
[2024-11-01T18:21:12.560+0000] {processor.py:826} INFO - Processing file /home/airflow/.local/lib/python3.7/site-packages/airflow/example_dags/example_python_operator.py for tasks to queue
[2024-11-01T18:21:12.563+0000] {logging_mixin.py:150} INFO - [2024-11-01T18:21:12.563+0000] {dagbag.py:541} INFO - Filling up the DagBag from /home/airflow/.local/lib/python3.7/site-packages/airflow/example_dags/example_python_operator.py
[2024-11-01T18:21:12.625+0000] {processor.py:836} INFO - DAG(s) dict_keys(['example_python_operator']) retrieved from /home/airflow/.local/lib/python3.7/site-packages/airflow/example_dags/example_python_operator.py
[2024-11-01T18:21:12.903+0000] {logging_mixin.py:150} INFO - [2024-11-01T18:21:12.902+0000] {dag.py:2742} INFO - Sync 1 DAGs
[2024-11-01T18:21:13.103+0000] {logging_mixin.py:150} INFO - [2024-11-01T18:21:13.103+0000] {dag.py:3508} INFO - Setting next_dagrun for example_python_operator to None, run_after=None
[2024-11-01T18:21:13.277+0000] {processor.py:179} INFO - Processing /home/airflow/.local/lib/python3.7/site-packages/airflow/example_dags/example_python_operator.py took 0.738 seconds
[2024-11-01T18:24:15.988+0000] {processor.py:157} INFO - Started process (PID=762) to work on /home/airflow/.local/lib/python3.7/site-packages/airflow/example_dags/example_python_operator.py
[2024-11-01T18:24:16.198+0000] {processor.py:826} INFO - Processing file /home/airflow/.local/lib/python3.7/site-packages/airflow/example_dags/example_python_operator.py for tasks to queue
[2024-11-01T18:24:16.212+0000] {logging_mixin.py:150} INFO - [2024-11-01T18:24:16.206+0000] {dagbag.py:541} INFO - Filling up the DagBag from /home/airflow/.local/lib/python3.7/site-packages/airflow/example_dags/example_python_operator.py
[2024-11-01T18:24:16.595+0000] {processor.py:836} INFO - DAG(s) dict_keys(['example_python_operator']) retrieved from /home/airflow/.local/lib/python3.7/site-packages/airflow/example_dags/example_python_operator.py
[2024-11-01T18:24:16.772+0000] {logging_mixin.py:150} INFO - [2024-11-01T18:24:16.772+0000] {dag.py:2742} INFO - Sync 1 DAGs
[2024-11-01T18:24:16.916+0000] {logging_mixin.py:150} INFO - [2024-11-01T18:24:16.916+0000] {dag.py:3508} INFO - Setting next_dagrun for example_python_operator to None, run_after=None
[2024-11-01T18:24:17.202+0000] {processor.py:179} INFO - Processing /home/airflow/.local/lib/python3.7/site-packages/airflow/example_dags/example_python_operator.py took 1.278 seconds
[2024-11-01T18:25:30.055+0000] {processor.py:157} INFO - Started process (PID=839) to work on /home/airflow/.local/lib/python3.7/site-packages/airflow/example_dags/example_python_operator.py
[2024-11-01T18:25:30.060+0000] {processor.py:826} INFO - Processing file /home/airflow/.local/lib/python3.7/site-packages/airflow/example_dags/example_python_operator.py for tasks to queue
[2024-11-01T18:25:30.061+0000] {logging_mixin.py:150} INFO - [2024-11-01T18:25:30.061+0000] {dagbag.py:541} INFO - Filling up the DagBag from /home/airflow/.local/lib/python3.7/site-packages/airflow/example_dags/example_python_operator.py
[2024-11-01T18:25:30.117+0000] {processor.py:836} INFO - DAG(s) dict_keys(['example_python_operator']) retrieved from /home/airflow/.local/lib/python3.7/site-packages/airflow/example_dags/example_python_operator.py
[2024-11-01T18:25:30.190+0000] {logging_mixin.py:150} INFO - [2024-11-01T18:25:30.190+0000] {dag.py:2742} INFO - Sync 1 DAGs
[2024-11-01T18:25:30.222+0000] {logging_mixin.py:150} INFO - [2024-11-01T18:25:30.222+0000] {dag.py:3508} INFO - Setting next_dagrun for example_python_operator to None, run_after=None
[2024-11-01T18:25:30.260+0000] {processor.py:179} INFO - Processing /home/airflow/.local/lib/python3.7/site-packages/airflow/example_dags/example_python_operator.py took 0.210 seconds
[2024-11-01T18:26:06.263+0000] {processor.py:157} INFO - Started process (PID=894) to work on /home/airflow/.local/lib/python3.7/site-packages/airflow/example_dags/example_python_operator.py
[2024-11-01T18:26:06.266+0000] {processor.py:826} INFO - Processing file /home/airflow/.local/lib/python3.7/site-packages/airflow/example_dags/example_python_operator.py for tasks to queue
[2024-11-01T18:26:06.267+0000] {logging_mixin.py:150} INFO - [2024-11-01T18:26:06.267+0000] {dagbag.py:541} INFO - Filling up the DagBag from /home/airflow/.local/lib/python3.7/site-packages/airflow/example_dags/example_python_operator.py
[2024-11-01T18:26:06.304+0000] {processor.py:836} INFO - DAG(s) dict_keys(['example_python_operator']) retrieved from /home/airflow/.local/lib/python3.7/site-packages/airflow/example_dags/example_python_operator.py
[2024-11-01T18:26:06.380+0000] {logging_mixin.py:150} INFO - [2024-11-01T18:26:06.379+0000] {dag.py:2742} INFO - Sync 1 DAGs
[2024-11-01T18:26:06.419+0000] {logging_mixin.py:150} INFO - [2024-11-01T18:26:06.419+0000] {dag.py:3508} INFO - Setting next_dagrun for example_python_operator to None, run_after=None
[2024-11-01T18:26:06.460+0000] {processor.py:179} INFO - Processing /home/airflow/.local/lib/python3.7/site-packages/airflow/example_dags/example_python_operator.py took 0.205 seconds
[2024-11-01T18:26:36.588+0000] {processor.py:157} INFO - Started process (PID=956) to work on /home/airflow/.local/lib/python3.7/site-packages/airflow/example_dags/example_python_operator.py
[2024-11-01T18:26:36.589+0000] {processor.py:826} INFO - Processing file /home/airflow/.local/lib/python3.7/site-packages/airflow/example_dags/example_python_operator.py for tasks to queue
[2024-11-01T18:26:36.589+0000] {logging_mixin.py:150} INFO - [2024-11-01T18:26:36.589+0000] {dagbag.py:541} INFO - Filling up the DagBag from /home/airflow/.local/lib/python3.7/site-packages/airflow/example_dags/example_python_operator.py
[2024-11-01T18:26:36.596+0000] {processor.py:836} INFO - DAG(s) dict_keys(['example_python_operator']) retrieved from /home/airflow/.local/lib/python3.7/site-packages/airflow/example_dags/example_python_operator.py
[2024-11-01T18:26:36.612+0000] {logging_mixin.py:150} INFO - [2024-11-01T18:26:36.612+0000] {dag.py:2742} INFO - Sync 1 DAGs
[2024-11-01T18:26:36.628+0000] {logging_mixin.py:150} INFO - [2024-11-01T18:26:36.628+0000] {dag.py:3508} INFO - Setting next_dagrun for example_python_operator to None, run_after=None
[2024-11-01T18:26:36.637+0000] {processor.py:179} INFO - Processing /home/airflow/.local/lib/python3.7/site-packages/airflow/example_dags/example_python_operator.py took 0.051 seconds
[2024-11-01T18:27:06.862+0000] {processor.py:157} INFO - Started process (PID=1018) to work on /home/airflow/.local/lib/python3.7/site-packages/airflow/example_dags/example_python_operator.py
[2024-11-01T18:27:06.864+0000] {processor.py:826} INFO - Processing file /home/airflow/.local/lib/python3.7/site-packages/airflow/example_dags/example_python_operator.py for tasks to queue
[2024-11-01T18:27:06.864+0000] {logging_mixin.py:150} INFO - [2024-11-01T18:27:06.864+0000] {dagbag.py:541} INFO - Filling up the DagBag from /home/airflow/.local/lib/python3.7/site-packages/airflow/example_dags/example_python_operator.py
[2024-11-01T18:27:06.870+0000] {processor.py:836} INFO - DAG(s) dict_keys(['example_python_operator']) retrieved from /home/airflow/.local/lib/python3.7/site-packages/airflow/example_dags/example_python_operator.py
[2024-11-01T18:27:06.891+0000] {logging_mixin.py:150} INFO - [2024-11-01T18:27:06.891+0000] {dag.py:2742} INFO - Sync 1 DAGs
[2024-11-01T18:27:06.908+0000] {logging_mixin.py:150} INFO - [2024-11-01T18:27:06.908+0000] {dag.py:3508} INFO - Setting next_dagrun for example_python_operator to None, run_after=None
[2024-11-01T18:27:06.919+0000] {processor.py:179} INFO - Processing /home/airflow/.local/lib/python3.7/site-packages/airflow/example_dags/example_python_operator.py took 0.061 seconds
[2024-11-01T18:27:37.158+0000] {processor.py:157} INFO - Started process (PID=1080) to work on /home/airflow/.local/lib/python3.7/site-packages/airflow/example_dags/example_python_operator.py
[2024-11-01T18:27:37.160+0000] {processor.py:826} INFO - Processing file /home/airflow/.local/lib/python3.7/site-packages/airflow/example_dags/example_python_operator.py for tasks to queue
[2024-11-01T18:27:37.161+0000] {logging_mixin.py:150} INFO - [2024-11-01T18:27:37.161+0000] {dagbag.py:541} INFO - Filling up the DagBag from /home/airflow/.local/lib/python3.7/site-packages/airflow/example_dags/example_python_operator.py
[2024-11-01T18:27:37.172+0000] {processor.py:836} INFO - DAG(s) dict_keys(['example_python_operator']) retrieved from /home/airflow/.local/lib/python3.7/site-packages/airflow/example_dags/example_python_operator.py
[2024-11-01T18:27:37.238+0000] {logging_mixin.py:150} INFO - [2024-11-01T18:27:37.238+0000] {dag.py:2742} INFO - Sync 1 DAGs
[2024-11-01T18:27:37.250+0000] {logging_mixin.py:150} INFO - [2024-11-01T18:27:37.250+0000] {dag.py:3508} INFO - Setting next_dagrun for example_python_operator to None, run_after=None
[2024-11-01T18:27:37.258+0000] {processor.py:179} INFO - Processing /home/airflow/.local/lib/python3.7/site-packages/airflow/example_dags/example_python_operator.py took 0.103 seconds
[2024-11-01T18:30:47.689+0000] {processor.py:157} INFO - Started process (PID=1130) to work on /home/airflow/.local/lib/python3.7/site-packages/airflow/example_dags/example_python_operator.py
[2024-11-01T18:30:47.697+0000] {processor.py:826} INFO - Processing file /home/airflow/.local/lib/python3.7/site-packages/airflow/example_dags/example_python_operator.py for tasks to queue
[2024-11-01T18:30:47.699+0000] {logging_mixin.py:150} INFO - [2024-11-01T18:30:47.699+0000] {dagbag.py:541} INFO - Filling up the DagBag from /home/airflow/.local/lib/python3.7/site-packages/airflow/example_dags/example_python_operator.py
[2024-11-01T18:30:47.708+0000] {processor.py:836} INFO - DAG(s) dict_keys(['example_python_operator']) retrieved from /home/airflow/.local/lib/python3.7/site-packages/airflow/example_dags/example_python_operator.py
[2024-11-01T18:30:47.729+0000] {logging_mixin.py:150} INFO - [2024-11-01T18:30:47.729+0000] {dag.py:2742} INFO - Sync 1 DAGs
[2024-11-01T18:30:47.745+0000] {logging_mixin.py:150} INFO - [2024-11-01T18:30:47.745+0000] {dag.py:3508} INFO - Setting next_dagrun for example_python_operator to None, run_after=None
[2024-11-01T18:30:47.762+0000] {processor.py:179} INFO - Processing /home/airflow/.local/lib/python3.7/site-packages/airflow/example_dags/example_python_operator.py took 0.084 seconds
[2024-11-01T18:31:18.095+0000] {processor.py:157} INFO - Started process (PID=1192) to work on /home/airflow/.local/lib/python3.7/site-packages/airflow/example_dags/example_python_operator.py
[2024-11-01T18:31:18.096+0000] {processor.py:826} INFO - Processing file /home/airflow/.local/lib/python3.7/site-packages/airflow/example_dags/example_python_operator.py for tasks to queue
[2024-11-01T18:31:18.096+0000] {logging_mixin.py:150} INFO - [2024-11-01T18:31:18.096+0000] {dagbag.py:541} INFO - Filling up the DagBag from /home/airflow/.local/lib/python3.7/site-packages/airflow/example_dags/example_python_operator.py
[2024-11-01T18:31:18.101+0000] {processor.py:836} INFO - DAG(s) dict_keys(['example_python_operator']) retrieved from /home/airflow/.local/lib/python3.7/site-packages/airflow/example_dags/example_python_operator.py
[2024-11-01T18:31:18.113+0000] {logging_mixin.py:150} INFO - [2024-11-01T18:31:18.113+0000] {dag.py:2742} INFO - Sync 1 DAGs
[2024-11-01T18:31:18.125+0000] {logging_mixin.py:150} INFO - [2024-11-01T18:31:18.124+0000] {dag.py:3508} INFO - Setting next_dagrun for example_python_operator to None, run_after=None
[2024-11-01T18:31:18.133+0000] {processor.py:179} INFO - Processing /home/airflow/.local/lib/python3.7/site-packages/airflow/example_dags/example_python_operator.py took 0.039 seconds
[2024-11-01T18:31:48.655+0000] {processor.py:157} INFO - Started process (PID=1254) to work on /home/airflow/.local/lib/python3.7/site-packages/airflow/example_dags/example_python_operator.py
[2024-11-01T18:31:48.656+0000] {processor.py:826} INFO - Processing file /home/airflow/.local/lib/python3.7/site-packages/airflow/example_dags/example_python_operator.py for tasks to queue
[2024-11-01T18:31:48.656+0000] {logging_mixin.py:150} INFO - [2024-11-01T18:31:48.656+0000] {dagbag.py:541} INFO - Filling up the DagBag from /home/airflow/.local/lib/python3.7/site-packages/airflow/example_dags/example_python_operator.py
[2024-11-01T18:31:48.662+0000] {processor.py:836} INFO - DAG(s) dict_keys(['example_python_operator']) retrieved from /home/airflow/.local/lib/python3.7/site-packages/airflow/example_dags/example_python_operator.py
[2024-11-01T18:31:48.675+0000] {logging_mixin.py:150} INFO - [2024-11-01T18:31:48.675+0000] {dag.py:2742} INFO - Sync 1 DAGs
[2024-11-01T18:31:48.687+0000] {logging_mixin.py:150} INFO - [2024-11-01T18:31:48.687+0000] {dag.py:3508} INFO - Setting next_dagrun for example_python_operator to None, run_after=None
[2024-11-01T18:31:48.695+0000] {processor.py:179} INFO - Processing /home/airflow/.local/lib/python3.7/site-packages/airflow/example_dags/example_python_operator.py took 0.041 seconds
[2024-11-01T18:32:18.962+0000] {processor.py:157} INFO - Started process (PID=1316) to work on /home/airflow/.local/lib/python3.7/site-packages/airflow/example_dags/example_python_operator.py
[2024-11-01T18:32:18.963+0000] {processor.py:826} INFO - Processing file /home/airflow/.local/lib/python3.7/site-packages/airflow/example_dags/example_python_operator.py for tasks to queue
[2024-11-01T18:32:18.964+0000] {logging_mixin.py:150} INFO - [2024-11-01T18:32:18.963+0000] {dagbag.py:541} INFO - Filling up the DagBag from /home/airflow/.local/lib/python3.7/site-packages/airflow/example_dags/example_python_operator.py
[2024-11-01T18:32:18.971+0000] {processor.py:836} INFO - DAG(s) dict_keys(['example_python_operator']) retrieved from /home/airflow/.local/lib/python3.7/site-packages/airflow/example_dags/example_python_operator.py
[2024-11-01T18:32:18.994+0000] {logging_mixin.py:150} INFO - [2024-11-01T18:32:18.994+0000] {dag.py:2742} INFO - Sync 1 DAGs
[2024-11-01T18:32:19.010+0000] {logging_mixin.py:150} INFO - [2024-11-01T18:32:19.009+0000] {dag.py:3508} INFO - Setting next_dagrun for example_python_operator to None, run_after=None
[2024-11-01T18:32:19.021+0000] {processor.py:179} INFO - Processing /home/airflow/.local/lib/python3.7/site-packages/airflow/example_dags/example_python_operator.py took 0.061 seconds
[2024-11-01T18:32:49.674+0000] {processor.py:157} INFO - Started process (PID=1377) to work on /home/airflow/.local/lib/python3.7/site-packages/airflow/example_dags/example_python_operator.py
[2024-11-01T18:32:49.676+0000] {processor.py:826} INFO - Processing file /home/airflow/.local/lib/python3.7/site-packages/airflow/example_dags/example_python_operator.py for tasks to queue
[2024-11-01T18:32:49.677+0000] {logging_mixin.py:150} INFO - [2024-11-01T18:32:49.676+0000] {dagbag.py:541} INFO - Filling up the DagBag from /home/airflow/.local/lib/python3.7/site-packages/airflow/example_dags/example_python_operator.py
[2024-11-01T18:32:49.686+0000] {processor.py:836} INFO - DAG(s) dict_keys(['example_python_operator']) retrieved from /home/airflow/.local/lib/python3.7/site-packages/airflow/example_dags/example_python_operator.py
[2024-11-01T18:32:49.710+0000] {logging_mixin.py:150} INFO - [2024-11-01T18:32:49.709+0000] {dag.py:2742} INFO - Sync 1 DAGs
[2024-11-01T18:32:49.726+0000] {logging_mixin.py:150} INFO - [2024-11-01T18:32:49.726+0000] {dag.py:3508} INFO - Setting next_dagrun for example_python_operator to None, run_after=None
[2024-11-01T18:32:49.742+0000] {processor.py:179} INFO - Processing /home/airflow/.local/lib/python3.7/site-packages/airflow/example_dags/example_python_operator.py took 0.070 seconds
[2024-11-01T18:33:20.324+0000] {processor.py:157} INFO - Started process (PID=1439) to work on /home/airflow/.local/lib/python3.7/site-packages/airflow/example_dags/example_python_operator.py
[2024-11-01T18:33:20.326+0000] {processor.py:826} INFO - Processing file /home/airflow/.local/lib/python3.7/site-packages/airflow/example_dags/example_python_operator.py for tasks to queue
[2024-11-01T18:33:20.327+0000] {logging_mixin.py:150} INFO - [2024-11-01T18:33:20.327+0000] {dagbag.py:541} INFO - Filling up the DagBag from /home/airflow/.local/lib/python3.7/site-packages/airflow/example_dags/example_python_operator.py
[2024-11-01T18:33:20.335+0000] {processor.py:836} INFO - DAG(s) dict_keys(['example_python_operator']) retrieved from /home/airflow/.local/lib/python3.7/site-packages/airflow/example_dags/example_python_operator.py
[2024-11-01T18:33:20.351+0000] {logging_mixin.py:150} INFO - [2024-11-01T18:33:20.351+0000] {dag.py:2742} INFO - Sync 1 DAGs
[2024-11-01T18:33:20.365+0000] {logging_mixin.py:150} INFO - [2024-11-01T18:33:20.365+0000] {dag.py:3508} INFO - Setting next_dagrun for example_python_operator to None, run_after=None
[2024-11-01T18:33:20.380+0000] {processor.py:179} INFO - Processing /home/airflow/.local/lib/python3.7/site-packages/airflow/example_dags/example_python_operator.py took 0.057 seconds
[2024-11-01T18:33:50.487+0000] {processor.py:157} INFO - Started process (PID=1501) to work on /home/airflow/.local/lib/python3.7/site-packages/airflow/example_dags/example_python_operator.py
[2024-11-01T18:33:50.488+0000] {processor.py:826} INFO - Processing file /home/airflow/.local/lib/python3.7/site-packages/airflow/example_dags/example_python_operator.py for tasks to queue
[2024-11-01T18:33:50.488+0000] {logging_mixin.py:150} INFO - [2024-11-01T18:33:50.488+0000] {dagbag.py:541} INFO - Filling up the DagBag from /home/airflow/.local/lib/python3.7/site-packages/airflow/example_dags/example_python_operator.py
[2024-11-01T18:33:50.495+0000] {processor.py:836} INFO - DAG(s) dict_keys(['example_python_operator']) retrieved from /home/airflow/.local/lib/python3.7/site-packages/airflow/example_dags/example_python_operator.py
[2024-11-01T18:33:50.508+0000] {logging_mixin.py:150} INFO - [2024-11-01T18:33:50.508+0000] {dag.py:2742} INFO - Sync 1 DAGs
[2024-11-01T18:33:50.526+0000] {logging_mixin.py:150} INFO - [2024-11-01T18:33:50.526+0000] {dag.py:3508} INFO - Setting next_dagrun for example_python_operator to None, run_after=None
[2024-11-01T18:33:50.536+0000] {processor.py:179} INFO - Processing /home/airflow/.local/lib/python3.7/site-packages/airflow/example_dags/example_python_operator.py took 0.052 seconds
[2024-11-01T18:34:20.885+0000] {processor.py:157} INFO - Started process (PID=1563) to work on /home/airflow/.local/lib/python3.7/site-packages/airflow/example_dags/example_python_operator.py
[2024-11-01T18:34:20.888+0000] {processor.py:826} INFO - Processing file /home/airflow/.local/lib/python3.7/site-packages/airflow/example_dags/example_python_operator.py for tasks to queue
[2024-11-01T18:34:20.890+0000] {logging_mixin.py:150} INFO - [2024-11-01T18:34:20.889+0000] {dagbag.py:541} INFO - Filling up the DagBag from /home/airflow/.local/lib/python3.7/site-packages/airflow/example_dags/example_python_operator.py
[2024-11-01T18:34:20.897+0000] {processor.py:836} INFO - DAG(s) dict_keys(['example_python_operator']) retrieved from /home/airflow/.local/lib/python3.7/site-packages/airflow/example_dags/example_python_operator.py
[2024-11-01T18:34:20.911+0000] {logging_mixin.py:150} INFO - [2024-11-01T18:34:20.911+0000] {dag.py:2742} INFO - Sync 1 DAGs
[2024-11-01T18:34:20.928+0000] {logging_mixin.py:150} INFO - [2024-11-01T18:34:20.928+0000] {dag.py:3508} INFO - Setting next_dagrun for example_python_operator to None, run_after=None
[2024-11-01T18:34:20.938+0000] {processor.py:179} INFO - Processing /home/airflow/.local/lib/python3.7/site-packages/airflow/example_dags/example_python_operator.py took 0.056 seconds
[2024-11-01T18:34:51.490+0000] {processor.py:157} INFO - Started process (PID=1625) to work on /home/airflow/.local/lib/python3.7/site-packages/airflow/example_dags/example_python_operator.py
[2024-11-01T18:34:51.491+0000] {processor.py:826} INFO - Processing file /home/airflow/.local/lib/python3.7/site-packages/airflow/example_dags/example_python_operator.py for tasks to queue
[2024-11-01T18:34:51.491+0000] {logging_mixin.py:150} INFO - [2024-11-01T18:34:51.491+0000] {dagbag.py:541} INFO - Filling up the DagBag from /home/airflow/.local/lib/python3.7/site-packages/airflow/example_dags/example_python_operator.py
[2024-11-01T18:34:51.497+0000] {processor.py:836} INFO - DAG(s) dict_keys(['example_python_operator']) retrieved from /home/airflow/.local/lib/python3.7/site-packages/airflow/example_dags/example_python_operator.py
[2024-11-01T18:34:51.513+0000] {logging_mixin.py:150} INFO - [2024-11-01T18:34:51.513+0000] {dag.py:2742} INFO - Sync 1 DAGs
[2024-11-01T18:34:51.526+0000] {logging_mixin.py:150} INFO - [2024-11-01T18:34:51.526+0000] {dag.py:3508} INFO - Setting next_dagrun for example_python_operator to None, run_after=None
[2024-11-01T18:34:51.537+0000] {processor.py:179} INFO - Processing /home/airflow/.local/lib/python3.7/site-packages/airflow/example_dags/example_python_operator.py took 0.048 seconds
[2024-11-01T18:35:22.087+0000] {processor.py:157} INFO - Started process (PID=1687) to work on /home/airflow/.local/lib/python3.7/site-packages/airflow/example_dags/example_python_operator.py
[2024-11-01T18:35:22.087+0000] {processor.py:826} INFO - Processing file /home/airflow/.local/lib/python3.7/site-packages/airflow/example_dags/example_python_operator.py for tasks to queue
[2024-11-01T18:35:22.088+0000] {logging_mixin.py:150} INFO - [2024-11-01T18:35:22.088+0000] {dagbag.py:541} INFO - Filling up the DagBag from /home/airflow/.local/lib/python3.7/site-packages/airflow/example_dags/example_python_operator.py
[2024-11-01T18:35:22.096+0000] {processor.py:836} INFO - DAG(s) dict_keys(['example_python_operator']) retrieved from /home/airflow/.local/lib/python3.7/site-packages/airflow/example_dags/example_python_operator.py
[2024-11-01T18:35:22.112+0000] {logging_mixin.py:150} INFO - [2024-11-01T18:35:22.112+0000] {dag.py:2742} INFO - Sync 1 DAGs
[2024-11-01T18:35:22.125+0000] {logging_mixin.py:150} INFO - [2024-11-01T18:35:22.125+0000] {dag.py:3508} INFO - Setting next_dagrun for example_python_operator to None, run_after=None
[2024-11-01T18:35:22.133+0000] {processor.py:179} INFO - Processing /home/airflow/.local/lib/python3.7/site-packages/airflow/example_dags/example_python_operator.py took 0.048 seconds
[2024-11-01T18:35:53.074+0000] {processor.py:157} INFO - Started process (PID=1749) to work on /home/airflow/.local/lib/python3.7/site-packages/airflow/example_dags/example_python_operator.py
[2024-11-01T18:35:53.075+0000] {processor.py:826} INFO - Processing file /home/airflow/.local/lib/python3.7/site-packages/airflow/example_dags/example_python_operator.py for tasks to queue
[2024-11-01T18:35:53.076+0000] {logging_mixin.py:150} INFO - [2024-11-01T18:35:53.076+0000] {dagbag.py:541} INFO - Filling up the DagBag from /home/airflow/.local/lib/python3.7/site-packages/airflow/example_dags/example_python_operator.py
[2024-11-01T18:35:53.084+0000] {processor.py:836} INFO - DAG(s) dict_keys(['example_python_operator']) retrieved from /home/airflow/.local/lib/python3.7/site-packages/airflow/example_dags/example_python_operator.py
[2024-11-01T18:35:53.104+0000] {logging_mixin.py:150} INFO - [2024-11-01T18:35:53.104+0000] {dag.py:2742} INFO - Sync 1 DAGs
[2024-11-01T18:35:53.132+0000] {logging_mixin.py:150} INFO - [2024-11-01T18:35:53.132+0000] {dag.py:3508} INFO - Setting next_dagrun for example_python_operator to None, run_after=None
[2024-11-01T18:35:53.153+0000] {processor.py:179} INFO - Processing /home/airflow/.local/lib/python3.7/site-packages/airflow/example_dags/example_python_operator.py took 0.083 seconds
[2024-11-01T18:36:25.601+0000] {processor.py:157} INFO - Started process (PID=1811) to work on /home/airflow/.local/lib/python3.7/site-packages/airflow/example_dags/example_python_operator.py
[2024-11-01T18:36:25.601+0000] {processor.py:826} INFO - Processing file /home/airflow/.local/lib/python3.7/site-packages/airflow/example_dags/example_python_operator.py for tasks to queue
[2024-11-01T18:36:25.602+0000] {logging_mixin.py:150} INFO - [2024-11-01T18:36:25.602+0000] {dagbag.py:541} INFO - Filling up the DagBag from /home/airflow/.local/lib/python3.7/site-packages/airflow/example_dags/example_python_operator.py
[2024-11-01T18:36:25.623+0000] {processor.py:836} INFO - DAG(s) dict_keys(['example_python_operator']) retrieved from /home/airflow/.local/lib/python3.7/site-packages/airflow/example_dags/example_python_operator.py
[2024-11-01T18:36:25.655+0000] {logging_mixin.py:150} INFO - [2024-11-01T18:36:25.655+0000] {dag.py:2742} INFO - Sync 1 DAGs
[2024-11-01T18:36:25.669+0000] {logging_mixin.py:150} INFO - [2024-11-01T18:36:25.668+0000] {dag.py:3508} INFO - Setting next_dagrun for example_python_operator to None, run_after=None
[2024-11-01T18:36:25.677+0000] {processor.py:179} INFO - Processing /home/airflow/.local/lib/python3.7/site-packages/airflow/example_dags/example_python_operator.py took 0.079 seconds
[2024-11-01T18:36:56.291+0000] {processor.py:157} INFO - Started process (PID=1873) to work on /home/airflow/.local/lib/python3.7/site-packages/airflow/example_dags/example_python_operator.py
[2024-11-01T18:36:56.292+0000] {processor.py:826} INFO - Processing file /home/airflow/.local/lib/python3.7/site-packages/airflow/example_dags/example_python_operator.py for tasks to queue
[2024-11-01T18:36:56.292+0000] {logging_mixin.py:150} INFO - [2024-11-01T18:36:56.292+0000] {dagbag.py:541} INFO - Filling up the DagBag from /home/airflow/.local/lib/python3.7/site-packages/airflow/example_dags/example_python_operator.py
[2024-11-01T18:36:56.301+0000] {processor.py:836} INFO - DAG(s) dict_keys(['example_python_operator']) retrieved from /home/airflow/.local/lib/python3.7/site-packages/airflow/example_dags/example_python_operator.py
[2024-11-01T18:36:56.318+0000] {logging_mixin.py:150} INFO - [2024-11-01T18:36:56.318+0000] {dag.py:2742} INFO - Sync 1 DAGs
[2024-11-01T18:36:56.338+0000] {logging_mixin.py:150} INFO - [2024-11-01T18:36:56.338+0000] {dag.py:3508} INFO - Setting next_dagrun for example_python_operator to None, run_after=None
[2024-11-01T18:36:56.352+0000] {processor.py:179} INFO - Processing /home/airflow/.local/lib/python3.7/site-packages/airflow/example_dags/example_python_operator.py took 0.064 seconds
[2024-11-01T18:37:26.640+0000] {processor.py:157} INFO - Started process (PID=1934) to work on /home/airflow/.local/lib/python3.7/site-packages/airflow/example_dags/example_python_operator.py
[2024-11-01T18:37:26.643+0000] {processor.py:826} INFO - Processing file /home/airflow/.local/lib/python3.7/site-packages/airflow/example_dags/example_python_operator.py for tasks to queue
[2024-11-01T18:37:26.643+0000] {logging_mixin.py:150} INFO - [2024-11-01T18:37:26.643+0000] {dagbag.py:541} INFO - Filling up the DagBag from /home/airflow/.local/lib/python3.7/site-packages/airflow/example_dags/example_python_operator.py
[2024-11-01T18:37:26.650+0000] {processor.py:836} INFO - DAG(s) dict_keys(['example_python_operator']) retrieved from /home/airflow/.local/lib/python3.7/site-packages/airflow/example_dags/example_python_operator.py
[2024-11-01T18:37:26.664+0000] {logging_mixin.py:150} INFO - [2024-11-01T18:37:26.664+0000] {dag.py:2742} INFO - Sync 1 DAGs
[2024-11-01T18:37:26.677+0000] {logging_mixin.py:150} INFO - [2024-11-01T18:37:26.677+0000] {dag.py:3508} INFO - Setting next_dagrun for example_python_operator to None, run_after=None
[2024-11-01T18:37:26.686+0000] {processor.py:179} INFO - Processing /home/airflow/.local/lib/python3.7/site-packages/airflow/example_dags/example_python_operator.py took 0.048 seconds
[2024-11-01T18:38:00.780+0000] {processor.py:157} INFO - Started process (PID=1996) to work on /home/airflow/.local/lib/python3.7/site-packages/airflow/example_dags/example_python_operator.py
[2024-11-01T18:38:00.784+0000] {processor.py:826} INFO - Processing file /home/airflow/.local/lib/python3.7/site-packages/airflow/example_dags/example_python_operator.py for tasks to queue
[2024-11-01T18:38:00.786+0000] {logging_mixin.py:150} INFO - [2024-11-01T18:38:00.786+0000] {dagbag.py:541} INFO - Filling up the DagBag from /home/airflow/.local/lib/python3.7/site-packages/airflow/example_dags/example_python_operator.py
[2024-11-01T18:38:00.801+0000] {processor.py:836} INFO - DAG(s) dict_keys(['example_python_operator']) retrieved from /home/airflow/.local/lib/python3.7/site-packages/airflow/example_dags/example_python_operator.py
[2024-11-01T18:38:00.875+0000] {logging_mixin.py:150} INFO - [2024-11-01T18:38:00.874+0000] {dag.py:2742} INFO - Sync 1 DAGs
[2024-11-01T18:38:00.949+0000] {logging_mixin.py:150} INFO - [2024-11-01T18:38:00.949+0000] {dag.py:3508} INFO - Setting next_dagrun for example_python_operator to None, run_after=None
[2024-11-01T18:38:00.997+0000] {processor.py:179} INFO - Processing /home/airflow/.local/lib/python3.7/site-packages/airflow/example_dags/example_python_operator.py took 0.224 seconds
[2024-11-01T18:38:31.057+0000] {processor.py:157} INFO - Started process (PID=2058) to work on /home/airflow/.local/lib/python3.7/site-packages/airflow/example_dags/example_python_operator.py
[2024-11-01T18:38:31.058+0000] {processor.py:826} INFO - Processing file /home/airflow/.local/lib/python3.7/site-packages/airflow/example_dags/example_python_operator.py for tasks to queue
[2024-11-01T18:38:31.058+0000] {logging_mixin.py:150} INFO - [2024-11-01T18:38:31.058+0000] {dagbag.py:541} INFO - Filling up the DagBag from /home/airflow/.local/lib/python3.7/site-packages/airflow/example_dags/example_python_operator.py
[2024-11-01T18:38:31.065+0000] {processor.py:836} INFO - DAG(s) dict_keys(['example_python_operator']) retrieved from /home/airflow/.local/lib/python3.7/site-packages/airflow/example_dags/example_python_operator.py
[2024-11-01T18:38:31.081+0000] {logging_mixin.py:150} INFO - [2024-11-01T18:38:31.081+0000] {dag.py:2742} INFO - Sync 1 DAGs
[2024-11-01T18:38:31.094+0000] {logging_mixin.py:150} INFO - [2024-11-01T18:38:31.094+0000] {dag.py:3508} INFO - Setting next_dagrun for example_python_operator to None, run_after=None
[2024-11-01T18:38:31.104+0000] {processor.py:179} INFO - Processing /home/airflow/.local/lib/python3.7/site-packages/airflow/example_dags/example_python_operator.py took 0.049 seconds
[2024-11-01T18:39:01.648+0000] {processor.py:157} INFO - Started process (PID=2120) to work on /home/airflow/.local/lib/python3.7/site-packages/airflow/example_dags/example_python_operator.py
[2024-11-01T18:39:01.650+0000] {processor.py:826} INFO - Processing file /home/airflow/.local/lib/python3.7/site-packages/airflow/example_dags/example_python_operator.py for tasks to queue
[2024-11-01T18:39:01.650+0000] {logging_mixin.py:150} INFO - [2024-11-01T18:39:01.650+0000] {dagbag.py:541} INFO - Filling up the DagBag from /home/airflow/.local/lib/python3.7/site-packages/airflow/example_dags/example_python_operator.py
[2024-11-01T18:39:01.658+0000] {processor.py:836} INFO - DAG(s) dict_keys(['example_python_operator']) retrieved from /home/airflow/.local/lib/python3.7/site-packages/airflow/example_dags/example_python_operator.py
[2024-11-01T18:39:01.676+0000] {logging_mixin.py:150} INFO - [2024-11-01T18:39:01.676+0000] {dag.py:2742} INFO - Sync 1 DAGs
[2024-11-01T18:39:01.690+0000] {logging_mixin.py:150} INFO - [2024-11-01T18:39:01.689+0000] {dag.py:3508} INFO - Setting next_dagrun for example_python_operator to None, run_after=None
[2024-11-01T18:39:01.698+0000] {processor.py:179} INFO - Processing /home/airflow/.local/lib/python3.7/site-packages/airflow/example_dags/example_python_operator.py took 0.058 seconds
[2024-11-01T18:39:32.390+0000] {processor.py:157} INFO - Started process (PID=2181) to work on /home/airflow/.local/lib/python3.7/site-packages/airflow/example_dags/example_python_operator.py
[2024-11-01T18:39:32.391+0000] {processor.py:826} INFO - Processing file /home/airflow/.local/lib/python3.7/site-packages/airflow/example_dags/example_python_operator.py for tasks to queue
[2024-11-01T18:39:32.392+0000] {logging_mixin.py:150} INFO - [2024-11-01T18:39:32.392+0000] {dagbag.py:541} INFO - Filling up the DagBag from /home/airflow/.local/lib/python3.7/site-packages/airflow/example_dags/example_python_operator.py
[2024-11-01T18:39:32.406+0000] {processor.py:836} INFO - DAG(s) dict_keys(['example_python_operator']) retrieved from /home/airflow/.local/lib/python3.7/site-packages/airflow/example_dags/example_python_operator.py
[2024-11-01T18:39:32.430+0000] {logging_mixin.py:150} INFO - [2024-11-01T18:39:32.430+0000] {dag.py:2742} INFO - Sync 1 DAGs
[2024-11-01T18:39:32.448+0000] {logging_mixin.py:150} INFO - [2024-11-01T18:39:32.448+0000] {dag.py:3508} INFO - Setting next_dagrun for example_python_operator to None, run_after=None
[2024-11-01T18:39:32.457+0000] {processor.py:179} INFO - Processing /home/airflow/.local/lib/python3.7/site-packages/airflow/example_dags/example_python_operator.py took 0.070 seconds
[2024-11-01T18:40:02.669+0000] {processor.py:157} INFO - Started process (PID=2243) to work on /home/airflow/.local/lib/python3.7/site-packages/airflow/example_dags/example_python_operator.py
[2024-11-01T18:40:02.672+0000] {processor.py:826} INFO - Processing file /home/airflow/.local/lib/python3.7/site-packages/airflow/example_dags/example_python_operator.py for tasks to queue
[2024-11-01T18:40:02.672+0000] {logging_mixin.py:150} INFO - [2024-11-01T18:40:02.672+0000] {dagbag.py:541} INFO - Filling up the DagBag from /home/airflow/.local/lib/python3.7/site-packages/airflow/example_dags/example_python_operator.py
[2024-11-01T18:40:02.689+0000] {processor.py:836} INFO - DAG(s) dict_keys(['example_python_operator']) retrieved from /home/airflow/.local/lib/python3.7/site-packages/airflow/example_dags/example_python_operator.py
[2024-11-01T18:40:02.712+0000] {logging_mixin.py:150} INFO - [2024-11-01T18:40:02.712+0000] {dag.py:2742} INFO - Sync 1 DAGs
[2024-11-01T18:40:02.726+0000] {logging_mixin.py:150} INFO - [2024-11-01T18:40:02.726+0000] {dag.py:3508} INFO - Setting next_dagrun for example_python_operator to None, run_after=None
[2024-11-01T18:40:02.739+0000] {processor.py:179} INFO - Processing /home/airflow/.local/lib/python3.7/site-packages/airflow/example_dags/example_python_operator.py took 0.072 seconds
[2024-11-01T18:40:33.143+0000] {processor.py:157} INFO - Started process (PID=2305) to work on /home/airflow/.local/lib/python3.7/site-packages/airflow/example_dags/example_python_operator.py
[2024-11-01T18:40:33.145+0000] {processor.py:826} INFO - Processing file /home/airflow/.local/lib/python3.7/site-packages/airflow/example_dags/example_python_operator.py for tasks to queue
[2024-11-01T18:40:33.145+0000] {logging_mixin.py:150} INFO - [2024-11-01T18:40:33.145+0000] {dagbag.py:541} INFO - Filling up the DagBag from /home/airflow/.local/lib/python3.7/site-packages/airflow/example_dags/example_python_operator.py
[2024-11-01T18:40:33.153+0000] {processor.py:836} INFO - DAG(s) dict_keys(['example_python_operator']) retrieved from /home/airflow/.local/lib/python3.7/site-packages/airflow/example_dags/example_python_operator.py
[2024-11-01T18:40:33.166+0000] {logging_mixin.py:150} INFO - [2024-11-01T18:40:33.166+0000] {dag.py:2742} INFO - Sync 1 DAGs
[2024-11-01T18:40:33.178+0000] {logging_mixin.py:150} INFO - [2024-11-01T18:40:33.178+0000] {dag.py:3508} INFO - Setting next_dagrun for example_python_operator to None, run_after=None
[2024-11-01T18:40:33.185+0000] {processor.py:179} INFO - Processing /home/airflow/.local/lib/python3.7/site-packages/airflow/example_dags/example_python_operator.py took 0.044 seconds
[2024-11-01T18:41:03.753+0000] {processor.py:157} INFO - Started process (PID=2367) to work on /home/airflow/.local/lib/python3.7/site-packages/airflow/example_dags/example_python_operator.py
[2024-11-01T18:41:03.755+0000] {processor.py:826} INFO - Processing file /home/airflow/.local/lib/python3.7/site-packages/airflow/example_dags/example_python_operator.py for tasks to queue
[2024-11-01T18:41:03.757+0000] {logging_mixin.py:150} INFO - [2024-11-01T18:41:03.756+0000] {dagbag.py:541} INFO - Filling up the DagBag from /home/airflow/.local/lib/python3.7/site-packages/airflow/example_dags/example_python_operator.py
[2024-11-01T18:41:03.768+0000] {processor.py:836} INFO - DAG(s) dict_keys(['example_python_operator']) retrieved from /home/airflow/.local/lib/python3.7/site-packages/airflow/example_dags/example_python_operator.py
[2024-11-01T18:41:03.810+0000] {logging_mixin.py:150} INFO - [2024-11-01T18:41:03.810+0000] {dag.py:2742} INFO - Sync 1 DAGs
[2024-11-01T18:41:03.835+0000] {logging_mixin.py:150} INFO - [2024-11-01T18:41:03.835+0000] {dag.py:3508} INFO - Setting next_dagrun for example_python_operator to None, run_after=None
[2024-11-01T18:41:03.844+0000] {processor.py:179} INFO - Processing /home/airflow/.local/lib/python3.7/site-packages/airflow/example_dags/example_python_operator.py took 0.095 seconds
[2024-11-01T18:41:33.874+0000] {processor.py:157} INFO - Started process (PID=2429) to work on /home/airflow/.local/lib/python3.7/site-packages/airflow/example_dags/example_python_operator.py
[2024-11-01T18:41:33.875+0000] {processor.py:826} INFO - Processing file /home/airflow/.local/lib/python3.7/site-packages/airflow/example_dags/example_python_operator.py for tasks to queue
[2024-11-01T18:41:33.875+0000] {logging_mixin.py:150} INFO - [2024-11-01T18:41:33.875+0000] {dagbag.py:541} INFO - Filling up the DagBag from /home/airflow/.local/lib/python3.7/site-packages/airflow/example_dags/example_python_operator.py
[2024-11-01T18:41:33.882+0000] {processor.py:836} INFO - DAG(s) dict_keys(['example_python_operator']) retrieved from /home/airflow/.local/lib/python3.7/site-packages/airflow/example_dags/example_python_operator.py
[2024-11-01T18:41:33.903+0000] {logging_mixin.py:150} INFO - [2024-11-01T18:41:33.903+0000] {dag.py:2742} INFO - Sync 1 DAGs
[2024-11-01T18:41:33.916+0000] {logging_mixin.py:150} INFO - [2024-11-01T18:41:33.915+0000] {dag.py:3508} INFO - Setting next_dagrun for example_python_operator to None, run_after=None
[2024-11-01T18:41:33.924+0000] {processor.py:179} INFO - Processing /home/airflow/.local/lib/python3.7/site-packages/airflow/example_dags/example_python_operator.py took 0.052 seconds
[2024-11-01T18:42:05.246+0000] {processor.py:157} INFO - Started process (PID=2491) to work on /home/airflow/.local/lib/python3.7/site-packages/airflow/example_dags/example_python_operator.py
[2024-11-01T18:42:07.098+0000] {processor.py:826} INFO - Processing file /home/airflow/.local/lib/python3.7/site-packages/airflow/example_dags/example_python_operator.py for tasks to queue
[2024-11-01T18:42:07.107+0000] {logging_mixin.py:150} INFO - [2024-11-01T18:42:07.106+0000] {dagbag.py:541} INFO - Filling up the DagBag from /home/airflow/.local/lib/python3.7/site-packages/airflow/example_dags/example_python_operator.py
[2024-11-01T18:42:07.129+0000] {processor.py:836} INFO - DAG(s) dict_keys(['example_python_operator']) retrieved from /home/airflow/.local/lib/python3.7/site-packages/airflow/example_dags/example_python_operator.py
[2024-11-01T18:42:07.155+0000] {logging_mixin.py:150} INFO - [2024-11-01T18:42:07.155+0000] {dag.py:2742} INFO - Sync 1 DAGs
[2024-11-01T18:42:07.170+0000] {logging_mixin.py:150} INFO - [2024-11-01T18:42:07.170+0000] {dag.py:3508} INFO - Setting next_dagrun for example_python_operator to None, run_after=None
[2024-11-01T18:42:07.179+0000] {processor.py:179} INFO - Processing /home/airflow/.local/lib/python3.7/site-packages/airflow/example_dags/example_python_operator.py took 1.944 seconds
[2024-11-01T18:42:37.253+0000] {processor.py:157} INFO - Started process (PID=2553) to work on /home/airflow/.local/lib/python3.7/site-packages/airflow/example_dags/example_python_operator.py
[2024-11-01T18:42:37.256+0000] {processor.py:826} INFO - Processing file /home/airflow/.local/lib/python3.7/site-packages/airflow/example_dags/example_python_operator.py for tasks to queue
[2024-11-01T18:42:37.260+0000] {logging_mixin.py:150} INFO - [2024-11-01T18:42:37.259+0000] {dagbag.py:541} INFO - Filling up the DagBag from /home/airflow/.local/lib/python3.7/site-packages/airflow/example_dags/example_python_operator.py
[2024-11-01T18:42:37.296+0000] {processor.py:836} INFO - DAG(s) dict_keys(['example_python_operator']) retrieved from /home/airflow/.local/lib/python3.7/site-packages/airflow/example_dags/example_python_operator.py
[2024-11-01T18:42:37.340+0000] {logging_mixin.py:150} INFO - [2024-11-01T18:42:37.340+0000] {dag.py:2742} INFO - Sync 1 DAGs
[2024-11-01T18:42:37.364+0000] {logging_mixin.py:150} INFO - [2024-11-01T18:42:37.364+0000] {dag.py:3508} INFO - Setting next_dagrun for example_python_operator to None, run_after=None
[2024-11-01T18:42:37.409+0000] {processor.py:179} INFO - Processing /home/airflow/.local/lib/python3.7/site-packages/airflow/example_dags/example_python_operator.py took 0.166 seconds
[2024-11-01T18:43:10.776+0000] {processor.py:157} INFO - Started process (PID=2606) to work on /home/airflow/.local/lib/python3.7/site-packages/airflow/example_dags/example_python_operator.py
[2024-11-01T18:43:10.783+0000] {processor.py:826} INFO - Processing file /home/airflow/.local/lib/python3.7/site-packages/airflow/example_dags/example_python_operator.py for tasks to queue
[2024-11-01T18:43:10.784+0000] {logging_mixin.py:150} INFO - [2024-11-01T18:43:10.783+0000] {dagbag.py:541} INFO - Filling up the DagBag from /home/airflow/.local/lib/python3.7/site-packages/airflow/example_dags/example_python_operator.py
[2024-11-01T18:43:10.798+0000] {processor.py:836} INFO - DAG(s) dict_keys(['example_python_operator']) retrieved from /home/airflow/.local/lib/python3.7/site-packages/airflow/example_dags/example_python_operator.py
[2024-11-01T18:43:10.825+0000] {logging_mixin.py:150} INFO - [2024-11-01T18:43:10.825+0000] {dag.py:2742} INFO - Sync 1 DAGs
[2024-11-01T18:43:10.872+0000] {logging_mixin.py:150} INFO - [2024-11-01T18:43:10.872+0000] {dag.py:3508} INFO - Setting next_dagrun for example_python_operator to None, run_after=None
[2024-11-01T18:43:10.928+0000] {processor.py:179} INFO - Processing /home/airflow/.local/lib/python3.7/site-packages/airflow/example_dags/example_python_operator.py took 0.167 seconds
[2024-11-01T18:43:41.745+0000] {processor.py:157} INFO - Started process (PID=2675) to work on /home/airflow/.local/lib/python3.7/site-packages/airflow/example_dags/example_python_operator.py
[2024-11-01T18:43:41.745+0000] {processor.py:826} INFO - Processing file /home/airflow/.local/lib/python3.7/site-packages/airflow/example_dags/example_python_operator.py for tasks to queue
[2024-11-01T18:43:41.746+0000] {logging_mixin.py:150} INFO - [2024-11-01T18:43:41.746+0000] {dagbag.py:541} INFO - Filling up the DagBag from /home/airflow/.local/lib/python3.7/site-packages/airflow/example_dags/example_python_operator.py
[2024-11-01T18:43:41.752+0000] {processor.py:836} INFO - DAG(s) dict_keys(['example_python_operator']) retrieved from /home/airflow/.local/lib/python3.7/site-packages/airflow/example_dags/example_python_operator.py
[2024-11-01T18:43:41.767+0000] {logging_mixin.py:150} INFO - [2024-11-01T18:43:41.767+0000] {dag.py:2742} INFO - Sync 1 DAGs
[2024-11-01T18:43:41.784+0000] {logging_mixin.py:150} INFO - [2024-11-01T18:43:41.784+0000] {dag.py:3508} INFO - Setting next_dagrun for example_python_operator to None, run_after=None
[2024-11-01T18:43:41.794+0000] {processor.py:179} INFO - Processing /home/airflow/.local/lib/python3.7/site-packages/airflow/example_dags/example_python_operator.py took 0.051 seconds
[2024-11-01T18:44:11.940+0000] {processor.py:157} INFO - Started process (PID=2737) to work on /home/airflow/.local/lib/python3.7/site-packages/airflow/example_dags/example_python_operator.py
[2024-11-01T18:44:11.941+0000] {processor.py:826} INFO - Processing file /home/airflow/.local/lib/python3.7/site-packages/airflow/example_dags/example_python_operator.py for tasks to queue
[2024-11-01T18:44:11.942+0000] {logging_mixin.py:150} INFO - [2024-11-01T18:44:11.942+0000] {dagbag.py:541} INFO - Filling up the DagBag from /home/airflow/.local/lib/python3.7/site-packages/airflow/example_dags/example_python_operator.py
[2024-11-01T18:44:11.955+0000] {processor.py:836} INFO - DAG(s) dict_keys(['example_python_operator']) retrieved from /home/airflow/.local/lib/python3.7/site-packages/airflow/example_dags/example_python_operator.py
[2024-11-01T18:44:11.984+0000] {logging_mixin.py:150} INFO - [2024-11-01T18:44:11.984+0000] {dag.py:2742} INFO - Sync 1 DAGs
[2024-11-01T18:44:12.007+0000] {logging_mixin.py:150} INFO - [2024-11-01T18:44:12.007+0000] {dag.py:3508} INFO - Setting next_dagrun for example_python_operator to None, run_after=None
[2024-11-01T18:44:12.017+0000] {processor.py:179} INFO - Processing /home/airflow/.local/lib/python3.7/site-packages/airflow/example_dags/example_python_operator.py took 0.081 seconds
[2024-11-01T18:44:42.247+0000] {processor.py:157} INFO - Started process (PID=2799) to work on /home/airflow/.local/lib/python3.7/site-packages/airflow/example_dags/example_python_operator.py
[2024-11-01T18:44:42.247+0000] {processor.py:826} INFO - Processing file /home/airflow/.local/lib/python3.7/site-packages/airflow/example_dags/example_python_operator.py for tasks to queue
[2024-11-01T18:44:42.248+0000] {logging_mixin.py:150} INFO - [2024-11-01T18:44:42.248+0000] {dagbag.py:541} INFO - Filling up the DagBag from /home/airflow/.local/lib/python3.7/site-packages/airflow/example_dags/example_python_operator.py
[2024-11-01T18:44:42.254+0000] {processor.py:836} INFO - DAG(s) dict_keys(['example_python_operator']) retrieved from /home/airflow/.local/lib/python3.7/site-packages/airflow/example_dags/example_python_operator.py
[2024-11-01T18:44:42.275+0000] {logging_mixin.py:150} INFO - [2024-11-01T18:44:42.275+0000] {dag.py:2742} INFO - Sync 1 DAGs
[2024-11-01T18:44:42.289+0000] {logging_mixin.py:150} INFO - [2024-11-01T18:44:42.289+0000] {dag.py:3508} INFO - Setting next_dagrun for example_python_operator to None, run_after=None
[2024-11-01T18:44:42.301+0000] {processor.py:179} INFO - Processing /home/airflow/.local/lib/python3.7/site-packages/airflow/example_dags/example_python_operator.py took 0.056 seconds
[2024-11-01T18:45:12.618+0000] {processor.py:157} INFO - Started process (PID=2857) to work on /home/airflow/.local/lib/python3.7/site-packages/airflow/example_dags/example_python_operator.py
[2024-11-01T18:45:12.619+0000] {processor.py:826} INFO - Processing file /home/airflow/.local/lib/python3.7/site-packages/airflow/example_dags/example_python_operator.py for tasks to queue
[2024-11-01T18:45:12.620+0000] {logging_mixin.py:150} INFO - [2024-11-01T18:45:12.620+0000] {dagbag.py:541} INFO - Filling up the DagBag from /home/airflow/.local/lib/python3.7/site-packages/airflow/example_dags/example_python_operator.py
[2024-11-01T18:45:12.627+0000] {processor.py:836} INFO - DAG(s) dict_keys(['example_python_operator']) retrieved from /home/airflow/.local/lib/python3.7/site-packages/airflow/example_dags/example_python_operator.py
[2024-11-01T18:45:12.642+0000] {logging_mixin.py:150} INFO - [2024-11-01T18:45:12.642+0000] {dag.py:2742} INFO - Sync 1 DAGs
[2024-11-01T18:45:12.658+0000] {logging_mixin.py:150} INFO - [2024-11-01T18:45:12.658+0000] {dag.py:3508} INFO - Setting next_dagrun for example_python_operator to None, run_after=None
[2024-11-01T18:45:12.667+0000] {processor.py:179} INFO - Processing /home/airflow/.local/lib/python3.7/site-packages/airflow/example_dags/example_python_operator.py took 0.051 seconds
[2024-11-01T18:45:43.358+0000] {processor.py:157} INFO - Started process (PID=2919) to work on /home/airflow/.local/lib/python3.7/site-packages/airflow/example_dags/example_python_operator.py
[2024-11-01T18:45:43.360+0000] {processor.py:826} INFO - Processing file /home/airflow/.local/lib/python3.7/site-packages/airflow/example_dags/example_python_operator.py for tasks to queue
[2024-11-01T18:45:43.360+0000] {logging_mixin.py:150} INFO - [2024-11-01T18:45:43.360+0000] {dagbag.py:541} INFO - Filling up the DagBag from /home/airflow/.local/lib/python3.7/site-packages/airflow/example_dags/example_python_operator.py
[2024-11-01T18:45:43.368+0000] {processor.py:836} INFO - DAG(s) dict_keys(['example_python_operator']) retrieved from /home/airflow/.local/lib/python3.7/site-packages/airflow/example_dags/example_python_operator.py
[2024-11-01T18:45:43.387+0000] {logging_mixin.py:150} INFO - [2024-11-01T18:45:43.387+0000] {dag.py:2742} INFO - Sync 1 DAGs
[2024-11-01T18:45:43.406+0000] {logging_mixin.py:150} INFO - [2024-11-01T18:45:43.406+0000] {dag.py:3508} INFO - Setting next_dagrun for example_python_operator to None, run_after=None
[2024-11-01T18:45:43.422+0000] {processor.py:179} INFO - Processing /home/airflow/.local/lib/python3.7/site-packages/airflow/example_dags/example_python_operator.py took 0.072 seconds
[2024-11-01T18:46:14.061+0000] {processor.py:157} INFO - Started process (PID=2979) to work on /home/airflow/.local/lib/python3.7/site-packages/airflow/example_dags/example_python_operator.py
[2024-11-01T18:46:14.062+0000] {processor.py:826} INFO - Processing file /home/airflow/.local/lib/python3.7/site-packages/airflow/example_dags/example_python_operator.py for tasks to queue
[2024-11-01T18:46:14.063+0000] {logging_mixin.py:150} INFO - [2024-11-01T18:46:14.062+0000] {dagbag.py:541} INFO - Filling up the DagBag from /home/airflow/.local/lib/python3.7/site-packages/airflow/example_dags/example_python_operator.py
[2024-11-01T18:46:14.072+0000] {processor.py:836} INFO - DAG(s) dict_keys(['example_python_operator']) retrieved from /home/airflow/.local/lib/python3.7/site-packages/airflow/example_dags/example_python_operator.py
[2024-11-01T18:46:14.087+0000] {logging_mixin.py:150} INFO - [2024-11-01T18:46:14.087+0000] {dag.py:2742} INFO - Sync 1 DAGs
[2024-11-01T18:46:14.098+0000] {logging_mixin.py:150} INFO - [2024-11-01T18:46:14.098+0000] {dag.py:3508} INFO - Setting next_dagrun for example_python_operator to None, run_after=None
[2024-11-01T18:46:14.107+0000] {processor.py:179} INFO - Processing /home/airflow/.local/lib/python3.7/site-packages/airflow/example_dags/example_python_operator.py took 0.049 seconds
[2024-11-01T18:46:45.300+0000] {processor.py:157} INFO - Started process (PID=3041) to work on /home/airflow/.local/lib/python3.7/site-packages/airflow/example_dags/example_python_operator.py
[2024-11-01T18:46:45.301+0000] {processor.py:826} INFO - Processing file /home/airflow/.local/lib/python3.7/site-packages/airflow/example_dags/example_python_operator.py for tasks to queue
[2024-11-01T18:46:45.301+0000] {logging_mixin.py:150} INFO - [2024-11-01T18:46:45.301+0000] {dagbag.py:541} INFO - Filling up the DagBag from /home/airflow/.local/lib/python3.7/site-packages/airflow/example_dags/example_python_operator.py
[2024-11-01T18:46:45.309+0000] {processor.py:836} INFO - DAG(s) dict_keys(['example_python_operator']) retrieved from /home/airflow/.local/lib/python3.7/site-packages/airflow/example_dags/example_python_operator.py
[2024-11-01T18:46:45.328+0000] {logging_mixin.py:150} INFO - [2024-11-01T18:46:45.328+0000] {dag.py:2742} INFO - Sync 1 DAGs
[2024-11-01T18:46:45.343+0000] {logging_mixin.py:150} INFO - [2024-11-01T18:46:45.343+0000] {dag.py:3508} INFO - Setting next_dagrun for example_python_operator to None, run_after=None
[2024-11-01T18:46:45.353+0000] {processor.py:179} INFO - Processing /home/airflow/.local/lib/python3.7/site-packages/airflow/example_dags/example_python_operator.py took 0.056 seconds
[2024-11-01T18:47:15.453+0000] {processor.py:157} INFO - Started process (PID=3103) to work on /home/airflow/.local/lib/python3.7/site-packages/airflow/example_dags/example_python_operator.py
[2024-11-01T18:47:15.454+0000] {processor.py:826} INFO - Processing file /home/airflow/.local/lib/python3.7/site-packages/airflow/example_dags/example_python_operator.py for tasks to queue
[2024-11-01T18:47:15.455+0000] {logging_mixin.py:150} INFO - [2024-11-01T18:47:15.455+0000] {dagbag.py:541} INFO - Filling up the DagBag from /home/airflow/.local/lib/python3.7/site-packages/airflow/example_dags/example_python_operator.py
[2024-11-01T18:47:15.466+0000] {processor.py:836} INFO - DAG(s) dict_keys(['example_python_operator']) retrieved from /home/airflow/.local/lib/python3.7/site-packages/airflow/example_dags/example_python_operator.py
[2024-11-01T18:47:15.500+0000] {logging_mixin.py:150} INFO - [2024-11-01T18:47:15.500+0000] {dag.py:2742} INFO - Sync 1 DAGs
[2024-11-01T18:47:15.522+0000] {logging_mixin.py:150} INFO - [2024-11-01T18:47:15.522+0000] {dag.py:3508} INFO - Setting next_dagrun for example_python_operator to None, run_after=None
[2024-11-01T18:47:15.533+0000] {processor.py:179} INFO - Processing /home/airflow/.local/lib/python3.7/site-packages/airflow/example_dags/example_python_operator.py took 0.082 seconds
[2024-11-01T18:47:46.696+0000] {processor.py:157} INFO - Started process (PID=3166) to work on /home/airflow/.local/lib/python3.7/site-packages/airflow/example_dags/example_python_operator.py
[2024-11-01T18:47:46.701+0000] {processor.py:826} INFO - Processing file /home/airflow/.local/lib/python3.7/site-packages/airflow/example_dags/example_python_operator.py for tasks to queue
[2024-11-01T18:47:46.704+0000] {logging_mixin.py:150} INFO - [2024-11-01T18:47:46.703+0000] {dagbag.py:541} INFO - Filling up the DagBag from /home/airflow/.local/lib/python3.7/site-packages/airflow/example_dags/example_python_operator.py
[2024-11-01T18:47:46.728+0000] {processor.py:836} INFO - DAG(s) dict_keys(['example_python_operator']) retrieved from /home/airflow/.local/lib/python3.7/site-packages/airflow/example_dags/example_python_operator.py
[2024-11-01T18:47:46.767+0000] {logging_mixin.py:150} INFO - [2024-11-01T18:47:46.767+0000] {dag.py:2742} INFO - Sync 1 DAGs
[2024-11-01T18:47:46.797+0000] {logging_mixin.py:150} INFO - [2024-11-01T18:47:46.797+0000] {dag.py:3508} INFO - Setting next_dagrun for example_python_operator to None, run_after=None
[2024-11-01T18:47:46.814+0000] {processor.py:179} INFO - Processing /home/airflow/.local/lib/python3.7/site-packages/airflow/example_dags/example_python_operator.py took 0.132 seconds
[2024-11-01T18:48:17.081+0000] {processor.py:157} INFO - Started process (PID=3228) to work on /home/airflow/.local/lib/python3.7/site-packages/airflow/example_dags/example_python_operator.py
[2024-11-01T18:48:17.081+0000] {processor.py:826} INFO - Processing file /home/airflow/.local/lib/python3.7/site-packages/airflow/example_dags/example_python_operator.py for tasks to queue
[2024-11-01T18:48:17.082+0000] {logging_mixin.py:150} INFO - [2024-11-01T18:48:17.082+0000] {dagbag.py:541} INFO - Filling up the DagBag from /home/airflow/.local/lib/python3.7/site-packages/airflow/example_dags/example_python_operator.py
[2024-11-01T18:48:17.096+0000] {processor.py:836} INFO - DAG(s) dict_keys(['example_python_operator']) retrieved from /home/airflow/.local/lib/python3.7/site-packages/airflow/example_dags/example_python_operator.py
[2024-11-01T18:48:17.140+0000] {logging_mixin.py:150} INFO - [2024-11-01T18:48:17.139+0000] {dag.py:2742} INFO - Sync 1 DAGs
[2024-11-01T18:48:17.165+0000] {logging_mixin.py:150} INFO - [2024-11-01T18:48:17.165+0000] {dag.py:3508} INFO - Setting next_dagrun for example_python_operator to None, run_after=None
[2024-11-01T18:48:17.201+0000] {processor.py:179} INFO - Processing /home/airflow/.local/lib/python3.7/site-packages/airflow/example_dags/example_python_operator.py took 0.124 seconds
[2024-11-01T18:48:48.121+0000] {processor.py:157} INFO - Started process (PID=3290) to work on /home/airflow/.local/lib/python3.7/site-packages/airflow/example_dags/example_python_operator.py
[2024-11-01T18:48:48.124+0000] {processor.py:826} INFO - Processing file /home/airflow/.local/lib/python3.7/site-packages/airflow/example_dags/example_python_operator.py for tasks to queue
[2024-11-01T18:48:48.126+0000] {logging_mixin.py:150} INFO - [2024-11-01T18:48:48.126+0000] {dagbag.py:541} INFO - Filling up the DagBag from /home/airflow/.local/lib/python3.7/site-packages/airflow/example_dags/example_python_operator.py
[2024-11-01T18:48:48.132+0000] {processor.py:836} INFO - DAG(s) dict_keys(['example_python_operator']) retrieved from /home/airflow/.local/lib/python3.7/site-packages/airflow/example_dags/example_python_operator.py
[2024-11-01T18:48:48.150+0000] {logging_mixin.py:150} INFO - [2024-11-01T18:48:48.150+0000] {dag.py:2742} INFO - Sync 1 DAGs
[2024-11-01T18:48:48.165+0000] {logging_mixin.py:150} INFO - [2024-11-01T18:48:48.165+0000] {dag.py:3508} INFO - Setting next_dagrun for example_python_operator to None, run_after=None
[2024-11-01T18:48:48.179+0000] {processor.py:179} INFO - Processing /home/airflow/.local/lib/python3.7/site-packages/airflow/example_dags/example_python_operator.py took 0.061 seconds
[2024-11-01T18:49:19.987+0000] {processor.py:157} INFO - Started process (PID=3352) to work on /home/airflow/.local/lib/python3.7/site-packages/airflow/example_dags/example_python_operator.py
[2024-11-01T18:49:19.988+0000] {processor.py:826} INFO - Processing file /home/airflow/.local/lib/python3.7/site-packages/airflow/example_dags/example_python_operator.py for tasks to queue
[2024-11-01T18:49:19.989+0000] {logging_mixin.py:150} INFO - [2024-11-01T18:49:19.989+0000] {dagbag.py:541} INFO - Filling up the DagBag from /home/airflow/.local/lib/python3.7/site-packages/airflow/example_dags/example_python_operator.py
[2024-11-01T18:49:20.027+0000] {processor.py:836} INFO - DAG(s) dict_keys(['example_python_operator']) retrieved from /home/airflow/.local/lib/python3.7/site-packages/airflow/example_dags/example_python_operator.py
[2024-11-01T18:49:20.068+0000] {logging_mixin.py:150} INFO - [2024-11-01T18:49:20.068+0000] {dag.py:2742} INFO - Sync 1 DAGs
[2024-11-01T18:49:20.093+0000] {logging_mixin.py:150} INFO - [2024-11-01T18:49:20.093+0000] {dag.py:3508} INFO - Setting next_dagrun for example_python_operator to None, run_after=None
[2024-11-01T18:49:20.114+0000] {processor.py:179} INFO - Processing /home/airflow/.local/lib/python3.7/site-packages/airflow/example_dags/example_python_operator.py took 0.129 seconds
[2024-11-01T18:49:50.732+0000] {processor.py:157} INFO - Started process (PID=3414) to work on /home/airflow/.local/lib/python3.7/site-packages/airflow/example_dags/example_python_operator.py
[2024-11-01T18:49:50.734+0000] {processor.py:826} INFO - Processing file /home/airflow/.local/lib/python3.7/site-packages/airflow/example_dags/example_python_operator.py for tasks to queue
[2024-11-01T18:49:50.734+0000] {logging_mixin.py:150} INFO - [2024-11-01T18:49:50.734+0000] {dagbag.py:541} INFO - Filling up the DagBag from /home/airflow/.local/lib/python3.7/site-packages/airflow/example_dags/example_python_operator.py
[2024-11-01T18:49:50.744+0000] {processor.py:836} INFO - DAG(s) dict_keys(['example_python_operator']) retrieved from /home/airflow/.local/lib/python3.7/site-packages/airflow/example_dags/example_python_operator.py
[2024-11-01T18:49:50.764+0000] {logging_mixin.py:150} INFO - [2024-11-01T18:49:50.764+0000] {dag.py:2742} INFO - Sync 1 DAGs
[2024-11-01T18:49:50.789+0000] {logging_mixin.py:150} INFO - [2024-11-01T18:49:50.789+0000] {dag.py:3508} INFO - Setting next_dagrun for example_python_operator to None, run_after=None
[2024-11-01T18:49:50.800+0000] {processor.py:179} INFO - Processing /home/airflow/.local/lib/python3.7/site-packages/airflow/example_dags/example_python_operator.py took 0.070 seconds
[2024-11-01T18:50:21.334+0000] {processor.py:157} INFO - Started process (PID=3476) to work on /home/airflow/.local/lib/python3.7/site-packages/airflow/example_dags/example_python_operator.py
[2024-11-01T18:50:21.336+0000] {processor.py:826} INFO - Processing file /home/airflow/.local/lib/python3.7/site-packages/airflow/example_dags/example_python_operator.py for tasks to queue
[2024-11-01T18:50:21.337+0000] {logging_mixin.py:150} INFO - [2024-11-01T18:50:21.337+0000] {dagbag.py:541} INFO - Filling up the DagBag from /home/airflow/.local/lib/python3.7/site-packages/airflow/example_dags/example_python_operator.py
[2024-11-01T18:50:21.351+0000] {processor.py:836} INFO - DAG(s) dict_keys(['example_python_operator']) retrieved from /home/airflow/.local/lib/python3.7/site-packages/airflow/example_dags/example_python_operator.py
[2024-11-01T18:50:21.394+0000] {logging_mixin.py:150} INFO - [2024-11-01T18:50:21.394+0000] {dag.py:2742} INFO - Sync 1 DAGs
[2024-11-01T18:50:21.421+0000] {logging_mixin.py:150} INFO - [2024-11-01T18:50:21.421+0000] {dag.py:3508} INFO - Setting next_dagrun for example_python_operator to None, run_after=None
[2024-11-01T18:50:21.450+0000] {processor.py:179} INFO - Processing /home/airflow/.local/lib/python3.7/site-packages/airflow/example_dags/example_python_operator.py took 0.122 seconds
[2024-11-01T18:50:52.180+0000] {processor.py:157} INFO - Started process (PID=3538) to work on /home/airflow/.local/lib/python3.7/site-packages/airflow/example_dags/example_python_operator.py
[2024-11-01T18:50:52.183+0000] {processor.py:826} INFO - Processing file /home/airflow/.local/lib/python3.7/site-packages/airflow/example_dags/example_python_operator.py for tasks to queue
[2024-11-01T18:50:52.187+0000] {logging_mixin.py:150} INFO - [2024-11-01T18:50:52.186+0000] {dagbag.py:541} INFO - Filling up the DagBag from /home/airflow/.local/lib/python3.7/site-packages/airflow/example_dags/example_python_operator.py
[2024-11-01T18:50:52.214+0000] {processor.py:836} INFO - DAG(s) dict_keys(['example_python_operator']) retrieved from /home/airflow/.local/lib/python3.7/site-packages/airflow/example_dags/example_python_operator.py
[2024-11-01T18:50:52.240+0000] {logging_mixin.py:150} INFO - [2024-11-01T18:50:52.240+0000] {dag.py:2742} INFO - Sync 1 DAGs
[2024-11-01T18:50:52.255+0000] {logging_mixin.py:150} INFO - [2024-11-01T18:50:52.255+0000] {dag.py:3508} INFO - Setting next_dagrun for example_python_operator to None, run_after=None
[2024-11-01T18:50:52.269+0000] {processor.py:179} INFO - Processing /home/airflow/.local/lib/python3.7/site-packages/airflow/example_dags/example_python_operator.py took 0.098 seconds
[2024-11-01T18:51:23.459+0000] {processor.py:157} INFO - Started process (PID=3600) to work on /home/airflow/.local/lib/python3.7/site-packages/airflow/example_dags/example_python_operator.py
[2024-11-01T18:51:23.460+0000] {processor.py:826} INFO - Processing file /home/airflow/.local/lib/python3.7/site-packages/airflow/example_dags/example_python_operator.py for tasks to queue
[2024-11-01T18:51:23.461+0000] {logging_mixin.py:150} INFO - [2024-11-01T18:51:23.461+0000] {dagbag.py:541} INFO - Filling up the DagBag from /home/airflow/.local/lib/python3.7/site-packages/airflow/example_dags/example_python_operator.py
[2024-11-01T18:51:23.472+0000] {processor.py:836} INFO - DAG(s) dict_keys(['example_python_operator']) retrieved from /home/airflow/.local/lib/python3.7/site-packages/airflow/example_dags/example_python_operator.py
[2024-11-01T18:51:23.524+0000] {logging_mixin.py:150} INFO - [2024-11-01T18:51:23.524+0000] {dag.py:2742} INFO - Sync 1 DAGs
[2024-11-01T18:51:23.550+0000] {logging_mixin.py:150} INFO - [2024-11-01T18:51:23.549+0000] {dag.py:3508} INFO - Setting next_dagrun for example_python_operator to None, run_after=None
[2024-11-01T18:51:23.564+0000] {processor.py:179} INFO - Processing /home/airflow/.local/lib/python3.7/site-packages/airflow/example_dags/example_python_operator.py took 0.106 seconds
[2024-11-01T18:51:53.621+0000] {processor.py:157} INFO - Started process (PID=3662) to work on /home/airflow/.local/lib/python3.7/site-packages/airflow/example_dags/example_python_operator.py
[2024-11-01T18:51:53.622+0000] {processor.py:826} INFO - Processing file /home/airflow/.local/lib/python3.7/site-packages/airflow/example_dags/example_python_operator.py for tasks to queue
[2024-11-01T18:51:53.622+0000] {logging_mixin.py:150} INFO - [2024-11-01T18:51:53.622+0000] {dagbag.py:541} INFO - Filling up the DagBag from /home/airflow/.local/lib/python3.7/site-packages/airflow/example_dags/example_python_operator.py
[2024-11-01T18:51:53.631+0000] {processor.py:836} INFO - DAG(s) dict_keys(['example_python_operator']) retrieved from /home/airflow/.local/lib/python3.7/site-packages/airflow/example_dags/example_python_operator.py
[2024-11-01T18:51:53.646+0000] {logging_mixin.py:150} INFO - [2024-11-01T18:51:53.646+0000] {dag.py:2742} INFO - Sync 1 DAGs
[2024-11-01T18:51:53.659+0000] {logging_mixin.py:150} INFO - [2024-11-01T18:51:53.659+0000] {dag.py:3508} INFO - Setting next_dagrun for example_python_operator to None, run_after=None
[2024-11-01T18:51:53.667+0000] {processor.py:179} INFO - Processing /home/airflow/.local/lib/python3.7/site-packages/airflow/example_dags/example_python_operator.py took 0.048 seconds
[2024-11-01T18:52:23.782+0000] {processor.py:157} INFO - Started process (PID=3724) to work on /home/airflow/.local/lib/python3.7/site-packages/airflow/example_dags/example_python_operator.py
[2024-11-01T18:52:23.784+0000] {processor.py:826} INFO - Processing file /home/airflow/.local/lib/python3.7/site-packages/airflow/example_dags/example_python_operator.py for tasks to queue
[2024-11-01T18:52:23.784+0000] {logging_mixin.py:150} INFO - [2024-11-01T18:52:23.784+0000] {dagbag.py:541} INFO - Filling up the DagBag from /home/airflow/.local/lib/python3.7/site-packages/airflow/example_dags/example_python_operator.py
[2024-11-01T18:52:23.790+0000] {processor.py:836} INFO - DAG(s) dict_keys(['example_python_operator']) retrieved from /home/airflow/.local/lib/python3.7/site-packages/airflow/example_dags/example_python_operator.py
[2024-11-01T18:52:23.812+0000] {logging_mixin.py:150} INFO - [2024-11-01T18:52:23.812+0000] {dag.py:2742} INFO - Sync 1 DAGs
[2024-11-01T18:52:23.824+0000] {logging_mixin.py:150} INFO - [2024-11-01T18:52:23.824+0000] {dag.py:3508} INFO - Setting next_dagrun for example_python_operator to None, run_after=None
[2024-11-01T18:52:23.832+0000] {processor.py:179} INFO - Processing /home/airflow/.local/lib/python3.7/site-packages/airflow/example_dags/example_python_operator.py took 0.052 seconds
