[2024-11-01T18:12:04.952+0000] {processor.py:157} INFO - Started process (PID=69) to work on /home/airflow/.local/lib/python3.7/site-packages/airflow/example_dags/example_bash_operator.py
[2024-11-01T18:12:04.953+0000] {processor.py:826} INFO - Processing file /home/airflow/.local/lib/python3.7/site-packages/airflow/example_dags/example_bash_operator.py for tasks to queue
[2024-11-01T18:12:04.953+0000] {logging_mixin.py:150} INFO - [2024-11-01T18:12:04.953+0000] {dagbag.py:541} INFO - Filling up the DagBag from /home/airflow/.local/lib/python3.7/site-packages/airflow/example_dags/example_bash_operator.py
[2024-11-01T18:12:04.980+0000] {processor.py:836} INFO - DAG(s) dict_keys(['example_bash_operator']) retrieved from /home/airflow/.local/lib/python3.7/site-packages/airflow/example_dags/example_bash_operator.py
[2024-11-01T18:12:05.010+0000] {logging_mixin.py:150} INFO - [2024-11-01T18:12:05.009+0000] {dag.py:2742} INFO - Sync 1 DAGs
[2024-11-01T18:12:05.036+0000] {logging_mixin.py:150} INFO - [2024-11-01T18:12:05.036+0000] {dag.py:3508} INFO - Setting next_dagrun for example_bash_operator to 2024-10-31T00:00:00+00:00, run_after=2024-11-01T00:00:00+00:00
[2024-11-01T18:12:05.051+0000] {processor.py:179} INFO - Processing /home/airflow/.local/lib/python3.7/site-packages/airflow/example_dags/example_bash_operator.py took 0.101 seconds
[2024-11-01T18:12:38.822+0000] {processor.py:157} INFO - Started process (PID=130) to work on /home/airflow/.local/lib/python3.7/site-packages/airflow/example_dags/example_bash_operator.py
[2024-11-01T18:12:38.828+0000] {processor.py:826} INFO - Processing file /home/airflow/.local/lib/python3.7/site-packages/airflow/example_dags/example_bash_operator.py for tasks to queue
[2024-11-01T18:12:38.828+0000] {logging_mixin.py:150} INFO - [2024-11-01T18:12:38.828+0000] {dagbag.py:541} INFO - Filling up the DagBag from /home/airflow/.local/lib/python3.7/site-packages/airflow/example_dags/example_bash_operator.py
[2024-11-01T18:12:38.857+0000] {processor.py:836} INFO - DAG(s) dict_keys(['example_bash_operator']) retrieved from /home/airflow/.local/lib/python3.7/site-packages/airflow/example_dags/example_bash_operator.py
[2024-11-01T18:12:38.893+0000] {logging_mixin.py:150} INFO - [2024-11-01T18:12:38.893+0000] {dag.py:2742} INFO - Sync 1 DAGs
[2024-11-01T18:12:38.913+0000] {logging_mixin.py:150} INFO - [2024-11-01T18:12:38.913+0000] {dag.py:3508} INFO - Setting next_dagrun for example_bash_operator to 2024-10-31T00:00:00+00:00, run_after=2024-11-01T00:00:00+00:00
[2024-11-01T18:12:38.932+0000] {processor.py:179} INFO - Processing /home/airflow/.local/lib/python3.7/site-packages/airflow/example_dags/example_bash_operator.py took 0.122 seconds
[2024-11-01T18:13:09.709+0000] {processor.py:157} INFO - Started process (PID=192) to work on /home/airflow/.local/lib/python3.7/site-packages/airflow/example_dags/example_bash_operator.py
[2024-11-01T18:13:09.712+0000] {processor.py:826} INFO - Processing file /home/airflow/.local/lib/python3.7/site-packages/airflow/example_dags/example_bash_operator.py for tasks to queue
[2024-11-01T18:13:09.714+0000] {logging_mixin.py:150} INFO - [2024-11-01T18:13:09.713+0000] {dagbag.py:541} INFO - Filling up the DagBag from /home/airflow/.local/lib/python3.7/site-packages/airflow/example_dags/example_bash_operator.py
[2024-11-01T18:13:09.804+0000] {processor.py:836} INFO - DAG(s) dict_keys(['example_bash_operator']) retrieved from /home/airflow/.local/lib/python3.7/site-packages/airflow/example_dags/example_bash_operator.py
[2024-11-01T18:13:09.822+0000] {logging_mixin.py:150} INFO - [2024-11-01T18:13:09.822+0000] {dag.py:2742} INFO - Sync 1 DAGs
[2024-11-01T18:13:09.837+0000] {logging_mixin.py:150} INFO - [2024-11-01T18:13:09.837+0000] {dag.py:3508} INFO - Setting next_dagrun for example_bash_operator to 2024-10-31T00:00:00+00:00, run_after=2024-11-01T00:00:00+00:00
[2024-11-01T18:13:09.848+0000] {processor.py:179} INFO - Processing /home/airflow/.local/lib/python3.7/site-packages/airflow/example_dags/example_bash_operator.py took 0.141 seconds
[2024-11-01T18:16:07.984+0000] {processor.py:157} INFO - Started process (PID=279) to work on /home/airflow/.local/lib/python3.7/site-packages/airflow/example_dags/example_bash_operator.py
[2024-11-01T18:16:07.995+0000] {processor.py:826} INFO - Processing file /home/airflow/.local/lib/python3.7/site-packages/airflow/example_dags/example_bash_operator.py for tasks to queue
[2024-11-01T18:16:08.007+0000] {logging_mixin.py:150} INFO - [2024-11-01T18:16:07.996+0000] {dagbag.py:541} INFO - Filling up the DagBag from /home/airflow/.local/lib/python3.7/site-packages/airflow/example_dags/example_bash_operator.py
[2024-11-01T18:16:08.308+0000] {processor.py:836} INFO - DAG(s) dict_keys(['example_bash_operator']) retrieved from /home/airflow/.local/lib/python3.7/site-packages/airflow/example_dags/example_bash_operator.py
[2024-11-01T18:16:08.471+0000] {logging_mixin.py:150} INFO - [2024-11-01T18:16:08.471+0000] {dag.py:2742} INFO - Sync 1 DAGs
[2024-11-01T18:16:08.566+0000] {logging_mixin.py:150} INFO - [2024-11-01T18:16:08.565+0000] {dag.py:3508} INFO - Setting next_dagrun for example_bash_operator to 2024-10-31T00:00:00+00:00, run_after=2024-11-01T00:00:00+00:00
[2024-11-01T18:16:08.637+0000] {processor.py:179} INFO - Processing /home/airflow/.local/lib/python3.7/site-packages/airflow/example_dags/example_bash_operator.py took 0.696 seconds
[2024-11-01T18:17:38.855+0000] {processor.py:157} INFO - Started process (PID=346) to work on /home/airflow/.local/lib/python3.7/site-packages/airflow/example_dags/example_bash_operator.py
[2024-11-01T18:17:38.866+0000] {processor.py:826} INFO - Processing file /home/airflow/.local/lib/python3.7/site-packages/airflow/example_dags/example_bash_operator.py for tasks to queue
[2024-11-01T18:17:38.870+0000] {logging_mixin.py:150} INFO - [2024-11-01T18:17:38.870+0000] {dagbag.py:541} INFO - Filling up the DagBag from /home/airflow/.local/lib/python3.7/site-packages/airflow/example_dags/example_bash_operator.py
[2024-11-01T18:17:39.015+0000] {processor.py:836} INFO - DAG(s) dict_keys(['example_bash_operator']) retrieved from /home/airflow/.local/lib/python3.7/site-packages/airflow/example_dags/example_bash_operator.py
[2024-11-01T18:17:39.175+0000] {logging_mixin.py:150} INFO - [2024-11-01T18:17:39.174+0000] {dag.py:2742} INFO - Sync 1 DAGs
[2024-11-01T18:17:39.282+0000] {logging_mixin.py:150} INFO - [2024-11-01T18:17:39.282+0000] {dag.py:3508} INFO - Setting next_dagrun for example_bash_operator to 2024-10-31T00:00:00+00:00, run_after=2024-11-01T00:00:00+00:00
[2024-11-01T18:17:39.361+0000] {processor.py:179} INFO - Processing /home/airflow/.local/lib/python3.7/site-packages/airflow/example_dags/example_bash_operator.py took 0.536 seconds
[2024-11-01T18:18:41.206+0000] {processor.py:157} INFO - Started process (PID=438) to work on /home/airflow/.local/lib/python3.7/site-packages/airflow/example_dags/example_bash_operator.py
[2024-11-01T18:18:41.210+0000] {processor.py:826} INFO - Processing file /home/airflow/.local/lib/python3.7/site-packages/airflow/example_dags/example_bash_operator.py for tasks to queue
[2024-11-01T18:18:41.212+0000] {logging_mixin.py:150} INFO - [2024-11-01T18:18:41.212+0000] {dagbag.py:541} INFO - Filling up the DagBag from /home/airflow/.local/lib/python3.7/site-packages/airflow/example_dags/example_bash_operator.py
[2024-11-01T18:18:41.375+0000] {processor.py:836} INFO - DAG(s) dict_keys(['example_bash_operator']) retrieved from /home/airflow/.local/lib/python3.7/site-packages/airflow/example_dags/example_bash_operator.py
[2024-11-01T18:18:41.710+0000] {logging_mixin.py:150} INFO - [2024-11-01T18:18:41.708+0000] {dag.py:2742} INFO - Sync 1 DAGs
[2024-11-01T18:18:41.883+0000] {logging_mixin.py:150} INFO - [2024-11-01T18:18:41.882+0000] {dag.py:3508} INFO - Setting next_dagrun for example_bash_operator to 2024-10-31T00:00:00+00:00, run_after=2024-11-01T00:00:00+00:00
[2024-11-01T18:18:41.976+0000] {processor.py:179} INFO - Processing /home/airflow/.local/lib/python3.7/site-packages/airflow/example_dags/example_bash_operator.py took 0.814 seconds
[2024-11-01T18:19:21.993+0000] {processor.py:157} INFO - Started process (PID=499) to work on /home/airflow/.local/lib/python3.7/site-packages/airflow/example_dags/example_bash_operator.py
[2024-11-01T18:19:22.005+0000] {processor.py:826} INFO - Processing file /home/airflow/.local/lib/python3.7/site-packages/airflow/example_dags/example_bash_operator.py for tasks to queue
[2024-11-01T18:19:22.007+0000] {logging_mixin.py:150} INFO - [2024-11-01T18:19:22.006+0000] {dagbag.py:541} INFO - Filling up the DagBag from /home/airflow/.local/lib/python3.7/site-packages/airflow/example_dags/example_bash_operator.py
[2024-11-01T18:19:22.090+0000] {processor.py:836} INFO - DAG(s) dict_keys(['example_bash_operator']) retrieved from /home/airflow/.local/lib/python3.7/site-packages/airflow/example_dags/example_bash_operator.py
[2024-11-01T18:19:22.175+0000] {logging_mixin.py:150} INFO - [2024-11-01T18:19:22.175+0000] {dag.py:2742} INFO - Sync 1 DAGs
[2024-11-01T18:19:22.263+0000] {logging_mixin.py:150} INFO - [2024-11-01T18:19:22.262+0000] {dag.py:3508} INFO - Setting next_dagrun for example_bash_operator to 2024-10-31T00:00:00+00:00, run_after=2024-11-01T00:00:00+00:00
[2024-11-01T18:19:22.324+0000] {processor.py:179} INFO - Processing /home/airflow/.local/lib/python3.7/site-packages/airflow/example_dags/example_bash_operator.py took 0.347 seconds
[2024-11-01T18:20:03.757+0000] {processor.py:157} INFO - Started process (PID=561) to work on /home/airflow/.local/lib/python3.7/site-packages/airflow/example_dags/example_bash_operator.py
[2024-11-01T18:20:03.822+0000] {processor.py:826} INFO - Processing file /home/airflow/.local/lib/python3.7/site-packages/airflow/example_dags/example_bash_operator.py for tasks to queue
[2024-11-01T18:20:03.829+0000] {logging_mixin.py:150} INFO - [2024-11-01T18:20:03.827+0000] {dagbag.py:541} INFO - Filling up the DagBag from /home/airflow/.local/lib/python3.7/site-packages/airflow/example_dags/example_bash_operator.py
[2024-11-01T18:20:04.355+0000] {processor.py:836} INFO - DAG(s) dict_keys(['example_bash_operator']) retrieved from /home/airflow/.local/lib/python3.7/site-packages/airflow/example_dags/example_bash_operator.py
[2024-11-01T18:20:05.477+0000] {logging_mixin.py:150} INFO - [2024-11-01T18:20:05.476+0000] {dag.py:2742} INFO - Sync 1 DAGs
[2024-11-01T18:20:05.869+0000] {logging_mixin.py:150} INFO - [2024-11-01T18:20:05.868+0000] {dag.py:3508} INFO - Setting next_dagrun for example_bash_operator to 2024-10-31T00:00:00+00:00, run_after=2024-11-01T00:00:00+00:00
[2024-11-01T18:20:06.451+0000] {processor.py:179} INFO - Processing /home/airflow/.local/lib/python3.7/site-packages/airflow/example_dags/example_bash_operator.py took 2.717 seconds
[2024-11-01T18:20:52.893+0000] {processor.py:157} INFO - Started process (PID=646) to work on /home/airflow/.local/lib/python3.7/site-packages/airflow/example_dags/example_bash_operator.py
[2024-11-01T18:20:52.913+0000] {processor.py:826} INFO - Processing file /home/airflow/.local/lib/python3.7/site-packages/airflow/example_dags/example_bash_operator.py for tasks to queue
[2024-11-01T18:20:52.924+0000] {logging_mixin.py:150} INFO - [2024-11-01T18:20:52.922+0000] {dagbag.py:541} INFO - Filling up the DagBag from /home/airflow/.local/lib/python3.7/site-packages/airflow/example_dags/example_bash_operator.py
[2024-11-01T18:20:53.044+0000] {processor.py:836} INFO - DAG(s) dict_keys(['example_bash_operator']) retrieved from /home/airflow/.local/lib/python3.7/site-packages/airflow/example_dags/example_bash_operator.py
[2024-11-01T18:20:53.180+0000] {logging_mixin.py:150} INFO - [2024-11-01T18:20:53.179+0000] {dag.py:2742} INFO - Sync 1 DAGs
[2024-11-01T18:20:53.353+0000] {logging_mixin.py:150} INFO - [2024-11-01T18:20:53.352+0000] {dag.py:3508} INFO - Setting next_dagrun for example_bash_operator to 2024-10-31T00:00:00+00:00, run_after=2024-11-01T00:00:00+00:00
[2024-11-01T18:20:53.505+0000] {processor.py:179} INFO - Processing /home/airflow/.local/lib/python3.7/site-packages/airflow/example_dags/example_bash_operator.py took 0.732 seconds
[2024-11-01T18:23:47.965+0000] {processor.py:157} INFO - Started process (PID=731) to work on /home/airflow/.local/lib/python3.7/site-packages/airflow/example_dags/example_bash_operator.py
[2024-11-01T18:23:47.968+0000] {processor.py:826} INFO - Processing file /home/airflow/.local/lib/python3.7/site-packages/airflow/example_dags/example_bash_operator.py for tasks to queue
[2024-11-01T18:23:47.976+0000] {logging_mixin.py:150} INFO - [2024-11-01T18:23:47.974+0000] {dagbag.py:541} INFO - Filling up the DagBag from /home/airflow/.local/lib/python3.7/site-packages/airflow/example_dags/example_bash_operator.py
[2024-11-01T18:23:48.051+0000] {processor.py:836} INFO - DAG(s) dict_keys(['example_bash_operator']) retrieved from /home/airflow/.local/lib/python3.7/site-packages/airflow/example_dags/example_bash_operator.py
[2024-11-01T18:23:48.138+0000] {logging_mixin.py:150} INFO - [2024-11-01T18:23:48.138+0000] {dag.py:2742} INFO - Sync 1 DAGs
[2024-11-01T18:23:48.201+0000] {logging_mixin.py:150} INFO - [2024-11-01T18:23:48.201+0000] {dag.py:3508} INFO - Setting next_dagrun for example_bash_operator to 2024-10-31T00:00:00+00:00, run_after=2024-11-01T00:00:00+00:00
[2024-11-01T18:23:48.326+0000] {processor.py:179} INFO - Processing /home/airflow/.local/lib/python3.7/site-packages/airflow/example_dags/example_bash_operator.py took 0.366 seconds
[2024-11-01T18:24:41.998+0000] {processor.py:157} INFO - Started process (PID=799) to work on /home/airflow/.local/lib/python3.7/site-packages/airflow/example_dags/example_bash_operator.py
[2024-11-01T18:24:42.004+0000] {processor.py:826} INFO - Processing file /home/airflow/.local/lib/python3.7/site-packages/airflow/example_dags/example_bash_operator.py for tasks to queue
[2024-11-01T18:24:42.014+0000] {logging_mixin.py:150} INFO - [2024-11-01T18:24:42.009+0000] {dagbag.py:541} INFO - Filling up the DagBag from /home/airflow/.local/lib/python3.7/site-packages/airflow/example_dags/example_bash_operator.py
[2024-11-01T18:24:42.173+0000] {processor.py:836} INFO - DAG(s) dict_keys(['example_bash_operator']) retrieved from /home/airflow/.local/lib/python3.7/site-packages/airflow/example_dags/example_bash_operator.py
[2024-11-01T18:24:42.552+0000] {logging_mixin.py:150} INFO - [2024-11-01T18:24:42.547+0000] {dag.py:2742} INFO - Sync 1 DAGs
[2024-11-01T18:24:42.751+0000] {logging_mixin.py:150} INFO - [2024-11-01T18:24:42.750+0000] {dag.py:3508} INFO - Setting next_dagrun for example_bash_operator to 2024-10-31T00:00:00+00:00, run_after=2024-11-01T00:00:00+00:00
[2024-11-01T18:24:42.868+0000] {processor.py:179} INFO - Processing /home/airflow/.local/lib/python3.7/site-packages/airflow/example_dags/example_bash_operator.py took 0.899 seconds
[2024-11-01T18:25:45.498+0000] {processor.py:157} INFO - Started process (PID=851) to work on /home/airflow/.local/lib/python3.7/site-packages/airflow/example_dags/example_bash_operator.py
[2024-11-01T18:25:45.511+0000] {processor.py:826} INFO - Processing file /home/airflow/.local/lib/python3.7/site-packages/airflow/example_dags/example_bash_operator.py for tasks to queue
[2024-11-01T18:25:45.520+0000] {logging_mixin.py:150} INFO - [2024-11-01T18:25:45.515+0000] {dagbag.py:541} INFO - Filling up the DagBag from /home/airflow/.local/lib/python3.7/site-packages/airflow/example_dags/example_bash_operator.py
[2024-11-01T18:25:47.324+0000] {processor.py:836} INFO - DAG(s) dict_keys(['example_bash_operator']) retrieved from /home/airflow/.local/lib/python3.7/site-packages/airflow/example_dags/example_bash_operator.py
[2024-11-01T18:25:48.084+0000] {logging_mixin.py:150} INFO - [2024-11-01T18:25:48.083+0000] {dag.py:2742} INFO - Sync 1 DAGs
[2024-11-01T18:25:48.193+0000] {logging_mixin.py:150} INFO - [2024-11-01T18:25:48.192+0000] {dag.py:3508} INFO - Setting next_dagrun for example_bash_operator to 2024-10-31T00:00:00+00:00, run_after=2024-11-01T00:00:00+00:00
[2024-11-01T18:25:48.249+0000] {processor.py:179} INFO - Processing /home/airflow/.local/lib/python3.7/site-packages/airflow/example_dags/example_bash_operator.py took 2.799 seconds
[2024-11-01T18:26:18.917+0000] {processor.py:157} INFO - Started process (PID=919) to work on /home/airflow/.local/lib/python3.7/site-packages/airflow/example_dags/example_bash_operator.py
[2024-11-01T18:26:18.928+0000] {processor.py:826} INFO - Processing file /home/airflow/.local/lib/python3.7/site-packages/airflow/example_dags/example_bash_operator.py for tasks to queue
[2024-11-01T18:26:18.931+0000] {logging_mixin.py:150} INFO - [2024-11-01T18:26:18.931+0000] {dagbag.py:541} INFO - Filling up the DagBag from /home/airflow/.local/lib/python3.7/site-packages/airflow/example_dags/example_bash_operator.py
[2024-11-01T18:26:18.976+0000] {processor.py:836} INFO - DAG(s) dict_keys(['example_bash_operator']) retrieved from /home/airflow/.local/lib/python3.7/site-packages/airflow/example_dags/example_bash_operator.py
[2024-11-01T18:26:19.074+0000] {logging_mixin.py:150} INFO - [2024-11-01T18:26:19.074+0000] {dag.py:2742} INFO - Sync 1 DAGs
[2024-11-01T18:26:19.168+0000] {logging_mixin.py:150} INFO - [2024-11-01T18:26:19.167+0000] {dag.py:3508} INFO - Setting next_dagrun for example_bash_operator to 2024-10-31T00:00:00+00:00, run_after=2024-11-01T00:00:00+00:00
[2024-11-01T18:26:19.205+0000] {processor.py:179} INFO - Processing /home/airflow/.local/lib/python3.7/site-packages/airflow/example_dags/example_bash_operator.py took 0.334 seconds
[2024-11-01T18:26:49.430+0000] {processor.py:157} INFO - Started process (PID=981) to work on /home/airflow/.local/lib/python3.7/site-packages/airflow/example_dags/example_bash_operator.py
[2024-11-01T18:26:49.433+0000] {processor.py:826} INFO - Processing file /home/airflow/.local/lib/python3.7/site-packages/airflow/example_dags/example_bash_operator.py for tasks to queue
[2024-11-01T18:26:49.435+0000] {logging_mixin.py:150} INFO - [2024-11-01T18:26:49.434+0000] {dagbag.py:541} INFO - Filling up the DagBag from /home/airflow/.local/lib/python3.7/site-packages/airflow/example_dags/example_bash_operator.py
[2024-11-01T18:26:49.455+0000] {processor.py:836} INFO - DAG(s) dict_keys(['example_bash_operator']) retrieved from /home/airflow/.local/lib/python3.7/site-packages/airflow/example_dags/example_bash_operator.py
[2024-11-01T18:26:49.484+0000] {logging_mixin.py:150} INFO - [2024-11-01T18:26:49.484+0000] {dag.py:2742} INFO - Sync 1 DAGs
[2024-11-01T18:26:49.500+0000] {logging_mixin.py:150} INFO - [2024-11-01T18:26:49.500+0000] {dag.py:3508} INFO - Setting next_dagrun for example_bash_operator to 2024-10-31T00:00:00+00:00, run_after=2024-11-01T00:00:00+00:00
[2024-11-01T18:26:49.514+0000] {processor.py:179} INFO - Processing /home/airflow/.local/lib/python3.7/site-packages/airflow/example_dags/example_bash_operator.py took 0.090 seconds
[2024-11-01T18:27:20.059+0000] {processor.py:157} INFO - Started process (PID=1043) to work on /home/airflow/.local/lib/python3.7/site-packages/airflow/example_dags/example_bash_operator.py
[2024-11-01T18:27:20.065+0000] {processor.py:826} INFO - Processing file /home/airflow/.local/lib/python3.7/site-packages/airflow/example_dags/example_bash_operator.py for tasks to queue
[2024-11-01T18:27:20.069+0000] {logging_mixin.py:150} INFO - [2024-11-01T18:27:20.067+0000] {dagbag.py:541} INFO - Filling up the DagBag from /home/airflow/.local/lib/python3.7/site-packages/airflow/example_dags/example_bash_operator.py
[2024-11-01T18:27:20.098+0000] {processor.py:836} INFO - DAG(s) dict_keys(['example_bash_operator']) retrieved from /home/airflow/.local/lib/python3.7/site-packages/airflow/example_dags/example_bash_operator.py
[2024-11-01T18:27:20.132+0000] {logging_mixin.py:150} INFO - [2024-11-01T18:27:20.132+0000] {dag.py:2742} INFO - Sync 1 DAGs
[2024-11-01T18:27:20.181+0000] {logging_mixin.py:150} INFO - [2024-11-01T18:27:20.181+0000] {dag.py:3508} INFO - Setting next_dagrun for example_bash_operator to 2024-10-31T00:00:00+00:00, run_after=2024-11-01T00:00:00+00:00
[2024-11-01T18:27:20.200+0000] {processor.py:179} INFO - Processing /home/airflow/.local/lib/python3.7/site-packages/airflow/example_dags/example_bash_operator.py took 0.147 seconds
[2024-11-01T18:27:50.707+0000] {processor.py:157} INFO - Started process (PID=1105) to work on /home/airflow/.local/lib/python3.7/site-packages/airflow/example_dags/example_bash_operator.py
[2024-11-01T18:27:50.709+0000] {processor.py:826} INFO - Processing file /home/airflow/.local/lib/python3.7/site-packages/airflow/example_dags/example_bash_operator.py for tasks to queue
[2024-11-01T18:27:50.711+0000] {logging_mixin.py:150} INFO - [2024-11-01T18:27:50.711+0000] {dagbag.py:541} INFO - Filling up the DagBag from /home/airflow/.local/lib/python3.7/site-packages/airflow/example_dags/example_bash_operator.py
[2024-11-01T18:27:50.757+0000] {processor.py:836} INFO - DAG(s) dict_keys(['example_bash_operator']) retrieved from /home/airflow/.local/lib/python3.7/site-packages/airflow/example_dags/example_bash_operator.py
[2024-11-01T18:27:50.803+0000] {logging_mixin.py:150} INFO - [2024-11-01T18:27:50.803+0000] {dag.py:2742} INFO - Sync 1 DAGs
[2024-11-01T18:27:50.828+0000] {logging_mixin.py:150} INFO - [2024-11-01T18:27:50.828+0000] {dag.py:3508} INFO - Setting next_dagrun for example_bash_operator to 2024-10-31T00:00:00+00:00, run_after=2024-11-01T00:00:00+00:00
[2024-11-01T18:27:50.849+0000] {processor.py:179} INFO - Processing /home/airflow/.local/lib/python3.7/site-packages/airflow/example_dags/example_bash_operator.py took 0.151 seconds
[2024-11-01T18:30:48.771+0000] {processor.py:157} INFO - Started process (PID=1142) to work on /home/airflow/.local/lib/python3.7/site-packages/airflow/example_dags/example_bash_operator.py
[2024-11-01T18:30:48.781+0000] {processor.py:826} INFO - Processing file /home/airflow/.local/lib/python3.7/site-packages/airflow/example_dags/example_bash_operator.py for tasks to queue
[2024-11-01T18:30:48.786+0000] {logging_mixin.py:150} INFO - [2024-11-01T18:30:48.785+0000] {dagbag.py:541} INFO - Filling up the DagBag from /home/airflow/.local/lib/python3.7/site-packages/airflow/example_dags/example_bash_operator.py
[2024-11-01T18:30:48.817+0000] {processor.py:836} INFO - DAG(s) dict_keys(['example_bash_operator']) retrieved from /home/airflow/.local/lib/python3.7/site-packages/airflow/example_dags/example_bash_operator.py
[2024-11-01T18:30:48.977+0000] {logging_mixin.py:150} INFO - [2024-11-01T18:30:48.976+0000] {dag.py:2742} INFO - Sync 1 DAGs
[2024-11-01T18:30:49.037+0000] {logging_mixin.py:150} INFO - [2024-11-01T18:30:49.037+0000] {dag.py:3508} INFO - Setting next_dagrun for example_bash_operator to 2024-10-31T00:00:00+00:00, run_after=2024-11-01T00:00:00+00:00
[2024-11-01T18:30:49.073+0000] {processor.py:179} INFO - Processing /home/airflow/.local/lib/python3.7/site-packages/airflow/example_dags/example_bash_operator.py took 0.313 seconds
[2024-11-01T18:31:19.817+0000] {processor.py:157} INFO - Started process (PID=1204) to work on /home/airflow/.local/lib/python3.7/site-packages/airflow/example_dags/example_bash_operator.py
[2024-11-01T18:31:19.818+0000] {processor.py:826} INFO - Processing file /home/airflow/.local/lib/python3.7/site-packages/airflow/example_dags/example_bash_operator.py for tasks to queue
[2024-11-01T18:31:19.819+0000] {logging_mixin.py:150} INFO - [2024-11-01T18:31:19.818+0000] {dagbag.py:541} INFO - Filling up the DagBag from /home/airflow/.local/lib/python3.7/site-packages/airflow/example_dags/example_bash_operator.py
[2024-11-01T18:31:19.836+0000] {processor.py:836} INFO - DAG(s) dict_keys(['example_bash_operator']) retrieved from /home/airflow/.local/lib/python3.7/site-packages/airflow/example_dags/example_bash_operator.py
[2024-11-01T18:31:19.873+0000] {logging_mixin.py:150} INFO - [2024-11-01T18:31:19.872+0000] {dag.py:2742} INFO - Sync 1 DAGs
[2024-11-01T18:31:19.893+0000] {logging_mixin.py:150} INFO - [2024-11-01T18:31:19.892+0000] {dag.py:3508} INFO - Setting next_dagrun for example_bash_operator to 2024-10-31T00:00:00+00:00, run_after=2024-11-01T00:00:00+00:00
[2024-11-01T18:31:19.902+0000] {processor.py:179} INFO - Processing /home/airflow/.local/lib/python3.7/site-packages/airflow/example_dags/example_bash_operator.py took 0.088 seconds
[2024-11-01T18:31:50.272+0000] {processor.py:157} INFO - Started process (PID=1266) to work on /home/airflow/.local/lib/python3.7/site-packages/airflow/example_dags/example_bash_operator.py
[2024-11-01T18:31:50.272+0000] {processor.py:826} INFO - Processing file /home/airflow/.local/lib/python3.7/site-packages/airflow/example_dags/example_bash_operator.py for tasks to queue
[2024-11-01T18:31:50.273+0000] {logging_mixin.py:150} INFO - [2024-11-01T18:31:50.273+0000] {dagbag.py:541} INFO - Filling up the DagBag from /home/airflow/.local/lib/python3.7/site-packages/airflow/example_dags/example_bash_operator.py
[2024-11-01T18:31:50.283+0000] {processor.py:836} INFO - DAG(s) dict_keys(['example_bash_operator']) retrieved from /home/airflow/.local/lib/python3.7/site-packages/airflow/example_dags/example_bash_operator.py
[2024-11-01T18:31:50.312+0000] {logging_mixin.py:150} INFO - [2024-11-01T18:31:50.312+0000] {dag.py:2742} INFO - Sync 1 DAGs
[2024-11-01T18:31:50.330+0000] {logging_mixin.py:150} INFO - [2024-11-01T18:31:50.330+0000] {dag.py:3508} INFO - Setting next_dagrun for example_bash_operator to 2024-10-31T00:00:00+00:00, run_after=2024-11-01T00:00:00+00:00
[2024-11-01T18:31:50.345+0000] {processor.py:179} INFO - Processing /home/airflow/.local/lib/python3.7/site-packages/airflow/example_dags/example_bash_operator.py took 0.075 seconds
[2024-11-01T18:32:20.531+0000] {processor.py:157} INFO - Started process (PID=1328) to work on /home/airflow/.local/lib/python3.7/site-packages/airflow/example_dags/example_bash_operator.py
[2024-11-01T18:32:20.532+0000] {processor.py:826} INFO - Processing file /home/airflow/.local/lib/python3.7/site-packages/airflow/example_dags/example_bash_operator.py for tasks to queue
[2024-11-01T18:32:20.533+0000] {logging_mixin.py:150} INFO - [2024-11-01T18:32:20.532+0000] {dagbag.py:541} INFO - Filling up the DagBag from /home/airflow/.local/lib/python3.7/site-packages/airflow/example_dags/example_bash_operator.py
[2024-11-01T18:32:20.543+0000] {processor.py:836} INFO - DAG(s) dict_keys(['example_bash_operator']) retrieved from /home/airflow/.local/lib/python3.7/site-packages/airflow/example_dags/example_bash_operator.py
[2024-11-01T18:32:20.569+0000] {logging_mixin.py:150} INFO - [2024-11-01T18:32:20.569+0000] {dag.py:2742} INFO - Sync 1 DAGs
[2024-11-01T18:32:20.587+0000] {logging_mixin.py:150} INFO - [2024-11-01T18:32:20.587+0000] {dag.py:3508} INFO - Setting next_dagrun for example_bash_operator to 2024-10-31T00:00:00+00:00, run_after=2024-11-01T00:00:00+00:00
[2024-11-01T18:32:20.598+0000] {processor.py:179} INFO - Processing /home/airflow/.local/lib/python3.7/site-packages/airflow/example_dags/example_bash_operator.py took 0.069 seconds
[2024-11-01T18:32:51.510+0000] {processor.py:157} INFO - Started process (PID=1389) to work on /home/airflow/.local/lib/python3.7/site-packages/airflow/example_dags/example_bash_operator.py
[2024-11-01T18:32:51.511+0000] {processor.py:826} INFO - Processing file /home/airflow/.local/lib/python3.7/site-packages/airflow/example_dags/example_bash_operator.py for tasks to queue
[2024-11-01T18:32:51.511+0000] {logging_mixin.py:150} INFO - [2024-11-01T18:32:51.511+0000] {dagbag.py:541} INFO - Filling up the DagBag from /home/airflow/.local/lib/python3.7/site-packages/airflow/example_dags/example_bash_operator.py
[2024-11-01T18:32:51.524+0000] {processor.py:836} INFO - DAG(s) dict_keys(['example_bash_operator']) retrieved from /home/airflow/.local/lib/python3.7/site-packages/airflow/example_dags/example_bash_operator.py
[2024-11-01T18:32:51.551+0000] {logging_mixin.py:150} INFO - [2024-11-01T18:32:51.551+0000] {dag.py:2742} INFO - Sync 1 DAGs
[2024-11-01T18:32:51.567+0000] {logging_mixin.py:150} INFO - [2024-11-01T18:32:51.567+0000] {dag.py:3508} INFO - Setting next_dagrun for example_bash_operator to 2024-10-31T00:00:00+00:00, run_after=2024-11-01T00:00:00+00:00
[2024-11-01T18:32:51.579+0000] {processor.py:179} INFO - Processing /home/airflow/.local/lib/python3.7/site-packages/airflow/example_dags/example_bash_operator.py took 0.076 seconds
[2024-11-01T18:33:21.932+0000] {processor.py:157} INFO - Started process (PID=1451) to work on /home/airflow/.local/lib/python3.7/site-packages/airflow/example_dags/example_bash_operator.py
[2024-11-01T18:33:21.932+0000] {processor.py:826} INFO - Processing file /home/airflow/.local/lib/python3.7/site-packages/airflow/example_dags/example_bash_operator.py for tasks to queue
[2024-11-01T18:33:21.933+0000] {logging_mixin.py:150} INFO - [2024-11-01T18:33:21.933+0000] {dagbag.py:541} INFO - Filling up the DagBag from /home/airflow/.local/lib/python3.7/site-packages/airflow/example_dags/example_bash_operator.py
[2024-11-01T18:33:21.942+0000] {processor.py:836} INFO - DAG(s) dict_keys(['example_bash_operator']) retrieved from /home/airflow/.local/lib/python3.7/site-packages/airflow/example_dags/example_bash_operator.py
[2024-11-01T18:33:21.963+0000] {logging_mixin.py:150} INFO - [2024-11-01T18:33:21.962+0000] {dag.py:2742} INFO - Sync 1 DAGs
[2024-11-01T18:33:21.975+0000] {logging_mixin.py:150} INFO - [2024-11-01T18:33:21.975+0000] {dag.py:3508} INFO - Setting next_dagrun for example_bash_operator to 2024-10-31T00:00:00+00:00, run_after=2024-11-01T00:00:00+00:00
[2024-11-01T18:33:21.984+0000] {processor.py:179} INFO - Processing /home/airflow/.local/lib/python3.7/site-packages/airflow/example_dags/example_bash_operator.py took 0.054 seconds
[2024-11-01T18:33:52.038+0000] {processor.py:157} INFO - Started process (PID=1513) to work on /home/airflow/.local/lib/python3.7/site-packages/airflow/example_dags/example_bash_operator.py
[2024-11-01T18:33:52.039+0000] {processor.py:826} INFO - Processing file /home/airflow/.local/lib/python3.7/site-packages/airflow/example_dags/example_bash_operator.py for tasks to queue
[2024-11-01T18:33:52.039+0000] {logging_mixin.py:150} INFO - [2024-11-01T18:33:52.039+0000] {dagbag.py:541} INFO - Filling up the DagBag from /home/airflow/.local/lib/python3.7/site-packages/airflow/example_dags/example_bash_operator.py
[2024-11-01T18:33:52.047+0000] {processor.py:836} INFO - DAG(s) dict_keys(['example_bash_operator']) retrieved from /home/airflow/.local/lib/python3.7/site-packages/airflow/example_dags/example_bash_operator.py
[2024-11-01T18:33:52.065+0000] {logging_mixin.py:150} INFO - [2024-11-01T18:33:52.065+0000] {dag.py:2742} INFO - Sync 1 DAGs
[2024-11-01T18:33:52.078+0000] {logging_mixin.py:150} INFO - [2024-11-01T18:33:52.078+0000] {dag.py:3508} INFO - Setting next_dagrun for example_bash_operator to 2024-10-31T00:00:00+00:00, run_after=2024-11-01T00:00:00+00:00
[2024-11-01T18:33:52.085+0000] {processor.py:179} INFO - Processing /home/airflow/.local/lib/python3.7/site-packages/airflow/example_dags/example_bash_operator.py took 0.049 seconds
[2024-11-01T18:34:23.158+0000] {processor.py:157} INFO - Started process (PID=1575) to work on /home/airflow/.local/lib/python3.7/site-packages/airflow/example_dags/example_bash_operator.py
[2024-11-01T18:34:23.159+0000] {processor.py:826} INFO - Processing file /home/airflow/.local/lib/python3.7/site-packages/airflow/example_dags/example_bash_operator.py for tasks to queue
[2024-11-01T18:34:23.160+0000] {logging_mixin.py:150} INFO - [2024-11-01T18:34:23.160+0000] {dagbag.py:541} INFO - Filling up the DagBag from /home/airflow/.local/lib/python3.7/site-packages/airflow/example_dags/example_bash_operator.py
[2024-11-01T18:34:23.171+0000] {processor.py:836} INFO - DAG(s) dict_keys(['example_bash_operator']) retrieved from /home/airflow/.local/lib/python3.7/site-packages/airflow/example_dags/example_bash_operator.py
[2024-11-01T18:34:23.283+0000] {logging_mixin.py:150} INFO - [2024-11-01T18:34:23.283+0000] {dag.py:2742} INFO - Sync 1 DAGs
[2024-11-01T18:34:23.335+0000] {logging_mixin.py:150} INFO - [2024-11-01T18:34:23.335+0000] {dag.py:3508} INFO - Setting next_dagrun for example_bash_operator to 2024-10-31T00:00:00+00:00, run_after=2024-11-01T00:00:00+00:00
[2024-11-01T18:34:23.348+0000] {processor.py:179} INFO - Processing /home/airflow/.local/lib/python3.7/site-packages/airflow/example_dags/example_bash_operator.py took 0.194 seconds
[2024-11-01T18:34:54.001+0000] {processor.py:157} INFO - Started process (PID=1637) to work on /home/airflow/.local/lib/python3.7/site-packages/airflow/example_dags/example_bash_operator.py
[2024-11-01T18:34:54.002+0000] {processor.py:826} INFO - Processing file /home/airflow/.local/lib/python3.7/site-packages/airflow/example_dags/example_bash_operator.py for tasks to queue
[2024-11-01T18:34:54.002+0000] {logging_mixin.py:150} INFO - [2024-11-01T18:34:54.002+0000] {dagbag.py:541} INFO - Filling up the DagBag from /home/airflow/.local/lib/python3.7/site-packages/airflow/example_dags/example_bash_operator.py
[2024-11-01T18:34:54.013+0000] {processor.py:836} INFO - DAG(s) dict_keys(['example_bash_operator']) retrieved from /home/airflow/.local/lib/python3.7/site-packages/airflow/example_dags/example_bash_operator.py
[2024-11-01T18:34:54.042+0000] {logging_mixin.py:150} INFO - [2024-11-01T18:34:54.042+0000] {dag.py:2742} INFO - Sync 1 DAGs
[2024-11-01T18:34:54.063+0000] {logging_mixin.py:150} INFO - [2024-11-01T18:34:54.063+0000] {dag.py:3508} INFO - Setting next_dagrun for example_bash_operator to 2024-10-31T00:00:00+00:00, run_after=2024-11-01T00:00:00+00:00
[2024-11-01T18:34:54.076+0000] {processor.py:179} INFO - Processing /home/airflow/.local/lib/python3.7/site-packages/airflow/example_dags/example_bash_operator.py took 0.078 seconds
[2024-11-01T18:35:24.617+0000] {processor.py:157} INFO - Started process (PID=1699) to work on /home/airflow/.local/lib/python3.7/site-packages/airflow/example_dags/example_bash_operator.py
[2024-11-01T18:35:24.618+0000] {processor.py:826} INFO - Processing file /home/airflow/.local/lib/python3.7/site-packages/airflow/example_dags/example_bash_operator.py for tasks to queue
[2024-11-01T18:35:24.618+0000] {logging_mixin.py:150} INFO - [2024-11-01T18:35:24.618+0000] {dagbag.py:541} INFO - Filling up the DagBag from /home/airflow/.local/lib/python3.7/site-packages/airflow/example_dags/example_bash_operator.py
[2024-11-01T18:35:24.628+0000] {processor.py:836} INFO - DAG(s) dict_keys(['example_bash_operator']) retrieved from /home/airflow/.local/lib/python3.7/site-packages/airflow/example_dags/example_bash_operator.py
[2024-11-01T18:35:24.648+0000] {logging_mixin.py:150} INFO - [2024-11-01T18:35:24.648+0000] {dag.py:2742} INFO - Sync 1 DAGs
[2024-11-01T18:35:24.667+0000] {logging_mixin.py:150} INFO - [2024-11-01T18:35:24.667+0000] {dag.py:3508} INFO - Setting next_dagrun for example_bash_operator to 2024-10-31T00:00:00+00:00, run_after=2024-11-01T00:00:00+00:00
[2024-11-01T18:35:24.678+0000] {processor.py:179} INFO - Processing /home/airflow/.local/lib/python3.7/site-packages/airflow/example_dags/example_bash_operator.py took 0.063 seconds
[2024-11-01T18:35:55.090+0000] {processor.py:157} INFO - Started process (PID=1761) to work on /home/airflow/.local/lib/python3.7/site-packages/airflow/example_dags/example_bash_operator.py
[2024-11-01T18:35:55.092+0000] {processor.py:826} INFO - Processing file /home/airflow/.local/lib/python3.7/site-packages/airflow/example_dags/example_bash_operator.py for tasks to queue
[2024-11-01T18:35:55.094+0000] {logging_mixin.py:150} INFO - [2024-11-01T18:35:55.093+0000] {dagbag.py:541} INFO - Filling up the DagBag from /home/airflow/.local/lib/python3.7/site-packages/airflow/example_dags/example_bash_operator.py
[2024-11-01T18:35:55.120+0000] {processor.py:836} INFO - DAG(s) dict_keys(['example_bash_operator']) retrieved from /home/airflow/.local/lib/python3.7/site-packages/airflow/example_dags/example_bash_operator.py
[2024-11-01T18:35:55.162+0000] {logging_mixin.py:150} INFO - [2024-11-01T18:35:55.162+0000] {dag.py:2742} INFO - Sync 1 DAGs
[2024-11-01T18:35:55.190+0000] {logging_mixin.py:150} INFO - [2024-11-01T18:35:55.190+0000] {dag.py:3508} INFO - Setting next_dagrun for example_bash_operator to 2024-10-31T00:00:00+00:00, run_after=2024-11-01T00:00:00+00:00
[2024-11-01T18:35:55.213+0000] {processor.py:179} INFO - Processing /home/airflow/.local/lib/python3.7/site-packages/airflow/example_dags/example_bash_operator.py took 0.135 seconds
[2024-11-01T18:36:26.540+0000] {processor.py:157} INFO - Started process (PID=1823) to work on /home/airflow/.local/lib/python3.7/site-packages/airflow/example_dags/example_bash_operator.py
[2024-11-01T18:36:26.540+0000] {processor.py:826} INFO - Processing file /home/airflow/.local/lib/python3.7/site-packages/airflow/example_dags/example_bash_operator.py for tasks to queue
[2024-11-01T18:36:26.541+0000] {logging_mixin.py:150} INFO - [2024-11-01T18:36:26.541+0000] {dagbag.py:541} INFO - Filling up the DagBag from /home/airflow/.local/lib/python3.7/site-packages/airflow/example_dags/example_bash_operator.py
[2024-11-01T18:36:26.554+0000] {processor.py:836} INFO - DAG(s) dict_keys(['example_bash_operator']) retrieved from /home/airflow/.local/lib/python3.7/site-packages/airflow/example_dags/example_bash_operator.py
[2024-11-01T18:36:26.640+0000] {logging_mixin.py:150} INFO - [2024-11-01T18:36:26.640+0000] {dag.py:2742} INFO - Sync 1 DAGs
[2024-11-01T18:36:26.687+0000] {logging_mixin.py:150} INFO - [2024-11-01T18:36:26.687+0000] {dag.py:3508} INFO - Setting next_dagrun for example_bash_operator to 2024-10-31T00:00:00+00:00, run_after=2024-11-01T00:00:00+00:00
[2024-11-01T18:36:26.699+0000] {processor.py:179} INFO - Processing /home/airflow/.local/lib/python3.7/site-packages/airflow/example_dags/example_bash_operator.py took 0.162 seconds
[2024-11-01T18:36:56.847+0000] {processor.py:157} INFO - Started process (PID=1884) to work on /home/airflow/.local/lib/python3.7/site-packages/airflow/example_dags/example_bash_operator.py
[2024-11-01T18:36:56.849+0000] {processor.py:826} INFO - Processing file /home/airflow/.local/lib/python3.7/site-packages/airflow/example_dags/example_bash_operator.py for tasks to queue
[2024-11-01T18:36:56.850+0000] {logging_mixin.py:150} INFO - [2024-11-01T18:36:56.850+0000] {dagbag.py:541} INFO - Filling up the DagBag from /home/airflow/.local/lib/python3.7/site-packages/airflow/example_dags/example_bash_operator.py
[2024-11-01T18:36:56.860+0000] {processor.py:836} INFO - DAG(s) dict_keys(['example_bash_operator']) retrieved from /home/airflow/.local/lib/python3.7/site-packages/airflow/example_dags/example_bash_operator.py
[2024-11-01T18:36:56.886+0000] {logging_mixin.py:150} INFO - [2024-11-01T18:36:56.886+0000] {dag.py:2742} INFO - Sync 1 DAGs
[2024-11-01T18:36:56.906+0000] {logging_mixin.py:150} INFO - [2024-11-01T18:36:56.906+0000] {dag.py:3508} INFO - Setting next_dagrun for example_bash_operator to 2024-10-31T00:00:00+00:00, run_after=2024-11-01T00:00:00+00:00
[2024-11-01T18:36:56.926+0000] {processor.py:179} INFO - Processing /home/airflow/.local/lib/python3.7/site-packages/airflow/example_dags/example_bash_operator.py took 0.083 seconds
[2024-11-01T18:37:27.033+0000] {processor.py:157} INFO - Started process (PID=1945) to work on /home/airflow/.local/lib/python3.7/site-packages/airflow/example_dags/example_bash_operator.py
[2024-11-01T18:37:27.035+0000] {processor.py:826} INFO - Processing file /home/airflow/.local/lib/python3.7/site-packages/airflow/example_dags/example_bash_operator.py for tasks to queue
[2024-11-01T18:37:27.036+0000] {logging_mixin.py:150} INFO - [2024-11-01T18:37:27.036+0000] {dagbag.py:541} INFO - Filling up the DagBag from /home/airflow/.local/lib/python3.7/site-packages/airflow/example_dags/example_bash_operator.py
[2024-11-01T18:37:27.047+0000] {processor.py:836} INFO - DAG(s) dict_keys(['example_bash_operator']) retrieved from /home/airflow/.local/lib/python3.7/site-packages/airflow/example_dags/example_bash_operator.py
[2024-11-01T18:37:27.077+0000] {logging_mixin.py:150} INFO - [2024-11-01T18:37:27.077+0000] {dag.py:2742} INFO - Sync 1 DAGs
[2024-11-01T18:37:27.097+0000] {logging_mixin.py:150} INFO - [2024-11-01T18:37:27.097+0000] {dag.py:3508} INFO - Setting next_dagrun for example_bash_operator to 2024-10-31T00:00:00+00:00, run_after=2024-11-01T00:00:00+00:00
[2024-11-01T18:37:27.106+0000] {processor.py:179} INFO - Processing /home/airflow/.local/lib/python3.7/site-packages/airflow/example_dags/example_bash_operator.py took 0.075 seconds
[2024-11-01T18:38:04.387+0000] {processor.py:157} INFO - Started process (PID=2007) to work on /home/airflow/.local/lib/python3.7/site-packages/airflow/example_dags/example_bash_operator.py
[2024-11-01T18:38:04.388+0000] {processor.py:826} INFO - Processing file /home/airflow/.local/lib/python3.7/site-packages/airflow/example_dags/example_bash_operator.py for tasks to queue
[2024-11-01T18:38:04.389+0000] {logging_mixin.py:150} INFO - [2024-11-01T18:38:04.389+0000] {dagbag.py:541} INFO - Filling up the DagBag from /home/airflow/.local/lib/python3.7/site-packages/airflow/example_dags/example_bash_operator.py
[2024-11-01T18:38:04.421+0000] {processor.py:836} INFO - DAG(s) dict_keys(['example_bash_operator']) retrieved from /home/airflow/.local/lib/python3.7/site-packages/airflow/example_dags/example_bash_operator.py
[2024-11-01T18:38:04.500+0000] {logging_mixin.py:150} INFO - [2024-11-01T18:38:04.499+0000] {dag.py:2742} INFO - Sync 1 DAGs
[2024-11-01T18:38:04.532+0000] {logging_mixin.py:150} INFO - [2024-11-01T18:38:04.532+0000] {dag.py:3508} INFO - Setting next_dagrun for example_bash_operator to 2024-10-31T00:00:00+00:00, run_after=2024-11-01T00:00:00+00:00
[2024-11-01T18:38:04.553+0000] {processor.py:179} INFO - Processing /home/airflow/.local/lib/python3.7/site-packages/airflow/example_dags/example_bash_operator.py took 0.170 seconds
[2024-11-01T18:38:34.680+0000] {processor.py:157} INFO - Started process (PID=2069) to work on /home/airflow/.local/lib/python3.7/site-packages/airflow/example_dags/example_bash_operator.py
[2024-11-01T18:38:34.681+0000] {processor.py:826} INFO - Processing file /home/airflow/.local/lib/python3.7/site-packages/airflow/example_dags/example_bash_operator.py for tasks to queue
[2024-11-01T18:38:34.682+0000] {logging_mixin.py:150} INFO - [2024-11-01T18:38:34.682+0000] {dagbag.py:541} INFO - Filling up the DagBag from /home/airflow/.local/lib/python3.7/site-packages/airflow/example_dags/example_bash_operator.py
[2024-11-01T18:38:34.701+0000] {processor.py:836} INFO - DAG(s) dict_keys(['example_bash_operator']) retrieved from /home/airflow/.local/lib/python3.7/site-packages/airflow/example_dags/example_bash_operator.py
[2024-11-01T18:38:34.722+0000] {logging_mixin.py:150} INFO - [2024-11-01T18:38:34.722+0000] {dag.py:2742} INFO - Sync 1 DAGs
[2024-11-01T18:38:34.740+0000] {logging_mixin.py:150} INFO - [2024-11-01T18:38:34.740+0000] {dag.py:3508} INFO - Setting next_dagrun for example_bash_operator to 2024-10-31T00:00:00+00:00, run_after=2024-11-01T00:00:00+00:00
[2024-11-01T18:38:34.751+0000] {processor.py:179} INFO - Processing /home/airflow/.local/lib/python3.7/site-packages/airflow/example_dags/example_bash_operator.py took 0.075 seconds
[2024-11-01T18:39:05.637+0000] {processor.py:157} INFO - Started process (PID=2131) to work on /home/airflow/.local/lib/python3.7/site-packages/airflow/example_dags/example_bash_operator.py
[2024-11-01T18:39:05.639+0000] {processor.py:826} INFO - Processing file /home/airflow/.local/lib/python3.7/site-packages/airflow/example_dags/example_bash_operator.py for tasks to queue
[2024-11-01T18:39:05.640+0000] {logging_mixin.py:150} INFO - [2024-11-01T18:39:05.640+0000] {dagbag.py:541} INFO - Filling up the DagBag from /home/airflow/.local/lib/python3.7/site-packages/airflow/example_dags/example_bash_operator.py
[2024-11-01T18:39:05.653+0000] {processor.py:836} INFO - DAG(s) dict_keys(['example_bash_operator']) retrieved from /home/airflow/.local/lib/python3.7/site-packages/airflow/example_dags/example_bash_operator.py
[2024-11-01T18:39:05.685+0000] {logging_mixin.py:150} INFO - [2024-11-01T18:39:05.685+0000] {dag.py:2742} INFO - Sync 1 DAGs
[2024-11-01T18:39:05.702+0000] {logging_mixin.py:150} INFO - [2024-11-01T18:39:05.702+0000] {dag.py:3508} INFO - Setting next_dagrun for example_bash_operator to 2024-10-31T00:00:00+00:00, run_after=2024-11-01T00:00:00+00:00
[2024-11-01T18:39:05.712+0000] {processor.py:179} INFO - Processing /home/airflow/.local/lib/python3.7/site-packages/airflow/example_dags/example_bash_operator.py took 0.094 seconds
[2024-11-01T18:39:35.967+0000] {processor.py:157} INFO - Started process (PID=2192) to work on /home/airflow/.local/lib/python3.7/site-packages/airflow/example_dags/example_bash_operator.py
[2024-11-01T18:39:35.968+0000] {processor.py:826} INFO - Processing file /home/airflow/.local/lib/python3.7/site-packages/airflow/example_dags/example_bash_operator.py for tasks to queue
[2024-11-01T18:39:35.968+0000] {logging_mixin.py:150} INFO - [2024-11-01T18:39:35.968+0000] {dagbag.py:541} INFO - Filling up the DagBag from /home/airflow/.local/lib/python3.7/site-packages/airflow/example_dags/example_bash_operator.py
[2024-11-01T18:39:35.978+0000] {processor.py:836} INFO - DAG(s) dict_keys(['example_bash_operator']) retrieved from /home/airflow/.local/lib/python3.7/site-packages/airflow/example_dags/example_bash_operator.py
[2024-11-01T18:39:35.998+0000] {logging_mixin.py:150} INFO - [2024-11-01T18:39:35.998+0000] {dag.py:2742} INFO - Sync 1 DAGs
[2024-11-01T18:39:36.012+0000] {logging_mixin.py:150} INFO - [2024-11-01T18:39:36.011+0000] {dag.py:3508} INFO - Setting next_dagrun for example_bash_operator to 2024-10-31T00:00:00+00:00, run_after=2024-11-01T00:00:00+00:00
[2024-11-01T18:39:36.020+0000] {processor.py:179} INFO - Processing /home/airflow/.local/lib/python3.7/site-packages/airflow/example_dags/example_bash_operator.py took 0.059 seconds
[2024-11-01T18:40:06.247+0000] {processor.py:157} INFO - Started process (PID=2254) to work on /home/airflow/.local/lib/python3.7/site-packages/airflow/example_dags/example_bash_operator.py
[2024-11-01T18:40:06.249+0000] {processor.py:826} INFO - Processing file /home/airflow/.local/lib/python3.7/site-packages/airflow/example_dags/example_bash_operator.py for tasks to queue
[2024-11-01T18:40:06.249+0000] {logging_mixin.py:150} INFO - [2024-11-01T18:40:06.249+0000] {dagbag.py:541} INFO - Filling up the DagBag from /home/airflow/.local/lib/python3.7/site-packages/airflow/example_dags/example_bash_operator.py
[2024-11-01T18:40:06.266+0000] {processor.py:836} INFO - DAG(s) dict_keys(['example_bash_operator']) retrieved from /home/airflow/.local/lib/python3.7/site-packages/airflow/example_dags/example_bash_operator.py
[2024-11-01T18:40:06.298+0000] {logging_mixin.py:150} INFO - [2024-11-01T18:40:06.298+0000] {dag.py:2742} INFO - Sync 1 DAGs
[2024-11-01T18:40:06.316+0000] {logging_mixin.py:150} INFO - [2024-11-01T18:40:06.316+0000] {dag.py:3508} INFO - Setting next_dagrun for example_bash_operator to 2024-10-31T00:00:00+00:00, run_after=2024-11-01T00:00:00+00:00
[2024-11-01T18:40:06.330+0000] {processor.py:179} INFO - Processing /home/airflow/.local/lib/python3.7/site-packages/airflow/example_dags/example_bash_operator.py took 0.086 seconds
[2024-11-01T18:40:37.193+0000] {processor.py:157} INFO - Started process (PID=2316) to work on /home/airflow/.local/lib/python3.7/site-packages/airflow/example_dags/example_bash_operator.py
[2024-11-01T18:40:37.196+0000] {processor.py:826} INFO - Processing file /home/airflow/.local/lib/python3.7/site-packages/airflow/example_dags/example_bash_operator.py for tasks to queue
[2024-11-01T18:40:37.197+0000] {logging_mixin.py:150} INFO - [2024-11-01T18:40:37.197+0000] {dagbag.py:541} INFO - Filling up the DagBag from /home/airflow/.local/lib/python3.7/site-packages/airflow/example_dags/example_bash_operator.py
[2024-11-01T18:40:37.211+0000] {processor.py:836} INFO - DAG(s) dict_keys(['example_bash_operator']) retrieved from /home/airflow/.local/lib/python3.7/site-packages/airflow/example_dags/example_bash_operator.py
[2024-11-01T18:40:37.242+0000] {logging_mixin.py:150} INFO - [2024-11-01T18:40:37.242+0000] {dag.py:2742} INFO - Sync 1 DAGs
[2024-11-01T18:40:37.270+0000] {logging_mixin.py:150} INFO - [2024-11-01T18:40:37.270+0000] {dag.py:3508} INFO - Setting next_dagrun for example_bash_operator to 2024-10-31T00:00:00+00:00, run_after=2024-11-01T00:00:00+00:00
[2024-11-01T18:40:37.309+0000] {processor.py:179} INFO - Processing /home/airflow/.local/lib/python3.7/site-packages/airflow/example_dags/example_bash_operator.py took 0.123 seconds
[2024-11-01T18:41:07.593+0000] {processor.py:157} INFO - Started process (PID=2378) to work on /home/airflow/.local/lib/python3.7/site-packages/airflow/example_dags/example_bash_operator.py
[2024-11-01T18:41:07.595+0000] {processor.py:826} INFO - Processing file /home/airflow/.local/lib/python3.7/site-packages/airflow/example_dags/example_bash_operator.py for tasks to queue
[2024-11-01T18:41:07.596+0000] {logging_mixin.py:150} INFO - [2024-11-01T18:41:07.595+0000] {dagbag.py:541} INFO - Filling up the DagBag from /home/airflow/.local/lib/python3.7/site-packages/airflow/example_dags/example_bash_operator.py
[2024-11-01T18:41:07.611+0000] {processor.py:836} INFO - DAG(s) dict_keys(['example_bash_operator']) retrieved from /home/airflow/.local/lib/python3.7/site-packages/airflow/example_dags/example_bash_operator.py
[2024-11-01T18:41:07.634+0000] {logging_mixin.py:150} INFO - [2024-11-01T18:41:07.634+0000] {dag.py:2742} INFO - Sync 1 DAGs
[2024-11-01T18:41:07.648+0000] {logging_mixin.py:150} INFO - [2024-11-01T18:41:07.648+0000] {dag.py:3508} INFO - Setting next_dagrun for example_bash_operator to 2024-10-31T00:00:00+00:00, run_after=2024-11-01T00:00:00+00:00
[2024-11-01T18:41:07.657+0000] {processor.py:179} INFO - Processing /home/airflow/.local/lib/python3.7/site-packages/airflow/example_dags/example_bash_operator.py took 0.071 seconds
[2024-11-01T18:41:38.504+0000] {processor.py:157} INFO - Started process (PID=2440) to work on /home/airflow/.local/lib/python3.7/site-packages/airflow/example_dags/example_bash_operator.py
[2024-11-01T18:41:38.505+0000] {processor.py:826} INFO - Processing file /home/airflow/.local/lib/python3.7/site-packages/airflow/example_dags/example_bash_operator.py for tasks to queue
[2024-11-01T18:41:38.506+0000] {logging_mixin.py:150} INFO - [2024-11-01T18:41:38.506+0000] {dagbag.py:541} INFO - Filling up the DagBag from /home/airflow/.local/lib/python3.7/site-packages/airflow/example_dags/example_bash_operator.py
[2024-11-01T18:41:38.514+0000] {processor.py:836} INFO - DAG(s) dict_keys(['example_bash_operator']) retrieved from /home/airflow/.local/lib/python3.7/site-packages/airflow/example_dags/example_bash_operator.py
[2024-11-01T18:41:38.531+0000] {logging_mixin.py:150} INFO - [2024-11-01T18:41:38.531+0000] {dag.py:2742} INFO - Sync 1 DAGs
[2024-11-01T18:41:38.545+0000] {logging_mixin.py:150} INFO - [2024-11-01T18:41:38.545+0000] {dag.py:3508} INFO - Setting next_dagrun for example_bash_operator to 2024-10-31T00:00:00+00:00, run_after=2024-11-01T00:00:00+00:00
[2024-11-01T18:41:38.554+0000] {processor.py:179} INFO - Processing /home/airflow/.local/lib/python3.7/site-packages/airflow/example_dags/example_bash_operator.py took 0.054 seconds
[2024-11-01T18:42:08.718+0000] {processor.py:157} INFO - Started process (PID=2502) to work on /home/airflow/.local/lib/python3.7/site-packages/airflow/example_dags/example_bash_operator.py
[2024-11-01T18:42:08.719+0000] {processor.py:826} INFO - Processing file /home/airflow/.local/lib/python3.7/site-packages/airflow/example_dags/example_bash_operator.py for tasks to queue
[2024-11-01T18:42:08.720+0000] {logging_mixin.py:150} INFO - [2024-11-01T18:42:08.720+0000] {dagbag.py:541} INFO - Filling up the DagBag from /home/airflow/.local/lib/python3.7/site-packages/airflow/example_dags/example_bash_operator.py
[2024-11-01T18:42:08.752+0000] {processor.py:836} INFO - DAG(s) dict_keys(['example_bash_operator']) retrieved from /home/airflow/.local/lib/python3.7/site-packages/airflow/example_dags/example_bash_operator.py
[2024-11-01T18:42:08.803+0000] {logging_mixin.py:150} INFO - [2024-11-01T18:42:08.802+0000] {dag.py:2742} INFO - Sync 1 DAGs
[2024-11-01T18:42:08.843+0000] {logging_mixin.py:150} INFO - [2024-11-01T18:42:08.843+0000] {dag.py:3508} INFO - Setting next_dagrun for example_bash_operator to 2024-10-31T00:00:00+00:00, run_after=2024-11-01T00:00:00+00:00
[2024-11-01T18:42:08.855+0000] {processor.py:179} INFO - Processing /home/airflow/.local/lib/python3.7/site-packages/airflow/example_dags/example_bash_operator.py took 0.139 seconds
[2024-11-01T18:42:39.413+0000] {processor.py:157} INFO - Started process (PID=2564) to work on /home/airflow/.local/lib/python3.7/site-packages/airflow/example_dags/example_bash_operator.py
[2024-11-01T18:42:39.413+0000] {processor.py:826} INFO - Processing file /home/airflow/.local/lib/python3.7/site-packages/airflow/example_dags/example_bash_operator.py for tasks to queue
[2024-11-01T18:42:39.414+0000] {logging_mixin.py:150} INFO - [2024-11-01T18:42:39.414+0000] {dagbag.py:541} INFO - Filling up the DagBag from /home/airflow/.local/lib/python3.7/site-packages/airflow/example_dags/example_bash_operator.py
[2024-11-01T18:42:39.422+0000] {processor.py:836} INFO - DAG(s) dict_keys(['example_bash_operator']) retrieved from /home/airflow/.local/lib/python3.7/site-packages/airflow/example_dags/example_bash_operator.py
[2024-11-01T18:42:39.441+0000] {logging_mixin.py:150} INFO - [2024-11-01T18:42:39.441+0000] {dag.py:2742} INFO - Sync 1 DAGs
[2024-11-01T18:42:39.456+0000] {logging_mixin.py:150} INFO - [2024-11-01T18:42:39.455+0000] {dag.py:3508} INFO - Setting next_dagrun for example_bash_operator to 2024-10-31T00:00:00+00:00, run_after=2024-11-01T00:00:00+00:00
[2024-11-01T18:42:39.464+0000] {processor.py:179} INFO - Processing /home/airflow/.local/lib/python3.7/site-packages/airflow/example_dags/example_bash_operator.py took 0.053 seconds
[2024-11-01T18:43:11.800+0000] {processor.py:157} INFO - Started process (PID=2632) to work on /home/airflow/.local/lib/python3.7/site-packages/airflow/example_dags/example_bash_operator.py
[2024-11-01T18:43:11.800+0000] {processor.py:826} INFO - Processing file /home/airflow/.local/lib/python3.7/site-packages/airflow/example_dags/example_bash_operator.py for tasks to queue
[2024-11-01T18:43:11.801+0000] {logging_mixin.py:150} INFO - [2024-11-01T18:43:11.801+0000] {dagbag.py:541} INFO - Filling up the DagBag from /home/airflow/.local/lib/python3.7/site-packages/airflow/example_dags/example_bash_operator.py
[2024-11-01T18:43:11.814+0000] {processor.py:836} INFO - DAG(s) dict_keys(['example_bash_operator']) retrieved from /home/airflow/.local/lib/python3.7/site-packages/airflow/example_dags/example_bash_operator.py
[2024-11-01T18:43:11.869+0000] {logging_mixin.py:150} INFO - [2024-11-01T18:43:11.869+0000] {dag.py:2742} INFO - Sync 1 DAGs
[2024-11-01T18:43:11.891+0000] {logging_mixin.py:150} INFO - [2024-11-01T18:43:11.891+0000] {dag.py:3508} INFO - Setting next_dagrun for example_bash_operator to 2024-10-31T00:00:00+00:00, run_after=2024-11-01T00:00:00+00:00
[2024-11-01T18:43:11.901+0000] {processor.py:179} INFO - Processing /home/airflow/.local/lib/python3.7/site-packages/airflow/example_dags/example_bash_operator.py took 0.104 seconds
[2024-11-01T18:43:42.171+0000] {processor.py:157} INFO - Started process (PID=2686) to work on /home/airflow/.local/lib/python3.7/site-packages/airflow/example_dags/example_bash_operator.py
[2024-11-01T18:43:42.172+0000] {processor.py:826} INFO - Processing file /home/airflow/.local/lib/python3.7/site-packages/airflow/example_dags/example_bash_operator.py for tasks to queue
[2024-11-01T18:43:42.173+0000] {logging_mixin.py:150} INFO - [2024-11-01T18:43:42.173+0000] {dagbag.py:541} INFO - Filling up the DagBag from /home/airflow/.local/lib/python3.7/site-packages/airflow/example_dags/example_bash_operator.py
[2024-11-01T18:43:42.180+0000] {processor.py:836} INFO - DAG(s) dict_keys(['example_bash_operator']) retrieved from /home/airflow/.local/lib/python3.7/site-packages/airflow/example_dags/example_bash_operator.py
[2024-11-01T18:43:42.201+0000] {logging_mixin.py:150} INFO - [2024-11-01T18:43:42.201+0000] {dag.py:2742} INFO - Sync 1 DAGs
[2024-11-01T18:43:42.218+0000] {logging_mixin.py:150} INFO - [2024-11-01T18:43:42.218+0000] {dag.py:3508} INFO - Setting next_dagrun for example_bash_operator to 2024-10-31T00:00:00+00:00, run_after=2024-11-01T00:00:00+00:00
[2024-11-01T18:43:42.234+0000] {processor.py:179} INFO - Processing /home/airflow/.local/lib/python3.7/site-packages/airflow/example_dags/example_bash_operator.py took 0.065 seconds
[2024-11-01T18:44:12.473+0000] {processor.py:157} INFO - Started process (PID=2748) to work on /home/airflow/.local/lib/python3.7/site-packages/airflow/example_dags/example_bash_operator.py
[2024-11-01T18:44:12.474+0000] {processor.py:826} INFO - Processing file /home/airflow/.local/lib/python3.7/site-packages/airflow/example_dags/example_bash_operator.py for tasks to queue
[2024-11-01T18:44:12.474+0000] {logging_mixin.py:150} INFO - [2024-11-01T18:44:12.474+0000] {dagbag.py:541} INFO - Filling up the DagBag from /home/airflow/.local/lib/python3.7/site-packages/airflow/example_dags/example_bash_operator.py
[2024-11-01T18:44:12.485+0000] {processor.py:836} INFO - DAG(s) dict_keys(['example_bash_operator']) retrieved from /home/airflow/.local/lib/python3.7/site-packages/airflow/example_dags/example_bash_operator.py
[2024-11-01T18:44:12.511+0000] {logging_mixin.py:150} INFO - [2024-11-01T18:44:12.511+0000] {dag.py:2742} INFO - Sync 1 DAGs
[2024-11-01T18:44:12.527+0000] {logging_mixin.py:150} INFO - [2024-11-01T18:44:12.527+0000] {dag.py:3508} INFO - Setting next_dagrun for example_bash_operator to 2024-10-31T00:00:00+00:00, run_after=2024-11-01T00:00:00+00:00
[2024-11-01T18:44:12.537+0000] {processor.py:179} INFO - Processing /home/airflow/.local/lib/python3.7/site-packages/airflow/example_dags/example_bash_operator.py took 0.066 seconds
[2024-11-01T18:44:42.655+0000] {processor.py:157} INFO - Started process (PID=2810) to work on /home/airflow/.local/lib/python3.7/site-packages/airflow/example_dags/example_bash_operator.py
[2024-11-01T18:44:42.656+0000] {processor.py:826} INFO - Processing file /home/airflow/.local/lib/python3.7/site-packages/airflow/example_dags/example_bash_operator.py for tasks to queue
[2024-11-01T18:44:42.657+0000] {logging_mixin.py:150} INFO - [2024-11-01T18:44:42.656+0000] {dagbag.py:541} INFO - Filling up the DagBag from /home/airflow/.local/lib/python3.7/site-packages/airflow/example_dags/example_bash_operator.py
[2024-11-01T18:44:42.663+0000] {processor.py:836} INFO - DAG(s) dict_keys(['example_bash_operator']) retrieved from /home/airflow/.local/lib/python3.7/site-packages/airflow/example_dags/example_bash_operator.py
[2024-11-01T18:44:42.680+0000] {logging_mixin.py:150} INFO - [2024-11-01T18:44:42.680+0000] {dag.py:2742} INFO - Sync 1 DAGs
[2024-11-01T18:44:42.694+0000] {logging_mixin.py:150} INFO - [2024-11-01T18:44:42.694+0000] {dag.py:3508} INFO - Setting next_dagrun for example_bash_operator to 2024-10-31T00:00:00+00:00, run_after=2024-11-01T00:00:00+00:00
[2024-11-01T18:44:42.706+0000] {processor.py:179} INFO - Processing /home/airflow/.local/lib/python3.7/site-packages/airflow/example_dags/example_bash_operator.py took 0.053 seconds
[2024-11-01T18:45:13.186+0000] {processor.py:157} INFO - Started process (PID=2872) to work on /home/airflow/.local/lib/python3.7/site-packages/airflow/example_dags/example_bash_operator.py
[2024-11-01T18:45:13.188+0000] {processor.py:826} INFO - Processing file /home/airflow/.local/lib/python3.7/site-packages/airflow/example_dags/example_bash_operator.py for tasks to queue
[2024-11-01T18:45:13.188+0000] {logging_mixin.py:150} INFO - [2024-11-01T18:45:13.188+0000] {dagbag.py:541} INFO - Filling up the DagBag from /home/airflow/.local/lib/python3.7/site-packages/airflow/example_dags/example_bash_operator.py
[2024-11-01T18:45:13.196+0000] {processor.py:836} INFO - DAG(s) dict_keys(['example_bash_operator']) retrieved from /home/airflow/.local/lib/python3.7/site-packages/airflow/example_dags/example_bash_operator.py
[2024-11-01T18:45:13.215+0000] {logging_mixin.py:150} INFO - [2024-11-01T18:45:13.215+0000] {dag.py:2742} INFO - Sync 1 DAGs
[2024-11-01T18:45:13.228+0000] {logging_mixin.py:150} INFO - [2024-11-01T18:45:13.228+0000] {dag.py:3508} INFO - Setting next_dagrun for example_bash_operator to 2024-10-31T00:00:00+00:00, run_after=2024-11-01T00:00:00+00:00
[2024-11-01T18:45:13.242+0000] {processor.py:179} INFO - Processing /home/airflow/.local/lib/python3.7/site-packages/airflow/example_dags/example_bash_operator.py took 0.057 seconds
[2024-11-01T18:45:43.932+0000] {processor.py:157} INFO - Started process (PID=2935) to work on /home/airflow/.local/lib/python3.7/site-packages/airflow/example_dags/example_bash_operator.py
[2024-11-01T18:45:43.932+0000] {processor.py:826} INFO - Processing file /home/airflow/.local/lib/python3.7/site-packages/airflow/example_dags/example_bash_operator.py for tasks to queue
[2024-11-01T18:45:43.933+0000] {logging_mixin.py:150} INFO - [2024-11-01T18:45:43.933+0000] {dagbag.py:541} INFO - Filling up the DagBag from /home/airflow/.local/lib/python3.7/site-packages/airflow/example_dags/example_bash_operator.py
[2024-11-01T18:45:43.941+0000] {processor.py:836} INFO - DAG(s) dict_keys(['example_bash_operator']) retrieved from /home/airflow/.local/lib/python3.7/site-packages/airflow/example_dags/example_bash_operator.py
[2024-11-01T18:45:43.965+0000] {logging_mixin.py:150} INFO - [2024-11-01T18:45:43.965+0000] {dag.py:2742} INFO - Sync 1 DAGs
[2024-11-01T18:45:43.989+0000] {logging_mixin.py:150} INFO - [2024-11-01T18:45:43.989+0000] {dag.py:3508} INFO - Setting next_dagrun for example_bash_operator to 2024-10-31T00:00:00+00:00, run_after=2024-11-01T00:00:00+00:00
[2024-11-01T18:45:44.001+0000] {processor.py:179} INFO - Processing /home/airflow/.local/lib/python3.7/site-packages/airflow/example_dags/example_bash_operator.py took 0.072 seconds
[2024-11-01T18:46:14.931+0000] {processor.py:157} INFO - Started process (PID=2997) to work on /home/airflow/.local/lib/python3.7/site-packages/airflow/example_dags/example_bash_operator.py
[2024-11-01T18:46:14.932+0000] {processor.py:826} INFO - Processing file /home/airflow/.local/lib/python3.7/site-packages/airflow/example_dags/example_bash_operator.py for tasks to queue
[2024-11-01T18:46:14.932+0000] {logging_mixin.py:150} INFO - [2024-11-01T18:46:14.932+0000] {dagbag.py:541} INFO - Filling up the DagBag from /home/airflow/.local/lib/python3.7/site-packages/airflow/example_dags/example_bash_operator.py
[2024-11-01T18:46:14.941+0000] {processor.py:836} INFO - DAG(s) dict_keys(['example_bash_operator']) retrieved from /home/airflow/.local/lib/python3.7/site-packages/airflow/example_dags/example_bash_operator.py
[2024-11-01T18:46:14.966+0000] {logging_mixin.py:150} INFO - [2024-11-01T18:46:14.966+0000] {dag.py:2742} INFO - Sync 1 DAGs
[2024-11-01T18:46:14.980+0000] {logging_mixin.py:150} INFO - [2024-11-01T18:46:14.980+0000] {dag.py:3508} INFO - Setting next_dagrun for example_bash_operator to 2024-10-31T00:00:00+00:00, run_after=2024-11-01T00:00:00+00:00
[2024-11-01T18:46:14.989+0000] {processor.py:179} INFO - Processing /home/airflow/.local/lib/python3.7/site-packages/airflow/example_dags/example_bash_operator.py took 0.059 seconds
[2024-11-01T18:46:48.032+0000] {processor.py:157} INFO - Started process (PID=3053) to work on /home/airflow/.local/lib/python3.7/site-packages/airflow/example_dags/example_bash_operator.py
[2024-11-01T18:46:48.038+0000] {processor.py:826} INFO - Processing file /home/airflow/.local/lib/python3.7/site-packages/airflow/example_dags/example_bash_operator.py for tasks to queue
[2024-11-01T18:46:48.040+0000] {logging_mixin.py:150} INFO - [2024-11-01T18:46:48.040+0000] {dagbag.py:541} INFO - Filling up the DagBag from /home/airflow/.local/lib/python3.7/site-packages/airflow/example_dags/example_bash_operator.py
[2024-11-01T18:46:48.065+0000] {processor.py:836} INFO - DAG(s) dict_keys(['example_bash_operator']) retrieved from /home/airflow/.local/lib/python3.7/site-packages/airflow/example_dags/example_bash_operator.py
[2024-11-01T18:46:48.992+0000] {logging_mixin.py:150} INFO - [2024-11-01T18:46:48.990+0000] {dag.py:2742} INFO - Sync 1 DAGs
[2024-11-01T18:46:49.240+0000] {logging_mixin.py:150} INFO - [2024-11-01T18:46:49.217+0000] {dag.py:3508} INFO - Setting next_dagrun for example_bash_operator to 2024-10-31T00:00:00+00:00, run_after=2024-11-01T00:00:00+00:00
[2024-11-01T18:46:49.633+0000] {processor.py:179} INFO - Processing /home/airflow/.local/lib/python3.7/site-packages/airflow/example_dags/example_bash_operator.py took 1.628 seconds
[2024-11-01T18:47:20.045+0000] {processor.py:157} INFO - Started process (PID=3115) to work on /home/airflow/.local/lib/python3.7/site-packages/airflow/example_dags/example_bash_operator.py
[2024-11-01T18:47:20.047+0000] {processor.py:826} INFO - Processing file /home/airflow/.local/lib/python3.7/site-packages/airflow/example_dags/example_bash_operator.py for tasks to queue
[2024-11-01T18:47:20.048+0000] {logging_mixin.py:150} INFO - [2024-11-01T18:47:20.048+0000] {dagbag.py:541} INFO - Filling up the DagBag from /home/airflow/.local/lib/python3.7/site-packages/airflow/example_dags/example_bash_operator.py
[2024-11-01T18:47:20.064+0000] {processor.py:836} INFO - DAG(s) dict_keys(['example_bash_operator']) retrieved from /home/airflow/.local/lib/python3.7/site-packages/airflow/example_dags/example_bash_operator.py
[2024-11-01T18:47:20.092+0000] {logging_mixin.py:150} INFO - [2024-11-01T18:47:20.092+0000] {dag.py:2742} INFO - Sync 1 DAGs
[2024-11-01T18:47:20.119+0000] {logging_mixin.py:150} INFO - [2024-11-01T18:47:20.119+0000] {dag.py:3508} INFO - Setting next_dagrun for example_bash_operator to 2024-10-31T00:00:00+00:00, run_after=2024-11-01T00:00:00+00:00
[2024-11-01T18:47:20.132+0000] {processor.py:179} INFO - Processing /home/airflow/.local/lib/python3.7/site-packages/airflow/example_dags/example_bash_operator.py took 0.098 seconds
[2024-11-01T18:47:50.424+0000] {processor.py:157} INFO - Started process (PID=3177) to work on /home/airflow/.local/lib/python3.7/site-packages/airflow/example_dags/example_bash_operator.py
[2024-11-01T18:47:50.425+0000] {processor.py:826} INFO - Processing file /home/airflow/.local/lib/python3.7/site-packages/airflow/example_dags/example_bash_operator.py for tasks to queue
[2024-11-01T18:47:50.426+0000] {logging_mixin.py:150} INFO - [2024-11-01T18:47:50.426+0000] {dagbag.py:541} INFO - Filling up the DagBag from /home/airflow/.local/lib/python3.7/site-packages/airflow/example_dags/example_bash_operator.py
[2024-11-01T18:47:50.441+0000] {processor.py:836} INFO - DAG(s) dict_keys(['example_bash_operator']) retrieved from /home/airflow/.local/lib/python3.7/site-packages/airflow/example_dags/example_bash_operator.py
[2024-11-01T18:47:50.486+0000] {logging_mixin.py:150} INFO - [2024-11-01T18:47:50.486+0000] {dag.py:2742} INFO - Sync 1 DAGs
[2024-11-01T18:47:50.513+0000] {logging_mixin.py:150} INFO - [2024-11-01T18:47:50.513+0000] {dag.py:3508} INFO - Setting next_dagrun for example_bash_operator to 2024-10-31T00:00:00+00:00, run_after=2024-11-01T00:00:00+00:00
[2024-11-01T18:47:50.535+0000] {processor.py:179} INFO - Processing /home/airflow/.local/lib/python3.7/site-packages/airflow/example_dags/example_bash_operator.py took 0.141 seconds
[2024-11-01T18:48:20.857+0000] {processor.py:157} INFO - Started process (PID=3239) to work on /home/airflow/.local/lib/python3.7/site-packages/airflow/example_dags/example_bash_operator.py
[2024-11-01T18:48:20.858+0000] {processor.py:826} INFO - Processing file /home/airflow/.local/lib/python3.7/site-packages/airflow/example_dags/example_bash_operator.py for tasks to queue
[2024-11-01T18:48:20.859+0000] {logging_mixin.py:150} INFO - [2024-11-01T18:48:20.859+0000] {dagbag.py:541} INFO - Filling up the DagBag from /home/airflow/.local/lib/python3.7/site-packages/airflow/example_dags/example_bash_operator.py
[2024-11-01T18:48:20.876+0000] {processor.py:836} INFO - DAG(s) dict_keys(['example_bash_operator']) retrieved from /home/airflow/.local/lib/python3.7/site-packages/airflow/example_dags/example_bash_operator.py
[2024-11-01T18:48:20.931+0000] {logging_mixin.py:150} INFO - [2024-11-01T18:48:20.931+0000] {dag.py:2742} INFO - Sync 1 DAGs
[2024-11-01T18:48:20.954+0000] {logging_mixin.py:150} INFO - [2024-11-01T18:48:20.954+0000] {dag.py:3508} INFO - Setting next_dagrun for example_bash_operator to 2024-10-31T00:00:00+00:00, run_after=2024-11-01T00:00:00+00:00
[2024-11-01T18:48:20.971+0000] {processor.py:179} INFO - Processing /home/airflow/.local/lib/python3.7/site-packages/airflow/example_dags/example_bash_operator.py took 0.119 seconds
[2024-11-01T18:48:51.917+0000] {processor.py:157} INFO - Started process (PID=3301) to work on /home/airflow/.local/lib/python3.7/site-packages/airflow/example_dags/example_bash_operator.py
[2024-11-01T18:48:51.922+0000] {processor.py:826} INFO - Processing file /home/airflow/.local/lib/python3.7/site-packages/airflow/example_dags/example_bash_operator.py for tasks to queue
[2024-11-01T18:48:51.926+0000] {logging_mixin.py:150} INFO - [2024-11-01T18:48:51.926+0000] {dagbag.py:541} INFO - Filling up the DagBag from /home/airflow/.local/lib/python3.7/site-packages/airflow/example_dags/example_bash_operator.py
[2024-11-01T18:48:51.943+0000] {processor.py:836} INFO - DAG(s) dict_keys(['example_bash_operator']) retrieved from /home/airflow/.local/lib/python3.7/site-packages/airflow/example_dags/example_bash_operator.py
[2024-11-01T18:48:51.999+0000] {logging_mixin.py:150} INFO - [2024-11-01T18:48:51.999+0000] {dag.py:2742} INFO - Sync 1 DAGs
[2024-11-01T18:48:52.026+0000] {logging_mixin.py:150} INFO - [2024-11-01T18:48:52.026+0000] {dag.py:3508} INFO - Setting next_dagrun for example_bash_operator to 2024-10-31T00:00:00+00:00, run_after=2024-11-01T00:00:00+00:00
[2024-11-01T18:48:52.053+0000] {processor.py:179} INFO - Processing /home/airflow/.local/lib/python3.7/site-packages/airflow/example_dags/example_bash_operator.py took 0.142 seconds
[2024-11-01T18:49:22.881+0000] {processor.py:157} INFO - Started process (PID=3363) to work on /home/airflow/.local/lib/python3.7/site-packages/airflow/example_dags/example_bash_operator.py
[2024-11-01T18:49:22.883+0000] {processor.py:826} INFO - Processing file /home/airflow/.local/lib/python3.7/site-packages/airflow/example_dags/example_bash_operator.py for tasks to queue
[2024-11-01T18:49:22.884+0000] {logging_mixin.py:150} INFO - [2024-11-01T18:49:22.884+0000] {dagbag.py:541} INFO - Filling up the DagBag from /home/airflow/.local/lib/python3.7/site-packages/airflow/example_dags/example_bash_operator.py
[2024-11-01T18:49:22.930+0000] {processor.py:836} INFO - DAG(s) dict_keys(['example_bash_operator']) retrieved from /home/airflow/.local/lib/python3.7/site-packages/airflow/example_dags/example_bash_operator.py
[2024-11-01T18:49:22.991+0000] {logging_mixin.py:150} INFO - [2024-11-01T18:49:22.991+0000] {dag.py:2742} INFO - Sync 1 DAGs
[2024-11-01T18:49:23.028+0000] {logging_mixin.py:150} INFO - [2024-11-01T18:49:23.028+0000] {dag.py:3508} INFO - Setting next_dagrun for example_bash_operator to 2024-10-31T00:00:00+00:00, run_after=2024-11-01T00:00:00+00:00
[2024-11-01T18:49:23.050+0000] {processor.py:179} INFO - Processing /home/airflow/.local/lib/python3.7/site-packages/airflow/example_dags/example_bash_operator.py took 0.174 seconds
[2024-11-01T18:49:53.305+0000] {processor.py:157} INFO - Started process (PID=3425) to work on /home/airflow/.local/lib/python3.7/site-packages/airflow/example_dags/example_bash_operator.py
[2024-11-01T18:49:53.314+0000] {processor.py:826} INFO - Processing file /home/airflow/.local/lib/python3.7/site-packages/airflow/example_dags/example_bash_operator.py for tasks to queue
[2024-11-01T18:49:53.318+0000] {logging_mixin.py:150} INFO - [2024-11-01T18:49:53.318+0000] {dagbag.py:541} INFO - Filling up the DagBag from /home/airflow/.local/lib/python3.7/site-packages/airflow/example_dags/example_bash_operator.py
[2024-11-01T18:49:53.340+0000] {processor.py:836} INFO - DAG(s) dict_keys(['example_bash_operator']) retrieved from /home/airflow/.local/lib/python3.7/site-packages/airflow/example_dags/example_bash_operator.py
[2024-11-01T18:49:53.401+0000] {logging_mixin.py:150} INFO - [2024-11-01T18:49:53.401+0000] {dag.py:2742} INFO - Sync 1 DAGs
[2024-11-01T18:49:53.438+0000] {logging_mixin.py:150} INFO - [2024-11-01T18:49:53.438+0000] {dag.py:3508} INFO - Setting next_dagrun for example_bash_operator to 2024-10-31T00:00:00+00:00, run_after=2024-11-01T00:00:00+00:00
[2024-11-01T18:49:53.463+0000] {processor.py:179} INFO - Processing /home/airflow/.local/lib/python3.7/site-packages/airflow/example_dags/example_bash_operator.py took 0.168 seconds
[2024-11-01T18:50:23.993+0000] {processor.py:157} INFO - Started process (PID=3487) to work on /home/airflow/.local/lib/python3.7/site-packages/airflow/example_dags/example_bash_operator.py
[2024-11-01T18:50:23.995+0000] {processor.py:826} INFO - Processing file /home/airflow/.local/lib/python3.7/site-packages/airflow/example_dags/example_bash_operator.py for tasks to queue
[2024-11-01T18:50:23.997+0000] {logging_mixin.py:150} INFO - [2024-11-01T18:50:23.997+0000] {dagbag.py:541} INFO - Filling up the DagBag from /home/airflow/.local/lib/python3.7/site-packages/airflow/example_dags/example_bash_operator.py
[2024-11-01T18:50:24.022+0000] {processor.py:836} INFO - DAG(s) dict_keys(['example_bash_operator']) retrieved from /home/airflow/.local/lib/python3.7/site-packages/airflow/example_dags/example_bash_operator.py
[2024-11-01T18:50:24.072+0000] {logging_mixin.py:150} INFO - [2024-11-01T18:50:24.072+0000] {dag.py:2742} INFO - Sync 1 DAGs
[2024-11-01T18:50:24.098+0000] {logging_mixin.py:150} INFO - [2024-11-01T18:50:24.098+0000] {dag.py:3508} INFO - Setting next_dagrun for example_bash_operator to 2024-10-31T00:00:00+00:00, run_after=2024-11-01T00:00:00+00:00
[2024-11-01T18:50:24.121+0000] {processor.py:179} INFO - Processing /home/airflow/.local/lib/python3.7/site-packages/airflow/example_dags/example_bash_operator.py took 0.133 seconds
[2024-11-01T18:50:54.868+0000] {processor.py:157} INFO - Started process (PID=3549) to work on /home/airflow/.local/lib/python3.7/site-packages/airflow/example_dags/example_bash_operator.py
[2024-11-01T18:50:54.876+0000] {processor.py:826} INFO - Processing file /home/airflow/.local/lib/python3.7/site-packages/airflow/example_dags/example_bash_operator.py for tasks to queue
[2024-11-01T18:50:54.877+0000] {logging_mixin.py:150} INFO - [2024-11-01T18:50:54.877+0000] {dagbag.py:541} INFO - Filling up the DagBag from /home/airflow/.local/lib/python3.7/site-packages/airflow/example_dags/example_bash_operator.py
[2024-11-01T18:50:54.888+0000] {processor.py:836} INFO - DAG(s) dict_keys(['example_bash_operator']) retrieved from /home/airflow/.local/lib/python3.7/site-packages/airflow/example_dags/example_bash_operator.py
[2024-11-01T18:50:54.932+0000] {logging_mixin.py:150} INFO - [2024-11-01T18:50:54.932+0000] {dag.py:2742} INFO - Sync 1 DAGs
[2024-11-01T18:50:54.955+0000] {logging_mixin.py:150} INFO - [2024-11-01T18:50:54.955+0000] {dag.py:3508} INFO - Setting next_dagrun for example_bash_operator to 2024-10-31T00:00:00+00:00, run_after=2024-11-01T00:00:00+00:00
[2024-11-01T18:50:54.978+0000] {processor.py:179} INFO - Processing /home/airflow/.local/lib/python3.7/site-packages/airflow/example_dags/example_bash_operator.py took 0.112 seconds
[2024-11-01T18:51:25.099+0000] {processor.py:157} INFO - Started process (PID=3611) to work on /home/airflow/.local/lib/python3.7/site-packages/airflow/example_dags/example_bash_operator.py
[2024-11-01T18:51:25.104+0000] {processor.py:826} INFO - Processing file /home/airflow/.local/lib/python3.7/site-packages/airflow/example_dags/example_bash_operator.py for tasks to queue
[2024-11-01T18:51:25.106+0000] {logging_mixin.py:150} INFO - [2024-11-01T18:51:25.106+0000] {dagbag.py:541} INFO - Filling up the DagBag from /home/airflow/.local/lib/python3.7/site-packages/airflow/example_dags/example_bash_operator.py
[2024-11-01T18:51:25.117+0000] {processor.py:836} INFO - DAG(s) dict_keys(['example_bash_operator']) retrieved from /home/airflow/.local/lib/python3.7/site-packages/airflow/example_dags/example_bash_operator.py
[2024-11-01T18:51:25.157+0000] {logging_mixin.py:150} INFO - [2024-11-01T18:51:25.157+0000] {dag.py:2742} INFO - Sync 1 DAGs
[2024-11-01T18:51:25.177+0000] {logging_mixin.py:150} INFO - [2024-11-01T18:51:25.177+0000] {dag.py:3508} INFO - Setting next_dagrun for example_bash_operator to 2024-10-31T00:00:00+00:00, run_after=2024-11-01T00:00:00+00:00
[2024-11-01T18:51:25.194+0000] {processor.py:179} INFO - Processing /home/airflow/.local/lib/python3.7/site-packages/airflow/example_dags/example_bash_operator.py took 0.098 seconds
[2024-11-01T18:51:56.093+0000] {processor.py:157} INFO - Started process (PID=3673) to work on /home/airflow/.local/lib/python3.7/site-packages/airflow/example_dags/example_bash_operator.py
[2024-11-01T18:51:56.095+0000] {processor.py:826} INFO - Processing file /home/airflow/.local/lib/python3.7/site-packages/airflow/example_dags/example_bash_operator.py for tasks to queue
[2024-11-01T18:51:56.095+0000] {logging_mixin.py:150} INFO - [2024-11-01T18:51:56.095+0000] {dagbag.py:541} INFO - Filling up the DagBag from /home/airflow/.local/lib/python3.7/site-packages/airflow/example_dags/example_bash_operator.py
[2024-11-01T18:51:56.108+0000] {processor.py:836} INFO - DAG(s) dict_keys(['example_bash_operator']) retrieved from /home/airflow/.local/lib/python3.7/site-packages/airflow/example_dags/example_bash_operator.py
[2024-11-01T18:51:56.143+0000] {logging_mixin.py:150} INFO - [2024-11-01T18:51:56.142+0000] {dag.py:2742} INFO - Sync 1 DAGs
[2024-11-01T18:51:56.166+0000] {logging_mixin.py:150} INFO - [2024-11-01T18:51:56.166+0000] {dag.py:3508} INFO - Setting next_dagrun for example_bash_operator to 2024-10-31T00:00:00+00:00, run_after=2024-11-01T00:00:00+00:00
[2024-11-01T18:51:56.180+0000] {processor.py:179} INFO - Processing /home/airflow/.local/lib/python3.7/site-packages/airflow/example_dags/example_bash_operator.py took 0.091 seconds
[2024-11-01T18:52:26.218+0000] {processor.py:157} INFO - Started process (PID=3735) to work on /home/airflow/.local/lib/python3.7/site-packages/airflow/example_dags/example_bash_operator.py
[2024-11-01T18:52:26.219+0000] {processor.py:826} INFO - Processing file /home/airflow/.local/lib/python3.7/site-packages/airflow/example_dags/example_bash_operator.py for tasks to queue
[2024-11-01T18:52:26.220+0000] {logging_mixin.py:150} INFO - [2024-11-01T18:52:26.220+0000] {dagbag.py:541} INFO - Filling up the DagBag from /home/airflow/.local/lib/python3.7/site-packages/airflow/example_dags/example_bash_operator.py
[2024-11-01T18:52:26.235+0000] {processor.py:836} INFO - DAG(s) dict_keys(['example_bash_operator']) retrieved from /home/airflow/.local/lib/python3.7/site-packages/airflow/example_dags/example_bash_operator.py
[2024-11-01T18:52:26.258+0000] {logging_mixin.py:150} INFO - [2024-11-01T18:52:26.258+0000] {dag.py:2742} INFO - Sync 1 DAGs
[2024-11-01T18:52:26.276+0000] {logging_mixin.py:150} INFO - [2024-11-01T18:52:26.275+0000] {dag.py:3508} INFO - Setting next_dagrun for example_bash_operator to 2024-10-31T00:00:00+00:00, run_after=2024-11-01T00:00:00+00:00
[2024-11-01T18:52:26.293+0000] {processor.py:179} INFO - Processing /home/airflow/.local/lib/python3.7/site-packages/airflow/example_dags/example_bash_operator.py took 0.080 seconds
