[2024-11-01T18:12:07.706+0000] {processor.py:157} INFO - Started process (PID=84) to work on /home/airflow/.local/lib/python3.7/site-packages/airflow/example_dags/example_skip_dag.py
[2024-11-01T18:12:07.706+0000] {processor.py:826} INFO - Processing file /home/airflow/.local/lib/python3.7/site-packages/airflow/example_dags/example_skip_dag.py for tasks to queue
[2024-11-01T18:12:07.707+0000] {logging_mixin.py:150} INFO - [2024-11-01T18:12:07.706+0000] {dagbag.py:541} INFO - Filling up the DagBag from /home/airflow/.local/lib/python3.7/site-packages/airflow/example_dags/example_skip_dag.py
[2024-11-01T18:12:07.711+0000] {processor.py:836} INFO - DAG(s) dict_keys(['example_skip_dag']) retrieved from /home/airflow/.local/lib/python3.7/site-packages/airflow/example_dags/example_skip_dag.py
[2024-11-01T18:12:07.903+0000] {logging_mixin.py:150} INFO - [2024-11-01T18:12:07.902+0000] {dag.py:2742} INFO - Sync 1 DAGs
[2024-11-01T18:12:07.948+0000] {logging_mixin.py:150} INFO - [2024-11-01T18:12:07.947+0000] {dag.py:3508} INFO - Setting next_dagrun for example_skip_dag to 2024-10-31T18:12:07.947652+00:00, run_after=2024-11-01T18:12:07.947652+00:00
[2024-11-01T18:12:07.972+0000] {processor.py:179} INFO - Processing /home/airflow/.local/lib/python3.7/site-packages/airflow/example_dags/example_skip_dag.py took 0.269 seconds
[2024-11-01T18:12:58.328+0000] {processor.py:157} INFO - Started process (PID=152) to work on /home/airflow/.local/lib/python3.7/site-packages/airflow/example_dags/example_skip_dag.py
[2024-11-01T18:12:58.330+0000] {processor.py:826} INFO - Processing file /home/airflow/.local/lib/python3.7/site-packages/airflow/example_dags/example_skip_dag.py for tasks to queue
[2024-11-01T18:12:58.330+0000] {logging_mixin.py:150} INFO - [2024-11-01T18:12:58.330+0000] {dagbag.py:541} INFO - Filling up the DagBag from /home/airflow/.local/lib/python3.7/site-packages/airflow/example_dags/example_skip_dag.py
[2024-11-01T18:12:58.336+0000] {processor.py:836} INFO - DAG(s) dict_keys(['example_skip_dag']) retrieved from /home/airflow/.local/lib/python3.7/site-packages/airflow/example_dags/example_skip_dag.py
[2024-11-01T18:12:58.353+0000] {logging_mixin.py:150} INFO - [2024-11-01T18:12:58.353+0000] {dag.py:2742} INFO - Sync 1 DAGs
[2024-11-01T18:12:58.370+0000] {logging_mixin.py:150} INFO - [2024-11-01T18:12:58.370+0000] {dag.py:3508} INFO - Setting next_dagrun for example_skip_dag to 2024-10-31T18:12:58.370299+00:00, run_after=2024-11-01T18:12:58.370299+00:00
[2024-11-01T18:12:58.392+0000] {processor.py:179} INFO - Processing /home/airflow/.local/lib/python3.7/site-packages/airflow/example_dags/example_skip_dag.py took 0.065 seconds
[2024-11-01T18:14:12.562+0000] {processor.py:157} INFO - Started process (PID=228) to work on /home/airflow/.local/lib/python3.7/site-packages/airflow/example_dags/example_skip_dag.py
[2024-11-01T18:14:12.597+0000] {processor.py:826} INFO - Processing file /home/airflow/.local/lib/python3.7/site-packages/airflow/example_dags/example_skip_dag.py for tasks to queue
[2024-11-01T18:14:12.896+0000] {logging_mixin.py:150} INFO - [2024-11-01T18:14:12.637+0000] {dagbag.py:541} INFO - Filling up the DagBag from /home/airflow/.local/lib/python3.7/site-packages/airflow/example_dags/example_skip_dag.py
[2024-11-01T18:14:13.855+0000] {processor.py:836} INFO - DAG(s) dict_keys(['example_skip_dag']) retrieved from /home/airflow/.local/lib/python3.7/site-packages/airflow/example_dags/example_skip_dag.py
[2024-11-01T18:14:14.541+0000] {logging_mixin.py:150} INFO - [2024-11-01T18:14:14.538+0000] {dag.py:2742} INFO - Sync 1 DAGs
[2024-11-01T18:14:14.643+0000] {logging_mixin.py:150} INFO - [2024-11-01T18:14:14.642+0000] {dag.py:3508} INFO - Setting next_dagrun for example_skip_dag to 2024-10-31T18:14:14.636074+00:00, run_after=2024-11-01T18:14:14.636074+00:00
[2024-11-01T18:14:15.176+0000] {processor.py:179} INFO - Processing /home/airflow/.local/lib/python3.7/site-packages/airflow/example_dags/example_skip_dag.py took 2.712 seconds
[2024-11-01T18:17:42.683+0000] {processor.py:157} INFO - Started process (PID=351) to work on /home/airflow/.local/lib/python3.7/site-packages/airflow/example_dags/example_skip_dag.py
[2024-11-01T18:17:42.709+0000] {processor.py:826} INFO - Processing file /home/airflow/.local/lib/python3.7/site-packages/airflow/example_dags/example_skip_dag.py for tasks to queue
[2024-11-01T18:17:42.865+0000] {logging_mixin.py:150} INFO - [2024-11-01T18:17:42.859+0000] {dagbag.py:541} INFO - Filling up the DagBag from /home/airflow/.local/lib/python3.7/site-packages/airflow/example_dags/example_skip_dag.py
[2024-11-01T18:17:43.242+0000] {processor.py:836} INFO - DAG(s) dict_keys(['example_skip_dag']) retrieved from /home/airflow/.local/lib/python3.7/site-packages/airflow/example_dags/example_skip_dag.py
[2024-11-01T18:17:43.662+0000] {logging_mixin.py:150} INFO - [2024-11-01T18:17:43.661+0000] {dag.py:2742} INFO - Sync 1 DAGs
[2024-11-01T18:17:43.814+0000] {logging_mixin.py:150} INFO - [2024-11-01T18:17:43.813+0000] {dag.py:3508} INFO - Setting next_dagrun for example_skip_dag to 2024-10-31T18:17:43.807961+00:00, run_after=2024-11-01T18:17:43.807961+00:00
[2024-11-01T18:17:43.910+0000] {processor.py:179} INFO - Processing /home/airflow/.local/lib/python3.7/site-packages/airflow/example_dags/example_skip_dag.py took 1.263 seconds
[2024-11-01T18:18:52.026+0000] {processor.py:157} INFO - Started process (PID=450) to work on /home/airflow/.local/lib/python3.7/site-packages/airflow/example_dags/example_skip_dag.py
[2024-11-01T18:18:52.044+0000] {processor.py:826} INFO - Processing file /home/airflow/.local/lib/python3.7/site-packages/airflow/example_dags/example_skip_dag.py for tasks to queue
[2024-11-01T18:18:52.056+0000] {logging_mixin.py:150} INFO - [2024-11-01T18:18:52.051+0000] {dagbag.py:541} INFO - Filling up the DagBag from /home/airflow/.local/lib/python3.7/site-packages/airflow/example_dags/example_skip_dag.py
[2024-11-01T18:18:52.167+0000] {processor.py:836} INFO - DAG(s) dict_keys(['example_skip_dag']) retrieved from /home/airflow/.local/lib/python3.7/site-packages/airflow/example_dags/example_skip_dag.py
[2024-11-01T18:18:52.361+0000] {logging_mixin.py:150} INFO - [2024-11-01T18:18:52.360+0000] {dag.py:2742} INFO - Sync 1 DAGs
[2024-11-01T18:18:52.442+0000] {logging_mixin.py:150} INFO - [2024-11-01T18:18:52.442+0000] {dag.py:3508} INFO - Setting next_dagrun for example_skip_dag to 2024-10-31T18:18:52.434246+00:00, run_after=2024-11-01T18:18:52.434246+00:00
[2024-11-01T18:18:52.485+0000] {processor.py:179} INFO - Processing /home/airflow/.local/lib/python3.7/site-packages/airflow/example_dags/example_skip_dag.py took 0.532 seconds
[2024-11-01T18:19:26.066+0000] {processor.py:157} INFO - Started process (PID=511) to work on /home/airflow/.local/lib/python3.7/site-packages/airflow/example_dags/example_skip_dag.py
[2024-11-01T18:19:26.609+0000] {processor.py:826} INFO - Processing file /home/airflow/.local/lib/python3.7/site-packages/airflow/example_dags/example_skip_dag.py for tasks to queue
[2024-11-01T18:19:26.629+0000] {logging_mixin.py:150} INFO - [2024-11-01T18:19:26.622+0000] {dagbag.py:541} INFO - Filling up the DagBag from /home/airflow/.local/lib/python3.7/site-packages/airflow/example_dags/example_skip_dag.py
[2024-11-01T18:19:26.732+0000] {processor.py:836} INFO - DAG(s) dict_keys(['example_skip_dag']) retrieved from /home/airflow/.local/lib/python3.7/site-packages/airflow/example_dags/example_skip_dag.py
[2024-11-01T18:19:26.871+0000] {logging_mixin.py:150} INFO - [2024-11-01T18:19:26.871+0000] {dag.py:2742} INFO - Sync 1 DAGs
[2024-11-01T18:19:27.196+0000] {logging_mixin.py:150} INFO - [2024-11-01T18:19:27.196+0000] {dag.py:3508} INFO - Setting next_dagrun for example_skip_dag to 2024-10-31T18:19:27.058202+00:00, run_after=2024-11-01T18:19:27.058202+00:00
[2024-11-01T18:19:27.298+0000] {processor.py:179} INFO - Processing /home/airflow/.local/lib/python3.7/site-packages/airflow/example_dags/example_skip_dag.py took 1.313 seconds
[2024-11-01T18:20:25.042+0000] {processor.py:157} INFO - Started process (PID=608) to work on /home/airflow/.local/lib/python3.7/site-packages/airflow/example_dags/example_skip_dag.py
[2024-11-01T18:20:25.051+0000] {processor.py:826} INFO - Processing file /home/airflow/.local/lib/python3.7/site-packages/airflow/example_dags/example_skip_dag.py for tasks to queue
[2024-11-01T18:20:25.051+0000] {logging_mixin.py:150} INFO - [2024-11-01T18:20:25.051+0000] {dagbag.py:541} INFO - Filling up the DagBag from /home/airflow/.local/lib/python3.7/site-packages/airflow/example_dags/example_skip_dag.py
[2024-11-01T18:20:25.085+0000] {processor.py:836} INFO - DAG(s) dict_keys(['example_skip_dag']) retrieved from /home/airflow/.local/lib/python3.7/site-packages/airflow/example_dags/example_skip_dag.py
[2024-11-01T18:20:25.234+0000] {logging_mixin.py:150} INFO - [2024-11-01T18:20:25.233+0000] {dag.py:2742} INFO - Sync 1 DAGs
[2024-11-01T18:20:25.275+0000] {logging_mixin.py:150} INFO - [2024-11-01T18:20:25.274+0000] {dag.py:3508} INFO - Setting next_dagrun for example_skip_dag to 2024-10-31T18:20:25.274229+00:00, run_after=2024-11-01T18:20:25.274229+00:00
[2024-11-01T18:20:25.305+0000] {processor.py:179} INFO - Processing /home/airflow/.local/lib/python3.7/site-packages/airflow/example_dags/example_skip_dag.py took 0.311 seconds
[2024-11-01T18:23:59.334+0000] {processor.py:157} INFO - Started process (PID=743) to work on /home/airflow/.local/lib/python3.7/site-packages/airflow/example_dags/example_skip_dag.py
[2024-11-01T18:23:59.577+0000] {processor.py:826} INFO - Processing file /home/airflow/.local/lib/python3.7/site-packages/airflow/example_dags/example_skip_dag.py for tasks to queue
[2024-11-01T18:23:59.590+0000] {logging_mixin.py:150} INFO - [2024-11-01T18:23:59.589+0000] {dagbag.py:541} INFO - Filling up the DagBag from /home/airflow/.local/lib/python3.7/site-packages/airflow/example_dags/example_skip_dag.py
[2024-11-01T18:24:00.443+0000] {processor.py:836} INFO - DAG(s) dict_keys(['example_skip_dag']) retrieved from /home/airflow/.local/lib/python3.7/site-packages/airflow/example_dags/example_skip_dag.py
[2024-11-01T18:24:02.417+0000] {logging_mixin.py:150} INFO - [2024-11-01T18:24:02.387+0000] {dag.py:2742} INFO - Sync 1 DAGs
[2024-11-01T18:24:02.912+0000] {logging_mixin.py:150} INFO - [2024-11-01T18:24:02.911+0000] {dag.py:3508} INFO - Setting next_dagrun for example_skip_dag to 2024-10-31T18:24:02.892992+00:00, run_after=2024-11-01T18:24:02.892992+00:00
[2024-11-01T18:24:03.146+0000] {processor.py:179} INFO - Processing /home/airflow/.local/lib/python3.7/site-packages/airflow/example_dags/example_skip_dag.py took 3.818 seconds
[2024-11-01T18:24:50.328+0000] {processor.py:157} INFO - Started process (PID=809) to work on /home/airflow/.local/lib/python3.7/site-packages/airflow/example_dags/example_skip_dag.py
[2024-11-01T18:24:50.341+0000] {processor.py:826} INFO - Processing file /home/airflow/.local/lib/python3.7/site-packages/airflow/example_dags/example_skip_dag.py for tasks to queue
[2024-11-01T18:24:50.346+0000] {logging_mixin.py:150} INFO - [2024-11-01T18:24:50.346+0000] {dagbag.py:541} INFO - Filling up the DagBag from /home/airflow/.local/lib/python3.7/site-packages/airflow/example_dags/example_skip_dag.py
[2024-11-01T18:24:50.988+0000] {processor.py:836} INFO - DAG(s) dict_keys(['example_skip_dag']) retrieved from /home/airflow/.local/lib/python3.7/site-packages/airflow/example_dags/example_skip_dag.py
[2024-11-01T18:24:51.767+0000] {logging_mixin.py:150} INFO - [2024-11-01T18:24:51.765+0000] {dag.py:2742} INFO - Sync 1 DAGs
[2024-11-01T18:24:52.064+0000] {logging_mixin.py:150} INFO - [2024-11-01T18:24:52.064+0000] {dag.py:3508} INFO - Setting next_dagrun for example_skip_dag to 2024-10-31T18:24:52.025222+00:00, run_after=2024-11-01T18:24:52.025222+00:00
[2024-11-01T18:25:14.332+0000] {processor.py:179} INFO - Processing /home/airflow/.local/lib/python3.7/site-packages/airflow/example_dags/example_skip_dag.py took 23.995 seconds
[2024-11-01T18:26:00.208+0000] {processor.py:157} INFO - Started process (PID=881) to work on /home/airflow/.local/lib/python3.7/site-packages/airflow/example_dags/example_skip_dag.py
[2024-11-01T18:26:00.235+0000] {processor.py:826} INFO - Processing file /home/airflow/.local/lib/python3.7/site-packages/airflow/example_dags/example_skip_dag.py for tasks to queue
[2024-11-01T18:26:00.263+0000] {logging_mixin.py:150} INFO - [2024-11-01T18:26:00.246+0000] {dagbag.py:541} INFO - Filling up the DagBag from /home/airflow/.local/lib/python3.7/site-packages/airflow/example_dags/example_skip_dag.py
[2024-11-01T18:26:00.346+0000] {processor.py:836} INFO - DAG(s) dict_keys(['example_skip_dag']) retrieved from /home/airflow/.local/lib/python3.7/site-packages/airflow/example_dags/example_skip_dag.py
[2024-11-01T18:26:00.501+0000] {logging_mixin.py:150} INFO - [2024-11-01T18:26:00.500+0000] {dag.py:2742} INFO - Sync 1 DAGs
[2024-11-01T18:26:00.622+0000] {logging_mixin.py:150} INFO - [2024-11-01T18:26:00.622+0000] {dag.py:3508} INFO - Setting next_dagrun for example_skip_dag to 2024-10-31T18:26:00.616399+00:00, run_after=2024-11-01T18:26:00.616399+00:00
[2024-11-01T18:26:00.679+0000] {processor.py:179} INFO - Processing /home/airflow/.local/lib/python3.7/site-packages/airflow/example_dags/example_skip_dag.py took 0.530 seconds
[2024-11-01T18:26:31.425+0000] {processor.py:157} INFO - Started process (PID=942) to work on /home/airflow/.local/lib/python3.7/site-packages/airflow/example_dags/example_skip_dag.py
[2024-11-01T18:26:31.431+0000] {processor.py:826} INFO - Processing file /home/airflow/.local/lib/python3.7/site-packages/airflow/example_dags/example_skip_dag.py for tasks to queue
[2024-11-01T18:26:31.432+0000] {logging_mixin.py:150} INFO - [2024-11-01T18:26:31.432+0000] {dagbag.py:541} INFO - Filling up the DagBag from /home/airflow/.local/lib/python3.7/site-packages/airflow/example_dags/example_skip_dag.py
[2024-11-01T18:26:31.451+0000] {processor.py:836} INFO - DAG(s) dict_keys(['example_skip_dag']) retrieved from /home/airflow/.local/lib/python3.7/site-packages/airflow/example_dags/example_skip_dag.py
[2024-11-01T18:26:31.527+0000] {logging_mixin.py:150} INFO - [2024-11-01T18:26:31.527+0000] {dag.py:2742} INFO - Sync 1 DAGs
[2024-11-01T18:26:31.609+0000] {logging_mixin.py:150} INFO - [2024-11-01T18:26:31.609+0000] {dag.py:3508} INFO - Setting next_dagrun for example_skip_dag to 2024-10-31T18:26:31.608019+00:00, run_after=2024-11-01T18:26:31.608019+00:00
[2024-11-01T18:26:31.649+0000] {processor.py:179} INFO - Processing /home/airflow/.local/lib/python3.7/site-packages/airflow/example_dags/example_skip_dag.py took 0.239 seconds
[2024-11-01T18:27:02.287+0000] {processor.py:157} INFO - Started process (PID=995) to work on /home/airflow/.local/lib/python3.7/site-packages/airflow/example_dags/example_skip_dag.py
[2024-11-01T18:27:02.290+0000] {processor.py:826} INFO - Processing file /home/airflow/.local/lib/python3.7/site-packages/airflow/example_dags/example_skip_dag.py for tasks to queue
[2024-11-01T18:27:02.291+0000] {logging_mixin.py:150} INFO - [2024-11-01T18:27:02.290+0000] {dagbag.py:541} INFO - Filling up the DagBag from /home/airflow/.local/lib/python3.7/site-packages/airflow/example_dags/example_skip_dag.py
[2024-11-01T18:27:02.305+0000] {processor.py:836} INFO - DAG(s) dict_keys(['example_skip_dag']) retrieved from /home/airflow/.local/lib/python3.7/site-packages/airflow/example_dags/example_skip_dag.py
[2024-11-01T18:27:02.339+0000] {logging_mixin.py:150} INFO - [2024-11-01T18:27:02.339+0000] {dag.py:2742} INFO - Sync 1 DAGs
[2024-11-01T18:27:02.364+0000] {logging_mixin.py:150} INFO - [2024-11-01T18:27:02.364+0000] {dag.py:3508} INFO - Setting next_dagrun for example_skip_dag to 2024-10-31T18:27:02.364110+00:00, run_after=2024-11-01T18:27:02.364110+00:00
[2024-11-01T18:27:02.387+0000] {processor.py:179} INFO - Processing /home/airflow/.local/lib/python3.7/site-packages/airflow/example_dags/example_skip_dag.py took 0.111 seconds
[2024-11-01T18:27:33.214+0000] {processor.py:157} INFO - Started process (PID=1057) to work on /home/airflow/.local/lib/python3.7/site-packages/airflow/example_dags/example_skip_dag.py
[2024-11-01T18:27:33.217+0000] {processor.py:826} INFO - Processing file /home/airflow/.local/lib/python3.7/site-packages/airflow/example_dags/example_skip_dag.py for tasks to queue
[2024-11-01T18:27:33.220+0000] {logging_mixin.py:150} INFO - [2024-11-01T18:27:33.219+0000] {dagbag.py:541} INFO - Filling up the DagBag from /home/airflow/.local/lib/python3.7/site-packages/airflow/example_dags/example_skip_dag.py
[2024-11-01T18:27:33.275+0000] {processor.py:836} INFO - DAG(s) dict_keys(['example_skip_dag']) retrieved from /home/airflow/.local/lib/python3.7/site-packages/airflow/example_dags/example_skip_dag.py
[2024-11-01T18:27:33.299+0000] {logging_mixin.py:150} INFO - [2024-11-01T18:27:33.299+0000] {dag.py:2742} INFO - Sync 1 DAGs
[2024-11-01T18:27:33.318+0000] {logging_mixin.py:150} INFO - [2024-11-01T18:27:33.318+0000] {dag.py:3508} INFO - Setting next_dagrun for example_skip_dag to 2024-10-31T18:27:33.318261+00:00, run_after=2024-11-01T18:27:33.318261+00:00
[2024-11-01T18:27:33.336+0000] {processor.py:179} INFO - Processing /home/airflow/.local/lib/python3.7/site-packages/airflow/example_dags/example_skip_dag.py took 0.132 seconds
[2024-11-01T18:30:54.863+0000] {processor.py:157} INFO - Started process (PID=1157) to work on /home/airflow/.local/lib/python3.7/site-packages/airflow/example_dags/example_skip_dag.py
[2024-11-01T18:30:54.865+0000] {processor.py:826} INFO - Processing file /home/airflow/.local/lib/python3.7/site-packages/airflow/example_dags/example_skip_dag.py for tasks to queue
[2024-11-01T18:30:54.865+0000] {logging_mixin.py:150} INFO - [2024-11-01T18:30:54.865+0000] {dagbag.py:541} INFO - Filling up the DagBag from /home/airflow/.local/lib/python3.7/site-packages/airflow/example_dags/example_skip_dag.py
[2024-11-01T18:30:54.872+0000] {processor.py:836} INFO - DAG(s) dict_keys(['example_skip_dag']) retrieved from /home/airflow/.local/lib/python3.7/site-packages/airflow/example_dags/example_skip_dag.py
[2024-11-01T18:30:54.888+0000] {logging_mixin.py:150} INFO - [2024-11-01T18:30:54.888+0000] {dag.py:2742} INFO - Sync 1 DAGs
[2024-11-01T18:30:54.901+0000] {logging_mixin.py:150} INFO - [2024-11-01T18:30:54.901+0000] {dag.py:3508} INFO - Setting next_dagrun for example_skip_dag to 2024-10-31T18:30:54.900844+00:00, run_after=2024-11-01T18:30:54.900844+00:00
[2024-11-01T18:30:54.911+0000] {processor.py:179} INFO - Processing /home/airflow/.local/lib/python3.7/site-packages/airflow/example_dags/example_skip_dag.py took 0.053 seconds
[2024-11-01T18:31:25.501+0000] {processor.py:157} INFO - Started process (PID=1219) to work on /home/airflow/.local/lib/python3.7/site-packages/airflow/example_dags/example_skip_dag.py
[2024-11-01T18:31:25.505+0000] {processor.py:826} INFO - Processing file /home/airflow/.local/lib/python3.7/site-packages/airflow/example_dags/example_skip_dag.py for tasks to queue
[2024-11-01T18:31:25.506+0000] {logging_mixin.py:150} INFO - [2024-11-01T18:31:25.506+0000] {dagbag.py:541} INFO - Filling up the DagBag from /home/airflow/.local/lib/python3.7/site-packages/airflow/example_dags/example_skip_dag.py
[2024-11-01T18:31:25.510+0000] {processor.py:836} INFO - DAG(s) dict_keys(['example_skip_dag']) retrieved from /home/airflow/.local/lib/python3.7/site-packages/airflow/example_dags/example_skip_dag.py
[2024-11-01T18:31:25.527+0000] {logging_mixin.py:150} INFO - [2024-11-01T18:31:25.527+0000] {dag.py:2742} INFO - Sync 1 DAGs
[2024-11-01T18:31:25.540+0000] {logging_mixin.py:150} INFO - [2024-11-01T18:31:25.540+0000] {dag.py:3508} INFO - Setting next_dagrun for example_skip_dag to 2024-10-31T18:31:25.540416+00:00, run_after=2024-11-01T18:31:25.540416+00:00
[2024-11-01T18:31:25.556+0000] {processor.py:179} INFO - Processing /home/airflow/.local/lib/python3.7/site-packages/airflow/example_dags/example_skip_dag.py took 0.075 seconds
[2024-11-01T18:31:55.939+0000] {processor.py:157} INFO - Started process (PID=1281) to work on /home/airflow/.local/lib/python3.7/site-packages/airflow/example_dags/example_skip_dag.py
[2024-11-01T18:31:55.939+0000] {processor.py:826} INFO - Processing file /home/airflow/.local/lib/python3.7/site-packages/airflow/example_dags/example_skip_dag.py for tasks to queue
[2024-11-01T18:31:55.940+0000] {logging_mixin.py:150} INFO - [2024-11-01T18:31:55.939+0000] {dagbag.py:541} INFO - Filling up the DagBag from /home/airflow/.local/lib/python3.7/site-packages/airflow/example_dags/example_skip_dag.py
[2024-11-01T18:31:55.943+0000] {processor.py:836} INFO - DAG(s) dict_keys(['example_skip_dag']) retrieved from /home/airflow/.local/lib/python3.7/site-packages/airflow/example_dags/example_skip_dag.py
[2024-11-01T18:31:55.962+0000] {logging_mixin.py:150} INFO - [2024-11-01T18:31:55.961+0000] {dag.py:2742} INFO - Sync 1 DAGs
[2024-11-01T18:31:55.975+0000] {logging_mixin.py:150} INFO - [2024-11-01T18:31:55.975+0000] {dag.py:3508} INFO - Setting next_dagrun for example_skip_dag to 2024-10-31T18:31:55.975061+00:00, run_after=2024-11-01T18:31:55.975061+00:00
[2024-11-01T18:31:55.989+0000] {processor.py:179} INFO - Processing /home/airflow/.local/lib/python3.7/site-packages/airflow/example_dags/example_skip_dag.py took 0.053 seconds
[2024-11-01T18:32:26.052+0000] {processor.py:157} INFO - Started process (PID=1343) to work on /home/airflow/.local/lib/python3.7/site-packages/airflow/example_dags/example_skip_dag.py
[2024-11-01T18:32:26.052+0000] {processor.py:826} INFO - Processing file /home/airflow/.local/lib/python3.7/site-packages/airflow/example_dags/example_skip_dag.py for tasks to queue
[2024-11-01T18:32:26.053+0000] {logging_mixin.py:150} INFO - [2024-11-01T18:32:26.053+0000] {dagbag.py:541} INFO - Filling up the DagBag from /home/airflow/.local/lib/python3.7/site-packages/airflow/example_dags/example_skip_dag.py
[2024-11-01T18:32:26.057+0000] {processor.py:836} INFO - DAG(s) dict_keys(['example_skip_dag']) retrieved from /home/airflow/.local/lib/python3.7/site-packages/airflow/example_dags/example_skip_dag.py
[2024-11-01T18:32:26.072+0000] {logging_mixin.py:150} INFO - [2024-11-01T18:32:26.072+0000] {dag.py:2742} INFO - Sync 1 DAGs
[2024-11-01T18:32:26.086+0000] {logging_mixin.py:150} INFO - [2024-11-01T18:32:26.086+0000] {dag.py:3508} INFO - Setting next_dagrun for example_skip_dag to 2024-10-31T18:32:26.086036+00:00, run_after=2024-11-01T18:32:26.086036+00:00
[2024-11-01T18:32:26.094+0000] {processor.py:179} INFO - Processing /home/airflow/.local/lib/python3.7/site-packages/airflow/example_dags/example_skip_dag.py took 0.045 seconds
[2024-11-01T18:32:56.189+0000] {processor.py:157} INFO - Started process (PID=1403) to work on /home/airflow/.local/lib/python3.7/site-packages/airflow/example_dags/example_skip_dag.py
[2024-11-01T18:32:56.190+0000] {processor.py:826} INFO - Processing file /home/airflow/.local/lib/python3.7/site-packages/airflow/example_dags/example_skip_dag.py for tasks to queue
[2024-11-01T18:32:56.191+0000] {logging_mixin.py:150} INFO - [2024-11-01T18:32:56.191+0000] {dagbag.py:541} INFO - Filling up the DagBag from /home/airflow/.local/lib/python3.7/site-packages/airflow/example_dags/example_skip_dag.py
[2024-11-01T18:32:56.197+0000] {processor.py:836} INFO - DAG(s) dict_keys(['example_skip_dag']) retrieved from /home/airflow/.local/lib/python3.7/site-packages/airflow/example_dags/example_skip_dag.py
[2024-11-01T18:32:56.211+0000] {logging_mixin.py:150} INFO - [2024-11-01T18:32:56.211+0000] {dag.py:2742} INFO - Sync 1 DAGs
[2024-11-01T18:32:56.234+0000] {logging_mixin.py:150} INFO - [2024-11-01T18:32:56.234+0000] {dag.py:3508} INFO - Setting next_dagrun for example_skip_dag to 2024-10-31T18:32:56.234400+00:00, run_after=2024-11-01T18:32:56.234400+00:00
[2024-11-01T18:32:56.245+0000] {processor.py:179} INFO - Processing /home/airflow/.local/lib/python3.7/site-packages/airflow/example_dags/example_skip_dag.py took 0.059 seconds
[2024-11-01T18:33:26.566+0000] {processor.py:157} INFO - Started process (PID=1465) to work on /home/airflow/.local/lib/python3.7/site-packages/airflow/example_dags/example_skip_dag.py
[2024-11-01T18:33:26.568+0000] {processor.py:826} INFO - Processing file /home/airflow/.local/lib/python3.7/site-packages/airflow/example_dags/example_skip_dag.py for tasks to queue
[2024-11-01T18:33:26.568+0000] {logging_mixin.py:150} INFO - [2024-11-01T18:33:26.568+0000] {dagbag.py:541} INFO - Filling up the DagBag from /home/airflow/.local/lib/python3.7/site-packages/airflow/example_dags/example_skip_dag.py
[2024-11-01T18:33:26.576+0000] {processor.py:836} INFO - DAG(s) dict_keys(['example_skip_dag']) retrieved from /home/airflow/.local/lib/python3.7/site-packages/airflow/example_dags/example_skip_dag.py
[2024-11-01T18:33:26.590+0000] {logging_mixin.py:150} INFO - [2024-11-01T18:33:26.590+0000] {dag.py:2742} INFO - Sync 1 DAGs
[2024-11-01T18:33:26.603+0000] {logging_mixin.py:150} INFO - [2024-11-01T18:33:26.603+0000] {dag.py:3508} INFO - Setting next_dagrun for example_skip_dag to 2024-10-31T18:33:26.603051+00:00, run_after=2024-11-01T18:33:26.603051+00:00
[2024-11-01T18:33:26.612+0000] {processor.py:179} INFO - Processing /home/airflow/.local/lib/python3.7/site-packages/airflow/example_dags/example_skip_dag.py took 0.048 seconds
[2024-11-01T18:33:57.638+0000] {processor.py:157} INFO - Started process (PID=1527) to work on /home/airflow/.local/lib/python3.7/site-packages/airflow/example_dags/example_skip_dag.py
[2024-11-01T18:33:57.638+0000] {processor.py:826} INFO - Processing file /home/airflow/.local/lib/python3.7/site-packages/airflow/example_dags/example_skip_dag.py for tasks to queue
[2024-11-01T18:33:57.640+0000] {logging_mixin.py:150} INFO - [2024-11-01T18:33:57.640+0000] {dagbag.py:541} INFO - Filling up the DagBag from /home/airflow/.local/lib/python3.7/site-packages/airflow/example_dags/example_skip_dag.py
[2024-11-01T18:33:57.644+0000] {processor.py:836} INFO - DAG(s) dict_keys(['example_skip_dag']) retrieved from /home/airflow/.local/lib/python3.7/site-packages/airflow/example_dags/example_skip_dag.py
[2024-11-01T18:33:57.658+0000] {logging_mixin.py:150} INFO - [2024-11-01T18:33:57.658+0000] {dag.py:2742} INFO - Sync 1 DAGs
[2024-11-01T18:33:57.671+0000] {logging_mixin.py:150} INFO - [2024-11-01T18:33:57.671+0000] {dag.py:3508} INFO - Setting next_dagrun for example_skip_dag to 2024-10-31T18:33:57.671672+00:00, run_after=2024-11-01T18:33:57.671672+00:00
[2024-11-01T18:33:57.686+0000] {processor.py:179} INFO - Processing /home/airflow/.local/lib/python3.7/site-packages/airflow/example_dags/example_skip_dag.py took 0.050 seconds
[2024-11-01T18:34:28.201+0000] {processor.py:157} INFO - Started process (PID=1589) to work on /home/airflow/.local/lib/python3.7/site-packages/airflow/example_dags/example_skip_dag.py
[2024-11-01T18:34:28.203+0000] {processor.py:826} INFO - Processing file /home/airflow/.local/lib/python3.7/site-packages/airflow/example_dags/example_skip_dag.py for tasks to queue
[2024-11-01T18:34:28.204+0000] {logging_mixin.py:150} INFO - [2024-11-01T18:34:28.204+0000] {dagbag.py:541} INFO - Filling up the DagBag from /home/airflow/.local/lib/python3.7/site-packages/airflow/example_dags/example_skip_dag.py
[2024-11-01T18:34:28.214+0000] {processor.py:836} INFO - DAG(s) dict_keys(['example_skip_dag']) retrieved from /home/airflow/.local/lib/python3.7/site-packages/airflow/example_dags/example_skip_dag.py
[2024-11-01T18:34:28.261+0000] {logging_mixin.py:150} INFO - [2024-11-01T18:34:28.261+0000] {dag.py:2742} INFO - Sync 1 DAGs
[2024-11-01T18:34:28.280+0000] {logging_mixin.py:150} INFO - [2024-11-01T18:34:28.280+0000] {dag.py:3508} INFO - Setting next_dagrun for example_skip_dag to 2024-10-31T18:34:28.280147+00:00, run_after=2024-11-01T18:34:28.280147+00:00
[2024-11-01T18:34:28.299+0000] {processor.py:179} INFO - Processing /home/airflow/.local/lib/python3.7/site-packages/airflow/example_dags/example_skip_dag.py took 0.100 seconds
[2024-11-01T18:34:58.698+0000] {processor.py:157} INFO - Started process (PID=1651) to work on /home/airflow/.local/lib/python3.7/site-packages/airflow/example_dags/example_skip_dag.py
[2024-11-01T18:34:58.699+0000] {processor.py:826} INFO - Processing file /home/airflow/.local/lib/python3.7/site-packages/airflow/example_dags/example_skip_dag.py for tasks to queue
[2024-11-01T18:34:58.699+0000] {logging_mixin.py:150} INFO - [2024-11-01T18:34:58.699+0000] {dagbag.py:541} INFO - Filling up the DagBag from /home/airflow/.local/lib/python3.7/site-packages/airflow/example_dags/example_skip_dag.py
[2024-11-01T18:34:58.705+0000] {processor.py:836} INFO - DAG(s) dict_keys(['example_skip_dag']) retrieved from /home/airflow/.local/lib/python3.7/site-packages/airflow/example_dags/example_skip_dag.py
[2024-11-01T18:34:58.719+0000] {logging_mixin.py:150} INFO - [2024-11-01T18:34:58.719+0000] {dag.py:2742} INFO - Sync 1 DAGs
[2024-11-01T18:34:58.734+0000] {logging_mixin.py:150} INFO - [2024-11-01T18:34:58.734+0000] {dag.py:3508} INFO - Setting next_dagrun for example_skip_dag to 2024-10-31T18:34:58.734516+00:00, run_after=2024-11-01T18:34:58.734516+00:00
[2024-11-01T18:34:58.745+0000] {processor.py:179} INFO - Processing /home/airflow/.local/lib/python3.7/site-packages/airflow/example_dags/example_skip_dag.py took 0.048 seconds
[2024-11-01T18:35:29.267+0000] {processor.py:157} INFO - Started process (PID=1713) to work on /home/airflow/.local/lib/python3.7/site-packages/airflow/example_dags/example_skip_dag.py
[2024-11-01T18:35:29.269+0000] {processor.py:826} INFO - Processing file /home/airflow/.local/lib/python3.7/site-packages/airflow/example_dags/example_skip_dag.py for tasks to queue
[2024-11-01T18:35:29.270+0000] {logging_mixin.py:150} INFO - [2024-11-01T18:35:29.269+0000] {dagbag.py:541} INFO - Filling up the DagBag from /home/airflow/.local/lib/python3.7/site-packages/airflow/example_dags/example_skip_dag.py
[2024-11-01T18:35:29.274+0000] {processor.py:836} INFO - DAG(s) dict_keys(['example_skip_dag']) retrieved from /home/airflow/.local/lib/python3.7/site-packages/airflow/example_dags/example_skip_dag.py
[2024-11-01T18:35:29.291+0000] {logging_mixin.py:150} INFO - [2024-11-01T18:35:29.291+0000] {dag.py:2742} INFO - Sync 1 DAGs
[2024-11-01T18:35:29.305+0000] {logging_mixin.py:150} INFO - [2024-11-01T18:35:29.305+0000] {dag.py:3508} INFO - Setting next_dagrun for example_skip_dag to 2024-10-31T18:35:29.305027+00:00, run_after=2024-11-01T18:35:29.305027+00:00
[2024-11-01T18:35:29.317+0000] {processor.py:179} INFO - Processing /home/airflow/.local/lib/python3.7/site-packages/airflow/example_dags/example_skip_dag.py took 0.054 seconds
[2024-11-01T18:36:01.803+0000] {processor.py:157} INFO - Started process (PID=1775) to work on /home/airflow/.local/lib/python3.7/site-packages/airflow/example_dags/example_skip_dag.py
[2024-11-01T18:36:01.805+0000] {processor.py:826} INFO - Processing file /home/airflow/.local/lib/python3.7/site-packages/airflow/example_dags/example_skip_dag.py for tasks to queue
[2024-11-01T18:36:01.809+0000] {logging_mixin.py:150} INFO - [2024-11-01T18:36:01.808+0000] {dagbag.py:541} INFO - Filling up the DagBag from /home/airflow/.local/lib/python3.7/site-packages/airflow/example_dags/example_skip_dag.py
[2024-11-01T18:36:01.833+0000] {processor.py:836} INFO - DAG(s) dict_keys(['example_skip_dag']) retrieved from /home/airflow/.local/lib/python3.7/site-packages/airflow/example_dags/example_skip_dag.py
[2024-11-01T18:36:01.902+0000] {logging_mixin.py:150} INFO - [2024-11-01T18:36:01.902+0000] {dag.py:2742} INFO - Sync 1 DAGs
[2024-11-01T18:36:01.990+0000] {logging_mixin.py:150} INFO - [2024-11-01T18:36:01.989+0000] {dag.py:3508} INFO - Setting next_dagrun for example_skip_dag to 2024-10-31T18:36:01.986446+00:00, run_after=2024-11-01T18:36:01.986446+00:00
[2024-11-01T18:36:02.096+0000] {processor.py:179} INFO - Processing /home/airflow/.local/lib/python3.7/site-packages/airflow/example_dags/example_skip_dag.py took 0.299 seconds
[2024-11-01T18:36:32.485+0000] {processor.py:157} INFO - Started process (PID=1837) to work on /home/airflow/.local/lib/python3.7/site-packages/airflow/example_dags/example_skip_dag.py
[2024-11-01T18:36:32.486+0000] {processor.py:826} INFO - Processing file /home/airflow/.local/lib/python3.7/site-packages/airflow/example_dags/example_skip_dag.py for tasks to queue
[2024-11-01T18:36:32.487+0000] {logging_mixin.py:150} INFO - [2024-11-01T18:36:32.487+0000] {dagbag.py:541} INFO - Filling up the DagBag from /home/airflow/.local/lib/python3.7/site-packages/airflow/example_dags/example_skip_dag.py
[2024-11-01T18:36:32.495+0000] {processor.py:836} INFO - DAG(s) dict_keys(['example_skip_dag']) retrieved from /home/airflow/.local/lib/python3.7/site-packages/airflow/example_dags/example_skip_dag.py
[2024-11-01T18:36:32.532+0000] {logging_mixin.py:150} INFO - [2024-11-01T18:36:32.532+0000] {dag.py:2742} INFO - Sync 1 DAGs
[2024-11-01T18:36:32.552+0000] {logging_mixin.py:150} INFO - [2024-11-01T18:36:32.552+0000] {dag.py:3508} INFO - Setting next_dagrun for example_skip_dag to 2024-10-31T18:36:32.552668+00:00, run_after=2024-11-01T18:36:32.552668+00:00
[2024-11-01T18:36:32.561+0000] {processor.py:179} INFO - Processing /home/airflow/.local/lib/python3.7/site-packages/airflow/example_dags/example_skip_dag.py took 0.085 seconds
[2024-11-01T18:37:02.643+0000] {processor.py:157} INFO - Started process (PID=1899) to work on /home/airflow/.local/lib/python3.7/site-packages/airflow/example_dags/example_skip_dag.py
[2024-11-01T18:37:02.643+0000] {processor.py:826} INFO - Processing file /home/airflow/.local/lib/python3.7/site-packages/airflow/example_dags/example_skip_dag.py for tasks to queue
[2024-11-01T18:37:02.644+0000] {logging_mixin.py:150} INFO - [2024-11-01T18:37:02.644+0000] {dagbag.py:541} INFO - Filling up the DagBag from /home/airflow/.local/lib/python3.7/site-packages/airflow/example_dags/example_skip_dag.py
[2024-11-01T18:37:02.649+0000] {processor.py:836} INFO - DAG(s) dict_keys(['example_skip_dag']) retrieved from /home/airflow/.local/lib/python3.7/site-packages/airflow/example_dags/example_skip_dag.py
[2024-11-01T18:37:02.665+0000] {logging_mixin.py:150} INFO - [2024-11-01T18:37:02.665+0000] {dag.py:2742} INFO - Sync 1 DAGs
[2024-11-01T18:37:02.681+0000] {logging_mixin.py:150} INFO - [2024-11-01T18:37:02.680+0000] {dag.py:3508} INFO - Setting next_dagrun for example_skip_dag to 2024-10-31T18:37:02.680792+00:00, run_after=2024-11-01T18:37:02.680792+00:00
[2024-11-01T18:37:02.696+0000] {processor.py:179} INFO - Processing /home/airflow/.local/lib/python3.7/site-packages/airflow/example_dags/example_skip_dag.py took 0.057 seconds
[2024-11-01T18:37:33.219+0000] {processor.py:157} INFO - Started process (PID=1960) to work on /home/airflow/.local/lib/python3.7/site-packages/airflow/example_dags/example_skip_dag.py
[2024-11-01T18:37:33.220+0000] {processor.py:826} INFO - Processing file /home/airflow/.local/lib/python3.7/site-packages/airflow/example_dags/example_skip_dag.py for tasks to queue
[2024-11-01T18:37:33.221+0000] {logging_mixin.py:150} INFO - [2024-11-01T18:37:33.221+0000] {dagbag.py:541} INFO - Filling up the DagBag from /home/airflow/.local/lib/python3.7/site-packages/airflow/example_dags/example_skip_dag.py
[2024-11-01T18:37:33.226+0000] {processor.py:836} INFO - DAG(s) dict_keys(['example_skip_dag']) retrieved from /home/airflow/.local/lib/python3.7/site-packages/airflow/example_dags/example_skip_dag.py
[2024-11-01T18:37:33.239+0000] {logging_mixin.py:150} INFO - [2024-11-01T18:37:33.239+0000] {dag.py:2742} INFO - Sync 1 DAGs
[2024-11-01T18:37:33.255+0000] {logging_mixin.py:150} INFO - [2024-11-01T18:37:33.255+0000] {dag.py:3508} INFO - Setting next_dagrun for example_skip_dag to 2024-10-31T18:37:33.255647+00:00, run_after=2024-11-01T18:37:33.255647+00:00
[2024-11-01T18:37:33.270+0000] {processor.py:179} INFO - Processing /home/airflow/.local/lib/python3.7/site-packages/airflow/example_dags/example_skip_dag.py took 0.057 seconds
[2024-11-01T18:38:08.459+0000] {processor.py:157} INFO - Started process (PID=2022) to work on /home/airflow/.local/lib/python3.7/site-packages/airflow/example_dags/example_skip_dag.py
[2024-11-01T18:38:08.459+0000] {processor.py:826} INFO - Processing file /home/airflow/.local/lib/python3.7/site-packages/airflow/example_dags/example_skip_dag.py for tasks to queue
[2024-11-01T18:38:08.460+0000] {logging_mixin.py:150} INFO - [2024-11-01T18:38:08.460+0000] {dagbag.py:541} INFO - Filling up the DagBag from /home/airflow/.local/lib/python3.7/site-packages/airflow/example_dags/example_skip_dag.py
[2024-11-01T18:38:08.465+0000] {processor.py:836} INFO - DAG(s) dict_keys(['example_skip_dag']) retrieved from /home/airflow/.local/lib/python3.7/site-packages/airflow/example_dags/example_skip_dag.py
[2024-11-01T18:38:08.489+0000] {logging_mixin.py:150} INFO - [2024-11-01T18:38:08.488+0000] {dag.py:2742} INFO - Sync 1 DAGs
[2024-11-01T18:38:08.529+0000] {logging_mixin.py:150} INFO - [2024-11-01T18:38:08.529+0000] {dag.py:3508} INFO - Setting next_dagrun for example_skip_dag to 2024-10-31T18:38:08.529228+00:00, run_after=2024-11-01T18:38:08.529228+00:00
[2024-11-01T18:38:08.550+0000] {processor.py:179} INFO - Processing /home/airflow/.local/lib/python3.7/site-packages/airflow/example_dags/example_skip_dag.py took 0.093 seconds
[2024-11-01T18:38:39.153+0000] {processor.py:157} INFO - Started process (PID=2084) to work on /home/airflow/.local/lib/python3.7/site-packages/airflow/example_dags/example_skip_dag.py
[2024-11-01T18:38:39.154+0000] {processor.py:826} INFO - Processing file /home/airflow/.local/lib/python3.7/site-packages/airflow/example_dags/example_skip_dag.py for tasks to queue
[2024-11-01T18:38:39.155+0000] {logging_mixin.py:150} INFO - [2024-11-01T18:38:39.155+0000] {dagbag.py:541} INFO - Filling up the DagBag from /home/airflow/.local/lib/python3.7/site-packages/airflow/example_dags/example_skip_dag.py
[2024-11-01T18:38:39.161+0000] {processor.py:836} INFO - DAG(s) dict_keys(['example_skip_dag']) retrieved from /home/airflow/.local/lib/python3.7/site-packages/airflow/example_dags/example_skip_dag.py
[2024-11-01T18:38:39.177+0000] {logging_mixin.py:150} INFO - [2024-11-01T18:38:39.177+0000] {dag.py:2742} INFO - Sync 1 DAGs
[2024-11-01T18:38:39.191+0000] {logging_mixin.py:150} INFO - [2024-11-01T18:38:39.191+0000] {dag.py:3508} INFO - Setting next_dagrun for example_skip_dag to 2024-10-31T18:38:39.191013+00:00, run_after=2024-11-01T18:38:39.191013+00:00
[2024-11-01T18:38:39.200+0000] {processor.py:179} INFO - Processing /home/airflow/.local/lib/python3.7/site-packages/airflow/example_dags/example_skip_dag.py took 0.049 seconds
[2024-11-01T18:39:09.712+0000] {processor.py:157} INFO - Started process (PID=2146) to work on /home/airflow/.local/lib/python3.7/site-packages/airflow/example_dags/example_skip_dag.py
[2024-11-01T18:39:09.714+0000] {processor.py:826} INFO - Processing file /home/airflow/.local/lib/python3.7/site-packages/airflow/example_dags/example_skip_dag.py for tasks to queue
[2024-11-01T18:39:09.715+0000] {logging_mixin.py:150} INFO - [2024-11-01T18:39:09.715+0000] {dagbag.py:541} INFO - Filling up the DagBag from /home/airflow/.local/lib/python3.7/site-packages/airflow/example_dags/example_skip_dag.py
[2024-11-01T18:39:09.733+0000] {processor.py:836} INFO - DAG(s) dict_keys(['example_skip_dag']) retrieved from /home/airflow/.local/lib/python3.7/site-packages/airflow/example_dags/example_skip_dag.py
[2024-11-01T18:39:09.926+0000] {logging_mixin.py:150} INFO - [2024-11-01T18:39:09.925+0000] {dag.py:2742} INFO - Sync 1 DAGs
[2024-11-01T18:39:09.981+0000] {logging_mixin.py:150} INFO - [2024-11-01T18:39:09.981+0000] {dag.py:3508} INFO - Setting next_dagrun for example_skip_dag to 2024-10-31T18:39:09.981015+00:00, run_after=2024-11-01T18:39:09.981015+00:00
[2024-11-01T18:39:10.041+0000] {processor.py:179} INFO - Processing /home/airflow/.local/lib/python3.7/site-packages/airflow/example_dags/example_skip_dag.py took 0.334 seconds
[2024-11-01T18:39:40.672+0000] {processor.py:157} INFO - Started process (PID=2213) to work on /home/airflow/.local/lib/python3.7/site-packages/airflow/example_dags/example_skip_dag.py
[2024-11-01T18:39:40.673+0000] {processor.py:826} INFO - Processing file /home/airflow/.local/lib/python3.7/site-packages/airflow/example_dags/example_skip_dag.py for tasks to queue
[2024-11-01T18:39:40.674+0000] {logging_mixin.py:150} INFO - [2024-11-01T18:39:40.674+0000] {dagbag.py:541} INFO - Filling up the DagBag from /home/airflow/.local/lib/python3.7/site-packages/airflow/example_dags/example_skip_dag.py
[2024-11-01T18:39:40.684+0000] {processor.py:836} INFO - DAG(s) dict_keys(['example_skip_dag']) retrieved from /home/airflow/.local/lib/python3.7/site-packages/airflow/example_dags/example_skip_dag.py
[2024-11-01T18:39:40.698+0000] {logging_mixin.py:150} INFO - [2024-11-01T18:39:40.698+0000] {dag.py:2742} INFO - Sync 1 DAGs
[2024-11-01T18:39:40.717+0000] {logging_mixin.py:150} INFO - [2024-11-01T18:39:40.717+0000] {dag.py:3508} INFO - Setting next_dagrun for example_skip_dag to 2024-10-31T18:39:40.716981+00:00, run_after=2024-11-01T18:39:40.716981+00:00
[2024-11-01T18:39:40.730+0000] {processor.py:179} INFO - Processing /home/airflow/.local/lib/python3.7/site-packages/airflow/example_dags/example_skip_dag.py took 0.067 seconds
[2024-11-01T18:40:10.903+0000] {processor.py:157} INFO - Started process (PID=2275) to work on /home/airflow/.local/lib/python3.7/site-packages/airflow/example_dags/example_skip_dag.py
[2024-11-01T18:40:10.908+0000] {processor.py:826} INFO - Processing file /home/airflow/.local/lib/python3.7/site-packages/airflow/example_dags/example_skip_dag.py for tasks to queue
[2024-11-01T18:40:10.909+0000] {logging_mixin.py:150} INFO - [2024-11-01T18:40:10.909+0000] {dagbag.py:541} INFO - Filling up the DagBag from /home/airflow/.local/lib/python3.7/site-packages/airflow/example_dags/example_skip_dag.py
[2024-11-01T18:40:10.917+0000] {processor.py:836} INFO - DAG(s) dict_keys(['example_skip_dag']) retrieved from /home/airflow/.local/lib/python3.7/site-packages/airflow/example_dags/example_skip_dag.py
[2024-11-01T18:40:10.945+0000] {logging_mixin.py:150} INFO - [2024-11-01T18:40:10.945+0000] {dag.py:2742} INFO - Sync 1 DAGs
[2024-11-01T18:40:10.979+0000] {logging_mixin.py:150} INFO - [2024-11-01T18:40:10.978+0000] {dag.py:3508} INFO - Setting next_dagrun for example_skip_dag to 2024-10-31T18:40:10.978611+00:00, run_after=2024-11-01T18:40:10.978611+00:00
[2024-11-01T18:40:10.997+0000] {processor.py:179} INFO - Processing /home/airflow/.local/lib/python3.7/site-packages/airflow/example_dags/example_skip_dag.py took 0.097 seconds
[2024-11-01T18:40:41.159+0000] {processor.py:157} INFO - Started process (PID=2337) to work on /home/airflow/.local/lib/python3.7/site-packages/airflow/example_dags/example_skip_dag.py
[2024-11-01T18:40:41.162+0000] {processor.py:826} INFO - Processing file /home/airflow/.local/lib/python3.7/site-packages/airflow/example_dags/example_skip_dag.py for tasks to queue
[2024-11-01T18:40:41.163+0000] {logging_mixin.py:150} INFO - [2024-11-01T18:40:41.163+0000] {dagbag.py:541} INFO - Filling up the DagBag from /home/airflow/.local/lib/python3.7/site-packages/airflow/example_dags/example_skip_dag.py
[2024-11-01T18:40:41.175+0000] {processor.py:836} INFO - DAG(s) dict_keys(['example_skip_dag']) retrieved from /home/airflow/.local/lib/python3.7/site-packages/airflow/example_dags/example_skip_dag.py
[2024-11-01T18:40:41.202+0000] {logging_mixin.py:150} INFO - [2024-11-01T18:40:41.202+0000] {dag.py:2742} INFO - Sync 1 DAGs
[2024-11-01T18:40:41.221+0000] {logging_mixin.py:150} INFO - [2024-11-01T18:40:41.221+0000] {dag.py:3508} INFO - Setting next_dagrun for example_skip_dag to 2024-10-31T18:40:41.221120+00:00, run_after=2024-11-01T18:40:41.221120+00:00
[2024-11-01T18:40:41.239+0000] {processor.py:179} INFO - Processing /home/airflow/.local/lib/python3.7/site-packages/airflow/example_dags/example_skip_dag.py took 0.082 seconds
[2024-11-01T18:41:11.435+0000] {processor.py:157} INFO - Started process (PID=2399) to work on /home/airflow/.local/lib/python3.7/site-packages/airflow/example_dags/example_skip_dag.py
[2024-11-01T18:41:11.439+0000] {processor.py:826} INFO - Processing file /home/airflow/.local/lib/python3.7/site-packages/airflow/example_dags/example_skip_dag.py for tasks to queue
[2024-11-01T18:41:11.439+0000] {logging_mixin.py:150} INFO - [2024-11-01T18:41:11.439+0000] {dagbag.py:541} INFO - Filling up the DagBag from /home/airflow/.local/lib/python3.7/site-packages/airflow/example_dags/example_skip_dag.py
[2024-11-01T18:41:11.468+0000] {processor.py:836} INFO - DAG(s) dict_keys(['example_skip_dag']) retrieved from /home/airflow/.local/lib/python3.7/site-packages/airflow/example_dags/example_skip_dag.py
[2024-11-01T18:41:11.507+0000] {logging_mixin.py:150} INFO - [2024-11-01T18:41:11.506+0000] {dag.py:2742} INFO - Sync 1 DAGs
[2024-11-01T18:41:11.526+0000] {logging_mixin.py:150} INFO - [2024-11-01T18:41:11.526+0000] {dag.py:3508} INFO - Setting next_dagrun for example_skip_dag to 2024-10-31T18:41:11.525966+00:00, run_after=2024-11-01T18:41:11.525966+00:00
[2024-11-01T18:41:11.543+0000] {processor.py:179} INFO - Processing /home/airflow/.local/lib/python3.7/site-packages/airflow/example_dags/example_skip_dag.py took 0.116 seconds
[2024-11-01T18:41:42.234+0000] {processor.py:157} INFO - Started process (PID=2461) to work on /home/airflow/.local/lib/python3.7/site-packages/airflow/example_dags/example_skip_dag.py
[2024-11-01T18:41:42.238+0000] {processor.py:826} INFO - Processing file /home/airflow/.local/lib/python3.7/site-packages/airflow/example_dags/example_skip_dag.py for tasks to queue
[2024-11-01T18:41:42.239+0000] {logging_mixin.py:150} INFO - [2024-11-01T18:41:42.239+0000] {dagbag.py:541} INFO - Filling up the DagBag from /home/airflow/.local/lib/python3.7/site-packages/airflow/example_dags/example_skip_dag.py
[2024-11-01T18:41:42.249+0000] {processor.py:836} INFO - DAG(s) dict_keys(['example_skip_dag']) retrieved from /home/airflow/.local/lib/python3.7/site-packages/airflow/example_dags/example_skip_dag.py
[2024-11-01T18:41:42.280+0000] {logging_mixin.py:150} INFO - [2024-11-01T18:41:42.280+0000] {dag.py:2742} INFO - Sync 1 DAGs
[2024-11-01T18:41:42.303+0000] {logging_mixin.py:150} INFO - [2024-11-01T18:41:42.303+0000] {dag.py:3508} INFO - Setting next_dagrun for example_skip_dag to 2024-10-31T18:41:42.303521+00:00, run_after=2024-11-01T18:41:42.303521+00:00
[2024-11-01T18:41:42.317+0000] {processor.py:179} INFO - Processing /home/airflow/.local/lib/python3.7/site-packages/airflow/example_dags/example_skip_dag.py took 0.089 seconds
[2024-11-01T18:42:12.494+0000] {processor.py:157} INFO - Started process (PID=2523) to work on /home/airflow/.local/lib/python3.7/site-packages/airflow/example_dags/example_skip_dag.py
[2024-11-01T18:42:12.496+0000] {processor.py:826} INFO - Processing file /home/airflow/.local/lib/python3.7/site-packages/airflow/example_dags/example_skip_dag.py for tasks to queue
[2024-11-01T18:42:12.497+0000] {logging_mixin.py:150} INFO - [2024-11-01T18:42:12.497+0000] {dagbag.py:541} INFO - Filling up the DagBag from /home/airflow/.local/lib/python3.7/site-packages/airflow/example_dags/example_skip_dag.py
[2024-11-01T18:42:12.514+0000] {processor.py:836} INFO - DAG(s) dict_keys(['example_skip_dag']) retrieved from /home/airflow/.local/lib/python3.7/site-packages/airflow/example_dags/example_skip_dag.py
[2024-11-01T18:42:12.541+0000] {logging_mixin.py:150} INFO - [2024-11-01T18:42:12.541+0000] {dag.py:2742} INFO - Sync 1 DAGs
[2024-11-01T18:42:12.570+0000] {logging_mixin.py:150} INFO - [2024-11-01T18:42:12.570+0000] {dag.py:3508} INFO - Setting next_dagrun for example_skip_dag to 2024-10-31T18:42:12.569866+00:00, run_after=2024-11-01T18:42:12.569866+00:00
[2024-11-01T18:42:12.583+0000] {processor.py:179} INFO - Processing /home/airflow/.local/lib/python3.7/site-packages/airflow/example_dags/example_skip_dag.py took 0.093 seconds
[2024-11-01T18:42:43.053+0000] {processor.py:157} INFO - Started process (PID=2585) to work on /home/airflow/.local/lib/python3.7/site-packages/airflow/example_dags/example_skip_dag.py
[2024-11-01T18:42:43.058+0000] {processor.py:826} INFO - Processing file /home/airflow/.local/lib/python3.7/site-packages/airflow/example_dags/example_skip_dag.py for tasks to queue
[2024-11-01T18:42:43.066+0000] {logging_mixin.py:150} INFO - [2024-11-01T18:42:43.065+0000] {dagbag.py:541} INFO - Filling up the DagBag from /home/airflow/.local/lib/python3.7/site-packages/airflow/example_dags/example_skip_dag.py
[2024-11-01T18:42:43.075+0000] {processor.py:836} INFO - DAG(s) dict_keys(['example_skip_dag']) retrieved from /home/airflow/.local/lib/python3.7/site-packages/airflow/example_dags/example_skip_dag.py
[2024-11-01T18:42:43.097+0000] {logging_mixin.py:150} INFO - [2024-11-01T18:42:43.097+0000] {dag.py:2742} INFO - Sync 1 DAGs
[2024-11-01T18:42:43.114+0000] {logging_mixin.py:150} INFO - [2024-11-01T18:42:43.114+0000] {dag.py:3508} INFO - Setting next_dagrun for example_skip_dag to 2024-10-31T18:42:43.114586+00:00, run_after=2024-11-01T18:42:43.114586+00:00
[2024-11-01T18:42:43.130+0000] {processor.py:179} INFO - Processing /home/airflow/.local/lib/python3.7/site-packages/airflow/example_dags/example_skip_dag.py took 0.080 seconds
[2024-11-01T18:43:13.816+0000] {processor.py:157} INFO - Started process (PID=2647) to work on /home/airflow/.local/lib/python3.7/site-packages/airflow/example_dags/example_skip_dag.py
[2024-11-01T18:43:13.818+0000] {processor.py:826} INFO - Processing file /home/airflow/.local/lib/python3.7/site-packages/airflow/example_dags/example_skip_dag.py for tasks to queue
[2024-11-01T18:43:13.819+0000] {logging_mixin.py:150} INFO - [2024-11-01T18:43:13.819+0000] {dagbag.py:541} INFO - Filling up the DagBag from /home/airflow/.local/lib/python3.7/site-packages/airflow/example_dags/example_skip_dag.py
[2024-11-01T18:43:13.829+0000] {processor.py:836} INFO - DAG(s) dict_keys(['example_skip_dag']) retrieved from /home/airflow/.local/lib/python3.7/site-packages/airflow/example_dags/example_skip_dag.py
[2024-11-01T18:43:13.848+0000] {logging_mixin.py:150} INFO - [2024-11-01T18:43:13.848+0000] {dag.py:2742} INFO - Sync 1 DAGs
[2024-11-01T18:43:13.871+0000] {logging_mixin.py:150} INFO - [2024-11-01T18:43:13.871+0000] {dag.py:3508} INFO - Setting next_dagrun for example_skip_dag to 2024-10-31T18:43:13.871357+00:00, run_after=2024-11-01T18:43:13.871357+00:00
[2024-11-01T18:43:13.886+0000] {processor.py:179} INFO - Processing /home/airflow/.local/lib/python3.7/site-packages/airflow/example_dags/example_skip_dag.py took 0.073 seconds
[2024-11-01T18:43:44.135+0000] {processor.py:157} INFO - Started process (PID=2709) to work on /home/airflow/.local/lib/python3.7/site-packages/airflow/example_dags/example_skip_dag.py
[2024-11-01T18:43:44.136+0000] {processor.py:826} INFO - Processing file /home/airflow/.local/lib/python3.7/site-packages/airflow/example_dags/example_skip_dag.py for tasks to queue
[2024-11-01T18:43:44.137+0000] {logging_mixin.py:150} INFO - [2024-11-01T18:43:44.136+0000] {dagbag.py:541} INFO - Filling up the DagBag from /home/airflow/.local/lib/python3.7/site-packages/airflow/example_dags/example_skip_dag.py
[2024-11-01T18:43:44.141+0000] {processor.py:836} INFO - DAG(s) dict_keys(['example_skip_dag']) retrieved from /home/airflow/.local/lib/python3.7/site-packages/airflow/example_dags/example_skip_dag.py
[2024-11-01T18:43:44.155+0000] {logging_mixin.py:150} INFO - [2024-11-01T18:43:44.155+0000] {dag.py:2742} INFO - Sync 1 DAGs
[2024-11-01T18:43:44.171+0000] {logging_mixin.py:150} INFO - [2024-11-01T18:43:44.171+0000] {dag.py:3508} INFO - Setting next_dagrun for example_skip_dag to 2024-10-31T18:43:44.171515+00:00, run_after=2024-11-01T18:43:44.171515+00:00
[2024-11-01T18:43:44.186+0000] {processor.py:179} INFO - Processing /home/airflow/.local/lib/python3.7/site-packages/airflow/example_dags/example_skip_dag.py took 0.053 seconds
[2024-11-01T18:44:15.033+0000] {processor.py:157} INFO - Started process (PID=2762) to work on /home/airflow/.local/lib/python3.7/site-packages/airflow/example_dags/example_skip_dag.py
[2024-11-01T18:44:15.035+0000] {processor.py:826} INFO - Processing file /home/airflow/.local/lib/python3.7/site-packages/airflow/example_dags/example_skip_dag.py for tasks to queue
[2024-11-01T18:44:15.037+0000] {logging_mixin.py:150} INFO - [2024-11-01T18:44:15.036+0000] {dagbag.py:541} INFO - Filling up the DagBag from /home/airflow/.local/lib/python3.7/site-packages/airflow/example_dags/example_skip_dag.py
[2024-11-01T18:44:15.053+0000] {processor.py:836} INFO - DAG(s) dict_keys(['example_skip_dag']) retrieved from /home/airflow/.local/lib/python3.7/site-packages/airflow/example_dags/example_skip_dag.py
[2024-11-01T18:44:15.080+0000] {logging_mixin.py:150} INFO - [2024-11-01T18:44:15.080+0000] {dag.py:2742} INFO - Sync 1 DAGs
[2024-11-01T18:44:15.112+0000] {logging_mixin.py:150} INFO - [2024-11-01T18:44:15.112+0000] {dag.py:3508} INFO - Setting next_dagrun for example_skip_dag to 2024-10-31T18:44:15.112320+00:00, run_after=2024-11-01T18:44:15.112320+00:00
[2024-11-01T18:44:15.131+0000] {processor.py:179} INFO - Processing /home/airflow/.local/lib/python3.7/site-packages/airflow/example_dags/example_skip_dag.py took 0.109 seconds
[2024-11-01T18:44:46.113+0000] {processor.py:157} INFO - Started process (PID=2824) to work on /home/airflow/.local/lib/python3.7/site-packages/airflow/example_dags/example_skip_dag.py
[2024-11-01T18:44:46.114+0000] {processor.py:826} INFO - Processing file /home/airflow/.local/lib/python3.7/site-packages/airflow/example_dags/example_skip_dag.py for tasks to queue
[2024-11-01T18:44:46.114+0000] {logging_mixin.py:150} INFO - [2024-11-01T18:44:46.114+0000] {dagbag.py:541} INFO - Filling up the DagBag from /home/airflow/.local/lib/python3.7/site-packages/airflow/example_dags/example_skip_dag.py
[2024-11-01T18:44:46.125+0000] {processor.py:836} INFO - DAG(s) dict_keys(['example_skip_dag']) retrieved from /home/airflow/.local/lib/python3.7/site-packages/airflow/example_dags/example_skip_dag.py
[2024-11-01T18:44:46.149+0000] {logging_mixin.py:150} INFO - [2024-11-01T18:44:46.149+0000] {dag.py:2742} INFO - Sync 1 DAGs
[2024-11-01T18:44:46.188+0000] {logging_mixin.py:150} INFO - [2024-11-01T18:44:46.188+0000] {dag.py:3508} INFO - Setting next_dagrun for example_skip_dag to 2024-10-31T18:44:46.187689+00:00, run_after=2024-11-01T18:44:46.187689+00:00
[2024-11-01T18:44:46.203+0000] {processor.py:179} INFO - Processing /home/airflow/.local/lib/python3.7/site-packages/airflow/example_dags/example_skip_dag.py took 0.093 seconds
[2024-11-01T18:45:16.662+0000] {processor.py:157} INFO - Started process (PID=2886) to work on /home/airflow/.local/lib/python3.7/site-packages/airflow/example_dags/example_skip_dag.py
[2024-11-01T18:45:16.663+0000] {processor.py:826} INFO - Processing file /home/airflow/.local/lib/python3.7/site-packages/airflow/example_dags/example_skip_dag.py for tasks to queue
[2024-11-01T18:45:16.667+0000] {logging_mixin.py:150} INFO - [2024-11-01T18:45:16.667+0000] {dagbag.py:541} INFO - Filling up the DagBag from /home/airflow/.local/lib/python3.7/site-packages/airflow/example_dags/example_skip_dag.py
[2024-11-01T18:45:16.674+0000] {processor.py:836} INFO - DAG(s) dict_keys(['example_skip_dag']) retrieved from /home/airflow/.local/lib/python3.7/site-packages/airflow/example_dags/example_skip_dag.py
[2024-11-01T18:45:16.696+0000] {logging_mixin.py:150} INFO - [2024-11-01T18:45:16.696+0000] {dag.py:2742} INFO - Sync 1 DAGs
[2024-11-01T18:45:16.727+0000] {logging_mixin.py:150} INFO - [2024-11-01T18:45:16.727+0000] {dag.py:3508} INFO - Setting next_dagrun for example_skip_dag to 2024-10-31T18:45:16.726749+00:00, run_after=2024-11-01T18:45:16.726749+00:00
[2024-11-01T18:45:16.743+0000] {processor.py:179} INFO - Processing /home/airflow/.local/lib/python3.7/site-packages/airflow/example_dags/example_skip_dag.py took 0.084 seconds
[2024-11-01T18:45:47.404+0000] {processor.py:157} INFO - Started process (PID=2948) to work on /home/airflow/.local/lib/python3.7/site-packages/airflow/example_dags/example_skip_dag.py
[2024-11-01T18:45:47.406+0000] {processor.py:826} INFO - Processing file /home/airflow/.local/lib/python3.7/site-packages/airflow/example_dags/example_skip_dag.py for tasks to queue
[2024-11-01T18:45:47.406+0000] {logging_mixin.py:150} INFO - [2024-11-01T18:45:47.406+0000] {dagbag.py:541} INFO - Filling up the DagBag from /home/airflow/.local/lib/python3.7/site-packages/airflow/example_dags/example_skip_dag.py
[2024-11-01T18:45:47.420+0000] {processor.py:836} INFO - DAG(s) dict_keys(['example_skip_dag']) retrieved from /home/airflow/.local/lib/python3.7/site-packages/airflow/example_dags/example_skip_dag.py
[2024-11-01T18:45:47.447+0000] {logging_mixin.py:150} INFO - [2024-11-01T18:45:47.447+0000] {dag.py:2742} INFO - Sync 1 DAGs
[2024-11-01T18:45:47.470+0000] {logging_mixin.py:150} INFO - [2024-11-01T18:45:47.470+0000] {dag.py:3508} INFO - Setting next_dagrun for example_skip_dag to 2024-10-31T18:45:47.470149+00:00, run_after=2024-11-01T18:45:47.470149+00:00
[2024-11-01T18:45:47.485+0000] {processor.py:179} INFO - Processing /home/airflow/.local/lib/python3.7/site-packages/airflow/example_dags/example_skip_dag.py took 0.086 seconds
[2024-11-01T18:46:18.468+0000] {processor.py:157} INFO - Started process (PID=3010) to work on /home/airflow/.local/lib/python3.7/site-packages/airflow/example_dags/example_skip_dag.py
[2024-11-01T18:46:18.469+0000] {processor.py:826} INFO - Processing file /home/airflow/.local/lib/python3.7/site-packages/airflow/example_dags/example_skip_dag.py for tasks to queue
[2024-11-01T18:46:18.470+0000] {logging_mixin.py:150} INFO - [2024-11-01T18:46:18.470+0000] {dagbag.py:541} INFO - Filling up the DagBag from /home/airflow/.local/lib/python3.7/site-packages/airflow/example_dags/example_skip_dag.py
[2024-11-01T18:46:18.478+0000] {processor.py:836} INFO - DAG(s) dict_keys(['example_skip_dag']) retrieved from /home/airflow/.local/lib/python3.7/site-packages/airflow/example_dags/example_skip_dag.py
[2024-11-01T18:46:18.499+0000] {logging_mixin.py:150} INFO - [2024-11-01T18:46:18.499+0000] {dag.py:2742} INFO - Sync 1 DAGs
[2024-11-01T18:46:18.520+0000] {logging_mixin.py:150} INFO - [2024-11-01T18:46:18.520+0000] {dag.py:3508} INFO - Setting next_dagrun for example_skip_dag to 2024-10-31T18:46:18.520148+00:00, run_after=2024-11-01T18:46:18.520148+00:00
[2024-11-01T18:46:18.536+0000] {processor.py:179} INFO - Processing /home/airflow/.local/lib/python3.7/site-packages/airflow/example_dags/example_skip_dag.py took 0.078 seconds
[2024-11-01T18:46:54.336+0000] {processor.py:157} INFO - Started process (PID=3072) to work on /home/airflow/.local/lib/python3.7/site-packages/airflow/example_dags/example_skip_dag.py
[2024-11-01T18:46:54.348+0000] {processor.py:826} INFO - Processing file /home/airflow/.local/lib/python3.7/site-packages/airflow/example_dags/example_skip_dag.py for tasks to queue
[2024-11-01T18:46:54.351+0000] {logging_mixin.py:150} INFO - [2024-11-01T18:46:54.351+0000] {dagbag.py:541} INFO - Filling up the DagBag from /home/airflow/.local/lib/python3.7/site-packages/airflow/example_dags/example_skip_dag.py
[2024-11-01T18:46:54.368+0000] {processor.py:836} INFO - DAG(s) dict_keys(['example_skip_dag']) retrieved from /home/airflow/.local/lib/python3.7/site-packages/airflow/example_dags/example_skip_dag.py
[2024-11-01T18:46:54.437+0000] {logging_mixin.py:150} INFO - [2024-11-01T18:46:54.437+0000] {dag.py:2742} INFO - Sync 1 DAGs
[2024-11-01T18:46:54.511+0000] {logging_mixin.py:150} INFO - [2024-11-01T18:46:54.511+0000] {dag.py:3508} INFO - Setting next_dagrun for example_skip_dag to 2024-10-31T18:46:54.510977+00:00, run_after=2024-11-01T18:46:54.510977+00:00
[2024-11-01T18:46:54.533+0000] {processor.py:179} INFO - Processing /home/airflow/.local/lib/python3.7/site-packages/airflow/example_dags/example_skip_dag.py took 0.230 seconds
[2024-11-01T18:47:24.575+0000] {processor.py:157} INFO - Started process (PID=3134) to work on /home/airflow/.local/lib/python3.7/site-packages/airflow/example_dags/example_skip_dag.py
[2024-11-01T18:47:24.576+0000] {processor.py:826} INFO - Processing file /home/airflow/.local/lib/python3.7/site-packages/airflow/example_dags/example_skip_dag.py for tasks to queue
[2024-11-01T18:47:24.577+0000] {logging_mixin.py:150} INFO - [2024-11-01T18:47:24.577+0000] {dagbag.py:541} INFO - Filling up the DagBag from /home/airflow/.local/lib/python3.7/site-packages/airflow/example_dags/example_skip_dag.py
[2024-11-01T18:47:24.582+0000] {processor.py:836} INFO - DAG(s) dict_keys(['example_skip_dag']) retrieved from /home/airflow/.local/lib/python3.7/site-packages/airflow/example_dags/example_skip_dag.py
[2024-11-01T18:47:24.598+0000] {logging_mixin.py:150} INFO - [2024-11-01T18:47:24.598+0000] {dag.py:2742} INFO - Sync 1 DAGs
[2024-11-01T18:47:24.617+0000] {logging_mixin.py:150} INFO - [2024-11-01T18:47:24.617+0000] {dag.py:3508} INFO - Setting next_dagrun for example_skip_dag to 2024-10-31T18:47:24.616765+00:00, run_after=2024-11-01T18:47:24.616765+00:00
[2024-11-01T18:47:24.630+0000] {processor.py:179} INFO - Processing /home/airflow/.local/lib/python3.7/site-packages/airflow/example_dags/example_skip_dag.py took 0.057 seconds
[2024-11-01T18:47:58.209+0000] {processor.py:157} INFO - Started process (PID=3196) to work on /home/airflow/.local/lib/python3.7/site-packages/airflow/example_dags/example_skip_dag.py
[2024-11-01T18:47:58.212+0000] {processor.py:826} INFO - Processing file /home/airflow/.local/lib/python3.7/site-packages/airflow/example_dags/example_skip_dag.py for tasks to queue
[2024-11-01T18:47:58.213+0000] {logging_mixin.py:150} INFO - [2024-11-01T18:47:58.212+0000] {dagbag.py:541} INFO - Filling up the DagBag from /home/airflow/.local/lib/python3.7/site-packages/airflow/example_dags/example_skip_dag.py
[2024-11-01T18:47:58.226+0000] {processor.py:836} INFO - DAG(s) dict_keys(['example_skip_dag']) retrieved from /home/airflow/.local/lib/python3.7/site-packages/airflow/example_dags/example_skip_dag.py
[2024-11-01T18:47:58.262+0000] {logging_mixin.py:150} INFO - [2024-11-01T18:47:58.261+0000] {dag.py:2742} INFO - Sync 1 DAGs
[2024-11-01T18:47:58.293+0000] {logging_mixin.py:150} INFO - [2024-11-01T18:47:58.293+0000] {dag.py:3508} INFO - Setting next_dagrun for example_skip_dag to 2024-10-31T18:47:58.293288+00:00, run_after=2024-11-01T18:47:58.293288+00:00
[2024-11-01T18:47:58.324+0000] {processor.py:179} INFO - Processing /home/airflow/.local/lib/python3.7/site-packages/airflow/example_dags/example_skip_dag.py took 0.133 seconds
[2024-11-01T18:48:29.165+0000] {processor.py:157} INFO - Started process (PID=3258) to work on /home/airflow/.local/lib/python3.7/site-packages/airflow/example_dags/example_skip_dag.py
[2024-11-01T18:48:29.166+0000] {processor.py:826} INFO - Processing file /home/airflow/.local/lib/python3.7/site-packages/airflow/example_dags/example_skip_dag.py for tasks to queue
[2024-11-01T18:48:29.167+0000] {logging_mixin.py:150} INFO - [2024-11-01T18:48:29.167+0000] {dagbag.py:541} INFO - Filling up the DagBag from /home/airflow/.local/lib/python3.7/site-packages/airflow/example_dags/example_skip_dag.py
[2024-11-01T18:48:29.174+0000] {processor.py:836} INFO - DAG(s) dict_keys(['example_skip_dag']) retrieved from /home/airflow/.local/lib/python3.7/site-packages/airflow/example_dags/example_skip_dag.py
[2024-11-01T18:48:29.206+0000] {logging_mixin.py:150} INFO - [2024-11-01T18:48:29.206+0000] {dag.py:2742} INFO - Sync 1 DAGs
[2024-11-01T18:48:29.237+0000] {logging_mixin.py:150} INFO - [2024-11-01T18:48:29.236+0000] {dag.py:3508} INFO - Setting next_dagrun for example_skip_dag to 2024-10-31T18:48:29.236404+00:00, run_after=2024-11-01T18:48:29.236404+00:00
[2024-11-01T18:48:29.259+0000] {processor.py:179} INFO - Processing /home/airflow/.local/lib/python3.7/site-packages/airflow/example_dags/example_skip_dag.py took 0.099 seconds
[2024-11-01T18:49:00.141+0000] {processor.py:157} INFO - Started process (PID=3320) to work on /home/airflow/.local/lib/python3.7/site-packages/airflow/example_dags/example_skip_dag.py
[2024-11-01T18:49:00.142+0000] {processor.py:826} INFO - Processing file /home/airflow/.local/lib/python3.7/site-packages/airflow/example_dags/example_skip_dag.py for tasks to queue
[2024-11-01T18:49:00.142+0000] {logging_mixin.py:150} INFO - [2024-11-01T18:49:00.142+0000] {dagbag.py:541} INFO - Filling up the DagBag from /home/airflow/.local/lib/python3.7/site-packages/airflow/example_dags/example_skip_dag.py
[2024-11-01T18:49:00.147+0000] {processor.py:836} INFO - DAG(s) dict_keys(['example_skip_dag']) retrieved from /home/airflow/.local/lib/python3.7/site-packages/airflow/example_dags/example_skip_dag.py
[2024-11-01T18:49:00.162+0000] {logging_mixin.py:150} INFO - [2024-11-01T18:49:00.162+0000] {dag.py:2742} INFO - Sync 1 DAGs
[2024-11-01T18:49:00.177+0000] {logging_mixin.py:150} INFO - [2024-11-01T18:49:00.177+0000] {dag.py:3508} INFO - Setting next_dagrun for example_skip_dag to 2024-10-31T18:49:00.177559+00:00, run_after=2024-11-01T18:49:00.177559+00:00
[2024-11-01T18:49:00.191+0000] {processor.py:179} INFO - Processing /home/airflow/.local/lib/python3.7/site-packages/airflow/example_dags/example_skip_dag.py took 0.055 seconds
[2024-11-01T18:49:30.360+0000] {processor.py:157} INFO - Started process (PID=3382) to work on /home/airflow/.local/lib/python3.7/site-packages/airflow/example_dags/example_skip_dag.py
[2024-11-01T18:49:30.362+0000] {processor.py:826} INFO - Processing file /home/airflow/.local/lib/python3.7/site-packages/airflow/example_dags/example_skip_dag.py for tasks to queue
[2024-11-01T18:49:30.362+0000] {logging_mixin.py:150} INFO - [2024-11-01T18:49:30.362+0000] {dagbag.py:541} INFO - Filling up the DagBag from /home/airflow/.local/lib/python3.7/site-packages/airflow/example_dags/example_skip_dag.py
[2024-11-01T18:49:30.367+0000] {processor.py:836} INFO - DAG(s) dict_keys(['example_skip_dag']) retrieved from /home/airflow/.local/lib/python3.7/site-packages/airflow/example_dags/example_skip_dag.py
[2024-11-01T18:49:30.388+0000] {logging_mixin.py:150} INFO - [2024-11-01T18:49:30.388+0000] {dag.py:2742} INFO - Sync 1 DAGs
[2024-11-01T18:49:30.408+0000] {logging_mixin.py:150} INFO - [2024-11-01T18:49:30.408+0000] {dag.py:3508} INFO - Setting next_dagrun for example_skip_dag to 2024-10-31T18:49:30.408344+00:00, run_after=2024-11-01T18:49:30.408344+00:00
[2024-11-01T18:49:30.422+0000] {processor.py:179} INFO - Processing /home/airflow/.local/lib/python3.7/site-packages/airflow/example_dags/example_skip_dag.py took 0.064 seconds
[2024-11-01T18:50:00.731+0000] {processor.py:157} INFO - Started process (PID=3444) to work on /home/airflow/.local/lib/python3.7/site-packages/airflow/example_dags/example_skip_dag.py
[2024-11-01T18:50:00.732+0000] {processor.py:826} INFO - Processing file /home/airflow/.local/lib/python3.7/site-packages/airflow/example_dags/example_skip_dag.py for tasks to queue
[2024-11-01T18:50:00.732+0000] {logging_mixin.py:150} INFO - [2024-11-01T18:50:00.732+0000] {dagbag.py:541} INFO - Filling up the DagBag from /home/airflow/.local/lib/python3.7/site-packages/airflow/example_dags/example_skip_dag.py
[2024-11-01T18:50:00.737+0000] {processor.py:836} INFO - DAG(s) dict_keys(['example_skip_dag']) retrieved from /home/airflow/.local/lib/python3.7/site-packages/airflow/example_dags/example_skip_dag.py
[2024-11-01T18:50:00.753+0000] {logging_mixin.py:150} INFO - [2024-11-01T18:50:00.753+0000] {dag.py:2742} INFO - Sync 1 DAGs
[2024-11-01T18:50:00.772+0000] {logging_mixin.py:150} INFO - [2024-11-01T18:50:00.772+0000] {dag.py:3508} INFO - Setting next_dagrun for example_skip_dag to 2024-10-31T18:50:00.772103+00:00, run_after=2024-11-01T18:50:00.772103+00:00
[2024-11-01T18:50:00.784+0000] {processor.py:179} INFO - Processing /home/airflow/.local/lib/python3.7/site-packages/airflow/example_dags/example_skip_dag.py took 0.057 seconds
[2024-11-01T18:50:30.837+0000] {processor.py:157} INFO - Started process (PID=3506) to work on /home/airflow/.local/lib/python3.7/site-packages/airflow/example_dags/example_skip_dag.py
[2024-11-01T18:50:30.838+0000] {processor.py:826} INFO - Processing file /home/airflow/.local/lib/python3.7/site-packages/airflow/example_dags/example_skip_dag.py for tasks to queue
[2024-11-01T18:50:30.838+0000] {logging_mixin.py:150} INFO - [2024-11-01T18:50:30.838+0000] {dagbag.py:541} INFO - Filling up the DagBag from /home/airflow/.local/lib/python3.7/site-packages/airflow/example_dags/example_skip_dag.py
[2024-11-01T18:50:30.842+0000] {processor.py:836} INFO - DAG(s) dict_keys(['example_skip_dag']) retrieved from /home/airflow/.local/lib/python3.7/site-packages/airflow/example_dags/example_skip_dag.py
[2024-11-01T18:50:30.854+0000] {logging_mixin.py:150} INFO - [2024-11-01T18:50:30.853+0000] {dag.py:2742} INFO - Sync 1 DAGs
[2024-11-01T18:50:30.865+0000] {logging_mixin.py:150} INFO - [2024-11-01T18:50:30.865+0000] {dag.py:3508} INFO - Setting next_dagrun for example_skip_dag to 2024-10-31T18:50:30.865428+00:00, run_after=2024-11-01T18:50:30.865428+00:00
[2024-11-01T18:50:30.873+0000] {processor.py:179} INFO - Processing /home/airflow/.local/lib/python3.7/site-packages/airflow/example_dags/example_skip_dag.py took 0.038 seconds
[2024-11-01T18:51:01.278+0000] {processor.py:157} INFO - Started process (PID=3568) to work on /home/airflow/.local/lib/python3.7/site-packages/airflow/example_dags/example_skip_dag.py
[2024-11-01T18:51:01.282+0000] {processor.py:826} INFO - Processing file /home/airflow/.local/lib/python3.7/site-packages/airflow/example_dags/example_skip_dag.py for tasks to queue
[2024-11-01T18:51:01.283+0000] {logging_mixin.py:150} INFO - [2024-11-01T18:51:01.283+0000] {dagbag.py:541} INFO - Filling up the DagBag from /home/airflow/.local/lib/python3.7/site-packages/airflow/example_dags/example_skip_dag.py
[2024-11-01T18:51:01.289+0000] {processor.py:836} INFO - DAG(s) dict_keys(['example_skip_dag']) retrieved from /home/airflow/.local/lib/python3.7/site-packages/airflow/example_dags/example_skip_dag.py
[2024-11-01T18:51:01.315+0000] {logging_mixin.py:150} INFO - [2024-11-01T18:51:01.315+0000] {dag.py:2742} INFO - Sync 1 DAGs
[2024-11-01T18:51:01.347+0000] {logging_mixin.py:150} INFO - [2024-11-01T18:51:01.347+0000] {dag.py:3508} INFO - Setting next_dagrun for example_skip_dag to 2024-10-31T18:51:01.347438+00:00, run_after=2024-11-01T18:51:01.347438+00:00
[2024-11-01T18:51:01.368+0000] {processor.py:179} INFO - Processing /home/airflow/.local/lib/python3.7/site-packages/airflow/example_dags/example_skip_dag.py took 0.112 seconds
[2024-11-01T18:51:32.242+0000] {processor.py:157} INFO - Started process (PID=3630) to work on /home/airflow/.local/lib/python3.7/site-packages/airflow/example_dags/example_skip_dag.py
[2024-11-01T18:51:32.243+0000] {processor.py:826} INFO - Processing file /home/airflow/.local/lib/python3.7/site-packages/airflow/example_dags/example_skip_dag.py for tasks to queue
[2024-11-01T18:51:32.243+0000] {logging_mixin.py:150} INFO - [2024-11-01T18:51:32.243+0000] {dagbag.py:541} INFO - Filling up the DagBag from /home/airflow/.local/lib/python3.7/site-packages/airflow/example_dags/example_skip_dag.py
[2024-11-01T18:51:32.251+0000] {processor.py:836} INFO - DAG(s) dict_keys(['example_skip_dag']) retrieved from /home/airflow/.local/lib/python3.7/site-packages/airflow/example_dags/example_skip_dag.py
[2024-11-01T18:51:32.268+0000] {logging_mixin.py:150} INFO - [2024-11-01T18:51:32.268+0000] {dag.py:2742} INFO - Sync 1 DAGs
[2024-11-01T18:51:32.286+0000] {logging_mixin.py:150} INFO - [2024-11-01T18:51:32.285+0000] {dag.py:3508} INFO - Setting next_dagrun for example_skip_dag to 2024-10-31T18:51:32.285684+00:00, run_after=2024-11-01T18:51:32.285684+00:00
[2024-11-01T18:51:32.304+0000] {processor.py:179} INFO - Processing /home/airflow/.local/lib/python3.7/site-packages/airflow/example_dags/example_skip_dag.py took 0.064 seconds
[2024-11-01T18:52:02.981+0000] {processor.py:157} INFO - Started process (PID=3692) to work on /home/airflow/.local/lib/python3.7/site-packages/airflow/example_dags/example_skip_dag.py
[2024-11-01T18:52:02.982+0000] {processor.py:826} INFO - Processing file /home/airflow/.local/lib/python3.7/site-packages/airflow/example_dags/example_skip_dag.py for tasks to queue
[2024-11-01T18:52:02.982+0000] {logging_mixin.py:150} INFO - [2024-11-01T18:52:02.982+0000] {dagbag.py:541} INFO - Filling up the DagBag from /home/airflow/.local/lib/python3.7/site-packages/airflow/example_dags/example_skip_dag.py
[2024-11-01T18:52:02.987+0000] {processor.py:836} INFO - DAG(s) dict_keys(['example_skip_dag']) retrieved from /home/airflow/.local/lib/python3.7/site-packages/airflow/example_dags/example_skip_dag.py
[2024-11-01T18:52:03.002+0000] {logging_mixin.py:150} INFO - [2024-11-01T18:52:03.002+0000] {dag.py:2742} INFO - Sync 1 DAGs
[2024-11-01T18:52:03.016+0000] {logging_mixin.py:150} INFO - [2024-11-01T18:52:03.016+0000] {dag.py:3508} INFO - Setting next_dagrun for example_skip_dag to 2024-10-31T18:52:03.016489+00:00, run_after=2024-11-01T18:52:03.016489+00:00
[2024-11-01T18:52:03.025+0000] {processor.py:179} INFO - Processing /home/airflow/.local/lib/python3.7/site-packages/airflow/example_dags/example_skip_dag.py took 0.046 seconds
[2024-11-01T18:52:33.051+0000] {processor.py:157} INFO - Started process (PID=3753) to work on /home/airflow/.local/lib/python3.7/site-packages/airflow/example_dags/example_skip_dag.py
[2024-11-01T18:52:33.054+0000] {processor.py:826} INFO - Processing file /home/airflow/.local/lib/python3.7/site-packages/airflow/example_dags/example_skip_dag.py for tasks to queue
[2024-11-01T18:52:33.054+0000] {logging_mixin.py:150} INFO - [2024-11-01T18:52:33.054+0000] {dagbag.py:541} INFO - Filling up the DagBag from /home/airflow/.local/lib/python3.7/site-packages/airflow/example_dags/example_skip_dag.py
[2024-11-01T18:52:33.058+0000] {processor.py:836} INFO - DAG(s) dict_keys(['example_skip_dag']) retrieved from /home/airflow/.local/lib/python3.7/site-packages/airflow/example_dags/example_skip_dag.py
[2024-11-01T18:52:33.071+0000] {logging_mixin.py:150} INFO - [2024-11-01T18:52:33.071+0000] {dag.py:2742} INFO - Sync 1 DAGs
[2024-11-01T18:52:33.083+0000] {logging_mixin.py:150} INFO - [2024-11-01T18:52:33.083+0000] {dag.py:3508} INFO - Setting next_dagrun for example_skip_dag to 2024-10-31T18:52:33.083349+00:00, run_after=2024-11-01T18:52:33.083349+00:00
[2024-11-01T18:52:33.093+0000] {processor.py:179} INFO - Processing /home/airflow/.local/lib/python3.7/site-packages/airflow/example_dags/example_skip_dag.py took 0.044 seconds
