[2024-11-01T18:12:00.267+0000] {processor.py:157} INFO - Started process (PID=48) to work on /home/airflow/.local/lib/python3.7/site-packages/airflow/example_dags/example_branch_operator_decorator.py
[2024-11-01T18:12:00.277+0000] {processor.py:826} INFO - Processing file /home/airflow/.local/lib/python3.7/site-packages/airflow/example_dags/example_branch_operator_decorator.py for tasks to queue
[2024-11-01T18:12:00.278+0000] {logging_mixin.py:150} INFO - [2024-11-01T18:12:00.278+0000] {dagbag.py:541} INFO - Filling up the DagBag from /home/airflow/.local/lib/python3.7/site-packages/airflow/example_dags/example_branch_operator_decorator.py
[2024-11-01T18:12:00.287+0000] {processor.py:836} INFO - DAG(s) dict_keys(['example_branch_python_operator_decorator']) retrieved from /home/airflow/.local/lib/python3.7/site-packages/airflow/example_dags/example_branch_operator_decorator.py
[2024-11-01T18:12:00.356+0000] {logging_mixin.py:150} INFO - [2024-11-01T18:12:00.356+0000] {dag.py:2742} INFO - Sync 1 DAGs
[2024-11-01T18:12:00.400+0000] {logging_mixin.py:150} INFO - [2024-11-01T18:12:00.399+0000] {dag.py:3508} INFO - Setting next_dagrun for example_branch_python_operator_decorator to 2024-10-31T00:00:00+00:00, run_after=2024-11-01T00:00:00+00:00
[2024-11-01T18:12:00.413+0000] {processor.py:179} INFO - Processing /home/airflow/.local/lib/python3.7/site-packages/airflow/example_dags/example_branch_operator_decorator.py took 0.276 seconds
[2024-11-01T18:12:31.663+0000] {processor.py:157} INFO - Started process (PID=110) to work on /home/airflow/.local/lib/python3.7/site-packages/airflow/example_dags/example_branch_operator_decorator.py
[2024-11-01T18:12:31.670+0000] {processor.py:826} INFO - Processing file /home/airflow/.local/lib/python3.7/site-packages/airflow/example_dags/example_branch_operator_decorator.py for tasks to queue
[2024-11-01T18:12:31.671+0000] {logging_mixin.py:150} INFO - [2024-11-01T18:12:31.671+0000] {dagbag.py:541} INFO - Filling up the DagBag from /home/airflow/.local/lib/python3.7/site-packages/airflow/example_dags/example_branch_operator_decorator.py
[2024-11-01T18:12:31.679+0000] {processor.py:836} INFO - DAG(s) dict_keys(['example_branch_python_operator_decorator']) retrieved from /home/airflow/.local/lib/python3.7/site-packages/airflow/example_dags/example_branch_operator_decorator.py
[2024-11-01T18:12:31.724+0000] {logging_mixin.py:150} INFO - [2024-11-01T18:12:31.724+0000] {dag.py:2742} INFO - Sync 1 DAGs
[2024-11-01T18:12:31.753+0000] {logging_mixin.py:150} INFO - [2024-11-01T18:12:31.753+0000] {dag.py:3508} INFO - Setting next_dagrun for example_branch_python_operator_decorator to 2024-10-31T00:00:00+00:00, run_after=2024-11-01T00:00:00+00:00
[2024-11-01T18:12:31.777+0000] {processor.py:179} INFO - Processing /home/airflow/.local/lib/python3.7/site-packages/airflow/example_dags/example_branch_operator_decorator.py took 0.154 seconds
[2024-11-01T18:13:03.663+0000] {processor.py:157} INFO - Started process (PID=171) to work on /home/airflow/.local/lib/python3.7/site-packages/airflow/example_dags/example_branch_operator_decorator.py
[2024-11-01T18:13:03.667+0000] {processor.py:826} INFO - Processing file /home/airflow/.local/lib/python3.7/site-packages/airflow/example_dags/example_branch_operator_decorator.py for tasks to queue
[2024-11-01T18:13:03.667+0000] {logging_mixin.py:150} INFO - [2024-11-01T18:13:03.667+0000] {dagbag.py:541} INFO - Filling up the DagBag from /home/airflow/.local/lib/python3.7/site-packages/airflow/example_dags/example_branch_operator_decorator.py
[2024-11-01T18:13:03.758+0000] {processor.py:836} INFO - DAG(s) dict_keys(['example_branch_python_operator_decorator']) retrieved from /home/airflow/.local/lib/python3.7/site-packages/airflow/example_dags/example_branch_operator_decorator.py
[2024-11-01T18:13:03.806+0000] {logging_mixin.py:150} INFO - [2024-11-01T18:13:03.806+0000] {dag.py:2742} INFO - Sync 1 DAGs
[2024-11-01T18:13:03.820+0000] {logging_mixin.py:150} INFO - [2024-11-01T18:13:03.820+0000] {dag.py:3508} INFO - Setting next_dagrun for example_branch_python_operator_decorator to 2024-10-31T00:00:00+00:00, run_after=2024-11-01T00:00:00+00:00
[2024-11-01T18:13:03.830+0000] {processor.py:179} INFO - Processing /home/airflow/.local/lib/python3.7/site-packages/airflow/example_dags/example_branch_operator_decorator.py took 0.174 seconds
[2024-11-01T18:13:43.041+0000] {processor.py:157} INFO - Started process (PID=212) to work on /home/airflow/.local/lib/python3.7/site-packages/airflow/example_dags/example_branch_operator_decorator.py
[2024-11-01T18:13:43.050+0000] {processor.py:826} INFO - Processing file /home/airflow/.local/lib/python3.7/site-packages/airflow/example_dags/example_branch_operator_decorator.py for tasks to queue
[2024-11-01T18:13:43.052+0000] {logging_mixin.py:150} INFO - [2024-11-01T18:13:43.052+0000] {dagbag.py:541} INFO - Filling up the DagBag from /home/airflow/.local/lib/python3.7/site-packages/airflow/example_dags/example_branch_operator_decorator.py
[2024-11-01T18:13:43.106+0000] {processor.py:836} INFO - DAG(s) dict_keys(['example_branch_python_operator_decorator']) retrieved from /home/airflow/.local/lib/python3.7/site-packages/airflow/example_dags/example_branch_operator_decorator.py
[2024-11-01T18:13:43.327+0000] {logging_mixin.py:150} INFO - [2024-11-01T18:13:43.327+0000] {dag.py:2742} INFO - Sync 1 DAGs
[2024-11-01T18:13:43.373+0000] {logging_mixin.py:150} INFO - [2024-11-01T18:13:43.373+0000] {dag.py:3508} INFO - Setting next_dagrun for example_branch_python_operator_decorator to 2024-10-31T00:00:00+00:00, run_after=2024-11-01T00:00:00+00:00
[2024-11-01T18:13:43.396+0000] {processor.py:179} INFO - Processing /home/airflow/.local/lib/python3.7/site-packages/airflow/example_dags/example_branch_operator_decorator.py took 0.368 seconds
[2024-11-01T18:14:44.444+0000] {processor.py:157} INFO - Started process (PID=238) to work on /home/airflow/.local/lib/python3.7/site-packages/airflow/example_dags/example_branch_operator_decorator.py
[2024-11-01T18:14:44.484+0000] {processor.py:826} INFO - Processing file /home/airflow/.local/lib/python3.7/site-packages/airflow/example_dags/example_branch_operator_decorator.py for tasks to queue
[2024-11-01T18:14:44.535+0000] {logging_mixin.py:150} INFO - [2024-11-01T18:14:44.493+0000] {dagbag.py:541} INFO - Filling up the DagBag from /home/airflow/.local/lib/python3.7/site-packages/airflow/example_dags/example_branch_operator_decorator.py
[2024-11-01T18:14:45.012+0000] {processor.py:836} INFO - DAG(s) dict_keys(['example_branch_python_operator_decorator']) retrieved from /home/airflow/.local/lib/python3.7/site-packages/airflow/example_dags/example_branch_operator_decorator.py
[2024-11-01T18:14:45.893+0000] {logging_mixin.py:150} INFO - [2024-11-01T18:14:45.891+0000] {dag.py:2742} INFO - Sync 1 DAGs
[2024-11-01T18:14:46.629+0000] {logging_mixin.py:150} INFO - [2024-11-01T18:14:46.622+0000] {dag.py:3508} INFO - Setting next_dagrun for example_branch_python_operator_decorator to 2024-10-31T00:00:00+00:00, run_after=2024-11-01T00:00:00+00:00
[2024-11-01T18:14:49.659+0000] {processor.py:179} INFO - Processing /home/airflow/.local/lib/python3.7/site-packages/airflow/example_dags/example_branch_operator_decorator.py took 5.570 seconds
[2024-11-01T18:17:00.654+0000] {processor.py:157} INFO - Started process (PID=318) to work on /home/airflow/.local/lib/python3.7/site-packages/airflow/example_dags/example_branch_operator_decorator.py
[2024-11-01T18:17:00.728+0000] {processor.py:826} INFO - Processing file /home/airflow/.local/lib/python3.7/site-packages/airflow/example_dags/example_branch_operator_decorator.py for tasks to queue
[2024-11-01T18:17:00.797+0000] {logging_mixin.py:150} INFO - [2024-11-01T18:17:00.796+0000] {dagbag.py:541} INFO - Filling up the DagBag from /home/airflow/.local/lib/python3.7/site-packages/airflow/example_dags/example_branch_operator_decorator.py
[2024-11-01T18:17:04.056+0000] {processor.py:836} INFO - DAG(s) dict_keys(['example_branch_python_operator_decorator']) retrieved from /home/airflow/.local/lib/python3.7/site-packages/airflow/example_dags/example_branch_operator_decorator.py
[2024-11-01T18:17:14.736+0000] {logging_mixin.py:150} INFO - [2024-11-01T18:17:14.688+0000] {dag.py:2742} INFO - Sync 1 DAGs
[2024-11-01T18:17:16.072+0000] {logging_mixin.py:150} INFO - [2024-11-01T18:17:16.067+0000] {dag.py:3508} INFO - Setting next_dagrun for example_branch_python_operator_decorator to 2024-10-31T00:00:00+00:00, run_after=2024-11-01T00:00:00+00:00
[2024-11-01T18:17:16.343+0000] {processor.py:179} INFO - Processing /home/airflow/.local/lib/python3.7/site-packages/airflow/example_dags/example_branch_operator_decorator.py took 15.743 seconds
[2024-11-01T18:17:50.552+0000] {processor.py:157} INFO - Started process (PID=366) to work on /home/airflow/.local/lib/python3.7/site-packages/airflow/example_dags/example_branch_operator_decorator.py
[2024-11-01T18:17:51.120+0000] {processor.py:826} INFO - Processing file /home/airflow/.local/lib/python3.7/site-packages/airflow/example_dags/example_branch_operator_decorator.py for tasks to queue
[2024-11-01T18:17:51.739+0000] {logging_mixin.py:150} INFO - [2024-11-01T18:17:51.705+0000] {dagbag.py:541} INFO - Filling up the DagBag from /home/airflow/.local/lib/python3.7/site-packages/airflow/example_dags/example_branch_operator_decorator.py
[2024-11-01T18:17:51.979+0000] {processor.py:836} INFO - DAG(s) dict_keys(['example_branch_python_operator_decorator']) retrieved from /home/airflow/.local/lib/python3.7/site-packages/airflow/example_dags/example_branch_operator_decorator.py
[2024-11-01T18:17:53.031+0000] {logging_mixin.py:150} INFO - [2024-11-01T18:17:53.011+0000] {dag.py:2742} INFO - Sync 1 DAGs
[2024-11-01T18:17:53.503+0000] {logging_mixin.py:150} INFO - [2024-11-01T18:17:53.502+0000] {dag.py:3508} INFO - Setting next_dagrun for example_branch_python_operator_decorator to 2024-10-31T00:00:00+00:00, run_after=2024-11-01T00:00:00+00:00
[2024-11-01T18:17:53.678+0000] {processor.py:179} INFO - Processing /home/airflow/.local/lib/python3.7/site-packages/airflow/example_dags/example_branch_operator_decorator.py took 3.171 seconds
[2024-11-01T18:18:35.450+0000] {processor.py:157} INFO - Started process (PID=430) to work on /home/airflow/.local/lib/python3.7/site-packages/airflow/example_dags/example_branch_operator_decorator.py
[2024-11-01T18:18:35.458+0000] {processor.py:826} INFO - Processing file /home/airflow/.local/lib/python3.7/site-packages/airflow/example_dags/example_branch_operator_decorator.py for tasks to queue
[2024-11-01T18:18:35.475+0000] {logging_mixin.py:150} INFO - [2024-11-01T18:18:35.463+0000] {dagbag.py:541} INFO - Filling up the DagBag from /home/airflow/.local/lib/python3.7/site-packages/airflow/example_dags/example_branch_operator_decorator.py
[2024-11-01T18:18:35.746+0000] {processor.py:836} INFO - DAG(s) dict_keys(['example_branch_python_operator_decorator']) retrieved from /home/airflow/.local/lib/python3.7/site-packages/airflow/example_dags/example_branch_operator_decorator.py
[2024-11-01T18:18:36.226+0000] {logging_mixin.py:150} INFO - [2024-11-01T18:18:36.218+0000] {dag.py:2742} INFO - Sync 1 DAGs
[2024-11-01T18:18:36.494+0000] {logging_mixin.py:150} INFO - [2024-11-01T18:18:36.490+0000] {dag.py:3508} INFO - Setting next_dagrun for example_branch_python_operator_decorator to 2024-10-31T00:00:00+00:00, run_after=2024-11-01T00:00:00+00:00
[2024-11-01T18:18:36.625+0000] {processor.py:179} INFO - Processing /home/airflow/.local/lib/python3.7/site-packages/airflow/example_dags/example_branch_operator_decorator.py took 1.229 seconds
[2024-11-01T18:19:18.795+0000] {processor.py:157} INFO - Started process (PID=492) to work on /home/airflow/.local/lib/python3.7/site-packages/airflow/example_dags/example_branch_operator_decorator.py
[2024-11-01T18:19:18.851+0000] {processor.py:826} INFO - Processing file /home/airflow/.local/lib/python3.7/site-packages/airflow/example_dags/example_branch_operator_decorator.py for tasks to queue
[2024-11-01T18:19:18.886+0000] {logging_mixin.py:150} INFO - [2024-11-01T18:19:18.879+0000] {dagbag.py:541} INFO - Filling up the DagBag from /home/airflow/.local/lib/python3.7/site-packages/airflow/example_dags/example_branch_operator_decorator.py
[2024-11-01T18:19:19.089+0000] {processor.py:836} INFO - DAG(s) dict_keys(['example_branch_python_operator_decorator']) retrieved from /home/airflow/.local/lib/python3.7/site-packages/airflow/example_dags/example_branch_operator_decorator.py
[2024-11-01T18:19:19.250+0000] {logging_mixin.py:150} INFO - [2024-11-01T18:19:19.250+0000] {dag.py:2742} INFO - Sync 1 DAGs
[2024-11-01T18:19:19.430+0000] {logging_mixin.py:150} INFO - [2024-11-01T18:19:19.429+0000] {dag.py:3508} INFO - Setting next_dagrun for example_branch_python_operator_decorator to 2024-10-31T00:00:00+00:00, run_after=2024-11-01T00:00:00+00:00
[2024-11-01T18:19:19.484+0000] {processor.py:179} INFO - Processing /home/airflow/.local/lib/python3.7/site-packages/airflow/example_dags/example_branch_operator_decorator.py took 0.749 seconds
[2024-11-01T18:19:57.331+0000] {processor.py:157} INFO - Started process (PID=554) to work on /home/airflow/.local/lib/python3.7/site-packages/airflow/example_dags/example_branch_operator_decorator.py
[2024-11-01T18:19:57.334+0000] {processor.py:826} INFO - Processing file /home/airflow/.local/lib/python3.7/site-packages/airflow/example_dags/example_branch_operator_decorator.py for tasks to queue
[2024-11-01T18:19:57.342+0000] {logging_mixin.py:150} INFO - [2024-11-01T18:19:57.341+0000] {dagbag.py:541} INFO - Filling up the DagBag from /home/airflow/.local/lib/python3.7/site-packages/airflow/example_dags/example_branch_operator_decorator.py
[2024-11-01T18:19:57.428+0000] {processor.py:836} INFO - DAG(s) dict_keys(['example_branch_python_operator_decorator']) retrieved from /home/airflow/.local/lib/python3.7/site-packages/airflow/example_dags/example_branch_operator_decorator.py
[2024-11-01T18:19:57.776+0000] {logging_mixin.py:150} INFO - [2024-11-01T18:19:57.769+0000] {dag.py:2742} INFO - Sync 1 DAGs
[2024-11-01T18:19:58.240+0000] {logging_mixin.py:150} INFO - [2024-11-01T18:19:58.193+0000] {dag.py:3508} INFO - Setting next_dagrun for example_branch_python_operator_decorator to 2024-10-31T00:00:00+00:00, run_after=2024-11-01T00:00:00+00:00
[2024-11-01T18:20:01.268+0000] {processor.py:179} INFO - Processing /home/airflow/.local/lib/python3.7/site-packages/airflow/example_dags/example_branch_operator_decorator.py took 3.956 seconds
[2024-11-01T18:20:39.426+0000] {processor.py:157} INFO - Started process (PID=631) to work on /home/airflow/.local/lib/python3.7/site-packages/airflow/example_dags/example_branch_operator_decorator.py
[2024-11-01T18:20:39.434+0000] {processor.py:826} INFO - Processing file /home/airflow/.local/lib/python3.7/site-packages/airflow/example_dags/example_branch_operator_decorator.py for tasks to queue
[2024-11-01T18:20:39.437+0000] {logging_mixin.py:150} INFO - [2024-11-01T18:20:39.437+0000] {dagbag.py:541} INFO - Filling up the DagBag from /home/airflow/.local/lib/python3.7/site-packages/airflow/example_dags/example_branch_operator_decorator.py
[2024-11-01T18:20:39.621+0000] {processor.py:836} INFO - DAG(s) dict_keys(['example_branch_python_operator_decorator']) retrieved from /home/airflow/.local/lib/python3.7/site-packages/airflow/example_dags/example_branch_operator_decorator.py
[2024-11-01T18:20:40.069+0000] {logging_mixin.py:150} INFO - [2024-11-01T18:20:40.061+0000] {dag.py:2742} INFO - Sync 1 DAGs
[2024-11-01T18:20:40.272+0000] {logging_mixin.py:150} INFO - [2024-11-01T18:20:40.271+0000] {dag.py:3508} INFO - Setting next_dagrun for example_branch_python_operator_decorator to 2024-10-31T00:00:00+00:00, run_after=2024-11-01T00:00:00+00:00
[2024-11-01T18:20:40.404+0000] {processor.py:179} INFO - Processing /home/airflow/.local/lib/python3.7/site-packages/airflow/example_dags/example_branch_operator_decorator.py took 1.055 seconds
[2024-11-01T18:21:32.276+0000] {processor.py:157} INFO - Started process (PID=675) to work on /home/airflow/.local/lib/python3.7/site-packages/airflow/example_dags/example_branch_operator_decorator.py
[2024-11-01T18:21:32.281+0000] {processor.py:826} INFO - Processing file /home/airflow/.local/lib/python3.7/site-packages/airflow/example_dags/example_branch_operator_decorator.py for tasks to queue
[2024-11-01T18:21:32.284+0000] {logging_mixin.py:150} INFO - [2024-11-01T18:21:32.283+0000] {dagbag.py:541} INFO - Filling up the DagBag from /home/airflow/.local/lib/python3.7/site-packages/airflow/example_dags/example_branch_operator_decorator.py
[2024-11-01T18:21:32.761+0000] {processor.py:836} INFO - DAG(s) dict_keys(['example_branch_python_operator_decorator']) retrieved from /home/airflow/.local/lib/python3.7/site-packages/airflow/example_dags/example_branch_operator_decorator.py
[2024-11-01T18:21:33.187+0000] {logging_mixin.py:150} INFO - [2024-11-01T18:21:33.187+0000] {dag.py:2742} INFO - Sync 1 DAGs
[2024-11-01T18:21:33.943+0000] {logging_mixin.py:150} INFO - [2024-11-01T18:21:33.941+0000] {dag.py:3508} INFO - Setting next_dagrun for example_branch_python_operator_decorator to 2024-10-31T00:00:00+00:00, run_after=2024-11-01T00:00:00+00:00
[2024-11-01T18:21:36.031+0000] {processor.py:179} INFO - Processing /home/airflow/.local/lib/python3.7/site-packages/airflow/example_dags/example_branch_operator_decorator.py took 3.765 seconds
[2024-11-01T18:24:11.636+0000] {processor.py:157} INFO - Started process (PID=753) to work on /home/airflow/.local/lib/python3.7/site-packages/airflow/example_dags/example_branch_operator_decorator.py
[2024-11-01T18:24:11.648+0000] {processor.py:826} INFO - Processing file /home/airflow/.local/lib/python3.7/site-packages/airflow/example_dags/example_branch_operator_decorator.py for tasks to queue
[2024-11-01T18:24:11.660+0000] {logging_mixin.py:150} INFO - [2024-11-01T18:24:11.656+0000] {dagbag.py:541} INFO - Filling up the DagBag from /home/airflow/.local/lib/python3.7/site-packages/airflow/example_dags/example_branch_operator_decorator.py
[2024-11-01T18:24:11.771+0000] {processor.py:836} INFO - DAG(s) dict_keys(['example_branch_python_operator_decorator']) retrieved from /home/airflow/.local/lib/python3.7/site-packages/airflow/example_dags/example_branch_operator_decorator.py
[2024-11-01T18:24:12.115+0000] {logging_mixin.py:150} INFO - [2024-11-01T18:24:12.113+0000] {dag.py:2742} INFO - Sync 1 DAGs
[2024-11-01T18:24:12.692+0000] {logging_mixin.py:150} INFO - [2024-11-01T18:24:12.692+0000] {dag.py:3508} INFO - Setting next_dagrun for example_branch_python_operator_decorator to 2024-10-31T00:00:00+00:00, run_after=2024-11-01T00:00:00+00:00
[2024-11-01T18:24:12.945+0000] {processor.py:179} INFO - Processing /home/airflow/.local/lib/python3.7/site-packages/airflow/example_dags/example_branch_operator_decorator.py took 1.348 seconds
[2024-11-01T18:24:45.323+0000] {processor.py:157} INFO - Started process (PID=803) to work on /home/airflow/.local/lib/python3.7/site-packages/airflow/example_dags/example_branch_operator_decorator.py
[2024-11-01T18:24:45.351+0000] {processor.py:826} INFO - Processing file /home/airflow/.local/lib/python3.7/site-packages/airflow/example_dags/example_branch_operator_decorator.py for tasks to queue
[2024-11-01T18:24:45.366+0000] {logging_mixin.py:150} INFO - [2024-11-01T18:24:45.355+0000] {dagbag.py:541} INFO - Filling up the DagBag from /home/airflow/.local/lib/python3.7/site-packages/airflow/example_dags/example_branch_operator_decorator.py
[2024-11-01T18:24:45.589+0000] {processor.py:836} INFO - DAG(s) dict_keys(['example_branch_python_operator_decorator']) retrieved from /home/airflow/.local/lib/python3.7/site-packages/airflow/example_dags/example_branch_operator_decorator.py
[2024-11-01T18:24:45.787+0000] {logging_mixin.py:150} INFO - [2024-11-01T18:24:45.782+0000] {dag.py:2742} INFO - Sync 1 DAGs
[2024-11-01T18:24:46.145+0000] {logging_mixin.py:150} INFO - [2024-11-01T18:24:46.144+0000] {dag.py:3508} INFO - Setting next_dagrun for example_branch_python_operator_decorator to 2024-10-31T00:00:00+00:00, run_after=2024-11-01T00:00:00+00:00
[2024-11-01T18:24:46.309+0000] {processor.py:179} INFO - Processing /home/airflow/.local/lib/python3.7/site-packages/airflow/example_dags/example_branch_operator_decorator.py took 1.027 seconds
[2024-11-01T18:25:26.655+0000] {processor.py:157} INFO - Started process (PID=830) to work on /home/airflow/.local/lib/python3.7/site-packages/airflow/example_dags/example_branch_operator_decorator.py
[2024-11-01T18:25:26.666+0000] {processor.py:826} INFO - Processing file /home/airflow/.local/lib/python3.7/site-packages/airflow/example_dags/example_branch_operator_decorator.py for tasks to queue
[2024-11-01T18:25:26.667+0000] {logging_mixin.py:150} INFO - [2024-11-01T18:25:26.667+0000] {dagbag.py:541} INFO - Filling up the DagBag from /home/airflow/.local/lib/python3.7/site-packages/airflow/example_dags/example_branch_operator_decorator.py
[2024-11-01T18:25:26.726+0000] {processor.py:836} INFO - DAG(s) dict_keys(['example_branch_python_operator_decorator']) retrieved from /home/airflow/.local/lib/python3.7/site-packages/airflow/example_dags/example_branch_operator_decorator.py
[2024-11-01T18:25:26.926+0000] {logging_mixin.py:150} INFO - [2024-11-01T18:25:26.925+0000] {dag.py:2742} INFO - Sync 1 DAGs
[2024-11-01T18:25:27.323+0000] {logging_mixin.py:150} INFO - [2024-11-01T18:25:27.321+0000] {dag.py:3508} INFO - Setting next_dagrun for example_branch_python_operator_decorator to 2024-10-31T00:00:00+00:00, run_after=2024-11-01T00:00:00+00:00
[2024-11-01T18:25:27.560+0000] {processor.py:179} INFO - Processing /home/airflow/.local/lib/python3.7/site-packages/airflow/example_dags/example_branch_operator_decorator.py took 0.952 seconds
[2024-11-01T18:26:02.392+0000] {processor.py:157} INFO - Started process (PID=885) to work on /home/airflow/.local/lib/python3.7/site-packages/airflow/example_dags/example_branch_operator_decorator.py
[2024-11-01T18:26:02.395+0000] {processor.py:826} INFO - Processing file /home/airflow/.local/lib/python3.7/site-packages/airflow/example_dags/example_branch_operator_decorator.py for tasks to queue
[2024-11-01T18:26:02.397+0000] {logging_mixin.py:150} INFO - [2024-11-01T18:26:02.396+0000] {dagbag.py:541} INFO - Filling up the DagBag from /home/airflow/.local/lib/python3.7/site-packages/airflow/example_dags/example_branch_operator_decorator.py
[2024-11-01T18:26:02.414+0000] {processor.py:836} INFO - DAG(s) dict_keys(['example_branch_python_operator_decorator']) retrieved from /home/airflow/.local/lib/python3.7/site-packages/airflow/example_dags/example_branch_operator_decorator.py
[2024-11-01T18:26:02.491+0000] {logging_mixin.py:150} INFO - [2024-11-01T18:26:02.489+0000] {dag.py:2742} INFO - Sync 1 DAGs
[2024-11-01T18:26:02.594+0000] {logging_mixin.py:150} INFO - [2024-11-01T18:26:02.592+0000] {dag.py:3508} INFO - Setting next_dagrun for example_branch_python_operator_decorator to 2024-10-31T00:00:00+00:00, run_after=2024-11-01T00:00:00+00:00
[2024-11-01T18:26:02.664+0000] {processor.py:179} INFO - Processing /home/airflow/.local/lib/python3.7/site-packages/airflow/example_dags/example_branch_operator_decorator.py took 0.282 seconds
[2024-11-01T18:26:33.014+0000] {processor.py:157} INFO - Started process (PID=946) to work on /home/airflow/.local/lib/python3.7/site-packages/airflow/example_dags/example_branch_operator_decorator.py
[2024-11-01T18:26:33.016+0000] {processor.py:826} INFO - Processing file /home/airflow/.local/lib/python3.7/site-packages/airflow/example_dags/example_branch_operator_decorator.py for tasks to queue
[2024-11-01T18:26:33.016+0000] {logging_mixin.py:150} INFO - [2024-11-01T18:26:33.016+0000] {dagbag.py:541} INFO - Filling up the DagBag from /home/airflow/.local/lib/python3.7/site-packages/airflow/example_dags/example_branch_operator_decorator.py
[2024-11-01T18:26:33.021+0000] {processor.py:836} INFO - DAG(s) dict_keys(['example_branch_python_operator_decorator']) retrieved from /home/airflow/.local/lib/python3.7/site-packages/airflow/example_dags/example_branch_operator_decorator.py
[2024-11-01T18:26:33.033+0000] {logging_mixin.py:150} INFO - [2024-11-01T18:26:33.033+0000] {dag.py:2742} INFO - Sync 1 DAGs
[2024-11-01T18:26:33.045+0000] {logging_mixin.py:150} INFO - [2024-11-01T18:26:33.045+0000] {dag.py:3508} INFO - Setting next_dagrun for example_branch_python_operator_decorator to 2024-10-31T00:00:00+00:00, run_after=2024-11-01T00:00:00+00:00
[2024-11-01T18:26:33.055+0000] {processor.py:179} INFO - Processing /home/airflow/.local/lib/python3.7/site-packages/airflow/example_dags/example_branch_operator_decorator.py took 0.060 seconds
[2024-11-01T18:27:03.198+0000] {processor.py:157} INFO - Started process (PID=1008) to work on /home/airflow/.local/lib/python3.7/site-packages/airflow/example_dags/example_branch_operator_decorator.py
[2024-11-01T18:27:03.199+0000] {processor.py:826} INFO - Processing file /home/airflow/.local/lib/python3.7/site-packages/airflow/example_dags/example_branch_operator_decorator.py for tasks to queue
[2024-11-01T18:27:03.200+0000] {logging_mixin.py:150} INFO - [2024-11-01T18:27:03.200+0000] {dagbag.py:541} INFO - Filling up the DagBag from /home/airflow/.local/lib/python3.7/site-packages/airflow/example_dags/example_branch_operator_decorator.py
[2024-11-01T18:27:03.206+0000] {processor.py:836} INFO - DAG(s) dict_keys(['example_branch_python_operator_decorator']) retrieved from /home/airflow/.local/lib/python3.7/site-packages/airflow/example_dags/example_branch_operator_decorator.py
[2024-11-01T18:27:03.220+0000] {logging_mixin.py:150} INFO - [2024-11-01T18:27:03.220+0000] {dag.py:2742} INFO - Sync 1 DAGs
[2024-11-01T18:27:03.238+0000] {logging_mixin.py:150} INFO - [2024-11-01T18:27:03.238+0000] {dag.py:3508} INFO - Setting next_dagrun for example_branch_python_operator_decorator to 2024-10-31T00:00:00+00:00, run_after=2024-11-01T00:00:00+00:00
[2024-11-01T18:27:03.247+0000] {processor.py:179} INFO - Processing /home/airflow/.local/lib/python3.7/site-packages/airflow/example_dags/example_branch_operator_decorator.py took 0.052 seconds
[2024-11-01T18:27:34.102+0000] {processor.py:157} INFO - Started process (PID=1070) to work on /home/airflow/.local/lib/python3.7/site-packages/airflow/example_dags/example_branch_operator_decorator.py
[2024-11-01T18:27:34.103+0000] {processor.py:826} INFO - Processing file /home/airflow/.local/lib/python3.7/site-packages/airflow/example_dags/example_branch_operator_decorator.py for tasks to queue
[2024-11-01T18:27:34.104+0000] {logging_mixin.py:150} INFO - [2024-11-01T18:27:34.104+0000] {dagbag.py:541} INFO - Filling up the DagBag from /home/airflow/.local/lib/python3.7/site-packages/airflow/example_dags/example_branch_operator_decorator.py
[2024-11-01T18:27:34.113+0000] {processor.py:836} INFO - DAG(s) dict_keys(['example_branch_python_operator_decorator']) retrieved from /home/airflow/.local/lib/python3.7/site-packages/airflow/example_dags/example_branch_operator_decorator.py
[2024-11-01T18:27:34.125+0000] {logging_mixin.py:150} INFO - [2024-11-01T18:27:34.125+0000] {dag.py:2742} INFO - Sync 1 DAGs
[2024-11-01T18:27:34.137+0000] {logging_mixin.py:150} INFO - [2024-11-01T18:27:34.136+0000] {dag.py:3508} INFO - Setting next_dagrun for example_branch_python_operator_decorator to 2024-10-31T00:00:00+00:00, run_after=2024-11-01T00:00:00+00:00
[2024-11-01T18:27:34.144+0000] {processor.py:179} INFO - Processing /home/airflow/.local/lib/python3.7/site-packages/airflow/example_dags/example_branch_operator_decorator.py took 0.043 seconds
[2024-11-01T18:30:46.304+0000] {processor.py:157} INFO - Started process (PID=1121) to work on /home/airflow/.local/lib/python3.7/site-packages/airflow/example_dags/example_branch_operator_decorator.py
[2024-11-01T18:30:46.305+0000] {processor.py:826} INFO - Processing file /home/airflow/.local/lib/python3.7/site-packages/airflow/example_dags/example_branch_operator_decorator.py for tasks to queue
[2024-11-01T18:30:46.308+0000] {logging_mixin.py:150} INFO - [2024-11-01T18:30:46.308+0000] {dagbag.py:541} INFO - Filling up the DagBag from /home/airflow/.local/lib/python3.7/site-packages/airflow/example_dags/example_branch_operator_decorator.py
[2024-11-01T18:30:46.319+0000] {processor.py:836} INFO - DAG(s) dict_keys(['example_branch_python_operator_decorator']) retrieved from /home/airflow/.local/lib/python3.7/site-packages/airflow/example_dags/example_branch_operator_decorator.py
[2024-11-01T18:30:46.419+0000] {logging_mixin.py:150} INFO - [2024-11-01T18:30:46.419+0000] {dag.py:2742} INFO - Sync 1 DAGs
[2024-11-01T18:30:46.483+0000] {logging_mixin.py:150} INFO - [2024-11-01T18:30:46.482+0000] {dag.py:3508} INFO - Setting next_dagrun for example_branch_python_operator_decorator to 2024-10-31T00:00:00+00:00, run_after=2024-11-01T00:00:00+00:00
[2024-11-01T18:30:46.543+0000] {processor.py:179} INFO - Processing /home/airflow/.local/lib/python3.7/site-packages/airflow/example_dags/example_branch_operator_decorator.py took 0.245 seconds
[2024-11-01T18:31:16.724+0000] {processor.py:157} INFO - Started process (PID=1183) to work on /home/airflow/.local/lib/python3.7/site-packages/airflow/example_dags/example_branch_operator_decorator.py
[2024-11-01T18:31:16.728+0000] {processor.py:826} INFO - Processing file /home/airflow/.local/lib/python3.7/site-packages/airflow/example_dags/example_branch_operator_decorator.py for tasks to queue
[2024-11-01T18:31:16.728+0000] {logging_mixin.py:150} INFO - [2024-11-01T18:31:16.728+0000] {dagbag.py:541} INFO - Filling up the DagBag from /home/airflow/.local/lib/python3.7/site-packages/airflow/example_dags/example_branch_operator_decorator.py
[2024-11-01T18:31:16.736+0000] {processor.py:836} INFO - DAG(s) dict_keys(['example_branch_python_operator_decorator']) retrieved from /home/airflow/.local/lib/python3.7/site-packages/airflow/example_dags/example_branch_operator_decorator.py
[2024-11-01T18:31:16.753+0000] {logging_mixin.py:150} INFO - [2024-11-01T18:31:16.753+0000] {dag.py:2742} INFO - Sync 1 DAGs
[2024-11-01T18:31:16.766+0000] {logging_mixin.py:150} INFO - [2024-11-01T18:31:16.766+0000] {dag.py:3508} INFO - Setting next_dagrun for example_branch_python_operator_decorator to 2024-10-31T00:00:00+00:00, run_after=2024-11-01T00:00:00+00:00
[2024-11-01T18:31:16.773+0000] {processor.py:179} INFO - Processing /home/airflow/.local/lib/python3.7/site-packages/airflow/example_dags/example_branch_operator_decorator.py took 0.051 seconds
[2024-11-01T18:31:47.301+0000] {processor.py:157} INFO - Started process (PID=1245) to work on /home/airflow/.local/lib/python3.7/site-packages/airflow/example_dags/example_branch_operator_decorator.py
[2024-11-01T18:31:47.303+0000] {processor.py:826} INFO - Processing file /home/airflow/.local/lib/python3.7/site-packages/airflow/example_dags/example_branch_operator_decorator.py for tasks to queue
[2024-11-01T18:31:47.304+0000] {logging_mixin.py:150} INFO - [2024-11-01T18:31:47.303+0000] {dagbag.py:541} INFO - Filling up the DagBag from /home/airflow/.local/lib/python3.7/site-packages/airflow/example_dags/example_branch_operator_decorator.py
[2024-11-01T18:31:47.310+0000] {processor.py:836} INFO - DAG(s) dict_keys(['example_branch_python_operator_decorator']) retrieved from /home/airflow/.local/lib/python3.7/site-packages/airflow/example_dags/example_branch_operator_decorator.py
[2024-11-01T18:31:47.329+0000] {logging_mixin.py:150} INFO - [2024-11-01T18:31:47.329+0000] {dag.py:2742} INFO - Sync 1 DAGs
[2024-11-01T18:31:47.343+0000] {logging_mixin.py:150} INFO - [2024-11-01T18:31:47.343+0000] {dag.py:3508} INFO - Setting next_dagrun for example_branch_python_operator_decorator to 2024-10-31T00:00:00+00:00, run_after=2024-11-01T00:00:00+00:00
[2024-11-01T18:31:47.351+0000] {processor.py:179} INFO - Processing /home/airflow/.local/lib/python3.7/site-packages/airflow/example_dags/example_branch_operator_decorator.py took 0.057 seconds
[2024-11-01T18:32:17.619+0000] {processor.py:157} INFO - Started process (PID=1307) to work on /home/airflow/.local/lib/python3.7/site-packages/airflow/example_dags/example_branch_operator_decorator.py
[2024-11-01T18:32:17.620+0000] {processor.py:826} INFO - Processing file /home/airflow/.local/lib/python3.7/site-packages/airflow/example_dags/example_branch_operator_decorator.py for tasks to queue
[2024-11-01T18:32:17.620+0000] {logging_mixin.py:150} INFO - [2024-11-01T18:32:17.620+0000] {dagbag.py:541} INFO - Filling up the DagBag from /home/airflow/.local/lib/python3.7/site-packages/airflow/example_dags/example_branch_operator_decorator.py
[2024-11-01T18:32:17.640+0000] {processor.py:836} INFO - DAG(s) dict_keys(['example_branch_python_operator_decorator']) retrieved from /home/airflow/.local/lib/python3.7/site-packages/airflow/example_dags/example_branch_operator_decorator.py
[2024-11-01T18:32:17.655+0000] {logging_mixin.py:150} INFO - [2024-11-01T18:32:17.655+0000] {dag.py:2742} INFO - Sync 1 DAGs
[2024-11-01T18:32:17.670+0000] {logging_mixin.py:150} INFO - [2024-11-01T18:32:17.670+0000] {dag.py:3508} INFO - Setting next_dagrun for example_branch_python_operator_decorator to 2024-10-31T00:00:00+00:00, run_after=2024-11-01T00:00:00+00:00
[2024-11-01T18:32:17.680+0000] {processor.py:179} INFO - Processing /home/airflow/.local/lib/python3.7/site-packages/airflow/example_dags/example_branch_operator_decorator.py took 0.062 seconds
[2024-11-01T18:32:48.179+0000] {processor.py:157} INFO - Started process (PID=1368) to work on /home/airflow/.local/lib/python3.7/site-packages/airflow/example_dags/example_branch_operator_decorator.py
[2024-11-01T18:32:48.181+0000] {processor.py:826} INFO - Processing file /home/airflow/.local/lib/python3.7/site-packages/airflow/example_dags/example_branch_operator_decorator.py for tasks to queue
[2024-11-01T18:32:48.182+0000] {logging_mixin.py:150} INFO - [2024-11-01T18:32:48.182+0000] {dagbag.py:541} INFO - Filling up the DagBag from /home/airflow/.local/lib/python3.7/site-packages/airflow/example_dags/example_branch_operator_decorator.py
[2024-11-01T18:32:48.191+0000] {processor.py:836} INFO - DAG(s) dict_keys(['example_branch_python_operator_decorator']) retrieved from /home/airflow/.local/lib/python3.7/site-packages/airflow/example_dags/example_branch_operator_decorator.py
[2024-11-01T18:32:48.208+0000] {logging_mixin.py:150} INFO - [2024-11-01T18:32:48.208+0000] {dag.py:2742} INFO - Sync 1 DAGs
[2024-11-01T18:32:48.225+0000] {logging_mixin.py:150} INFO - [2024-11-01T18:32:48.225+0000] {dag.py:3508} INFO - Setting next_dagrun for example_branch_python_operator_decorator to 2024-10-31T00:00:00+00:00, run_after=2024-11-01T00:00:00+00:00
[2024-11-01T18:32:48.242+0000] {processor.py:179} INFO - Processing /home/airflow/.local/lib/python3.7/site-packages/airflow/example_dags/example_branch_operator_decorator.py took 0.066 seconds
[2024-11-01T18:33:19.939+0000] {processor.py:157} INFO - Started process (PID=1430) to work on /home/airflow/.local/lib/python3.7/site-packages/airflow/example_dags/example_branch_operator_decorator.py
[2024-11-01T18:33:19.942+0000] {processor.py:826} INFO - Processing file /home/airflow/.local/lib/python3.7/site-packages/airflow/example_dags/example_branch_operator_decorator.py for tasks to queue
[2024-11-01T18:33:19.943+0000] {logging_mixin.py:150} INFO - [2024-11-01T18:33:19.942+0000] {dagbag.py:541} INFO - Filling up the DagBag from /home/airflow/.local/lib/python3.7/site-packages/airflow/example_dags/example_branch_operator_decorator.py
[2024-11-01T18:33:19.958+0000] {processor.py:836} INFO - DAG(s) dict_keys(['example_branch_python_operator_decorator']) retrieved from /home/airflow/.local/lib/python3.7/site-packages/airflow/example_dags/example_branch_operator_decorator.py
[2024-11-01T18:33:19.982+0000] {logging_mixin.py:150} INFO - [2024-11-01T18:33:19.982+0000] {dag.py:2742} INFO - Sync 1 DAGs
[2024-11-01T18:33:19.999+0000] {logging_mixin.py:150} INFO - [2024-11-01T18:33:19.998+0000] {dag.py:3508} INFO - Setting next_dagrun for example_branch_python_operator_decorator to 2024-10-31T00:00:00+00:00, run_after=2024-11-01T00:00:00+00:00
[2024-11-01T18:33:20.014+0000] {processor.py:179} INFO - Processing /home/airflow/.local/lib/python3.7/site-packages/airflow/example_dags/example_branch_operator_decorator.py took 0.078 seconds
[2024-11-01T18:33:50.147+0000] {processor.py:157} INFO - Started process (PID=1492) to work on /home/airflow/.local/lib/python3.7/site-packages/airflow/example_dags/example_branch_operator_decorator.py
[2024-11-01T18:33:50.147+0000] {processor.py:826} INFO - Processing file /home/airflow/.local/lib/python3.7/site-packages/airflow/example_dags/example_branch_operator_decorator.py for tasks to queue
[2024-11-01T18:33:50.148+0000] {logging_mixin.py:150} INFO - [2024-11-01T18:33:50.148+0000] {dagbag.py:541} INFO - Filling up the DagBag from /home/airflow/.local/lib/python3.7/site-packages/airflow/example_dags/example_branch_operator_decorator.py
[2024-11-01T18:33:50.154+0000] {processor.py:836} INFO - DAG(s) dict_keys(['example_branch_python_operator_decorator']) retrieved from /home/airflow/.local/lib/python3.7/site-packages/airflow/example_dags/example_branch_operator_decorator.py
[2024-11-01T18:33:50.180+0000] {logging_mixin.py:150} INFO - [2024-11-01T18:33:50.180+0000] {dag.py:2742} INFO - Sync 1 DAGs
[2024-11-01T18:33:50.197+0000] {logging_mixin.py:150} INFO - [2024-11-01T18:33:50.197+0000] {dag.py:3508} INFO - Setting next_dagrun for example_branch_python_operator_decorator to 2024-10-31T00:00:00+00:00, run_after=2024-11-01T00:00:00+00:00
[2024-11-01T18:33:50.208+0000] {processor.py:179} INFO - Processing /home/airflow/.local/lib/python3.7/site-packages/airflow/example_dags/example_branch_operator_decorator.py took 0.063 seconds
[2024-11-01T18:34:20.560+0000] {processor.py:157} INFO - Started process (PID=1554) to work on /home/airflow/.local/lib/python3.7/site-packages/airflow/example_dags/example_branch_operator_decorator.py
[2024-11-01T18:34:20.561+0000] {processor.py:826} INFO - Processing file /home/airflow/.local/lib/python3.7/site-packages/airflow/example_dags/example_branch_operator_decorator.py for tasks to queue
[2024-11-01T18:34:20.562+0000] {logging_mixin.py:150} INFO - [2024-11-01T18:34:20.562+0000] {dagbag.py:541} INFO - Filling up the DagBag from /home/airflow/.local/lib/python3.7/site-packages/airflow/example_dags/example_branch_operator_decorator.py
[2024-11-01T18:34:20.567+0000] {processor.py:836} INFO - DAG(s) dict_keys(['example_branch_python_operator_decorator']) retrieved from /home/airflow/.local/lib/python3.7/site-packages/airflow/example_dags/example_branch_operator_decorator.py
[2024-11-01T18:34:20.583+0000] {logging_mixin.py:150} INFO - [2024-11-01T18:34:20.583+0000] {dag.py:2742} INFO - Sync 1 DAGs
[2024-11-01T18:34:20.603+0000] {logging_mixin.py:150} INFO - [2024-11-01T18:34:20.603+0000] {dag.py:3508} INFO - Setting next_dagrun for example_branch_python_operator_decorator to 2024-10-31T00:00:00+00:00, run_after=2024-11-01T00:00:00+00:00
[2024-11-01T18:34:20.631+0000] {processor.py:179} INFO - Processing /home/airflow/.local/lib/python3.7/site-packages/airflow/example_dags/example_branch_operator_decorator.py took 0.075 seconds
[2024-11-01T18:34:51.204+0000] {processor.py:157} INFO - Started process (PID=1616) to work on /home/airflow/.local/lib/python3.7/site-packages/airflow/example_dags/example_branch_operator_decorator.py
[2024-11-01T18:34:51.207+0000] {processor.py:826} INFO - Processing file /home/airflow/.local/lib/python3.7/site-packages/airflow/example_dags/example_branch_operator_decorator.py for tasks to queue
[2024-11-01T18:34:51.208+0000] {logging_mixin.py:150} INFO - [2024-11-01T18:34:51.208+0000] {dagbag.py:541} INFO - Filling up the DagBag from /home/airflow/.local/lib/python3.7/site-packages/airflow/example_dags/example_branch_operator_decorator.py
[2024-11-01T18:34:51.217+0000] {processor.py:836} INFO - DAG(s) dict_keys(['example_branch_python_operator_decorator']) retrieved from /home/airflow/.local/lib/python3.7/site-packages/airflow/example_dags/example_branch_operator_decorator.py
[2024-11-01T18:34:51.234+0000] {logging_mixin.py:150} INFO - [2024-11-01T18:34:51.234+0000] {dag.py:2742} INFO - Sync 1 DAGs
[2024-11-01T18:34:51.251+0000] {logging_mixin.py:150} INFO - [2024-11-01T18:34:51.251+0000] {dag.py:3508} INFO - Setting next_dagrun for example_branch_python_operator_decorator to 2024-10-31T00:00:00+00:00, run_after=2024-11-01T00:00:00+00:00
[2024-11-01T18:34:51.261+0000] {processor.py:179} INFO - Processing /home/airflow/.local/lib/python3.7/site-packages/airflow/example_dags/example_branch_operator_decorator.py took 0.059 seconds
[2024-11-01T18:35:21.720+0000] {processor.py:157} INFO - Started process (PID=1678) to work on /home/airflow/.local/lib/python3.7/site-packages/airflow/example_dags/example_branch_operator_decorator.py
[2024-11-01T18:35:21.721+0000] {processor.py:826} INFO - Processing file /home/airflow/.local/lib/python3.7/site-packages/airflow/example_dags/example_branch_operator_decorator.py for tasks to queue
[2024-11-01T18:35:21.725+0000] {logging_mixin.py:150} INFO - [2024-11-01T18:35:21.725+0000] {dagbag.py:541} INFO - Filling up the DagBag from /home/airflow/.local/lib/python3.7/site-packages/airflow/example_dags/example_branch_operator_decorator.py
[2024-11-01T18:35:21.732+0000] {processor.py:836} INFO - DAG(s) dict_keys(['example_branch_python_operator_decorator']) retrieved from /home/airflow/.local/lib/python3.7/site-packages/airflow/example_dags/example_branch_operator_decorator.py
[2024-11-01T18:35:21.774+0000] {logging_mixin.py:150} INFO - [2024-11-01T18:35:21.774+0000] {dag.py:2742} INFO - Sync 1 DAGs
[2024-11-01T18:35:21.795+0000] {logging_mixin.py:150} INFO - [2024-11-01T18:35:21.795+0000] {dag.py:3508} INFO - Setting next_dagrun for example_branch_python_operator_decorator to 2024-10-31T00:00:00+00:00, run_after=2024-11-01T00:00:00+00:00
[2024-11-01T18:35:21.810+0000] {processor.py:179} INFO - Processing /home/airflow/.local/lib/python3.7/site-packages/airflow/example_dags/example_branch_operator_decorator.py took 0.092 seconds
[2024-11-01T18:35:52.523+0000] {processor.py:157} INFO - Started process (PID=1740) to work on /home/airflow/.local/lib/python3.7/site-packages/airflow/example_dags/example_branch_operator_decorator.py
[2024-11-01T18:35:52.523+0000] {processor.py:826} INFO - Processing file /home/airflow/.local/lib/python3.7/site-packages/airflow/example_dags/example_branch_operator_decorator.py for tasks to queue
[2024-11-01T18:35:52.524+0000] {logging_mixin.py:150} INFO - [2024-11-01T18:35:52.524+0000] {dagbag.py:541} INFO - Filling up the DagBag from /home/airflow/.local/lib/python3.7/site-packages/airflow/example_dags/example_branch_operator_decorator.py
[2024-11-01T18:35:52.531+0000] {processor.py:836} INFO - DAG(s) dict_keys(['example_branch_python_operator_decorator']) retrieved from /home/airflow/.local/lib/python3.7/site-packages/airflow/example_dags/example_branch_operator_decorator.py
[2024-11-01T18:35:52.555+0000] {logging_mixin.py:150} INFO - [2024-11-01T18:35:52.554+0000] {dag.py:2742} INFO - Sync 1 DAGs
[2024-11-01T18:35:52.589+0000] {logging_mixin.py:150} INFO - [2024-11-01T18:35:52.589+0000] {dag.py:3508} INFO - Setting next_dagrun for example_branch_python_operator_decorator to 2024-10-31T00:00:00+00:00, run_after=2024-11-01T00:00:00+00:00
[2024-11-01T18:35:52.611+0000] {processor.py:179} INFO - Processing /home/airflow/.local/lib/python3.7/site-packages/airflow/example_dags/example_branch_operator_decorator.py took 0.090 seconds
[2024-11-01T18:36:24.004+0000] {processor.py:157} INFO - Started process (PID=1802) to work on /home/airflow/.local/lib/python3.7/site-packages/airflow/example_dags/example_branch_operator_decorator.py
[2024-11-01T18:36:24.005+0000] {processor.py:826} INFO - Processing file /home/airflow/.local/lib/python3.7/site-packages/airflow/example_dags/example_branch_operator_decorator.py for tasks to queue
[2024-11-01T18:36:24.006+0000] {logging_mixin.py:150} INFO - [2024-11-01T18:36:24.006+0000] {dagbag.py:541} INFO - Filling up the DagBag from /home/airflow/.local/lib/python3.7/site-packages/airflow/example_dags/example_branch_operator_decorator.py
[2024-11-01T18:36:24.014+0000] {processor.py:836} INFO - DAG(s) dict_keys(['example_branch_python_operator_decorator']) retrieved from /home/airflow/.local/lib/python3.7/site-packages/airflow/example_dags/example_branch_operator_decorator.py
[2024-11-01T18:36:24.036+0000] {logging_mixin.py:150} INFO - [2024-11-01T18:36:24.036+0000] {dag.py:2742} INFO - Sync 1 DAGs
[2024-11-01T18:36:24.051+0000] {logging_mixin.py:150} INFO - [2024-11-01T18:36:24.050+0000] {dag.py:3508} INFO - Setting next_dagrun for example_branch_python_operator_decorator to 2024-10-31T00:00:00+00:00, run_after=2024-11-01T00:00:00+00:00
[2024-11-01T18:36:24.060+0000] {processor.py:179} INFO - Processing /home/airflow/.local/lib/python3.7/site-packages/airflow/example_dags/example_branch_operator_decorator.py took 0.058 seconds
[2024-11-01T18:36:54.576+0000] {processor.py:157} INFO - Started process (PID=1863) to work on /home/airflow/.local/lib/python3.7/site-packages/airflow/example_dags/example_branch_operator_decorator.py
[2024-11-01T18:36:54.581+0000] {processor.py:826} INFO - Processing file /home/airflow/.local/lib/python3.7/site-packages/airflow/example_dags/example_branch_operator_decorator.py for tasks to queue
[2024-11-01T18:36:54.583+0000] {logging_mixin.py:150} INFO - [2024-11-01T18:36:54.583+0000] {dagbag.py:541} INFO - Filling up the DagBag from /home/airflow/.local/lib/python3.7/site-packages/airflow/example_dags/example_branch_operator_decorator.py
[2024-11-01T18:36:54.636+0000] {processor.py:836} INFO - DAG(s) dict_keys(['example_branch_python_operator_decorator']) retrieved from /home/airflow/.local/lib/python3.7/site-packages/airflow/example_dags/example_branch_operator_decorator.py
[2024-11-01T18:36:54.781+0000] {logging_mixin.py:150} INFO - [2024-11-01T18:36:54.781+0000] {dag.py:2742} INFO - Sync 1 DAGs
[2024-11-01T18:36:54.831+0000] {logging_mixin.py:150} INFO - [2024-11-01T18:36:54.830+0000] {dag.py:3508} INFO - Setting next_dagrun for example_branch_python_operator_decorator to 2024-10-31T00:00:00+00:00, run_after=2024-11-01T00:00:00+00:00
[2024-11-01T18:36:54.856+0000] {processor.py:179} INFO - Processing /home/airflow/.local/lib/python3.7/site-packages/airflow/example_dags/example_branch_operator_decorator.py took 0.298 seconds
[2024-11-01T18:37:25.143+0000] {processor.py:157} INFO - Started process (PID=1924) to work on /home/airflow/.local/lib/python3.7/site-packages/airflow/example_dags/example_branch_operator_decorator.py
[2024-11-01T18:37:25.145+0000] {processor.py:826} INFO - Processing file /home/airflow/.local/lib/python3.7/site-packages/airflow/example_dags/example_branch_operator_decorator.py for tasks to queue
[2024-11-01T18:37:25.147+0000] {logging_mixin.py:150} INFO - [2024-11-01T18:37:25.146+0000] {dagbag.py:541} INFO - Filling up the DagBag from /home/airflow/.local/lib/python3.7/site-packages/airflow/example_dags/example_branch_operator_decorator.py
[2024-11-01T18:37:25.178+0000] {processor.py:836} INFO - DAG(s) dict_keys(['example_branch_python_operator_decorator']) retrieved from /home/airflow/.local/lib/python3.7/site-packages/airflow/example_dags/example_branch_operator_decorator.py
[2024-11-01T18:37:25.216+0000] {logging_mixin.py:150} INFO - [2024-11-01T18:37:25.216+0000] {dag.py:2742} INFO - Sync 1 DAGs
[2024-11-01T18:37:25.252+0000] {logging_mixin.py:150} INFO - [2024-11-01T18:37:25.252+0000] {dag.py:3508} INFO - Setting next_dagrun for example_branch_python_operator_decorator to 2024-10-31T00:00:00+00:00, run_after=2024-11-01T00:00:00+00:00
[2024-11-01T18:37:25.273+0000] {processor.py:179} INFO - Processing /home/airflow/.local/lib/python3.7/site-packages/airflow/example_dags/example_branch_operator_decorator.py took 0.133 seconds
[2024-11-01T18:37:56.097+0000] {processor.py:157} INFO - Started process (PID=1986) to work on /home/airflow/.local/lib/python3.7/site-packages/airflow/example_dags/example_branch_operator_decorator.py
[2024-11-01T18:37:56.112+0000] {processor.py:826} INFO - Processing file /home/airflow/.local/lib/python3.7/site-packages/airflow/example_dags/example_branch_operator_decorator.py for tasks to queue
[2024-11-01T18:37:56.116+0000] {logging_mixin.py:150} INFO - [2024-11-01T18:37:56.115+0000] {dagbag.py:541} INFO - Filling up the DagBag from /home/airflow/.local/lib/python3.7/site-packages/airflow/example_dags/example_branch_operator_decorator.py
[2024-11-01T18:37:56.166+0000] {processor.py:836} INFO - DAG(s) dict_keys(['example_branch_python_operator_decorator']) retrieved from /home/airflow/.local/lib/python3.7/site-packages/airflow/example_dags/example_branch_operator_decorator.py
[2024-11-01T18:37:56.276+0000] {logging_mixin.py:150} INFO - [2024-11-01T18:37:56.276+0000] {dag.py:2742} INFO - Sync 1 DAGs
[2024-11-01T18:37:56.388+0000] {logging_mixin.py:150} INFO - [2024-11-01T18:37:56.386+0000] {dag.py:3508} INFO - Setting next_dagrun for example_branch_python_operator_decorator to 2024-10-31T00:00:00+00:00, run_after=2024-11-01T00:00:00+00:00
[2024-11-01T18:37:56.461+0000] {processor.py:179} INFO - Processing /home/airflow/.local/lib/python3.7/site-packages/airflow/example_dags/example_branch_operator_decorator.py took 0.426 seconds
[2024-11-01T18:38:27.447+0000] {processor.py:157} INFO - Started process (PID=2048) to work on /home/airflow/.local/lib/python3.7/site-packages/airflow/example_dags/example_branch_operator_decorator.py
[2024-11-01T18:38:27.458+0000] {processor.py:826} INFO - Processing file /home/airflow/.local/lib/python3.7/site-packages/airflow/example_dags/example_branch_operator_decorator.py for tasks to queue
[2024-11-01T18:38:27.459+0000] {logging_mixin.py:150} INFO - [2024-11-01T18:38:27.459+0000] {dagbag.py:541} INFO - Filling up the DagBag from /home/airflow/.local/lib/python3.7/site-packages/airflow/example_dags/example_branch_operator_decorator.py
[2024-11-01T18:38:27.472+0000] {processor.py:836} INFO - DAG(s) dict_keys(['example_branch_python_operator_decorator']) retrieved from /home/airflow/.local/lib/python3.7/site-packages/airflow/example_dags/example_branch_operator_decorator.py
[2024-11-01T18:38:27.523+0000] {logging_mixin.py:150} INFO - [2024-11-01T18:38:27.523+0000] {dag.py:2742} INFO - Sync 1 DAGs
[2024-11-01T18:38:27.555+0000] {logging_mixin.py:150} INFO - [2024-11-01T18:38:27.555+0000] {dag.py:3508} INFO - Setting next_dagrun for example_branch_python_operator_decorator to 2024-10-31T00:00:00+00:00, run_after=2024-11-01T00:00:00+00:00
[2024-11-01T18:38:27.582+0000] {processor.py:179} INFO - Processing /home/airflow/.local/lib/python3.7/site-packages/airflow/example_dags/example_branch_operator_decorator.py took 0.140 seconds
[2024-11-01T18:38:58.066+0000] {processor.py:157} INFO - Started process (PID=2110) to work on /home/airflow/.local/lib/python3.7/site-packages/airflow/example_dags/example_branch_operator_decorator.py
[2024-11-01T18:38:58.071+0000] {processor.py:826} INFO - Processing file /home/airflow/.local/lib/python3.7/site-packages/airflow/example_dags/example_branch_operator_decorator.py for tasks to queue
[2024-11-01T18:38:58.074+0000] {logging_mixin.py:150} INFO - [2024-11-01T18:38:58.074+0000] {dagbag.py:541} INFO - Filling up the DagBag from /home/airflow/.local/lib/python3.7/site-packages/airflow/example_dags/example_branch_operator_decorator.py
[2024-11-01T18:38:58.105+0000] {processor.py:836} INFO - DAG(s) dict_keys(['example_branch_python_operator_decorator']) retrieved from /home/airflow/.local/lib/python3.7/site-packages/airflow/example_dags/example_branch_operator_decorator.py
[2024-11-01T18:38:58.153+0000] {logging_mixin.py:150} INFO - [2024-11-01T18:38:58.152+0000] {dag.py:2742} INFO - Sync 1 DAGs
[2024-11-01T18:38:58.184+0000] {logging_mixin.py:150} INFO - [2024-11-01T18:38:58.184+0000] {dag.py:3508} INFO - Setting next_dagrun for example_branch_python_operator_decorator to 2024-10-31T00:00:00+00:00, run_after=2024-11-01T00:00:00+00:00
[2024-11-01T18:38:58.198+0000] {processor.py:179} INFO - Processing /home/airflow/.local/lib/python3.7/site-packages/airflow/example_dags/example_branch_operator_decorator.py took 0.138 seconds
[2024-11-01T18:39:28.683+0000] {processor.py:157} INFO - Started process (PID=2171) to work on /home/airflow/.local/lib/python3.7/site-packages/airflow/example_dags/example_branch_operator_decorator.py
[2024-11-01T18:39:28.689+0000] {processor.py:826} INFO - Processing file /home/airflow/.local/lib/python3.7/site-packages/airflow/example_dags/example_branch_operator_decorator.py for tasks to queue
[2024-11-01T18:39:28.691+0000] {logging_mixin.py:150} INFO - [2024-11-01T18:39:28.691+0000] {dagbag.py:541} INFO - Filling up the DagBag from /home/airflow/.local/lib/python3.7/site-packages/airflow/example_dags/example_branch_operator_decorator.py
[2024-11-01T18:39:28.710+0000] {processor.py:836} INFO - DAG(s) dict_keys(['example_branch_python_operator_decorator']) retrieved from /home/airflow/.local/lib/python3.7/site-packages/airflow/example_dags/example_branch_operator_decorator.py
[2024-11-01T18:39:28.740+0000] {logging_mixin.py:150} INFO - [2024-11-01T18:39:28.740+0000] {dag.py:2742} INFO - Sync 1 DAGs
[2024-11-01T18:39:28.773+0000] {logging_mixin.py:150} INFO - [2024-11-01T18:39:28.773+0000] {dag.py:3508} INFO - Setting next_dagrun for example_branch_python_operator_decorator to 2024-10-31T00:00:00+00:00, run_after=2024-11-01T00:00:00+00:00
[2024-11-01T18:39:28.787+0000] {processor.py:179} INFO - Processing /home/airflow/.local/lib/python3.7/site-packages/airflow/example_dags/example_branch_operator_decorator.py took 0.114 seconds
[2024-11-01T18:39:59.036+0000] {processor.py:157} INFO - Started process (PID=2233) to work on /home/airflow/.local/lib/python3.7/site-packages/airflow/example_dags/example_branch_operator_decorator.py
[2024-11-01T18:39:59.038+0000] {processor.py:826} INFO - Processing file /home/airflow/.local/lib/python3.7/site-packages/airflow/example_dags/example_branch_operator_decorator.py for tasks to queue
[2024-11-01T18:39:59.040+0000] {logging_mixin.py:150} INFO - [2024-11-01T18:39:59.040+0000] {dagbag.py:541} INFO - Filling up the DagBag from /home/airflow/.local/lib/python3.7/site-packages/airflow/example_dags/example_branch_operator_decorator.py
[2024-11-01T18:39:59.061+0000] {processor.py:836} INFO - DAG(s) dict_keys(['example_branch_python_operator_decorator']) retrieved from /home/airflow/.local/lib/python3.7/site-packages/airflow/example_dags/example_branch_operator_decorator.py
[2024-11-01T18:39:59.117+0000] {logging_mixin.py:150} INFO - [2024-11-01T18:39:59.117+0000] {dag.py:2742} INFO - Sync 1 DAGs
[2024-11-01T18:39:59.149+0000] {logging_mixin.py:150} INFO - [2024-11-01T18:39:59.148+0000] {dag.py:3508} INFO - Setting next_dagrun for example_branch_python_operator_decorator to 2024-10-31T00:00:00+00:00, run_after=2024-11-01T00:00:00+00:00
[2024-11-01T18:39:59.169+0000] {processor.py:179} INFO - Processing /home/airflow/.local/lib/python3.7/site-packages/airflow/example_dags/example_branch_operator_decorator.py took 0.139 seconds
[2024-11-01T18:40:29.881+0000] {processor.py:157} INFO - Started process (PID=2295) to work on /home/airflow/.local/lib/python3.7/site-packages/airflow/example_dags/example_branch_operator_decorator.py
[2024-11-01T18:40:29.890+0000] {processor.py:826} INFO - Processing file /home/airflow/.local/lib/python3.7/site-packages/airflow/example_dags/example_branch_operator_decorator.py for tasks to queue
[2024-11-01T18:40:29.898+0000] {logging_mixin.py:150} INFO - [2024-11-01T18:40:29.896+0000] {dagbag.py:541} INFO - Filling up the DagBag from /home/airflow/.local/lib/python3.7/site-packages/airflow/example_dags/example_branch_operator_decorator.py
[2024-11-01T18:40:29.914+0000] {processor.py:836} INFO - DAG(s) dict_keys(['example_branch_python_operator_decorator']) retrieved from /home/airflow/.local/lib/python3.7/site-packages/airflow/example_dags/example_branch_operator_decorator.py
[2024-11-01T18:40:29.954+0000] {logging_mixin.py:150} INFO - [2024-11-01T18:40:29.953+0000] {dag.py:2742} INFO - Sync 1 DAGs
[2024-11-01T18:40:30.008+0000] {logging_mixin.py:150} INFO - [2024-11-01T18:40:30.007+0000] {dag.py:3508} INFO - Setting next_dagrun for example_branch_python_operator_decorator to 2024-10-31T00:00:00+00:00, run_after=2024-11-01T00:00:00+00:00
[2024-11-01T18:40:30.042+0000] {processor.py:179} INFO - Processing /home/airflow/.local/lib/python3.7/site-packages/airflow/example_dags/example_branch_operator_decorator.py took 0.197 seconds
[2024-11-01T18:41:00.821+0000] {processor.py:157} INFO - Started process (PID=2357) to work on /home/airflow/.local/lib/python3.7/site-packages/airflow/example_dags/example_branch_operator_decorator.py
[2024-11-01T18:41:00.822+0000] {processor.py:826} INFO - Processing file /home/airflow/.local/lib/python3.7/site-packages/airflow/example_dags/example_branch_operator_decorator.py for tasks to queue
[2024-11-01T18:41:00.826+0000] {logging_mixin.py:150} INFO - [2024-11-01T18:41:00.826+0000] {dagbag.py:541} INFO - Filling up the DagBag from /home/airflow/.local/lib/python3.7/site-packages/airflow/example_dags/example_branch_operator_decorator.py
[2024-11-01T18:41:00.839+0000] {processor.py:836} INFO - DAG(s) dict_keys(['example_branch_python_operator_decorator']) retrieved from /home/airflow/.local/lib/python3.7/site-packages/airflow/example_dags/example_branch_operator_decorator.py
[2024-11-01T18:41:00.896+0000] {logging_mixin.py:150} INFO - [2024-11-01T18:41:00.895+0000] {dag.py:2742} INFO - Sync 1 DAGs
[2024-11-01T18:41:00.927+0000] {logging_mixin.py:150} INFO - [2024-11-01T18:41:00.927+0000] {dag.py:3508} INFO - Setting next_dagrun for example_branch_python_operator_decorator to 2024-10-31T00:00:00+00:00, run_after=2024-11-01T00:00:00+00:00
[2024-11-01T18:41:00.949+0000] {processor.py:179} INFO - Processing /home/airflow/.local/lib/python3.7/site-packages/airflow/example_dags/example_branch_operator_decorator.py took 0.135 seconds
[2024-11-01T18:41:31.226+0000] {processor.py:157} INFO - Started process (PID=2419) to work on /home/airflow/.local/lib/python3.7/site-packages/airflow/example_dags/example_branch_operator_decorator.py
[2024-11-01T18:41:31.228+0000] {processor.py:826} INFO - Processing file /home/airflow/.local/lib/python3.7/site-packages/airflow/example_dags/example_branch_operator_decorator.py for tasks to queue
[2024-11-01T18:41:31.229+0000] {logging_mixin.py:150} INFO - [2024-11-01T18:41:31.229+0000] {dagbag.py:541} INFO - Filling up the DagBag from /home/airflow/.local/lib/python3.7/site-packages/airflow/example_dags/example_branch_operator_decorator.py
[2024-11-01T18:41:31.256+0000] {processor.py:836} INFO - DAG(s) dict_keys(['example_branch_python_operator_decorator']) retrieved from /home/airflow/.local/lib/python3.7/site-packages/airflow/example_dags/example_branch_operator_decorator.py
[2024-11-01T18:41:31.367+0000] {logging_mixin.py:150} INFO - [2024-11-01T18:41:31.366+0000] {dag.py:2742} INFO - Sync 1 DAGs
[2024-11-01T18:41:31.400+0000] {logging_mixin.py:150} INFO - [2024-11-01T18:41:31.400+0000] {dag.py:3508} INFO - Setting next_dagrun for example_branch_python_operator_decorator to 2024-10-31T00:00:00+00:00, run_after=2024-11-01T00:00:00+00:00
[2024-11-01T18:41:31.417+0000] {processor.py:179} INFO - Processing /home/airflow/.local/lib/python3.7/site-packages/airflow/example_dags/example_branch_operator_decorator.py took 0.197 seconds
[2024-11-01T18:42:02.051+0000] {processor.py:157} INFO - Started process (PID=2481) to work on /home/airflow/.local/lib/python3.7/site-packages/airflow/example_dags/example_branch_operator_decorator.py
[2024-11-01T18:42:02.057+0000] {processor.py:826} INFO - Processing file /home/airflow/.local/lib/python3.7/site-packages/airflow/example_dags/example_branch_operator_decorator.py for tasks to queue
[2024-11-01T18:42:02.058+0000] {logging_mixin.py:150} INFO - [2024-11-01T18:42:02.058+0000] {dagbag.py:541} INFO - Filling up the DagBag from /home/airflow/.local/lib/python3.7/site-packages/airflow/example_dags/example_branch_operator_decorator.py
[2024-11-01T18:42:02.068+0000] {processor.py:836} INFO - DAG(s) dict_keys(['example_branch_python_operator_decorator']) retrieved from /home/airflow/.local/lib/python3.7/site-packages/airflow/example_dags/example_branch_operator_decorator.py
[2024-11-01T18:42:02.093+0000] {logging_mixin.py:150} INFO - [2024-11-01T18:42:02.093+0000] {dag.py:2742} INFO - Sync 1 DAGs
[2024-11-01T18:42:02.109+0000] {logging_mixin.py:150} INFO - [2024-11-01T18:42:02.109+0000] {dag.py:3508} INFO - Setting next_dagrun for example_branch_python_operator_decorator to 2024-10-31T00:00:00+00:00, run_after=2024-11-01T00:00:00+00:00
[2024-11-01T18:42:02.125+0000] {processor.py:179} INFO - Processing /home/airflow/.local/lib/python3.7/site-packages/airflow/example_dags/example_branch_operator_decorator.py took 0.078 seconds
[2024-11-01T18:42:32.895+0000] {processor.py:157} INFO - Started process (PID=2534) to work on /home/airflow/.local/lib/python3.7/site-packages/airflow/example_dags/example_branch_operator_decorator.py
[2024-11-01T18:42:32.900+0000] {processor.py:826} INFO - Processing file /home/airflow/.local/lib/python3.7/site-packages/airflow/example_dags/example_branch_operator_decorator.py for tasks to queue
[2024-11-01T18:42:32.902+0000] {logging_mixin.py:150} INFO - [2024-11-01T18:42:32.902+0000] {dagbag.py:541} INFO - Filling up the DagBag from /home/airflow/.local/lib/python3.7/site-packages/airflow/example_dags/example_branch_operator_decorator.py
[2024-11-01T18:42:32.918+0000] {processor.py:836} INFO - DAG(s) dict_keys(['example_branch_python_operator_decorator']) retrieved from /home/airflow/.local/lib/python3.7/site-packages/airflow/example_dags/example_branch_operator_decorator.py
[2024-11-01T18:42:32.955+0000] {logging_mixin.py:150} INFO - [2024-11-01T18:42:32.955+0000] {dag.py:2742} INFO - Sync 1 DAGs
[2024-11-01T18:42:32.984+0000] {logging_mixin.py:150} INFO - [2024-11-01T18:42:32.984+0000] {dag.py:3508} INFO - Setting next_dagrun for example_branch_python_operator_decorator to 2024-10-31T00:00:00+00:00, run_after=2024-11-01T00:00:00+00:00
[2024-11-01T18:42:33.002+0000] {processor.py:179} INFO - Processing /home/airflow/.local/lib/python3.7/site-packages/airflow/example_dags/example_branch_operator_decorator.py took 0.116 seconds
[2024-11-01T18:43:10.066+0000] {processor.py:157} INFO - Started process (PID=2597) to work on /home/airflow/.local/lib/python3.7/site-packages/airflow/example_dags/example_branch_operator_decorator.py
[2024-11-01T18:43:10.070+0000] {processor.py:826} INFO - Processing file /home/airflow/.local/lib/python3.7/site-packages/airflow/example_dags/example_branch_operator_decorator.py for tasks to queue
[2024-11-01T18:43:10.071+0000] {logging_mixin.py:150} INFO - [2024-11-01T18:43:10.070+0000] {dagbag.py:541} INFO - Filling up the DagBag from /home/airflow/.local/lib/python3.7/site-packages/airflow/example_dags/example_branch_operator_decorator.py
[2024-11-01T18:43:10.091+0000] {processor.py:836} INFO - DAG(s) dict_keys(['example_branch_python_operator_decorator']) retrieved from /home/airflow/.local/lib/python3.7/site-packages/airflow/example_dags/example_branch_operator_decorator.py
[2024-11-01T18:43:10.131+0000] {logging_mixin.py:150} INFO - [2024-11-01T18:43:10.131+0000] {dag.py:2742} INFO - Sync 1 DAGs
[2024-11-01T18:43:10.188+0000] {logging_mixin.py:150} INFO - [2024-11-01T18:43:10.187+0000] {dag.py:3508} INFO - Setting next_dagrun for example_branch_python_operator_decorator to 2024-10-31T00:00:00+00:00, run_after=2024-11-01T00:00:00+00:00
[2024-11-01T18:43:10.215+0000] {processor.py:179} INFO - Processing /home/airflow/.local/lib/python3.7/site-packages/airflow/example_dags/example_branch_operator_decorator.py took 0.160 seconds
[2024-11-01T18:43:40.394+0000] {processor.py:157} INFO - Started process (PID=2659) to work on /home/airflow/.local/lib/python3.7/site-packages/airflow/example_dags/example_branch_operator_decorator.py
[2024-11-01T18:43:40.398+0000] {processor.py:826} INFO - Processing file /home/airflow/.local/lib/python3.7/site-packages/airflow/example_dags/example_branch_operator_decorator.py for tasks to queue
[2024-11-01T18:43:40.398+0000] {logging_mixin.py:150} INFO - [2024-11-01T18:43:40.398+0000] {dagbag.py:541} INFO - Filling up the DagBag from /home/airflow/.local/lib/python3.7/site-packages/airflow/example_dags/example_branch_operator_decorator.py
[2024-11-01T18:43:40.404+0000] {processor.py:836} INFO - DAG(s) dict_keys(['example_branch_python_operator_decorator']) retrieved from /home/airflow/.local/lib/python3.7/site-packages/airflow/example_dags/example_branch_operator_decorator.py
[2024-11-01T18:43:40.425+0000] {logging_mixin.py:150} INFO - [2024-11-01T18:43:40.425+0000] {dag.py:2742} INFO - Sync 1 DAGs
[2024-11-01T18:43:40.442+0000] {logging_mixin.py:150} INFO - [2024-11-01T18:43:40.442+0000] {dag.py:3508} INFO - Setting next_dagrun for example_branch_python_operator_decorator to 2024-10-31T00:00:00+00:00, run_after=2024-11-01T00:00:00+00:00
[2024-11-01T18:43:40.452+0000] {processor.py:179} INFO - Processing /home/airflow/.local/lib/python3.7/site-packages/airflow/example_dags/example_branch_operator_decorator.py took 0.063 seconds
[2024-11-01T18:44:10.558+0000] {processor.py:157} INFO - Started process (PID=2721) to work on /home/airflow/.local/lib/python3.7/site-packages/airflow/example_dags/example_branch_operator_decorator.py
[2024-11-01T18:44:10.563+0000] {processor.py:826} INFO - Processing file /home/airflow/.local/lib/python3.7/site-packages/airflow/example_dags/example_branch_operator_decorator.py for tasks to queue
[2024-11-01T18:44:10.564+0000] {logging_mixin.py:150} INFO - [2024-11-01T18:44:10.564+0000] {dagbag.py:541} INFO - Filling up the DagBag from /home/airflow/.local/lib/python3.7/site-packages/airflow/example_dags/example_branch_operator_decorator.py
[2024-11-01T18:44:10.570+0000] {processor.py:836} INFO - DAG(s) dict_keys(['example_branch_python_operator_decorator']) retrieved from /home/airflow/.local/lib/python3.7/site-packages/airflow/example_dags/example_branch_operator_decorator.py
[2024-11-01T18:44:10.591+0000] {logging_mixin.py:150} INFO - [2024-11-01T18:44:10.591+0000] {dag.py:2742} INFO - Sync 1 DAGs
[2024-11-01T18:44:10.611+0000] {logging_mixin.py:150} INFO - [2024-11-01T18:44:10.611+0000] {dag.py:3508} INFO - Setting next_dagrun for example_branch_python_operator_decorator to 2024-10-31T00:00:00+00:00, run_after=2024-11-01T00:00:00+00:00
[2024-11-01T18:44:10.629+0000] {processor.py:179} INFO - Processing /home/airflow/.local/lib/python3.7/site-packages/airflow/example_dags/example_branch_operator_decorator.py took 0.074 seconds
[2024-11-01T18:44:41.383+0000] {processor.py:157} INFO - Started process (PID=2777) to work on /home/airflow/.local/lib/python3.7/site-packages/airflow/example_dags/example_branch_operator_decorator.py
[2024-11-01T18:44:41.384+0000] {processor.py:826} INFO - Processing file /home/airflow/.local/lib/python3.7/site-packages/airflow/example_dags/example_branch_operator_decorator.py for tasks to queue
[2024-11-01T18:44:41.384+0000] {logging_mixin.py:150} INFO - [2024-11-01T18:44:41.384+0000] {dagbag.py:541} INFO - Filling up the DagBag from /home/airflow/.local/lib/python3.7/site-packages/airflow/example_dags/example_branch_operator_decorator.py
[2024-11-01T18:44:41.390+0000] {processor.py:836} INFO - DAG(s) dict_keys(['example_branch_python_operator_decorator']) retrieved from /home/airflow/.local/lib/python3.7/site-packages/airflow/example_dags/example_branch_operator_decorator.py
[2024-11-01T18:44:41.408+0000] {logging_mixin.py:150} INFO - [2024-11-01T18:44:41.408+0000] {dag.py:2742} INFO - Sync 1 DAGs
[2024-11-01T18:44:41.422+0000] {logging_mixin.py:150} INFO - [2024-11-01T18:44:41.422+0000] {dag.py:3508} INFO - Setting next_dagrun for example_branch_python_operator_decorator to 2024-10-31T00:00:00+00:00, run_after=2024-11-01T00:00:00+00:00
[2024-11-01T18:44:41.433+0000] {processor.py:179} INFO - Processing /home/airflow/.local/lib/python3.7/site-packages/airflow/example_dags/example_branch_operator_decorator.py took 0.052 seconds
[2024-11-01T18:45:11.859+0000] {processor.py:157} INFO - Started process (PID=2846) to work on /home/airflow/.local/lib/python3.7/site-packages/airflow/example_dags/example_branch_operator_decorator.py
[2024-11-01T18:45:11.863+0000] {processor.py:826} INFO - Processing file /home/airflow/.local/lib/python3.7/site-packages/airflow/example_dags/example_branch_operator_decorator.py for tasks to queue
[2024-11-01T18:45:11.864+0000] {logging_mixin.py:150} INFO - [2024-11-01T18:45:11.864+0000] {dagbag.py:541} INFO - Filling up the DagBag from /home/airflow/.local/lib/python3.7/site-packages/airflow/example_dags/example_branch_operator_decorator.py
[2024-11-01T18:45:11.876+0000] {processor.py:836} INFO - DAG(s) dict_keys(['example_branch_python_operator_decorator']) retrieved from /home/airflow/.local/lib/python3.7/site-packages/airflow/example_dags/example_branch_operator_decorator.py
[2024-11-01T18:45:11.895+0000] {logging_mixin.py:150} INFO - [2024-11-01T18:45:11.895+0000] {dag.py:2742} INFO - Sync 1 DAGs
[2024-11-01T18:45:11.910+0000] {logging_mixin.py:150} INFO - [2024-11-01T18:45:11.910+0000] {dag.py:3508} INFO - Setting next_dagrun for example_branch_python_operator_decorator to 2024-10-31T00:00:00+00:00, run_after=2024-11-01T00:00:00+00:00
[2024-11-01T18:45:11.923+0000] {processor.py:179} INFO - Processing /home/airflow/.local/lib/python3.7/site-packages/airflow/example_dags/example_branch_operator_decorator.py took 0.071 seconds
[2024-11-01T18:45:42.359+0000] {processor.py:157} INFO - Started process (PID=2908) to work on /home/airflow/.local/lib/python3.7/site-packages/airflow/example_dags/example_branch_operator_decorator.py
[2024-11-01T18:45:42.360+0000] {processor.py:826} INFO - Processing file /home/airflow/.local/lib/python3.7/site-packages/airflow/example_dags/example_branch_operator_decorator.py for tasks to queue
[2024-11-01T18:45:42.361+0000] {logging_mixin.py:150} INFO - [2024-11-01T18:45:42.361+0000] {dagbag.py:541} INFO - Filling up the DagBag from /home/airflow/.local/lib/python3.7/site-packages/airflow/example_dags/example_branch_operator_decorator.py
[2024-11-01T18:45:42.367+0000] {processor.py:836} INFO - DAG(s) dict_keys(['example_branch_python_operator_decorator']) retrieved from /home/airflow/.local/lib/python3.7/site-packages/airflow/example_dags/example_branch_operator_decorator.py
[2024-11-01T18:45:42.385+0000] {logging_mixin.py:150} INFO - [2024-11-01T18:45:42.385+0000] {dag.py:2742} INFO - Sync 1 DAGs
[2024-11-01T18:45:42.400+0000] {logging_mixin.py:150} INFO - [2024-11-01T18:45:42.400+0000] {dag.py:3508} INFO - Setting next_dagrun for example_branch_python_operator_decorator to 2024-10-31T00:00:00+00:00, run_after=2024-11-01T00:00:00+00:00
[2024-11-01T18:45:42.410+0000] {processor.py:179} INFO - Processing /home/airflow/.local/lib/python3.7/site-packages/airflow/example_dags/example_branch_operator_decorator.py took 0.054 seconds
[2024-11-01T18:46:12.705+0000] {processor.py:157} INFO - Started process (PID=2970) to work on /home/airflow/.local/lib/python3.7/site-packages/airflow/example_dags/example_branch_operator_decorator.py
[2024-11-01T18:46:12.709+0000] {processor.py:826} INFO - Processing file /home/airflow/.local/lib/python3.7/site-packages/airflow/example_dags/example_branch_operator_decorator.py for tasks to queue
[2024-11-01T18:46:12.709+0000] {logging_mixin.py:150} INFO - [2024-11-01T18:46:12.709+0000] {dagbag.py:541} INFO - Filling up the DagBag from /home/airflow/.local/lib/python3.7/site-packages/airflow/example_dags/example_branch_operator_decorator.py
[2024-11-01T18:46:12.722+0000] {processor.py:836} INFO - DAG(s) dict_keys(['example_branch_python_operator_decorator']) retrieved from /home/airflow/.local/lib/python3.7/site-packages/airflow/example_dags/example_branch_operator_decorator.py
[2024-11-01T18:46:12.742+0000] {logging_mixin.py:150} INFO - [2024-11-01T18:46:12.742+0000] {dag.py:2742} INFO - Sync 1 DAGs
[2024-11-01T18:46:12.758+0000] {logging_mixin.py:150} INFO - [2024-11-01T18:46:12.757+0000] {dag.py:3508} INFO - Setting next_dagrun for example_branch_python_operator_decorator to 2024-10-31T00:00:00+00:00, run_after=2024-11-01T00:00:00+00:00
[2024-11-01T18:46:12.774+0000] {processor.py:179} INFO - Processing /home/airflow/.local/lib/python3.7/site-packages/airflow/example_dags/example_branch_operator_decorator.py took 0.074 seconds
[2024-11-01T18:46:43.421+0000] {processor.py:157} INFO - Started process (PID=3032) to work on /home/airflow/.local/lib/python3.7/site-packages/airflow/example_dags/example_branch_operator_decorator.py
[2024-11-01T18:46:43.425+0000] {processor.py:826} INFO - Processing file /home/airflow/.local/lib/python3.7/site-packages/airflow/example_dags/example_branch_operator_decorator.py for tasks to queue
[2024-11-01T18:46:43.427+0000] {logging_mixin.py:150} INFO - [2024-11-01T18:46:43.427+0000] {dagbag.py:541} INFO - Filling up the DagBag from /home/airflow/.local/lib/python3.7/site-packages/airflow/example_dags/example_branch_operator_decorator.py
[2024-11-01T18:46:43.468+0000] {processor.py:836} INFO - DAG(s) dict_keys(['example_branch_python_operator_decorator']) retrieved from /home/airflow/.local/lib/python3.7/site-packages/airflow/example_dags/example_branch_operator_decorator.py
[2024-11-01T18:46:43.506+0000] {logging_mixin.py:150} INFO - [2024-11-01T18:46:43.506+0000] {dag.py:2742} INFO - Sync 1 DAGs
[2024-11-01T18:46:43.548+0000] {logging_mixin.py:150} INFO - [2024-11-01T18:46:43.548+0000] {dag.py:3508} INFO - Setting next_dagrun for example_branch_python_operator_decorator to 2024-10-31T00:00:00+00:00, run_after=2024-11-01T00:00:00+00:00
[2024-11-01T18:46:43.563+0000] {processor.py:179} INFO - Processing /home/airflow/.local/lib/python3.7/site-packages/airflow/example_dags/example_branch_operator_decorator.py took 0.152 seconds
[2024-11-01T18:47:14.027+0000] {processor.py:157} INFO - Started process (PID=3094) to work on /home/airflow/.local/lib/python3.7/site-packages/airflow/example_dags/example_branch_operator_decorator.py
[2024-11-01T18:47:14.028+0000] {processor.py:826} INFO - Processing file /home/airflow/.local/lib/python3.7/site-packages/airflow/example_dags/example_branch_operator_decorator.py for tasks to queue
[2024-11-01T18:47:14.028+0000] {logging_mixin.py:150} INFO - [2024-11-01T18:47:14.028+0000] {dagbag.py:541} INFO - Filling up the DagBag from /home/airflow/.local/lib/python3.7/site-packages/airflow/example_dags/example_branch_operator_decorator.py
[2024-11-01T18:47:14.034+0000] {processor.py:836} INFO - DAG(s) dict_keys(['example_branch_python_operator_decorator']) retrieved from /home/airflow/.local/lib/python3.7/site-packages/airflow/example_dags/example_branch_operator_decorator.py
[2024-11-01T18:47:14.068+0000] {logging_mixin.py:150} INFO - [2024-11-01T18:47:14.068+0000] {dag.py:2742} INFO - Sync 1 DAGs
[2024-11-01T18:47:14.087+0000] {logging_mixin.py:150} INFO - [2024-11-01T18:47:14.087+0000] {dag.py:3508} INFO - Setting next_dagrun for example_branch_python_operator_decorator to 2024-10-31T00:00:00+00:00, run_after=2024-11-01T00:00:00+00:00
[2024-11-01T18:47:14.108+0000] {processor.py:179} INFO - Processing /home/airflow/.local/lib/python3.7/site-packages/airflow/example_dags/example_branch_operator_decorator.py took 0.085 seconds
[2024-11-01T18:47:44.625+0000] {processor.py:157} INFO - Started process (PID=3157) to work on /home/airflow/.local/lib/python3.7/site-packages/airflow/example_dags/example_branch_operator_decorator.py
[2024-11-01T18:47:44.631+0000] {processor.py:826} INFO - Processing file /home/airflow/.local/lib/python3.7/site-packages/airflow/example_dags/example_branch_operator_decorator.py for tasks to queue
[2024-11-01T18:47:44.633+0000] {logging_mixin.py:150} INFO - [2024-11-01T18:47:44.633+0000] {dagbag.py:541} INFO - Filling up the DagBag from /home/airflow/.local/lib/python3.7/site-packages/airflow/example_dags/example_branch_operator_decorator.py
[2024-11-01T18:47:44.640+0000] {processor.py:836} INFO - DAG(s) dict_keys(['example_branch_python_operator_decorator']) retrieved from /home/airflow/.local/lib/python3.7/site-packages/airflow/example_dags/example_branch_operator_decorator.py
[2024-11-01T18:47:44.666+0000] {logging_mixin.py:150} INFO - [2024-11-01T18:47:44.666+0000] {dag.py:2742} INFO - Sync 1 DAGs
[2024-11-01T18:47:44.684+0000] {logging_mixin.py:150} INFO - [2024-11-01T18:47:44.684+0000] {dag.py:3508} INFO - Setting next_dagrun for example_branch_python_operator_decorator to 2024-10-31T00:00:00+00:00, run_after=2024-11-01T00:00:00+00:00
[2024-11-01T18:47:44.709+0000] {processor.py:179} INFO - Processing /home/airflow/.local/lib/python3.7/site-packages/airflow/example_dags/example_branch_operator_decorator.py took 0.091 seconds
[2024-11-01T18:48:15.432+0000] {processor.py:157} INFO - Started process (PID=3219) to work on /home/airflow/.local/lib/python3.7/site-packages/airflow/example_dags/example_branch_operator_decorator.py
[2024-11-01T18:48:15.436+0000] {processor.py:826} INFO - Processing file /home/airflow/.local/lib/python3.7/site-packages/airflow/example_dags/example_branch_operator_decorator.py for tasks to queue
[2024-11-01T18:48:15.437+0000] {logging_mixin.py:150} INFO - [2024-11-01T18:48:15.437+0000] {dagbag.py:541} INFO - Filling up the DagBag from /home/airflow/.local/lib/python3.7/site-packages/airflow/example_dags/example_branch_operator_decorator.py
[2024-11-01T18:48:15.448+0000] {processor.py:836} INFO - DAG(s) dict_keys(['example_branch_python_operator_decorator']) retrieved from /home/airflow/.local/lib/python3.7/site-packages/airflow/example_dags/example_branch_operator_decorator.py
[2024-11-01T18:48:15.470+0000] {logging_mixin.py:150} INFO - [2024-11-01T18:48:15.469+0000] {dag.py:2742} INFO - Sync 1 DAGs
[2024-11-01T18:48:15.486+0000] {logging_mixin.py:150} INFO - [2024-11-01T18:48:15.486+0000] {dag.py:3508} INFO - Setting next_dagrun for example_branch_python_operator_decorator to 2024-10-31T00:00:00+00:00, run_after=2024-11-01T00:00:00+00:00
[2024-11-01T18:48:15.499+0000] {processor.py:179} INFO - Processing /home/airflow/.local/lib/python3.7/site-packages/airflow/example_dags/example_branch_operator_decorator.py took 0.075 seconds
[2024-11-01T18:48:45.711+0000] {processor.py:157} INFO - Started process (PID=3281) to work on /home/airflow/.local/lib/python3.7/site-packages/airflow/example_dags/example_branch_operator_decorator.py
[2024-11-01T18:48:45.716+0000] {processor.py:826} INFO - Processing file /home/airflow/.local/lib/python3.7/site-packages/airflow/example_dags/example_branch_operator_decorator.py for tasks to queue
[2024-11-01T18:48:45.716+0000] {logging_mixin.py:150} INFO - [2024-11-01T18:48:45.716+0000] {dagbag.py:541} INFO - Filling up the DagBag from /home/airflow/.local/lib/python3.7/site-packages/airflow/example_dags/example_branch_operator_decorator.py
[2024-11-01T18:48:45.724+0000] {processor.py:836} INFO - DAG(s) dict_keys(['example_branch_python_operator_decorator']) retrieved from /home/airflow/.local/lib/python3.7/site-packages/airflow/example_dags/example_branch_operator_decorator.py
[2024-11-01T18:48:45.747+0000] {logging_mixin.py:150} INFO - [2024-11-01T18:48:45.747+0000] {dag.py:2742} INFO - Sync 1 DAGs
[2024-11-01T18:48:45.765+0000] {logging_mixin.py:150} INFO - [2024-11-01T18:48:45.765+0000] {dag.py:3508} INFO - Setting next_dagrun for example_branch_python_operator_decorator to 2024-10-31T00:00:00+00:00, run_after=2024-11-01T00:00:00+00:00
[2024-11-01T18:48:45.776+0000] {processor.py:179} INFO - Processing /home/airflow/.local/lib/python3.7/site-packages/airflow/example_dags/example_branch_operator_decorator.py took 0.072 seconds
[2024-11-01T18:49:17.748+0000] {processor.py:157} INFO - Started process (PID=3343) to work on /home/airflow/.local/lib/python3.7/site-packages/airflow/example_dags/example_branch_operator_decorator.py
[2024-11-01T18:49:17.754+0000] {processor.py:826} INFO - Processing file /home/airflow/.local/lib/python3.7/site-packages/airflow/example_dags/example_branch_operator_decorator.py for tasks to queue
[2024-11-01T18:49:17.759+0000] {logging_mixin.py:150} INFO - [2024-11-01T18:49:17.756+0000] {dagbag.py:541} INFO - Filling up the DagBag from /home/airflow/.local/lib/python3.7/site-packages/airflow/example_dags/example_branch_operator_decorator.py
[2024-11-01T18:49:17.780+0000] {processor.py:836} INFO - DAG(s) dict_keys(['example_branch_python_operator_decorator']) retrieved from /home/airflow/.local/lib/python3.7/site-packages/airflow/example_dags/example_branch_operator_decorator.py
[2024-11-01T18:49:17.852+0000] {logging_mixin.py:150} INFO - [2024-11-01T18:49:17.852+0000] {dag.py:2742} INFO - Sync 1 DAGs
[2024-11-01T18:49:17.900+0000] {logging_mixin.py:150} INFO - [2024-11-01T18:49:17.900+0000] {dag.py:3508} INFO - Setting next_dagrun for example_branch_python_operator_decorator to 2024-10-31T00:00:00+00:00, run_after=2024-11-01T00:00:00+00:00
[2024-11-01T18:49:17.929+0000] {processor.py:179} INFO - Processing /home/airflow/.local/lib/python3.7/site-packages/airflow/example_dags/example_branch_operator_decorator.py took 0.223 seconds
[2024-11-01T18:49:47.984+0000] {processor.py:157} INFO - Started process (PID=3405) to work on /home/airflow/.local/lib/python3.7/site-packages/airflow/example_dags/example_branch_operator_decorator.py
[2024-11-01T18:49:47.986+0000] {processor.py:826} INFO - Processing file /home/airflow/.local/lib/python3.7/site-packages/airflow/example_dags/example_branch_operator_decorator.py for tasks to queue
[2024-11-01T18:49:47.989+0000] {logging_mixin.py:150} INFO - [2024-11-01T18:49:47.988+0000] {dagbag.py:541} INFO - Filling up the DagBag from /home/airflow/.local/lib/python3.7/site-packages/airflow/example_dags/example_branch_operator_decorator.py
[2024-11-01T18:49:48.003+0000] {processor.py:836} INFO - DAG(s) dict_keys(['example_branch_python_operator_decorator']) retrieved from /home/airflow/.local/lib/python3.7/site-packages/airflow/example_dags/example_branch_operator_decorator.py
[2024-11-01T18:49:48.029+0000] {logging_mixin.py:150} INFO - [2024-11-01T18:49:48.029+0000] {dag.py:2742} INFO - Sync 1 DAGs
[2024-11-01T18:49:48.050+0000] {logging_mixin.py:150} INFO - [2024-11-01T18:49:48.050+0000] {dag.py:3508} INFO - Setting next_dagrun for example_branch_python_operator_decorator to 2024-10-31T00:00:00+00:00, run_after=2024-11-01T00:00:00+00:00
[2024-11-01T18:49:48.066+0000] {processor.py:179} INFO - Processing /home/airflow/.local/lib/python3.7/site-packages/airflow/example_dags/example_branch_operator_decorator.py took 0.088 seconds
[2024-11-01T18:50:18.713+0000] {processor.py:157} INFO - Started process (PID=3467) to work on /home/airflow/.local/lib/python3.7/site-packages/airflow/example_dags/example_branch_operator_decorator.py
[2024-11-01T18:50:18.714+0000] {processor.py:826} INFO - Processing file /home/airflow/.local/lib/python3.7/site-packages/airflow/example_dags/example_branch_operator_decorator.py for tasks to queue
[2024-11-01T18:50:18.715+0000] {logging_mixin.py:150} INFO - [2024-11-01T18:50:18.715+0000] {dagbag.py:541} INFO - Filling up the DagBag from /home/airflow/.local/lib/python3.7/site-packages/airflow/example_dags/example_branch_operator_decorator.py
[2024-11-01T18:50:18.720+0000] {processor.py:836} INFO - DAG(s) dict_keys(['example_branch_python_operator_decorator']) retrieved from /home/airflow/.local/lib/python3.7/site-packages/airflow/example_dags/example_branch_operator_decorator.py
[2024-11-01T18:50:18.741+0000] {logging_mixin.py:150} INFO - [2024-11-01T18:50:18.740+0000] {dag.py:2742} INFO - Sync 1 DAGs
[2024-11-01T18:50:18.757+0000] {logging_mixin.py:150} INFO - [2024-11-01T18:50:18.756+0000] {dag.py:3508} INFO - Setting next_dagrun for example_branch_python_operator_decorator to 2024-10-31T00:00:00+00:00, run_after=2024-11-01T00:00:00+00:00
[2024-11-01T18:50:18.769+0000] {processor.py:179} INFO - Processing /home/airflow/.local/lib/python3.7/site-packages/airflow/example_dags/example_branch_operator_decorator.py took 0.068 seconds
[2024-11-01T18:50:49.729+0000] {processor.py:157} INFO - Started process (PID=3529) to work on /home/airflow/.local/lib/python3.7/site-packages/airflow/example_dags/example_branch_operator_decorator.py
[2024-11-01T18:50:49.732+0000] {processor.py:826} INFO - Processing file /home/airflow/.local/lib/python3.7/site-packages/airflow/example_dags/example_branch_operator_decorator.py for tasks to queue
[2024-11-01T18:50:49.736+0000] {logging_mixin.py:150} INFO - [2024-11-01T18:50:49.736+0000] {dagbag.py:541} INFO - Filling up the DagBag from /home/airflow/.local/lib/python3.7/site-packages/airflow/example_dags/example_branch_operator_decorator.py
[2024-11-01T18:50:49.741+0000] {processor.py:836} INFO - DAG(s) dict_keys(['example_branch_python_operator_decorator']) retrieved from /home/airflow/.local/lib/python3.7/site-packages/airflow/example_dags/example_branch_operator_decorator.py
[2024-11-01T18:50:49.772+0000] {logging_mixin.py:150} INFO - [2024-11-01T18:50:49.771+0000] {dag.py:2742} INFO - Sync 1 DAGs
[2024-11-01T18:50:49.788+0000] {logging_mixin.py:150} INFO - [2024-11-01T18:50:49.788+0000] {dag.py:3508} INFO - Setting next_dagrun for example_branch_python_operator_decorator to 2024-10-31T00:00:00+00:00, run_after=2024-11-01T00:00:00+00:00
[2024-11-01T18:50:49.807+0000] {processor.py:179} INFO - Processing /home/airflow/.local/lib/python3.7/site-packages/airflow/example_dags/example_branch_operator_decorator.py took 0.080 seconds
[2024-11-01T18:51:20.151+0000] {processor.py:157} INFO - Started process (PID=3591) to work on /home/airflow/.local/lib/python3.7/site-packages/airflow/example_dags/example_branch_operator_decorator.py
[2024-11-01T18:51:20.154+0000] {processor.py:826} INFO - Processing file /home/airflow/.local/lib/python3.7/site-packages/airflow/example_dags/example_branch_operator_decorator.py for tasks to queue
[2024-11-01T18:51:20.156+0000] {logging_mixin.py:150} INFO - [2024-11-01T18:51:20.156+0000] {dagbag.py:541} INFO - Filling up the DagBag from /home/airflow/.local/lib/python3.7/site-packages/airflow/example_dags/example_branch_operator_decorator.py
[2024-11-01T18:51:20.187+0000] {processor.py:836} INFO - DAG(s) dict_keys(['example_branch_python_operator_decorator']) retrieved from /home/airflow/.local/lib/python3.7/site-packages/airflow/example_dags/example_branch_operator_decorator.py
[2024-11-01T18:51:20.215+0000] {logging_mixin.py:150} INFO - [2024-11-01T18:51:20.215+0000] {dag.py:2742} INFO - Sync 1 DAGs
[2024-11-01T18:51:20.249+0000] {logging_mixin.py:150} INFO - [2024-11-01T18:51:20.249+0000] {dag.py:3508} INFO - Setting next_dagrun for example_branch_python_operator_decorator to 2024-10-31T00:00:00+00:00, run_after=2024-11-01T00:00:00+00:00
[2024-11-01T18:51:20.271+0000] {processor.py:179} INFO - Processing /home/airflow/.local/lib/python3.7/site-packages/airflow/example_dags/example_branch_operator_decorator.py took 0.125 seconds
[2024-11-01T18:51:50.986+0000] {processor.py:157} INFO - Started process (PID=3653) to work on /home/airflow/.local/lib/python3.7/site-packages/airflow/example_dags/example_branch_operator_decorator.py
[2024-11-01T18:51:50.988+0000] {processor.py:826} INFO - Processing file /home/airflow/.local/lib/python3.7/site-packages/airflow/example_dags/example_branch_operator_decorator.py for tasks to queue
[2024-11-01T18:51:50.992+0000] {logging_mixin.py:150} INFO - [2024-11-01T18:51:50.991+0000] {dagbag.py:541} INFO - Filling up the DagBag from /home/airflow/.local/lib/python3.7/site-packages/airflow/example_dags/example_branch_operator_decorator.py
[2024-11-01T18:51:51.011+0000] {processor.py:836} INFO - DAG(s) dict_keys(['example_branch_python_operator_decorator']) retrieved from /home/airflow/.local/lib/python3.7/site-packages/airflow/example_dags/example_branch_operator_decorator.py
[2024-11-01T18:51:51.036+0000] {logging_mixin.py:150} INFO - [2024-11-01T18:51:51.036+0000] {dag.py:2742} INFO - Sync 1 DAGs
[2024-11-01T18:51:51.051+0000] {logging_mixin.py:150} INFO - [2024-11-01T18:51:51.051+0000] {dag.py:3508} INFO - Setting next_dagrun for example_branch_python_operator_decorator to 2024-10-31T00:00:00+00:00, run_after=2024-11-01T00:00:00+00:00
[2024-11-01T18:51:51.066+0000] {processor.py:179} INFO - Processing /home/airflow/.local/lib/python3.7/site-packages/airflow/example_dags/example_branch_operator_decorator.py took 0.081 seconds
[2024-11-01T18:52:21.422+0000] {processor.py:157} INFO - Started process (PID=3715) to work on /home/airflow/.local/lib/python3.7/site-packages/airflow/example_dags/example_branch_operator_decorator.py
[2024-11-01T18:52:21.423+0000] {processor.py:826} INFO - Processing file /home/airflow/.local/lib/python3.7/site-packages/airflow/example_dags/example_branch_operator_decorator.py for tasks to queue
[2024-11-01T18:52:21.424+0000] {logging_mixin.py:150} INFO - [2024-11-01T18:52:21.424+0000] {dagbag.py:541} INFO - Filling up the DagBag from /home/airflow/.local/lib/python3.7/site-packages/airflow/example_dags/example_branch_operator_decorator.py
[2024-11-01T18:52:21.430+0000] {processor.py:836} INFO - DAG(s) dict_keys(['example_branch_python_operator_decorator']) retrieved from /home/airflow/.local/lib/python3.7/site-packages/airflow/example_dags/example_branch_operator_decorator.py
[2024-11-01T18:52:21.446+0000] {logging_mixin.py:150} INFO - [2024-11-01T18:52:21.446+0000] {dag.py:2742} INFO - Sync 1 DAGs
[2024-11-01T18:52:21.462+0000] {logging_mixin.py:150} INFO - [2024-11-01T18:52:21.462+0000] {dag.py:3508} INFO - Setting next_dagrun for example_branch_python_operator_decorator to 2024-10-31T00:00:00+00:00, run_after=2024-11-01T00:00:00+00:00
[2024-11-01T18:52:21.478+0000] {processor.py:179} INFO - Processing /home/airflow/.local/lib/python3.7/site-packages/airflow/example_dags/example_branch_operator_decorator.py took 0.061 seconds
[2024-11-01T18:52:51.661+0000] {processor.py:157} INFO - Started process (PID=3776) to work on /home/airflow/.local/lib/python3.7/site-packages/airflow/example_dags/example_branch_operator_decorator.py
[2024-11-01T18:52:51.662+0000] {processor.py:826} INFO - Processing file /home/airflow/.local/lib/python3.7/site-packages/airflow/example_dags/example_branch_operator_decorator.py for tasks to queue
[2024-11-01T18:52:51.662+0000] {logging_mixin.py:150} INFO - [2024-11-01T18:52:51.662+0000] {dagbag.py:541} INFO - Filling up the DagBag from /home/airflow/.local/lib/python3.7/site-packages/airflow/example_dags/example_branch_operator_decorator.py
[2024-11-01T18:52:51.668+0000] {processor.py:836} INFO - DAG(s) dict_keys(['example_branch_python_operator_decorator']) retrieved from /home/airflow/.local/lib/python3.7/site-packages/airflow/example_dags/example_branch_operator_decorator.py
[2024-11-01T18:52:51.686+0000] {logging_mixin.py:150} INFO - [2024-11-01T18:52:51.686+0000] {dag.py:2742} INFO - Sync 1 DAGs
[2024-11-01T18:52:51.705+0000] {logging_mixin.py:150} INFO - [2024-11-01T18:52:51.705+0000] {dag.py:3508} INFO - Setting next_dagrun for example_branch_python_operator_decorator to 2024-10-31T00:00:00+00:00, run_after=2024-11-01T00:00:00+00:00
[2024-11-01T18:52:51.716+0000] {processor.py:179} INFO - Processing /home/airflow/.local/lib/python3.7/site-packages/airflow/example_dags/example_branch_operator_decorator.py took 0.060 seconds
