[2024-11-01T18:12:05.089+0000] {processor.py:157} INFO - Started process (PID=70) to work on /home/airflow/.local/lib/python3.7/site-packages/airflow/example_dags/example_nested_branch_dag.py
[2024-11-01T18:12:05.096+0000] {processor.py:826} INFO - Processing file /home/airflow/.local/lib/python3.7/site-packages/airflow/example_dags/example_nested_branch_dag.py for tasks to queue
[2024-11-01T18:12:05.098+0000] {logging_mixin.py:150} INFO - [2024-11-01T18:12:05.097+0000] {dagbag.py:541} INFO - Filling up the DagBag from /home/airflow/.local/lib/python3.7/site-packages/airflow/example_dags/example_nested_branch_dag.py
[2024-11-01T18:12:05.110+0000] {processor.py:836} INFO - DAG(s) dict_keys(['example_nested_branch_dag']) retrieved from /home/airflow/.local/lib/python3.7/site-packages/airflow/example_dags/example_nested_branch_dag.py
[2024-11-01T18:12:05.172+0000] {logging_mixin.py:150} INFO - [2024-11-01T18:12:05.172+0000] {dag.py:2742} INFO - Sync 1 DAGs
[2024-11-01T18:12:05.195+0000] {logging_mixin.py:150} INFO - [2024-11-01T18:12:05.195+0000] {dag.py:3508} INFO - Setting next_dagrun for example_nested_branch_dag to 2024-10-31T00:00:00+00:00, run_after=2024-11-01T00:00:00+00:00
[2024-11-01T18:12:05.212+0000] {processor.py:179} INFO - Processing /home/airflow/.local/lib/python3.7/site-packages/airflow/example_dags/example_nested_branch_dag.py took 0.138 seconds
[2024-11-01T18:12:38.822+0000] {processor.py:157} INFO - Started process (PID=131) to work on /home/airflow/.local/lib/python3.7/site-packages/airflow/example_dags/example_nested_branch_dag.py
[2024-11-01T18:12:38.827+0000] {processor.py:826} INFO - Processing file /home/airflow/.local/lib/python3.7/site-packages/airflow/example_dags/example_nested_branch_dag.py for tasks to queue
[2024-11-01T18:12:38.829+0000] {logging_mixin.py:150} INFO - [2024-11-01T18:12:38.828+0000] {dagbag.py:541} INFO - Filling up the DagBag from /home/airflow/.local/lib/python3.7/site-packages/airflow/example_dags/example_nested_branch_dag.py
[2024-11-01T18:12:38.849+0000] {processor.py:836} INFO - DAG(s) dict_keys(['example_nested_branch_dag']) retrieved from /home/airflow/.local/lib/python3.7/site-packages/airflow/example_dags/example_nested_branch_dag.py
[2024-11-01T18:12:38.879+0000] {logging_mixin.py:150} INFO - [2024-11-01T18:12:38.879+0000] {dag.py:2742} INFO - Sync 1 DAGs
[2024-11-01T18:12:38.911+0000] {logging_mixin.py:150} INFO - [2024-11-01T18:12:38.910+0000] {dag.py:3508} INFO - Setting next_dagrun for example_nested_branch_dag to 2024-10-31T00:00:00+00:00, run_after=2024-11-01T00:00:00+00:00
[2024-11-01T18:12:38.928+0000] {processor.py:179} INFO - Processing /home/airflow/.local/lib/python3.7/site-packages/airflow/example_dags/example_nested_branch_dag.py took 0.108 seconds
[2024-11-01T18:13:09.888+0000] {processor.py:157} INFO - Started process (PID=193) to work on /home/airflow/.local/lib/python3.7/site-packages/airflow/example_dags/example_nested_branch_dag.py
[2024-11-01T18:13:09.892+0000] {processor.py:826} INFO - Processing file /home/airflow/.local/lib/python3.7/site-packages/airflow/example_dags/example_nested_branch_dag.py for tasks to queue
[2024-11-01T18:13:09.892+0000] {logging_mixin.py:150} INFO - [2024-11-01T18:13:09.892+0000] {dagbag.py:541} INFO - Filling up the DagBag from /home/airflow/.local/lib/python3.7/site-packages/airflow/example_dags/example_nested_branch_dag.py
[2024-11-01T18:13:09.898+0000] {processor.py:836} INFO - DAG(s) dict_keys(['example_nested_branch_dag']) retrieved from /home/airflow/.local/lib/python3.7/site-packages/airflow/example_dags/example_nested_branch_dag.py
[2024-11-01T18:13:09.940+0000] {logging_mixin.py:150} INFO - [2024-11-01T18:13:09.939+0000] {dag.py:2742} INFO - Sync 1 DAGs
[2024-11-01T18:13:09.964+0000] {logging_mixin.py:150} INFO - [2024-11-01T18:13:09.964+0000] {dag.py:3508} INFO - Setting next_dagrun for example_nested_branch_dag to 2024-10-31T00:00:00+00:00, run_after=2024-11-01T00:00:00+00:00
[2024-11-01T18:13:09.980+0000] {processor.py:179} INFO - Processing /home/airflow/.local/lib/python3.7/site-packages/airflow/example_dags/example_nested_branch_dag.py took 0.118 seconds
[2024-11-01T18:16:08.312+0000] {processor.py:157} INFO - Started process (PID=280) to work on /home/airflow/.local/lib/python3.7/site-packages/airflow/example_dags/example_nested_branch_dag.py
[2024-11-01T18:16:08.370+0000] {processor.py:826} INFO - Processing file /home/airflow/.local/lib/python3.7/site-packages/airflow/example_dags/example_nested_branch_dag.py for tasks to queue
[2024-11-01T18:16:08.374+0000] {logging_mixin.py:150} INFO - [2024-11-01T18:16:08.372+0000] {dagbag.py:541} INFO - Filling up the DagBag from /home/airflow/.local/lib/python3.7/site-packages/airflow/example_dags/example_nested_branch_dag.py
[2024-11-01T18:16:08.501+0000] {processor.py:836} INFO - DAG(s) dict_keys(['example_nested_branch_dag']) retrieved from /home/airflow/.local/lib/python3.7/site-packages/airflow/example_dags/example_nested_branch_dag.py
[2024-11-01T18:16:09.220+0000] {logging_mixin.py:150} INFO - [2024-11-01T18:16:09.219+0000] {dag.py:2742} INFO - Sync 1 DAGs
[2024-11-01T18:16:09.772+0000] {logging_mixin.py:150} INFO - [2024-11-01T18:16:09.768+0000] {dag.py:3508} INFO - Setting next_dagrun for example_nested_branch_dag to 2024-10-31T00:00:00+00:00, run_after=2024-11-01T00:00:00+00:00
[2024-11-01T18:16:09.943+0000] {processor.py:179} INFO - Processing /home/airflow/.local/lib/python3.7/site-packages/airflow/example_dags/example_nested_branch_dag.py took 1.683 seconds
[2024-11-01T18:17:39.065+0000] {processor.py:157} INFO - Started process (PID=347) to work on /home/airflow/.local/lib/python3.7/site-packages/airflow/example_dags/example_nested_branch_dag.py
[2024-11-01T18:17:39.071+0000] {processor.py:826} INFO - Processing file /home/airflow/.local/lib/python3.7/site-packages/airflow/example_dags/example_nested_branch_dag.py for tasks to queue
[2024-11-01T18:17:39.072+0000] {logging_mixin.py:150} INFO - [2024-11-01T18:17:39.072+0000] {dagbag.py:541} INFO - Filling up the DagBag from /home/airflow/.local/lib/python3.7/site-packages/airflow/example_dags/example_nested_branch_dag.py
[2024-11-01T18:17:39.163+0000] {processor.py:836} INFO - DAG(s) dict_keys(['example_nested_branch_dag']) retrieved from /home/airflow/.local/lib/python3.7/site-packages/airflow/example_dags/example_nested_branch_dag.py
[2024-11-01T18:17:39.270+0000] {logging_mixin.py:150} INFO - [2024-11-01T18:17:39.270+0000] {dag.py:2742} INFO - Sync 1 DAGs
[2024-11-01T18:17:39.381+0000] {logging_mixin.py:150} INFO - [2024-11-01T18:17:39.381+0000] {dag.py:3508} INFO - Setting next_dagrun for example_nested_branch_dag to 2024-10-31T00:00:00+00:00, run_after=2024-11-01T00:00:00+00:00
[2024-11-01T18:17:39.495+0000] {processor.py:179} INFO - Processing /home/airflow/.local/lib/python3.7/site-packages/airflow/example_dags/example_nested_branch_dag.py took 0.458 seconds
[2024-11-01T18:18:41.504+0000] {processor.py:157} INFO - Started process (PID=439) to work on /home/airflow/.local/lib/python3.7/site-packages/airflow/example_dags/example_nested_branch_dag.py
[2024-11-01T18:18:41.525+0000] {processor.py:826} INFO - Processing file /home/airflow/.local/lib/python3.7/site-packages/airflow/example_dags/example_nested_branch_dag.py for tasks to queue
[2024-11-01T18:18:41.538+0000] {logging_mixin.py:150} INFO - [2024-11-01T18:18:41.535+0000] {dagbag.py:541} INFO - Filling up the DagBag from /home/airflow/.local/lib/python3.7/site-packages/airflow/example_dags/example_nested_branch_dag.py
[2024-11-01T18:18:41.666+0000] {processor.py:836} INFO - DAG(s) dict_keys(['example_nested_branch_dag']) retrieved from /home/airflow/.local/lib/python3.7/site-packages/airflow/example_dags/example_nested_branch_dag.py
[2024-11-01T18:18:41.968+0000] {logging_mixin.py:150} INFO - [2024-11-01T18:18:41.967+0000] {dag.py:2742} INFO - Sync 1 DAGs
[2024-11-01T18:18:42.128+0000] {logging_mixin.py:150} INFO - [2024-11-01T18:18:42.128+0000] {dag.py:3508} INFO - Setting next_dagrun for example_nested_branch_dag to 2024-10-31T00:00:00+00:00, run_after=2024-11-01T00:00:00+00:00
[2024-11-01T18:18:42.193+0000] {processor.py:179} INFO - Processing /home/airflow/.local/lib/python3.7/site-packages/airflow/example_dags/example_nested_branch_dag.py took 0.718 seconds
[2024-11-01T18:19:22.439+0000] {processor.py:157} INFO - Started process (PID=500) to work on /home/airflow/.local/lib/python3.7/site-packages/airflow/example_dags/example_nested_branch_dag.py
[2024-11-01T18:19:22.446+0000] {processor.py:826} INFO - Processing file /home/airflow/.local/lib/python3.7/site-packages/airflow/example_dags/example_nested_branch_dag.py for tasks to queue
[2024-11-01T18:19:22.449+0000] {logging_mixin.py:150} INFO - [2024-11-01T18:19:22.449+0000] {dagbag.py:541} INFO - Filling up the DagBag from /home/airflow/.local/lib/python3.7/site-packages/airflow/example_dags/example_nested_branch_dag.py
[2024-11-01T18:19:22.464+0000] {processor.py:836} INFO - DAG(s) dict_keys(['example_nested_branch_dag']) retrieved from /home/airflow/.local/lib/python3.7/site-packages/airflow/example_dags/example_nested_branch_dag.py
[2024-11-01T18:19:22.589+0000] {logging_mixin.py:150} INFO - [2024-11-01T18:19:22.588+0000] {dag.py:2742} INFO - Sync 1 DAGs
[2024-11-01T18:19:22.635+0000] {logging_mixin.py:150} INFO - [2024-11-01T18:19:22.635+0000] {dag.py:3508} INFO - Setting next_dagrun for example_nested_branch_dag to 2024-10-31T00:00:00+00:00, run_after=2024-11-01T00:00:00+00:00
[2024-11-01T18:19:22.695+0000] {processor.py:179} INFO - Processing /home/airflow/.local/lib/python3.7/site-packages/airflow/example_dags/example_nested_branch_dag.py took 0.261 seconds
[2024-11-01T18:20:06.742+0000] {processor.py:157} INFO - Started process (PID=562) to work on /home/airflow/.local/lib/python3.7/site-packages/airflow/example_dags/example_nested_branch_dag.py
[2024-11-01T18:20:07.060+0000] {processor.py:826} INFO - Processing file /home/airflow/.local/lib/python3.7/site-packages/airflow/example_dags/example_nested_branch_dag.py for tasks to queue
[2024-11-01T18:20:07.072+0000] {logging_mixin.py:150} INFO - [2024-11-01T18:20:07.070+0000] {dagbag.py:541} INFO - Filling up the DagBag from /home/airflow/.local/lib/python3.7/site-packages/airflow/example_dags/example_nested_branch_dag.py
[2024-11-01T18:20:07.562+0000] {processor.py:836} INFO - DAG(s) dict_keys(['example_nested_branch_dag']) retrieved from /home/airflow/.local/lib/python3.7/site-packages/airflow/example_dags/example_nested_branch_dag.py
[2024-11-01T18:20:08.533+0000] {logging_mixin.py:150} INFO - [2024-11-01T18:20:08.532+0000] {dag.py:2742} INFO - Sync 1 DAGs
[2024-11-01T18:20:09.078+0000] {logging_mixin.py:150} INFO - [2024-11-01T18:20:09.075+0000] {dag.py:3508} INFO - Setting next_dagrun for example_nested_branch_dag to 2024-10-31T00:00:00+00:00, run_after=2024-11-01T00:00:00+00:00
[2024-11-01T18:20:09.238+0000] {processor.py:179} INFO - Processing /home/airflow/.local/lib/python3.7/site-packages/airflow/example_dags/example_nested_branch_dag.py took 2.517 seconds
[2024-11-01T18:21:13.506+0000] {processor.py:157} INFO - Started process (PID=656) to work on /home/airflow/.local/lib/python3.7/site-packages/airflow/example_dags/example_nested_branch_dag.py
[2024-11-01T18:21:13.510+0000] {processor.py:826} INFO - Processing file /home/airflow/.local/lib/python3.7/site-packages/airflow/example_dags/example_nested_branch_dag.py for tasks to queue
[2024-11-01T18:21:13.529+0000] {logging_mixin.py:150} INFO - [2024-11-01T18:21:13.528+0000] {dagbag.py:541} INFO - Filling up the DagBag from /home/airflow/.local/lib/python3.7/site-packages/airflow/example_dags/example_nested_branch_dag.py
[2024-11-01T18:21:13.577+0000] {processor.py:836} INFO - DAG(s) dict_keys(['example_nested_branch_dag']) retrieved from /home/airflow/.local/lib/python3.7/site-packages/airflow/example_dags/example_nested_branch_dag.py
[2024-11-01T18:21:13.856+0000] {logging_mixin.py:150} INFO - [2024-11-01T18:21:13.855+0000] {dag.py:2742} INFO - Sync 1 DAGs
[2024-11-01T18:21:14.796+0000] {logging_mixin.py:150} INFO - [2024-11-01T18:21:14.774+0000] {dag.py:3508} INFO - Setting next_dagrun for example_nested_branch_dag to 2024-10-31T00:00:00+00:00, run_after=2024-11-01T00:00:00+00:00
[2024-11-01T18:21:15.014+0000] {processor.py:179} INFO - Processing /home/airflow/.local/lib/python3.7/site-packages/airflow/example_dags/example_nested_branch_dag.py took 1.528 seconds
[2024-11-01T18:24:19.478+0000] {processor.py:157} INFO - Started process (PID=769) to work on /home/airflow/.local/lib/python3.7/site-packages/airflow/example_dags/example_nested_branch_dag.py
[2024-11-01T18:24:19.486+0000] {processor.py:826} INFO - Processing file /home/airflow/.local/lib/python3.7/site-packages/airflow/example_dags/example_nested_branch_dag.py for tasks to queue
[2024-11-01T18:24:19.487+0000] {logging_mixin.py:150} INFO - [2024-11-01T18:24:19.487+0000] {dagbag.py:541} INFO - Filling up the DagBag from /home/airflow/.local/lib/python3.7/site-packages/airflow/example_dags/example_nested_branch_dag.py
[2024-11-01T18:24:19.523+0000] {processor.py:836} INFO - DAG(s) dict_keys(['example_nested_branch_dag']) retrieved from /home/airflow/.local/lib/python3.7/site-packages/airflow/example_dags/example_nested_branch_dag.py
[2024-11-01T18:24:19.602+0000] {logging_mixin.py:150} INFO - [2024-11-01T18:24:19.601+0000] {dag.py:2742} INFO - Sync 1 DAGs
[2024-11-01T18:24:19.747+0000] {logging_mixin.py:150} INFO - [2024-11-01T18:24:19.744+0000] {dag.py:3508} INFO - Setting next_dagrun for example_nested_branch_dag to 2024-10-31T00:00:00+00:00, run_after=2024-11-01T00:00:00+00:00
[2024-11-01T18:24:19.900+0000] {processor.py:179} INFO - Processing /home/airflow/.local/lib/python3.7/site-packages/airflow/example_dags/example_nested_branch_dag.py took 0.426 seconds
[2024-11-01T18:25:47.829+0000] {processor.py:157} INFO - Started process (PID=852) to work on /home/airflow/.local/lib/python3.7/site-packages/airflow/example_dags/example_nested_branch_dag.py
[2024-11-01T18:25:47.873+0000] {processor.py:826} INFO - Processing file /home/airflow/.local/lib/python3.7/site-packages/airflow/example_dags/example_nested_branch_dag.py for tasks to queue
[2024-11-01T18:25:47.891+0000] {logging_mixin.py:150} INFO - [2024-11-01T18:25:47.886+0000] {dagbag.py:541} INFO - Filling up the DagBag from /home/airflow/.local/lib/python3.7/site-packages/airflow/example_dags/example_nested_branch_dag.py
[2024-11-01T18:25:48.047+0000] {processor.py:836} INFO - DAG(s) dict_keys(['example_nested_branch_dag']) retrieved from /home/airflow/.local/lib/python3.7/site-packages/airflow/example_dags/example_nested_branch_dag.py
[2024-11-01T18:25:48.299+0000] {logging_mixin.py:150} INFO - [2024-11-01T18:25:48.298+0000] {dag.py:2742} INFO - Sync 1 DAGs
[2024-11-01T18:25:48.394+0000] {logging_mixin.py:150} INFO - [2024-11-01T18:25:48.393+0000] {dag.py:3508} INFO - Setting next_dagrun for example_nested_branch_dag to 2024-10-31T00:00:00+00:00, run_after=2024-11-01T00:00:00+00:00
[2024-11-01T18:25:48.442+0000] {processor.py:179} INFO - Processing /home/airflow/.local/lib/python3.7/site-packages/airflow/example_dags/example_nested_branch_dag.py took 0.893 seconds
[2024-11-01T18:26:18.882+0000] {processor.py:157} INFO - Started process (PID=920) to work on /home/airflow/.local/lib/python3.7/site-packages/airflow/example_dags/example_nested_branch_dag.py
[2024-11-01T18:26:18.884+0000] {processor.py:826} INFO - Processing file /home/airflow/.local/lib/python3.7/site-packages/airflow/example_dags/example_nested_branch_dag.py for tasks to queue
[2024-11-01T18:26:18.885+0000] {logging_mixin.py:150} INFO - [2024-11-01T18:26:18.884+0000] {dagbag.py:541} INFO - Filling up the DagBag from /home/airflow/.local/lib/python3.7/site-packages/airflow/example_dags/example_nested_branch_dag.py
[2024-11-01T18:26:18.905+0000] {processor.py:836} INFO - DAG(s) dict_keys(['example_nested_branch_dag']) retrieved from /home/airflow/.local/lib/python3.7/site-packages/airflow/example_dags/example_nested_branch_dag.py
[2024-11-01T18:26:19.077+0000] {logging_mixin.py:150} INFO - [2024-11-01T18:26:19.077+0000] {dag.py:2742} INFO - Sync 1 DAGs
[2024-11-01T18:26:19.180+0000] {logging_mixin.py:150} INFO - [2024-11-01T18:26:19.180+0000] {dag.py:3508} INFO - Setting next_dagrun for example_nested_branch_dag to 2024-10-31T00:00:00+00:00, run_after=2024-11-01T00:00:00+00:00
[2024-11-01T18:26:19.217+0000] {processor.py:179} INFO - Processing /home/airflow/.local/lib/python3.7/site-packages/airflow/example_dags/example_nested_branch_dag.py took 0.347 seconds
[2024-11-01T18:26:49.435+0000] {processor.py:157} INFO - Started process (PID=982) to work on /home/airflow/.local/lib/python3.7/site-packages/airflow/example_dags/example_nested_branch_dag.py
[2024-11-01T18:26:49.436+0000] {processor.py:826} INFO - Processing file /home/airflow/.local/lib/python3.7/site-packages/airflow/example_dags/example_nested_branch_dag.py for tasks to queue
[2024-11-01T18:26:49.437+0000] {logging_mixin.py:150} INFO - [2024-11-01T18:26:49.437+0000] {dagbag.py:541} INFO - Filling up the DagBag from /home/airflow/.local/lib/python3.7/site-packages/airflow/example_dags/example_nested_branch_dag.py
[2024-11-01T18:26:49.450+0000] {processor.py:836} INFO - DAG(s) dict_keys(['example_nested_branch_dag']) retrieved from /home/airflow/.local/lib/python3.7/site-packages/airflow/example_dags/example_nested_branch_dag.py
[2024-11-01T18:26:49.474+0000] {logging_mixin.py:150} INFO - [2024-11-01T18:26:49.474+0000] {dag.py:2742} INFO - Sync 1 DAGs
[2024-11-01T18:26:49.496+0000] {logging_mixin.py:150} INFO - [2024-11-01T18:26:49.496+0000] {dag.py:3508} INFO - Setting next_dagrun for example_nested_branch_dag to 2024-10-31T00:00:00+00:00, run_after=2024-11-01T00:00:00+00:00
[2024-11-01T18:26:49.511+0000] {processor.py:179} INFO - Processing /home/airflow/.local/lib/python3.7/site-packages/airflow/example_dags/example_nested_branch_dag.py took 0.081 seconds
[2024-11-01T18:27:20.059+0000] {processor.py:157} INFO - Started process (PID=1044) to work on /home/airflow/.local/lib/python3.7/site-packages/airflow/example_dags/example_nested_branch_dag.py
[2024-11-01T18:27:20.066+0000] {processor.py:826} INFO - Processing file /home/airflow/.local/lib/python3.7/site-packages/airflow/example_dags/example_nested_branch_dag.py for tasks to queue
[2024-11-01T18:27:20.069+0000] {logging_mixin.py:150} INFO - [2024-11-01T18:27:20.068+0000] {dagbag.py:541} INFO - Filling up the DagBag from /home/airflow/.local/lib/python3.7/site-packages/airflow/example_dags/example_nested_branch_dag.py
[2024-11-01T18:27:20.092+0000] {processor.py:836} INFO - DAG(s) dict_keys(['example_nested_branch_dag']) retrieved from /home/airflow/.local/lib/python3.7/site-packages/airflow/example_dags/example_nested_branch_dag.py
[2024-11-01T18:27:20.124+0000] {logging_mixin.py:150} INFO - [2024-11-01T18:27:20.124+0000] {dag.py:2742} INFO - Sync 1 DAGs
[2024-11-01T18:27:20.176+0000] {logging_mixin.py:150} INFO - [2024-11-01T18:27:20.176+0000] {dag.py:3508} INFO - Setting next_dagrun for example_nested_branch_dag to 2024-10-31T00:00:00+00:00, run_after=2024-11-01T00:00:00+00:00
[2024-11-01T18:27:20.195+0000] {processor.py:179} INFO - Processing /home/airflow/.local/lib/python3.7/site-packages/airflow/example_dags/example_nested_branch_dag.py took 0.142 seconds
[2024-11-01T18:27:50.708+0000] {processor.py:157} INFO - Started process (PID=1106) to work on /home/airflow/.local/lib/python3.7/site-packages/airflow/example_dags/example_nested_branch_dag.py
[2024-11-01T18:27:50.710+0000] {processor.py:826} INFO - Processing file /home/airflow/.local/lib/python3.7/site-packages/airflow/example_dags/example_nested_branch_dag.py for tasks to queue
[2024-11-01T18:27:50.712+0000] {logging_mixin.py:150} INFO - [2024-11-01T18:27:50.712+0000] {dagbag.py:541} INFO - Filling up the DagBag from /home/airflow/.local/lib/python3.7/site-packages/airflow/example_dags/example_nested_branch_dag.py
[2024-11-01T18:27:50.745+0000] {processor.py:836} INFO - DAG(s) dict_keys(['example_nested_branch_dag']) retrieved from /home/airflow/.local/lib/python3.7/site-packages/airflow/example_dags/example_nested_branch_dag.py
[2024-11-01T18:27:50.796+0000] {logging_mixin.py:150} INFO - [2024-11-01T18:27:50.796+0000] {dag.py:2742} INFO - Sync 1 DAGs
[2024-11-01T18:27:50.829+0000] {logging_mixin.py:150} INFO - [2024-11-01T18:27:50.829+0000] {dag.py:3508} INFO - Setting next_dagrun for example_nested_branch_dag to 2024-10-31T00:00:00+00:00, run_after=2024-11-01T00:00:00+00:00
[2024-11-01T18:27:50.851+0000] {processor.py:179} INFO - Processing /home/airflow/.local/lib/python3.7/site-packages/airflow/example_dags/example_nested_branch_dag.py took 0.145 seconds
[2024-11-01T18:30:49.023+0000] {processor.py:157} INFO - Started process (PID=1143) to work on /home/airflow/.local/lib/python3.7/site-packages/airflow/example_dags/example_nested_branch_dag.py
[2024-11-01T18:30:49.026+0000] {processor.py:826} INFO - Processing file /home/airflow/.local/lib/python3.7/site-packages/airflow/example_dags/example_nested_branch_dag.py for tasks to queue
[2024-11-01T18:30:49.029+0000] {logging_mixin.py:150} INFO - [2024-11-01T18:30:49.028+0000] {dagbag.py:541} INFO - Filling up the DagBag from /home/airflow/.local/lib/python3.7/site-packages/airflow/example_dags/example_nested_branch_dag.py
[2024-11-01T18:30:49.057+0000] {processor.py:836} INFO - DAG(s) dict_keys(['example_nested_branch_dag']) retrieved from /home/airflow/.local/lib/python3.7/site-packages/airflow/example_dags/example_nested_branch_dag.py
[2024-11-01T18:30:49.116+0000] {logging_mixin.py:150} INFO - [2024-11-01T18:30:49.116+0000] {dag.py:2742} INFO - Sync 1 DAGs
[2024-11-01T18:30:49.161+0000] {logging_mixin.py:150} INFO - [2024-11-01T18:30:49.161+0000] {dag.py:3508} INFO - Setting next_dagrun for example_nested_branch_dag to 2024-10-31T00:00:00+00:00, run_after=2024-11-01T00:00:00+00:00
[2024-11-01T18:30:49.213+0000] {processor.py:179} INFO - Processing /home/airflow/.local/lib/python3.7/site-packages/airflow/example_dags/example_nested_branch_dag.py took 0.212 seconds
[2024-11-01T18:31:19.912+0000] {processor.py:157} INFO - Started process (PID=1205) to work on /home/airflow/.local/lib/python3.7/site-packages/airflow/example_dags/example_nested_branch_dag.py
[2024-11-01T18:31:19.913+0000] {processor.py:826} INFO - Processing file /home/airflow/.local/lib/python3.7/site-packages/airflow/example_dags/example_nested_branch_dag.py for tasks to queue
[2024-11-01T18:31:19.914+0000] {logging_mixin.py:150} INFO - [2024-11-01T18:31:19.913+0000] {dagbag.py:541} INFO - Filling up the DagBag from /home/airflow/.local/lib/python3.7/site-packages/airflow/example_dags/example_nested_branch_dag.py
[2024-11-01T18:31:19.920+0000] {processor.py:836} INFO - DAG(s) dict_keys(['example_nested_branch_dag']) retrieved from /home/airflow/.local/lib/python3.7/site-packages/airflow/example_dags/example_nested_branch_dag.py
[2024-11-01T18:31:19.941+0000] {logging_mixin.py:150} INFO - [2024-11-01T18:31:19.941+0000] {dag.py:2742} INFO - Sync 1 DAGs
[2024-11-01T18:31:19.958+0000] {logging_mixin.py:150} INFO - [2024-11-01T18:31:19.958+0000] {dag.py:3508} INFO - Setting next_dagrun for example_nested_branch_dag to 2024-10-31T00:00:00+00:00, run_after=2024-11-01T00:00:00+00:00
[2024-11-01T18:31:19.979+0000] {processor.py:179} INFO - Processing /home/airflow/.local/lib/python3.7/site-packages/airflow/example_dags/example_nested_branch_dag.py took 0.068 seconds
[2024-11-01T18:31:50.280+0000] {processor.py:157} INFO - Started process (PID=1267) to work on /home/airflow/.local/lib/python3.7/site-packages/airflow/example_dags/example_nested_branch_dag.py
[2024-11-01T18:31:50.281+0000] {processor.py:826} INFO - Processing file /home/airflow/.local/lib/python3.7/site-packages/airflow/example_dags/example_nested_branch_dag.py for tasks to queue
[2024-11-01T18:31:50.283+0000] {logging_mixin.py:150} INFO - [2024-11-01T18:31:50.282+0000] {dagbag.py:541} INFO - Filling up the DagBag from /home/airflow/.local/lib/python3.7/site-packages/airflow/example_dags/example_nested_branch_dag.py
[2024-11-01T18:31:50.298+0000] {processor.py:836} INFO - DAG(s) dict_keys(['example_nested_branch_dag']) retrieved from /home/airflow/.local/lib/python3.7/site-packages/airflow/example_dags/example_nested_branch_dag.py
[2024-11-01T18:31:50.321+0000] {logging_mixin.py:150} INFO - [2024-11-01T18:31:50.321+0000] {dag.py:2742} INFO - Sync 1 DAGs
[2024-11-01T18:31:50.337+0000] {logging_mixin.py:150} INFO - [2024-11-01T18:31:50.337+0000] {dag.py:3508} INFO - Setting next_dagrun for example_nested_branch_dag to 2024-10-31T00:00:00+00:00, run_after=2024-11-01T00:00:00+00:00
[2024-11-01T18:31:50.350+0000] {processor.py:179} INFO - Processing /home/airflow/.local/lib/python3.7/site-packages/airflow/example_dags/example_nested_branch_dag.py took 0.073 seconds
[2024-11-01T18:32:20.546+0000] {processor.py:157} INFO - Started process (PID=1329) to work on /home/airflow/.local/lib/python3.7/site-packages/airflow/example_dags/example_nested_branch_dag.py
[2024-11-01T18:32:20.546+0000] {processor.py:826} INFO - Processing file /home/airflow/.local/lib/python3.7/site-packages/airflow/example_dags/example_nested_branch_dag.py for tasks to queue
[2024-11-01T18:32:20.547+0000] {logging_mixin.py:150} INFO - [2024-11-01T18:32:20.546+0000] {dagbag.py:541} INFO - Filling up the DagBag from /home/airflow/.local/lib/python3.7/site-packages/airflow/example_dags/example_nested_branch_dag.py
[2024-11-01T18:32:20.553+0000] {processor.py:836} INFO - DAG(s) dict_keys(['example_nested_branch_dag']) retrieved from /home/airflow/.local/lib/python3.7/site-packages/airflow/example_dags/example_nested_branch_dag.py
[2024-11-01T18:32:20.568+0000] {logging_mixin.py:150} INFO - [2024-11-01T18:32:20.568+0000] {dag.py:2742} INFO - Sync 1 DAGs
[2024-11-01T18:32:20.581+0000] {logging_mixin.py:150} INFO - [2024-11-01T18:32:20.581+0000] {dag.py:3508} INFO - Setting next_dagrun for example_nested_branch_dag to 2024-10-31T00:00:00+00:00, run_after=2024-11-01T00:00:00+00:00
[2024-11-01T18:32:20.592+0000] {processor.py:179} INFO - Processing /home/airflow/.local/lib/python3.7/site-packages/airflow/example_dags/example_nested_branch_dag.py took 0.049 seconds
[2024-11-01T18:32:51.523+0000] {processor.py:157} INFO - Started process (PID=1390) to work on /home/airflow/.local/lib/python3.7/site-packages/airflow/example_dags/example_nested_branch_dag.py
[2024-11-01T18:32:51.524+0000] {processor.py:826} INFO - Processing file /home/airflow/.local/lib/python3.7/site-packages/airflow/example_dags/example_nested_branch_dag.py for tasks to queue
[2024-11-01T18:32:51.526+0000] {logging_mixin.py:150} INFO - [2024-11-01T18:32:51.525+0000] {dagbag.py:541} INFO - Filling up the DagBag from /home/airflow/.local/lib/python3.7/site-packages/airflow/example_dags/example_nested_branch_dag.py
[2024-11-01T18:32:51.532+0000] {processor.py:836} INFO - DAG(s) dict_keys(['example_nested_branch_dag']) retrieved from /home/airflow/.local/lib/python3.7/site-packages/airflow/example_dags/example_nested_branch_dag.py
[2024-11-01T18:32:51.552+0000] {logging_mixin.py:150} INFO - [2024-11-01T18:32:51.552+0000] {dag.py:2742} INFO - Sync 1 DAGs
[2024-11-01T18:32:51.573+0000] {logging_mixin.py:150} INFO - [2024-11-01T18:32:51.572+0000] {dag.py:3508} INFO - Setting next_dagrun for example_nested_branch_dag to 2024-10-31T00:00:00+00:00, run_after=2024-11-01T00:00:00+00:00
[2024-11-01T18:32:51.584+0000] {processor.py:179} INFO - Processing /home/airflow/.local/lib/python3.7/site-packages/airflow/example_dags/example_nested_branch_dag.py took 0.064 seconds
[2024-11-01T18:33:21.993+0000] {processor.py:157} INFO - Started process (PID=1452) to work on /home/airflow/.local/lib/python3.7/site-packages/airflow/example_dags/example_nested_branch_dag.py
[2024-11-01T18:33:21.994+0000] {processor.py:826} INFO - Processing file /home/airflow/.local/lib/python3.7/site-packages/airflow/example_dags/example_nested_branch_dag.py for tasks to queue
[2024-11-01T18:33:21.994+0000] {logging_mixin.py:150} INFO - [2024-11-01T18:33:21.994+0000] {dagbag.py:541} INFO - Filling up the DagBag from /home/airflow/.local/lib/python3.7/site-packages/airflow/example_dags/example_nested_branch_dag.py
[2024-11-01T18:33:22.000+0000] {processor.py:836} INFO - DAG(s) dict_keys(['example_nested_branch_dag']) retrieved from /home/airflow/.local/lib/python3.7/site-packages/airflow/example_dags/example_nested_branch_dag.py
[2024-11-01T18:33:22.018+0000] {logging_mixin.py:150} INFO - [2024-11-01T18:33:22.018+0000] {dag.py:2742} INFO - Sync 1 DAGs
[2024-11-01T18:33:22.032+0000] {logging_mixin.py:150} INFO - [2024-11-01T18:33:22.032+0000] {dag.py:3508} INFO - Setting next_dagrun for example_nested_branch_dag to 2024-10-31T00:00:00+00:00, run_after=2024-11-01T00:00:00+00:00
[2024-11-01T18:33:22.050+0000] {processor.py:179} INFO - Processing /home/airflow/.local/lib/python3.7/site-packages/airflow/example_dags/example_nested_branch_dag.py took 0.058 seconds
[2024-11-01T18:33:52.096+0000] {processor.py:157} INFO - Started process (PID=1514) to work on /home/airflow/.local/lib/python3.7/site-packages/airflow/example_dags/example_nested_branch_dag.py
[2024-11-01T18:33:52.097+0000] {processor.py:826} INFO - Processing file /home/airflow/.local/lib/python3.7/site-packages/airflow/example_dags/example_nested_branch_dag.py for tasks to queue
[2024-11-01T18:33:52.098+0000] {logging_mixin.py:150} INFO - [2024-11-01T18:33:52.098+0000] {dagbag.py:541} INFO - Filling up the DagBag from /home/airflow/.local/lib/python3.7/site-packages/airflow/example_dags/example_nested_branch_dag.py
[2024-11-01T18:33:52.104+0000] {processor.py:836} INFO - DAG(s) dict_keys(['example_nested_branch_dag']) retrieved from /home/airflow/.local/lib/python3.7/site-packages/airflow/example_dags/example_nested_branch_dag.py
[2024-11-01T18:33:52.119+0000] {logging_mixin.py:150} INFO - [2024-11-01T18:33:52.119+0000] {dag.py:2742} INFO - Sync 1 DAGs
[2024-11-01T18:33:52.133+0000] {logging_mixin.py:150} INFO - [2024-11-01T18:33:52.133+0000] {dag.py:3508} INFO - Setting next_dagrun for example_nested_branch_dag to 2024-10-31T00:00:00+00:00, run_after=2024-11-01T00:00:00+00:00
[2024-11-01T18:33:52.149+0000] {processor.py:179} INFO - Processing /home/airflow/.local/lib/python3.7/site-packages/airflow/example_dags/example_nested_branch_dag.py took 0.055 seconds
[2024-11-01T18:34:23.508+0000] {processor.py:157} INFO - Started process (PID=1576) to work on /home/airflow/.local/lib/python3.7/site-packages/airflow/example_dags/example_nested_branch_dag.py
[2024-11-01T18:34:23.513+0000] {processor.py:826} INFO - Processing file /home/airflow/.local/lib/python3.7/site-packages/airflow/example_dags/example_nested_branch_dag.py for tasks to queue
[2024-11-01T18:34:23.513+0000] {logging_mixin.py:150} INFO - [2024-11-01T18:34:23.513+0000] {dagbag.py:541} INFO - Filling up the DagBag from /home/airflow/.local/lib/python3.7/site-packages/airflow/example_dags/example_nested_branch_dag.py
[2024-11-01T18:34:23.522+0000] {processor.py:836} INFO - DAG(s) dict_keys(['example_nested_branch_dag']) retrieved from /home/airflow/.local/lib/python3.7/site-packages/airflow/example_dags/example_nested_branch_dag.py
[2024-11-01T18:34:23.554+0000] {logging_mixin.py:150} INFO - [2024-11-01T18:34:23.554+0000] {dag.py:2742} INFO - Sync 1 DAGs
[2024-11-01T18:34:23.571+0000] {logging_mixin.py:150} INFO - [2024-11-01T18:34:23.571+0000] {dag.py:3508} INFO - Setting next_dagrun for example_nested_branch_dag to 2024-10-31T00:00:00+00:00, run_after=2024-11-01T00:00:00+00:00
[2024-11-01T18:34:23.585+0000] {processor.py:179} INFO - Processing /home/airflow/.local/lib/python3.7/site-packages/airflow/example_dags/example_nested_branch_dag.py took 0.131 seconds
[2024-11-01T18:34:54.090+0000] {processor.py:157} INFO - Started process (PID=1638) to work on /home/airflow/.local/lib/python3.7/site-packages/airflow/example_dags/example_nested_branch_dag.py
[2024-11-01T18:34:54.091+0000] {processor.py:826} INFO - Processing file /home/airflow/.local/lib/python3.7/site-packages/airflow/example_dags/example_nested_branch_dag.py for tasks to queue
[2024-11-01T18:34:54.092+0000] {logging_mixin.py:150} INFO - [2024-11-01T18:34:54.092+0000] {dagbag.py:541} INFO - Filling up the DagBag from /home/airflow/.local/lib/python3.7/site-packages/airflow/example_dags/example_nested_branch_dag.py
[2024-11-01T18:34:54.097+0000] {processor.py:836} INFO - DAG(s) dict_keys(['example_nested_branch_dag']) retrieved from /home/airflow/.local/lib/python3.7/site-packages/airflow/example_dags/example_nested_branch_dag.py
[2024-11-01T18:34:54.117+0000] {logging_mixin.py:150} INFO - [2024-11-01T18:34:54.116+0000] {dag.py:2742} INFO - Sync 1 DAGs
[2024-11-01T18:34:54.140+0000] {logging_mixin.py:150} INFO - [2024-11-01T18:34:54.140+0000] {dag.py:3508} INFO - Setting next_dagrun for example_nested_branch_dag to 2024-10-31T00:00:00+00:00, run_after=2024-11-01T00:00:00+00:00
[2024-11-01T18:34:54.159+0000] {processor.py:179} INFO - Processing /home/airflow/.local/lib/python3.7/site-packages/airflow/example_dags/example_nested_branch_dag.py took 0.071 seconds
[2024-11-01T18:35:24.690+0000] {processor.py:157} INFO - Started process (PID=1700) to work on /home/airflow/.local/lib/python3.7/site-packages/airflow/example_dags/example_nested_branch_dag.py
[2024-11-01T18:35:24.690+0000] {processor.py:826} INFO - Processing file /home/airflow/.local/lib/python3.7/site-packages/airflow/example_dags/example_nested_branch_dag.py for tasks to queue
[2024-11-01T18:35:24.691+0000] {logging_mixin.py:150} INFO - [2024-11-01T18:35:24.691+0000] {dagbag.py:541} INFO - Filling up the DagBag from /home/airflow/.local/lib/python3.7/site-packages/airflow/example_dags/example_nested_branch_dag.py
[2024-11-01T18:35:24.696+0000] {processor.py:836} INFO - DAG(s) dict_keys(['example_nested_branch_dag']) retrieved from /home/airflow/.local/lib/python3.7/site-packages/airflow/example_dags/example_nested_branch_dag.py
[2024-11-01T18:35:24.710+0000] {logging_mixin.py:150} INFO - [2024-11-01T18:35:24.710+0000] {dag.py:2742} INFO - Sync 1 DAGs
[2024-11-01T18:35:24.732+0000] {logging_mixin.py:150} INFO - [2024-11-01T18:35:24.732+0000] {dag.py:3508} INFO - Setting next_dagrun for example_nested_branch_dag to 2024-10-31T00:00:00+00:00, run_after=2024-11-01T00:00:00+00:00
[2024-11-01T18:35:24.756+0000] {processor.py:179} INFO - Processing /home/airflow/.local/lib/python3.7/site-packages/airflow/example_dags/example_nested_branch_dag.py took 0.068 seconds
[2024-11-01T18:35:55.244+0000] {processor.py:157} INFO - Started process (PID=1762) to work on /home/airflow/.local/lib/python3.7/site-packages/airflow/example_dags/example_nested_branch_dag.py
[2024-11-01T18:35:55.247+0000] {processor.py:826} INFO - Processing file /home/airflow/.local/lib/python3.7/site-packages/airflow/example_dags/example_nested_branch_dag.py for tasks to queue
[2024-11-01T18:35:55.248+0000] {logging_mixin.py:150} INFO - [2024-11-01T18:35:55.248+0000] {dagbag.py:541} INFO - Filling up the DagBag from /home/airflow/.local/lib/python3.7/site-packages/airflow/example_dags/example_nested_branch_dag.py
[2024-11-01T18:35:55.258+0000] {processor.py:836} INFO - DAG(s) dict_keys(['example_nested_branch_dag']) retrieved from /home/airflow/.local/lib/python3.7/site-packages/airflow/example_dags/example_nested_branch_dag.py
[2024-11-01T18:35:55.281+0000] {logging_mixin.py:150} INFO - [2024-11-01T18:35:55.281+0000] {dag.py:2742} INFO - Sync 1 DAGs
[2024-11-01T18:35:55.306+0000] {logging_mixin.py:150} INFO - [2024-11-01T18:35:55.306+0000] {dag.py:3508} INFO - Setting next_dagrun for example_nested_branch_dag to 2024-10-31T00:00:00+00:00, run_after=2024-11-01T00:00:00+00:00
[2024-11-01T18:35:55.321+0000] {processor.py:179} INFO - Processing /home/airflow/.local/lib/python3.7/site-packages/airflow/example_dags/example_nested_branch_dag.py took 0.091 seconds
[2024-11-01T18:36:26.715+0000] {processor.py:157} INFO - Started process (PID=1824) to work on /home/airflow/.local/lib/python3.7/site-packages/airflow/example_dags/example_nested_branch_dag.py
[2024-11-01T18:36:26.716+0000] {processor.py:826} INFO - Processing file /home/airflow/.local/lib/python3.7/site-packages/airflow/example_dags/example_nested_branch_dag.py for tasks to queue
[2024-11-01T18:36:26.717+0000] {logging_mixin.py:150} INFO - [2024-11-01T18:36:26.717+0000] {dagbag.py:541} INFO - Filling up the DagBag from /home/airflow/.local/lib/python3.7/site-packages/airflow/example_dags/example_nested_branch_dag.py
[2024-11-01T18:36:26.723+0000] {processor.py:836} INFO - DAG(s) dict_keys(['example_nested_branch_dag']) retrieved from /home/airflow/.local/lib/python3.7/site-packages/airflow/example_dags/example_nested_branch_dag.py
[2024-11-01T18:36:26.810+0000] {logging_mixin.py:150} INFO - [2024-11-01T18:36:26.810+0000] {dag.py:2742} INFO - Sync 1 DAGs
[2024-11-01T18:36:26.844+0000] {logging_mixin.py:150} INFO - [2024-11-01T18:36:26.844+0000] {dag.py:3508} INFO - Setting next_dagrun for example_nested_branch_dag to 2024-10-31T00:00:00+00:00, run_after=2024-11-01T00:00:00+00:00
[2024-11-01T18:36:26.856+0000] {processor.py:179} INFO - Processing /home/airflow/.local/lib/python3.7/site-packages/airflow/example_dags/example_nested_branch_dag.py took 0.143 seconds
[2024-11-01T18:36:56.878+0000] {processor.py:157} INFO - Started process (PID=1885) to work on /home/airflow/.local/lib/python3.7/site-packages/airflow/example_dags/example_nested_branch_dag.py
[2024-11-01T18:36:56.879+0000] {processor.py:826} INFO - Processing file /home/airflow/.local/lib/python3.7/site-packages/airflow/example_dags/example_nested_branch_dag.py for tasks to queue
[2024-11-01T18:36:56.880+0000] {logging_mixin.py:150} INFO - [2024-11-01T18:36:56.880+0000] {dagbag.py:541} INFO - Filling up the DagBag from /home/airflow/.local/lib/python3.7/site-packages/airflow/example_dags/example_nested_branch_dag.py
[2024-11-01T18:36:56.889+0000] {processor.py:836} INFO - DAG(s) dict_keys(['example_nested_branch_dag']) retrieved from /home/airflow/.local/lib/python3.7/site-packages/airflow/example_dags/example_nested_branch_dag.py
[2024-11-01T18:36:56.914+0000] {logging_mixin.py:150} INFO - [2024-11-01T18:36:56.913+0000] {dag.py:2742} INFO - Sync 1 DAGs
[2024-11-01T18:36:56.939+0000] {logging_mixin.py:150} INFO - [2024-11-01T18:36:56.939+0000] {dag.py:3508} INFO - Setting next_dagrun for example_nested_branch_dag to 2024-10-31T00:00:00+00:00, run_after=2024-11-01T00:00:00+00:00
[2024-11-01T18:36:56.949+0000] {processor.py:179} INFO - Processing /home/airflow/.local/lib/python3.7/site-packages/airflow/example_dags/example_nested_branch_dag.py took 0.074 seconds
[2024-11-01T18:37:27.106+0000] {processor.py:157} INFO - Started process (PID=1946) to work on /home/airflow/.local/lib/python3.7/site-packages/airflow/example_dags/example_nested_branch_dag.py
[2024-11-01T18:37:27.106+0000] {processor.py:826} INFO - Processing file /home/airflow/.local/lib/python3.7/site-packages/airflow/example_dags/example_nested_branch_dag.py for tasks to queue
[2024-11-01T18:37:27.107+0000] {logging_mixin.py:150} INFO - [2024-11-01T18:37:27.106+0000] {dagbag.py:541} INFO - Filling up the DagBag from /home/airflow/.local/lib/python3.7/site-packages/airflow/example_dags/example_nested_branch_dag.py
[2024-11-01T18:37:27.112+0000] {processor.py:836} INFO - DAG(s) dict_keys(['example_nested_branch_dag']) retrieved from /home/airflow/.local/lib/python3.7/site-packages/airflow/example_dags/example_nested_branch_dag.py
[2024-11-01T18:37:27.126+0000] {logging_mixin.py:150} INFO - [2024-11-01T18:37:27.126+0000] {dag.py:2742} INFO - Sync 1 DAGs
[2024-11-01T18:37:27.138+0000] {logging_mixin.py:150} INFO - [2024-11-01T18:37:27.138+0000] {dag.py:3508} INFO - Setting next_dagrun for example_nested_branch_dag to 2024-10-31T00:00:00+00:00, run_after=2024-11-01T00:00:00+00:00
[2024-11-01T18:37:27.146+0000] {processor.py:179} INFO - Processing /home/airflow/.local/lib/python3.7/site-packages/airflow/example_dags/example_nested_branch_dag.py took 0.042 seconds
[2024-11-01T18:38:04.572+0000] {processor.py:157} INFO - Started process (PID=2008) to work on /home/airflow/.local/lib/python3.7/site-packages/airflow/example_dags/example_nested_branch_dag.py
[2024-11-01T18:38:04.574+0000] {processor.py:826} INFO - Processing file /home/airflow/.local/lib/python3.7/site-packages/airflow/example_dags/example_nested_branch_dag.py for tasks to queue
[2024-11-01T18:38:04.574+0000] {logging_mixin.py:150} INFO - [2024-11-01T18:38:04.574+0000] {dagbag.py:541} INFO - Filling up the DagBag from /home/airflow/.local/lib/python3.7/site-packages/airflow/example_dags/example_nested_branch_dag.py
[2024-11-01T18:38:04.582+0000] {processor.py:836} INFO - DAG(s) dict_keys(['example_nested_branch_dag']) retrieved from /home/airflow/.local/lib/python3.7/site-packages/airflow/example_dags/example_nested_branch_dag.py
[2024-11-01T18:38:04.633+0000] {logging_mixin.py:150} INFO - [2024-11-01T18:38:04.633+0000] {dag.py:2742} INFO - Sync 1 DAGs
[2024-11-01T18:38:04.657+0000] {logging_mixin.py:150} INFO - [2024-11-01T18:38:04.657+0000] {dag.py:3508} INFO - Setting next_dagrun for example_nested_branch_dag to 2024-10-31T00:00:00+00:00, run_after=2024-11-01T00:00:00+00:00
[2024-11-01T18:38:04.671+0000] {processor.py:179} INFO - Processing /home/airflow/.local/lib/python3.7/site-packages/airflow/example_dags/example_nested_branch_dag.py took 0.102 seconds
[2024-11-01T18:38:34.767+0000] {processor.py:157} INFO - Started process (PID=2070) to work on /home/airflow/.local/lib/python3.7/site-packages/airflow/example_dags/example_nested_branch_dag.py
[2024-11-01T18:38:34.768+0000] {processor.py:826} INFO - Processing file /home/airflow/.local/lib/python3.7/site-packages/airflow/example_dags/example_nested_branch_dag.py for tasks to queue
[2024-11-01T18:38:34.769+0000] {logging_mixin.py:150} INFO - [2024-11-01T18:38:34.769+0000] {dagbag.py:541} INFO - Filling up the DagBag from /home/airflow/.local/lib/python3.7/site-packages/airflow/example_dags/example_nested_branch_dag.py
[2024-11-01T18:38:34.776+0000] {processor.py:836} INFO - DAG(s) dict_keys(['example_nested_branch_dag']) retrieved from /home/airflow/.local/lib/python3.7/site-packages/airflow/example_dags/example_nested_branch_dag.py
[2024-11-01T18:38:34.795+0000] {logging_mixin.py:150} INFO - [2024-11-01T18:38:34.795+0000] {dag.py:2742} INFO - Sync 1 DAGs
[2024-11-01T18:38:34.810+0000] {logging_mixin.py:150} INFO - [2024-11-01T18:38:34.810+0000] {dag.py:3508} INFO - Setting next_dagrun for example_nested_branch_dag to 2024-10-31T00:00:00+00:00, run_after=2024-11-01T00:00:00+00:00
[2024-11-01T18:38:34.820+0000] {processor.py:179} INFO - Processing /home/airflow/.local/lib/python3.7/site-packages/airflow/example_dags/example_nested_branch_dag.py took 0.055 seconds
[2024-11-01T18:39:05.750+0000] {processor.py:157} INFO - Started process (PID=2132) to work on /home/airflow/.local/lib/python3.7/site-packages/airflow/example_dags/example_nested_branch_dag.py
[2024-11-01T18:39:05.754+0000] {processor.py:826} INFO - Processing file /home/airflow/.local/lib/python3.7/site-packages/airflow/example_dags/example_nested_branch_dag.py for tasks to queue
[2024-11-01T18:39:05.755+0000] {logging_mixin.py:150} INFO - [2024-11-01T18:39:05.755+0000] {dagbag.py:541} INFO - Filling up the DagBag from /home/airflow/.local/lib/python3.7/site-packages/airflow/example_dags/example_nested_branch_dag.py
[2024-11-01T18:39:05.768+0000] {processor.py:836} INFO - DAG(s) dict_keys(['example_nested_branch_dag']) retrieved from /home/airflow/.local/lib/python3.7/site-packages/airflow/example_dags/example_nested_branch_dag.py
[2024-11-01T18:39:05.812+0000] {logging_mixin.py:150} INFO - [2024-11-01T18:39:05.812+0000] {dag.py:2742} INFO - Sync 1 DAGs
[2024-11-01T18:39:05.828+0000] {logging_mixin.py:150} INFO - [2024-11-01T18:39:05.828+0000] {dag.py:3508} INFO - Setting next_dagrun for example_nested_branch_dag to 2024-10-31T00:00:00+00:00, run_after=2024-11-01T00:00:00+00:00
[2024-11-01T18:39:05.837+0000] {processor.py:179} INFO - Processing /home/airflow/.local/lib/python3.7/site-packages/airflow/example_dags/example_nested_branch_dag.py took 0.107 seconds
[2024-11-01T18:39:36.034+0000] {processor.py:157} INFO - Started process (PID=2193) to work on /home/airflow/.local/lib/python3.7/site-packages/airflow/example_dags/example_nested_branch_dag.py
[2024-11-01T18:39:36.035+0000] {processor.py:826} INFO - Processing file /home/airflow/.local/lib/python3.7/site-packages/airflow/example_dags/example_nested_branch_dag.py for tasks to queue
[2024-11-01T18:39:36.036+0000] {logging_mixin.py:150} INFO - [2024-11-01T18:39:36.036+0000] {dagbag.py:541} INFO - Filling up the DagBag from /home/airflow/.local/lib/python3.7/site-packages/airflow/example_dags/example_nested_branch_dag.py
[2024-11-01T18:39:36.041+0000] {processor.py:836} INFO - DAG(s) dict_keys(['example_nested_branch_dag']) retrieved from /home/airflow/.local/lib/python3.7/site-packages/airflow/example_dags/example_nested_branch_dag.py
[2024-11-01T18:39:36.057+0000] {logging_mixin.py:150} INFO - [2024-11-01T18:39:36.057+0000] {dag.py:2742} INFO - Sync 1 DAGs
[2024-11-01T18:39:36.072+0000] {logging_mixin.py:150} INFO - [2024-11-01T18:39:36.072+0000] {dag.py:3508} INFO - Setting next_dagrun for example_nested_branch_dag to 2024-10-31T00:00:00+00:00, run_after=2024-11-01T00:00:00+00:00
[2024-11-01T18:39:36.081+0000] {processor.py:179} INFO - Processing /home/airflow/.local/lib/python3.7/site-packages/airflow/example_dags/example_nested_branch_dag.py took 0.051 seconds
[2024-11-01T18:40:06.266+0000] {processor.py:157} INFO - Started process (PID=2255) to work on /home/airflow/.local/lib/python3.7/site-packages/airflow/example_dags/example_nested_branch_dag.py
[2024-11-01T18:40:06.268+0000] {processor.py:826} INFO - Processing file /home/airflow/.local/lib/python3.7/site-packages/airflow/example_dags/example_nested_branch_dag.py for tasks to queue
[2024-11-01T18:40:06.269+0000] {logging_mixin.py:150} INFO - [2024-11-01T18:40:06.269+0000] {dagbag.py:541} INFO - Filling up the DagBag from /home/airflow/.local/lib/python3.7/site-packages/airflow/example_dags/example_nested_branch_dag.py
[2024-11-01T18:40:06.276+0000] {processor.py:836} INFO - DAG(s) dict_keys(['example_nested_branch_dag']) retrieved from /home/airflow/.local/lib/python3.7/site-packages/airflow/example_dags/example_nested_branch_dag.py
[2024-11-01T18:40:06.297+0000] {logging_mixin.py:150} INFO - [2024-11-01T18:40:06.297+0000] {dag.py:2742} INFO - Sync 1 DAGs
[2024-11-01T18:40:06.317+0000] {logging_mixin.py:150} INFO - [2024-11-01T18:40:06.317+0000] {dag.py:3508} INFO - Setting next_dagrun for example_nested_branch_dag to 2024-10-31T00:00:00+00:00, run_after=2024-11-01T00:00:00+00:00
[2024-11-01T18:40:06.334+0000] {processor.py:179} INFO - Processing /home/airflow/.local/lib/python3.7/site-packages/airflow/example_dags/example_nested_branch_dag.py took 0.075 seconds
[2024-11-01T18:40:37.350+0000] {processor.py:157} INFO - Started process (PID=2317) to work on /home/airflow/.local/lib/python3.7/site-packages/airflow/example_dags/example_nested_branch_dag.py
[2024-11-01T18:40:37.354+0000] {processor.py:826} INFO - Processing file /home/airflow/.local/lib/python3.7/site-packages/airflow/example_dags/example_nested_branch_dag.py for tasks to queue
[2024-11-01T18:40:37.355+0000] {logging_mixin.py:150} INFO - [2024-11-01T18:40:37.354+0000] {dagbag.py:541} INFO - Filling up the DagBag from /home/airflow/.local/lib/python3.7/site-packages/airflow/example_dags/example_nested_branch_dag.py
[2024-11-01T18:40:37.366+0000] {processor.py:836} INFO - DAG(s) dict_keys(['example_nested_branch_dag']) retrieved from /home/airflow/.local/lib/python3.7/site-packages/airflow/example_dags/example_nested_branch_dag.py
[2024-11-01T18:40:37.390+0000] {logging_mixin.py:150} INFO - [2024-11-01T18:40:37.390+0000] {dag.py:2742} INFO - Sync 1 DAGs
[2024-11-01T18:40:37.405+0000] {logging_mixin.py:150} INFO - [2024-11-01T18:40:37.405+0000] {dag.py:3508} INFO - Setting next_dagrun for example_nested_branch_dag to 2024-10-31T00:00:00+00:00, run_after=2024-11-01T00:00:00+00:00
[2024-11-01T18:40:37.414+0000] {processor.py:179} INFO - Processing /home/airflow/.local/lib/python3.7/site-packages/airflow/example_dags/example_nested_branch_dag.py took 0.067 seconds
[2024-11-01T18:41:07.672+0000] {processor.py:157} INFO - Started process (PID=2379) to work on /home/airflow/.local/lib/python3.7/site-packages/airflow/example_dags/example_nested_branch_dag.py
[2024-11-01T18:41:07.673+0000] {processor.py:826} INFO - Processing file /home/airflow/.local/lib/python3.7/site-packages/airflow/example_dags/example_nested_branch_dag.py for tasks to queue
[2024-11-01T18:41:07.674+0000] {logging_mixin.py:150} INFO - [2024-11-01T18:41:07.674+0000] {dagbag.py:541} INFO - Filling up the DagBag from /home/airflow/.local/lib/python3.7/site-packages/airflow/example_dags/example_nested_branch_dag.py
[2024-11-01T18:41:07.679+0000] {processor.py:836} INFO - DAG(s) dict_keys(['example_nested_branch_dag']) retrieved from /home/airflow/.local/lib/python3.7/site-packages/airflow/example_dags/example_nested_branch_dag.py
[2024-11-01T18:41:07.694+0000] {logging_mixin.py:150} INFO - [2024-11-01T18:41:07.694+0000] {dag.py:2742} INFO - Sync 1 DAGs
[2024-11-01T18:41:07.707+0000] {logging_mixin.py:150} INFO - [2024-11-01T18:41:07.707+0000] {dag.py:3508} INFO - Setting next_dagrun for example_nested_branch_dag to 2024-10-31T00:00:00+00:00, run_after=2024-11-01T00:00:00+00:00
[2024-11-01T18:41:07.718+0000] {processor.py:179} INFO - Processing /home/airflow/.local/lib/python3.7/site-packages/airflow/example_dags/example_nested_branch_dag.py took 0.047 seconds
[2024-11-01T18:41:38.565+0000] {processor.py:157} INFO - Started process (PID=2441) to work on /home/airflow/.local/lib/python3.7/site-packages/airflow/example_dags/example_nested_branch_dag.py
[2024-11-01T18:41:38.565+0000] {processor.py:826} INFO - Processing file /home/airflow/.local/lib/python3.7/site-packages/airflow/example_dags/example_nested_branch_dag.py for tasks to queue
[2024-11-01T18:41:38.566+0000] {logging_mixin.py:150} INFO - [2024-11-01T18:41:38.566+0000] {dagbag.py:541} INFO - Filling up the DagBag from /home/airflow/.local/lib/python3.7/site-packages/airflow/example_dags/example_nested_branch_dag.py
[2024-11-01T18:41:38.572+0000] {processor.py:836} INFO - DAG(s) dict_keys(['example_nested_branch_dag']) retrieved from /home/airflow/.local/lib/python3.7/site-packages/airflow/example_dags/example_nested_branch_dag.py
[2024-11-01T18:41:38.588+0000] {logging_mixin.py:150} INFO - [2024-11-01T18:41:38.588+0000] {dag.py:2742} INFO - Sync 1 DAGs
[2024-11-01T18:41:38.602+0000] {logging_mixin.py:150} INFO - [2024-11-01T18:41:38.601+0000] {dag.py:3508} INFO - Setting next_dagrun for example_nested_branch_dag to 2024-10-31T00:00:00+00:00, run_after=2024-11-01T00:00:00+00:00
[2024-11-01T18:41:38.611+0000] {processor.py:179} INFO - Processing /home/airflow/.local/lib/python3.7/site-packages/airflow/example_dags/example_nested_branch_dag.py took 0.048 seconds
[2024-11-01T18:42:08.906+0000] {processor.py:157} INFO - Started process (PID=2503) to work on /home/airflow/.local/lib/python3.7/site-packages/airflow/example_dags/example_nested_branch_dag.py
[2024-11-01T18:42:08.913+0000] {processor.py:826} INFO - Processing file /home/airflow/.local/lib/python3.7/site-packages/airflow/example_dags/example_nested_branch_dag.py for tasks to queue
[2024-11-01T18:42:08.914+0000] {logging_mixin.py:150} INFO - [2024-11-01T18:42:08.913+0000] {dagbag.py:541} INFO - Filling up the DagBag from /home/airflow/.local/lib/python3.7/site-packages/airflow/example_dags/example_nested_branch_dag.py
[2024-11-01T18:42:08.922+0000] {processor.py:836} INFO - DAG(s) dict_keys(['example_nested_branch_dag']) retrieved from /home/airflow/.local/lib/python3.7/site-packages/airflow/example_dags/example_nested_branch_dag.py
[2024-11-01T18:42:08.939+0000] {logging_mixin.py:150} INFO - [2024-11-01T18:42:08.939+0000] {dag.py:2742} INFO - Sync 1 DAGs
[2024-11-01T18:42:08.952+0000] {logging_mixin.py:150} INFO - [2024-11-01T18:42:08.952+0000] {dag.py:3508} INFO - Setting next_dagrun for example_nested_branch_dag to 2024-10-31T00:00:00+00:00, run_after=2024-11-01T00:00:00+00:00
[2024-11-01T18:42:08.961+0000] {processor.py:179} INFO - Processing /home/airflow/.local/lib/python3.7/site-packages/airflow/example_dags/example_nested_branch_dag.py took 0.083 seconds
[2024-11-01T18:42:39.476+0000] {processor.py:157} INFO - Started process (PID=2565) to work on /home/airflow/.local/lib/python3.7/site-packages/airflow/example_dags/example_nested_branch_dag.py
[2024-11-01T18:42:39.477+0000] {processor.py:826} INFO - Processing file /home/airflow/.local/lib/python3.7/site-packages/airflow/example_dags/example_nested_branch_dag.py for tasks to queue
[2024-11-01T18:42:39.477+0000] {logging_mixin.py:150} INFO - [2024-11-01T18:42:39.477+0000] {dagbag.py:541} INFO - Filling up the DagBag from /home/airflow/.local/lib/python3.7/site-packages/airflow/example_dags/example_nested_branch_dag.py
[2024-11-01T18:42:39.482+0000] {processor.py:836} INFO - DAG(s) dict_keys(['example_nested_branch_dag']) retrieved from /home/airflow/.local/lib/python3.7/site-packages/airflow/example_dags/example_nested_branch_dag.py
[2024-11-01T18:42:39.495+0000] {logging_mixin.py:150} INFO - [2024-11-01T18:42:39.495+0000] {dag.py:2742} INFO - Sync 1 DAGs
[2024-11-01T18:42:39.509+0000] {logging_mixin.py:150} INFO - [2024-11-01T18:42:39.509+0000] {dag.py:3508} INFO - Setting next_dagrun for example_nested_branch_dag to 2024-10-31T00:00:00+00:00, run_after=2024-11-01T00:00:00+00:00
[2024-11-01T18:42:39.517+0000] {processor.py:179} INFO - Processing /home/airflow/.local/lib/python3.7/site-packages/airflow/example_dags/example_nested_branch_dag.py took 0.045 seconds
[2024-11-01T18:43:11.932+0000] {processor.py:157} INFO - Started process (PID=2634) to work on /home/airflow/.local/lib/python3.7/site-packages/airflow/example_dags/example_nested_branch_dag.py
[2024-11-01T18:43:11.933+0000] {processor.py:826} INFO - Processing file /home/airflow/.local/lib/python3.7/site-packages/airflow/example_dags/example_nested_branch_dag.py for tasks to queue
[2024-11-01T18:43:11.934+0000] {logging_mixin.py:150} INFO - [2024-11-01T18:43:11.934+0000] {dagbag.py:541} INFO - Filling up the DagBag from /home/airflow/.local/lib/python3.7/site-packages/airflow/example_dags/example_nested_branch_dag.py
[2024-11-01T18:43:11.943+0000] {processor.py:836} INFO - DAG(s) dict_keys(['example_nested_branch_dag']) retrieved from /home/airflow/.local/lib/python3.7/site-packages/airflow/example_dags/example_nested_branch_dag.py
[2024-11-01T18:43:11.971+0000] {logging_mixin.py:150} INFO - [2024-11-01T18:43:11.971+0000] {dag.py:2742} INFO - Sync 1 DAGs
[2024-11-01T18:43:11.992+0000] {logging_mixin.py:150} INFO - [2024-11-01T18:43:11.991+0000] {dag.py:3508} INFO - Setting next_dagrun for example_nested_branch_dag to 2024-10-31T00:00:00+00:00, run_after=2024-11-01T00:00:00+00:00
[2024-11-01T18:43:12.008+0000] {processor.py:179} INFO - Processing /home/airflow/.local/lib/python3.7/site-packages/airflow/example_dags/example_nested_branch_dag.py took 0.079 seconds
[2024-11-01T18:43:42.208+0000] {processor.py:157} INFO - Started process (PID=2687) to work on /home/airflow/.local/lib/python3.7/site-packages/airflow/example_dags/example_nested_branch_dag.py
[2024-11-01T18:43:42.209+0000] {processor.py:826} INFO - Processing file /home/airflow/.local/lib/python3.7/site-packages/airflow/example_dags/example_nested_branch_dag.py for tasks to queue
[2024-11-01T18:43:42.212+0000] {logging_mixin.py:150} INFO - [2024-11-01T18:43:42.212+0000] {dagbag.py:541} INFO - Filling up the DagBag from /home/airflow/.local/lib/python3.7/site-packages/airflow/example_dags/example_nested_branch_dag.py
[2024-11-01T18:43:42.220+0000] {processor.py:836} INFO - DAG(s) dict_keys(['example_nested_branch_dag']) retrieved from /home/airflow/.local/lib/python3.7/site-packages/airflow/example_dags/example_nested_branch_dag.py
[2024-11-01T18:43:42.240+0000] {logging_mixin.py:150} INFO - [2024-11-01T18:43:42.240+0000] {dag.py:2742} INFO - Sync 1 DAGs
[2024-11-01T18:43:42.254+0000] {logging_mixin.py:150} INFO - [2024-11-01T18:43:42.254+0000] {dag.py:3508} INFO - Setting next_dagrun for example_nested_branch_dag to 2024-10-31T00:00:00+00:00, run_after=2024-11-01T00:00:00+00:00
[2024-11-01T18:43:42.268+0000] {processor.py:179} INFO - Processing /home/airflow/.local/lib/python3.7/site-packages/airflow/example_dags/example_nested_branch_dag.py took 0.063 seconds
[2024-11-01T18:44:12.535+0000] {processor.py:157} INFO - Started process (PID=2749) to work on /home/airflow/.local/lib/python3.7/site-packages/airflow/example_dags/example_nested_branch_dag.py
[2024-11-01T18:44:12.536+0000] {processor.py:826} INFO - Processing file /home/airflow/.local/lib/python3.7/site-packages/airflow/example_dags/example_nested_branch_dag.py for tasks to queue
[2024-11-01T18:44:12.537+0000] {logging_mixin.py:150} INFO - [2024-11-01T18:44:12.537+0000] {dagbag.py:541} INFO - Filling up the DagBag from /home/airflow/.local/lib/python3.7/site-packages/airflow/example_dags/example_nested_branch_dag.py
[2024-11-01T18:44:12.545+0000] {processor.py:836} INFO - DAG(s) dict_keys(['example_nested_branch_dag']) retrieved from /home/airflow/.local/lib/python3.7/site-packages/airflow/example_dags/example_nested_branch_dag.py
[2024-11-01T18:44:12.560+0000] {logging_mixin.py:150} INFO - [2024-11-01T18:44:12.560+0000] {dag.py:2742} INFO - Sync 1 DAGs
[2024-11-01T18:44:12.576+0000] {logging_mixin.py:150} INFO - [2024-11-01T18:44:12.576+0000] {dag.py:3508} INFO - Setting next_dagrun for example_nested_branch_dag to 2024-10-31T00:00:00+00:00, run_after=2024-11-01T00:00:00+00:00
[2024-11-01T18:44:12.591+0000] {processor.py:179} INFO - Processing /home/airflow/.local/lib/python3.7/site-packages/airflow/example_dags/example_nested_branch_dag.py took 0.059 seconds
[2024-11-01T18:44:42.695+0000] {processor.py:157} INFO - Started process (PID=2811) to work on /home/airflow/.local/lib/python3.7/site-packages/airflow/example_dags/example_nested_branch_dag.py
[2024-11-01T18:44:42.697+0000] {processor.py:826} INFO - Processing file /home/airflow/.local/lib/python3.7/site-packages/airflow/example_dags/example_nested_branch_dag.py for tasks to queue
[2024-11-01T18:44:42.697+0000] {logging_mixin.py:150} INFO - [2024-11-01T18:44:42.697+0000] {dagbag.py:541} INFO - Filling up the DagBag from /home/airflow/.local/lib/python3.7/site-packages/airflow/example_dags/example_nested_branch_dag.py
[2024-11-01T18:44:42.702+0000] {processor.py:836} INFO - DAG(s) dict_keys(['example_nested_branch_dag']) retrieved from /home/airflow/.local/lib/python3.7/site-packages/airflow/example_dags/example_nested_branch_dag.py
[2024-11-01T18:44:42.717+0000] {logging_mixin.py:150} INFO - [2024-11-01T18:44:42.717+0000] {dag.py:2742} INFO - Sync 1 DAGs
[2024-11-01T18:44:42.732+0000] {logging_mixin.py:150} INFO - [2024-11-01T18:44:42.731+0000] {dag.py:3508} INFO - Setting next_dagrun for example_nested_branch_dag to 2024-10-31T00:00:00+00:00, run_after=2024-11-01T00:00:00+00:00
[2024-11-01T18:44:42.745+0000] {processor.py:179} INFO - Processing /home/airflow/.local/lib/python3.7/site-packages/airflow/example_dags/example_nested_branch_dag.py took 0.051 seconds
[2024-11-01T18:45:13.188+0000] {processor.py:157} INFO - Started process (PID=2873) to work on /home/airflow/.local/lib/python3.7/site-packages/airflow/example_dags/example_nested_branch_dag.py
[2024-11-01T18:45:13.188+0000] {processor.py:826} INFO - Processing file /home/airflow/.local/lib/python3.7/site-packages/airflow/example_dags/example_nested_branch_dag.py for tasks to queue
[2024-11-01T18:45:13.189+0000] {logging_mixin.py:150} INFO - [2024-11-01T18:45:13.189+0000] {dagbag.py:541} INFO - Filling up the DagBag from /home/airflow/.local/lib/python3.7/site-packages/airflow/example_dags/example_nested_branch_dag.py
[2024-11-01T18:45:13.195+0000] {processor.py:836} INFO - DAG(s) dict_keys(['example_nested_branch_dag']) retrieved from /home/airflow/.local/lib/python3.7/site-packages/airflow/example_dags/example_nested_branch_dag.py
[2024-11-01T18:45:13.209+0000] {logging_mixin.py:150} INFO - [2024-11-01T18:45:13.209+0000] {dag.py:2742} INFO - Sync 1 DAGs
[2024-11-01T18:45:13.222+0000] {logging_mixin.py:150} INFO - [2024-11-01T18:45:13.222+0000] {dag.py:3508} INFO - Setting next_dagrun for example_nested_branch_dag to 2024-10-31T00:00:00+00:00, run_after=2024-11-01T00:00:00+00:00
[2024-11-01T18:45:13.238+0000] {processor.py:179} INFO - Processing /home/airflow/.local/lib/python3.7/site-packages/airflow/example_dags/example_nested_branch_dag.py took 0.052 seconds
[2024-11-01T18:45:43.795+0000] {processor.py:157} INFO - Started process (PID=2930) to work on /home/airflow/.local/lib/python3.7/site-packages/airflow/example_dags/example_nested_branch_dag.py
[2024-11-01T18:45:43.797+0000] {processor.py:826} INFO - Processing file /home/airflow/.local/lib/python3.7/site-packages/airflow/example_dags/example_nested_branch_dag.py for tasks to queue
[2024-11-01T18:45:43.797+0000] {logging_mixin.py:150} INFO - [2024-11-01T18:45:43.797+0000] {dagbag.py:541} INFO - Filling up the DagBag from /home/airflow/.local/lib/python3.7/site-packages/airflow/example_dags/example_nested_branch_dag.py
[2024-11-01T18:45:43.807+0000] {processor.py:836} INFO - DAG(s) dict_keys(['example_nested_branch_dag']) retrieved from /home/airflow/.local/lib/python3.7/site-packages/airflow/example_dags/example_nested_branch_dag.py
[2024-11-01T18:45:43.828+0000] {logging_mixin.py:150} INFO - [2024-11-01T18:45:43.828+0000] {dag.py:2742} INFO - Sync 1 DAGs
[2024-11-01T18:45:43.842+0000] {logging_mixin.py:150} INFO - [2024-11-01T18:45:43.842+0000] {dag.py:3508} INFO - Setting next_dagrun for example_nested_branch_dag to 2024-10-31T00:00:00+00:00, run_after=2024-11-01T00:00:00+00:00
[2024-11-01T18:45:43.852+0000] {processor.py:179} INFO - Processing /home/airflow/.local/lib/python3.7/site-packages/airflow/example_dags/example_nested_branch_dag.py took 0.058 seconds
[2024-11-01T18:46:14.768+0000] {processor.py:157} INFO - Started process (PID=2991) to work on /home/airflow/.local/lib/python3.7/site-packages/airflow/example_dags/example_nested_branch_dag.py
[2024-11-01T18:46:14.769+0000] {processor.py:826} INFO - Processing file /home/airflow/.local/lib/python3.7/site-packages/airflow/example_dags/example_nested_branch_dag.py for tasks to queue
[2024-11-01T18:46:14.770+0000] {logging_mixin.py:150} INFO - [2024-11-01T18:46:14.770+0000] {dagbag.py:541} INFO - Filling up the DagBag from /home/airflow/.local/lib/python3.7/site-packages/airflow/example_dags/example_nested_branch_dag.py
[2024-11-01T18:46:14.775+0000] {processor.py:836} INFO - DAG(s) dict_keys(['example_nested_branch_dag']) retrieved from /home/airflow/.local/lib/python3.7/site-packages/airflow/example_dags/example_nested_branch_dag.py
[2024-11-01T18:46:14.787+0000] {logging_mixin.py:150} INFO - [2024-11-01T18:46:14.787+0000] {dag.py:2742} INFO - Sync 1 DAGs
[2024-11-01T18:46:14.800+0000] {logging_mixin.py:150} INFO - [2024-11-01T18:46:14.800+0000] {dag.py:3508} INFO - Setting next_dagrun for example_nested_branch_dag to 2024-10-31T00:00:00+00:00, run_after=2024-11-01T00:00:00+00:00
[2024-11-01T18:46:14.808+0000] {processor.py:179} INFO - Processing /home/airflow/.local/lib/python3.7/site-packages/airflow/example_dags/example_nested_branch_dag.py took 0.043 seconds
[2024-11-01T18:46:49.810+0000] {processor.py:157} INFO - Started process (PID=3054) to work on /home/airflow/.local/lib/python3.7/site-packages/airflow/example_dags/example_nested_branch_dag.py
[2024-11-01T18:46:49.812+0000] {processor.py:826} INFO - Processing file /home/airflow/.local/lib/python3.7/site-packages/airflow/example_dags/example_nested_branch_dag.py for tasks to queue
[2024-11-01T18:46:49.814+0000] {logging_mixin.py:150} INFO - [2024-11-01T18:46:49.813+0000] {dagbag.py:541} INFO - Filling up the DagBag from /home/airflow/.local/lib/python3.7/site-packages/airflow/example_dags/example_nested_branch_dag.py
[2024-11-01T18:46:49.874+0000] {processor.py:836} INFO - DAG(s) dict_keys(['example_nested_branch_dag']) retrieved from /home/airflow/.local/lib/python3.7/site-packages/airflow/example_dags/example_nested_branch_dag.py
[2024-11-01T18:46:50.012+0000] {logging_mixin.py:150} INFO - [2024-11-01T18:46:50.012+0000] {dag.py:2742} INFO - Sync 1 DAGs
[2024-11-01T18:46:50.057+0000] {logging_mixin.py:150} INFO - [2024-11-01T18:46:50.056+0000] {dag.py:3508} INFO - Setting next_dagrun for example_nested_branch_dag to 2024-10-31T00:00:00+00:00, run_after=2024-11-01T00:00:00+00:00
[2024-11-01T18:46:50.092+0000] {processor.py:179} INFO - Processing /home/airflow/.local/lib/python3.7/site-packages/airflow/example_dags/example_nested_branch_dag.py took 0.291 seconds
[2024-11-01T18:47:20.146+0000] {processor.py:157} INFO - Started process (PID=3116) to work on /home/airflow/.local/lib/python3.7/site-packages/airflow/example_dags/example_nested_branch_dag.py
[2024-11-01T18:47:20.147+0000] {processor.py:826} INFO - Processing file /home/airflow/.local/lib/python3.7/site-packages/airflow/example_dags/example_nested_branch_dag.py for tasks to queue
[2024-11-01T18:47:20.147+0000] {logging_mixin.py:150} INFO - [2024-11-01T18:47:20.147+0000] {dagbag.py:541} INFO - Filling up the DagBag from /home/airflow/.local/lib/python3.7/site-packages/airflow/example_dags/example_nested_branch_dag.py
[2024-11-01T18:47:20.154+0000] {processor.py:836} INFO - DAG(s) dict_keys(['example_nested_branch_dag']) retrieved from /home/airflow/.local/lib/python3.7/site-packages/airflow/example_dags/example_nested_branch_dag.py
[2024-11-01T18:47:20.174+0000] {logging_mixin.py:150} INFO - [2024-11-01T18:47:20.174+0000] {dag.py:2742} INFO - Sync 1 DAGs
[2024-11-01T18:47:20.193+0000] {logging_mixin.py:150} INFO - [2024-11-01T18:47:20.193+0000] {dag.py:3508} INFO - Setting next_dagrun for example_nested_branch_dag to 2024-10-31T00:00:00+00:00, run_after=2024-11-01T00:00:00+00:00
[2024-11-01T18:47:20.204+0000] {processor.py:179} INFO - Processing /home/airflow/.local/lib/python3.7/site-packages/airflow/example_dags/example_nested_branch_dag.py took 0.060 seconds
[2024-11-01T18:47:50.439+0000] {processor.py:157} INFO - Started process (PID=3178) to work on /home/airflow/.local/lib/python3.7/site-packages/airflow/example_dags/example_nested_branch_dag.py
[2024-11-01T18:47:50.441+0000] {processor.py:826} INFO - Processing file /home/airflow/.local/lib/python3.7/site-packages/airflow/example_dags/example_nested_branch_dag.py for tasks to queue
[2024-11-01T18:47:50.442+0000] {logging_mixin.py:150} INFO - [2024-11-01T18:47:50.442+0000] {dagbag.py:541} INFO - Filling up the DagBag from /home/airflow/.local/lib/python3.7/site-packages/airflow/example_dags/example_nested_branch_dag.py
[2024-11-01T18:47:50.451+0000] {processor.py:836} INFO - DAG(s) dict_keys(['example_nested_branch_dag']) retrieved from /home/airflow/.local/lib/python3.7/site-packages/airflow/example_dags/example_nested_branch_dag.py
[2024-11-01T18:47:50.482+0000] {logging_mixin.py:150} INFO - [2024-11-01T18:47:50.482+0000] {dag.py:2742} INFO - Sync 1 DAGs
[2024-11-01T18:47:50.508+0000] {logging_mixin.py:150} INFO - [2024-11-01T18:47:50.508+0000] {dag.py:3508} INFO - Setting next_dagrun for example_nested_branch_dag to 2024-10-31T00:00:00+00:00, run_after=2024-11-01T00:00:00+00:00
[2024-11-01T18:47:50.529+0000] {processor.py:179} INFO - Processing /home/airflow/.local/lib/python3.7/site-packages/airflow/example_dags/example_nested_branch_dag.py took 0.097 seconds
[2024-11-01T18:48:20.986+0000] {processor.py:157} INFO - Started process (PID=3240) to work on /home/airflow/.local/lib/python3.7/site-packages/airflow/example_dags/example_nested_branch_dag.py
[2024-11-01T18:48:20.987+0000] {processor.py:826} INFO - Processing file /home/airflow/.local/lib/python3.7/site-packages/airflow/example_dags/example_nested_branch_dag.py for tasks to queue
[2024-11-01T18:48:20.987+0000] {logging_mixin.py:150} INFO - [2024-11-01T18:48:20.987+0000] {dagbag.py:541} INFO - Filling up the DagBag from /home/airflow/.local/lib/python3.7/site-packages/airflow/example_dags/example_nested_branch_dag.py
[2024-11-01T18:48:20.992+0000] {processor.py:836} INFO - DAG(s) dict_keys(['example_nested_branch_dag']) retrieved from /home/airflow/.local/lib/python3.7/site-packages/airflow/example_dags/example_nested_branch_dag.py
[2024-11-01T18:48:21.005+0000] {logging_mixin.py:150} INFO - [2024-11-01T18:48:21.005+0000] {dag.py:2742} INFO - Sync 1 DAGs
[2024-11-01T18:48:21.017+0000] {logging_mixin.py:150} INFO - [2024-11-01T18:48:21.017+0000] {dag.py:3508} INFO - Setting next_dagrun for example_nested_branch_dag to 2024-10-31T00:00:00+00:00, run_after=2024-11-01T00:00:00+00:00
[2024-11-01T18:48:21.025+0000] {processor.py:179} INFO - Processing /home/airflow/.local/lib/python3.7/site-packages/airflow/example_dags/example_nested_branch_dag.py took 0.044 seconds
[2024-11-01T18:48:52.089+0000] {processor.py:157} INFO - Started process (PID=3302) to work on /home/airflow/.local/lib/python3.7/site-packages/airflow/example_dags/example_nested_branch_dag.py
[2024-11-01T18:48:52.093+0000] {processor.py:826} INFO - Processing file /home/airflow/.local/lib/python3.7/site-packages/airflow/example_dags/example_nested_branch_dag.py for tasks to queue
[2024-11-01T18:48:52.093+0000] {logging_mixin.py:150} INFO - [2024-11-01T18:48:52.093+0000] {dagbag.py:541} INFO - Filling up the DagBag from /home/airflow/.local/lib/python3.7/site-packages/airflow/example_dags/example_nested_branch_dag.py
[2024-11-01T18:48:52.100+0000] {processor.py:836} INFO - DAG(s) dict_keys(['example_nested_branch_dag']) retrieved from /home/airflow/.local/lib/python3.7/site-packages/airflow/example_dags/example_nested_branch_dag.py
[2024-11-01T18:48:52.122+0000] {logging_mixin.py:150} INFO - [2024-11-01T18:48:52.121+0000] {dag.py:2742} INFO - Sync 1 DAGs
[2024-11-01T18:48:52.142+0000] {logging_mixin.py:150} INFO - [2024-11-01T18:48:52.142+0000] {dag.py:3508} INFO - Setting next_dagrun for example_nested_branch_dag to 2024-10-31T00:00:00+00:00, run_after=2024-11-01T00:00:00+00:00
[2024-11-01T18:48:52.156+0000] {processor.py:179} INFO - Processing /home/airflow/.local/lib/python3.7/site-packages/airflow/example_dags/example_nested_branch_dag.py took 0.090 seconds
[2024-11-01T18:49:23.069+0000] {processor.py:157} INFO - Started process (PID=3364) to work on /home/airflow/.local/lib/python3.7/site-packages/airflow/example_dags/example_nested_branch_dag.py
[2024-11-01T18:49:23.070+0000] {processor.py:826} INFO - Processing file /home/airflow/.local/lib/python3.7/site-packages/airflow/example_dags/example_nested_branch_dag.py for tasks to queue
[2024-11-01T18:49:23.072+0000] {logging_mixin.py:150} INFO - [2024-11-01T18:49:23.071+0000] {dagbag.py:541} INFO - Filling up the DagBag from /home/airflow/.local/lib/python3.7/site-packages/airflow/example_dags/example_nested_branch_dag.py
[2024-11-01T18:49:23.078+0000] {processor.py:836} INFO - DAG(s) dict_keys(['example_nested_branch_dag']) retrieved from /home/airflow/.local/lib/python3.7/site-packages/airflow/example_dags/example_nested_branch_dag.py
[2024-11-01T18:49:23.094+0000] {logging_mixin.py:150} INFO - [2024-11-01T18:49:23.094+0000] {dag.py:2742} INFO - Sync 1 DAGs
[2024-11-01T18:49:23.113+0000] {logging_mixin.py:150} INFO - [2024-11-01T18:49:23.113+0000] {dag.py:3508} INFO - Setting next_dagrun for example_nested_branch_dag to 2024-10-31T00:00:00+00:00, run_after=2024-11-01T00:00:00+00:00
[2024-11-01T18:49:23.122+0000] {processor.py:179} INFO - Processing /home/airflow/.local/lib/python3.7/site-packages/airflow/example_dags/example_nested_branch_dag.py took 0.056 seconds
[2024-11-01T18:49:53.516+0000] {processor.py:157} INFO - Started process (PID=3426) to work on /home/airflow/.local/lib/python3.7/site-packages/airflow/example_dags/example_nested_branch_dag.py
[2024-11-01T18:49:53.518+0000] {processor.py:826} INFO - Processing file /home/airflow/.local/lib/python3.7/site-packages/airflow/example_dags/example_nested_branch_dag.py for tasks to queue
[2024-11-01T18:49:53.520+0000] {logging_mixin.py:150} INFO - [2024-11-01T18:49:53.519+0000] {dagbag.py:541} INFO - Filling up the DagBag from /home/airflow/.local/lib/python3.7/site-packages/airflow/example_dags/example_nested_branch_dag.py
[2024-11-01T18:49:53.537+0000] {processor.py:836} INFO - DAG(s) dict_keys(['example_nested_branch_dag']) retrieved from /home/airflow/.local/lib/python3.7/site-packages/airflow/example_dags/example_nested_branch_dag.py
[2024-11-01T18:49:53.558+0000] {logging_mixin.py:150} INFO - [2024-11-01T18:49:53.558+0000] {dag.py:2742} INFO - Sync 1 DAGs
[2024-11-01T18:49:53.573+0000] {logging_mixin.py:150} INFO - [2024-11-01T18:49:53.573+0000] {dag.py:3508} INFO - Setting next_dagrun for example_nested_branch_dag to 2024-10-31T00:00:00+00:00, run_after=2024-11-01T00:00:00+00:00
[2024-11-01T18:49:53.583+0000] {processor.py:179} INFO - Processing /home/airflow/.local/lib/python3.7/site-packages/airflow/example_dags/example_nested_branch_dag.py took 0.073 seconds
[2024-11-01T18:50:24.133+0000] {processor.py:157} INFO - Started process (PID=3488) to work on /home/airflow/.local/lib/python3.7/site-packages/airflow/example_dags/example_nested_branch_dag.py
[2024-11-01T18:50:24.133+0000] {processor.py:826} INFO - Processing file /home/airflow/.local/lib/python3.7/site-packages/airflow/example_dags/example_nested_branch_dag.py for tasks to queue
[2024-11-01T18:50:24.134+0000] {logging_mixin.py:150} INFO - [2024-11-01T18:50:24.133+0000] {dagbag.py:541} INFO - Filling up the DagBag from /home/airflow/.local/lib/python3.7/site-packages/airflow/example_dags/example_nested_branch_dag.py
[2024-11-01T18:50:24.139+0000] {processor.py:836} INFO - DAG(s) dict_keys(['example_nested_branch_dag']) retrieved from /home/airflow/.local/lib/python3.7/site-packages/airflow/example_dags/example_nested_branch_dag.py
[2024-11-01T18:50:24.153+0000] {logging_mixin.py:150} INFO - [2024-11-01T18:50:24.153+0000] {dag.py:2742} INFO - Sync 1 DAGs
[2024-11-01T18:50:24.165+0000] {logging_mixin.py:150} INFO - [2024-11-01T18:50:24.165+0000] {dag.py:3508} INFO - Setting next_dagrun for example_nested_branch_dag to 2024-10-31T00:00:00+00:00, run_after=2024-11-01T00:00:00+00:00
[2024-11-01T18:50:24.173+0000] {processor.py:179} INFO - Processing /home/airflow/.local/lib/python3.7/site-packages/airflow/example_dags/example_nested_branch_dag.py took 0.042 seconds
[2024-11-01T18:50:55.002+0000] {processor.py:157} INFO - Started process (PID=3550) to work on /home/airflow/.local/lib/python3.7/site-packages/airflow/example_dags/example_nested_branch_dag.py
[2024-11-01T18:50:55.003+0000] {processor.py:826} INFO - Processing file /home/airflow/.local/lib/python3.7/site-packages/airflow/example_dags/example_nested_branch_dag.py for tasks to queue
[2024-11-01T18:50:55.004+0000] {logging_mixin.py:150} INFO - [2024-11-01T18:50:55.003+0000] {dagbag.py:541} INFO - Filling up the DagBag from /home/airflow/.local/lib/python3.7/site-packages/airflow/example_dags/example_nested_branch_dag.py
[2024-11-01T18:50:55.015+0000] {processor.py:836} INFO - DAG(s) dict_keys(['example_nested_branch_dag']) retrieved from /home/airflow/.local/lib/python3.7/site-packages/airflow/example_dags/example_nested_branch_dag.py
[2024-11-01T18:50:55.037+0000] {logging_mixin.py:150} INFO - [2024-11-01T18:50:55.037+0000] {dag.py:2742} INFO - Sync 1 DAGs
[2024-11-01T18:50:55.058+0000] {logging_mixin.py:150} INFO - [2024-11-01T18:50:55.058+0000] {dag.py:3508} INFO - Setting next_dagrun for example_nested_branch_dag to 2024-10-31T00:00:00+00:00, run_after=2024-11-01T00:00:00+00:00
[2024-11-01T18:50:55.096+0000] {processor.py:179} INFO - Processing /home/airflow/.local/lib/python3.7/site-packages/airflow/example_dags/example_nested_branch_dag.py took 0.098 seconds
[2024-11-01T18:51:25.202+0000] {processor.py:157} INFO - Started process (PID=3612) to work on /home/airflow/.local/lib/python3.7/site-packages/airflow/example_dags/example_nested_branch_dag.py
[2024-11-01T18:51:25.203+0000] {processor.py:826} INFO - Processing file /home/airflow/.local/lib/python3.7/site-packages/airflow/example_dags/example_nested_branch_dag.py for tasks to queue
[2024-11-01T18:51:25.203+0000] {logging_mixin.py:150} INFO - [2024-11-01T18:51:25.203+0000] {dagbag.py:541} INFO - Filling up the DagBag from /home/airflow/.local/lib/python3.7/site-packages/airflow/example_dags/example_nested_branch_dag.py
[2024-11-01T18:51:25.210+0000] {processor.py:836} INFO - DAG(s) dict_keys(['example_nested_branch_dag']) retrieved from /home/airflow/.local/lib/python3.7/site-packages/airflow/example_dags/example_nested_branch_dag.py
[2024-11-01T18:51:25.224+0000] {logging_mixin.py:150} INFO - [2024-11-01T18:51:25.223+0000] {dag.py:2742} INFO - Sync 1 DAGs
[2024-11-01T18:51:25.238+0000] {logging_mixin.py:150} INFO - [2024-11-01T18:51:25.238+0000] {dag.py:3508} INFO - Setting next_dagrun for example_nested_branch_dag to 2024-10-31T00:00:00+00:00, run_after=2024-11-01T00:00:00+00:00
[2024-11-01T18:51:25.246+0000] {processor.py:179} INFO - Processing /home/airflow/.local/lib/python3.7/site-packages/airflow/example_dags/example_nested_branch_dag.py took 0.047 seconds
[2024-11-01T18:51:56.179+0000] {processor.py:157} INFO - Started process (PID=3674) to work on /home/airflow/.local/lib/python3.7/site-packages/airflow/example_dags/example_nested_branch_dag.py
[2024-11-01T18:51:56.182+0000] {processor.py:826} INFO - Processing file /home/airflow/.local/lib/python3.7/site-packages/airflow/example_dags/example_nested_branch_dag.py for tasks to queue
[2024-11-01T18:51:56.184+0000] {logging_mixin.py:150} INFO - [2024-11-01T18:51:56.183+0000] {dagbag.py:541} INFO - Filling up the DagBag from /home/airflow/.local/lib/python3.7/site-packages/airflow/example_dags/example_nested_branch_dag.py
[2024-11-01T18:51:56.191+0000] {processor.py:836} INFO - DAG(s) dict_keys(['example_nested_branch_dag']) retrieved from /home/airflow/.local/lib/python3.7/site-packages/airflow/example_dags/example_nested_branch_dag.py
[2024-11-01T18:51:56.206+0000] {logging_mixin.py:150} INFO - [2024-11-01T18:51:56.206+0000] {dag.py:2742} INFO - Sync 1 DAGs
[2024-11-01T18:51:56.219+0000] {logging_mixin.py:150} INFO - [2024-11-01T18:51:56.219+0000] {dag.py:3508} INFO - Setting next_dagrun for example_nested_branch_dag to 2024-10-31T00:00:00+00:00, run_after=2024-11-01T00:00:00+00:00
[2024-11-01T18:51:56.228+0000] {processor.py:179} INFO - Processing /home/airflow/.local/lib/python3.7/site-packages/airflow/example_dags/example_nested_branch_dag.py took 0.051 seconds
[2024-11-01T18:52:26.296+0000] {processor.py:157} INFO - Started process (PID=3736) to work on /home/airflow/.local/lib/python3.7/site-packages/airflow/example_dags/example_nested_branch_dag.py
[2024-11-01T18:52:26.300+0000] {processor.py:826} INFO - Processing file /home/airflow/.local/lib/python3.7/site-packages/airflow/example_dags/example_nested_branch_dag.py for tasks to queue
[2024-11-01T18:52:26.301+0000] {logging_mixin.py:150} INFO - [2024-11-01T18:52:26.300+0000] {dagbag.py:541} INFO - Filling up the DagBag from /home/airflow/.local/lib/python3.7/site-packages/airflow/example_dags/example_nested_branch_dag.py
[2024-11-01T18:52:26.311+0000] {processor.py:836} INFO - DAG(s) dict_keys(['example_nested_branch_dag']) retrieved from /home/airflow/.local/lib/python3.7/site-packages/airflow/example_dags/example_nested_branch_dag.py
[2024-11-01T18:52:26.326+0000] {logging_mixin.py:150} INFO - [2024-11-01T18:52:26.326+0000] {dag.py:2742} INFO - Sync 1 DAGs
[2024-11-01T18:52:26.340+0000] {logging_mixin.py:150} INFO - [2024-11-01T18:52:26.340+0000] {dag.py:3508} INFO - Setting next_dagrun for example_nested_branch_dag to 2024-10-31T00:00:00+00:00, run_after=2024-11-01T00:00:00+00:00
[2024-11-01T18:52:26.349+0000] {processor.py:179} INFO - Processing /home/airflow/.local/lib/python3.7/site-packages/airflow/example_dags/example_nested_branch_dag.py took 0.063 seconds
