[2024-11-01T18:12:06.307+0000] {processor.py:157} INFO - Started process (PID=76) to work on /home/airflow/.local/lib/python3.7/site-packages/airflow/example_dags/example_branch_operator.py
[2024-11-01T18:12:06.311+0000] {processor.py:826} INFO - Processing file /home/airflow/.local/lib/python3.7/site-packages/airflow/example_dags/example_branch_operator.py for tasks to queue
[2024-11-01T18:12:06.313+0000] {logging_mixin.py:150} INFO - [2024-11-01T18:12:06.313+0000] {dagbag.py:541} INFO - Filling up the DagBag from /home/airflow/.local/lib/python3.7/site-packages/airflow/example_dags/example_branch_operator.py
[2024-11-01T18:12:06.333+0000] {processor.py:836} INFO - DAG(s) dict_keys(['example_branch_operator']) retrieved from /home/airflow/.local/lib/python3.7/site-packages/airflow/example_dags/example_branch_operator.py
[2024-11-01T18:12:06.500+0000] {logging_mixin.py:150} INFO - [2024-11-01T18:12:06.499+0000] {dag.py:2742} INFO - Sync 1 DAGs
[2024-11-01T18:12:06.539+0000] {logging_mixin.py:150} INFO - [2024-11-01T18:12:06.539+0000] {dag.py:3508} INFO - Setting next_dagrun for example_branch_operator to 2024-10-31T00:00:00+00:00, run_after=2024-11-01T00:00:00+00:00
[2024-11-01T18:12:06.550+0000] {processor.py:179} INFO - Processing /home/airflow/.local/lib/python3.7/site-packages/airflow/example_dags/example_branch_operator.py took 0.266 seconds
[2024-11-01T18:12:48.506+0000] {processor.py:157} INFO - Started process (PID=138) to work on /home/airflow/.local/lib/python3.7/site-packages/airflow/example_dags/example_branch_operator.py
[2024-11-01T18:12:50.134+0000] {processor.py:826} INFO - Processing file /home/airflow/.local/lib/python3.7/site-packages/airflow/example_dags/example_branch_operator.py for tasks to queue
[2024-11-01T18:12:51.451+0000] {logging_mixin.py:150} INFO - [2024-11-01T18:12:50.430+0000] {dagbag.py:541} INFO - Filling up the DagBag from /home/airflow/.local/lib/python3.7/site-packages/airflow/example_dags/example_branch_operator.py
[2024-11-01T18:12:51.749+0000] {processor.py:836} INFO - DAG(s) dict_keys(['example_branch_operator']) retrieved from /home/airflow/.local/lib/python3.7/site-packages/airflow/example_dags/example_branch_operator.py
[2024-11-01T18:12:52.492+0000] {logging_mixin.py:150} INFO - [2024-11-01T18:12:52.491+0000] {dag.py:2742} INFO - Sync 1 DAGs
[2024-11-01T18:12:52.690+0000] {logging_mixin.py:150} INFO - [2024-11-01T18:12:52.690+0000] {dag.py:3508} INFO - Setting next_dagrun for example_branch_operator to 2024-10-31T00:00:00+00:00, run_after=2024-11-01T00:00:00+00:00
[2024-11-01T18:12:55.557+0000] {processor.py:179} INFO - Processing /home/airflow/.local/lib/python3.7/site-packages/airflow/example_dags/example_branch_operator.py took 7.060 seconds
[2024-11-01T18:13:28.168+0000] {processor.py:157} INFO - Started process (PID=200) to work on /home/airflow/.local/lib/python3.7/site-packages/airflow/example_dags/example_branch_operator.py
[2024-11-01T18:13:28.225+0000] {processor.py:826} INFO - Processing file /home/airflow/.local/lib/python3.7/site-packages/airflow/example_dags/example_branch_operator.py for tasks to queue
[2024-11-01T18:13:28.267+0000] {logging_mixin.py:150} INFO - [2024-11-01T18:13:28.233+0000] {dagbag.py:541} INFO - Filling up the DagBag from /home/airflow/.local/lib/python3.7/site-packages/airflow/example_dags/example_branch_operator.py
[2024-11-01T18:13:28.952+0000] {processor.py:836} INFO - DAG(s) dict_keys(['example_branch_operator']) retrieved from /home/airflow/.local/lib/python3.7/site-packages/airflow/example_dags/example_branch_operator.py
[2024-11-01T18:13:31.062+0000] {logging_mixin.py:150} INFO - [2024-11-01T18:13:31.062+0000] {dag.py:2742} INFO - Sync 1 DAGs
[2024-11-01T18:13:32.183+0000] {logging_mixin.py:150} INFO - [2024-11-01T18:13:32.182+0000] {dag.py:3508} INFO - Setting next_dagrun for example_branch_operator to 2024-10-31T00:00:00+00:00, run_after=2024-11-01T00:00:00+00:00
[2024-11-01T18:13:34.504+0000] {processor.py:179} INFO - Processing /home/airflow/.local/lib/python3.7/site-packages/airflow/example_dags/example_branch_operator.py took 6.797 seconds
[2024-11-01T18:16:29.033+0000] {processor.py:157} INFO - Started process (PID=292) to work on /home/airflow/.local/lib/python3.7/site-packages/airflow/example_dags/example_branch_operator.py
[2024-11-01T18:16:31.497+0000] {processor.py:826} INFO - Processing file /home/airflow/.local/lib/python3.7/site-packages/airflow/example_dags/example_branch_operator.py for tasks to queue
[2024-11-01T18:16:31.972+0000] {logging_mixin.py:150} INFO - [2024-11-01T18:16:31.971+0000] {dagbag.py:541} INFO - Filling up the DagBag from /home/airflow/.local/lib/python3.7/site-packages/airflow/example_dags/example_branch_operator.py
[2024-11-01T18:16:32.545+0000] {processor.py:836} INFO - DAG(s) dict_keys(['example_branch_operator']) retrieved from /home/airflow/.local/lib/python3.7/site-packages/airflow/example_dags/example_branch_operator.py
[2024-11-01T18:16:33.677+0000] {logging_mixin.py:150} INFO - [2024-11-01T18:16:33.672+0000] {dag.py:2742} INFO - Sync 1 DAGs
[2024-11-01T18:16:36.819+0000] {logging_mixin.py:150} INFO - [2024-11-01T18:16:36.813+0000] {dag.py:3508} INFO - Setting next_dagrun for example_branch_operator to 2024-10-31T00:00:00+00:00, run_after=2024-11-01T00:00:00+00:00
[2024-11-01T18:16:39.062+0000] {processor.py:179} INFO - Processing /home/airflow/.local/lib/python3.7/site-packages/airflow/example_dags/example_branch_operator.py took 10.099 seconds
[2024-11-01T18:17:56.853+0000] {processor.py:157} INFO - Started process (PID=376) to work on /home/airflow/.local/lib/python3.7/site-packages/airflow/example_dags/example_branch_operator.py
[2024-11-01T18:17:56.864+0000] {processor.py:826} INFO - Processing file /home/airflow/.local/lib/python3.7/site-packages/airflow/example_dags/example_branch_operator.py for tasks to queue
[2024-11-01T18:17:56.972+0000] {logging_mixin.py:150} INFO - [2024-11-01T18:17:56.866+0000] {dagbag.py:541} INFO - Filling up the DagBag from /home/airflow/.local/lib/python3.7/site-packages/airflow/example_dags/example_branch_operator.py
[2024-11-01T18:17:57.294+0000] {processor.py:836} INFO - DAG(s) dict_keys(['example_branch_operator']) retrieved from /home/airflow/.local/lib/python3.7/site-packages/airflow/example_dags/example_branch_operator.py
[2024-11-01T18:17:57.862+0000] {logging_mixin.py:150} INFO - [2024-11-01T18:17:57.850+0000] {dag.py:2742} INFO - Sync 1 DAGs
[2024-11-01T18:17:58.292+0000] {logging_mixin.py:150} INFO - [2024-11-01T18:17:58.279+0000] {dag.py:3508} INFO - Setting next_dagrun for example_branch_operator to 2024-10-31T00:00:00+00:00, run_after=2024-11-01T00:00:00+00:00
[2024-11-01T18:17:59.333+0000] {processor.py:179} INFO - Processing /home/airflow/.local/lib/python3.7/site-packages/airflow/example_dags/example_branch_operator.py took 2.557 seconds
[2024-11-01T18:18:43.438+0000] {processor.py:157} INFO - Started process (PID=445) to work on /home/airflow/.local/lib/python3.7/site-packages/airflow/example_dags/example_branch_operator.py
[2024-11-01T18:18:44.133+0000] {processor.py:826} INFO - Processing file /home/airflow/.local/lib/python3.7/site-packages/airflow/example_dags/example_branch_operator.py for tasks to queue
[2024-11-01T18:18:44.441+0000] {logging_mixin.py:150} INFO - [2024-11-01T18:18:44.435+0000] {dagbag.py:541} INFO - Filling up the DagBag from /home/airflow/.local/lib/python3.7/site-packages/airflow/example_dags/example_branch_operator.py
[2024-11-01T18:18:44.496+0000] {processor.py:836} INFO - DAG(s) dict_keys(['example_branch_operator']) retrieved from /home/airflow/.local/lib/python3.7/site-packages/airflow/example_dags/example_branch_operator.py
[2024-11-01T18:18:44.797+0000] {logging_mixin.py:150} INFO - [2024-11-01T18:18:44.796+0000] {dag.py:2742} INFO - Sync 1 DAGs
[2024-11-01T18:18:44.924+0000] {logging_mixin.py:150} INFO - [2024-11-01T18:18:44.923+0000] {dag.py:3508} INFO - Setting next_dagrun for example_branch_operator to 2024-10-31T00:00:00+00:00, run_after=2024-11-01T00:00:00+00:00
[2024-11-01T18:18:46.012+0000] {processor.py:179} INFO - Processing /home/airflow/.local/lib/python3.7/site-packages/airflow/example_dags/example_branch_operator.py took 2.577 seconds
[2024-11-01T18:19:24.751+0000] {processor.py:157} INFO - Started process (PID=506) to work on /home/airflow/.local/lib/python3.7/site-packages/airflow/example_dags/example_branch_operator.py
[2024-11-01T18:19:24.766+0000] {processor.py:826} INFO - Processing file /home/airflow/.local/lib/python3.7/site-packages/airflow/example_dags/example_branch_operator.py for tasks to queue
[2024-11-01T18:19:24.768+0000] {logging_mixin.py:150} INFO - [2024-11-01T18:19:24.768+0000] {dagbag.py:541} INFO - Filling up the DagBag from /home/airflow/.local/lib/python3.7/site-packages/airflow/example_dags/example_branch_operator.py
[2024-11-01T18:19:24.796+0000] {processor.py:836} INFO - DAG(s) dict_keys(['example_branch_operator']) retrieved from /home/airflow/.local/lib/python3.7/site-packages/airflow/example_dags/example_branch_operator.py
[2024-11-01T18:19:24.994+0000] {logging_mixin.py:150} INFO - [2024-11-01T18:19:24.994+0000] {dag.py:2742} INFO - Sync 1 DAGs
[2024-11-01T18:19:25.065+0000] {logging_mixin.py:150} INFO - [2024-11-01T18:19:25.065+0000] {dag.py:3508} INFO - Setting next_dagrun for example_branch_operator to 2024-10-31T00:00:00+00:00, run_after=2024-11-01T00:00:00+00:00
[2024-11-01T18:19:25.136+0000] {processor.py:179} INFO - Processing /home/airflow/.local/lib/python3.7/site-packages/airflow/example_dags/example_branch_operator.py took 0.447 seconds
[2024-11-01T18:20:18.935+0000] {processor.py:157} INFO - Started process (PID=586) to work on /home/airflow/.local/lib/python3.7/site-packages/airflow/example_dags/example_branch_operator.py
[2024-11-01T18:20:18.952+0000] {processor.py:826} INFO - Processing file /home/airflow/.local/lib/python3.7/site-packages/airflow/example_dags/example_branch_operator.py for tasks to queue
[2024-11-01T18:20:18.965+0000] {logging_mixin.py:150} INFO - [2024-11-01T18:20:18.964+0000] {dagbag.py:541} INFO - Filling up the DagBag from /home/airflow/.local/lib/python3.7/site-packages/airflow/example_dags/example_branch_operator.py
[2024-11-01T18:20:19.149+0000] {processor.py:836} INFO - DAG(s) dict_keys(['example_branch_operator']) retrieved from /home/airflow/.local/lib/python3.7/site-packages/airflow/example_dags/example_branch_operator.py
[2024-11-01T18:20:19.674+0000] {logging_mixin.py:150} INFO - [2024-11-01T18:20:19.666+0000] {dag.py:2742} INFO - Sync 1 DAGs
[2024-11-01T18:20:19.928+0000] {logging_mixin.py:150} INFO - [2024-11-01T18:20:19.927+0000] {dag.py:3508} INFO - Setting next_dagrun for example_branch_operator to 2024-10-31T00:00:00+00:00, run_after=2024-11-01T00:00:00+00:00
[2024-11-01T18:20:20.025+0000] {processor.py:179} INFO - Processing /home/airflow/.local/lib/python3.7/site-packages/airflow/example_dags/example_branch_operator.py took 1.147 seconds
[2024-11-01T18:21:28.940+0000] {processor.py:157} INFO - Started process (PID=669) to work on /home/airflow/.local/lib/python3.7/site-packages/airflow/example_dags/example_branch_operator.py
[2024-11-01T18:21:28.947+0000] {processor.py:826} INFO - Processing file /home/airflow/.local/lib/python3.7/site-packages/airflow/example_dags/example_branch_operator.py for tasks to queue
[2024-11-01T18:21:28.956+0000] {logging_mixin.py:150} INFO - [2024-11-01T18:21:28.955+0000] {dagbag.py:541} INFO - Filling up the DagBag from /home/airflow/.local/lib/python3.7/site-packages/airflow/example_dags/example_branch_operator.py
[2024-11-01T18:21:29.229+0000] {processor.py:836} INFO - DAG(s) dict_keys(['example_branch_operator']) retrieved from /home/airflow/.local/lib/python3.7/site-packages/airflow/example_dags/example_branch_operator.py
[2024-11-01T18:21:29.403+0000] {logging_mixin.py:150} INFO - [2024-11-01T18:21:29.403+0000] {dag.py:2742} INFO - Sync 1 DAGs
[2024-11-01T18:21:29.526+0000] {logging_mixin.py:150} INFO - [2024-11-01T18:21:29.526+0000] {dag.py:3508} INFO - Setting next_dagrun for example_branch_operator to 2024-10-31T00:00:00+00:00, run_after=2024-11-01T00:00:00+00:00
[2024-11-01T18:21:29.844+0000] {processor.py:179} INFO - Processing /home/airflow/.local/lib/python3.7/site-packages/airflow/example_dags/example_branch_operator.py took 0.914 seconds
[2024-11-01T18:24:21.111+0000] {processor.py:157} INFO - Started process (PID=775) to work on /home/airflow/.local/lib/python3.7/site-packages/airflow/example_dags/example_branch_operator.py
[2024-11-01T18:24:21.121+0000] {processor.py:826} INFO - Processing file /home/airflow/.local/lib/python3.7/site-packages/airflow/example_dags/example_branch_operator.py for tasks to queue
[2024-11-01T18:24:21.123+0000] {logging_mixin.py:150} INFO - [2024-11-01T18:24:21.122+0000] {dagbag.py:541} INFO - Filling up the DagBag from /home/airflow/.local/lib/python3.7/site-packages/airflow/example_dags/example_branch_operator.py
[2024-11-01T18:24:21.165+0000] {processor.py:836} INFO - DAG(s) dict_keys(['example_branch_operator']) retrieved from /home/airflow/.local/lib/python3.7/site-packages/airflow/example_dags/example_branch_operator.py
[2024-11-01T18:24:21.604+0000] {logging_mixin.py:150} INFO - [2024-11-01T18:24:21.603+0000] {dag.py:2742} INFO - Sync 1 DAGs
[2024-11-01T18:24:21.750+0000] {logging_mixin.py:150} INFO - [2024-11-01T18:24:21.749+0000] {dag.py:3508} INFO - Setting next_dagrun for example_branch_operator to 2024-10-31T00:00:00+00:00, run_after=2024-11-01T00:00:00+00:00
[2024-11-01T18:24:21.833+0000] {processor.py:179} INFO - Processing /home/airflow/.local/lib/python3.7/site-packages/airflow/example_dags/example_branch_operator.py took 0.727 seconds
[2024-11-01T18:25:49.256+0000] {processor.py:157} INFO - Started process (PID=864) to work on /home/airflow/.local/lib/python3.7/site-packages/airflow/example_dags/example_branch_operator.py
[2024-11-01T18:25:49.274+0000] {processor.py:826} INFO - Processing file /home/airflow/.local/lib/python3.7/site-packages/airflow/example_dags/example_branch_operator.py for tasks to queue
[2024-11-01T18:25:49.275+0000] {logging_mixin.py:150} INFO - [2024-11-01T18:25:49.275+0000] {dagbag.py:541} INFO - Filling up the DagBag from /home/airflow/.local/lib/python3.7/site-packages/airflow/example_dags/example_branch_operator.py
[2024-11-01T18:25:49.323+0000] {processor.py:836} INFO - DAG(s) dict_keys(['example_branch_operator']) retrieved from /home/airflow/.local/lib/python3.7/site-packages/airflow/example_dags/example_branch_operator.py
[2024-11-01T18:25:49.516+0000] {logging_mixin.py:150} INFO - [2024-11-01T18:25:49.515+0000] {dag.py:2742} INFO - Sync 1 DAGs
[2024-11-01T18:25:49.551+0000] {logging_mixin.py:150} INFO - [2024-11-01T18:25:49.550+0000] {dag.py:3508} INFO - Setting next_dagrun for example_branch_operator to 2024-10-31T00:00:00+00:00, run_after=2024-11-01T00:00:00+00:00
[2024-11-01T18:25:49.569+0000] {processor.py:179} INFO - Processing /home/airflow/.local/lib/python3.7/site-packages/airflow/example_dags/example_branch_operator.py took 0.435 seconds
[2024-11-01T18:26:19.776+0000] {processor.py:157} INFO - Started process (PID=926) to work on /home/airflow/.local/lib/python3.7/site-packages/airflow/example_dags/example_branch_operator.py
[2024-11-01T18:26:19.781+0000] {processor.py:826} INFO - Processing file /home/airflow/.local/lib/python3.7/site-packages/airflow/example_dags/example_branch_operator.py for tasks to queue
[2024-11-01T18:26:19.783+0000] {logging_mixin.py:150} INFO - [2024-11-01T18:26:19.783+0000] {dagbag.py:541} INFO - Filling up the DagBag from /home/airflow/.local/lib/python3.7/site-packages/airflow/example_dags/example_branch_operator.py
[2024-11-01T18:26:19.791+0000] {processor.py:836} INFO - DAG(s) dict_keys(['example_branch_operator']) retrieved from /home/airflow/.local/lib/python3.7/site-packages/airflow/example_dags/example_branch_operator.py
[2024-11-01T18:26:19.808+0000] {logging_mixin.py:150} INFO - [2024-11-01T18:26:19.808+0000] {dag.py:2742} INFO - Sync 1 DAGs
[2024-11-01T18:26:19.827+0000] {logging_mixin.py:150} INFO - [2024-11-01T18:26:19.826+0000] {dag.py:3508} INFO - Setting next_dagrun for example_branch_operator to 2024-10-31T00:00:00+00:00, run_after=2024-11-01T00:00:00+00:00
[2024-11-01T18:26:19.846+0000] {processor.py:179} INFO - Processing /home/airflow/.local/lib/python3.7/site-packages/airflow/example_dags/example_branch_operator.py took 0.104 seconds
[2024-11-01T18:26:50.794+0000] {processor.py:157} INFO - Started process (PID=988) to work on /home/airflow/.local/lib/python3.7/site-packages/airflow/example_dags/example_branch_operator.py
[2024-11-01T18:26:50.795+0000] {processor.py:826} INFO - Processing file /home/airflow/.local/lib/python3.7/site-packages/airflow/example_dags/example_branch_operator.py for tasks to queue
[2024-11-01T18:26:50.795+0000] {logging_mixin.py:150} INFO - [2024-11-01T18:26:50.795+0000] {dagbag.py:541} INFO - Filling up the DagBag from /home/airflow/.local/lib/python3.7/site-packages/airflow/example_dags/example_branch_operator.py
[2024-11-01T18:26:50.810+0000] {processor.py:836} INFO - DAG(s) dict_keys(['example_branch_operator']) retrieved from /home/airflow/.local/lib/python3.7/site-packages/airflow/example_dags/example_branch_operator.py
[2024-11-01T18:26:50.831+0000] {logging_mixin.py:150} INFO - [2024-11-01T18:26:50.831+0000] {dag.py:2742} INFO - Sync 1 DAGs
[2024-11-01T18:26:50.846+0000] {logging_mixin.py:150} INFO - [2024-11-01T18:26:50.846+0000] {dag.py:3508} INFO - Setting next_dagrun for example_branch_operator to 2024-10-31T00:00:00+00:00, run_after=2024-11-01T00:00:00+00:00
[2024-11-01T18:26:50.857+0000] {processor.py:179} INFO - Processing /home/airflow/.local/lib/python3.7/site-packages/airflow/example_dags/example_branch_operator.py took 0.066 seconds
[2024-11-01T18:27:21.670+0000] {processor.py:157} INFO - Started process (PID=1050) to work on /home/airflow/.local/lib/python3.7/site-packages/airflow/example_dags/example_branch_operator.py
[2024-11-01T18:27:21.671+0000] {processor.py:826} INFO - Processing file /home/airflow/.local/lib/python3.7/site-packages/airflow/example_dags/example_branch_operator.py for tasks to queue
[2024-11-01T18:27:21.672+0000] {logging_mixin.py:150} INFO - [2024-11-01T18:27:21.672+0000] {dagbag.py:541} INFO - Filling up the DagBag from /home/airflow/.local/lib/python3.7/site-packages/airflow/example_dags/example_branch_operator.py
[2024-11-01T18:27:21.680+0000] {processor.py:836} INFO - DAG(s) dict_keys(['example_branch_operator']) retrieved from /home/airflow/.local/lib/python3.7/site-packages/airflow/example_dags/example_branch_operator.py
[2024-11-01T18:27:21.722+0000] {logging_mixin.py:150} INFO - [2024-11-01T18:27:21.722+0000] {dag.py:2742} INFO - Sync 1 DAGs
[2024-11-01T18:27:21.743+0000] {logging_mixin.py:150} INFO - [2024-11-01T18:27:21.743+0000] {dag.py:3508} INFO - Setting next_dagrun for example_branch_operator to 2024-10-31T00:00:00+00:00, run_after=2024-11-01T00:00:00+00:00
[2024-11-01T18:27:21.757+0000] {processor.py:179} INFO - Processing /home/airflow/.local/lib/python3.7/site-packages/airflow/example_dags/example_branch_operator.py took 0.090 seconds
[2024-11-01T18:27:52.114+0000] {processor.py:157} INFO - Started process (PID=1112) to work on /home/airflow/.local/lib/python3.7/site-packages/airflow/example_dags/example_branch_operator.py
[2024-11-01T18:27:52.115+0000] {processor.py:826} INFO - Processing file /home/airflow/.local/lib/python3.7/site-packages/airflow/example_dags/example_branch_operator.py for tasks to queue
[2024-11-01T18:27:52.115+0000] {logging_mixin.py:150} INFO - [2024-11-01T18:27:52.115+0000] {dagbag.py:541} INFO - Filling up the DagBag from /home/airflow/.local/lib/python3.7/site-packages/airflow/example_dags/example_branch_operator.py
[2024-11-01T18:27:52.120+0000] {processor.py:836} INFO - DAG(s) dict_keys(['example_branch_operator']) retrieved from /home/airflow/.local/lib/python3.7/site-packages/airflow/example_dags/example_branch_operator.py
[2024-11-01T18:27:52.133+0000] {logging_mixin.py:150} INFO - [2024-11-01T18:27:52.133+0000] {dag.py:2742} INFO - Sync 1 DAGs
[2024-11-01T18:27:52.145+0000] {logging_mixin.py:150} INFO - [2024-11-01T18:27:52.145+0000] {dag.py:3508} INFO - Setting next_dagrun for example_branch_operator to 2024-10-31T00:00:00+00:00, run_after=2024-11-01T00:00:00+00:00
[2024-11-01T18:27:52.158+0000] {processor.py:179} INFO - Processing /home/airflow/.local/lib/python3.7/site-packages/airflow/example_dags/example_branch_operator.py took 0.045 seconds
[2024-11-01T18:30:49.901+0000] {processor.py:157} INFO - Started process (PID=1149) to work on /home/airflow/.local/lib/python3.7/site-packages/airflow/example_dags/example_branch_operator.py
[2024-11-01T18:30:49.903+0000] {processor.py:826} INFO - Processing file /home/airflow/.local/lib/python3.7/site-packages/airflow/example_dags/example_branch_operator.py for tasks to queue
[2024-11-01T18:30:49.904+0000] {logging_mixin.py:150} INFO - [2024-11-01T18:30:49.904+0000] {dagbag.py:541} INFO - Filling up the DagBag from /home/airflow/.local/lib/python3.7/site-packages/airflow/example_dags/example_branch_operator.py
[2024-11-01T18:30:49.918+0000] {processor.py:836} INFO - DAG(s) dict_keys(['example_branch_operator']) retrieved from /home/airflow/.local/lib/python3.7/site-packages/airflow/example_dags/example_branch_operator.py
[2024-11-01T18:30:49.971+0000] {logging_mixin.py:150} INFO - [2024-11-01T18:30:49.971+0000] {dag.py:2742} INFO - Sync 1 DAGs
[2024-11-01T18:30:50.219+0000] {logging_mixin.py:150} INFO - [2024-11-01T18:30:50.217+0000] {dag.py:3508} INFO - Setting next_dagrun for example_branch_operator to 2024-10-31T00:00:00+00:00, run_after=2024-11-01T00:00:00+00:00
[2024-11-01T18:30:52.482+0000] {processor.py:179} INFO - Processing /home/airflow/.local/lib/python3.7/site-packages/airflow/example_dags/example_branch_operator.py took 2.585 seconds
[2024-11-01T18:31:24.239+0000] {processor.py:157} INFO - Started process (PID=1212) to work on /home/airflow/.local/lib/python3.7/site-packages/airflow/example_dags/example_branch_operator.py
[2024-11-01T18:31:24.241+0000] {processor.py:826} INFO - Processing file /home/airflow/.local/lib/python3.7/site-packages/airflow/example_dags/example_branch_operator.py for tasks to queue
[2024-11-01T18:31:24.242+0000] {logging_mixin.py:150} INFO - [2024-11-01T18:31:24.242+0000] {dagbag.py:541} INFO - Filling up the DagBag from /home/airflow/.local/lib/python3.7/site-packages/airflow/example_dags/example_branch_operator.py
[2024-11-01T18:31:24.254+0000] {processor.py:836} INFO - DAG(s) dict_keys(['example_branch_operator']) retrieved from /home/airflow/.local/lib/python3.7/site-packages/airflow/example_dags/example_branch_operator.py
[2024-11-01T18:31:24.277+0000] {logging_mixin.py:150} INFO - [2024-11-01T18:31:24.277+0000] {dag.py:2742} INFO - Sync 1 DAGs
[2024-11-01T18:31:24.296+0000] {logging_mixin.py:150} INFO - [2024-11-01T18:31:24.296+0000] {dag.py:3508} INFO - Setting next_dagrun for example_branch_operator to 2024-10-31T00:00:00+00:00, run_after=2024-11-01T00:00:00+00:00
[2024-11-01T18:31:24.310+0000] {processor.py:179} INFO - Processing /home/airflow/.local/lib/python3.7/site-packages/airflow/example_dags/example_branch_operator.py took 0.079 seconds
[2024-11-01T18:31:54.667+0000] {processor.py:157} INFO - Started process (PID=1274) to work on /home/airflow/.local/lib/python3.7/site-packages/airflow/example_dags/example_branch_operator.py
[2024-11-01T18:31:54.668+0000] {processor.py:826} INFO - Processing file /home/airflow/.local/lib/python3.7/site-packages/airflow/example_dags/example_branch_operator.py for tasks to queue
[2024-11-01T18:31:54.669+0000] {logging_mixin.py:150} INFO - [2024-11-01T18:31:54.669+0000] {dagbag.py:541} INFO - Filling up the DagBag from /home/airflow/.local/lib/python3.7/site-packages/airflow/example_dags/example_branch_operator.py
[2024-11-01T18:31:54.679+0000] {processor.py:836} INFO - DAG(s) dict_keys(['example_branch_operator']) retrieved from /home/airflow/.local/lib/python3.7/site-packages/airflow/example_dags/example_branch_operator.py
[2024-11-01T18:31:54.708+0000] {logging_mixin.py:150} INFO - [2024-11-01T18:31:54.708+0000] {dag.py:2742} INFO - Sync 1 DAGs
[2024-11-01T18:31:54.730+0000] {logging_mixin.py:150} INFO - [2024-11-01T18:31:54.730+0000] {dag.py:3508} INFO - Setting next_dagrun for example_branch_operator to 2024-10-31T00:00:00+00:00, run_after=2024-11-01T00:00:00+00:00
[2024-11-01T18:31:54.742+0000] {processor.py:179} INFO - Processing /home/airflow/.local/lib/python3.7/site-packages/airflow/example_dags/example_branch_operator.py took 0.081 seconds
[2024-11-01T18:32:24.844+0000] {processor.py:157} INFO - Started process (PID=1336) to work on /home/airflow/.local/lib/python3.7/site-packages/airflow/example_dags/example_branch_operator.py
[2024-11-01T18:32:24.846+0000] {processor.py:826} INFO - Processing file /home/airflow/.local/lib/python3.7/site-packages/airflow/example_dags/example_branch_operator.py for tasks to queue
[2024-11-01T18:32:24.847+0000] {logging_mixin.py:150} INFO - [2024-11-01T18:32:24.846+0000] {dagbag.py:541} INFO - Filling up the DagBag from /home/airflow/.local/lib/python3.7/site-packages/airflow/example_dags/example_branch_operator.py
[2024-11-01T18:32:24.857+0000] {processor.py:836} INFO - DAG(s) dict_keys(['example_branch_operator']) retrieved from /home/airflow/.local/lib/python3.7/site-packages/airflow/example_dags/example_branch_operator.py
[2024-11-01T18:32:24.883+0000] {logging_mixin.py:150} INFO - [2024-11-01T18:32:24.883+0000] {dag.py:2742} INFO - Sync 1 DAGs
[2024-11-01T18:32:24.900+0000] {logging_mixin.py:150} INFO - [2024-11-01T18:32:24.900+0000] {dag.py:3508} INFO - Setting next_dagrun for example_branch_operator to 2024-10-31T00:00:00+00:00, run_after=2024-11-01T00:00:00+00:00
[2024-11-01T18:32:24.914+0000] {processor.py:179} INFO - Processing /home/airflow/.local/lib/python3.7/site-packages/airflow/example_dags/example_branch_operator.py took 0.077 seconds
[2024-11-01T18:32:55.903+0000] {processor.py:157} INFO - Started process (PID=1397) to work on /home/airflow/.local/lib/python3.7/site-packages/airflow/example_dags/example_branch_operator.py
[2024-11-01T18:32:55.906+0000] {processor.py:826} INFO - Processing file /home/airflow/.local/lib/python3.7/site-packages/airflow/example_dags/example_branch_operator.py for tasks to queue
[2024-11-01T18:32:55.907+0000] {logging_mixin.py:150} INFO - [2024-11-01T18:32:55.907+0000] {dagbag.py:541} INFO - Filling up the DagBag from /home/airflow/.local/lib/python3.7/site-packages/airflow/example_dags/example_branch_operator.py
[2024-11-01T18:32:55.938+0000] {processor.py:836} INFO - DAG(s) dict_keys(['example_branch_operator']) retrieved from /home/airflow/.local/lib/python3.7/site-packages/airflow/example_dags/example_branch_operator.py
[2024-11-01T18:32:55.974+0000] {logging_mixin.py:150} INFO - [2024-11-01T18:32:55.974+0000] {dag.py:2742} INFO - Sync 1 DAGs
[2024-11-01T18:32:56.019+0000] {logging_mixin.py:150} INFO - [2024-11-01T18:32:56.019+0000] {dag.py:3508} INFO - Setting next_dagrun for example_branch_operator to 2024-10-31T00:00:00+00:00, run_after=2024-11-01T00:00:00+00:00
[2024-11-01T18:32:56.035+0000] {processor.py:179} INFO - Processing /home/airflow/.local/lib/python3.7/site-packages/airflow/example_dags/example_branch_operator.py took 0.142 seconds
[2024-11-01T18:33:26.322+0000] {processor.py:157} INFO - Started process (PID=1459) to work on /home/airflow/.local/lib/python3.7/site-packages/airflow/example_dags/example_branch_operator.py
[2024-11-01T18:33:26.325+0000] {processor.py:826} INFO - Processing file /home/airflow/.local/lib/python3.7/site-packages/airflow/example_dags/example_branch_operator.py for tasks to queue
[2024-11-01T18:33:26.326+0000] {logging_mixin.py:150} INFO - [2024-11-01T18:33:26.326+0000] {dagbag.py:541} INFO - Filling up the DagBag from /home/airflow/.local/lib/python3.7/site-packages/airflow/example_dags/example_branch_operator.py
[2024-11-01T18:33:26.338+0000] {processor.py:836} INFO - DAG(s) dict_keys(['example_branch_operator']) retrieved from /home/airflow/.local/lib/python3.7/site-packages/airflow/example_dags/example_branch_operator.py
[2024-11-01T18:33:26.361+0000] {logging_mixin.py:150} INFO - [2024-11-01T18:33:26.361+0000] {dag.py:2742} INFO - Sync 1 DAGs
[2024-11-01T18:33:26.379+0000] {logging_mixin.py:150} INFO - [2024-11-01T18:33:26.379+0000] {dag.py:3508} INFO - Setting next_dagrun for example_branch_operator to 2024-10-31T00:00:00+00:00, run_after=2024-11-01T00:00:00+00:00
[2024-11-01T18:33:26.406+0000] {processor.py:179} INFO - Processing /home/airflow/.local/lib/python3.7/site-packages/airflow/example_dags/example_branch_operator.py took 0.090 seconds
[2024-11-01T18:33:57.425+0000] {processor.py:157} INFO - Started process (PID=1521) to work on /home/airflow/.local/lib/python3.7/site-packages/airflow/example_dags/example_branch_operator.py
[2024-11-01T18:33:57.427+0000] {processor.py:826} INFO - Processing file /home/airflow/.local/lib/python3.7/site-packages/airflow/example_dags/example_branch_operator.py for tasks to queue
[2024-11-01T18:33:57.428+0000] {logging_mixin.py:150} INFO - [2024-11-01T18:33:57.427+0000] {dagbag.py:541} INFO - Filling up the DagBag from /home/airflow/.local/lib/python3.7/site-packages/airflow/example_dags/example_branch_operator.py
[2024-11-01T18:33:57.439+0000] {processor.py:836} INFO - DAG(s) dict_keys(['example_branch_operator']) retrieved from /home/airflow/.local/lib/python3.7/site-packages/airflow/example_dags/example_branch_operator.py
[2024-11-01T18:33:57.470+0000] {logging_mixin.py:150} INFO - [2024-11-01T18:33:57.470+0000] {dag.py:2742} INFO - Sync 1 DAGs
[2024-11-01T18:33:57.498+0000] {logging_mixin.py:150} INFO - [2024-11-01T18:33:57.498+0000] {dag.py:3508} INFO - Setting next_dagrun for example_branch_operator to 2024-10-31T00:00:00+00:00, run_after=2024-11-01T00:00:00+00:00
[2024-11-01T18:33:57.512+0000] {processor.py:179} INFO - Processing /home/airflow/.local/lib/python3.7/site-packages/airflow/example_dags/example_branch_operator.py took 0.094 seconds
[2024-11-01T18:34:27.975+0000] {processor.py:157} INFO - Started process (PID=1583) to work on /home/airflow/.local/lib/python3.7/site-packages/airflow/example_dags/example_branch_operator.py
[2024-11-01T18:34:27.978+0000] {processor.py:826} INFO - Processing file /home/airflow/.local/lib/python3.7/site-packages/airflow/example_dags/example_branch_operator.py for tasks to queue
[2024-11-01T18:34:27.979+0000] {logging_mixin.py:150} INFO - [2024-11-01T18:34:27.979+0000] {dagbag.py:541} INFO - Filling up the DagBag from /home/airflow/.local/lib/python3.7/site-packages/airflow/example_dags/example_branch_operator.py
[2024-11-01T18:34:28.014+0000] {processor.py:836} INFO - DAG(s) dict_keys(['example_branch_operator']) retrieved from /home/airflow/.local/lib/python3.7/site-packages/airflow/example_dags/example_branch_operator.py
[2024-11-01T18:34:28.044+0000] {logging_mixin.py:150} INFO - [2024-11-01T18:34:28.044+0000] {dag.py:2742} INFO - Sync 1 DAGs
[2024-11-01T18:34:28.064+0000] {logging_mixin.py:150} INFO - [2024-11-01T18:34:28.064+0000] {dag.py:3508} INFO - Setting next_dagrun for example_branch_operator to 2024-10-31T00:00:00+00:00, run_after=2024-11-01T00:00:00+00:00
[2024-11-01T18:34:28.088+0000] {processor.py:179} INFO - Processing /home/airflow/.local/lib/python3.7/site-packages/airflow/example_dags/example_branch_operator.py took 0.123 seconds
[2024-11-01T18:34:58.497+0000] {processor.py:157} INFO - Started process (PID=1645) to work on /home/airflow/.local/lib/python3.7/site-packages/airflow/example_dags/example_branch_operator.py
[2024-11-01T18:34:58.499+0000] {processor.py:826} INFO - Processing file /home/airflow/.local/lib/python3.7/site-packages/airflow/example_dags/example_branch_operator.py for tasks to queue
[2024-11-01T18:34:58.500+0000] {logging_mixin.py:150} INFO - [2024-11-01T18:34:58.499+0000] {dagbag.py:541} INFO - Filling up the DagBag from /home/airflow/.local/lib/python3.7/site-packages/airflow/example_dags/example_branch_operator.py
[2024-11-01T18:34:58.514+0000] {processor.py:836} INFO - DAG(s) dict_keys(['example_branch_operator']) retrieved from /home/airflow/.local/lib/python3.7/site-packages/airflow/example_dags/example_branch_operator.py
[2024-11-01T18:34:58.537+0000] {logging_mixin.py:150} INFO - [2024-11-01T18:34:58.537+0000] {dag.py:2742} INFO - Sync 1 DAGs
[2024-11-01T18:34:58.564+0000] {logging_mixin.py:150} INFO - [2024-11-01T18:34:58.564+0000] {dag.py:3508} INFO - Setting next_dagrun for example_branch_operator to 2024-10-31T00:00:00+00:00, run_after=2024-11-01T00:00:00+00:00
[2024-11-01T18:34:58.578+0000] {processor.py:179} INFO - Processing /home/airflow/.local/lib/python3.7/site-packages/airflow/example_dags/example_branch_operator.py took 0.090 seconds
[2024-11-01T18:35:29.053+0000] {processor.py:157} INFO - Started process (PID=1707) to work on /home/airflow/.local/lib/python3.7/site-packages/airflow/example_dags/example_branch_operator.py
[2024-11-01T18:35:29.055+0000] {processor.py:826} INFO - Processing file /home/airflow/.local/lib/python3.7/site-packages/airflow/example_dags/example_branch_operator.py for tasks to queue
[2024-11-01T18:35:29.056+0000] {logging_mixin.py:150} INFO - [2024-11-01T18:35:29.056+0000] {dagbag.py:541} INFO - Filling up the DagBag from /home/airflow/.local/lib/python3.7/site-packages/airflow/example_dags/example_branch_operator.py
[2024-11-01T18:35:29.070+0000] {processor.py:836} INFO - DAG(s) dict_keys(['example_branch_operator']) retrieved from /home/airflow/.local/lib/python3.7/site-packages/airflow/example_dags/example_branch_operator.py
[2024-11-01T18:35:29.098+0000] {logging_mixin.py:150} INFO - [2024-11-01T18:35:29.097+0000] {dag.py:2742} INFO - Sync 1 DAGs
[2024-11-01T18:35:29.117+0000] {logging_mixin.py:150} INFO - [2024-11-01T18:35:29.117+0000] {dag.py:3508} INFO - Setting next_dagrun for example_branch_operator to 2024-10-31T00:00:00+00:00, run_after=2024-11-01T00:00:00+00:00
[2024-11-01T18:35:29.134+0000] {processor.py:179} INFO - Processing /home/airflow/.local/lib/python3.7/site-packages/airflow/example_dags/example_branch_operator.py took 0.087 seconds
[2024-11-01T18:35:59.652+0000] {processor.py:157} INFO - Started process (PID=1769) to work on /home/airflow/.local/lib/python3.7/site-packages/airflow/example_dags/example_branch_operator.py
[2024-11-01T18:35:59.655+0000] {processor.py:826} INFO - Processing file /home/airflow/.local/lib/python3.7/site-packages/airflow/example_dags/example_branch_operator.py for tasks to queue
[2024-11-01T18:35:59.656+0000] {logging_mixin.py:150} INFO - [2024-11-01T18:35:59.656+0000] {dagbag.py:541} INFO - Filling up the DagBag from /home/airflow/.local/lib/python3.7/site-packages/airflow/example_dags/example_branch_operator.py
[2024-11-01T18:35:59.693+0000] {processor.py:836} INFO - DAG(s) dict_keys(['example_branch_operator']) retrieved from /home/airflow/.local/lib/python3.7/site-packages/airflow/example_dags/example_branch_operator.py
[2024-11-01T18:35:59.791+0000] {logging_mixin.py:150} INFO - [2024-11-01T18:35:59.791+0000] {dag.py:2742} INFO - Sync 1 DAGs
[2024-11-01T18:35:59.831+0000] {logging_mixin.py:150} INFO - [2024-11-01T18:35:59.831+0000] {dag.py:3508} INFO - Setting next_dagrun for example_branch_operator to 2024-10-31T00:00:00+00:00, run_after=2024-11-01T00:00:00+00:00
[2024-11-01T18:35:59.863+0000] {processor.py:179} INFO - Processing /home/airflow/.local/lib/python3.7/site-packages/airflow/example_dags/example_branch_operator.py took 0.220 seconds
[2024-11-01T18:36:30.136+0000] {processor.py:157} INFO - Started process (PID=1831) to work on /home/airflow/.local/lib/python3.7/site-packages/airflow/example_dags/example_branch_operator.py
[2024-11-01T18:36:30.142+0000] {processor.py:826} INFO - Processing file /home/airflow/.local/lib/python3.7/site-packages/airflow/example_dags/example_branch_operator.py for tasks to queue
[2024-11-01T18:36:30.143+0000] {logging_mixin.py:150} INFO - [2024-11-01T18:36:30.142+0000] {dagbag.py:541} INFO - Filling up the DagBag from /home/airflow/.local/lib/python3.7/site-packages/airflow/example_dags/example_branch_operator.py
[2024-11-01T18:36:30.173+0000] {processor.py:836} INFO - DAG(s) dict_keys(['example_branch_operator']) retrieved from /home/airflow/.local/lib/python3.7/site-packages/airflow/example_dags/example_branch_operator.py
[2024-11-01T18:36:30.220+0000] {logging_mixin.py:150} INFO - [2024-11-01T18:36:30.219+0000] {dag.py:2742} INFO - Sync 1 DAGs
[2024-11-01T18:36:30.254+0000] {logging_mixin.py:150} INFO - [2024-11-01T18:36:30.254+0000] {dag.py:3508} INFO - Setting next_dagrun for example_branch_operator to 2024-10-31T00:00:00+00:00, run_after=2024-11-01T00:00:00+00:00
[2024-11-01T18:36:30.274+0000] {processor.py:179} INFO - Processing /home/airflow/.local/lib/python3.7/site-packages/airflow/example_dags/example_branch_operator.py took 0.148 seconds
[2024-11-01T18:37:00.371+0000] {processor.py:157} INFO - Started process (PID=1893) to work on /home/airflow/.local/lib/python3.7/site-packages/airflow/example_dags/example_branch_operator.py
[2024-11-01T18:37:00.372+0000] {processor.py:826} INFO - Processing file /home/airflow/.local/lib/python3.7/site-packages/airflow/example_dags/example_branch_operator.py for tasks to queue
[2024-11-01T18:37:00.373+0000] {logging_mixin.py:150} INFO - [2024-11-01T18:37:00.373+0000] {dagbag.py:541} INFO - Filling up the DagBag from /home/airflow/.local/lib/python3.7/site-packages/airflow/example_dags/example_branch_operator.py
[2024-11-01T18:37:00.382+0000] {processor.py:836} INFO - DAG(s) dict_keys(['example_branch_operator']) retrieved from /home/airflow/.local/lib/python3.7/site-packages/airflow/example_dags/example_branch_operator.py
[2024-11-01T18:37:00.411+0000] {logging_mixin.py:150} INFO - [2024-11-01T18:37:00.410+0000] {dag.py:2742} INFO - Sync 1 DAGs
[2024-11-01T18:37:00.435+0000] {logging_mixin.py:150} INFO - [2024-11-01T18:37:00.435+0000] {dag.py:3508} INFO - Setting next_dagrun for example_branch_operator to 2024-10-31T00:00:00+00:00, run_after=2024-11-01T00:00:00+00:00
[2024-11-01T18:37:00.452+0000] {processor.py:179} INFO - Processing /home/airflow/.local/lib/python3.7/site-packages/airflow/example_dags/example_branch_operator.py took 0.084 seconds
[2024-11-01T18:37:30.906+0000] {processor.py:157} INFO - Started process (PID=1954) to work on /home/airflow/.local/lib/python3.7/site-packages/airflow/example_dags/example_branch_operator.py
[2024-11-01T18:37:30.909+0000] {processor.py:826} INFO - Processing file /home/airflow/.local/lib/python3.7/site-packages/airflow/example_dags/example_branch_operator.py for tasks to queue
[2024-11-01T18:37:30.911+0000] {logging_mixin.py:150} INFO - [2024-11-01T18:37:30.910+0000] {dagbag.py:541} INFO - Filling up the DagBag from /home/airflow/.local/lib/python3.7/site-packages/airflow/example_dags/example_branch_operator.py
[2024-11-01T18:37:30.934+0000] {processor.py:836} INFO - DAG(s) dict_keys(['example_branch_operator']) retrieved from /home/airflow/.local/lib/python3.7/site-packages/airflow/example_dags/example_branch_operator.py
[2024-11-01T18:37:30.976+0000] {logging_mixin.py:150} INFO - [2024-11-01T18:37:30.976+0000] {dag.py:2742} INFO - Sync 1 DAGs
[2024-11-01T18:37:31.006+0000] {logging_mixin.py:150} INFO - [2024-11-01T18:37:31.006+0000] {dag.py:3508} INFO - Setting next_dagrun for example_branch_operator to 2024-10-31T00:00:00+00:00, run_after=2024-11-01T00:00:00+00:00
[2024-11-01T18:37:31.023+0000] {processor.py:179} INFO - Processing /home/airflow/.local/lib/python3.7/site-packages/airflow/example_dags/example_branch_operator.py took 0.128 seconds
[2024-11-01T18:38:06.107+0000] {processor.py:157} INFO - Started process (PID=2015) to work on /home/airflow/.local/lib/python3.7/site-packages/airflow/example_dags/example_branch_operator.py
[2024-11-01T18:38:06.109+0000] {processor.py:826} INFO - Processing file /home/airflow/.local/lib/python3.7/site-packages/airflow/example_dags/example_branch_operator.py for tasks to queue
[2024-11-01T18:38:06.110+0000] {logging_mixin.py:150} INFO - [2024-11-01T18:38:06.110+0000] {dagbag.py:541} INFO - Filling up the DagBag from /home/airflow/.local/lib/python3.7/site-packages/airflow/example_dags/example_branch_operator.py
[2024-11-01T18:38:06.121+0000] {processor.py:836} INFO - DAG(s) dict_keys(['example_branch_operator']) retrieved from /home/airflow/.local/lib/python3.7/site-packages/airflow/example_dags/example_branch_operator.py
[2024-11-01T18:38:06.143+0000] {logging_mixin.py:150} INFO - [2024-11-01T18:38:06.143+0000] {dag.py:2742} INFO - Sync 1 DAGs
[2024-11-01T18:38:06.170+0000] {logging_mixin.py:150} INFO - [2024-11-01T18:38:06.169+0000] {dag.py:3508} INFO - Setting next_dagrun for example_branch_operator to 2024-10-31T00:00:00+00:00, run_after=2024-11-01T00:00:00+00:00
[2024-11-01T18:38:06.204+0000] {processor.py:179} INFO - Processing /home/airflow/.local/lib/python3.7/site-packages/airflow/example_dags/example_branch_operator.py took 0.107 seconds
[2024-11-01T18:38:37.156+0000] {processor.py:157} INFO - Started process (PID=2076) to work on /home/airflow/.local/lib/python3.7/site-packages/airflow/example_dags/example_branch_operator.py
[2024-11-01T18:38:37.158+0000] {processor.py:826} INFO - Processing file /home/airflow/.local/lib/python3.7/site-packages/airflow/example_dags/example_branch_operator.py for tasks to queue
[2024-11-01T18:38:37.159+0000] {logging_mixin.py:150} INFO - [2024-11-01T18:38:37.158+0000] {dagbag.py:541} INFO - Filling up the DagBag from /home/airflow/.local/lib/python3.7/site-packages/airflow/example_dags/example_branch_operator.py
[2024-11-01T18:38:37.173+0000] {processor.py:836} INFO - DAG(s) dict_keys(['example_branch_operator']) retrieved from /home/airflow/.local/lib/python3.7/site-packages/airflow/example_dags/example_branch_operator.py
[2024-11-01T18:38:37.233+0000] {logging_mixin.py:150} INFO - [2024-11-01T18:38:37.233+0000] {dag.py:2742} INFO - Sync 1 DAGs
[2024-11-01T18:38:37.330+0000] {logging_mixin.py:150} INFO - [2024-11-01T18:38:37.330+0000] {dag.py:3508} INFO - Setting next_dagrun for example_branch_operator to 2024-10-31T00:00:00+00:00, run_after=2024-11-01T00:00:00+00:00
[2024-11-01T18:38:37.344+0000] {processor.py:179} INFO - Processing /home/airflow/.local/lib/python3.7/site-packages/airflow/example_dags/example_branch_operator.py took 0.191 seconds
[2024-11-01T18:39:08.035+0000] {processor.py:157} INFO - Started process (PID=2138) to work on /home/airflow/.local/lib/python3.7/site-packages/airflow/example_dags/example_branch_operator.py
[2024-11-01T18:39:08.036+0000] {processor.py:826} INFO - Processing file /home/airflow/.local/lib/python3.7/site-packages/airflow/example_dags/example_branch_operator.py for tasks to queue
[2024-11-01T18:39:08.037+0000] {logging_mixin.py:150} INFO - [2024-11-01T18:39:08.037+0000] {dagbag.py:541} INFO - Filling up the DagBag from /home/airflow/.local/lib/python3.7/site-packages/airflow/example_dags/example_branch_operator.py
[2024-11-01T18:39:08.047+0000] {processor.py:836} INFO - DAG(s) dict_keys(['example_branch_operator']) retrieved from /home/airflow/.local/lib/python3.7/site-packages/airflow/example_dags/example_branch_operator.py
[2024-11-01T18:39:08.072+0000] {logging_mixin.py:150} INFO - [2024-11-01T18:39:08.072+0000] {dag.py:2742} INFO - Sync 1 DAGs
[2024-11-01T18:39:08.093+0000] {logging_mixin.py:150} INFO - [2024-11-01T18:39:08.092+0000] {dag.py:3508} INFO - Setting next_dagrun for example_branch_operator to 2024-10-31T00:00:00+00:00, run_after=2024-11-01T00:00:00+00:00
[2024-11-01T18:39:08.115+0000] {processor.py:179} INFO - Processing /home/airflow/.local/lib/python3.7/site-packages/airflow/example_dags/example_branch_operator.py took 0.084 seconds
[2024-11-01T18:39:38.421+0000] {processor.py:157} INFO - Started process (PID=2199) to work on /home/airflow/.local/lib/python3.7/site-packages/airflow/example_dags/example_branch_operator.py
[2024-11-01T18:39:38.422+0000] {processor.py:826} INFO - Processing file /home/airflow/.local/lib/python3.7/site-packages/airflow/example_dags/example_branch_operator.py for tasks to queue
[2024-11-01T18:39:38.423+0000] {logging_mixin.py:150} INFO - [2024-11-01T18:39:38.422+0000] {dagbag.py:541} INFO - Filling up the DagBag from /home/airflow/.local/lib/python3.7/site-packages/airflow/example_dags/example_branch_operator.py
[2024-11-01T18:39:38.432+0000] {processor.py:836} INFO - DAG(s) dict_keys(['example_branch_operator']) retrieved from /home/airflow/.local/lib/python3.7/site-packages/airflow/example_dags/example_branch_operator.py
[2024-11-01T18:39:38.472+0000] {logging_mixin.py:150} INFO - [2024-11-01T18:39:38.471+0000] {dag.py:2742} INFO - Sync 1 DAGs
[2024-11-01T18:39:38.492+0000] {logging_mixin.py:150} INFO - [2024-11-01T18:39:38.492+0000] {dag.py:3508} INFO - Setting next_dagrun for example_branch_operator to 2024-10-31T00:00:00+00:00, run_after=2024-11-01T00:00:00+00:00
[2024-11-01T18:39:38.512+0000] {processor.py:179} INFO - Processing /home/airflow/.local/lib/python3.7/site-packages/airflow/example_dags/example_branch_operator.py took 0.094 seconds
[2024-11-01T18:40:08.665+0000] {processor.py:157} INFO - Started process (PID=2261) to work on /home/airflow/.local/lib/python3.7/site-packages/airflow/example_dags/example_branch_operator.py
[2024-11-01T18:40:08.667+0000] {processor.py:826} INFO - Processing file /home/airflow/.local/lib/python3.7/site-packages/airflow/example_dags/example_branch_operator.py for tasks to queue
[2024-11-01T18:40:08.671+0000] {logging_mixin.py:150} INFO - [2024-11-01T18:40:08.667+0000] {dagbag.py:541} INFO - Filling up the DagBag from /home/airflow/.local/lib/python3.7/site-packages/airflow/example_dags/example_branch_operator.py
[2024-11-01T18:40:08.689+0000] {processor.py:836} INFO - DAG(s) dict_keys(['example_branch_operator']) retrieved from /home/airflow/.local/lib/python3.7/site-packages/airflow/example_dags/example_branch_operator.py
[2024-11-01T18:40:08.721+0000] {logging_mixin.py:150} INFO - [2024-11-01T18:40:08.721+0000] {dag.py:2742} INFO - Sync 1 DAGs
[2024-11-01T18:40:08.739+0000] {logging_mixin.py:150} INFO - [2024-11-01T18:40:08.739+0000] {dag.py:3508} INFO - Setting next_dagrun for example_branch_operator to 2024-10-31T00:00:00+00:00, run_after=2024-11-01T00:00:00+00:00
[2024-11-01T18:40:08.755+0000] {processor.py:179} INFO - Processing /home/airflow/.local/lib/python3.7/site-packages/airflow/example_dags/example_branch_operator.py took 0.094 seconds
[2024-11-01T18:40:38.828+0000] {processor.py:157} INFO - Started process (PID=2323) to work on /home/airflow/.local/lib/python3.7/site-packages/airflow/example_dags/example_branch_operator.py
[2024-11-01T18:40:38.835+0000] {processor.py:826} INFO - Processing file /home/airflow/.local/lib/python3.7/site-packages/airflow/example_dags/example_branch_operator.py for tasks to queue
[2024-11-01T18:40:38.835+0000] {logging_mixin.py:150} INFO - [2024-11-01T18:40:38.835+0000] {dagbag.py:541} INFO - Filling up the DagBag from /home/airflow/.local/lib/python3.7/site-packages/airflow/example_dags/example_branch_operator.py
[2024-11-01T18:40:38.840+0000] {processor.py:836} INFO - DAG(s) dict_keys(['example_branch_operator']) retrieved from /home/airflow/.local/lib/python3.7/site-packages/airflow/example_dags/example_branch_operator.py
[2024-11-01T18:40:38.853+0000] {logging_mixin.py:150} INFO - [2024-11-01T18:40:38.853+0000] {dag.py:2742} INFO - Sync 1 DAGs
[2024-11-01T18:40:38.865+0000] {logging_mixin.py:150} INFO - [2024-11-01T18:40:38.865+0000] {dag.py:3508} INFO - Setting next_dagrun for example_branch_operator to 2024-10-31T00:00:00+00:00, run_after=2024-11-01T00:00:00+00:00
[2024-11-01T18:40:38.878+0000] {processor.py:179} INFO - Processing /home/airflow/.local/lib/python3.7/site-packages/airflow/example_dags/example_branch_operator.py took 0.052 seconds
[2024-11-01T18:41:09.214+0000] {processor.py:157} INFO - Started process (PID=2385) to work on /home/airflow/.local/lib/python3.7/site-packages/airflow/example_dags/example_branch_operator.py
[2024-11-01T18:41:09.215+0000] {processor.py:826} INFO - Processing file /home/airflow/.local/lib/python3.7/site-packages/airflow/example_dags/example_branch_operator.py for tasks to queue
[2024-11-01T18:41:09.215+0000] {logging_mixin.py:150} INFO - [2024-11-01T18:41:09.215+0000] {dagbag.py:541} INFO - Filling up the DagBag from /home/airflow/.local/lib/python3.7/site-packages/airflow/example_dags/example_branch_operator.py
[2024-11-01T18:41:09.221+0000] {processor.py:836} INFO - DAG(s) dict_keys(['example_branch_operator']) retrieved from /home/airflow/.local/lib/python3.7/site-packages/airflow/example_dags/example_branch_operator.py
[2024-11-01T18:41:09.241+0000] {logging_mixin.py:150} INFO - [2024-11-01T18:41:09.241+0000] {dag.py:2742} INFO - Sync 1 DAGs
[2024-11-01T18:41:09.256+0000] {logging_mixin.py:150} INFO - [2024-11-01T18:41:09.256+0000] {dag.py:3508} INFO - Setting next_dagrun for example_branch_operator to 2024-10-31T00:00:00+00:00, run_after=2024-11-01T00:00:00+00:00
[2024-11-01T18:41:09.265+0000] {processor.py:179} INFO - Processing /home/airflow/.local/lib/python3.7/site-packages/airflow/example_dags/example_branch_operator.py took 0.054 seconds
[2024-11-01T18:41:39.905+0000] {processor.py:157} INFO - Started process (PID=2447) to work on /home/airflow/.local/lib/python3.7/site-packages/airflow/example_dags/example_branch_operator.py
[2024-11-01T18:41:39.905+0000] {processor.py:826} INFO - Processing file /home/airflow/.local/lib/python3.7/site-packages/airflow/example_dags/example_branch_operator.py for tasks to queue
[2024-11-01T18:41:39.907+0000] {logging_mixin.py:150} INFO - [2024-11-01T18:41:39.906+0000] {dagbag.py:541} INFO - Filling up the DagBag from /home/airflow/.local/lib/python3.7/site-packages/airflow/example_dags/example_branch_operator.py
[2024-11-01T18:41:39.916+0000] {processor.py:836} INFO - DAG(s) dict_keys(['example_branch_operator']) retrieved from /home/airflow/.local/lib/python3.7/site-packages/airflow/example_dags/example_branch_operator.py
[2024-11-01T18:41:39.935+0000] {logging_mixin.py:150} INFO - [2024-11-01T18:41:39.935+0000] {dag.py:2742} INFO - Sync 1 DAGs
[2024-11-01T18:41:39.951+0000] {logging_mixin.py:150} INFO - [2024-11-01T18:41:39.951+0000] {dag.py:3508} INFO - Setting next_dagrun for example_branch_operator to 2024-10-31T00:00:00+00:00, run_after=2024-11-01T00:00:00+00:00
[2024-11-01T18:41:39.962+0000] {processor.py:179} INFO - Processing /home/airflow/.local/lib/python3.7/site-packages/airflow/example_dags/example_branch_operator.py took 0.060 seconds
[2024-11-01T18:42:10.184+0000] {processor.py:157} INFO - Started process (PID=2509) to work on /home/airflow/.local/lib/python3.7/site-packages/airflow/example_dags/example_branch_operator.py
[2024-11-01T18:42:10.187+0000] {processor.py:826} INFO - Processing file /home/airflow/.local/lib/python3.7/site-packages/airflow/example_dags/example_branch_operator.py for tasks to queue
[2024-11-01T18:42:10.188+0000] {logging_mixin.py:150} INFO - [2024-11-01T18:42:10.188+0000] {dagbag.py:541} INFO - Filling up the DagBag from /home/airflow/.local/lib/python3.7/site-packages/airflow/example_dags/example_branch_operator.py
[2024-11-01T18:42:10.198+0000] {processor.py:836} INFO - DAG(s) dict_keys(['example_branch_operator']) retrieved from /home/airflow/.local/lib/python3.7/site-packages/airflow/example_dags/example_branch_operator.py
[2024-11-01T18:42:10.217+0000] {logging_mixin.py:150} INFO - [2024-11-01T18:42:10.217+0000] {dag.py:2742} INFO - Sync 1 DAGs
[2024-11-01T18:42:10.232+0000] {logging_mixin.py:150} INFO - [2024-11-01T18:42:10.232+0000] {dag.py:3508} INFO - Setting next_dagrun for example_branch_operator to 2024-10-31T00:00:00+00:00, run_after=2024-11-01T00:00:00+00:00
[2024-11-01T18:42:10.245+0000] {processor.py:179} INFO - Processing /home/airflow/.local/lib/python3.7/site-packages/airflow/example_dags/example_branch_operator.py took 0.065 seconds
[2024-11-01T18:42:40.797+0000] {processor.py:157} INFO - Started process (PID=2571) to work on /home/airflow/.local/lib/python3.7/site-packages/airflow/example_dags/example_branch_operator.py
[2024-11-01T18:42:40.799+0000] {processor.py:826} INFO - Processing file /home/airflow/.local/lib/python3.7/site-packages/airflow/example_dags/example_branch_operator.py for tasks to queue
[2024-11-01T18:42:40.800+0000] {logging_mixin.py:150} INFO - [2024-11-01T18:42:40.799+0000] {dagbag.py:541} INFO - Filling up the DagBag from /home/airflow/.local/lib/python3.7/site-packages/airflow/example_dags/example_branch_operator.py
[2024-11-01T18:42:40.806+0000] {processor.py:836} INFO - DAG(s) dict_keys(['example_branch_operator']) retrieved from /home/airflow/.local/lib/python3.7/site-packages/airflow/example_dags/example_branch_operator.py
[2024-11-01T18:42:40.827+0000] {logging_mixin.py:150} INFO - [2024-11-01T18:42:40.827+0000] {dag.py:2742} INFO - Sync 1 DAGs
[2024-11-01T18:42:40.848+0000] {logging_mixin.py:150} INFO - [2024-11-01T18:42:40.848+0000] {dag.py:3508} INFO - Setting next_dagrun for example_branch_operator to 2024-10-31T00:00:00+00:00, run_after=2024-11-01T00:00:00+00:00
[2024-11-01T18:42:40.862+0000] {processor.py:179} INFO - Processing /home/airflow/.local/lib/python3.7/site-packages/airflow/example_dags/example_branch_operator.py took 0.067 seconds
[2024-11-01T18:43:12.599+0000] {processor.py:157} INFO - Started process (PID=2640) to work on /home/airflow/.local/lib/python3.7/site-packages/airflow/example_dags/example_branch_operator.py
[2024-11-01T18:43:12.600+0000] {processor.py:826} INFO - Processing file /home/airflow/.local/lib/python3.7/site-packages/airflow/example_dags/example_branch_operator.py for tasks to queue
[2024-11-01T18:43:12.600+0000] {logging_mixin.py:150} INFO - [2024-11-01T18:43:12.600+0000] {dagbag.py:541} INFO - Filling up the DagBag from /home/airflow/.local/lib/python3.7/site-packages/airflow/example_dags/example_branch_operator.py
[2024-11-01T18:43:12.606+0000] {processor.py:836} INFO - DAG(s) dict_keys(['example_branch_operator']) retrieved from /home/airflow/.local/lib/python3.7/site-packages/airflow/example_dags/example_branch_operator.py
[2024-11-01T18:43:12.620+0000] {logging_mixin.py:150} INFO - [2024-11-01T18:43:12.620+0000] {dag.py:2742} INFO - Sync 1 DAGs
[2024-11-01T18:43:12.634+0000] {logging_mixin.py:150} INFO - [2024-11-01T18:43:12.633+0000] {dag.py:3508} INFO - Setting next_dagrun for example_branch_operator to 2024-10-31T00:00:00+00:00, run_after=2024-11-01T00:00:00+00:00
[2024-11-01T18:43:12.642+0000] {processor.py:179} INFO - Processing /home/airflow/.local/lib/python3.7/site-packages/airflow/example_dags/example_branch_operator.py took 0.045 seconds
[2024-11-01T18:43:43.512+0000] {processor.py:157} INFO - Started process (PID=2693) to work on /home/airflow/.local/lib/python3.7/site-packages/airflow/example_dags/example_branch_operator.py
[2024-11-01T18:43:43.513+0000] {processor.py:826} INFO - Processing file /home/airflow/.local/lib/python3.7/site-packages/airflow/example_dags/example_branch_operator.py for tasks to queue
[2024-11-01T18:43:43.514+0000] {logging_mixin.py:150} INFO - [2024-11-01T18:43:43.514+0000] {dagbag.py:541} INFO - Filling up the DagBag from /home/airflow/.local/lib/python3.7/site-packages/airflow/example_dags/example_branch_operator.py
[2024-11-01T18:43:43.520+0000] {processor.py:836} INFO - DAG(s) dict_keys(['example_branch_operator']) retrieved from /home/airflow/.local/lib/python3.7/site-packages/airflow/example_dags/example_branch_operator.py
[2024-11-01T18:43:43.536+0000] {logging_mixin.py:150} INFO - [2024-11-01T18:43:43.536+0000] {dag.py:2742} INFO - Sync 1 DAGs
[2024-11-01T18:43:43.550+0000] {logging_mixin.py:150} INFO - [2024-11-01T18:43:43.550+0000] {dag.py:3508} INFO - Setting next_dagrun for example_branch_operator to 2024-10-31T00:00:00+00:00, run_after=2024-11-01T00:00:00+00:00
[2024-11-01T18:43:43.562+0000] {processor.py:179} INFO - Processing /home/airflow/.local/lib/python3.7/site-packages/airflow/example_dags/example_branch_operator.py took 0.051 seconds
[2024-11-01T18:44:13.822+0000] {processor.py:157} INFO - Started process (PID=2755) to work on /home/airflow/.local/lib/python3.7/site-packages/airflow/example_dags/example_branch_operator.py
[2024-11-01T18:44:13.823+0000] {processor.py:826} INFO - Processing file /home/airflow/.local/lib/python3.7/site-packages/airflow/example_dags/example_branch_operator.py for tasks to queue
[2024-11-01T18:44:13.824+0000] {logging_mixin.py:150} INFO - [2024-11-01T18:44:13.824+0000] {dagbag.py:541} INFO - Filling up the DagBag from /home/airflow/.local/lib/python3.7/site-packages/airflow/example_dags/example_branch_operator.py
[2024-11-01T18:44:13.831+0000] {processor.py:836} INFO - DAG(s) dict_keys(['example_branch_operator']) retrieved from /home/airflow/.local/lib/python3.7/site-packages/airflow/example_dags/example_branch_operator.py
[2024-11-01T18:44:13.856+0000] {logging_mixin.py:150} INFO - [2024-11-01T18:44:13.856+0000] {dag.py:2742} INFO - Sync 1 DAGs
[2024-11-01T18:44:13.876+0000] {logging_mixin.py:150} INFO - [2024-11-01T18:44:13.876+0000] {dag.py:3508} INFO - Setting next_dagrun for example_branch_operator to 2024-10-31T00:00:00+00:00, run_after=2024-11-01T00:00:00+00:00
[2024-11-01T18:44:13.893+0000] {processor.py:179} INFO - Processing /home/airflow/.local/lib/python3.7/site-packages/airflow/example_dags/example_branch_operator.py took 0.075 seconds
[2024-11-01T18:44:43.945+0000] {processor.py:157} INFO - Started process (PID=2817) to work on /home/airflow/.local/lib/python3.7/site-packages/airflow/example_dags/example_branch_operator.py
[2024-11-01T18:44:43.947+0000] {processor.py:826} INFO - Processing file /home/airflow/.local/lib/python3.7/site-packages/airflow/example_dags/example_branch_operator.py for tasks to queue
[2024-11-01T18:44:43.949+0000] {logging_mixin.py:150} INFO - [2024-11-01T18:44:43.949+0000] {dagbag.py:541} INFO - Filling up the DagBag from /home/airflow/.local/lib/python3.7/site-packages/airflow/example_dags/example_branch_operator.py
[2024-11-01T18:44:43.953+0000] {processor.py:836} INFO - DAG(s) dict_keys(['example_branch_operator']) retrieved from /home/airflow/.local/lib/python3.7/site-packages/airflow/example_dags/example_branch_operator.py
[2024-11-01T18:44:43.970+0000] {logging_mixin.py:150} INFO - [2024-11-01T18:44:43.970+0000] {dag.py:2742} INFO - Sync 1 DAGs
[2024-11-01T18:44:43.986+0000] {logging_mixin.py:150} INFO - [2024-11-01T18:44:43.986+0000] {dag.py:3508} INFO - Setting next_dagrun for example_branch_operator to 2024-10-31T00:00:00+00:00, run_after=2024-11-01T00:00:00+00:00
[2024-11-01T18:44:44.001+0000] {processor.py:179} INFO - Processing /home/airflow/.local/lib/python3.7/site-packages/airflow/example_dags/example_branch_operator.py took 0.057 seconds
[2024-11-01T18:45:14.476+0000] {processor.py:157} INFO - Started process (PID=2879) to work on /home/airflow/.local/lib/python3.7/site-packages/airflow/example_dags/example_branch_operator.py
[2024-11-01T18:45:14.477+0000] {processor.py:826} INFO - Processing file /home/airflow/.local/lib/python3.7/site-packages/airflow/example_dags/example_branch_operator.py for tasks to queue
[2024-11-01T18:45:14.477+0000] {logging_mixin.py:150} INFO - [2024-11-01T18:45:14.477+0000] {dagbag.py:541} INFO - Filling up the DagBag from /home/airflow/.local/lib/python3.7/site-packages/airflow/example_dags/example_branch_operator.py
[2024-11-01T18:45:14.483+0000] {processor.py:836} INFO - DAG(s) dict_keys(['example_branch_operator']) retrieved from /home/airflow/.local/lib/python3.7/site-packages/airflow/example_dags/example_branch_operator.py
[2024-11-01T18:45:14.501+0000] {logging_mixin.py:150} INFO - [2024-11-01T18:45:14.501+0000] {dag.py:2742} INFO - Sync 1 DAGs
[2024-11-01T18:45:14.517+0000] {logging_mixin.py:150} INFO - [2024-11-01T18:45:14.516+0000] {dag.py:3508} INFO - Setting next_dagrun for example_branch_operator to 2024-10-31T00:00:00+00:00, run_after=2024-11-01T00:00:00+00:00
[2024-11-01T18:45:14.525+0000] {processor.py:179} INFO - Processing /home/airflow/.local/lib/python3.7/site-packages/airflow/example_dags/example_branch_operator.py took 0.052 seconds
[2024-11-01T18:45:45.209+0000] {processor.py:157} INFO - Started process (PID=2941) to work on /home/airflow/.local/lib/python3.7/site-packages/airflow/example_dags/example_branch_operator.py
[2024-11-01T18:45:45.210+0000] {processor.py:826} INFO - Processing file /home/airflow/.local/lib/python3.7/site-packages/airflow/example_dags/example_branch_operator.py for tasks to queue
[2024-11-01T18:45:45.211+0000] {logging_mixin.py:150} INFO - [2024-11-01T18:45:45.211+0000] {dagbag.py:541} INFO - Filling up the DagBag from /home/airflow/.local/lib/python3.7/site-packages/airflow/example_dags/example_branch_operator.py
[2024-11-01T18:45:45.216+0000] {processor.py:836} INFO - DAG(s) dict_keys(['example_branch_operator']) retrieved from /home/airflow/.local/lib/python3.7/site-packages/airflow/example_dags/example_branch_operator.py
[2024-11-01T18:45:45.236+0000] {logging_mixin.py:150} INFO - [2024-11-01T18:45:45.236+0000] {dag.py:2742} INFO - Sync 1 DAGs
[2024-11-01T18:45:45.256+0000] {logging_mixin.py:150} INFO - [2024-11-01T18:45:45.256+0000] {dag.py:3508} INFO - Setting next_dagrun for example_branch_operator to 2024-10-31T00:00:00+00:00, run_after=2024-11-01T00:00:00+00:00
[2024-11-01T18:45:45.266+0000] {processor.py:179} INFO - Processing /home/airflow/.local/lib/python3.7/site-packages/airflow/example_dags/example_branch_operator.py took 0.060 seconds
[2024-11-01T18:46:16.215+0000] {processor.py:157} INFO - Started process (PID=3003) to work on /home/airflow/.local/lib/python3.7/site-packages/airflow/example_dags/example_branch_operator.py
[2024-11-01T18:46:16.216+0000] {processor.py:826} INFO - Processing file /home/airflow/.local/lib/python3.7/site-packages/airflow/example_dags/example_branch_operator.py for tasks to queue
[2024-11-01T18:46:16.217+0000] {logging_mixin.py:150} INFO - [2024-11-01T18:46:16.217+0000] {dagbag.py:541} INFO - Filling up the DagBag from /home/airflow/.local/lib/python3.7/site-packages/airflow/example_dags/example_branch_operator.py
[2024-11-01T18:46:16.225+0000] {processor.py:836} INFO - DAG(s) dict_keys(['example_branch_operator']) retrieved from /home/airflow/.local/lib/python3.7/site-packages/airflow/example_dags/example_branch_operator.py
[2024-11-01T18:46:16.240+0000] {logging_mixin.py:150} INFO - [2024-11-01T18:46:16.240+0000] {dag.py:2742} INFO - Sync 1 DAGs
[2024-11-01T18:46:16.254+0000] {logging_mixin.py:150} INFO - [2024-11-01T18:46:16.254+0000] {dag.py:3508} INFO - Setting next_dagrun for example_branch_operator to 2024-10-31T00:00:00+00:00, run_after=2024-11-01T00:00:00+00:00
[2024-11-01T18:46:16.268+0000] {processor.py:179} INFO - Processing /home/airflow/.local/lib/python3.7/site-packages/airflow/example_dags/example_branch_operator.py took 0.055 seconds
[2024-11-01T18:46:53.520+0000] {processor.py:157} INFO - Started process (PID=3065) to work on /home/airflow/.local/lib/python3.7/site-packages/airflow/example_dags/example_branch_operator.py
[2024-11-01T18:46:53.530+0000] {processor.py:826} INFO - Processing file /home/airflow/.local/lib/python3.7/site-packages/airflow/example_dags/example_branch_operator.py for tasks to queue
[2024-11-01T18:46:53.531+0000] {logging_mixin.py:150} INFO - [2024-11-01T18:46:53.531+0000] {dagbag.py:541} INFO - Filling up the DagBag from /home/airflow/.local/lib/python3.7/site-packages/airflow/example_dags/example_branch_operator.py
[2024-11-01T18:46:53.549+0000] {processor.py:836} INFO - DAG(s) dict_keys(['example_branch_operator']) retrieved from /home/airflow/.local/lib/python3.7/site-packages/airflow/example_dags/example_branch_operator.py
[2024-11-01T18:46:53.600+0000] {logging_mixin.py:150} INFO - [2024-11-01T18:46:53.599+0000] {dag.py:2742} INFO - Sync 1 DAGs
[2024-11-01T18:46:53.672+0000] {logging_mixin.py:150} INFO - [2024-11-01T18:46:53.671+0000] {dag.py:3508} INFO - Setting next_dagrun for example_branch_operator to 2024-10-31T00:00:00+00:00, run_after=2024-11-01T00:00:00+00:00
[2024-11-01T18:46:53.705+0000] {processor.py:179} INFO - Processing /home/airflow/.local/lib/python3.7/site-packages/airflow/example_dags/example_branch_operator.py took 0.227 seconds
[2024-11-01T18:47:24.074+0000] {processor.py:157} INFO - Started process (PID=3128) to work on /home/airflow/.local/lib/python3.7/site-packages/airflow/example_dags/example_branch_operator.py
[2024-11-01T18:47:24.080+0000] {processor.py:826} INFO - Processing file /home/airflow/.local/lib/python3.7/site-packages/airflow/example_dags/example_branch_operator.py for tasks to queue
[2024-11-01T18:47:24.083+0000] {logging_mixin.py:150} INFO - [2024-11-01T18:47:24.083+0000] {dagbag.py:541} INFO - Filling up the DagBag from /home/airflow/.local/lib/python3.7/site-packages/airflow/example_dags/example_branch_operator.py
[2024-11-01T18:47:24.093+0000] {processor.py:836} INFO - DAG(s) dict_keys(['example_branch_operator']) retrieved from /home/airflow/.local/lib/python3.7/site-packages/airflow/example_dags/example_branch_operator.py
[2024-11-01T18:47:24.116+0000] {logging_mixin.py:150} INFO - [2024-11-01T18:47:24.116+0000] {dag.py:2742} INFO - Sync 1 DAGs
[2024-11-01T18:47:24.141+0000] {logging_mixin.py:150} INFO - [2024-11-01T18:47:24.141+0000] {dag.py:3508} INFO - Setting next_dagrun for example_branch_operator to 2024-10-31T00:00:00+00:00, run_after=2024-11-01T00:00:00+00:00
[2024-11-01T18:47:24.154+0000] {processor.py:179} INFO - Processing /home/airflow/.local/lib/python3.7/site-packages/airflow/example_dags/example_branch_operator.py took 0.085 seconds
[2024-11-01T18:47:57.260+0000] {processor.py:157} INFO - Started process (PID=3189) to work on /home/airflow/.local/lib/python3.7/site-packages/airflow/example_dags/example_branch_operator.py
[2024-11-01T18:47:57.277+0000] {processor.py:826} INFO - Processing file /home/airflow/.local/lib/python3.7/site-packages/airflow/example_dags/example_branch_operator.py for tasks to queue
[2024-11-01T18:47:57.289+0000] {logging_mixin.py:150} INFO - [2024-11-01T18:47:57.284+0000] {dagbag.py:541} INFO - Filling up the DagBag from /home/airflow/.local/lib/python3.7/site-packages/airflow/example_dags/example_branch_operator.py
[2024-11-01T18:47:57.343+0000] {processor.py:836} INFO - DAG(s) dict_keys(['example_branch_operator']) retrieved from /home/airflow/.local/lib/python3.7/site-packages/airflow/example_dags/example_branch_operator.py
[2024-11-01T18:47:57.461+0000] {logging_mixin.py:150} INFO - [2024-11-01T18:47:57.461+0000] {dag.py:2742} INFO - Sync 1 DAGs
[2024-11-01T18:47:57.549+0000] {logging_mixin.py:150} INFO - [2024-11-01T18:47:57.548+0000] {dag.py:3508} INFO - Setting next_dagrun for example_branch_operator to 2024-10-31T00:00:00+00:00, run_after=2024-11-01T00:00:00+00:00
[2024-11-01T18:47:57.623+0000] {processor.py:179} INFO - Processing /home/airflow/.local/lib/python3.7/site-packages/airflow/example_dags/example_branch_operator.py took 0.411 seconds
[2024-11-01T18:48:28.685+0000] {processor.py:157} INFO - Started process (PID=3251) to work on /home/airflow/.local/lib/python3.7/site-packages/airflow/example_dags/example_branch_operator.py
[2024-11-01T18:48:28.713+0000] {processor.py:826} INFO - Processing file /home/airflow/.local/lib/python3.7/site-packages/airflow/example_dags/example_branch_operator.py for tasks to queue
[2024-11-01T18:48:28.732+0000] {logging_mixin.py:150} INFO - [2024-11-01T18:48:28.717+0000] {dagbag.py:541} INFO - Filling up the DagBag from /home/airflow/.local/lib/python3.7/site-packages/airflow/example_dags/example_branch_operator.py
[2024-11-01T18:48:28.789+0000] {processor.py:836} INFO - DAG(s) dict_keys(['example_branch_operator']) retrieved from /home/airflow/.local/lib/python3.7/site-packages/airflow/example_dags/example_branch_operator.py
[2024-11-01T18:48:28.873+0000] {logging_mixin.py:150} INFO - [2024-11-01T18:48:28.873+0000] {dag.py:2742} INFO - Sync 1 DAGs
[2024-11-01T18:48:28.907+0000] {logging_mixin.py:150} INFO - [2024-11-01T18:48:28.907+0000] {dag.py:3508} INFO - Setting next_dagrun for example_branch_operator to 2024-10-31T00:00:00+00:00, run_after=2024-11-01T00:00:00+00:00
[2024-11-01T18:48:28.934+0000] {processor.py:179} INFO - Processing /home/airflow/.local/lib/python3.7/site-packages/airflow/example_dags/example_branch_operator.py took 0.364 seconds
[2024-11-01T18:48:59.803+0000] {processor.py:157} INFO - Started process (PID=3313) to work on /home/airflow/.local/lib/python3.7/site-packages/airflow/example_dags/example_branch_operator.py
[2024-11-01T18:48:59.806+0000] {processor.py:826} INFO - Processing file /home/airflow/.local/lib/python3.7/site-packages/airflow/example_dags/example_branch_operator.py for tasks to queue
[2024-11-01T18:48:59.807+0000] {logging_mixin.py:150} INFO - [2024-11-01T18:48:59.807+0000] {dagbag.py:541} INFO - Filling up the DagBag from /home/airflow/.local/lib/python3.7/site-packages/airflow/example_dags/example_branch_operator.py
[2024-11-01T18:48:59.846+0000] {processor.py:836} INFO - DAG(s) dict_keys(['example_branch_operator']) retrieved from /home/airflow/.local/lib/python3.7/site-packages/airflow/example_dags/example_branch_operator.py
[2024-11-01T18:48:59.907+0000] {logging_mixin.py:150} INFO - [2024-11-01T18:48:59.907+0000] {dag.py:2742} INFO - Sync 1 DAGs
[2024-11-01T18:48:59.947+0000] {logging_mixin.py:150} INFO - [2024-11-01T18:48:59.946+0000] {dag.py:3508} INFO - Setting next_dagrun for example_branch_operator to 2024-10-31T00:00:00+00:00, run_after=2024-11-01T00:00:00+00:00
[2024-11-01T18:48:59.968+0000] {processor.py:179} INFO - Processing /home/airflow/.local/lib/python3.7/site-packages/airflow/example_dags/example_branch_operator.py took 0.190 seconds
[2024-11-01T18:49:30.084+0000] {processor.py:157} INFO - Started process (PID=3376) to work on /home/airflow/.local/lib/python3.7/site-packages/airflow/example_dags/example_branch_operator.py
[2024-11-01T18:49:30.086+0000] {processor.py:826} INFO - Processing file /home/airflow/.local/lib/python3.7/site-packages/airflow/example_dags/example_branch_operator.py for tasks to queue
[2024-11-01T18:49:30.086+0000] {logging_mixin.py:150} INFO - [2024-11-01T18:49:30.086+0000] {dagbag.py:541} INFO - Filling up the DagBag from /home/airflow/.local/lib/python3.7/site-packages/airflow/example_dags/example_branch_operator.py
[2024-11-01T18:49:30.098+0000] {processor.py:836} INFO - DAG(s) dict_keys(['example_branch_operator']) retrieved from /home/airflow/.local/lib/python3.7/site-packages/airflow/example_dags/example_branch_operator.py
[2024-11-01T18:49:30.149+0000] {logging_mixin.py:150} INFO - [2024-11-01T18:49:30.148+0000] {dag.py:2742} INFO - Sync 1 DAGs
[2024-11-01T18:49:30.174+0000] {logging_mixin.py:150} INFO - [2024-11-01T18:49:30.174+0000] {dag.py:3508} INFO - Setting next_dagrun for example_branch_operator to 2024-10-31T00:00:00+00:00, run_after=2024-11-01T00:00:00+00:00
[2024-11-01T18:49:30.203+0000] {processor.py:179} INFO - Processing /home/airflow/.local/lib/python3.7/site-packages/airflow/example_dags/example_branch_operator.py took 0.126 seconds
[2024-11-01T18:50:00.480+0000] {processor.py:157} INFO - Started process (PID=3437) to work on /home/airflow/.local/lib/python3.7/site-packages/airflow/example_dags/example_branch_operator.py
[2024-11-01T18:50:00.482+0000] {processor.py:826} INFO - Processing file /home/airflow/.local/lib/python3.7/site-packages/airflow/example_dags/example_branch_operator.py for tasks to queue
[2024-11-01T18:50:00.483+0000] {logging_mixin.py:150} INFO - [2024-11-01T18:50:00.482+0000] {dagbag.py:541} INFO - Filling up the DagBag from /home/airflow/.local/lib/python3.7/site-packages/airflow/example_dags/example_branch_operator.py
[2024-11-01T18:50:00.500+0000] {processor.py:836} INFO - DAG(s) dict_keys(['example_branch_operator']) retrieved from /home/airflow/.local/lib/python3.7/site-packages/airflow/example_dags/example_branch_operator.py
[2024-11-01T18:50:00.533+0000] {logging_mixin.py:150} INFO - [2024-11-01T18:50:00.533+0000] {dag.py:2742} INFO - Sync 1 DAGs
[2024-11-01T18:50:00.557+0000] {logging_mixin.py:150} INFO - [2024-11-01T18:50:00.557+0000] {dag.py:3508} INFO - Setting next_dagrun for example_branch_operator to 2024-10-31T00:00:00+00:00, run_after=2024-11-01T00:00:00+00:00
[2024-11-01T18:50:00.578+0000] {processor.py:179} INFO - Processing /home/airflow/.local/lib/python3.7/site-packages/airflow/example_dags/example_branch_operator.py took 0.105 seconds
[2024-11-01T18:50:30.596+0000] {processor.py:157} INFO - Started process (PID=3500) to work on /home/airflow/.local/lib/python3.7/site-packages/airflow/example_dags/example_branch_operator.py
[2024-11-01T18:50:30.597+0000] {processor.py:826} INFO - Processing file /home/airflow/.local/lib/python3.7/site-packages/airflow/example_dags/example_branch_operator.py for tasks to queue
[2024-11-01T18:50:30.598+0000] {logging_mixin.py:150} INFO - [2024-11-01T18:50:30.598+0000] {dagbag.py:541} INFO - Filling up the DagBag from /home/airflow/.local/lib/python3.7/site-packages/airflow/example_dags/example_branch_operator.py
[2024-11-01T18:50:30.606+0000] {processor.py:836} INFO - DAG(s) dict_keys(['example_branch_operator']) retrieved from /home/airflow/.local/lib/python3.7/site-packages/airflow/example_dags/example_branch_operator.py
[2024-11-01T18:50:30.626+0000] {logging_mixin.py:150} INFO - [2024-11-01T18:50:30.626+0000] {dag.py:2742} INFO - Sync 1 DAGs
[2024-11-01T18:50:30.652+0000] {logging_mixin.py:150} INFO - [2024-11-01T18:50:30.651+0000] {dag.py:3508} INFO - Setting next_dagrun for example_branch_operator to 2024-10-31T00:00:00+00:00, run_after=2024-11-01T00:00:00+00:00
[2024-11-01T18:50:30.662+0000] {processor.py:179} INFO - Processing /home/airflow/.local/lib/python3.7/site-packages/airflow/example_dags/example_branch_operator.py took 0.070 seconds
[2024-11-01T18:51:00.690+0000] {processor.py:157} INFO - Started process (PID=3562) to work on /home/airflow/.local/lib/python3.7/site-packages/airflow/example_dags/example_branch_operator.py
[2024-11-01T18:51:00.693+0000] {processor.py:826} INFO - Processing file /home/airflow/.local/lib/python3.7/site-packages/airflow/example_dags/example_branch_operator.py for tasks to queue
[2024-11-01T18:51:00.694+0000] {logging_mixin.py:150} INFO - [2024-11-01T18:51:00.694+0000] {dagbag.py:541} INFO - Filling up the DagBag from /home/airflow/.local/lib/python3.7/site-packages/airflow/example_dags/example_branch_operator.py
[2024-11-01T18:51:00.702+0000] {processor.py:836} INFO - DAG(s) dict_keys(['example_branch_operator']) retrieved from /home/airflow/.local/lib/python3.7/site-packages/airflow/example_dags/example_branch_operator.py
[2024-11-01T18:51:00.730+0000] {logging_mixin.py:150} INFO - [2024-11-01T18:51:00.729+0000] {dag.py:2742} INFO - Sync 1 DAGs
[2024-11-01T18:51:00.764+0000] {logging_mixin.py:150} INFO - [2024-11-01T18:51:00.763+0000] {dag.py:3508} INFO - Setting next_dagrun for example_branch_operator to 2024-10-31T00:00:00+00:00, run_after=2024-11-01T00:00:00+00:00
[2024-11-01T18:51:00.783+0000] {processor.py:179} INFO - Processing /home/airflow/.local/lib/python3.7/site-packages/airflow/example_dags/example_branch_operator.py took 0.101 seconds
[2024-11-01T18:51:30.831+0000] {processor.py:157} INFO - Started process (PID=3622) to work on /home/airflow/.local/lib/python3.7/site-packages/airflow/example_dags/example_branch_operator.py
[2024-11-01T18:51:30.832+0000] {processor.py:826} INFO - Processing file /home/airflow/.local/lib/python3.7/site-packages/airflow/example_dags/example_branch_operator.py for tasks to queue
[2024-11-01T18:51:30.833+0000] {logging_mixin.py:150} INFO - [2024-11-01T18:51:30.832+0000] {dagbag.py:541} INFO - Filling up the DagBag from /home/airflow/.local/lib/python3.7/site-packages/airflow/example_dags/example_branch_operator.py
[2024-11-01T18:51:30.843+0000] {processor.py:836} INFO - DAG(s) dict_keys(['example_branch_operator']) retrieved from /home/airflow/.local/lib/python3.7/site-packages/airflow/example_dags/example_branch_operator.py
[2024-11-01T18:51:30.873+0000] {logging_mixin.py:150} INFO - [2024-11-01T18:51:30.873+0000] {dag.py:2742} INFO - Sync 1 DAGs
[2024-11-01T18:51:30.890+0000] {logging_mixin.py:150} INFO - [2024-11-01T18:51:30.890+0000] {dag.py:3508} INFO - Setting next_dagrun for example_branch_operator to 2024-10-31T00:00:00+00:00, run_after=2024-11-01T00:00:00+00:00
[2024-11-01T18:51:30.899+0000] {processor.py:179} INFO - Processing /home/airflow/.local/lib/python3.7/site-packages/airflow/example_dags/example_branch_operator.py took 0.073 seconds
[2024-11-01T18:52:01.627+0000] {processor.py:157} INFO - Started process (PID=3684) to work on /home/airflow/.local/lib/python3.7/site-packages/airflow/example_dags/example_branch_operator.py
[2024-11-01T18:52:01.628+0000] {processor.py:826} INFO - Processing file /home/airflow/.local/lib/python3.7/site-packages/airflow/example_dags/example_branch_operator.py for tasks to queue
[2024-11-01T18:52:01.628+0000] {logging_mixin.py:150} INFO - [2024-11-01T18:52:01.628+0000] {dagbag.py:541} INFO - Filling up the DagBag from /home/airflow/.local/lib/python3.7/site-packages/airflow/example_dags/example_branch_operator.py
[2024-11-01T18:52:01.634+0000] {processor.py:836} INFO - DAG(s) dict_keys(['example_branch_operator']) retrieved from /home/airflow/.local/lib/python3.7/site-packages/airflow/example_dags/example_branch_operator.py
[2024-11-01T18:52:01.656+0000] {logging_mixin.py:150} INFO - [2024-11-01T18:52:01.656+0000] {dag.py:2742} INFO - Sync 1 DAGs
[2024-11-01T18:52:01.674+0000] {logging_mixin.py:150} INFO - [2024-11-01T18:52:01.674+0000] {dag.py:3508} INFO - Setting next_dagrun for example_branch_operator to 2024-10-31T00:00:00+00:00, run_after=2024-11-01T00:00:00+00:00
[2024-11-01T18:52:01.695+0000] {processor.py:179} INFO - Processing /home/airflow/.local/lib/python3.7/site-packages/airflow/example_dags/example_branch_operator.py took 0.078 seconds
[2024-11-01T18:52:31.818+0000] {processor.py:157} INFO - Started process (PID=3746) to work on /home/airflow/.local/lib/python3.7/site-packages/airflow/example_dags/example_branch_operator.py
[2024-11-01T18:52:31.819+0000] {processor.py:826} INFO - Processing file /home/airflow/.local/lib/python3.7/site-packages/airflow/example_dags/example_branch_operator.py for tasks to queue
[2024-11-01T18:52:31.820+0000] {logging_mixin.py:150} INFO - [2024-11-01T18:52:31.819+0000] {dagbag.py:541} INFO - Filling up the DagBag from /home/airflow/.local/lib/python3.7/site-packages/airflow/example_dags/example_branch_operator.py
[2024-11-01T18:52:31.828+0000] {processor.py:836} INFO - DAG(s) dict_keys(['example_branch_operator']) retrieved from /home/airflow/.local/lib/python3.7/site-packages/airflow/example_dags/example_branch_operator.py
[2024-11-01T18:52:31.850+0000] {logging_mixin.py:150} INFO - [2024-11-01T18:52:31.850+0000] {dag.py:2742} INFO - Sync 1 DAGs
[2024-11-01T18:52:31.873+0000] {logging_mixin.py:150} INFO - [2024-11-01T18:52:31.873+0000] {dag.py:3508} INFO - Setting next_dagrun for example_branch_operator to 2024-10-31T00:00:00+00:00, run_after=2024-11-01T00:00:00+00:00
[2024-11-01T18:52:31.892+0000] {processor.py:179} INFO - Processing /home/airflow/.local/lib/python3.7/site-packages/airflow/example_dags/example_branch_operator.py took 0.077 seconds
