[2024-11-01T18:12:04.530+0000] {processor.py:157} INFO - Started process (PID=66) to work on /home/airflow/.local/lib/python3.7/site-packages/airflow/example_dags/example_complex.py
[2024-11-01T18:12:04.531+0000] {processor.py:826} INFO - Processing file /home/airflow/.local/lib/python3.7/site-packages/airflow/example_dags/example_complex.py for tasks to queue
[2024-11-01T18:12:04.532+0000] {logging_mixin.py:150} INFO - [2024-11-01T18:12:04.531+0000] {dagbag.py:541} INFO - Filling up the DagBag from /home/airflow/.local/lib/python3.7/site-packages/airflow/example_dags/example_complex.py
[2024-11-01T18:12:04.547+0000] {processor.py:836} INFO - DAG(s) dict_keys(['example_complex']) retrieved from /home/airflow/.local/lib/python3.7/site-packages/airflow/example_dags/example_complex.py
[2024-11-01T18:12:04.625+0000] {logging_mixin.py:150} INFO - [2024-11-01T18:12:04.625+0000] {dag.py:2742} INFO - Sync 1 DAGs
[2024-11-01T18:12:04.687+0000] {logging_mixin.py:150} INFO - [2024-11-01T18:12:04.686+0000] {dag.py:3508} INFO - Setting next_dagrun for example_complex to None, run_after=None
[2024-11-01T18:12:04.723+0000] {processor.py:179} INFO - Processing /home/airflow/.local/lib/python3.7/site-packages/airflow/example_dags/example_complex.py took 0.197 seconds
[2024-11-01T18:12:38.490+0000] {processor.py:157} INFO - Started process (PID=127) to work on /home/airflow/.local/lib/python3.7/site-packages/airflow/example_dags/example_complex.py
[2024-11-01T18:12:38.517+0000] {processor.py:826} INFO - Processing file /home/airflow/.local/lib/python3.7/site-packages/airflow/example_dags/example_complex.py for tasks to queue
[2024-11-01T18:12:38.519+0000] {logging_mixin.py:150} INFO - [2024-11-01T18:12:38.518+0000] {dagbag.py:541} INFO - Filling up the DagBag from /home/airflow/.local/lib/python3.7/site-packages/airflow/example_dags/example_complex.py
[2024-11-01T18:12:38.539+0000] {processor.py:836} INFO - DAG(s) dict_keys(['example_complex']) retrieved from /home/airflow/.local/lib/python3.7/site-packages/airflow/example_dags/example_complex.py
[2024-11-01T18:12:38.592+0000] {logging_mixin.py:150} INFO - [2024-11-01T18:12:38.591+0000] {dag.py:2742} INFO - Sync 1 DAGs
[2024-11-01T18:12:38.621+0000] {logging_mixin.py:150} INFO - [2024-11-01T18:12:38.621+0000] {dag.py:3508} INFO - Setting next_dagrun for example_complex to None, run_after=None
[2024-11-01T18:12:38.648+0000] {processor.py:179} INFO - Processing /home/airflow/.local/lib/python3.7/site-packages/airflow/example_dags/example_complex.py took 0.248 seconds
[2024-11-01T18:13:09.446+0000] {processor.py:157} INFO - Started process (PID=189) to work on /home/airflow/.local/lib/python3.7/site-packages/airflow/example_dags/example_complex.py
[2024-11-01T18:13:09.448+0000] {processor.py:826} INFO - Processing file /home/airflow/.local/lib/python3.7/site-packages/airflow/example_dags/example_complex.py for tasks to queue
[2024-11-01T18:13:09.449+0000] {logging_mixin.py:150} INFO - [2024-11-01T18:13:09.449+0000] {dagbag.py:541} INFO - Filling up the DagBag from /home/airflow/.local/lib/python3.7/site-packages/airflow/example_dags/example_complex.py
[2024-11-01T18:13:09.459+0000] {processor.py:836} INFO - DAG(s) dict_keys(['example_complex']) retrieved from /home/airflow/.local/lib/python3.7/site-packages/airflow/example_dags/example_complex.py
[2024-11-01T18:13:09.483+0000] {logging_mixin.py:150} INFO - [2024-11-01T18:13:09.483+0000] {dag.py:2742} INFO - Sync 1 DAGs
[2024-11-01T18:13:09.497+0000] {logging_mixin.py:150} INFO - [2024-11-01T18:13:09.497+0000] {dag.py:3508} INFO - Setting next_dagrun for example_complex to None, run_after=None
[2024-11-01T18:13:09.507+0000] {processor.py:179} INFO - Processing /home/airflow/.local/lib/python3.7/site-packages/airflow/example_dags/example_complex.py took 0.066 seconds
[2024-11-01T18:16:01.013+0000] {processor.py:157} INFO - Started process (PID=276) to work on /home/airflow/.local/lib/python3.7/site-packages/airflow/example_dags/example_complex.py
[2024-11-01T18:16:01.072+0000] {processor.py:826} INFO - Processing file /home/airflow/.local/lib/python3.7/site-packages/airflow/example_dags/example_complex.py for tasks to queue
[2024-11-01T18:16:01.096+0000] {logging_mixin.py:150} INFO - [2024-11-01T18:16:01.091+0000] {dagbag.py:541} INFO - Filling up the DagBag from /home/airflow/.local/lib/python3.7/site-packages/airflow/example_dags/example_complex.py
[2024-11-01T18:16:01.340+0000] {processor.py:836} INFO - DAG(s) dict_keys(['example_complex']) retrieved from /home/airflow/.local/lib/python3.7/site-packages/airflow/example_dags/example_complex.py
[2024-11-01T18:16:02.464+0000] {logging_mixin.py:150} INFO - [2024-11-01T18:16:02.460+0000] {dag.py:2742} INFO - Sync 1 DAGs
[2024-11-01T18:16:03.167+0000] {logging_mixin.py:150} INFO - [2024-11-01T18:16:03.164+0000] {dag.py:3508} INFO - Setting next_dagrun for example_complex to None, run_after=None
[2024-11-01T18:16:03.343+0000] {processor.py:179} INFO - Processing /home/airflow/.local/lib/python3.7/site-packages/airflow/example_dags/example_complex.py took 2.509 seconds
[2024-11-01T18:17:35.588+0000] {processor.py:157} INFO - Started process (PID=343) to work on /home/airflow/.local/lib/python3.7/site-packages/airflow/example_dags/example_complex.py
[2024-11-01T18:17:35.629+0000] {processor.py:826} INFO - Processing file /home/airflow/.local/lib/python3.7/site-packages/airflow/example_dags/example_complex.py for tasks to queue
[2024-11-01T18:17:35.653+0000] {logging_mixin.py:150} INFO - [2024-11-01T18:17:35.637+0000] {dagbag.py:541} INFO - Filling up the DagBag from /home/airflow/.local/lib/python3.7/site-packages/airflow/example_dags/example_complex.py
[2024-11-01T18:17:35.800+0000] {processor.py:836} INFO - DAG(s) dict_keys(['example_complex']) retrieved from /home/airflow/.local/lib/python3.7/site-packages/airflow/example_dags/example_complex.py
[2024-11-01T18:17:36.091+0000] {logging_mixin.py:150} INFO - [2024-11-01T18:17:36.090+0000] {dag.py:2742} INFO - Sync 1 DAGs
[2024-11-01T18:17:36.249+0000] {logging_mixin.py:150} INFO - [2024-11-01T18:17:36.242+0000] {dag.py:3508} INFO - Setting next_dagrun for example_complex to None, run_after=None
[2024-11-01T18:17:36.324+0000] {processor.py:179} INFO - Processing /home/airflow/.local/lib/python3.7/site-packages/airflow/example_dags/example_complex.py took 0.747 seconds
[2024-11-01T18:18:39.562+0000] {processor.py:157} INFO - Started process (PID=435) to work on /home/airflow/.local/lib/python3.7/site-packages/airflow/example_dags/example_complex.py
[2024-11-01T18:18:39.576+0000] {processor.py:826} INFO - Processing file /home/airflow/.local/lib/python3.7/site-packages/airflow/example_dags/example_complex.py for tasks to queue
[2024-11-01T18:18:39.580+0000] {logging_mixin.py:150} INFO - [2024-11-01T18:18:39.577+0000] {dagbag.py:541} INFO - Filling up the DagBag from /home/airflow/.local/lib/python3.7/site-packages/airflow/example_dags/example_complex.py
[2024-11-01T18:18:39.694+0000] {processor.py:836} INFO - DAG(s) dict_keys(['example_complex']) retrieved from /home/airflow/.local/lib/python3.7/site-packages/airflow/example_dags/example_complex.py
[2024-11-01T18:18:39.888+0000] {logging_mixin.py:150} INFO - [2024-11-01T18:18:39.886+0000] {dag.py:2742} INFO - Sync 1 DAGs
[2024-11-01T18:18:40.040+0000] {logging_mixin.py:150} INFO - [2024-11-01T18:18:40.038+0000] {dag.py:3508} INFO - Setting next_dagrun for example_complex to None, run_after=None
[2024-11-01T18:18:40.327+0000] {processor.py:179} INFO - Processing /home/airflow/.local/lib/python3.7/site-packages/airflow/example_dags/example_complex.py took 0.814 seconds
[2024-11-01T18:19:21.067+0000] {processor.py:157} INFO - Started process (PID=496) to work on /home/airflow/.local/lib/python3.7/site-packages/airflow/example_dags/example_complex.py
[2024-11-01T18:19:21.077+0000] {processor.py:826} INFO - Processing file /home/airflow/.local/lib/python3.7/site-packages/airflow/example_dags/example_complex.py for tasks to queue
[2024-11-01T18:19:21.087+0000] {logging_mixin.py:150} INFO - [2024-11-01T18:19:21.086+0000] {dagbag.py:541} INFO - Filling up the DagBag from /home/airflow/.local/lib/python3.7/site-packages/airflow/example_dags/example_complex.py
[2024-11-01T18:19:21.121+0000] {processor.py:836} INFO - DAG(s) dict_keys(['example_complex']) retrieved from /home/airflow/.local/lib/python3.7/site-packages/airflow/example_dags/example_complex.py
[2024-11-01T18:19:21.261+0000] {logging_mixin.py:150} INFO - [2024-11-01T18:19:21.261+0000] {dag.py:2742} INFO - Sync 1 DAGs
[2024-11-01T18:19:21.339+0000] {logging_mixin.py:150} INFO - [2024-11-01T18:19:21.339+0000] {dag.py:3508} INFO - Setting next_dagrun for example_complex to None, run_after=None
[2024-11-01T18:19:21.405+0000] {processor.py:179} INFO - Processing /home/airflow/.local/lib/python3.7/site-packages/airflow/example_dags/example_complex.py took 0.357 seconds
[2024-11-01T18:20:02.156+0000] {processor.py:157} INFO - Started process (PID=558) to work on /home/airflow/.local/lib/python3.7/site-packages/airflow/example_dags/example_complex.py
[2024-11-01T18:20:02.164+0000] {processor.py:826} INFO - Processing file /home/airflow/.local/lib/python3.7/site-packages/airflow/example_dags/example_complex.py for tasks to queue
[2024-11-01T18:20:02.167+0000] {logging_mixin.py:150} INFO - [2024-11-01T18:20:02.166+0000] {dagbag.py:541} INFO - Filling up the DagBag from /home/airflow/.local/lib/python3.7/site-packages/airflow/example_dags/example_complex.py
[2024-11-01T18:20:02.213+0000] {processor.py:836} INFO - DAG(s) dict_keys(['example_complex']) retrieved from /home/airflow/.local/lib/python3.7/site-packages/airflow/example_dags/example_complex.py
[2024-11-01T18:20:02.649+0000] {logging_mixin.py:150} INFO - [2024-11-01T18:20:02.648+0000] {dag.py:2742} INFO - Sync 1 DAGs
[2024-11-01T18:20:02.954+0000] {logging_mixin.py:150} INFO - [2024-11-01T18:20:02.951+0000] {dag.py:3508} INFO - Setting next_dagrun for example_complex to None, run_after=None
[2024-11-01T18:20:03.127+0000] {processor.py:179} INFO - Processing /home/airflow/.local/lib/python3.7/site-packages/airflow/example_dags/example_complex.py took 0.977 seconds
[2024-11-01T18:20:50.025+0000] {processor.py:157} INFO - Started process (PID=643) to work on /home/airflow/.local/lib/python3.7/site-packages/airflow/example_dags/example_complex.py
[2024-11-01T18:20:50.028+0000] {processor.py:826} INFO - Processing file /home/airflow/.local/lib/python3.7/site-packages/airflow/example_dags/example_complex.py for tasks to queue
[2024-11-01T18:20:50.034+0000] {logging_mixin.py:150} INFO - [2024-11-01T18:20:50.034+0000] {dagbag.py:541} INFO - Filling up the DagBag from /home/airflow/.local/lib/python3.7/site-packages/airflow/example_dags/example_complex.py
[2024-11-01T18:20:50.059+0000] {processor.py:836} INFO - DAG(s) dict_keys(['example_complex']) retrieved from /home/airflow/.local/lib/python3.7/site-packages/airflow/example_dags/example_complex.py
[2024-11-01T18:20:50.148+0000] {logging_mixin.py:150} INFO - [2024-11-01T18:20:50.147+0000] {dag.py:2742} INFO - Sync 1 DAGs
[2024-11-01T18:20:50.190+0000] {logging_mixin.py:150} INFO - [2024-11-01T18:20:50.189+0000] {dag.py:3508} INFO - Setting next_dagrun for example_complex to None, run_after=None
[2024-11-01T18:20:50.238+0000] {processor.py:179} INFO - Processing /home/airflow/.local/lib/python3.7/site-packages/airflow/example_dags/example_complex.py took 0.244 seconds
[2024-11-01T18:23:47.260+0000] {processor.py:157} INFO - Started process (PID=728) to work on /home/airflow/.local/lib/python3.7/site-packages/airflow/example_dags/example_complex.py
[2024-11-01T18:23:47.264+0000] {processor.py:826} INFO - Processing file /home/airflow/.local/lib/python3.7/site-packages/airflow/example_dags/example_complex.py for tasks to queue
[2024-11-01T18:23:47.265+0000] {logging_mixin.py:150} INFO - [2024-11-01T18:23:47.264+0000] {dagbag.py:541} INFO - Filling up the DagBag from /home/airflow/.local/lib/python3.7/site-packages/airflow/example_dags/example_complex.py
[2024-11-01T18:23:47.289+0000] {processor.py:836} INFO - DAG(s) dict_keys(['example_complex']) retrieved from /home/airflow/.local/lib/python3.7/site-packages/airflow/example_dags/example_complex.py
[2024-11-01T18:23:47.546+0000] {logging_mixin.py:150} INFO - [2024-11-01T18:23:47.546+0000] {dag.py:2742} INFO - Sync 1 DAGs
[2024-11-01T18:23:47.733+0000] {logging_mixin.py:150} INFO - [2024-11-01T18:23:47.732+0000] {dag.py:3508} INFO - Setting next_dagrun for example_complex to None, run_after=None
[2024-11-01T18:23:47.875+0000] {processor.py:179} INFO - Processing /home/airflow/.local/lib/python3.7/site-packages/airflow/example_dags/example_complex.py took 0.728 seconds
[2024-11-01T18:24:39.377+0000] {processor.py:157} INFO - Started process (PID=796) to work on /home/airflow/.local/lib/python3.7/site-packages/airflow/example_dags/example_complex.py
[2024-11-01T18:24:39.397+0000] {processor.py:826} INFO - Processing file /home/airflow/.local/lib/python3.7/site-packages/airflow/example_dags/example_complex.py for tasks to queue
[2024-11-01T18:24:39.429+0000] {logging_mixin.py:150} INFO - [2024-11-01T18:24:39.418+0000] {dagbag.py:541} INFO - Filling up the DagBag from /home/airflow/.local/lib/python3.7/site-packages/airflow/example_dags/example_complex.py
[2024-11-01T18:24:39.575+0000] {processor.py:836} INFO - DAG(s) dict_keys(['example_complex']) retrieved from /home/airflow/.local/lib/python3.7/site-packages/airflow/example_dags/example_complex.py
[2024-11-01T18:24:40.156+0000] {logging_mixin.py:150} INFO - [2024-11-01T18:24:40.149+0000] {dag.py:2742} INFO - Sync 1 DAGs
[2024-11-01T18:24:40.484+0000] {logging_mixin.py:150} INFO - [2024-11-01T18:24:40.473+0000] {dag.py:3508} INFO - Setting next_dagrun for example_complex to None, run_after=None
[2024-11-01T18:24:40.729+0000] {processor.py:179} INFO - Processing /home/airflow/.local/lib/python3.7/site-packages/airflow/example_dags/example_complex.py took 1.429 seconds
[2024-11-01T18:25:43.856+0000] {processor.py:157} INFO - Started process (PID=848) to work on /home/airflow/.local/lib/python3.7/site-packages/airflow/example_dags/example_complex.py
[2024-11-01T18:25:43.859+0000] {processor.py:826} INFO - Processing file /home/airflow/.local/lib/python3.7/site-packages/airflow/example_dags/example_complex.py for tasks to queue
[2024-11-01T18:25:43.860+0000] {logging_mixin.py:150} INFO - [2024-11-01T18:25:43.859+0000] {dagbag.py:541} INFO - Filling up the DagBag from /home/airflow/.local/lib/python3.7/site-packages/airflow/example_dags/example_complex.py
[2024-11-01T18:25:43.909+0000] {processor.py:836} INFO - DAG(s) dict_keys(['example_complex']) retrieved from /home/airflow/.local/lib/python3.7/site-packages/airflow/example_dags/example_complex.py
[2024-11-01T18:25:44.204+0000] {logging_mixin.py:150} INFO - [2024-11-01T18:25:44.198+0000] {dag.py:2742} INFO - Sync 1 DAGs
[2024-11-01T18:25:44.327+0000] {logging_mixin.py:150} INFO - [2024-11-01T18:25:44.326+0000] {dag.py:3508} INFO - Setting next_dagrun for example_complex to None, run_after=None
[2024-11-01T18:25:44.397+0000] {processor.py:179} INFO - Processing /home/airflow/.local/lib/python3.7/site-packages/airflow/example_dags/example_complex.py took 0.554 seconds
[2024-11-01T18:26:14.567+0000] {processor.py:157} INFO - Started process (PID=908) to work on /home/airflow/.local/lib/python3.7/site-packages/airflow/example_dags/example_complex.py
[2024-11-01T18:26:14.571+0000] {processor.py:826} INFO - Processing file /home/airflow/.local/lib/python3.7/site-packages/airflow/example_dags/example_complex.py for tasks to queue
[2024-11-01T18:26:14.571+0000] {logging_mixin.py:150} INFO - [2024-11-01T18:26:14.571+0000] {dagbag.py:541} INFO - Filling up the DagBag from /home/airflow/.local/lib/python3.7/site-packages/airflow/example_dags/example_complex.py
[2024-11-01T18:26:14.601+0000] {processor.py:836} INFO - DAG(s) dict_keys(['example_complex']) retrieved from /home/airflow/.local/lib/python3.7/site-packages/airflow/example_dags/example_complex.py
[2024-11-01T18:26:14.666+0000] {logging_mixin.py:150} INFO - [2024-11-01T18:26:14.666+0000] {dag.py:2742} INFO - Sync 1 DAGs
[2024-11-01T18:26:14.703+0000] {logging_mixin.py:150} INFO - [2024-11-01T18:26:14.703+0000] {dag.py:3508} INFO - Setting next_dagrun for example_complex to None, run_after=None
[2024-11-01T18:26:14.715+0000] {processor.py:179} INFO - Processing /home/airflow/.local/lib/python3.7/site-packages/airflow/example_dags/example_complex.py took 0.153 seconds
[2024-11-01T18:26:45.153+0000] {processor.py:157} INFO - Started process (PID=970) to work on /home/airflow/.local/lib/python3.7/site-packages/airflow/example_dags/example_complex.py
[2024-11-01T18:26:45.157+0000] {processor.py:826} INFO - Processing file /home/airflow/.local/lib/python3.7/site-packages/airflow/example_dags/example_complex.py for tasks to queue
[2024-11-01T18:26:45.159+0000] {logging_mixin.py:150} INFO - [2024-11-01T18:26:45.158+0000] {dagbag.py:541} INFO - Filling up the DagBag from /home/airflow/.local/lib/python3.7/site-packages/airflow/example_dags/example_complex.py
[2024-11-01T18:26:45.173+0000] {processor.py:836} INFO - DAG(s) dict_keys(['example_complex']) retrieved from /home/airflow/.local/lib/python3.7/site-packages/airflow/example_dags/example_complex.py
[2024-11-01T18:26:45.213+0000] {logging_mixin.py:150} INFO - [2024-11-01T18:26:45.213+0000] {dag.py:2742} INFO - Sync 1 DAGs
[2024-11-01T18:26:45.247+0000] {logging_mixin.py:150} INFO - [2024-11-01T18:26:45.247+0000] {dag.py:3508} INFO - Setting next_dagrun for example_complex to None, run_after=None
[2024-11-01T18:26:45.263+0000] {processor.py:179} INFO - Processing /home/airflow/.local/lib/python3.7/site-packages/airflow/example_dags/example_complex.py took 0.118 seconds
[2024-11-01T18:27:15.574+0000] {processor.py:157} INFO - Started process (PID=1032) to work on /home/airflow/.local/lib/python3.7/site-packages/airflow/example_dags/example_complex.py
[2024-11-01T18:27:15.576+0000] {processor.py:826} INFO - Processing file /home/airflow/.local/lib/python3.7/site-packages/airflow/example_dags/example_complex.py for tasks to queue
[2024-11-01T18:27:15.577+0000] {logging_mixin.py:150} INFO - [2024-11-01T18:27:15.577+0000] {dagbag.py:541} INFO - Filling up the DagBag from /home/airflow/.local/lib/python3.7/site-packages/airflow/example_dags/example_complex.py
[2024-11-01T18:27:15.610+0000] {processor.py:836} INFO - DAG(s) dict_keys(['example_complex']) retrieved from /home/airflow/.local/lib/python3.7/site-packages/airflow/example_dags/example_complex.py
[2024-11-01T18:27:15.647+0000] {logging_mixin.py:150} INFO - [2024-11-01T18:27:15.647+0000] {dag.py:2742} INFO - Sync 1 DAGs
[2024-11-01T18:27:15.704+0000] {logging_mixin.py:150} INFO - [2024-11-01T18:27:15.704+0000] {dag.py:3508} INFO - Setting next_dagrun for example_complex to None, run_after=None
[2024-11-01T18:27:15.736+0000] {processor.py:179} INFO - Processing /home/airflow/.local/lib/python3.7/site-packages/airflow/example_dags/example_complex.py took 0.169 seconds
[2024-11-01T18:27:46.125+0000] {processor.py:157} INFO - Started process (PID=1094) to work on /home/airflow/.local/lib/python3.7/site-packages/airflow/example_dags/example_complex.py
[2024-11-01T18:27:46.128+0000] {processor.py:826} INFO - Processing file /home/airflow/.local/lib/python3.7/site-packages/airflow/example_dags/example_complex.py for tasks to queue
[2024-11-01T18:27:46.129+0000] {logging_mixin.py:150} INFO - [2024-11-01T18:27:46.128+0000] {dagbag.py:541} INFO - Filling up the DagBag from /home/airflow/.local/lib/python3.7/site-packages/airflow/example_dags/example_complex.py
[2024-11-01T18:27:46.148+0000] {processor.py:836} INFO - DAG(s) dict_keys(['example_complex']) retrieved from /home/airflow/.local/lib/python3.7/site-packages/airflow/example_dags/example_complex.py
[2024-11-01T18:27:46.193+0000] {logging_mixin.py:150} INFO - [2024-11-01T18:27:46.193+0000] {dag.py:2742} INFO - Sync 1 DAGs
[2024-11-01T18:27:46.216+0000] {logging_mixin.py:150} INFO - [2024-11-01T18:27:46.216+0000] {dag.py:3508} INFO - Setting next_dagrun for example_complex to None, run_after=None
[2024-11-01T18:27:46.233+0000] {processor.py:179} INFO - Processing /home/airflow/.local/lib/python3.7/site-packages/airflow/example_dags/example_complex.py took 0.114 seconds
[2024-11-01T18:30:48.225+0000] {processor.py:157} INFO - Started process (PID=1139) to work on /home/airflow/.local/lib/python3.7/site-packages/airflow/example_dags/example_complex.py
[2024-11-01T18:30:48.226+0000] {processor.py:826} INFO - Processing file /home/airflow/.local/lib/python3.7/site-packages/airflow/example_dags/example_complex.py for tasks to queue
[2024-11-01T18:30:48.226+0000] {logging_mixin.py:150} INFO - [2024-11-01T18:30:48.226+0000] {dagbag.py:541} INFO - Filling up the DagBag from /home/airflow/.local/lib/python3.7/site-packages/airflow/example_dags/example_complex.py
[2024-11-01T18:30:48.233+0000] {processor.py:836} INFO - DAG(s) dict_keys(['example_complex']) retrieved from /home/airflow/.local/lib/python3.7/site-packages/airflow/example_dags/example_complex.py
[2024-11-01T18:30:48.253+0000] {logging_mixin.py:150} INFO - [2024-11-01T18:30:48.253+0000] {dag.py:2742} INFO - Sync 1 DAGs
[2024-11-01T18:30:48.268+0000] {logging_mixin.py:150} INFO - [2024-11-01T18:30:48.267+0000] {dag.py:3508} INFO - Setting next_dagrun for example_complex to None, run_after=None
[2024-11-01T18:30:48.286+0000] {processor.py:179} INFO - Processing /home/airflow/.local/lib/python3.7/site-packages/airflow/example_dags/example_complex.py took 0.062 seconds
[2024-11-01T18:31:18.428+0000] {processor.py:157} INFO - Started process (PID=1200) to work on /home/airflow/.local/lib/python3.7/site-packages/airflow/example_dags/example_complex.py
[2024-11-01T18:31:18.429+0000] {processor.py:826} INFO - Processing file /home/airflow/.local/lib/python3.7/site-packages/airflow/example_dags/example_complex.py for tasks to queue
[2024-11-01T18:31:18.430+0000] {logging_mixin.py:150} INFO - [2024-11-01T18:31:18.430+0000] {dagbag.py:541} INFO - Filling up the DagBag from /home/airflow/.local/lib/python3.7/site-packages/airflow/example_dags/example_complex.py
[2024-11-01T18:31:18.437+0000] {processor.py:836} INFO - DAG(s) dict_keys(['example_complex']) retrieved from /home/airflow/.local/lib/python3.7/site-packages/airflow/example_dags/example_complex.py
[2024-11-01T18:31:18.460+0000] {logging_mixin.py:150} INFO - [2024-11-01T18:31:18.460+0000] {dag.py:2742} INFO - Sync 1 DAGs
[2024-11-01T18:31:18.473+0000] {logging_mixin.py:150} INFO - [2024-11-01T18:31:18.473+0000] {dag.py:3508} INFO - Setting next_dagrun for example_complex to None, run_after=None
[2024-11-01T18:31:18.496+0000] {processor.py:179} INFO - Processing /home/airflow/.local/lib/python3.7/site-packages/airflow/example_dags/example_complex.py took 0.070 seconds
[2024-11-01T18:31:49.186+0000] {processor.py:157} INFO - Started process (PID=1263) to work on /home/airflow/.local/lib/python3.7/site-packages/airflow/example_dags/example_complex.py
[2024-11-01T18:31:49.186+0000] {processor.py:826} INFO - Processing file /home/airflow/.local/lib/python3.7/site-packages/airflow/example_dags/example_complex.py for tasks to queue
[2024-11-01T18:31:49.186+0000] {logging_mixin.py:150} INFO - [2024-11-01T18:31:49.186+0000] {dagbag.py:541} INFO - Filling up the DagBag from /home/airflow/.local/lib/python3.7/site-packages/airflow/example_dags/example_complex.py
[2024-11-01T18:31:49.193+0000] {processor.py:836} INFO - DAG(s) dict_keys(['example_complex']) retrieved from /home/airflow/.local/lib/python3.7/site-packages/airflow/example_dags/example_complex.py
[2024-11-01T18:31:49.209+0000] {logging_mixin.py:150} INFO - [2024-11-01T18:31:49.209+0000] {dag.py:2742} INFO - Sync 1 DAGs
[2024-11-01T18:31:49.220+0000] {logging_mixin.py:150} INFO - [2024-11-01T18:31:49.220+0000] {dag.py:3508} INFO - Setting next_dagrun for example_complex to None, run_after=None
[2024-11-01T18:31:49.228+0000] {processor.py:179} INFO - Processing /home/airflow/.local/lib/python3.7/site-packages/airflow/example_dags/example_complex.py took 0.044 seconds
[2024-11-01T18:32:19.379+0000] {processor.py:157} INFO - Started process (PID=1325) to work on /home/airflow/.local/lib/python3.7/site-packages/airflow/example_dags/example_complex.py
[2024-11-01T18:32:19.380+0000] {processor.py:826} INFO - Processing file /home/airflow/.local/lib/python3.7/site-packages/airflow/example_dags/example_complex.py for tasks to queue
[2024-11-01T18:32:19.382+0000] {logging_mixin.py:150} INFO - [2024-11-01T18:32:19.381+0000] {dagbag.py:541} INFO - Filling up the DagBag from /home/airflow/.local/lib/python3.7/site-packages/airflow/example_dags/example_complex.py
[2024-11-01T18:32:19.390+0000] {processor.py:836} INFO - DAG(s) dict_keys(['example_complex']) retrieved from /home/airflow/.local/lib/python3.7/site-packages/airflow/example_dags/example_complex.py
[2024-11-01T18:32:19.419+0000] {logging_mixin.py:150} INFO - [2024-11-01T18:32:19.419+0000] {dag.py:2742} INFO - Sync 1 DAGs
[2024-11-01T18:32:19.434+0000] {logging_mixin.py:150} INFO - [2024-11-01T18:32:19.434+0000] {dag.py:3508} INFO - Setting next_dagrun for example_complex to None, run_after=None
[2024-11-01T18:32:19.443+0000] {processor.py:179} INFO - Processing /home/airflow/.local/lib/python3.7/site-packages/airflow/example_dags/example_complex.py took 0.066 seconds
[2024-11-01T18:32:50.273+0000] {processor.py:157} INFO - Started process (PID=1386) to work on /home/airflow/.local/lib/python3.7/site-packages/airflow/example_dags/example_complex.py
[2024-11-01T18:32:50.274+0000] {processor.py:826} INFO - Processing file /home/airflow/.local/lib/python3.7/site-packages/airflow/example_dags/example_complex.py for tasks to queue
[2024-11-01T18:32:50.275+0000] {logging_mixin.py:150} INFO - [2024-11-01T18:32:50.275+0000] {dagbag.py:541} INFO - Filling up the DagBag from /home/airflow/.local/lib/python3.7/site-packages/airflow/example_dags/example_complex.py
[2024-11-01T18:32:50.282+0000] {processor.py:836} INFO - DAG(s) dict_keys(['example_complex']) retrieved from /home/airflow/.local/lib/python3.7/site-packages/airflow/example_dags/example_complex.py
[2024-11-01T18:32:50.310+0000] {logging_mixin.py:150} INFO - [2024-11-01T18:32:50.310+0000] {dag.py:2742} INFO - Sync 1 DAGs
[2024-11-01T18:32:50.368+0000] {logging_mixin.py:150} INFO - [2024-11-01T18:32:50.368+0000] {dag.py:3508} INFO - Setting next_dagrun for example_complex to None, run_after=None
[2024-11-01T18:32:50.376+0000] {processor.py:179} INFO - Processing /home/airflow/.local/lib/python3.7/site-packages/airflow/example_dags/example_complex.py took 0.105 seconds
[2024-11-01T18:33:20.744+0000] {processor.py:157} INFO - Started process (PID=1448) to work on /home/airflow/.local/lib/python3.7/site-packages/airflow/example_dags/example_complex.py
[2024-11-01T18:33:20.747+0000] {processor.py:826} INFO - Processing file /home/airflow/.local/lib/python3.7/site-packages/airflow/example_dags/example_complex.py for tasks to queue
[2024-11-01T18:33:20.747+0000] {logging_mixin.py:150} INFO - [2024-11-01T18:33:20.747+0000] {dagbag.py:541} INFO - Filling up the DagBag from /home/airflow/.local/lib/python3.7/site-packages/airflow/example_dags/example_complex.py
[2024-11-01T18:33:20.757+0000] {processor.py:836} INFO - DAG(s) dict_keys(['example_complex']) retrieved from /home/airflow/.local/lib/python3.7/site-packages/airflow/example_dags/example_complex.py
[2024-11-01T18:33:20.775+0000] {logging_mixin.py:150} INFO - [2024-11-01T18:33:20.775+0000] {dag.py:2742} INFO - Sync 1 DAGs
[2024-11-01T18:33:20.788+0000] {logging_mixin.py:150} INFO - [2024-11-01T18:33:20.788+0000] {dag.py:3508} INFO - Setting next_dagrun for example_complex to None, run_after=None
[2024-11-01T18:33:20.797+0000] {processor.py:179} INFO - Processing /home/airflow/.local/lib/python3.7/site-packages/airflow/example_dags/example_complex.py took 0.054 seconds
[2024-11-01T18:33:51.519+0000] {processor.py:157} INFO - Started process (PID=1510) to work on /home/airflow/.local/lib/python3.7/site-packages/airflow/example_dags/example_complex.py
[2024-11-01T18:33:51.524+0000] {processor.py:826} INFO - Processing file /home/airflow/.local/lib/python3.7/site-packages/airflow/example_dags/example_complex.py for tasks to queue
[2024-11-01T18:33:51.524+0000] {logging_mixin.py:150} INFO - [2024-11-01T18:33:51.524+0000] {dagbag.py:541} INFO - Filling up the DagBag from /home/airflow/.local/lib/python3.7/site-packages/airflow/example_dags/example_complex.py
[2024-11-01T18:33:51.532+0000] {processor.py:836} INFO - DAG(s) dict_keys(['example_complex']) retrieved from /home/airflow/.local/lib/python3.7/site-packages/airflow/example_dags/example_complex.py
[2024-11-01T18:33:51.596+0000] {logging_mixin.py:150} INFO - [2024-11-01T18:33:51.596+0000] {dag.py:2742} INFO - Sync 1 DAGs
[2024-11-01T18:33:51.656+0000] {logging_mixin.py:150} INFO - [2024-11-01T18:33:51.656+0000] {dag.py:3508} INFO - Setting next_dagrun for example_complex to None, run_after=None
[2024-11-01T18:33:51.687+0000] {processor.py:179} INFO - Processing /home/airflow/.local/lib/python3.7/site-packages/airflow/example_dags/example_complex.py took 0.169 seconds
[2024-11-01T18:34:22.392+0000] {processor.py:157} INFO - Started process (PID=1572) to work on /home/airflow/.local/lib/python3.7/site-packages/airflow/example_dags/example_complex.py
[2024-11-01T18:34:22.394+0000] {processor.py:826} INFO - Processing file /home/airflow/.local/lib/python3.7/site-packages/airflow/example_dags/example_complex.py for tasks to queue
[2024-11-01T18:34:22.394+0000] {logging_mixin.py:150} INFO - [2024-11-01T18:34:22.394+0000] {dagbag.py:541} INFO - Filling up the DagBag from /home/airflow/.local/lib/python3.7/site-packages/airflow/example_dags/example_complex.py
[2024-11-01T18:34:22.402+0000] {processor.py:836} INFO - DAG(s) dict_keys(['example_complex']) retrieved from /home/airflow/.local/lib/python3.7/site-packages/airflow/example_dags/example_complex.py
[2024-11-01T18:34:22.434+0000] {logging_mixin.py:150} INFO - [2024-11-01T18:34:22.434+0000] {dag.py:2742} INFO - Sync 1 DAGs
[2024-11-01T18:34:22.455+0000] {logging_mixin.py:150} INFO - [2024-11-01T18:34:22.455+0000] {dag.py:3508} INFO - Setting next_dagrun for example_complex to None, run_after=None
[2024-11-01T18:34:22.482+0000] {processor.py:179} INFO - Processing /home/airflow/.local/lib/python3.7/site-packages/airflow/example_dags/example_complex.py took 0.093 seconds
[2024-11-01T18:34:52.816+0000] {processor.py:157} INFO - Started process (PID=1633) to work on /home/airflow/.local/lib/python3.7/site-packages/airflow/example_dags/example_complex.py
[2024-11-01T18:34:52.817+0000] {processor.py:826} INFO - Processing file /home/airflow/.local/lib/python3.7/site-packages/airflow/example_dags/example_complex.py for tasks to queue
[2024-11-01T18:34:52.818+0000] {logging_mixin.py:150} INFO - [2024-11-01T18:34:52.817+0000] {dagbag.py:541} INFO - Filling up the DagBag from /home/airflow/.local/lib/python3.7/site-packages/airflow/example_dags/example_complex.py
[2024-11-01T18:34:52.825+0000] {processor.py:836} INFO - DAG(s) dict_keys(['example_complex']) retrieved from /home/airflow/.local/lib/python3.7/site-packages/airflow/example_dags/example_complex.py
[2024-11-01T18:34:52.844+0000] {logging_mixin.py:150} INFO - [2024-11-01T18:34:52.844+0000] {dag.py:2742} INFO - Sync 1 DAGs
[2024-11-01T18:34:52.860+0000] {logging_mixin.py:150} INFO - [2024-11-01T18:34:52.860+0000] {dag.py:3508} INFO - Setting next_dagrun for example_complex to None, run_after=None
[2024-11-01T18:34:52.871+0000] {processor.py:179} INFO - Processing /home/airflow/.local/lib/python3.7/site-packages/airflow/example_dags/example_complex.py took 0.057 seconds
[2024-11-01T18:35:23.417+0000] {processor.py:157} INFO - Started process (PID=1695) to work on /home/airflow/.local/lib/python3.7/site-packages/airflow/example_dags/example_complex.py
[2024-11-01T18:35:23.418+0000] {processor.py:826} INFO - Processing file /home/airflow/.local/lib/python3.7/site-packages/airflow/example_dags/example_complex.py for tasks to queue
[2024-11-01T18:35:23.418+0000] {logging_mixin.py:150} INFO - [2024-11-01T18:35:23.418+0000] {dagbag.py:541} INFO - Filling up the DagBag from /home/airflow/.local/lib/python3.7/site-packages/airflow/example_dags/example_complex.py
[2024-11-01T18:35:23.424+0000] {processor.py:836} INFO - DAG(s) dict_keys(['example_complex']) retrieved from /home/airflow/.local/lib/python3.7/site-packages/airflow/example_dags/example_complex.py
[2024-11-01T18:35:23.445+0000] {logging_mixin.py:150} INFO - [2024-11-01T18:35:23.444+0000] {dag.py:2742} INFO - Sync 1 DAGs
[2024-11-01T18:35:23.459+0000] {logging_mixin.py:150} INFO - [2024-11-01T18:35:23.458+0000] {dag.py:3508} INFO - Setting next_dagrun for example_complex to None, run_after=None
[2024-11-01T18:35:23.477+0000] {processor.py:179} INFO - Processing /home/airflow/.local/lib/python3.7/site-packages/airflow/example_dags/example_complex.py took 0.062 seconds
[2024-11-01T18:35:54.799+0000] {processor.py:157} INFO - Started process (PID=1757) to work on /home/airflow/.local/lib/python3.7/site-packages/airflow/example_dags/example_complex.py
[2024-11-01T18:35:54.800+0000] {processor.py:826} INFO - Processing file /home/airflow/.local/lib/python3.7/site-packages/airflow/example_dags/example_complex.py for tasks to queue
[2024-11-01T18:35:54.801+0000] {logging_mixin.py:150} INFO - [2024-11-01T18:35:54.801+0000] {dagbag.py:541} INFO - Filling up the DagBag from /home/airflow/.local/lib/python3.7/site-packages/airflow/example_dags/example_complex.py
[2024-11-01T18:35:54.811+0000] {processor.py:836} INFO - DAG(s) dict_keys(['example_complex']) retrieved from /home/airflow/.local/lib/python3.7/site-packages/airflow/example_dags/example_complex.py
[2024-11-01T18:35:54.867+0000] {logging_mixin.py:150} INFO - [2024-11-01T18:35:54.866+0000] {dag.py:2742} INFO - Sync 1 DAGs
[2024-11-01T18:35:54.901+0000] {logging_mixin.py:150} INFO - [2024-11-01T18:35:54.901+0000] {dag.py:3508} INFO - Setting next_dagrun for example_complex to None, run_after=None
[2024-11-01T18:35:54.915+0000] {processor.py:179} INFO - Processing /home/airflow/.local/lib/python3.7/site-packages/airflow/example_dags/example_complex.py took 0.121 seconds
[2024-11-01T18:36:26.162+0000] {processor.py:157} INFO - Started process (PID=1820) to work on /home/airflow/.local/lib/python3.7/site-packages/airflow/example_dags/example_complex.py
[2024-11-01T18:36:26.163+0000] {processor.py:826} INFO - Processing file /home/airflow/.local/lib/python3.7/site-packages/airflow/example_dags/example_complex.py for tasks to queue
[2024-11-01T18:36:26.164+0000] {logging_mixin.py:150} INFO - [2024-11-01T18:36:26.163+0000] {dagbag.py:541} INFO - Filling up the DagBag from /home/airflow/.local/lib/python3.7/site-packages/airflow/example_dags/example_complex.py
[2024-11-01T18:36:26.170+0000] {processor.py:836} INFO - DAG(s) dict_keys(['example_complex']) retrieved from /home/airflow/.local/lib/python3.7/site-packages/airflow/example_dags/example_complex.py
[2024-11-01T18:36:26.189+0000] {logging_mixin.py:150} INFO - [2024-11-01T18:36:26.189+0000] {dag.py:2742} INFO - Sync 1 DAGs
[2024-11-01T18:36:26.203+0000] {logging_mixin.py:150} INFO - [2024-11-01T18:36:26.203+0000] {dag.py:3508} INFO - Setting next_dagrun for example_complex to None, run_after=None
[2024-11-01T18:36:26.212+0000] {processor.py:179} INFO - Processing /home/airflow/.local/lib/python3.7/site-packages/airflow/example_dags/example_complex.py took 0.052 seconds
[2024-11-01T18:36:56.695+0000] {processor.py:157} INFO - Started process (PID=1881) to work on /home/airflow/.local/lib/python3.7/site-packages/airflow/example_dags/example_complex.py
[2024-11-01T18:36:56.696+0000] {processor.py:826} INFO - Processing file /home/airflow/.local/lib/python3.7/site-packages/airflow/example_dags/example_complex.py for tasks to queue
[2024-11-01T18:36:56.696+0000] {logging_mixin.py:150} INFO - [2024-11-01T18:36:56.696+0000] {dagbag.py:541} INFO - Filling up the DagBag from /home/airflow/.local/lib/python3.7/site-packages/airflow/example_dags/example_complex.py
[2024-11-01T18:36:56.703+0000] {processor.py:836} INFO - DAG(s) dict_keys(['example_complex']) retrieved from /home/airflow/.local/lib/python3.7/site-packages/airflow/example_dags/example_complex.py
[2024-11-01T18:36:56.730+0000] {logging_mixin.py:150} INFO - [2024-11-01T18:36:56.730+0000] {dag.py:2742} INFO - Sync 1 DAGs
[2024-11-01T18:36:56.750+0000] {logging_mixin.py:150} INFO - [2024-11-01T18:36:56.750+0000] {dag.py:3508} INFO - Setting next_dagrun for example_complex to None, run_after=None
[2024-11-01T18:36:56.766+0000] {processor.py:179} INFO - Processing /home/airflow/.local/lib/python3.7/site-packages/airflow/example_dags/example_complex.py took 0.074 seconds
[2024-11-01T18:37:26.947+0000] {processor.py:157} INFO - Started process (PID=1942) to work on /home/airflow/.local/lib/python3.7/site-packages/airflow/example_dags/example_complex.py
[2024-11-01T18:37:26.949+0000] {processor.py:826} INFO - Processing file /home/airflow/.local/lib/python3.7/site-packages/airflow/example_dags/example_complex.py for tasks to queue
[2024-11-01T18:37:26.950+0000] {logging_mixin.py:150} INFO - [2024-11-01T18:37:26.950+0000] {dagbag.py:541} INFO - Filling up the DagBag from /home/airflow/.local/lib/python3.7/site-packages/airflow/example_dags/example_complex.py
[2024-11-01T18:37:26.956+0000] {processor.py:836} INFO - DAG(s) dict_keys(['example_complex']) retrieved from /home/airflow/.local/lib/python3.7/site-packages/airflow/example_dags/example_complex.py
[2024-11-01T18:37:26.978+0000] {logging_mixin.py:150} INFO - [2024-11-01T18:37:26.978+0000] {dag.py:2742} INFO - Sync 1 DAGs
[2024-11-01T18:37:26.992+0000] {logging_mixin.py:150} INFO - [2024-11-01T18:37:26.992+0000] {dag.py:3508} INFO - Setting next_dagrun for example_complex to None, run_after=None
[2024-11-01T18:37:27.010+0000] {processor.py:179} INFO - Processing /home/airflow/.local/lib/python3.7/site-packages/airflow/example_dags/example_complex.py took 0.064 seconds
[2024-11-01T18:38:02.018+0000] {processor.py:157} INFO - Started process (PID=2004) to work on /home/airflow/.local/lib/python3.7/site-packages/airflow/example_dags/example_complex.py
[2024-11-01T18:38:02.027+0000] {processor.py:826} INFO - Processing file /home/airflow/.local/lib/python3.7/site-packages/airflow/example_dags/example_complex.py for tasks to queue
[2024-11-01T18:38:02.032+0000] {logging_mixin.py:150} INFO - [2024-11-01T18:38:02.030+0000] {dagbag.py:541} INFO - Filling up the DagBag from /home/airflow/.local/lib/python3.7/site-packages/airflow/example_dags/example_complex.py
[2024-11-01T18:38:02.075+0000] {processor.py:836} INFO - DAG(s) dict_keys(['example_complex']) retrieved from /home/airflow/.local/lib/python3.7/site-packages/airflow/example_dags/example_complex.py
[2024-11-01T18:38:02.237+0000] {logging_mixin.py:150} INFO - [2024-11-01T18:38:02.236+0000] {dag.py:2742} INFO - Sync 1 DAGs
[2024-11-01T18:38:02.272+0000] {logging_mixin.py:150} INFO - [2024-11-01T18:38:02.272+0000] {dag.py:3508} INFO - Setting next_dagrun for example_complex to None, run_after=None
[2024-11-01T18:38:02.797+0000] {processor.py:179} INFO - Processing /home/airflow/.local/lib/python3.7/site-packages/airflow/example_dags/example_complex.py took 0.804 seconds
[2024-11-01T18:38:33.549+0000] {processor.py:157} INFO - Started process (PID=2066) to work on /home/airflow/.local/lib/python3.7/site-packages/airflow/example_dags/example_complex.py
[2024-11-01T18:38:33.551+0000] {processor.py:826} INFO - Processing file /home/airflow/.local/lib/python3.7/site-packages/airflow/example_dags/example_complex.py for tasks to queue
[2024-11-01T18:38:33.552+0000] {logging_mixin.py:150} INFO - [2024-11-01T18:38:33.552+0000] {dagbag.py:541} INFO - Filling up the DagBag from /home/airflow/.local/lib/python3.7/site-packages/airflow/example_dags/example_complex.py
[2024-11-01T18:38:33.558+0000] {processor.py:836} INFO - DAG(s) dict_keys(['example_complex']) retrieved from /home/airflow/.local/lib/python3.7/site-packages/airflow/example_dags/example_complex.py
[2024-11-01T18:38:33.579+0000] {logging_mixin.py:150} INFO - [2024-11-01T18:38:33.578+0000] {dag.py:2742} INFO - Sync 1 DAGs
[2024-11-01T18:38:33.593+0000] {logging_mixin.py:150} INFO - [2024-11-01T18:38:33.592+0000] {dag.py:3508} INFO - Setting next_dagrun for example_complex to None, run_after=None
[2024-11-01T18:38:33.602+0000] {processor.py:179} INFO - Processing /home/airflow/.local/lib/python3.7/site-packages/airflow/example_dags/example_complex.py took 0.056 seconds
[2024-11-01T18:39:04.036+0000] {processor.py:157} INFO - Started process (PID=2128) to work on /home/airflow/.local/lib/python3.7/site-packages/airflow/example_dags/example_complex.py
[2024-11-01T18:39:04.037+0000] {processor.py:826} INFO - Processing file /home/airflow/.local/lib/python3.7/site-packages/airflow/example_dags/example_complex.py for tasks to queue
[2024-11-01T18:39:04.038+0000] {logging_mixin.py:150} INFO - [2024-11-01T18:39:04.037+0000] {dagbag.py:541} INFO - Filling up the DagBag from /home/airflow/.local/lib/python3.7/site-packages/airflow/example_dags/example_complex.py
[2024-11-01T18:39:04.050+0000] {processor.py:836} INFO - DAG(s) dict_keys(['example_complex']) retrieved from /home/airflow/.local/lib/python3.7/site-packages/airflow/example_dags/example_complex.py
[2024-11-01T18:39:04.082+0000] {logging_mixin.py:150} INFO - [2024-11-01T18:39:04.081+0000] {dag.py:2742} INFO - Sync 1 DAGs
[2024-11-01T18:39:04.102+0000] {logging_mixin.py:150} INFO - [2024-11-01T18:39:04.102+0000] {dag.py:3508} INFO - Setting next_dagrun for example_complex to None, run_after=None
[2024-11-01T18:39:04.115+0000] {processor.py:179} INFO - Processing /home/airflow/.local/lib/python3.7/site-packages/airflow/example_dags/example_complex.py took 0.085 seconds
[2024-11-01T18:39:34.822+0000] {processor.py:157} INFO - Started process (PID=2189) to work on /home/airflow/.local/lib/python3.7/site-packages/airflow/example_dags/example_complex.py
[2024-11-01T18:39:34.823+0000] {processor.py:826} INFO - Processing file /home/airflow/.local/lib/python3.7/site-packages/airflow/example_dags/example_complex.py for tasks to queue
[2024-11-01T18:39:34.824+0000] {logging_mixin.py:150} INFO - [2024-11-01T18:39:34.824+0000] {dagbag.py:541} INFO - Filling up the DagBag from /home/airflow/.local/lib/python3.7/site-packages/airflow/example_dags/example_complex.py
[2024-11-01T18:39:34.840+0000] {processor.py:836} INFO - DAG(s) dict_keys(['example_complex']) retrieved from /home/airflow/.local/lib/python3.7/site-packages/airflow/example_dags/example_complex.py
[2024-11-01T18:39:34.865+0000] {logging_mixin.py:150} INFO - [2024-11-01T18:39:34.864+0000] {dag.py:2742} INFO - Sync 1 DAGs
[2024-11-01T18:39:34.882+0000] {logging_mixin.py:150} INFO - [2024-11-01T18:39:34.881+0000] {dag.py:3508} INFO - Setting next_dagrun for example_complex to None, run_after=None
[2024-11-01T18:39:34.890+0000] {processor.py:179} INFO - Processing /home/airflow/.local/lib/python3.7/site-packages/airflow/example_dags/example_complex.py took 0.073 seconds
[2024-11-01T18:40:05.122+0000] {processor.py:157} INFO - Started process (PID=2251) to work on /home/airflow/.local/lib/python3.7/site-packages/airflow/example_dags/example_complex.py
[2024-11-01T18:40:05.125+0000] {processor.py:826} INFO - Processing file /home/airflow/.local/lib/python3.7/site-packages/airflow/example_dags/example_complex.py for tasks to queue
[2024-11-01T18:40:05.126+0000] {logging_mixin.py:150} INFO - [2024-11-01T18:40:05.126+0000] {dagbag.py:541} INFO - Filling up the DagBag from /home/airflow/.local/lib/python3.7/site-packages/airflow/example_dags/example_complex.py
[2024-11-01T18:40:05.133+0000] {processor.py:836} INFO - DAG(s) dict_keys(['example_complex']) retrieved from /home/airflow/.local/lib/python3.7/site-packages/airflow/example_dags/example_complex.py
[2024-11-01T18:40:05.155+0000] {logging_mixin.py:150} INFO - [2024-11-01T18:40:05.155+0000] {dag.py:2742} INFO - Sync 1 DAGs
[2024-11-01T18:40:05.169+0000] {logging_mixin.py:150} INFO - [2024-11-01T18:40:05.169+0000] {dag.py:3508} INFO - Setting next_dagrun for example_complex to None, run_after=None
[2024-11-01T18:40:05.181+0000] {processor.py:179} INFO - Processing /home/airflow/.local/lib/python3.7/site-packages/airflow/example_dags/example_complex.py took 0.062 seconds
[2024-11-01T18:40:35.925+0000] {processor.py:157} INFO - Started process (PID=2313) to work on /home/airflow/.local/lib/python3.7/site-packages/airflow/example_dags/example_complex.py
[2024-11-01T18:40:35.926+0000] {processor.py:826} INFO - Processing file /home/airflow/.local/lib/python3.7/site-packages/airflow/example_dags/example_complex.py for tasks to queue
[2024-11-01T18:40:35.927+0000] {logging_mixin.py:150} INFO - [2024-11-01T18:40:35.927+0000] {dagbag.py:541} INFO - Filling up the DagBag from /home/airflow/.local/lib/python3.7/site-packages/airflow/example_dags/example_complex.py
[2024-11-01T18:40:35.937+0000] {processor.py:836} INFO - DAG(s) dict_keys(['example_complex']) retrieved from /home/airflow/.local/lib/python3.7/site-packages/airflow/example_dags/example_complex.py
[2024-11-01T18:40:35.961+0000] {logging_mixin.py:150} INFO - [2024-11-01T18:40:35.961+0000] {dag.py:2742} INFO - Sync 1 DAGs
[2024-11-01T18:40:35.976+0000] {logging_mixin.py:150} INFO - [2024-11-01T18:40:35.976+0000] {dag.py:3508} INFO - Setting next_dagrun for example_complex to None, run_after=None
[2024-11-01T18:40:35.986+0000] {processor.py:179} INFO - Processing /home/airflow/.local/lib/python3.7/site-packages/airflow/example_dags/example_complex.py took 0.065 seconds
[2024-11-01T18:41:06.355+0000] {processor.py:157} INFO - Started process (PID=2375) to work on /home/airflow/.local/lib/python3.7/site-packages/airflow/example_dags/example_complex.py
[2024-11-01T18:41:06.357+0000] {processor.py:826} INFO - Processing file /home/airflow/.local/lib/python3.7/site-packages/airflow/example_dags/example_complex.py for tasks to queue
[2024-11-01T18:41:06.358+0000] {logging_mixin.py:150} INFO - [2024-11-01T18:41:06.357+0000] {dagbag.py:541} INFO - Filling up the DagBag from /home/airflow/.local/lib/python3.7/site-packages/airflow/example_dags/example_complex.py
[2024-11-01T18:41:06.371+0000] {processor.py:836} INFO - DAG(s) dict_keys(['example_complex']) retrieved from /home/airflow/.local/lib/python3.7/site-packages/airflow/example_dags/example_complex.py
[2024-11-01T18:41:06.408+0000] {logging_mixin.py:150} INFO - [2024-11-01T18:41:06.407+0000] {dag.py:2742} INFO - Sync 1 DAGs
[2024-11-01T18:41:06.424+0000] {logging_mixin.py:150} INFO - [2024-11-01T18:41:06.424+0000] {dag.py:3508} INFO - Setting next_dagrun for example_complex to None, run_after=None
[2024-11-01T18:41:06.435+0000] {processor.py:179} INFO - Processing /home/airflow/.local/lib/python3.7/site-packages/airflow/example_dags/example_complex.py took 0.084 seconds
[2024-11-01T18:41:37.375+0000] {processor.py:157} INFO - Started process (PID=2437) to work on /home/airflow/.local/lib/python3.7/site-packages/airflow/example_dags/example_complex.py
[2024-11-01T18:41:37.377+0000] {processor.py:826} INFO - Processing file /home/airflow/.local/lib/python3.7/site-packages/airflow/example_dags/example_complex.py for tasks to queue
[2024-11-01T18:41:37.378+0000] {logging_mixin.py:150} INFO - [2024-11-01T18:41:37.378+0000] {dagbag.py:541} INFO - Filling up the DagBag from /home/airflow/.local/lib/python3.7/site-packages/airflow/example_dags/example_complex.py
[2024-11-01T18:41:37.389+0000] {processor.py:836} INFO - DAG(s) dict_keys(['example_complex']) retrieved from /home/airflow/.local/lib/python3.7/site-packages/airflow/example_dags/example_complex.py
[2024-11-01T18:41:37.409+0000] {logging_mixin.py:150} INFO - [2024-11-01T18:41:37.409+0000] {dag.py:2742} INFO - Sync 1 DAGs
[2024-11-01T18:41:37.421+0000] {logging_mixin.py:150} INFO - [2024-11-01T18:41:37.421+0000] {dag.py:3508} INFO - Setting next_dagrun for example_complex to None, run_after=None
[2024-11-01T18:41:37.430+0000] {processor.py:179} INFO - Processing /home/airflow/.local/lib/python3.7/site-packages/airflow/example_dags/example_complex.py took 0.075 seconds
[2024-11-01T18:42:07.588+0000] {processor.py:157} INFO - Started process (PID=2499) to work on /home/airflow/.local/lib/python3.7/site-packages/airflow/example_dags/example_complex.py
[2024-11-01T18:42:07.591+0000] {processor.py:826} INFO - Processing file /home/airflow/.local/lib/python3.7/site-packages/airflow/example_dags/example_complex.py for tasks to queue
[2024-11-01T18:42:07.591+0000] {logging_mixin.py:150} INFO - [2024-11-01T18:42:07.591+0000] {dagbag.py:541} INFO - Filling up the DagBag from /home/airflow/.local/lib/python3.7/site-packages/airflow/example_dags/example_complex.py
[2024-11-01T18:42:07.597+0000] {processor.py:836} INFO - DAG(s) dict_keys(['example_complex']) retrieved from /home/airflow/.local/lib/python3.7/site-packages/airflow/example_dags/example_complex.py
[2024-11-01T18:42:07.614+0000] {logging_mixin.py:150} INFO - [2024-11-01T18:42:07.614+0000] {dag.py:2742} INFO - Sync 1 DAGs
[2024-11-01T18:42:07.626+0000] {logging_mixin.py:150} INFO - [2024-11-01T18:42:07.626+0000] {dag.py:3508} INFO - Setting next_dagrun for example_complex to None, run_after=None
[2024-11-01T18:42:07.634+0000] {processor.py:179} INFO - Processing /home/airflow/.local/lib/python3.7/site-packages/airflow/example_dags/example_complex.py took 0.070 seconds
[2024-11-01T18:42:38.222+0000] {processor.py:157} INFO - Started process (PID=2561) to work on /home/airflow/.local/lib/python3.7/site-packages/airflow/example_dags/example_complex.py
[2024-11-01T18:42:38.224+0000] {processor.py:826} INFO - Processing file /home/airflow/.local/lib/python3.7/site-packages/airflow/example_dags/example_complex.py for tasks to queue
[2024-11-01T18:42:38.224+0000] {logging_mixin.py:150} INFO - [2024-11-01T18:42:38.224+0000] {dagbag.py:541} INFO - Filling up the DagBag from /home/airflow/.local/lib/python3.7/site-packages/airflow/example_dags/example_complex.py
[2024-11-01T18:42:38.234+0000] {processor.py:836} INFO - DAG(s) dict_keys(['example_complex']) retrieved from /home/airflow/.local/lib/python3.7/site-packages/airflow/example_dags/example_complex.py
[2024-11-01T18:42:38.263+0000] {logging_mixin.py:150} INFO - [2024-11-01T18:42:38.262+0000] {dag.py:2742} INFO - Sync 1 DAGs
[2024-11-01T18:42:38.284+0000] {logging_mixin.py:150} INFO - [2024-11-01T18:42:38.284+0000] {dag.py:3508} INFO - Setting next_dagrun for example_complex to None, run_after=None
[2024-11-01T18:42:38.300+0000] {processor.py:179} INFO - Processing /home/airflow/.local/lib/python3.7/site-packages/airflow/example_dags/example_complex.py took 0.082 seconds
[2024-11-01T18:43:11.432+0000] {processor.py:157} INFO - Started process (PID=2621) to work on /home/airflow/.local/lib/python3.7/site-packages/airflow/example_dags/example_complex.py
[2024-11-01T18:43:11.439+0000] {processor.py:826} INFO - Processing file /home/airflow/.local/lib/python3.7/site-packages/airflow/example_dags/example_complex.py for tasks to queue
[2024-11-01T18:43:11.441+0000] {logging_mixin.py:150} INFO - [2024-11-01T18:43:11.441+0000] {dagbag.py:541} INFO - Filling up the DagBag from /home/airflow/.local/lib/python3.7/site-packages/airflow/example_dags/example_complex.py
[2024-11-01T18:43:11.451+0000] {processor.py:836} INFO - DAG(s) dict_keys(['example_complex']) retrieved from /home/airflow/.local/lib/python3.7/site-packages/airflow/example_dags/example_complex.py
[2024-11-01T18:43:11.472+0000] {logging_mixin.py:150} INFO - [2024-11-01T18:43:11.472+0000] {dag.py:2742} INFO - Sync 1 DAGs
[2024-11-01T18:43:11.490+0000] {logging_mixin.py:150} INFO - [2024-11-01T18:43:11.490+0000] {dag.py:3508} INFO - Setting next_dagrun for example_complex to None, run_after=None
[2024-11-01T18:43:11.502+0000] {processor.py:179} INFO - Processing /home/airflow/.local/lib/python3.7/site-packages/airflow/example_dags/example_complex.py took 0.075 seconds
[2024-11-01T18:43:42.052+0000] {processor.py:157} INFO - Started process (PID=2683) to work on /home/airflow/.local/lib/python3.7/site-packages/airflow/example_dags/example_complex.py
[2024-11-01T18:43:42.053+0000] {processor.py:826} INFO - Processing file /home/airflow/.local/lib/python3.7/site-packages/airflow/example_dags/example_complex.py for tasks to queue
[2024-11-01T18:43:42.053+0000] {logging_mixin.py:150} INFO - [2024-11-01T18:43:42.053+0000] {dagbag.py:541} INFO - Filling up the DagBag from /home/airflow/.local/lib/python3.7/site-packages/airflow/example_dags/example_complex.py
[2024-11-01T18:43:42.061+0000] {processor.py:836} INFO - DAG(s) dict_keys(['example_complex']) retrieved from /home/airflow/.local/lib/python3.7/site-packages/airflow/example_dags/example_complex.py
[2024-11-01T18:43:42.090+0000] {logging_mixin.py:150} INFO - [2024-11-01T18:43:42.090+0000] {dag.py:2742} INFO - Sync 1 DAGs
[2024-11-01T18:43:42.106+0000] {logging_mixin.py:150} INFO - [2024-11-01T18:43:42.106+0000] {dag.py:3508} INFO - Setting next_dagrun for example_complex to None, run_after=None
[2024-11-01T18:43:42.117+0000] {processor.py:179} INFO - Processing /home/airflow/.local/lib/python3.7/site-packages/airflow/example_dags/example_complex.py took 0.066 seconds
[2024-11-01T18:44:12.379+0000] {processor.py:157} INFO - Started process (PID=2745) to work on /home/airflow/.local/lib/python3.7/site-packages/airflow/example_dags/example_complex.py
[2024-11-01T18:44:12.380+0000] {processor.py:826} INFO - Processing file /home/airflow/.local/lib/python3.7/site-packages/airflow/example_dags/example_complex.py for tasks to queue
[2024-11-01T18:44:12.381+0000] {logging_mixin.py:150} INFO - [2024-11-01T18:44:12.380+0000] {dagbag.py:541} INFO - Filling up the DagBag from /home/airflow/.local/lib/python3.7/site-packages/airflow/example_dags/example_complex.py
[2024-11-01T18:44:12.387+0000] {processor.py:836} INFO - DAG(s) dict_keys(['example_complex']) retrieved from /home/airflow/.local/lib/python3.7/site-packages/airflow/example_dags/example_complex.py
[2024-11-01T18:44:12.414+0000] {logging_mixin.py:150} INFO - [2024-11-01T18:44:12.414+0000] {dag.py:2742} INFO - Sync 1 DAGs
[2024-11-01T18:44:12.433+0000] {logging_mixin.py:150} INFO - [2024-11-01T18:44:12.433+0000] {dag.py:3508} INFO - Setting next_dagrun for example_complex to None, run_after=None
[2024-11-01T18:44:12.448+0000] {processor.py:179} INFO - Processing /home/airflow/.local/lib/python3.7/site-packages/airflow/example_dags/example_complex.py took 0.071 seconds
[2024-11-01T18:44:42.569+0000] {processor.py:157} INFO - Started process (PID=2807) to work on /home/airflow/.local/lib/python3.7/site-packages/airflow/example_dags/example_complex.py
[2024-11-01T18:44:42.572+0000] {processor.py:826} INFO - Processing file /home/airflow/.local/lib/python3.7/site-packages/airflow/example_dags/example_complex.py for tasks to queue
[2024-11-01T18:44:42.573+0000] {logging_mixin.py:150} INFO - [2024-11-01T18:44:42.573+0000] {dagbag.py:541} INFO - Filling up the DagBag from /home/airflow/.local/lib/python3.7/site-packages/airflow/example_dags/example_complex.py
[2024-11-01T18:44:42.584+0000] {processor.py:836} INFO - DAG(s) dict_keys(['example_complex']) retrieved from /home/airflow/.local/lib/python3.7/site-packages/airflow/example_dags/example_complex.py
[2024-11-01T18:44:42.605+0000] {logging_mixin.py:150} INFO - [2024-11-01T18:44:42.605+0000] {dag.py:2742} INFO - Sync 1 DAGs
[2024-11-01T18:44:42.619+0000] {logging_mixin.py:150} INFO - [2024-11-01T18:44:42.619+0000] {dag.py:3508} INFO - Setting next_dagrun for example_complex to None, run_after=None
[2024-11-01T18:44:42.628+0000] {processor.py:179} INFO - Processing /home/airflow/.local/lib/python3.7/site-packages/airflow/example_dags/example_complex.py took 0.062 seconds
[2024-11-01T18:45:13.077+0000] {processor.py:157} INFO - Started process (PID=2869) to work on /home/airflow/.local/lib/python3.7/site-packages/airflow/example_dags/example_complex.py
[2024-11-01T18:45:13.078+0000] {processor.py:826} INFO - Processing file /home/airflow/.local/lib/python3.7/site-packages/airflow/example_dags/example_complex.py for tasks to queue
[2024-11-01T18:45:13.078+0000] {logging_mixin.py:150} INFO - [2024-11-01T18:45:13.078+0000] {dagbag.py:541} INFO - Filling up the DagBag from /home/airflow/.local/lib/python3.7/site-packages/airflow/example_dags/example_complex.py
[2024-11-01T18:45:13.085+0000] {processor.py:836} INFO - DAG(s) dict_keys(['example_complex']) retrieved from /home/airflow/.local/lib/python3.7/site-packages/airflow/example_dags/example_complex.py
[2024-11-01T18:45:13.104+0000] {logging_mixin.py:150} INFO - [2024-11-01T18:45:13.104+0000] {dag.py:2742} INFO - Sync 1 DAGs
[2024-11-01T18:45:13.118+0000] {logging_mixin.py:150} INFO - [2024-11-01T18:45:13.118+0000] {dag.py:3508} INFO - Setting next_dagrun for example_complex to None, run_after=None
[2024-11-01T18:45:13.132+0000] {processor.py:179} INFO - Processing /home/airflow/.local/lib/python3.7/site-packages/airflow/example_dags/example_complex.py took 0.057 seconds
[2024-11-01T18:45:43.699+0000] {processor.py:157} INFO - Started process (PID=2927) to work on /home/airflow/.local/lib/python3.7/site-packages/airflow/example_dags/example_complex.py
[2024-11-01T18:45:43.702+0000] {processor.py:826} INFO - Processing file /home/airflow/.local/lib/python3.7/site-packages/airflow/example_dags/example_complex.py for tasks to queue
[2024-11-01T18:45:43.702+0000] {logging_mixin.py:150} INFO - [2024-11-01T18:45:43.702+0000] {dagbag.py:541} INFO - Filling up the DagBag from /home/airflow/.local/lib/python3.7/site-packages/airflow/example_dags/example_complex.py
[2024-11-01T18:45:43.709+0000] {processor.py:836} INFO - DAG(s) dict_keys(['example_complex']) retrieved from /home/airflow/.local/lib/python3.7/site-packages/airflow/example_dags/example_complex.py
[2024-11-01T18:45:43.729+0000] {logging_mixin.py:150} INFO - [2024-11-01T18:45:43.729+0000] {dag.py:2742} INFO - Sync 1 DAGs
[2024-11-01T18:45:43.743+0000] {logging_mixin.py:150} INFO - [2024-11-01T18:45:43.743+0000] {dag.py:3508} INFO - Setting next_dagrun for example_complex to None, run_after=None
[2024-11-01T18:45:43.754+0000] {processor.py:179} INFO - Processing /home/airflow/.local/lib/python3.7/site-packages/airflow/example_dags/example_complex.py took 0.057 seconds
[2024-11-01T18:46:14.546+0000] {processor.py:157} INFO - Started process (PID=2988) to work on /home/airflow/.local/lib/python3.7/site-packages/airflow/example_dags/example_complex.py
[2024-11-01T18:46:14.547+0000] {processor.py:826} INFO - Processing file /home/airflow/.local/lib/python3.7/site-packages/airflow/example_dags/example_complex.py for tasks to queue
[2024-11-01T18:46:14.548+0000] {logging_mixin.py:150} INFO - [2024-11-01T18:46:14.547+0000] {dagbag.py:541} INFO - Filling up the DagBag from /home/airflow/.local/lib/python3.7/site-packages/airflow/example_dags/example_complex.py
[2024-11-01T18:46:14.558+0000] {processor.py:836} INFO - DAG(s) dict_keys(['example_complex']) retrieved from /home/airflow/.local/lib/python3.7/site-packages/airflow/example_dags/example_complex.py
[2024-11-01T18:46:14.586+0000] {logging_mixin.py:150} INFO - [2024-11-01T18:46:14.586+0000] {dag.py:2742} INFO - Sync 1 DAGs
[2024-11-01T18:46:14.607+0000] {logging_mixin.py:150} INFO - [2024-11-01T18:46:14.607+0000] {dag.py:3508} INFO - Setting next_dagrun for example_complex to None, run_after=None
[2024-11-01T18:46:14.618+0000] {processor.py:179} INFO - Processing /home/airflow/.local/lib/python3.7/site-packages/airflow/example_dags/example_complex.py took 0.075 seconds
[2024-11-01T18:46:47.460+0000] {processor.py:157} INFO - Started process (PID=3050) to work on /home/airflow/.local/lib/python3.7/site-packages/airflow/example_dags/example_complex.py
[2024-11-01T18:46:47.461+0000] {processor.py:826} INFO - Processing file /home/airflow/.local/lib/python3.7/site-packages/airflow/example_dags/example_complex.py for tasks to queue
[2024-11-01T18:46:47.462+0000] {logging_mixin.py:150} INFO - [2024-11-01T18:46:47.462+0000] {dagbag.py:541} INFO - Filling up the DagBag from /home/airflow/.local/lib/python3.7/site-packages/airflow/example_dags/example_complex.py
[2024-11-01T18:46:47.482+0000] {processor.py:836} INFO - DAG(s) dict_keys(['example_complex']) retrieved from /home/airflow/.local/lib/python3.7/site-packages/airflow/example_dags/example_complex.py
[2024-11-01T18:46:47.524+0000] {logging_mixin.py:150} INFO - [2024-11-01T18:46:47.524+0000] {dag.py:2742} INFO - Sync 1 DAGs
[2024-11-01T18:46:47.559+0000] {logging_mixin.py:150} INFO - [2024-11-01T18:46:47.559+0000] {dag.py:3508} INFO - Setting next_dagrun for example_complex to None, run_after=None
[2024-11-01T18:46:47.574+0000] {processor.py:179} INFO - Processing /home/airflow/.local/lib/python3.7/site-packages/airflow/example_dags/example_complex.py took 0.117 seconds
[2024-11-01T18:47:17.859+0000] {processor.py:157} INFO - Started process (PID=3111) to work on /home/airflow/.local/lib/python3.7/site-packages/airflow/example_dags/example_complex.py
[2024-11-01T18:47:17.861+0000] {processor.py:826} INFO - Processing file /home/airflow/.local/lib/python3.7/site-packages/airflow/example_dags/example_complex.py for tasks to queue
[2024-11-01T18:47:17.864+0000] {logging_mixin.py:150} INFO - [2024-11-01T18:47:17.863+0000] {dagbag.py:541} INFO - Filling up the DagBag from /home/airflow/.local/lib/python3.7/site-packages/airflow/example_dags/example_complex.py
[2024-11-01T18:47:17.870+0000] {processor.py:836} INFO - DAG(s) dict_keys(['example_complex']) retrieved from /home/airflow/.local/lib/python3.7/site-packages/airflow/example_dags/example_complex.py
[2024-11-01T18:47:17.895+0000] {logging_mixin.py:150} INFO - [2024-11-01T18:47:17.895+0000] {dag.py:2742} INFO - Sync 1 DAGs
[2024-11-01T18:47:17.908+0000] {logging_mixin.py:150} INFO - [2024-11-01T18:47:17.908+0000] {dag.py:3508} INFO - Setting next_dagrun for example_complex to None, run_after=None
[2024-11-01T18:47:17.918+0000] {processor.py:179} INFO - Processing /home/airflow/.local/lib/python3.7/site-packages/airflow/example_dags/example_complex.py took 0.063 seconds
[2024-11-01T18:47:48.686+0000] {processor.py:157} INFO - Started process (PID=3174) to work on /home/airflow/.local/lib/python3.7/site-packages/airflow/example_dags/example_complex.py
[2024-11-01T18:47:48.727+0000] {processor.py:826} INFO - Processing file /home/airflow/.local/lib/python3.7/site-packages/airflow/example_dags/example_complex.py for tasks to queue
[2024-11-01T18:47:48.728+0000] {logging_mixin.py:150} INFO - [2024-11-01T18:47:48.728+0000] {dagbag.py:541} INFO - Filling up the DagBag from /home/airflow/.local/lib/python3.7/site-packages/airflow/example_dags/example_complex.py
[2024-11-01T18:47:48.760+0000] {processor.py:836} INFO - DAG(s) dict_keys(['example_complex']) retrieved from /home/airflow/.local/lib/python3.7/site-packages/airflow/example_dags/example_complex.py
[2024-11-01T18:47:48.827+0000] {logging_mixin.py:150} INFO - [2024-11-01T18:47:48.827+0000] {dag.py:2742} INFO - Sync 1 DAGs
[2024-11-01T18:47:48.873+0000] {logging_mixin.py:150} INFO - [2024-11-01T18:47:48.872+0000] {dag.py:3508} INFO - Setting next_dagrun for example_complex to None, run_after=None
[2024-11-01T18:47:48.906+0000] {processor.py:179} INFO - Processing /home/airflow/.local/lib/python3.7/site-packages/airflow/example_dags/example_complex.py took 0.244 seconds
[2024-11-01T18:48:19.626+0000] {processor.py:157} INFO - Started process (PID=3236) to work on /home/airflow/.local/lib/python3.7/site-packages/airflow/example_dags/example_complex.py
[2024-11-01T18:48:19.629+0000] {processor.py:826} INFO - Processing file /home/airflow/.local/lib/python3.7/site-packages/airflow/example_dags/example_complex.py for tasks to queue
[2024-11-01T18:48:19.629+0000] {logging_mixin.py:150} INFO - [2024-11-01T18:48:19.629+0000] {dagbag.py:541} INFO - Filling up the DagBag from /home/airflow/.local/lib/python3.7/site-packages/airflow/example_dags/example_complex.py
[2024-11-01T18:48:19.641+0000] {processor.py:836} INFO - DAG(s) dict_keys(['example_complex']) retrieved from /home/airflow/.local/lib/python3.7/site-packages/airflow/example_dags/example_complex.py
[2024-11-01T18:48:19.675+0000] {logging_mixin.py:150} INFO - [2024-11-01T18:48:19.674+0000] {dag.py:2742} INFO - Sync 1 DAGs
[2024-11-01T18:48:19.699+0000] {logging_mixin.py:150} INFO - [2024-11-01T18:48:19.699+0000] {dag.py:3508} INFO - Setting next_dagrun for example_complex to None, run_after=None
[2024-11-01T18:48:19.714+0000] {processor.py:179} INFO - Processing /home/airflow/.local/lib/python3.7/site-packages/airflow/example_dags/example_complex.py took 0.092 seconds
[2024-11-01T18:48:49.793+0000] {processor.py:157} INFO - Started process (PID=3298) to work on /home/airflow/.local/lib/python3.7/site-packages/airflow/example_dags/example_complex.py
[2024-11-01T18:48:49.794+0000] {processor.py:826} INFO - Processing file /home/airflow/.local/lib/python3.7/site-packages/airflow/example_dags/example_complex.py for tasks to queue
[2024-11-01T18:48:49.794+0000] {logging_mixin.py:150} INFO - [2024-11-01T18:48:49.794+0000] {dagbag.py:541} INFO - Filling up the DagBag from /home/airflow/.local/lib/python3.7/site-packages/airflow/example_dags/example_complex.py
[2024-11-01T18:48:49.802+0000] {processor.py:836} INFO - DAG(s) dict_keys(['example_complex']) retrieved from /home/airflow/.local/lib/python3.7/site-packages/airflow/example_dags/example_complex.py
[2024-11-01T18:48:49.826+0000] {logging_mixin.py:150} INFO - [2024-11-01T18:48:49.826+0000] {dag.py:2742} INFO - Sync 1 DAGs
[2024-11-01T18:48:49.840+0000] {logging_mixin.py:150} INFO - [2024-11-01T18:48:49.840+0000] {dag.py:3508} INFO - Setting next_dagrun for example_complex to None, run_after=None
[2024-11-01T18:48:49.854+0000] {processor.py:179} INFO - Processing /home/airflow/.local/lib/python3.7/site-packages/airflow/example_dags/example_complex.py took 0.065 seconds
[2024-11-01T18:49:20.631+0000] {processor.py:157} INFO - Started process (PID=3360) to work on /home/airflow/.local/lib/python3.7/site-packages/airflow/example_dags/example_complex.py
[2024-11-01T18:49:20.632+0000] {processor.py:826} INFO - Processing file /home/airflow/.local/lib/python3.7/site-packages/airflow/example_dags/example_complex.py for tasks to queue
[2024-11-01T18:49:20.635+0000] {logging_mixin.py:150} INFO - [2024-11-01T18:49:20.635+0000] {dagbag.py:541} INFO - Filling up the DagBag from /home/airflow/.local/lib/python3.7/site-packages/airflow/example_dags/example_complex.py
[2024-11-01T18:49:20.647+0000] {processor.py:836} INFO - DAG(s) dict_keys(['example_complex']) retrieved from /home/airflow/.local/lib/python3.7/site-packages/airflow/example_dags/example_complex.py
[2024-11-01T18:49:20.682+0000] {logging_mixin.py:150} INFO - [2024-11-01T18:49:20.681+0000] {dag.py:2742} INFO - Sync 1 DAGs
[2024-11-01T18:49:20.720+0000] {logging_mixin.py:150} INFO - [2024-11-01T18:49:20.720+0000] {dag.py:3508} INFO - Setting next_dagrun for example_complex to None, run_after=None
[2024-11-01T18:49:20.746+0000] {processor.py:179} INFO - Processing /home/airflow/.local/lib/python3.7/site-packages/airflow/example_dags/example_complex.py took 0.119 seconds
[2024-11-01T18:49:51.102+0000] {processor.py:157} INFO - Started process (PID=3422) to work on /home/airflow/.local/lib/python3.7/site-packages/airflow/example_dags/example_complex.py
[2024-11-01T18:49:51.105+0000] {processor.py:826} INFO - Processing file /home/airflow/.local/lib/python3.7/site-packages/airflow/example_dags/example_complex.py for tasks to queue
[2024-11-01T18:49:51.108+0000] {logging_mixin.py:150} INFO - [2024-11-01T18:49:51.108+0000] {dagbag.py:541} INFO - Filling up the DagBag from /home/airflow/.local/lib/python3.7/site-packages/airflow/example_dags/example_complex.py
[2024-11-01T18:49:51.115+0000] {processor.py:836} INFO - DAG(s) dict_keys(['example_complex']) retrieved from /home/airflow/.local/lib/python3.7/site-packages/airflow/example_dags/example_complex.py
[2024-11-01T18:49:51.148+0000] {logging_mixin.py:150} INFO - [2024-11-01T18:49:51.146+0000] {dag.py:2742} INFO - Sync 1 DAGs
[2024-11-01T18:49:51.168+0000] {logging_mixin.py:150} INFO - [2024-11-01T18:49:51.168+0000] {dag.py:3508} INFO - Setting next_dagrun for example_complex to None, run_after=None
[2024-11-01T18:49:51.181+0000] {processor.py:179} INFO - Processing /home/airflow/.local/lib/python3.7/site-packages/airflow/example_dags/example_complex.py took 0.083 seconds
[2024-11-01T18:50:21.775+0000] {processor.py:157} INFO - Started process (PID=3484) to work on /home/airflow/.local/lib/python3.7/site-packages/airflow/example_dags/example_complex.py
[2024-11-01T18:50:21.776+0000] {processor.py:826} INFO - Processing file /home/airflow/.local/lib/python3.7/site-packages/airflow/example_dags/example_complex.py for tasks to queue
[2024-11-01T18:50:21.776+0000] {logging_mixin.py:150} INFO - [2024-11-01T18:50:21.776+0000] {dagbag.py:541} INFO - Filling up the DagBag from /home/airflow/.local/lib/python3.7/site-packages/airflow/example_dags/example_complex.py
[2024-11-01T18:50:21.784+0000] {processor.py:836} INFO - DAG(s) dict_keys(['example_complex']) retrieved from /home/airflow/.local/lib/python3.7/site-packages/airflow/example_dags/example_complex.py
[2024-11-01T18:50:21.811+0000] {logging_mixin.py:150} INFO - [2024-11-01T18:50:21.811+0000] {dag.py:2742} INFO - Sync 1 DAGs
[2024-11-01T18:50:21.830+0000] {logging_mixin.py:150} INFO - [2024-11-01T18:50:21.830+0000] {dag.py:3508} INFO - Setting next_dagrun for example_complex to None, run_after=None
[2024-11-01T18:50:21.873+0000] {processor.py:179} INFO - Processing /home/airflow/.local/lib/python3.7/site-packages/airflow/example_dags/example_complex.py took 0.099 seconds
[2024-11-01T18:50:52.681+0000] {processor.py:157} INFO - Started process (PID=3546) to work on /home/airflow/.local/lib/python3.7/site-packages/airflow/example_dags/example_complex.py
[2024-11-01T18:50:52.682+0000] {processor.py:826} INFO - Processing file /home/airflow/.local/lib/python3.7/site-packages/airflow/example_dags/example_complex.py for tasks to queue
[2024-11-01T18:50:52.682+0000] {logging_mixin.py:150} INFO - [2024-11-01T18:50:52.682+0000] {dagbag.py:541} INFO - Filling up the DagBag from /home/airflow/.local/lib/python3.7/site-packages/airflow/example_dags/example_complex.py
[2024-11-01T18:50:52.693+0000] {processor.py:836} INFO - DAG(s) dict_keys(['example_complex']) retrieved from /home/airflow/.local/lib/python3.7/site-packages/airflow/example_dags/example_complex.py
[2024-11-01T18:50:52.728+0000] {logging_mixin.py:150} INFO - [2024-11-01T18:50:52.728+0000] {dag.py:2742} INFO - Sync 1 DAGs
[2024-11-01T18:50:52.760+0000] {logging_mixin.py:150} INFO - [2024-11-01T18:50:52.759+0000] {dag.py:3508} INFO - Setting next_dagrun for example_complex to None, run_after=None
[2024-11-01T18:50:52.777+0000] {processor.py:179} INFO - Processing /home/airflow/.local/lib/python3.7/site-packages/airflow/example_dags/example_complex.py took 0.098 seconds
[2024-11-01T18:51:24.010+0000] {processor.py:157} INFO - Started process (PID=3608) to work on /home/airflow/.local/lib/python3.7/site-packages/airflow/example_dags/example_complex.py
[2024-11-01T18:51:24.011+0000] {processor.py:826} INFO - Processing file /home/airflow/.local/lib/python3.7/site-packages/airflow/example_dags/example_complex.py for tasks to queue
[2024-11-01T18:51:24.012+0000] {logging_mixin.py:150} INFO - [2024-11-01T18:51:24.012+0000] {dagbag.py:541} INFO - Filling up the DagBag from /home/airflow/.local/lib/python3.7/site-packages/airflow/example_dags/example_complex.py
[2024-11-01T18:51:24.020+0000] {processor.py:836} INFO - DAG(s) dict_keys(['example_complex']) retrieved from /home/airflow/.local/lib/python3.7/site-packages/airflow/example_dags/example_complex.py
[2024-11-01T18:51:24.046+0000] {logging_mixin.py:150} INFO - [2024-11-01T18:51:24.045+0000] {dag.py:2742} INFO - Sync 1 DAGs
[2024-11-01T18:51:24.062+0000] {logging_mixin.py:150} INFO - [2024-11-01T18:51:24.062+0000] {dag.py:3508} INFO - Setting next_dagrun for example_complex to None, run_after=None
[2024-11-01T18:51:24.073+0000] {processor.py:179} INFO - Processing /home/airflow/.local/lib/python3.7/site-packages/airflow/example_dags/example_complex.py took 0.065 seconds
[2024-11-01T18:51:55.007+0000] {processor.py:157} INFO - Started process (PID=3670) to work on /home/airflow/.local/lib/python3.7/site-packages/airflow/example_dags/example_complex.py
[2024-11-01T18:51:55.009+0000] {processor.py:826} INFO - Processing file /home/airflow/.local/lib/python3.7/site-packages/airflow/example_dags/example_complex.py for tasks to queue
[2024-11-01T18:51:55.010+0000] {logging_mixin.py:150} INFO - [2024-11-01T18:51:55.010+0000] {dagbag.py:541} INFO - Filling up the DagBag from /home/airflow/.local/lib/python3.7/site-packages/airflow/example_dags/example_complex.py
[2024-11-01T18:51:55.020+0000] {processor.py:836} INFO - DAG(s) dict_keys(['example_complex']) retrieved from /home/airflow/.local/lib/python3.7/site-packages/airflow/example_dags/example_complex.py
[2024-11-01T18:51:55.044+0000] {logging_mixin.py:150} INFO - [2024-11-01T18:51:55.044+0000] {dag.py:2742} INFO - Sync 1 DAGs
[2024-11-01T18:51:55.058+0000] {logging_mixin.py:150} INFO - [2024-11-01T18:51:55.058+0000] {dag.py:3508} INFO - Setting next_dagrun for example_complex to None, run_after=None
[2024-11-01T18:51:55.071+0000] {processor.py:179} INFO - Processing /home/airflow/.local/lib/python3.7/site-packages/airflow/example_dags/example_complex.py took 0.070 seconds
[2024-11-01T18:52:25.096+0000] {processor.py:157} INFO - Started process (PID=3732) to work on /home/airflow/.local/lib/python3.7/site-packages/airflow/example_dags/example_complex.py
[2024-11-01T18:52:25.096+0000] {processor.py:826} INFO - Processing file /home/airflow/.local/lib/python3.7/site-packages/airflow/example_dags/example_complex.py for tasks to queue
[2024-11-01T18:52:25.101+0000] {logging_mixin.py:150} INFO - [2024-11-01T18:52:25.101+0000] {dagbag.py:541} INFO - Filling up the DagBag from /home/airflow/.local/lib/python3.7/site-packages/airflow/example_dags/example_complex.py
[2024-11-01T18:52:25.106+0000] {processor.py:836} INFO - DAG(s) dict_keys(['example_complex']) retrieved from /home/airflow/.local/lib/python3.7/site-packages/airflow/example_dags/example_complex.py
[2024-11-01T18:52:25.122+0000] {logging_mixin.py:150} INFO - [2024-11-01T18:52:25.122+0000] {dag.py:2742} INFO - Sync 1 DAGs
[2024-11-01T18:52:25.134+0000] {logging_mixin.py:150} INFO - [2024-11-01T18:52:25.134+0000] {dag.py:3508} INFO - Setting next_dagrun for example_complex to None, run_after=None
[2024-11-01T18:52:25.144+0000] {processor.py:179} INFO - Processing /home/airflow/.local/lib/python3.7/site-packages/airflow/example_dags/example_complex.py took 0.049 seconds
