[2024-11-01T18:12:02.630+0000] {processor.py:157} INFO - Started process (PID=61) to work on /home/airflow/.local/lib/python3.7/site-packages/airflow/example_dags/example_short_circuit_decorator.py
[2024-11-01T18:12:02.631+0000] {processor.py:826} INFO - Processing file /home/airflow/.local/lib/python3.7/site-packages/airflow/example_dags/example_short_circuit_decorator.py for tasks to queue
[2024-11-01T18:12:02.631+0000] {logging_mixin.py:150} INFO - [2024-11-01T18:12:02.631+0000] {dagbag.py:541} INFO - Filling up the DagBag from /home/airflow/.local/lib/python3.7/site-packages/airflow/example_dags/example_short_circuit_decorator.py
[2024-11-01T18:12:02.641+0000] {processor.py:836} INFO - DAG(s) dict_keys(['example_short_circuit_decorator']) retrieved from /home/airflow/.local/lib/python3.7/site-packages/airflow/example_dags/example_short_circuit_decorator.py
[2024-11-01T18:12:02.661+0000] {logging_mixin.py:150} INFO - [2024-11-01T18:12:02.661+0000] {dag.py:2742} INFO - Sync 1 DAGs
[2024-11-01T18:12:02.675+0000] {logging_mixin.py:150} INFO - [2024-11-01T18:12:02.675+0000] {dag.py:3508} INFO - Setting next_dagrun for example_short_circuit_decorator to 2024-10-31T18:12:02.675522+00:00, run_after=2024-11-01T18:12:02.675522+00:00
[2024-11-01T18:12:02.684+0000] {processor.py:179} INFO - Processing /home/airflow/.local/lib/python3.7/site-packages/airflow/example_dags/example_short_circuit_decorator.py took 0.057 seconds
[2024-11-01T18:12:37.666+0000] {processor.py:157} INFO - Started process (PID=123) to work on /home/airflow/.local/lib/python3.7/site-packages/airflow/example_dags/example_short_circuit_decorator.py
[2024-11-01T18:12:37.670+0000] {processor.py:826} INFO - Processing file /home/airflow/.local/lib/python3.7/site-packages/airflow/example_dags/example_short_circuit_decorator.py for tasks to queue
[2024-11-01T18:12:37.676+0000] {logging_mixin.py:150} INFO - [2024-11-01T18:12:37.673+0000] {dagbag.py:541} INFO - Filling up the DagBag from /home/airflow/.local/lib/python3.7/site-packages/airflow/example_dags/example_short_circuit_decorator.py
[2024-11-01T18:12:37.687+0000] {processor.py:836} INFO - DAG(s) dict_keys(['example_short_circuit_decorator']) retrieved from /home/airflow/.local/lib/python3.7/site-packages/airflow/example_dags/example_short_circuit_decorator.py
[2024-11-01T18:12:37.741+0000] {logging_mixin.py:150} INFO - [2024-11-01T18:12:37.741+0000] {dag.py:2742} INFO - Sync 1 DAGs
[2024-11-01T18:12:37.774+0000] {logging_mixin.py:150} INFO - [2024-11-01T18:12:37.774+0000] {dag.py:3508} INFO - Setting next_dagrun for example_short_circuit_decorator to 2024-10-31T18:12:37.773712+00:00, run_after=2024-11-01T18:12:37.773712+00:00
[2024-11-01T18:12:37.844+0000] {processor.py:179} INFO - Processing /home/airflow/.local/lib/python3.7/site-packages/airflow/example_dags/example_short_circuit_decorator.py took 0.188 seconds
[2024-11-01T18:13:08.840+0000] {processor.py:157} INFO - Started process (PID=184) to work on /home/airflow/.local/lib/python3.7/site-packages/airflow/example_dags/example_short_circuit_decorator.py
[2024-11-01T18:13:08.843+0000] {processor.py:826} INFO - Processing file /home/airflow/.local/lib/python3.7/site-packages/airflow/example_dags/example_short_circuit_decorator.py for tasks to queue
[2024-11-01T18:13:08.844+0000] {logging_mixin.py:150} INFO - [2024-11-01T18:13:08.844+0000] {dagbag.py:541} INFO - Filling up the DagBag from /home/airflow/.local/lib/python3.7/site-packages/airflow/example_dags/example_short_circuit_decorator.py
[2024-11-01T18:13:08.856+0000] {processor.py:836} INFO - DAG(s) dict_keys(['example_short_circuit_decorator']) retrieved from /home/airflow/.local/lib/python3.7/site-packages/airflow/example_dags/example_short_circuit_decorator.py
[2024-11-01T18:13:08.891+0000] {logging_mixin.py:150} INFO - [2024-11-01T18:13:08.891+0000] {dag.py:2742} INFO - Sync 1 DAGs
[2024-11-01T18:13:08.904+0000] {logging_mixin.py:150} INFO - [2024-11-01T18:13:08.903+0000] {dag.py:3508} INFO - Setting next_dagrun for example_short_circuit_decorator to 2024-10-31T18:13:08.903788+00:00, run_after=2024-11-01T18:13:08.903788+00:00
[2024-11-01T18:13:08.998+0000] {processor.py:179} INFO - Processing /home/airflow/.local/lib/python3.7/site-packages/airflow/example_dags/example_short_circuit_decorator.py took 0.160 seconds
[2024-11-01T18:15:54.127+0000] {processor.py:157} INFO - Started process (PID=265) to work on /home/airflow/.local/lib/python3.7/site-packages/airflow/example_dags/example_short_circuit_decorator.py
[2024-11-01T18:15:54.135+0000] {processor.py:826} INFO - Processing file /home/airflow/.local/lib/python3.7/site-packages/airflow/example_dags/example_short_circuit_decorator.py for tasks to queue
[2024-11-01T18:15:54.136+0000] {logging_mixin.py:150} INFO - [2024-11-01T18:15:54.136+0000] {dagbag.py:541} INFO - Filling up the DagBag from /home/airflow/.local/lib/python3.7/site-packages/airflow/example_dags/example_short_circuit_decorator.py
[2024-11-01T18:15:54.248+0000] {processor.py:836} INFO - DAG(s) dict_keys(['example_short_circuit_decorator']) retrieved from /home/airflow/.local/lib/python3.7/site-packages/airflow/example_dags/example_short_circuit_decorator.py
[2024-11-01T18:15:55.400+0000] {logging_mixin.py:150} INFO - [2024-11-01T18:15:55.388+0000] {dag.py:2742} INFO - Sync 1 DAGs
[2024-11-01T18:15:55.981+0000] {logging_mixin.py:150} INFO - [2024-11-01T18:15:55.971+0000] {dag.py:3508} INFO - Setting next_dagrun for example_short_circuit_decorator to 2024-10-31T18:15:55.934273+00:00, run_after=2024-11-01T18:15:55.934273+00:00
[2024-11-01T18:15:56.158+0000] {processor.py:179} INFO - Processing /home/airflow/.local/lib/python3.7/site-packages/airflow/example_dags/example_short_circuit_decorator.py took 2.041 seconds
[2024-11-01T18:17:28.016+0000] {processor.py:157} INFO - Started process (PID=331) to work on /home/airflow/.local/lib/python3.7/site-packages/airflow/example_dags/example_short_circuit_decorator.py
[2024-11-01T18:17:28.019+0000] {processor.py:826} INFO - Processing file /home/airflow/.local/lib/python3.7/site-packages/airflow/example_dags/example_short_circuit_decorator.py for tasks to queue
[2024-11-01T18:17:28.023+0000] {logging_mixin.py:150} INFO - [2024-11-01T18:17:28.020+0000] {dagbag.py:541} INFO - Filling up the DagBag from /home/airflow/.local/lib/python3.7/site-packages/airflow/example_dags/example_short_circuit_decorator.py
[2024-11-01T18:17:28.110+0000] {processor.py:836} INFO - DAG(s) dict_keys(['example_short_circuit_decorator']) retrieved from /home/airflow/.local/lib/python3.7/site-packages/airflow/example_dags/example_short_circuit_decorator.py
[2024-11-01T18:17:28.604+0000] {logging_mixin.py:150} INFO - [2024-11-01T18:17:28.603+0000] {dag.py:2742} INFO - Sync 1 DAGs
[2024-11-01T18:17:28.792+0000] {logging_mixin.py:150} INFO - [2024-11-01T18:17:28.780+0000] {dag.py:3508} INFO - Setting next_dagrun for example_short_circuit_decorator to 2024-10-31T18:17:28.769825+00:00, run_after=2024-11-01T18:17:28.769825+00:00
[2024-11-01T18:17:29.556+0000] {processor.py:179} INFO - Processing /home/airflow/.local/lib/python3.7/site-packages/airflow/example_dags/example_short_circuit_decorator.py took 1.546 seconds
[2024-11-01T18:18:28.200+0000] {processor.py:157} INFO - Started process (PID=420) to work on /home/airflow/.local/lib/python3.7/site-packages/airflow/example_dags/example_short_circuit_decorator.py
[2024-11-01T18:18:28.216+0000] {processor.py:826} INFO - Processing file /home/airflow/.local/lib/python3.7/site-packages/airflow/example_dags/example_short_circuit_decorator.py for tasks to queue
[2024-11-01T18:18:28.228+0000] {logging_mixin.py:150} INFO - [2024-11-01T18:18:28.221+0000] {dagbag.py:541} INFO - Filling up the DagBag from /home/airflow/.local/lib/python3.7/site-packages/airflow/example_dags/example_short_circuit_decorator.py
[2024-11-01T18:18:28.386+0000] {processor.py:836} INFO - DAG(s) dict_keys(['example_short_circuit_decorator']) retrieved from /home/airflow/.local/lib/python3.7/site-packages/airflow/example_dags/example_short_circuit_decorator.py
[2024-11-01T18:18:28.694+0000] {logging_mixin.py:150} INFO - [2024-11-01T18:18:28.689+0000] {dag.py:2742} INFO - Sync 1 DAGs
[2024-11-01T18:18:30.063+0000] {logging_mixin.py:150} INFO - [2024-11-01T18:18:30.061+0000] {dag.py:3508} INFO - Setting next_dagrun for example_short_circuit_decorator to 2024-10-31T18:18:30.053194+00:00, run_after=2024-11-01T18:18:30.053194+00:00
[2024-11-01T18:18:30.338+0000] {processor.py:179} INFO - Processing /home/airflow/.local/lib/python3.7/site-packages/airflow/example_dags/example_short_circuit_decorator.py took 2.189 seconds
[2024-11-01T18:19:09.244+0000] {processor.py:157} INFO - Started process (PID=488) to work on /home/airflow/.local/lib/python3.7/site-packages/airflow/example_dags/example_short_circuit_decorator.py
[2024-11-01T18:19:09.259+0000] {processor.py:826} INFO - Processing file /home/airflow/.local/lib/python3.7/site-packages/airflow/example_dags/example_short_circuit_decorator.py for tasks to queue
[2024-11-01T18:19:09.260+0000] {logging_mixin.py:150} INFO - [2024-11-01T18:19:09.260+0000] {dagbag.py:541} INFO - Filling up the DagBag from /home/airflow/.local/lib/python3.7/site-packages/airflow/example_dags/example_short_circuit_decorator.py
[2024-11-01T18:19:09.285+0000] {processor.py:836} INFO - DAG(s) dict_keys(['example_short_circuit_decorator']) retrieved from /home/airflow/.local/lib/python3.7/site-packages/airflow/example_dags/example_short_circuit_decorator.py
[2024-11-01T18:19:09.384+0000] {logging_mixin.py:150} INFO - [2024-11-01T18:19:09.384+0000] {dag.py:2742} INFO - Sync 1 DAGs
[2024-11-01T18:19:09.492+0000] {logging_mixin.py:150} INFO - [2024-11-01T18:19:09.492+0000] {dag.py:3508} INFO - Setting next_dagrun for example_short_circuit_decorator to 2024-10-31T18:19:09.487038+00:00, run_after=2024-11-01T18:19:09.487038+00:00
[2024-11-01T18:19:09.759+0000] {processor.py:179} INFO - Processing /home/airflow/.local/lib/python3.7/site-packages/airflow/example_dags/example_short_circuit_decorator.py took 0.610 seconds
[2024-11-01T18:19:47.277+0000] {processor.py:157} INFO - Started process (PID=550) to work on /home/airflow/.local/lib/python3.7/site-packages/airflow/example_dags/example_short_circuit_decorator.py
[2024-11-01T18:19:47.282+0000] {processor.py:826} INFO - Processing file /home/airflow/.local/lib/python3.7/site-packages/airflow/example_dags/example_short_circuit_decorator.py for tasks to queue
[2024-11-01T18:19:47.307+0000] {logging_mixin.py:150} INFO - [2024-11-01T18:19:47.306+0000] {dagbag.py:541} INFO - Filling up the DagBag from /home/airflow/.local/lib/python3.7/site-packages/airflow/example_dags/example_short_circuit_decorator.py
[2024-11-01T18:19:47.516+0000] {processor.py:836} INFO - DAG(s) dict_keys(['example_short_circuit_decorator']) retrieved from /home/airflow/.local/lib/python3.7/site-packages/airflow/example_dags/example_short_circuit_decorator.py
[2024-11-01T18:19:47.778+0000] {logging_mixin.py:150} INFO - [2024-11-01T18:19:47.778+0000] {dag.py:2742} INFO - Sync 1 DAGs
[2024-11-01T18:19:52.386+0000] {logging_mixin.py:150} INFO - [2024-11-01T18:19:52.372+0000] {dag.py:3508} INFO - Setting next_dagrun for example_short_circuit_decorator to 2024-10-31T18:19:52.358330+00:00, run_after=2024-11-01T18:19:52.358330+00:00
[2024-11-01T18:19:53.007+0000] {processor.py:179} INFO - Processing /home/airflow/.local/lib/python3.7/site-packages/airflow/example_dags/example_short_circuit_decorator.py took 5.899 seconds
[2024-11-01T18:20:37.249+0000] {processor.py:157} INFO - Started process (PID=621) to work on /home/airflow/.local/lib/python3.7/site-packages/airflow/example_dags/example_short_circuit_decorator.py
[2024-11-01T18:20:37.260+0000] {processor.py:826} INFO - Processing file /home/airflow/.local/lib/python3.7/site-packages/airflow/example_dags/example_short_circuit_decorator.py for tasks to queue
[2024-11-01T18:20:37.263+0000] {logging_mixin.py:150} INFO - [2024-11-01T18:20:37.262+0000] {dagbag.py:541} INFO - Filling up the DagBag from /home/airflow/.local/lib/python3.7/site-packages/airflow/example_dags/example_short_circuit_decorator.py
[2024-11-01T18:20:37.346+0000] {processor.py:836} INFO - DAG(s) dict_keys(['example_short_circuit_decorator']) retrieved from /home/airflow/.local/lib/python3.7/site-packages/airflow/example_dags/example_short_circuit_decorator.py
[2024-11-01T18:20:37.576+0000] {logging_mixin.py:150} INFO - [2024-11-01T18:20:37.574+0000] {dag.py:2742} INFO - Sync 1 DAGs
[2024-11-01T18:20:37.814+0000] {logging_mixin.py:150} INFO - [2024-11-01T18:20:37.811+0000] {dag.py:3508} INFO - Setting next_dagrun for example_short_circuit_decorator to 2024-10-31T18:20:37.798126+00:00, run_after=2024-11-01T18:20:37.798126+00:00
[2024-11-01T18:20:37.897+0000] {processor.py:179} INFO - Processing /home/airflow/.local/lib/python3.7/site-packages/airflow/example_dags/example_short_circuit_decorator.py took 0.692 seconds
[2024-11-01T18:22:48.277+0000] {processor.py:157} INFO - Started process (PID=707) to work on /home/airflow/.local/lib/python3.7/site-packages/airflow/example_dags/example_short_circuit_decorator.py
[2024-11-01T18:22:48.480+0000] {processor.py:826} INFO - Processing file /home/airflow/.local/lib/python3.7/site-packages/airflow/example_dags/example_short_circuit_decorator.py for tasks to queue
[2024-11-01T18:22:50.337+0000] {logging_mixin.py:150} INFO - [2024-11-01T18:22:49.943+0000] {dagbag.py:541} INFO - Filling up the DagBag from /home/airflow/.local/lib/python3.7/site-packages/airflow/example_dags/example_short_circuit_decorator.py
[2024-11-01T18:22:51.514+0000] {processor.py:836} INFO - DAG(s) dict_keys(['example_short_circuit_decorator']) retrieved from /home/airflow/.local/lib/python3.7/site-packages/airflow/example_dags/example_short_circuit_decorator.py
[2024-11-01T18:22:55.746+0000] {logging_mixin.py:150} INFO - [2024-11-01T18:22:55.715+0000] {dag.py:2742} INFO - Sync 1 DAGs
[2024-11-01T18:22:57.454+0000] {logging_mixin.py:150} INFO - [2024-11-01T18:22:57.452+0000] {dag.py:3508} INFO - Setting next_dagrun for example_short_circuit_decorator to 2024-10-31T18:22:57.415984+00:00, run_after=2024-11-01T18:22:57.415984+00:00
[2024-11-01T18:23:04.715+0000] {processor.py:179} INFO - Processing /home/airflow/.local/lib/python3.7/site-packages/airflow/example_dags/example_short_circuit_decorator.py took 18.078 seconds
[2024-11-01T18:24:18.422+0000] {processor.py:157} INFO - Started process (PID=766) to work on /home/airflow/.local/lib/python3.7/site-packages/airflow/example_dags/example_short_circuit_decorator.py
[2024-11-01T18:24:18.426+0000] {processor.py:826} INFO - Processing file /home/airflow/.local/lib/python3.7/site-packages/airflow/example_dags/example_short_circuit_decorator.py for tasks to queue
[2024-11-01T18:24:18.429+0000] {logging_mixin.py:150} INFO - [2024-11-01T18:24:18.427+0000] {dagbag.py:541} INFO - Filling up the DagBag from /home/airflow/.local/lib/python3.7/site-packages/airflow/example_dags/example_short_circuit_decorator.py
[2024-11-01T18:24:18.501+0000] {processor.py:836} INFO - DAG(s) dict_keys(['example_short_circuit_decorator']) retrieved from /home/airflow/.local/lib/python3.7/site-packages/airflow/example_dags/example_short_circuit_decorator.py
[2024-11-01T18:24:18.595+0000] {logging_mixin.py:150} INFO - [2024-11-01T18:24:18.595+0000] {dag.py:2742} INFO - Sync 1 DAGs
[2024-11-01T18:24:18.787+0000] {logging_mixin.py:150} INFO - [2024-11-01T18:24:18.787+0000] {dag.py:3508} INFO - Setting next_dagrun for example_short_circuit_decorator to 2024-10-31T18:24:18.786470+00:00, run_after=2024-11-01T18:24:18.786470+00:00
[2024-11-01T18:24:18.896+0000] {processor.py:179} INFO - Processing /home/airflow/.local/lib/python3.7/site-packages/airflow/example_dags/example_short_circuit_decorator.py took 0.488 seconds
[2024-11-01T18:25:31.133+0000] {processor.py:157} INFO - Started process (PID=843) to work on /home/airflow/.local/lib/python3.7/site-packages/airflow/example_dags/example_short_circuit_decorator.py
[2024-11-01T18:25:31.135+0000] {processor.py:826} INFO - Processing file /home/airflow/.local/lib/python3.7/site-packages/airflow/example_dags/example_short_circuit_decorator.py for tasks to queue
[2024-11-01T18:25:31.137+0000] {logging_mixin.py:150} INFO - [2024-11-01T18:25:31.136+0000] {dagbag.py:541} INFO - Filling up the DagBag from /home/airflow/.local/lib/python3.7/site-packages/airflow/example_dags/example_short_circuit_decorator.py
[2024-11-01T18:25:31.202+0000] {processor.py:836} INFO - DAG(s) dict_keys(['example_short_circuit_decorator']) retrieved from /home/airflow/.local/lib/python3.7/site-packages/airflow/example_dags/example_short_circuit_decorator.py
[2024-11-01T18:25:31.568+0000] {logging_mixin.py:150} INFO - [2024-11-01T18:25:31.568+0000] {dag.py:2742} INFO - Sync 1 DAGs
[2024-11-01T18:25:31.729+0000] {logging_mixin.py:150} INFO - [2024-11-01T18:25:31.728+0000] {dag.py:3508} INFO - Setting next_dagrun for example_short_circuit_decorator to 2024-10-31T18:25:31.724713+00:00, run_after=2024-11-01T18:25:31.724713+00:00
[2024-11-01T18:25:31.760+0000] {processor.py:179} INFO - Processing /home/airflow/.local/lib/python3.7/site-packages/airflow/example_dags/example_short_circuit_decorator.py took 0.644 seconds
[2024-11-01T18:26:08.220+0000] {processor.py:157} INFO - Started process (PID=904) to work on /home/airflow/.local/lib/python3.7/site-packages/airflow/example_dags/example_short_circuit_decorator.py
[2024-11-01T18:26:08.227+0000] {processor.py:826} INFO - Processing file /home/airflow/.local/lib/python3.7/site-packages/airflow/example_dags/example_short_circuit_decorator.py for tasks to queue
[2024-11-01T18:26:08.229+0000] {logging_mixin.py:150} INFO - [2024-11-01T18:26:08.229+0000] {dagbag.py:541} INFO - Filling up the DagBag from /home/airflow/.local/lib/python3.7/site-packages/airflow/example_dags/example_short_circuit_decorator.py
[2024-11-01T18:26:08.277+0000] {processor.py:836} INFO - DAG(s) dict_keys(['example_short_circuit_decorator']) retrieved from /home/airflow/.local/lib/python3.7/site-packages/airflow/example_dags/example_short_circuit_decorator.py
[2024-11-01T18:26:08.667+0000] {logging_mixin.py:150} INFO - [2024-11-01T18:26:08.666+0000] {dag.py:2742} INFO - Sync 1 DAGs
[2024-11-01T18:26:09.563+0000] {logging_mixin.py:150} INFO - [2024-11-01T18:26:09.562+0000] {dag.py:3508} INFO - Setting next_dagrun for example_short_circuit_decorator to 2024-10-31T18:26:09.561906+00:00, run_after=2024-11-01T18:26:09.561906+00:00
[2024-11-01T18:26:11.775+0000] {processor.py:179} INFO - Processing /home/airflow/.local/lib/python3.7/site-packages/airflow/example_dags/example_short_circuit_decorator.py took 3.616 seconds
[2024-11-01T18:26:41.961+0000] {processor.py:157} INFO - Started process (PID=966) to work on /home/airflow/.local/lib/python3.7/site-packages/airflow/example_dags/example_short_circuit_decorator.py
[2024-11-01T18:26:41.963+0000] {processor.py:826} INFO - Processing file /home/airflow/.local/lib/python3.7/site-packages/airflow/example_dags/example_short_circuit_decorator.py for tasks to queue
[2024-11-01T18:26:41.964+0000] {logging_mixin.py:150} INFO - [2024-11-01T18:26:41.964+0000] {dagbag.py:541} INFO - Filling up the DagBag from /home/airflow/.local/lib/python3.7/site-packages/airflow/example_dags/example_short_circuit_decorator.py
[2024-11-01T18:26:41.976+0000] {processor.py:836} INFO - DAG(s) dict_keys(['example_short_circuit_decorator']) retrieved from /home/airflow/.local/lib/python3.7/site-packages/airflow/example_dags/example_short_circuit_decorator.py
[2024-11-01T18:26:42.004+0000] {logging_mixin.py:150} INFO - [2024-11-01T18:26:42.004+0000] {dag.py:2742} INFO - Sync 1 DAGs
[2024-11-01T18:26:42.029+0000] {logging_mixin.py:150} INFO - [2024-11-01T18:26:42.029+0000] {dag.py:3508} INFO - Setting next_dagrun for example_short_circuit_decorator to 2024-10-31T18:26:42.029068+00:00, run_after=2024-11-01T18:26:42.029068+00:00
[2024-11-01T18:26:42.044+0000] {processor.py:179} INFO - Processing /home/airflow/.local/lib/python3.7/site-packages/airflow/example_dags/example_short_circuit_decorator.py took 0.089 seconds
[2024-11-01T18:27:12.338+0000] {processor.py:157} INFO - Started process (PID=1028) to work on /home/airflow/.local/lib/python3.7/site-packages/airflow/example_dags/example_short_circuit_decorator.py
[2024-11-01T18:27:12.341+0000] {processor.py:826} INFO - Processing file /home/airflow/.local/lib/python3.7/site-packages/airflow/example_dags/example_short_circuit_decorator.py for tasks to queue
[2024-11-01T18:27:12.342+0000] {logging_mixin.py:150} INFO - [2024-11-01T18:27:12.341+0000] {dagbag.py:541} INFO - Filling up the DagBag from /home/airflow/.local/lib/python3.7/site-packages/airflow/example_dags/example_short_circuit_decorator.py
[2024-11-01T18:27:12.358+0000] {processor.py:836} INFO - DAG(s) dict_keys(['example_short_circuit_decorator']) retrieved from /home/airflow/.local/lib/python3.7/site-packages/airflow/example_dags/example_short_circuit_decorator.py
[2024-11-01T18:27:12.415+0000] {logging_mixin.py:150} INFO - [2024-11-01T18:27:12.415+0000] {dag.py:2742} INFO - Sync 1 DAGs
[2024-11-01T18:27:12.473+0000] {logging_mixin.py:150} INFO - [2024-11-01T18:27:12.473+0000] {dag.py:3508} INFO - Setting next_dagrun for example_short_circuit_decorator to 2024-10-31T18:27:12.472914+00:00, run_after=2024-11-01T18:27:12.472914+00:00
[2024-11-01T18:27:12.496+0000] {processor.py:179} INFO - Processing /home/airflow/.local/lib/python3.7/site-packages/airflow/example_dags/example_short_circuit_decorator.py took 0.168 seconds
[2024-11-01T18:27:42.573+0000] {processor.py:157} INFO - Started process (PID=1090) to work on /home/airflow/.local/lib/python3.7/site-packages/airflow/example_dags/example_short_circuit_decorator.py
[2024-11-01T18:27:42.576+0000] {processor.py:826} INFO - Processing file /home/airflow/.local/lib/python3.7/site-packages/airflow/example_dags/example_short_circuit_decorator.py for tasks to queue
[2024-11-01T18:27:42.578+0000] {logging_mixin.py:150} INFO - [2024-11-01T18:27:42.578+0000] {dagbag.py:541} INFO - Filling up the DagBag from /home/airflow/.local/lib/python3.7/site-packages/airflow/example_dags/example_short_circuit_decorator.py
[2024-11-01T18:27:42.589+0000] {processor.py:836} INFO - DAG(s) dict_keys(['example_short_circuit_decorator']) retrieved from /home/airflow/.local/lib/python3.7/site-packages/airflow/example_dags/example_short_circuit_decorator.py
[2024-11-01T18:27:42.633+0000] {logging_mixin.py:150} INFO - [2024-11-01T18:27:42.633+0000] {dag.py:2742} INFO - Sync 1 DAGs
[2024-11-01T18:27:42.659+0000] {logging_mixin.py:150} INFO - [2024-11-01T18:27:42.659+0000] {dag.py:3508} INFO - Setting next_dagrun for example_short_circuit_decorator to 2024-10-31T18:27:42.659034+00:00, run_after=2024-11-01T18:27:42.659034+00:00
[2024-11-01T18:27:42.677+0000] {processor.py:179} INFO - Processing /home/airflow/.local/lib/python3.7/site-packages/airflow/example_dags/example_short_circuit_decorator.py took 0.110 seconds
[2024-11-01T18:30:47.930+0000] {processor.py:157} INFO - Started process (PID=1134) to work on /home/airflow/.local/lib/python3.7/site-packages/airflow/example_dags/example_short_circuit_decorator.py
[2024-11-01T18:30:47.930+0000] {processor.py:826} INFO - Processing file /home/airflow/.local/lib/python3.7/site-packages/airflow/example_dags/example_short_circuit_decorator.py for tasks to queue
[2024-11-01T18:30:47.931+0000] {logging_mixin.py:150} INFO - [2024-11-01T18:30:47.931+0000] {dagbag.py:541} INFO - Filling up the DagBag from /home/airflow/.local/lib/python3.7/site-packages/airflow/example_dags/example_short_circuit_decorator.py
[2024-11-01T18:30:47.937+0000] {processor.py:836} INFO - DAG(s) dict_keys(['example_short_circuit_decorator']) retrieved from /home/airflow/.local/lib/python3.7/site-packages/airflow/example_dags/example_short_circuit_decorator.py
[2024-11-01T18:30:47.962+0000] {logging_mixin.py:150} INFO - [2024-11-01T18:30:47.962+0000] {dag.py:2742} INFO - Sync 1 DAGs
[2024-11-01T18:30:47.983+0000] {logging_mixin.py:150} INFO - [2024-11-01T18:30:47.983+0000] {dag.py:3508} INFO - Setting next_dagrun for example_short_circuit_decorator to 2024-10-31T18:30:47.983407+00:00, run_after=2024-11-01T18:30:47.983407+00:00
[2024-11-01T18:30:47.998+0000] {processor.py:179} INFO - Processing /home/airflow/.local/lib/python3.7/site-packages/airflow/example_dags/example_short_circuit_decorator.py took 0.071 seconds
[2024-11-01T18:31:18.317+0000] {processor.py:157} INFO - Started process (PID=1196) to work on /home/airflow/.local/lib/python3.7/site-packages/airflow/example_dags/example_short_circuit_decorator.py
[2024-11-01T18:31:18.319+0000] {processor.py:826} INFO - Processing file /home/airflow/.local/lib/python3.7/site-packages/airflow/example_dags/example_short_circuit_decorator.py for tasks to queue
[2024-11-01T18:31:18.319+0000] {logging_mixin.py:150} INFO - [2024-11-01T18:31:18.319+0000] {dagbag.py:541} INFO - Filling up the DagBag from /home/airflow/.local/lib/python3.7/site-packages/airflow/example_dags/example_short_circuit_decorator.py
[2024-11-01T18:31:18.325+0000] {processor.py:836} INFO - DAG(s) dict_keys(['example_short_circuit_decorator']) retrieved from /home/airflow/.local/lib/python3.7/site-packages/airflow/example_dags/example_short_circuit_decorator.py
[2024-11-01T18:31:18.339+0000] {logging_mixin.py:150} INFO - [2024-11-01T18:31:18.338+0000] {dag.py:2742} INFO - Sync 1 DAGs
[2024-11-01T18:31:18.351+0000] {logging_mixin.py:150} INFO - [2024-11-01T18:31:18.351+0000] {dag.py:3508} INFO - Setting next_dagrun for example_short_circuit_decorator to 2024-10-31T18:31:18.351443+00:00, run_after=2024-11-01T18:31:18.351443+00:00
[2024-11-01T18:31:18.363+0000] {processor.py:179} INFO - Processing /home/airflow/.local/lib/python3.7/site-packages/airflow/example_dags/example_short_circuit_decorator.py took 0.047 seconds
[2024-11-01T18:31:48.840+0000] {processor.py:157} INFO - Started process (PID=1258) to work on /home/airflow/.local/lib/python3.7/site-packages/airflow/example_dags/example_short_circuit_decorator.py
[2024-11-01T18:31:48.842+0000] {processor.py:826} INFO - Processing file /home/airflow/.local/lib/python3.7/site-packages/airflow/example_dags/example_short_circuit_decorator.py for tasks to queue
[2024-11-01T18:31:48.842+0000] {logging_mixin.py:150} INFO - [2024-11-01T18:31:48.842+0000] {dagbag.py:541} INFO - Filling up the DagBag from /home/airflow/.local/lib/python3.7/site-packages/airflow/example_dags/example_short_circuit_decorator.py
[2024-11-01T18:31:48.848+0000] {processor.py:836} INFO - DAG(s) dict_keys(['example_short_circuit_decorator']) retrieved from /home/airflow/.local/lib/python3.7/site-packages/airflow/example_dags/example_short_circuit_decorator.py
[2024-11-01T18:31:48.860+0000] {logging_mixin.py:150} INFO - [2024-11-01T18:31:48.860+0000] {dag.py:2742} INFO - Sync 1 DAGs
[2024-11-01T18:31:48.876+0000] {logging_mixin.py:150} INFO - [2024-11-01T18:31:48.875+0000] {dag.py:3508} INFO - Setting next_dagrun for example_short_circuit_decorator to 2024-10-31T18:31:48.875848+00:00, run_after=2024-11-01T18:31:48.875848+00:00
[2024-11-01T18:31:48.888+0000] {processor.py:179} INFO - Processing /home/airflow/.local/lib/python3.7/site-packages/airflow/example_dags/example_short_circuit_decorator.py took 0.050 seconds
[2024-11-01T18:32:19.098+0000] {processor.py:157} INFO - Started process (PID=1320) to work on /home/airflow/.local/lib/python3.7/site-packages/airflow/example_dags/example_short_circuit_decorator.py
[2024-11-01T18:32:19.100+0000] {processor.py:826} INFO - Processing file /home/airflow/.local/lib/python3.7/site-packages/airflow/example_dags/example_short_circuit_decorator.py for tasks to queue
[2024-11-01T18:32:19.104+0000] {logging_mixin.py:150} INFO - [2024-11-01T18:32:19.103+0000] {dagbag.py:541} INFO - Filling up the DagBag from /home/airflow/.local/lib/python3.7/site-packages/airflow/example_dags/example_short_circuit_decorator.py
[2024-11-01T18:32:19.112+0000] {processor.py:836} INFO - DAG(s) dict_keys(['example_short_circuit_decorator']) retrieved from /home/airflow/.local/lib/python3.7/site-packages/airflow/example_dags/example_short_circuit_decorator.py
[2024-11-01T18:32:19.133+0000] {logging_mixin.py:150} INFO - [2024-11-01T18:32:19.133+0000] {dag.py:2742} INFO - Sync 1 DAGs
[2024-11-01T18:32:19.154+0000] {logging_mixin.py:150} INFO - [2024-11-01T18:32:19.154+0000] {dag.py:3508} INFO - Setting next_dagrun for example_short_circuit_decorator to 2024-10-31T18:32:19.154543+00:00, run_after=2024-11-01T18:32:19.154543+00:00
[2024-11-01T18:32:19.163+0000] {processor.py:179} INFO - Processing /home/airflow/.local/lib/python3.7/site-packages/airflow/example_dags/example_short_circuit_decorator.py took 0.067 seconds
[2024-11-01T18:32:49.859+0000] {processor.py:157} INFO - Started process (PID=1381) to work on /home/airflow/.local/lib/python3.7/site-packages/airflow/example_dags/example_short_circuit_decorator.py
[2024-11-01T18:32:49.861+0000] {processor.py:826} INFO - Processing file /home/airflow/.local/lib/python3.7/site-packages/airflow/example_dags/example_short_circuit_decorator.py for tasks to queue
[2024-11-01T18:32:49.862+0000] {logging_mixin.py:150} INFO - [2024-11-01T18:32:49.862+0000] {dagbag.py:541} INFO - Filling up the DagBag from /home/airflow/.local/lib/python3.7/site-packages/airflow/example_dags/example_short_circuit_decorator.py
[2024-11-01T18:32:49.889+0000] {processor.py:836} INFO - DAG(s) dict_keys(['example_short_circuit_decorator']) retrieved from /home/airflow/.local/lib/python3.7/site-packages/airflow/example_dags/example_short_circuit_decorator.py
[2024-11-01T18:32:49.911+0000] {logging_mixin.py:150} INFO - [2024-11-01T18:32:49.911+0000] {dag.py:2742} INFO - Sync 1 DAGs
[2024-11-01T18:32:49.928+0000] {logging_mixin.py:150} INFO - [2024-11-01T18:32:49.928+0000] {dag.py:3508} INFO - Setting next_dagrun for example_short_circuit_decorator to 2024-10-31T18:32:49.928439+00:00, run_after=2024-11-01T18:32:49.928439+00:00
[2024-11-01T18:32:49.942+0000] {processor.py:179} INFO - Processing /home/airflow/.local/lib/python3.7/site-packages/airflow/example_dags/example_short_circuit_decorator.py took 0.087 seconds
[2024-11-01T18:33:20.446+0000] {processor.py:157} INFO - Started process (PID=1442) to work on /home/airflow/.local/lib/python3.7/site-packages/airflow/example_dags/example_short_circuit_decorator.py
[2024-11-01T18:33:20.447+0000] {processor.py:826} INFO - Processing file /home/airflow/.local/lib/python3.7/site-packages/airflow/example_dags/example_short_circuit_decorator.py for tasks to queue
[2024-11-01T18:33:20.447+0000] {logging_mixin.py:150} INFO - [2024-11-01T18:33:20.447+0000] {dagbag.py:541} INFO - Filling up the DagBag from /home/airflow/.local/lib/python3.7/site-packages/airflow/example_dags/example_short_circuit_decorator.py
[2024-11-01T18:33:20.455+0000] {processor.py:836} INFO - DAG(s) dict_keys(['example_short_circuit_decorator']) retrieved from /home/airflow/.local/lib/python3.7/site-packages/airflow/example_dags/example_short_circuit_decorator.py
[2024-11-01T18:33:20.468+0000] {logging_mixin.py:150} INFO - [2024-11-01T18:33:20.468+0000] {dag.py:2742} INFO - Sync 1 DAGs
[2024-11-01T18:33:20.480+0000] {logging_mixin.py:150} INFO - [2024-11-01T18:33:20.480+0000] {dag.py:3508} INFO - Setting next_dagrun for example_short_circuit_decorator to 2024-10-31T18:33:20.480235+00:00, run_after=2024-11-01T18:33:20.480235+00:00
[2024-11-01T18:33:20.488+0000] {processor.py:179} INFO - Processing /home/airflow/.local/lib/python3.7/site-packages/airflow/example_dags/example_short_circuit_decorator.py took 0.045 seconds
[2024-11-01T18:33:50.554+0000] {processor.py:157} INFO - Started process (PID=1503) to work on /home/airflow/.local/lib/python3.7/site-packages/airflow/example_dags/example_short_circuit_decorator.py
[2024-11-01T18:33:50.555+0000] {processor.py:826} INFO - Processing file /home/airflow/.local/lib/python3.7/site-packages/airflow/example_dags/example_short_circuit_decorator.py for tasks to queue
[2024-11-01T18:33:50.555+0000] {logging_mixin.py:150} INFO - [2024-11-01T18:33:50.555+0000] {dagbag.py:541} INFO - Filling up the DagBag from /home/airflow/.local/lib/python3.7/site-packages/airflow/example_dags/example_short_circuit_decorator.py
[2024-11-01T18:33:50.560+0000] {processor.py:836} INFO - DAG(s) dict_keys(['example_short_circuit_decorator']) retrieved from /home/airflow/.local/lib/python3.7/site-packages/airflow/example_dags/example_short_circuit_decorator.py
[2024-11-01T18:33:50.590+0000] {logging_mixin.py:150} INFO - [2024-11-01T18:33:50.590+0000] {dag.py:2742} INFO - Sync 1 DAGs
[2024-11-01T18:33:50.609+0000] {logging_mixin.py:150} INFO - [2024-11-01T18:33:50.609+0000] {dag.py:3508} INFO - Setting next_dagrun for example_short_circuit_decorator to 2024-10-31T18:33:50.608982+00:00, run_after=2024-11-01T18:33:50.608982+00:00
[2024-11-01T18:33:50.625+0000] {processor.py:179} INFO - Processing /home/airflow/.local/lib/python3.7/site-packages/airflow/example_dags/example_short_circuit_decorator.py took 0.075 seconds
[2024-11-01T18:34:20.949+0000] {processor.py:157} INFO - Started process (PID=1565) to work on /home/airflow/.local/lib/python3.7/site-packages/airflow/example_dags/example_short_circuit_decorator.py
[2024-11-01T18:34:20.951+0000] {processor.py:826} INFO - Processing file /home/airflow/.local/lib/python3.7/site-packages/airflow/example_dags/example_short_circuit_decorator.py for tasks to queue
[2024-11-01T18:34:20.951+0000] {logging_mixin.py:150} INFO - [2024-11-01T18:34:20.951+0000] {dagbag.py:541} INFO - Filling up the DagBag from /home/airflow/.local/lib/python3.7/site-packages/airflow/example_dags/example_short_circuit_decorator.py
[2024-11-01T18:34:20.957+0000] {processor.py:836} INFO - DAG(s) dict_keys(['example_short_circuit_decorator']) retrieved from /home/airflow/.local/lib/python3.7/site-packages/airflow/example_dags/example_short_circuit_decorator.py
[2024-11-01T18:34:20.975+0000] {logging_mixin.py:150} INFO - [2024-11-01T18:34:20.975+0000] {dag.py:2742} INFO - Sync 1 DAGs
[2024-11-01T18:34:20.988+0000] {logging_mixin.py:150} INFO - [2024-11-01T18:34:20.987+0000] {dag.py:3508} INFO - Setting next_dagrun for example_short_circuit_decorator to 2024-10-31T18:34:20.987849+00:00, run_after=2024-11-01T18:34:20.987849+00:00
[2024-11-01T18:34:20.996+0000] {processor.py:179} INFO - Processing /home/airflow/.local/lib/python3.7/site-packages/airflow/example_dags/example_short_circuit_decorator.py took 0.048 seconds
[2024-11-01T18:34:51.549+0000] {processor.py:157} INFO - Started process (PID=1627) to work on /home/airflow/.local/lib/python3.7/site-packages/airflow/example_dags/example_short_circuit_decorator.py
[2024-11-01T18:34:51.550+0000] {processor.py:826} INFO - Processing file /home/airflow/.local/lib/python3.7/site-packages/airflow/example_dags/example_short_circuit_decorator.py for tasks to queue
[2024-11-01T18:34:51.551+0000] {logging_mixin.py:150} INFO - [2024-11-01T18:34:51.551+0000] {dagbag.py:541} INFO - Filling up the DagBag from /home/airflow/.local/lib/python3.7/site-packages/airflow/example_dags/example_short_circuit_decorator.py
[2024-11-01T18:34:51.559+0000] {processor.py:836} INFO - DAG(s) dict_keys(['example_short_circuit_decorator']) retrieved from /home/airflow/.local/lib/python3.7/site-packages/airflow/example_dags/example_short_circuit_decorator.py
[2024-11-01T18:34:51.587+0000] {logging_mixin.py:150} INFO - [2024-11-01T18:34:51.587+0000] {dag.py:2742} INFO - Sync 1 DAGs
[2024-11-01T18:34:51.603+0000] {logging_mixin.py:150} INFO - [2024-11-01T18:34:51.603+0000] {dag.py:3508} INFO - Setting next_dagrun for example_short_circuit_decorator to 2024-10-31T18:34:51.602996+00:00, run_after=2024-11-01T18:34:51.602996+00:00
[2024-11-01T18:34:51.616+0000] {processor.py:179} INFO - Processing /home/airflow/.local/lib/python3.7/site-packages/airflow/example_dags/example_short_circuit_decorator.py took 0.068 seconds
[2024-11-01T18:35:22.142+0000] {processor.py:157} INFO - Started process (PID=1689) to work on /home/airflow/.local/lib/python3.7/site-packages/airflow/example_dags/example_short_circuit_decorator.py
[2024-11-01T18:35:22.143+0000] {processor.py:826} INFO - Processing file /home/airflow/.local/lib/python3.7/site-packages/airflow/example_dags/example_short_circuit_decorator.py for tasks to queue
[2024-11-01T18:35:22.143+0000] {logging_mixin.py:150} INFO - [2024-11-01T18:35:22.143+0000] {dagbag.py:541} INFO - Filling up the DagBag from /home/airflow/.local/lib/python3.7/site-packages/airflow/example_dags/example_short_circuit_decorator.py
[2024-11-01T18:35:22.149+0000] {processor.py:836} INFO - DAG(s) dict_keys(['example_short_circuit_decorator']) retrieved from /home/airflow/.local/lib/python3.7/site-packages/airflow/example_dags/example_short_circuit_decorator.py
[2024-11-01T18:35:22.165+0000] {logging_mixin.py:150} INFO - [2024-11-01T18:35:22.165+0000] {dag.py:2742} INFO - Sync 1 DAGs
[2024-11-01T18:35:22.178+0000] {logging_mixin.py:150} INFO - [2024-11-01T18:35:22.178+0000] {dag.py:3508} INFO - Setting next_dagrun for example_short_circuit_decorator to 2024-10-31T18:35:22.178442+00:00, run_after=2024-11-01T18:35:22.178442+00:00
[2024-11-01T18:35:22.185+0000] {processor.py:179} INFO - Processing /home/airflow/.local/lib/python3.7/site-packages/airflow/example_dags/example_short_circuit_decorator.py took 0.045 seconds
[2024-11-01T18:35:53.352+0000] {processor.py:157} INFO - Started process (PID=1751) to work on /home/airflow/.local/lib/python3.7/site-packages/airflow/example_dags/example_short_circuit_decorator.py
[2024-11-01T18:35:53.355+0000] {processor.py:826} INFO - Processing file /home/airflow/.local/lib/python3.7/site-packages/airflow/example_dags/example_short_circuit_decorator.py for tasks to queue
[2024-11-01T18:35:53.356+0000] {logging_mixin.py:150} INFO - [2024-11-01T18:35:53.356+0000] {dagbag.py:541} INFO - Filling up the DagBag from /home/airflow/.local/lib/python3.7/site-packages/airflow/example_dags/example_short_circuit_decorator.py
[2024-11-01T18:35:53.378+0000] {processor.py:836} INFO - DAG(s) dict_keys(['example_short_circuit_decorator']) retrieved from /home/airflow/.local/lib/python3.7/site-packages/airflow/example_dags/example_short_circuit_decorator.py
[2024-11-01T18:35:53.411+0000] {logging_mixin.py:150} INFO - [2024-11-01T18:35:53.411+0000] {dag.py:2742} INFO - Sync 1 DAGs
[2024-11-01T18:35:53.429+0000] {logging_mixin.py:150} INFO - [2024-11-01T18:35:53.429+0000] {dag.py:3508} INFO - Setting next_dagrun for example_short_circuit_decorator to 2024-10-31T18:35:53.429298+00:00, run_after=2024-11-01T18:35:53.429298+00:00
[2024-11-01T18:35:53.595+0000] {processor.py:179} INFO - Processing /home/airflow/.local/lib/python3.7/site-packages/airflow/example_dags/example_short_circuit_decorator.py took 0.247 seconds
[2024-11-01T18:36:25.858+0000] {processor.py:157} INFO - Started process (PID=1815) to work on /home/airflow/.local/lib/python3.7/site-packages/airflow/example_dags/example_short_circuit_decorator.py
[2024-11-01T18:36:25.859+0000] {processor.py:826} INFO - Processing file /home/airflow/.local/lib/python3.7/site-packages/airflow/example_dags/example_short_circuit_decorator.py for tasks to queue
[2024-11-01T18:36:25.860+0000] {logging_mixin.py:150} INFO - [2024-11-01T18:36:25.860+0000] {dagbag.py:541} INFO - Filling up the DagBag from /home/airflow/.local/lib/python3.7/site-packages/airflow/example_dags/example_short_circuit_decorator.py
[2024-11-01T18:36:25.867+0000] {processor.py:836} INFO - DAG(s) dict_keys(['example_short_circuit_decorator']) retrieved from /home/airflow/.local/lib/python3.7/site-packages/airflow/example_dags/example_short_circuit_decorator.py
[2024-11-01T18:36:25.883+0000] {logging_mixin.py:150} INFO - [2024-11-01T18:36:25.883+0000] {dag.py:2742} INFO - Sync 1 DAGs
[2024-11-01T18:36:25.897+0000] {logging_mixin.py:150} INFO - [2024-11-01T18:36:25.897+0000] {dag.py:3508} INFO - Setting next_dagrun for example_short_circuit_decorator to 2024-10-31T18:36:25.897205+00:00, run_after=2024-11-01T18:36:25.897205+00:00
[2024-11-01T18:36:25.909+0000] {processor.py:179} INFO - Processing /home/airflow/.local/lib/python3.7/site-packages/airflow/example_dags/example_short_circuit_decorator.py took 0.052 seconds
[2024-11-01T18:36:56.481+0000] {processor.py:157} INFO - Started process (PID=1877) to work on /home/airflow/.local/lib/python3.7/site-packages/airflow/example_dags/example_short_circuit_decorator.py
[2024-11-01T18:36:56.483+0000] {processor.py:826} INFO - Processing file /home/airflow/.local/lib/python3.7/site-packages/airflow/example_dags/example_short_circuit_decorator.py for tasks to queue
[2024-11-01T18:36:56.484+0000] {logging_mixin.py:150} INFO - [2024-11-01T18:36:56.484+0000] {dagbag.py:541} INFO - Filling up the DagBag from /home/airflow/.local/lib/python3.7/site-packages/airflow/example_dags/example_short_circuit_decorator.py
[2024-11-01T18:36:56.492+0000] {processor.py:836} INFO - DAG(s) dict_keys(['example_short_circuit_decorator']) retrieved from /home/airflow/.local/lib/python3.7/site-packages/airflow/example_dags/example_short_circuit_decorator.py
[2024-11-01T18:36:56.506+0000] {logging_mixin.py:150} INFO - [2024-11-01T18:36:56.506+0000] {dag.py:2742} INFO - Sync 1 DAGs
[2024-11-01T18:36:56.523+0000] {logging_mixin.py:150} INFO - [2024-11-01T18:36:56.523+0000] {dag.py:3508} INFO - Setting next_dagrun for example_short_circuit_decorator to 2024-10-31T18:36:56.523723+00:00, run_after=2024-11-01T18:36:56.523723+00:00
[2024-11-01T18:36:56.545+0000] {processor.py:179} INFO - Processing /home/airflow/.local/lib/python3.7/site-packages/airflow/example_dags/example_short_circuit_decorator.py took 0.065 seconds
[2024-11-01T18:37:26.785+0000] {processor.py:157} INFO - Started process (PID=1938) to work on /home/airflow/.local/lib/python3.7/site-packages/airflow/example_dags/example_short_circuit_decorator.py
[2024-11-01T18:37:26.787+0000] {processor.py:826} INFO - Processing file /home/airflow/.local/lib/python3.7/site-packages/airflow/example_dags/example_short_circuit_decorator.py for tasks to queue
[2024-11-01T18:37:26.788+0000] {logging_mixin.py:150} INFO - [2024-11-01T18:37:26.788+0000] {dagbag.py:541} INFO - Filling up the DagBag from /home/airflow/.local/lib/python3.7/site-packages/airflow/example_dags/example_short_circuit_decorator.py
[2024-11-01T18:37:26.795+0000] {processor.py:836} INFO - DAG(s) dict_keys(['example_short_circuit_decorator']) retrieved from /home/airflow/.local/lib/python3.7/site-packages/airflow/example_dags/example_short_circuit_decorator.py
[2024-11-01T18:37:26.811+0000] {logging_mixin.py:150} INFO - [2024-11-01T18:37:26.811+0000] {dag.py:2742} INFO - Sync 1 DAGs
[2024-11-01T18:37:26.824+0000] {logging_mixin.py:150} INFO - [2024-11-01T18:37:26.824+0000] {dag.py:3508} INFO - Setting next_dagrun for example_short_circuit_decorator to 2024-10-31T18:37:26.824271+00:00, run_after=2024-11-01T18:37:26.824271+00:00
[2024-11-01T18:37:26.833+0000] {processor.py:179} INFO - Processing /home/airflow/.local/lib/python3.7/site-packages/airflow/example_dags/example_short_circuit_decorator.py took 0.050 seconds
[2024-11-01T18:38:01.522+0000] {processor.py:157} INFO - Started process (PID=2000) to work on /home/airflow/.local/lib/python3.7/site-packages/airflow/example_dags/example_short_circuit_decorator.py
[2024-11-01T18:38:01.530+0000] {processor.py:826} INFO - Processing file /home/airflow/.local/lib/python3.7/site-packages/airflow/example_dags/example_short_circuit_decorator.py for tasks to queue
[2024-11-01T18:38:01.532+0000] {logging_mixin.py:150} INFO - [2024-11-01T18:38:01.532+0000] {dagbag.py:541} INFO - Filling up the DagBag from /home/airflow/.local/lib/python3.7/site-packages/airflow/example_dags/example_short_circuit_decorator.py
[2024-11-01T18:38:01.551+0000] {processor.py:836} INFO - DAG(s) dict_keys(['example_short_circuit_decorator']) retrieved from /home/airflow/.local/lib/python3.7/site-packages/airflow/example_dags/example_short_circuit_decorator.py
[2024-11-01T18:38:01.648+0000] {logging_mixin.py:150} INFO - [2024-11-01T18:38:01.648+0000] {dag.py:2742} INFO - Sync 1 DAGs
[2024-11-01T18:38:01.690+0000] {logging_mixin.py:150} INFO - [2024-11-01T18:38:01.689+0000] {dag.py:3508} INFO - Setting next_dagrun for example_short_circuit_decorator to 2024-10-31T18:38:01.688512+00:00, run_after=2024-11-01T18:38:01.688512+00:00
[2024-11-01T18:38:01.724+0000] {processor.py:179} INFO - Processing /home/airflow/.local/lib/python3.7/site-packages/airflow/example_dags/example_short_circuit_decorator.py took 0.249 seconds
[2024-11-01T18:38:32.379+0000] {processor.py:157} INFO - Started process (PID=2062) to work on /home/airflow/.local/lib/python3.7/site-packages/airflow/example_dags/example_short_circuit_decorator.py
[2024-11-01T18:38:32.381+0000] {processor.py:826} INFO - Processing file /home/airflow/.local/lib/python3.7/site-packages/airflow/example_dags/example_short_circuit_decorator.py for tasks to queue
[2024-11-01T18:38:32.381+0000] {logging_mixin.py:150} INFO - [2024-11-01T18:38:32.381+0000] {dagbag.py:541} INFO - Filling up the DagBag from /home/airflow/.local/lib/python3.7/site-packages/airflow/example_dags/example_short_circuit_decorator.py
[2024-11-01T18:38:32.390+0000] {processor.py:836} INFO - DAG(s) dict_keys(['example_short_circuit_decorator']) retrieved from /home/airflow/.local/lib/python3.7/site-packages/airflow/example_dags/example_short_circuit_decorator.py
[2024-11-01T18:38:32.410+0000] {logging_mixin.py:150} INFO - [2024-11-01T18:38:32.410+0000] {dag.py:2742} INFO - Sync 1 DAGs
[2024-11-01T18:38:32.427+0000] {logging_mixin.py:150} INFO - [2024-11-01T18:38:32.427+0000] {dag.py:3508} INFO - Setting next_dagrun for example_short_circuit_decorator to 2024-10-31T18:38:32.427211+00:00, run_after=2024-11-01T18:38:32.427211+00:00
[2024-11-01T18:38:32.442+0000] {processor.py:179} INFO - Processing /home/airflow/.local/lib/python3.7/site-packages/airflow/example_dags/example_short_circuit_decorator.py took 0.069 seconds
[2024-11-01T18:39:02.872+0000] {processor.py:157} INFO - Started process (PID=2124) to work on /home/airflow/.local/lib/python3.7/site-packages/airflow/example_dags/example_short_circuit_decorator.py
[2024-11-01T18:39:02.874+0000] {processor.py:826} INFO - Processing file /home/airflow/.local/lib/python3.7/site-packages/airflow/example_dags/example_short_circuit_decorator.py for tasks to queue
[2024-11-01T18:39:02.874+0000] {logging_mixin.py:150} INFO - [2024-11-01T18:39:02.874+0000] {dagbag.py:541} INFO - Filling up the DagBag from /home/airflow/.local/lib/python3.7/site-packages/airflow/example_dags/example_short_circuit_decorator.py
[2024-11-01T18:39:02.883+0000] {processor.py:836} INFO - DAG(s) dict_keys(['example_short_circuit_decorator']) retrieved from /home/airflow/.local/lib/python3.7/site-packages/airflow/example_dags/example_short_circuit_decorator.py
[2024-11-01T18:39:02.899+0000] {logging_mixin.py:150} INFO - [2024-11-01T18:39:02.899+0000] {dag.py:2742} INFO - Sync 1 DAGs
[2024-11-01T18:39:02.918+0000] {logging_mixin.py:150} INFO - [2024-11-01T18:39:02.918+0000] {dag.py:3508} INFO - Setting next_dagrun for example_short_circuit_decorator to 2024-10-31T18:39:02.917945+00:00, run_after=2024-11-01T18:39:02.917945+00:00
[2024-11-01T18:39:02.934+0000] {processor.py:179} INFO - Processing /home/airflow/.local/lib/python3.7/site-packages/airflow/example_dags/example_short_circuit_decorator.py took 0.068 seconds
[2024-11-01T18:39:33.650+0000] {processor.py:157} INFO - Started process (PID=2185) to work on /home/airflow/.local/lib/python3.7/site-packages/airflow/example_dags/example_short_circuit_decorator.py
[2024-11-01T18:39:33.654+0000] {processor.py:826} INFO - Processing file /home/airflow/.local/lib/python3.7/site-packages/airflow/example_dags/example_short_circuit_decorator.py for tasks to queue
[2024-11-01T18:39:33.654+0000] {logging_mixin.py:150} INFO - [2024-11-01T18:39:33.654+0000] {dagbag.py:541} INFO - Filling up the DagBag from /home/airflow/.local/lib/python3.7/site-packages/airflow/example_dags/example_short_circuit_decorator.py
[2024-11-01T18:39:33.661+0000] {processor.py:836} INFO - DAG(s) dict_keys(['example_short_circuit_decorator']) retrieved from /home/airflow/.local/lib/python3.7/site-packages/airflow/example_dags/example_short_circuit_decorator.py
[2024-11-01T18:39:33.680+0000] {logging_mixin.py:150} INFO - [2024-11-01T18:39:33.680+0000] {dag.py:2742} INFO - Sync 1 DAGs
[2024-11-01T18:39:33.695+0000] {logging_mixin.py:150} INFO - [2024-11-01T18:39:33.695+0000] {dag.py:3508} INFO - Setting next_dagrun for example_short_circuit_decorator to 2024-10-31T18:39:33.694880+00:00, run_after=2024-11-01T18:39:33.694880+00:00
[2024-11-01T18:39:33.705+0000] {processor.py:179} INFO - Processing /home/airflow/.local/lib/python3.7/site-packages/airflow/example_dags/example_short_circuit_decorator.py took 0.063 seconds
[2024-11-01T18:40:03.942+0000] {processor.py:157} INFO - Started process (PID=2247) to work on /home/airflow/.local/lib/python3.7/site-packages/airflow/example_dags/example_short_circuit_decorator.py
[2024-11-01T18:40:03.945+0000] {processor.py:826} INFO - Processing file /home/airflow/.local/lib/python3.7/site-packages/airflow/example_dags/example_short_circuit_decorator.py for tasks to queue
[2024-11-01T18:40:03.946+0000] {logging_mixin.py:150} INFO - [2024-11-01T18:40:03.945+0000] {dagbag.py:541} INFO - Filling up the DagBag from /home/airflow/.local/lib/python3.7/site-packages/airflow/example_dags/example_short_circuit_decorator.py
[2024-11-01T18:40:03.958+0000] {processor.py:836} INFO - DAG(s) dict_keys(['example_short_circuit_decorator']) retrieved from /home/airflow/.local/lib/python3.7/site-packages/airflow/example_dags/example_short_circuit_decorator.py
[2024-11-01T18:40:03.974+0000] {logging_mixin.py:150} INFO - [2024-11-01T18:40:03.974+0000] {dag.py:2742} INFO - Sync 1 DAGs
[2024-11-01T18:40:03.989+0000] {logging_mixin.py:150} INFO - [2024-11-01T18:40:03.989+0000] {dag.py:3508} INFO - Setting next_dagrun for example_short_circuit_decorator to 2024-10-31T18:40:03.989467+00:00, run_after=2024-11-01T18:40:03.989467+00:00
[2024-11-01T18:40:04.001+0000] {processor.py:179} INFO - Processing /home/airflow/.local/lib/python3.7/site-packages/airflow/example_dags/example_short_circuit_decorator.py took 0.068 seconds
[2024-11-01T18:40:34.586+0000] {processor.py:157} INFO - Started process (PID=2309) to work on /home/airflow/.local/lib/python3.7/site-packages/airflow/example_dags/example_short_circuit_decorator.py
[2024-11-01T18:40:34.587+0000] {processor.py:826} INFO - Processing file /home/airflow/.local/lib/python3.7/site-packages/airflow/example_dags/example_short_circuit_decorator.py for tasks to queue
[2024-11-01T18:40:34.588+0000] {logging_mixin.py:150} INFO - [2024-11-01T18:40:34.587+0000] {dagbag.py:541} INFO - Filling up the DagBag from /home/airflow/.local/lib/python3.7/site-packages/airflow/example_dags/example_short_circuit_decorator.py
[2024-11-01T18:40:34.594+0000] {processor.py:836} INFO - DAG(s) dict_keys(['example_short_circuit_decorator']) retrieved from /home/airflow/.local/lib/python3.7/site-packages/airflow/example_dags/example_short_circuit_decorator.py
[2024-11-01T18:40:34.610+0000] {logging_mixin.py:150} INFO - [2024-11-01T18:40:34.609+0000] {dag.py:2742} INFO - Sync 1 DAGs
[2024-11-01T18:40:34.624+0000] {logging_mixin.py:150} INFO - [2024-11-01T18:40:34.624+0000] {dag.py:3508} INFO - Setting next_dagrun for example_short_circuit_decorator to 2024-10-31T18:40:34.624292+00:00, run_after=2024-11-01T18:40:34.624292+00:00
[2024-11-01T18:40:34.634+0000] {processor.py:179} INFO - Processing /home/airflow/.local/lib/python3.7/site-packages/airflow/example_dags/example_short_circuit_decorator.py took 0.051 seconds
[2024-11-01T18:41:05.105+0000] {processor.py:157} INFO - Started process (PID=2371) to work on /home/airflow/.local/lib/python3.7/site-packages/airflow/example_dags/example_short_circuit_decorator.py
[2024-11-01T18:41:05.106+0000] {processor.py:826} INFO - Processing file /home/airflow/.local/lib/python3.7/site-packages/airflow/example_dags/example_short_circuit_decorator.py for tasks to queue
[2024-11-01T18:41:05.107+0000] {logging_mixin.py:150} INFO - [2024-11-01T18:41:05.107+0000] {dagbag.py:541} INFO - Filling up the DagBag from /home/airflow/.local/lib/python3.7/site-packages/airflow/example_dags/example_short_circuit_decorator.py
[2024-11-01T18:41:05.115+0000] {processor.py:836} INFO - DAG(s) dict_keys(['example_short_circuit_decorator']) retrieved from /home/airflow/.local/lib/python3.7/site-packages/airflow/example_dags/example_short_circuit_decorator.py
[2024-11-01T18:41:05.133+0000] {logging_mixin.py:150} INFO - [2024-11-01T18:41:05.133+0000] {dag.py:2742} INFO - Sync 1 DAGs
[2024-11-01T18:41:05.148+0000] {logging_mixin.py:150} INFO - [2024-11-01T18:41:05.148+0000] {dag.py:3508} INFO - Setting next_dagrun for example_short_circuit_decorator to 2024-10-31T18:41:05.148451+00:00, run_after=2024-11-01T18:41:05.148451+00:00
[2024-11-01T18:41:05.157+0000] {processor.py:179} INFO - Processing /home/airflow/.local/lib/python3.7/site-packages/airflow/example_dags/example_short_circuit_decorator.py took 0.065 seconds
[2024-11-01T18:41:36.169+0000] {processor.py:157} INFO - Started process (PID=2433) to work on /home/airflow/.local/lib/python3.7/site-packages/airflow/example_dags/example_short_circuit_decorator.py
[2024-11-01T18:41:36.171+0000] {processor.py:826} INFO - Processing file /home/airflow/.local/lib/python3.7/site-packages/airflow/example_dags/example_short_circuit_decorator.py for tasks to queue
[2024-11-01T18:41:36.172+0000] {logging_mixin.py:150} INFO - [2024-11-01T18:41:36.172+0000] {dagbag.py:541} INFO - Filling up the DagBag from /home/airflow/.local/lib/python3.7/site-packages/airflow/example_dags/example_short_circuit_decorator.py
[2024-11-01T18:41:36.179+0000] {processor.py:836} INFO - DAG(s) dict_keys(['example_short_circuit_decorator']) retrieved from /home/airflow/.local/lib/python3.7/site-packages/airflow/example_dags/example_short_circuit_decorator.py
[2024-11-01T18:41:36.198+0000] {logging_mixin.py:150} INFO - [2024-11-01T18:41:36.198+0000] {dag.py:2742} INFO - Sync 1 DAGs
[2024-11-01T18:41:36.213+0000] {logging_mixin.py:150} INFO - [2024-11-01T18:41:36.213+0000] {dag.py:3508} INFO - Setting next_dagrun for example_short_circuit_decorator to 2024-10-31T18:41:36.212743+00:00, run_after=2024-11-01T18:41:36.212743+00:00
[2024-11-01T18:41:36.232+0000] {processor.py:179} INFO - Processing /home/airflow/.local/lib/python3.7/site-packages/airflow/example_dags/example_short_circuit_decorator.py took 0.065 seconds
[2024-11-01T18:42:07.374+0000] {processor.py:157} INFO - Started process (PID=2495) to work on /home/airflow/.local/lib/python3.7/site-packages/airflow/example_dags/example_short_circuit_decorator.py
[2024-11-01T18:42:07.377+0000] {processor.py:826} INFO - Processing file /home/airflow/.local/lib/python3.7/site-packages/airflow/example_dags/example_short_circuit_decorator.py for tasks to queue
[2024-11-01T18:42:07.378+0000] {logging_mixin.py:150} INFO - [2024-11-01T18:42:07.378+0000] {dagbag.py:541} INFO - Filling up the DagBag from /home/airflow/.local/lib/python3.7/site-packages/airflow/example_dags/example_short_circuit_decorator.py
[2024-11-01T18:42:07.385+0000] {processor.py:836} INFO - DAG(s) dict_keys(['example_short_circuit_decorator']) retrieved from /home/airflow/.local/lib/python3.7/site-packages/airflow/example_dags/example_short_circuit_decorator.py
[2024-11-01T18:42:07.405+0000] {logging_mixin.py:150} INFO - [2024-11-01T18:42:07.405+0000] {dag.py:2742} INFO - Sync 1 DAGs
[2024-11-01T18:42:07.431+0000] {logging_mixin.py:150} INFO - [2024-11-01T18:42:07.431+0000] {dag.py:3508} INFO - Setting next_dagrun for example_short_circuit_decorator to 2024-10-31T18:42:07.431398+00:00, run_after=2024-11-01T18:42:07.431398+00:00
[2024-11-01T18:42:07.442+0000] {processor.py:179} INFO - Processing /home/airflow/.local/lib/python3.7/site-packages/airflow/example_dags/example_short_circuit_decorator.py took 0.070 seconds
[2024-11-01T18:42:37.994+0000] {processor.py:157} INFO - Started process (PID=2557) to work on /home/airflow/.local/lib/python3.7/site-packages/airflow/example_dags/example_short_circuit_decorator.py
[2024-11-01T18:42:37.998+0000] {processor.py:826} INFO - Processing file /home/airflow/.local/lib/python3.7/site-packages/airflow/example_dags/example_short_circuit_decorator.py for tasks to queue
[2024-11-01T18:42:38.001+0000] {logging_mixin.py:150} INFO - [2024-11-01T18:42:38.000+0000] {dagbag.py:541} INFO - Filling up the DagBag from /home/airflow/.local/lib/python3.7/site-packages/airflow/example_dags/example_short_circuit_decorator.py
[2024-11-01T18:42:38.012+0000] {processor.py:836} INFO - DAG(s) dict_keys(['example_short_circuit_decorator']) retrieved from /home/airflow/.local/lib/python3.7/site-packages/airflow/example_dags/example_short_circuit_decorator.py
[2024-11-01T18:42:38.032+0000] {logging_mixin.py:150} INFO - [2024-11-01T18:42:38.032+0000] {dag.py:2742} INFO - Sync 1 DAGs
[2024-11-01T18:42:38.045+0000] {logging_mixin.py:150} INFO - [2024-11-01T18:42:38.045+0000] {dag.py:3508} INFO - Setting next_dagrun for example_short_circuit_decorator to 2024-10-31T18:42:38.045377+00:00, run_after=2024-11-01T18:42:38.045377+00:00
[2024-11-01T18:42:38.056+0000] {processor.py:179} INFO - Processing /home/airflow/.local/lib/python3.7/site-packages/airflow/example_dags/example_short_circuit_decorator.py took 0.066 seconds
[2024-11-01T18:43:11.210+0000] {processor.py:157} INFO - Started process (PID=2610) to work on /home/airflow/.local/lib/python3.7/site-packages/airflow/example_dags/example_short_circuit_decorator.py
[2024-11-01T18:43:11.213+0000] {processor.py:826} INFO - Processing file /home/airflow/.local/lib/python3.7/site-packages/airflow/example_dags/example_short_circuit_decorator.py for tasks to queue
[2024-11-01T18:43:11.215+0000] {logging_mixin.py:150} INFO - [2024-11-01T18:43:11.214+0000] {dagbag.py:541} INFO - Filling up the DagBag from /home/airflow/.local/lib/python3.7/site-packages/airflow/example_dags/example_short_circuit_decorator.py
[2024-11-01T18:43:11.222+0000] {processor.py:836} INFO - DAG(s) dict_keys(['example_short_circuit_decorator']) retrieved from /home/airflow/.local/lib/python3.7/site-packages/airflow/example_dags/example_short_circuit_decorator.py
[2024-11-01T18:43:11.256+0000] {logging_mixin.py:150} INFO - [2024-11-01T18:43:11.256+0000] {dag.py:2742} INFO - Sync 1 DAGs
[2024-11-01T18:43:11.279+0000] {logging_mixin.py:150} INFO - [2024-11-01T18:43:11.279+0000] {dag.py:3508} INFO - Setting next_dagrun for example_short_circuit_decorator to 2024-10-31T18:43:11.279125+00:00, run_after=2024-11-01T18:43:11.279125+00:00
[2024-11-01T18:43:11.310+0000] {processor.py:179} INFO - Processing /home/airflow/.local/lib/python3.7/site-packages/airflow/example_dags/example_short_circuit_decorator.py took 0.103 seconds
[2024-11-01T18:43:41.924+0000] {processor.py:157} INFO - Started process (PID=2679) to work on /home/airflow/.local/lib/python3.7/site-packages/airflow/example_dags/example_short_circuit_decorator.py
[2024-11-01T18:43:41.925+0000] {processor.py:826} INFO - Processing file /home/airflow/.local/lib/python3.7/site-packages/airflow/example_dags/example_short_circuit_decorator.py for tasks to queue
[2024-11-01T18:43:41.925+0000] {logging_mixin.py:150} INFO - [2024-11-01T18:43:41.925+0000] {dagbag.py:541} INFO - Filling up the DagBag from /home/airflow/.local/lib/python3.7/site-packages/airflow/example_dags/example_short_circuit_decorator.py
[2024-11-01T18:43:41.930+0000] {processor.py:836} INFO - DAG(s) dict_keys(['example_short_circuit_decorator']) retrieved from /home/airflow/.local/lib/python3.7/site-packages/airflow/example_dags/example_short_circuit_decorator.py
[2024-11-01T18:43:41.944+0000] {logging_mixin.py:150} INFO - [2024-11-01T18:43:41.944+0000] {dag.py:2742} INFO - Sync 1 DAGs
[2024-11-01T18:43:41.957+0000] {logging_mixin.py:150} INFO - [2024-11-01T18:43:41.957+0000] {dag.py:3508} INFO - Setting next_dagrun for example_short_circuit_decorator to 2024-10-31T18:43:41.957188+00:00, run_after=2024-11-01T18:43:41.957188+00:00
[2024-11-01T18:43:41.968+0000] {processor.py:179} INFO - Processing /home/airflow/.local/lib/python3.7/site-packages/airflow/example_dags/example_short_circuit_decorator.py took 0.046 seconds
[2024-11-01T18:44:12.205+0000] {processor.py:157} INFO - Started process (PID=2741) to work on /home/airflow/.local/lib/python3.7/site-packages/airflow/example_dags/example_short_circuit_decorator.py
[2024-11-01T18:44:12.207+0000] {processor.py:826} INFO - Processing file /home/airflow/.local/lib/python3.7/site-packages/airflow/example_dags/example_short_circuit_decorator.py for tasks to queue
[2024-11-01T18:44:12.208+0000] {logging_mixin.py:150} INFO - [2024-11-01T18:44:12.208+0000] {dagbag.py:541} INFO - Filling up the DagBag from /home/airflow/.local/lib/python3.7/site-packages/airflow/example_dags/example_short_circuit_decorator.py
[2024-11-01T18:44:12.220+0000] {processor.py:836} INFO - DAG(s) dict_keys(['example_short_circuit_decorator']) retrieved from /home/airflow/.local/lib/python3.7/site-packages/airflow/example_dags/example_short_circuit_decorator.py
[2024-11-01T18:44:12.241+0000] {logging_mixin.py:150} INFO - [2024-11-01T18:44:12.241+0000] {dag.py:2742} INFO - Sync 1 DAGs
[2024-11-01T18:44:12.257+0000] {logging_mixin.py:150} INFO - [2024-11-01T18:44:12.257+0000] {dag.py:3508} INFO - Setting next_dagrun for example_short_circuit_decorator to 2024-10-31T18:44:12.257520+00:00, run_after=2024-11-01T18:44:12.257520+00:00
[2024-11-01T18:44:12.271+0000] {processor.py:179} INFO - Processing /home/airflow/.local/lib/python3.7/site-packages/airflow/example_dags/example_short_circuit_decorator.py took 0.071 seconds
[2024-11-01T18:44:42.417+0000] {processor.py:157} INFO - Started process (PID=2803) to work on /home/airflow/.local/lib/python3.7/site-packages/airflow/example_dags/example_short_circuit_decorator.py
[2024-11-01T18:44:42.418+0000] {processor.py:826} INFO - Processing file /home/airflow/.local/lib/python3.7/site-packages/airflow/example_dags/example_short_circuit_decorator.py for tasks to queue
[2024-11-01T18:44:42.419+0000] {logging_mixin.py:150} INFO - [2024-11-01T18:44:42.419+0000] {dagbag.py:541} INFO - Filling up the DagBag from /home/airflow/.local/lib/python3.7/site-packages/airflow/example_dags/example_short_circuit_decorator.py
[2024-11-01T18:44:42.424+0000] {processor.py:836} INFO - DAG(s) dict_keys(['example_short_circuit_decorator']) retrieved from /home/airflow/.local/lib/python3.7/site-packages/airflow/example_dags/example_short_circuit_decorator.py
[2024-11-01T18:44:42.441+0000] {logging_mixin.py:150} INFO - [2024-11-01T18:44:42.440+0000] {dag.py:2742} INFO - Sync 1 DAGs
[2024-11-01T18:44:42.452+0000] {logging_mixin.py:150} INFO - [2024-11-01T18:44:42.452+0000] {dag.py:3508} INFO - Setting next_dagrun for example_short_circuit_decorator to 2024-10-31T18:44:42.452666+00:00, run_after=2024-11-01T18:44:42.452666+00:00
[2024-11-01T18:44:42.461+0000] {processor.py:179} INFO - Processing /home/airflow/.local/lib/python3.7/site-packages/airflow/example_dags/example_short_circuit_decorator.py took 0.047 seconds
[2024-11-01T18:45:12.762+0000] {processor.py:157} INFO - Started process (PID=2861) to work on /home/airflow/.local/lib/python3.7/site-packages/airflow/example_dags/example_short_circuit_decorator.py
[2024-11-01T18:45:12.765+0000] {processor.py:826} INFO - Processing file /home/airflow/.local/lib/python3.7/site-packages/airflow/example_dags/example_short_circuit_decorator.py for tasks to queue
[2024-11-01T18:45:12.766+0000] {logging_mixin.py:150} INFO - [2024-11-01T18:45:12.766+0000] {dagbag.py:541} INFO - Filling up the DagBag from /home/airflow/.local/lib/python3.7/site-packages/airflow/example_dags/example_short_circuit_decorator.py
[2024-11-01T18:45:12.775+0000] {processor.py:836} INFO - DAG(s) dict_keys(['example_short_circuit_decorator']) retrieved from /home/airflow/.local/lib/python3.7/site-packages/airflow/example_dags/example_short_circuit_decorator.py
[2024-11-01T18:45:12.799+0000] {logging_mixin.py:150} INFO - [2024-11-01T18:45:12.799+0000] {dag.py:2742} INFO - Sync 1 DAGs
[2024-11-01T18:45:12.815+0000] {logging_mixin.py:150} INFO - [2024-11-01T18:45:12.815+0000] {dag.py:3508} INFO - Setting next_dagrun for example_short_circuit_decorator to 2024-10-31T18:45:12.815511+00:00, run_after=2024-11-01T18:45:12.815511+00:00
[2024-11-01T18:45:12.830+0000] {processor.py:179} INFO - Processing /home/airflow/.local/lib/python3.7/site-packages/airflow/example_dags/example_short_circuit_decorator.py took 0.071 seconds
[2024-11-01T18:45:43.524+0000] {processor.py:157} INFO - Started process (PID=2923) to work on /home/airflow/.local/lib/python3.7/site-packages/airflow/example_dags/example_short_circuit_decorator.py
[2024-11-01T18:45:43.525+0000] {processor.py:826} INFO - Processing file /home/airflow/.local/lib/python3.7/site-packages/airflow/example_dags/example_short_circuit_decorator.py for tasks to queue
[2024-11-01T18:45:43.526+0000] {logging_mixin.py:150} INFO - [2024-11-01T18:45:43.526+0000] {dagbag.py:541} INFO - Filling up the DagBag from /home/airflow/.local/lib/python3.7/site-packages/airflow/example_dags/example_short_circuit_decorator.py
[2024-11-01T18:45:43.535+0000] {processor.py:836} INFO - DAG(s) dict_keys(['example_short_circuit_decorator']) retrieved from /home/airflow/.local/lib/python3.7/site-packages/airflow/example_dags/example_short_circuit_decorator.py
[2024-11-01T18:45:43.549+0000] {logging_mixin.py:150} INFO - [2024-11-01T18:45:43.549+0000] {dag.py:2742} INFO - Sync 1 DAGs
[2024-11-01T18:45:43.562+0000] {logging_mixin.py:150} INFO - [2024-11-01T18:45:43.562+0000] {dag.py:3508} INFO - Setting next_dagrun for example_short_circuit_decorator to 2024-10-31T18:45:43.562076+00:00, run_after=2024-11-01T18:45:43.562076+00:00
[2024-11-01T18:45:43.570+0000] {processor.py:179} INFO - Processing /home/airflow/.local/lib/python3.7/site-packages/airflow/example_dags/example_short_circuit_decorator.py took 0.049 seconds
[2024-11-01T18:46:14.269+0000] {processor.py:157} INFO - Started process (PID=2983) to work on /home/airflow/.local/lib/python3.7/site-packages/airflow/example_dags/example_short_circuit_decorator.py
[2024-11-01T18:46:14.269+0000] {processor.py:826} INFO - Processing file /home/airflow/.local/lib/python3.7/site-packages/airflow/example_dags/example_short_circuit_decorator.py for tasks to queue
[2024-11-01T18:46:14.270+0000] {logging_mixin.py:150} INFO - [2024-11-01T18:46:14.270+0000] {dagbag.py:541} INFO - Filling up the DagBag from /home/airflow/.local/lib/python3.7/site-packages/airflow/example_dags/example_short_circuit_decorator.py
[2024-11-01T18:46:14.275+0000] {processor.py:836} INFO - DAG(s) dict_keys(['example_short_circuit_decorator']) retrieved from /home/airflow/.local/lib/python3.7/site-packages/airflow/example_dags/example_short_circuit_decorator.py
[2024-11-01T18:46:14.303+0000] {logging_mixin.py:150} INFO - [2024-11-01T18:46:14.302+0000] {dag.py:2742} INFO - Sync 1 DAGs
[2024-11-01T18:46:14.318+0000] {logging_mixin.py:150} INFO - [2024-11-01T18:46:14.318+0000] {dag.py:3508} INFO - Setting next_dagrun for example_short_circuit_decorator to 2024-10-31T18:46:14.318212+00:00, run_after=2024-11-01T18:46:14.318212+00:00
[2024-11-01T18:46:14.329+0000] {processor.py:179} INFO - Processing /home/airflow/.local/lib/python3.7/site-packages/airflow/example_dags/example_short_circuit_decorator.py took 0.062 seconds
[2024-11-01T18:46:45.634+0000] {processor.py:157} INFO - Started process (PID=3045) to work on /home/airflow/.local/lib/python3.7/site-packages/airflow/example_dags/example_short_circuit_decorator.py
[2024-11-01T18:46:45.636+0000] {processor.py:826} INFO - Processing file /home/airflow/.local/lib/python3.7/site-packages/airflow/example_dags/example_short_circuit_decorator.py for tasks to queue
[2024-11-01T18:46:45.636+0000] {logging_mixin.py:150} INFO - [2024-11-01T18:46:45.636+0000] {dagbag.py:541} INFO - Filling up the DagBag from /home/airflow/.local/lib/python3.7/site-packages/airflow/example_dags/example_short_circuit_decorator.py
[2024-11-01T18:46:45.645+0000] {processor.py:836} INFO - DAG(s) dict_keys(['example_short_circuit_decorator']) retrieved from /home/airflow/.local/lib/python3.7/site-packages/airflow/example_dags/example_short_circuit_decorator.py
[2024-11-01T18:46:45.698+0000] {logging_mixin.py:150} INFO - [2024-11-01T18:46:45.697+0000] {dag.py:2742} INFO - Sync 1 DAGs
[2024-11-01T18:46:45.732+0000] {logging_mixin.py:150} INFO - [2024-11-01T18:46:45.732+0000] {dag.py:3508} INFO - Setting next_dagrun for example_short_circuit_decorator to 2024-10-31T18:46:45.731666+00:00, run_after=2024-11-01T18:46:45.731666+00:00
[2024-11-01T18:46:46.092+0000] {processor.py:179} INFO - Processing /home/airflow/.local/lib/python3.7/site-packages/airflow/example_dags/example_short_circuit_decorator.py took 0.463 seconds
[2024-11-01T18:47:16.710+0000] {processor.py:157} INFO - Started process (PID=3107) to work on /home/airflow/.local/lib/python3.7/site-packages/airflow/example_dags/example_short_circuit_decorator.py
[2024-11-01T18:47:16.711+0000] {processor.py:826} INFO - Processing file /home/airflow/.local/lib/python3.7/site-packages/airflow/example_dags/example_short_circuit_decorator.py for tasks to queue
[2024-11-01T18:47:16.712+0000] {logging_mixin.py:150} INFO - [2024-11-01T18:47:16.712+0000] {dagbag.py:541} INFO - Filling up the DagBag from /home/airflow/.local/lib/python3.7/site-packages/airflow/example_dags/example_short_circuit_decorator.py
[2024-11-01T18:47:16.721+0000] {processor.py:836} INFO - DAG(s) dict_keys(['example_short_circuit_decorator']) retrieved from /home/airflow/.local/lib/python3.7/site-packages/airflow/example_dags/example_short_circuit_decorator.py
[2024-11-01T18:47:16.739+0000] {logging_mixin.py:150} INFO - [2024-11-01T18:47:16.739+0000] {dag.py:2742} INFO - Sync 1 DAGs
[2024-11-01T18:47:16.752+0000] {logging_mixin.py:150} INFO - [2024-11-01T18:47:16.752+0000] {dag.py:3508} INFO - Setting next_dagrun for example_short_circuit_decorator to 2024-10-31T18:47:16.752020+00:00, run_after=2024-11-01T18:47:16.752020+00:00
[2024-11-01T18:47:16.760+0000] {processor.py:179} INFO - Processing /home/airflow/.local/lib/python3.7/site-packages/airflow/example_dags/example_short_circuit_decorator.py took 0.055 seconds
[2024-11-01T18:47:47.048+0000] {processor.py:157} INFO - Started process (PID=3170) to work on /home/airflow/.local/lib/python3.7/site-packages/airflow/example_dags/example_short_circuit_decorator.py
[2024-11-01T18:47:47.049+0000] {processor.py:826} INFO - Processing file /home/airflow/.local/lib/python3.7/site-packages/airflow/example_dags/example_short_circuit_decorator.py for tasks to queue
[2024-11-01T18:47:47.049+0000] {logging_mixin.py:150} INFO - [2024-11-01T18:47:47.049+0000] {dagbag.py:541} INFO - Filling up the DagBag from /home/airflow/.local/lib/python3.7/site-packages/airflow/example_dags/example_short_circuit_decorator.py
[2024-11-01T18:47:47.056+0000] {processor.py:836} INFO - DAG(s) dict_keys(['example_short_circuit_decorator']) retrieved from /home/airflow/.local/lib/python3.7/site-packages/airflow/example_dags/example_short_circuit_decorator.py
[2024-11-01T18:47:47.071+0000] {logging_mixin.py:150} INFO - [2024-11-01T18:47:47.070+0000] {dag.py:2742} INFO - Sync 1 DAGs
[2024-11-01T18:47:47.098+0000] {logging_mixin.py:150} INFO - [2024-11-01T18:47:47.098+0000] {dag.py:3508} INFO - Setting next_dagrun for example_short_circuit_decorator to 2024-10-31T18:47:47.098033+00:00, run_after=2024-11-01T18:47:47.098033+00:00
[2024-11-01T18:47:47.116+0000] {processor.py:179} INFO - Processing /home/airflow/.local/lib/python3.7/site-packages/airflow/example_dags/example_short_circuit_decorator.py took 0.069 seconds
[2024-11-01T18:48:17.560+0000] {processor.py:157} INFO - Started process (PID=3232) to work on /home/airflow/.local/lib/python3.7/site-packages/airflow/example_dags/example_short_circuit_decorator.py
[2024-11-01T18:48:17.564+0000] {processor.py:826} INFO - Processing file /home/airflow/.local/lib/python3.7/site-packages/airflow/example_dags/example_short_circuit_decorator.py for tasks to queue
[2024-11-01T18:48:17.568+0000] {logging_mixin.py:150} INFO - [2024-11-01T18:48:17.568+0000] {dagbag.py:541} INFO - Filling up the DagBag from /home/airflow/.local/lib/python3.7/site-packages/airflow/example_dags/example_short_circuit_decorator.py
[2024-11-01T18:48:17.593+0000] {processor.py:836} INFO - DAG(s) dict_keys(['example_short_circuit_decorator']) retrieved from /home/airflow/.local/lib/python3.7/site-packages/airflow/example_dags/example_short_circuit_decorator.py
[2024-11-01T18:48:17.612+0000] {logging_mixin.py:150} INFO - [2024-11-01T18:48:17.612+0000] {dag.py:2742} INFO - Sync 1 DAGs
[2024-11-01T18:48:17.631+0000] {logging_mixin.py:150} INFO - [2024-11-01T18:48:17.631+0000] {dag.py:3508} INFO - Setting next_dagrun for example_short_circuit_decorator to 2024-10-31T18:48:17.631011+00:00, run_after=2024-11-01T18:48:17.631011+00:00
[2024-11-01T18:48:17.640+0000] {processor.py:179} INFO - Processing /home/airflow/.local/lib/python3.7/site-packages/airflow/example_dags/example_short_circuit_decorator.py took 0.101 seconds
[2024-11-01T18:48:48.510+0000] {processor.py:157} INFO - Started process (PID=3294) to work on /home/airflow/.local/lib/python3.7/site-packages/airflow/example_dags/example_short_circuit_decorator.py
[2024-11-01T18:48:48.511+0000] {processor.py:826} INFO - Processing file /home/airflow/.local/lib/python3.7/site-packages/airflow/example_dags/example_short_circuit_decorator.py for tasks to queue
[2024-11-01T18:48:48.512+0000] {logging_mixin.py:150} INFO - [2024-11-01T18:48:48.512+0000] {dagbag.py:541} INFO - Filling up the DagBag from /home/airflow/.local/lib/python3.7/site-packages/airflow/example_dags/example_short_circuit_decorator.py
[2024-11-01T18:48:48.522+0000] {processor.py:836} INFO - DAG(s) dict_keys(['example_short_circuit_decorator']) retrieved from /home/airflow/.local/lib/python3.7/site-packages/airflow/example_dags/example_short_circuit_decorator.py
[2024-11-01T18:48:48.552+0000] {logging_mixin.py:150} INFO - [2024-11-01T18:48:48.551+0000] {dag.py:2742} INFO - Sync 1 DAGs
[2024-11-01T18:48:48.586+0000] {logging_mixin.py:150} INFO - [2024-11-01T18:48:48.586+0000] {dag.py:3508} INFO - Setting next_dagrun for example_short_circuit_decorator to 2024-10-31T18:48:48.586251+00:00, run_after=2024-11-01T18:48:48.586251+00:00
[2024-11-01T18:48:48.596+0000] {processor.py:179} INFO - Processing /home/airflow/.local/lib/python3.7/site-packages/airflow/example_dags/example_short_circuit_decorator.py took 0.101 seconds
[2024-11-01T18:49:20.423+0000] {processor.py:157} INFO - Started process (PID=3356) to work on /home/airflow/.local/lib/python3.7/site-packages/airflow/example_dags/example_short_circuit_decorator.py
[2024-11-01T18:49:20.424+0000] {processor.py:826} INFO - Processing file /home/airflow/.local/lib/python3.7/site-packages/airflow/example_dags/example_short_circuit_decorator.py for tasks to queue
[2024-11-01T18:49:20.428+0000] {logging_mixin.py:150} INFO - [2024-11-01T18:49:20.428+0000] {dagbag.py:541} INFO - Filling up the DagBag from /home/airflow/.local/lib/python3.7/site-packages/airflow/example_dags/example_short_circuit_decorator.py
[2024-11-01T18:49:20.436+0000] {processor.py:836} INFO - DAG(s) dict_keys(['example_short_circuit_decorator']) retrieved from /home/airflow/.local/lib/python3.7/site-packages/airflow/example_dags/example_short_circuit_decorator.py
[2024-11-01T18:49:20.457+0000] {logging_mixin.py:150} INFO - [2024-11-01T18:49:20.456+0000] {dag.py:2742} INFO - Sync 1 DAGs
[2024-11-01T18:49:20.480+0000] {logging_mixin.py:150} INFO - [2024-11-01T18:49:20.480+0000] {dag.py:3508} INFO - Setting next_dagrun for example_short_circuit_decorator to 2024-10-31T18:49:20.480567+00:00, run_after=2024-11-01T18:49:20.480567+00:00
[2024-11-01T18:49:20.492+0000] {processor.py:179} INFO - Processing /home/airflow/.local/lib/python3.7/site-packages/airflow/example_dags/example_short_circuit_decorator.py took 0.079 seconds
[2024-11-01T18:49:50.910+0000] {processor.py:157} INFO - Started process (PID=3418) to work on /home/airflow/.local/lib/python3.7/site-packages/airflow/example_dags/example_short_circuit_decorator.py
[2024-11-01T18:49:50.912+0000] {processor.py:826} INFO - Processing file /home/airflow/.local/lib/python3.7/site-packages/airflow/example_dags/example_short_circuit_decorator.py for tasks to queue
[2024-11-01T18:49:50.916+0000] {logging_mixin.py:150} INFO - [2024-11-01T18:49:50.915+0000] {dagbag.py:541} INFO - Filling up the DagBag from /home/airflow/.local/lib/python3.7/site-packages/airflow/example_dags/example_short_circuit_decorator.py
[2024-11-01T18:49:50.922+0000] {processor.py:836} INFO - DAG(s) dict_keys(['example_short_circuit_decorator']) retrieved from /home/airflow/.local/lib/python3.7/site-packages/airflow/example_dags/example_short_circuit_decorator.py
[2024-11-01T18:49:50.942+0000] {logging_mixin.py:150} INFO - [2024-11-01T18:49:50.942+0000] {dag.py:2742} INFO - Sync 1 DAGs
[2024-11-01T18:49:50.961+0000] {logging_mixin.py:150} INFO - [2024-11-01T18:49:50.961+0000] {dag.py:3508} INFO - Setting next_dagrun for example_short_circuit_decorator to 2024-10-31T18:49:50.961113+00:00, run_after=2024-11-01T18:49:50.961113+00:00
[2024-11-01T18:49:50.986+0000] {processor.py:179} INFO - Processing /home/airflow/.local/lib/python3.7/site-packages/airflow/example_dags/example_short_circuit_decorator.py took 0.080 seconds
[2024-11-01T18:50:21.553+0000] {processor.py:157} INFO - Started process (PID=3480) to work on /home/airflow/.local/lib/python3.7/site-packages/airflow/example_dags/example_short_circuit_decorator.py
[2024-11-01T18:50:21.558+0000] {processor.py:826} INFO - Processing file /home/airflow/.local/lib/python3.7/site-packages/airflow/example_dags/example_short_circuit_decorator.py for tasks to queue
[2024-11-01T18:50:21.558+0000] {logging_mixin.py:150} INFO - [2024-11-01T18:50:21.558+0000] {dagbag.py:541} INFO - Filling up the DagBag from /home/airflow/.local/lib/python3.7/site-packages/airflow/example_dags/example_short_circuit_decorator.py
[2024-11-01T18:50:21.565+0000] {processor.py:836} INFO - DAG(s) dict_keys(['example_short_circuit_decorator']) retrieved from /home/airflow/.local/lib/python3.7/site-packages/airflow/example_dags/example_short_circuit_decorator.py
[2024-11-01T18:50:21.586+0000] {logging_mixin.py:150} INFO - [2024-11-01T18:50:21.586+0000] {dag.py:2742} INFO - Sync 1 DAGs
[2024-11-01T18:50:21.609+0000] {logging_mixin.py:150} INFO - [2024-11-01T18:50:21.608+0000] {dag.py:3508} INFO - Setting next_dagrun for example_short_circuit_decorator to 2024-10-31T18:50:21.608300+00:00, run_after=2024-11-01T18:50:21.608300+00:00
[2024-11-01T18:50:21.622+0000] {processor.py:179} INFO - Processing /home/airflow/.local/lib/python3.7/site-packages/airflow/example_dags/example_short_circuit_decorator.py took 0.070 seconds
[2024-11-01T18:50:52.516+0000] {processor.py:157} INFO - Started process (PID=3542) to work on /home/airflow/.local/lib/python3.7/site-packages/airflow/example_dags/example_short_circuit_decorator.py
[2024-11-01T18:50:52.518+0000] {processor.py:826} INFO - Processing file /home/airflow/.local/lib/python3.7/site-packages/airflow/example_dags/example_short_circuit_decorator.py for tasks to queue
[2024-11-01T18:50:52.519+0000] {logging_mixin.py:150} INFO - [2024-11-01T18:50:52.519+0000] {dagbag.py:541} INFO - Filling up the DagBag from /home/airflow/.local/lib/python3.7/site-packages/airflow/example_dags/example_short_circuit_decorator.py
[2024-11-01T18:50:52.525+0000] {processor.py:836} INFO - DAG(s) dict_keys(['example_short_circuit_decorator']) retrieved from /home/airflow/.local/lib/python3.7/site-packages/airflow/example_dags/example_short_circuit_decorator.py
[2024-11-01T18:50:52.542+0000] {logging_mixin.py:150} INFO - [2024-11-01T18:50:52.541+0000] {dag.py:2742} INFO - Sync 1 DAGs
[2024-11-01T18:50:52.578+0000] {logging_mixin.py:150} INFO - [2024-11-01T18:50:52.575+0000] {dag.py:3508} INFO - Setting next_dagrun for example_short_circuit_decorator to 2024-10-31T18:50:52.575461+00:00, run_after=2024-11-01T18:50:52.575461+00:00
[2024-11-01T18:50:52.606+0000] {processor.py:179} INFO - Processing /home/airflow/.local/lib/python3.7/site-packages/airflow/example_dags/example_short_circuit_decorator.py took 0.099 seconds
[2024-11-01T18:51:23.851+0000] {processor.py:157} INFO - Started process (PID=3604) to work on /home/airflow/.local/lib/python3.7/site-packages/airflow/example_dags/example_short_circuit_decorator.py
[2024-11-01T18:51:23.853+0000] {processor.py:826} INFO - Processing file /home/airflow/.local/lib/python3.7/site-packages/airflow/example_dags/example_short_circuit_decorator.py for tasks to queue
[2024-11-01T18:51:23.854+0000] {logging_mixin.py:150} INFO - [2024-11-01T18:51:23.854+0000] {dagbag.py:541} INFO - Filling up the DagBag from /home/airflow/.local/lib/python3.7/site-packages/airflow/example_dags/example_short_circuit_decorator.py
[2024-11-01T18:51:23.861+0000] {processor.py:836} INFO - DAG(s) dict_keys(['example_short_circuit_decorator']) retrieved from /home/airflow/.local/lib/python3.7/site-packages/airflow/example_dags/example_short_circuit_decorator.py
[2024-11-01T18:51:23.888+0000] {logging_mixin.py:150} INFO - [2024-11-01T18:51:23.888+0000] {dag.py:2742} INFO - Sync 1 DAGs
[2024-11-01T18:51:23.904+0000] {logging_mixin.py:150} INFO - [2024-11-01T18:51:23.904+0000] {dag.py:3508} INFO - Setting next_dagrun for example_short_circuit_decorator to 2024-10-31T18:51:23.904280+00:00, run_after=2024-11-01T18:51:23.904280+00:00
[2024-11-01T18:51:23.915+0000] {processor.py:179} INFO - Processing /home/airflow/.local/lib/python3.7/site-packages/airflow/example_dags/example_short_circuit_decorator.py took 0.067 seconds
[2024-11-01T18:51:54.833+0000] {processor.py:157} INFO - Started process (PID=3666) to work on /home/airflow/.local/lib/python3.7/site-packages/airflow/example_dags/example_short_circuit_decorator.py
[2024-11-01T18:51:54.834+0000] {processor.py:826} INFO - Processing file /home/airflow/.local/lib/python3.7/site-packages/airflow/example_dags/example_short_circuit_decorator.py for tasks to queue
[2024-11-01T18:51:54.834+0000] {logging_mixin.py:150} INFO - [2024-11-01T18:51:54.834+0000] {dagbag.py:541} INFO - Filling up the DagBag from /home/airflow/.local/lib/python3.7/site-packages/airflow/example_dags/example_short_circuit_decorator.py
[2024-11-01T18:51:54.840+0000] {processor.py:836} INFO - DAG(s) dict_keys(['example_short_circuit_decorator']) retrieved from /home/airflow/.local/lib/python3.7/site-packages/airflow/example_dags/example_short_circuit_decorator.py
[2024-11-01T18:51:54.866+0000] {logging_mixin.py:150} INFO - [2024-11-01T18:51:54.865+0000] {dag.py:2742} INFO - Sync 1 DAGs
[2024-11-01T18:51:54.885+0000] {logging_mixin.py:150} INFO - [2024-11-01T18:51:54.885+0000] {dag.py:3508} INFO - Setting next_dagrun for example_short_circuit_decorator to 2024-10-31T18:51:54.885609+00:00, run_after=2024-11-01T18:51:54.885609+00:00
[2024-11-01T18:51:54.902+0000] {processor.py:179} INFO - Processing /home/airflow/.local/lib/python3.7/site-packages/airflow/example_dags/example_short_circuit_decorator.py took 0.075 seconds
[2024-11-01T18:52:24.982+0000] {processor.py:157} INFO - Started process (PID=3728) to work on /home/airflow/.local/lib/python3.7/site-packages/airflow/example_dags/example_short_circuit_decorator.py
[2024-11-01T18:52:24.983+0000] {processor.py:826} INFO - Processing file /home/airflow/.local/lib/python3.7/site-packages/airflow/example_dags/example_short_circuit_decorator.py for tasks to queue
[2024-11-01T18:52:24.984+0000] {logging_mixin.py:150} INFO - [2024-11-01T18:52:24.984+0000] {dagbag.py:541} INFO - Filling up the DagBag from /home/airflow/.local/lib/python3.7/site-packages/airflow/example_dags/example_short_circuit_decorator.py
[2024-11-01T18:52:24.990+0000] {processor.py:836} INFO - DAG(s) dict_keys(['example_short_circuit_decorator']) retrieved from /home/airflow/.local/lib/python3.7/site-packages/airflow/example_dags/example_short_circuit_decorator.py
[2024-11-01T18:52:25.005+0000] {logging_mixin.py:150} INFO - [2024-11-01T18:52:25.005+0000] {dag.py:2742} INFO - Sync 1 DAGs
[2024-11-01T18:52:25.019+0000] {logging_mixin.py:150} INFO - [2024-11-01T18:52:25.019+0000] {dag.py:3508} INFO - Setting next_dagrun for example_short_circuit_decorator to 2024-10-31T18:52:25.019264+00:00, run_after=2024-11-01T18:52:25.019264+00:00
[2024-11-01T18:52:25.028+0000] {processor.py:179} INFO - Processing /home/airflow/.local/lib/python3.7/site-packages/airflow/example_dags/example_short_circuit_decorator.py took 0.048 seconds
