[2024-11-01T18:12:04.759+0000] {processor.py:157} INFO - Started process (PID=67) to work on /home/airflow/.local/lib/python3.7/site-packages/airflow/example_dags/example_trigger_target_dag.py
[2024-11-01T18:12:04.759+0000] {processor.py:826} INFO - Processing file /home/airflow/.local/lib/python3.7/site-packages/airflow/example_dags/example_trigger_target_dag.py for tasks to queue
[2024-11-01T18:12:04.760+0000] {logging_mixin.py:150} INFO - [2024-11-01T18:12:04.760+0000] {dagbag.py:541} INFO - Filling up the DagBag from /home/airflow/.local/lib/python3.7/site-packages/airflow/example_dags/example_trigger_target_dag.py
[2024-11-01T18:12:04.767+0000] {processor.py:836} INFO - DAG(s) dict_keys(['example_trigger_target_dag']) retrieved from /home/airflow/.local/lib/python3.7/site-packages/airflow/example_dags/example_trigger_target_dag.py
[2024-11-01T18:12:04.809+0000] {logging_mixin.py:150} INFO - [2024-11-01T18:12:04.809+0000] {dag.py:2742} INFO - Sync 1 DAGs
[2024-11-01T18:12:04.829+0000] {logging_mixin.py:150} INFO - [2024-11-01T18:12:04.829+0000] {dag.py:3508} INFO - Setting next_dagrun for example_trigger_target_dag to None, run_after=None
[2024-11-01T18:12:04.843+0000] {processor.py:179} INFO - Processing /home/airflow/.local/lib/python3.7/site-packages/airflow/example_dags/example_trigger_target_dag.py took 0.089 seconds
[2024-11-01T18:12:38.564+0000] {processor.py:157} INFO - Started process (PID=128) to work on /home/airflow/.local/lib/python3.7/site-packages/airflow/example_dags/example_trigger_target_dag.py
[2024-11-01T18:12:38.570+0000] {processor.py:826} INFO - Processing file /home/airflow/.local/lib/python3.7/site-packages/airflow/example_dags/example_trigger_target_dag.py for tasks to queue
[2024-11-01T18:12:38.570+0000] {logging_mixin.py:150} INFO - [2024-11-01T18:12:38.570+0000] {dagbag.py:541} INFO - Filling up the DagBag from /home/airflow/.local/lib/python3.7/site-packages/airflow/example_dags/example_trigger_target_dag.py
[2024-11-01T18:12:38.576+0000] {processor.py:836} INFO - DAG(s) dict_keys(['example_trigger_target_dag']) retrieved from /home/airflow/.local/lib/python3.7/site-packages/airflow/example_dags/example_trigger_target_dag.py
[2024-11-01T18:12:38.594+0000] {logging_mixin.py:150} INFO - [2024-11-01T18:12:38.594+0000] {dag.py:2742} INFO - Sync 1 DAGs
[2024-11-01T18:12:38.621+0000] {logging_mixin.py:150} INFO - [2024-11-01T18:12:38.621+0000] {dag.py:3508} INFO - Setting next_dagrun for example_trigger_target_dag to None, run_after=None
[2024-11-01T18:12:38.644+0000] {processor.py:179} INFO - Processing /home/airflow/.local/lib/python3.7/site-packages/airflow/example_dags/example_trigger_target_dag.py took 0.085 seconds
[2024-11-01T18:13:09.526+0000] {processor.py:157} INFO - Started process (PID=190) to work on /home/airflow/.local/lib/python3.7/site-packages/airflow/example_dags/example_trigger_target_dag.py
[2024-11-01T18:13:09.533+0000] {processor.py:826} INFO - Processing file /home/airflow/.local/lib/python3.7/site-packages/airflow/example_dags/example_trigger_target_dag.py for tasks to queue
[2024-11-01T18:13:09.534+0000] {logging_mixin.py:150} INFO - [2024-11-01T18:13:09.534+0000] {dagbag.py:541} INFO - Filling up the DagBag from /home/airflow/.local/lib/python3.7/site-packages/airflow/example_dags/example_trigger_target_dag.py
[2024-11-01T18:13:09.538+0000] {processor.py:836} INFO - DAG(s) dict_keys(['example_trigger_target_dag']) retrieved from /home/airflow/.local/lib/python3.7/site-packages/airflow/example_dags/example_trigger_target_dag.py
[2024-11-01T18:13:09.566+0000] {logging_mixin.py:150} INFO - [2024-11-01T18:13:09.566+0000] {dag.py:2742} INFO - Sync 1 DAGs
[2024-11-01T18:13:09.580+0000] {logging_mixin.py:150} INFO - [2024-11-01T18:13:09.580+0000] {dag.py:3508} INFO - Setting next_dagrun for example_trigger_target_dag to None, run_after=None
[2024-11-01T18:13:09.597+0000] {processor.py:179} INFO - Processing /home/airflow/.local/lib/python3.7/site-packages/airflow/example_dags/example_trigger_target_dag.py took 0.074 seconds
[2024-11-01T18:16:01.667+0000] {processor.py:157} INFO - Started process (PID=277) to work on /home/airflow/.local/lib/python3.7/site-packages/airflow/example_dags/example_trigger_target_dag.py
[2024-11-01T18:16:01.685+0000] {processor.py:826} INFO - Processing file /home/airflow/.local/lib/python3.7/site-packages/airflow/example_dags/example_trigger_target_dag.py for tasks to queue
[2024-11-01T18:16:01.687+0000] {logging_mixin.py:150} INFO - [2024-11-01T18:16:01.687+0000] {dagbag.py:541} INFO - Filling up the DagBag from /home/airflow/.local/lib/python3.7/site-packages/airflow/example_dags/example_trigger_target_dag.py
[2024-11-01T18:16:02.014+0000] {processor.py:836} INFO - DAG(s) dict_keys(['example_trigger_target_dag']) retrieved from /home/airflow/.local/lib/python3.7/site-packages/airflow/example_dags/example_trigger_target_dag.py
[2024-11-01T18:16:02.461+0000] {logging_mixin.py:150} INFO - [2024-11-01T18:16:02.458+0000] {dag.py:2742} INFO - Sync 1 DAGs
[2024-11-01T18:16:03.162+0000] {logging_mixin.py:150} INFO - [2024-11-01T18:16:03.158+0000] {dag.py:3508} INFO - Setting next_dagrun for example_trigger_target_dag to None, run_after=None
[2024-11-01T18:16:03.337+0000] {processor.py:179} INFO - Processing /home/airflow/.local/lib/python3.7/site-packages/airflow/example_dags/example_trigger_target_dag.py took 1.740 seconds
[2024-11-01T18:17:36.526+0000] {processor.py:157} INFO - Started process (PID=344) to work on /home/airflow/.local/lib/python3.7/site-packages/airflow/example_dags/example_trigger_target_dag.py
[2024-11-01T18:17:36.533+0000] {processor.py:826} INFO - Processing file /home/airflow/.local/lib/python3.7/site-packages/airflow/example_dags/example_trigger_target_dag.py for tasks to queue
[2024-11-01T18:17:36.546+0000] {logging_mixin.py:150} INFO - [2024-11-01T18:17:36.544+0000] {dagbag.py:541} INFO - Filling up the DagBag from /home/airflow/.local/lib/python3.7/site-packages/airflow/example_dags/example_trigger_target_dag.py
[2024-11-01T18:17:36.640+0000] {processor.py:836} INFO - DAG(s) dict_keys(['example_trigger_target_dag']) retrieved from /home/airflow/.local/lib/python3.7/site-packages/airflow/example_dags/example_trigger_target_dag.py
[2024-11-01T18:17:36.864+0000] {logging_mixin.py:150} INFO - [2024-11-01T18:17:36.861+0000] {dag.py:2742} INFO - Sync 1 DAGs
[2024-11-01T18:17:36.999+0000] {logging_mixin.py:150} INFO - [2024-11-01T18:17:36.997+0000] {dag.py:3508} INFO - Setting next_dagrun for example_trigger_target_dag to None, run_after=None
[2024-11-01T18:17:37.479+0000] {processor.py:179} INFO - Processing /home/airflow/.local/lib/python3.7/site-packages/airflow/example_dags/example_trigger_target_dag.py took 1.023 seconds
[2024-11-01T18:18:40.633+0000] {processor.py:157} INFO - Started process (PID=436) to work on /home/airflow/.local/lib/python3.7/site-packages/airflow/example_dags/example_trigger_target_dag.py
[2024-11-01T18:18:40.641+0000] {processor.py:826} INFO - Processing file /home/airflow/.local/lib/python3.7/site-packages/airflow/example_dags/example_trigger_target_dag.py for tasks to queue
[2024-11-01T18:18:40.649+0000] {logging_mixin.py:150} INFO - [2024-11-01T18:18:40.646+0000] {dagbag.py:541} INFO - Filling up the DagBag from /home/airflow/.local/lib/python3.7/site-packages/airflow/example_dags/example_trigger_target_dag.py
[2024-11-01T18:18:40.710+0000] {processor.py:836} INFO - DAG(s) dict_keys(['example_trigger_target_dag']) retrieved from /home/airflow/.local/lib/python3.7/site-packages/airflow/example_dags/example_trigger_target_dag.py
[2024-11-01T18:18:40.847+0000] {logging_mixin.py:150} INFO - [2024-11-01T18:18:40.846+0000] {dag.py:2742} INFO - Sync 1 DAGs
[2024-11-01T18:18:40.960+0000] {logging_mixin.py:150} INFO - [2024-11-01T18:18:40.960+0000] {dag.py:3508} INFO - Setting next_dagrun for example_trigger_target_dag to None, run_after=None
[2024-11-01T18:18:41.034+0000] {processor.py:179} INFO - Processing /home/airflow/.local/lib/python3.7/site-packages/airflow/example_dags/example_trigger_target_dag.py took 0.492 seconds
[2024-11-01T18:19:21.459+0000] {processor.py:157} INFO - Started process (PID=497) to work on /home/airflow/.local/lib/python3.7/site-packages/airflow/example_dags/example_trigger_target_dag.py
[2024-11-01T18:19:21.467+0000] {processor.py:826} INFO - Processing file /home/airflow/.local/lib/python3.7/site-packages/airflow/example_dags/example_trigger_target_dag.py for tasks to queue
[2024-11-01T18:19:21.468+0000] {logging_mixin.py:150} INFO - [2024-11-01T18:19:21.467+0000] {dagbag.py:541} INFO - Filling up the DagBag from /home/airflow/.local/lib/python3.7/site-packages/airflow/example_dags/example_trigger_target_dag.py
[2024-11-01T18:19:21.489+0000] {processor.py:836} INFO - DAG(s) dict_keys(['example_trigger_target_dag']) retrieved from /home/airflow/.local/lib/python3.7/site-packages/airflow/example_dags/example_trigger_target_dag.py
[2024-11-01T18:19:21.705+0000] {logging_mixin.py:150} INFO - [2024-11-01T18:19:21.704+0000] {dag.py:2742} INFO - Sync 1 DAGs
[2024-11-01T18:19:21.773+0000] {logging_mixin.py:150} INFO - [2024-11-01T18:19:21.771+0000] {dag.py:3508} INFO - Setting next_dagrun for example_trigger_target_dag to None, run_after=None
[2024-11-01T18:19:21.867+0000] {processor.py:179} INFO - Processing /home/airflow/.local/lib/python3.7/site-packages/airflow/example_dags/example_trigger_target_dag.py took 0.414 seconds
[2024-11-01T18:20:02.246+0000] {processor.py:157} INFO - Started process (PID=559) to work on /home/airflow/.local/lib/python3.7/site-packages/airflow/example_dags/example_trigger_target_dag.py
[2024-11-01T18:20:02.300+0000] {processor.py:826} INFO - Processing file /home/airflow/.local/lib/python3.7/site-packages/airflow/example_dags/example_trigger_target_dag.py for tasks to queue
[2024-11-01T18:20:02.315+0000] {logging_mixin.py:150} INFO - [2024-11-01T18:20:02.315+0000] {dagbag.py:541} INFO - Filling up the DagBag from /home/airflow/.local/lib/python3.7/site-packages/airflow/example_dags/example_trigger_target_dag.py
[2024-11-01T18:20:02.447+0000] {processor.py:836} INFO - DAG(s) dict_keys(['example_trigger_target_dag']) retrieved from /home/airflow/.local/lib/python3.7/site-packages/airflow/example_dags/example_trigger_target_dag.py
[2024-11-01T18:20:02.935+0000] {logging_mixin.py:150} INFO - [2024-11-01T18:20:02.934+0000] {dag.py:2742} INFO - Sync 1 DAGs
[2024-11-01T18:20:03.309+0000] {logging_mixin.py:150} INFO - [2024-11-01T18:20:03.306+0000] {dag.py:3508} INFO - Setting next_dagrun for example_trigger_target_dag to None, run_after=None
[2024-11-01T18:20:03.418+0000] {processor.py:179} INFO - Processing /home/airflow/.local/lib/python3.7/site-packages/airflow/example_dags/example_trigger_target_dag.py took 1.210 seconds
[2024-11-01T18:20:50.297+0000] {processor.py:157} INFO - Started process (PID=644) to work on /home/airflow/.local/lib/python3.7/site-packages/airflow/example_dags/example_trigger_target_dag.py
[2024-11-01T18:20:50.304+0000] {processor.py:826} INFO - Processing file /home/airflow/.local/lib/python3.7/site-packages/airflow/example_dags/example_trigger_target_dag.py for tasks to queue
[2024-11-01T18:20:50.307+0000] {logging_mixin.py:150} INFO - [2024-11-01T18:20:50.307+0000] {dagbag.py:541} INFO - Filling up the DagBag from /home/airflow/.local/lib/python3.7/site-packages/airflow/example_dags/example_trigger_target_dag.py
[2024-11-01T18:20:50.342+0000] {processor.py:836} INFO - DAG(s) dict_keys(['example_trigger_target_dag']) retrieved from /home/airflow/.local/lib/python3.7/site-packages/airflow/example_dags/example_trigger_target_dag.py
[2024-11-01T18:20:50.675+0000] {logging_mixin.py:150} INFO - [2024-11-01T18:20:50.672+0000] {dag.py:2742} INFO - Sync 1 DAGs
[2024-11-01T18:20:50.946+0000] {logging_mixin.py:150} INFO - [2024-11-01T18:20:50.946+0000] {dag.py:3508} INFO - Setting next_dagrun for example_trigger_target_dag to None, run_after=None
[2024-11-01T18:20:51.107+0000] {processor.py:179} INFO - Processing /home/airflow/.local/lib/python3.7/site-packages/airflow/example_dags/example_trigger_target_dag.py took 0.828 seconds
[2024-11-01T18:23:47.287+0000] {processor.py:157} INFO - Started process (PID=729) to work on /home/airflow/.local/lib/python3.7/site-packages/airflow/example_dags/example_trigger_target_dag.py
[2024-11-01T18:23:47.295+0000] {processor.py:826} INFO - Processing file /home/airflow/.local/lib/python3.7/site-packages/airflow/example_dags/example_trigger_target_dag.py for tasks to queue
[2024-11-01T18:23:47.298+0000] {logging_mixin.py:150} INFO - [2024-11-01T18:23:47.297+0000] {dagbag.py:541} INFO - Filling up the DagBag from /home/airflow/.local/lib/python3.7/site-packages/airflow/example_dags/example_trigger_target_dag.py
[2024-11-01T18:23:47.326+0000] {processor.py:836} INFO - DAG(s) dict_keys(['example_trigger_target_dag']) retrieved from /home/airflow/.local/lib/python3.7/site-packages/airflow/example_dags/example_trigger_target_dag.py
[2024-11-01T18:23:47.555+0000] {logging_mixin.py:150} INFO - [2024-11-01T18:23:47.555+0000] {dag.py:2742} INFO - Sync 1 DAGs
[2024-11-01T18:23:47.680+0000] {logging_mixin.py:150} INFO - [2024-11-01T18:23:47.679+0000] {dag.py:3508} INFO - Setting next_dagrun for example_trigger_target_dag to None, run_after=None
[2024-11-01T18:23:47.837+0000] {processor.py:179} INFO - Processing /home/airflow/.local/lib/python3.7/site-packages/airflow/example_dags/example_trigger_target_dag.py took 0.556 seconds
[2024-11-01T18:24:41.029+0000] {processor.py:157} INFO - Started process (PID=797) to work on /home/airflow/.local/lib/python3.7/site-packages/airflow/example_dags/example_trigger_target_dag.py
[2024-11-01T18:24:41.038+0000] {processor.py:826} INFO - Processing file /home/airflow/.local/lib/python3.7/site-packages/airflow/example_dags/example_trigger_target_dag.py for tasks to queue
[2024-11-01T18:24:41.049+0000] {logging_mixin.py:150} INFO - [2024-11-01T18:24:41.045+0000] {dagbag.py:541} INFO - Filling up the DagBag from /home/airflow/.local/lib/python3.7/site-packages/airflow/example_dags/example_trigger_target_dag.py
[2024-11-01T18:24:41.149+0000] {processor.py:836} INFO - DAG(s) dict_keys(['example_trigger_target_dag']) retrieved from /home/airflow/.local/lib/python3.7/site-packages/airflow/example_dags/example_trigger_target_dag.py
[2024-11-01T18:24:41.407+0000] {logging_mixin.py:150} INFO - [2024-11-01T18:24:41.397+0000] {dag.py:2742} INFO - Sync 1 DAGs
[2024-11-01T18:24:41.650+0000] {logging_mixin.py:150} INFO - [2024-11-01T18:24:41.648+0000] {dag.py:3508} INFO - Setting next_dagrun for example_trigger_target_dag to None, run_after=None
[2024-11-01T18:24:41.804+0000] {processor.py:179} INFO - Processing /home/airflow/.local/lib/python3.7/site-packages/airflow/example_dags/example_trigger_target_dag.py took 0.805 seconds
[2024-11-01T18:25:44.592+0000] {processor.py:157} INFO - Started process (PID=849) to work on /home/airflow/.local/lib/python3.7/site-packages/airflow/example_dags/example_trigger_target_dag.py
[2024-11-01T18:25:44.602+0000] {processor.py:826} INFO - Processing file /home/airflow/.local/lib/python3.7/site-packages/airflow/example_dags/example_trigger_target_dag.py for tasks to queue
[2024-11-01T18:25:44.606+0000] {logging_mixin.py:150} INFO - [2024-11-01T18:25:44.605+0000] {dagbag.py:541} INFO - Filling up the DagBag from /home/airflow/.local/lib/python3.7/site-packages/airflow/example_dags/example_trigger_target_dag.py
[2024-11-01T18:25:44.646+0000] {processor.py:836} INFO - DAG(s) dict_keys(['example_trigger_target_dag']) retrieved from /home/airflow/.local/lib/python3.7/site-packages/airflow/example_dags/example_trigger_target_dag.py
[2024-11-01T18:25:44.958+0000] {logging_mixin.py:150} INFO - [2024-11-01T18:25:44.949+0000] {dag.py:2742} INFO - Sync 1 DAGs
[2024-11-01T18:25:45.102+0000] {logging_mixin.py:150} INFO - [2024-11-01T18:25:45.101+0000] {dag.py:3508} INFO - Setting next_dagrun for example_trigger_target_dag to None, run_after=None
[2024-11-01T18:25:45.259+0000] {processor.py:179} INFO - Processing /home/airflow/.local/lib/python3.7/site-packages/airflow/example_dags/example_trigger_target_dag.py took 0.721 seconds
[2024-11-01T18:26:15.648+0000] {processor.py:157} INFO - Started process (PID=910) to work on /home/airflow/.local/lib/python3.7/site-packages/airflow/example_dags/example_trigger_target_dag.py
[2024-11-01T18:26:15.651+0000] {processor.py:826} INFO - Processing file /home/airflow/.local/lib/python3.7/site-packages/airflow/example_dags/example_trigger_target_dag.py for tasks to queue
[2024-11-01T18:26:15.654+0000] {logging_mixin.py:150} INFO - [2024-11-01T18:26:15.653+0000] {dagbag.py:541} INFO - Filling up the DagBag from /home/airflow/.local/lib/python3.7/site-packages/airflow/example_dags/example_trigger_target_dag.py
[2024-11-01T18:26:15.664+0000] {processor.py:836} INFO - DAG(s) dict_keys(['example_trigger_target_dag']) retrieved from /home/airflow/.local/lib/python3.7/site-packages/airflow/example_dags/example_trigger_target_dag.py
[2024-11-01T18:26:15.706+0000] {logging_mixin.py:150} INFO - [2024-11-01T18:26:15.705+0000] {dag.py:2742} INFO - Sync 1 DAGs
[2024-11-01T18:26:15.749+0000] {logging_mixin.py:150} INFO - [2024-11-01T18:26:15.749+0000] {dag.py:3508} INFO - Setting next_dagrun for example_trigger_target_dag to None, run_after=None
[2024-11-01T18:26:15.768+0000] {processor.py:179} INFO - Processing /home/airflow/.local/lib/python3.7/site-packages/airflow/example_dags/example_trigger_target_dag.py took 0.143 seconds
[2024-11-01T18:26:46.186+0000] {processor.py:157} INFO - Started process (PID=972) to work on /home/airflow/.local/lib/python3.7/site-packages/airflow/example_dags/example_trigger_target_dag.py
[2024-11-01T18:26:46.196+0000] {processor.py:826} INFO - Processing file /home/airflow/.local/lib/python3.7/site-packages/airflow/example_dags/example_trigger_target_dag.py for tasks to queue
[2024-11-01T18:26:46.198+0000] {logging_mixin.py:150} INFO - [2024-11-01T18:26:46.197+0000] {dagbag.py:541} INFO - Filling up the DagBag from /home/airflow/.local/lib/python3.7/site-packages/airflow/example_dags/example_trigger_target_dag.py
[2024-11-01T18:26:46.208+0000] {processor.py:836} INFO - DAG(s) dict_keys(['example_trigger_target_dag']) retrieved from /home/airflow/.local/lib/python3.7/site-packages/airflow/example_dags/example_trigger_target_dag.py
[2024-11-01T18:26:46.232+0000] {logging_mixin.py:150} INFO - [2024-11-01T18:26:46.232+0000] {dag.py:2742} INFO - Sync 1 DAGs
[2024-11-01T18:26:46.248+0000] {logging_mixin.py:150} INFO - [2024-11-01T18:26:46.248+0000] {dag.py:3508} INFO - Setting next_dagrun for example_trigger_target_dag to None, run_after=None
[2024-11-01T18:26:46.259+0000] {processor.py:179} INFO - Processing /home/airflow/.local/lib/python3.7/site-packages/airflow/example_dags/example_trigger_target_dag.py took 0.080 seconds
[2024-11-01T18:27:16.787+0000] {processor.py:157} INFO - Started process (PID=1034) to work on /home/airflow/.local/lib/python3.7/site-packages/airflow/example_dags/example_trigger_target_dag.py
[2024-11-01T18:27:16.788+0000] {processor.py:826} INFO - Processing file /home/airflow/.local/lib/python3.7/site-packages/airflow/example_dags/example_trigger_target_dag.py for tasks to queue
[2024-11-01T18:27:16.789+0000] {logging_mixin.py:150} INFO - [2024-11-01T18:27:16.789+0000] {dagbag.py:541} INFO - Filling up the DagBag from /home/airflow/.local/lib/python3.7/site-packages/airflow/example_dags/example_trigger_target_dag.py
[2024-11-01T18:27:16.799+0000] {processor.py:836} INFO - DAG(s) dict_keys(['example_trigger_target_dag']) retrieved from /home/airflow/.local/lib/python3.7/site-packages/airflow/example_dags/example_trigger_target_dag.py
[2024-11-01T18:27:16.846+0000] {logging_mixin.py:150} INFO - [2024-11-01T18:27:16.845+0000] {dag.py:2742} INFO - Sync 1 DAGs
[2024-11-01T18:27:16.865+0000] {logging_mixin.py:150} INFO - [2024-11-01T18:27:16.865+0000] {dag.py:3508} INFO - Setting next_dagrun for example_trigger_target_dag to None, run_after=None
[2024-11-01T18:27:16.877+0000] {processor.py:179} INFO - Processing /home/airflow/.local/lib/python3.7/site-packages/airflow/example_dags/example_trigger_target_dag.py took 0.096 seconds
[2024-11-01T18:27:47.431+0000] {processor.py:157} INFO - Started process (PID=1096) to work on /home/airflow/.local/lib/python3.7/site-packages/airflow/example_dags/example_trigger_target_dag.py
[2024-11-01T18:27:47.433+0000] {processor.py:826} INFO - Processing file /home/airflow/.local/lib/python3.7/site-packages/airflow/example_dags/example_trigger_target_dag.py for tasks to queue
[2024-11-01T18:27:47.437+0000] {logging_mixin.py:150} INFO - [2024-11-01T18:27:47.436+0000] {dagbag.py:541} INFO - Filling up the DagBag from /home/airflow/.local/lib/python3.7/site-packages/airflow/example_dags/example_trigger_target_dag.py
[2024-11-01T18:27:47.446+0000] {processor.py:836} INFO - DAG(s) dict_keys(['example_trigger_target_dag']) retrieved from /home/airflow/.local/lib/python3.7/site-packages/airflow/example_dags/example_trigger_target_dag.py
[2024-11-01T18:27:47.470+0000] {logging_mixin.py:150} INFO - [2024-11-01T18:27:47.469+0000] {dag.py:2742} INFO - Sync 1 DAGs
[2024-11-01T18:27:47.488+0000] {logging_mixin.py:150} INFO - [2024-11-01T18:27:47.488+0000] {dag.py:3508} INFO - Setting next_dagrun for example_trigger_target_dag to None, run_after=None
[2024-11-01T18:27:47.499+0000] {processor.py:179} INFO - Processing /home/airflow/.local/lib/python3.7/site-packages/airflow/example_dags/example_trigger_target_dag.py took 0.073 seconds
[2024-11-01T18:30:48.364+0000] {processor.py:157} INFO - Started process (PID=1140) to work on /home/airflow/.local/lib/python3.7/site-packages/airflow/example_dags/example_trigger_target_dag.py
[2024-11-01T18:30:48.367+0000] {processor.py:826} INFO - Processing file /home/airflow/.local/lib/python3.7/site-packages/airflow/example_dags/example_trigger_target_dag.py for tasks to queue
[2024-11-01T18:30:48.372+0000] {logging_mixin.py:150} INFO - [2024-11-01T18:30:48.370+0000] {dagbag.py:541} INFO - Filling up the DagBag from /home/airflow/.local/lib/python3.7/site-packages/airflow/example_dags/example_trigger_target_dag.py
[2024-11-01T18:30:48.384+0000] {processor.py:836} INFO - DAG(s) dict_keys(['example_trigger_target_dag']) retrieved from /home/airflow/.local/lib/python3.7/site-packages/airflow/example_dags/example_trigger_target_dag.py
[2024-11-01T18:30:48.434+0000] {logging_mixin.py:150} INFO - [2024-11-01T18:30:48.433+0000] {dag.py:2742} INFO - Sync 1 DAGs
[2024-11-01T18:30:48.661+0000] {logging_mixin.py:150} INFO - [2024-11-01T18:30:48.661+0000] {dag.py:3508} INFO - Setting next_dagrun for example_trigger_target_dag to None, run_after=None
[2024-11-01T18:30:48.718+0000] {processor.py:179} INFO - Processing /home/airflow/.local/lib/python3.7/site-packages/airflow/example_dags/example_trigger_target_dag.py took 0.366 seconds
[2024-11-01T18:31:19.583+0000] {processor.py:157} INFO - Started process (PID=1202) to work on /home/airflow/.local/lib/python3.7/site-packages/airflow/example_dags/example_trigger_target_dag.py
[2024-11-01T18:31:19.585+0000] {processor.py:826} INFO - Processing file /home/airflow/.local/lib/python3.7/site-packages/airflow/example_dags/example_trigger_target_dag.py for tasks to queue
[2024-11-01T18:31:19.586+0000] {logging_mixin.py:150} INFO - [2024-11-01T18:31:19.585+0000] {dagbag.py:541} INFO - Filling up the DagBag from /home/airflow/.local/lib/python3.7/site-packages/airflow/example_dags/example_trigger_target_dag.py
[2024-11-01T18:31:19.596+0000] {processor.py:836} INFO - DAG(s) dict_keys(['example_trigger_target_dag']) retrieved from /home/airflow/.local/lib/python3.7/site-packages/airflow/example_dags/example_trigger_target_dag.py
[2024-11-01T18:31:19.667+0000] {logging_mixin.py:150} INFO - [2024-11-01T18:31:19.666+0000] {dag.py:2742} INFO - Sync 1 DAGs
[2024-11-01T18:31:19.775+0000] {logging_mixin.py:150} INFO - [2024-11-01T18:31:19.774+0000] {dag.py:3508} INFO - Setting next_dagrun for example_trigger_target_dag to None, run_after=None
[2024-11-01T18:31:19.800+0000] {processor.py:179} INFO - Processing /home/airflow/.local/lib/python3.7/site-packages/airflow/example_dags/example_trigger_target_dag.py took 0.224 seconds
[2024-11-01T18:31:50.201+0000] {processor.py:157} INFO - Started process (PID=1264) to work on /home/airflow/.local/lib/python3.7/site-packages/airflow/example_dags/example_trigger_target_dag.py
[2024-11-01T18:31:50.202+0000] {processor.py:826} INFO - Processing file /home/airflow/.local/lib/python3.7/site-packages/airflow/example_dags/example_trigger_target_dag.py for tasks to queue
[2024-11-01T18:31:50.203+0000] {logging_mixin.py:150} INFO - [2024-11-01T18:31:50.203+0000] {dagbag.py:541} INFO - Filling up the DagBag from /home/airflow/.local/lib/python3.7/site-packages/airflow/example_dags/example_trigger_target_dag.py
[2024-11-01T18:31:50.207+0000] {processor.py:836} INFO - DAG(s) dict_keys(['example_trigger_target_dag']) retrieved from /home/airflow/.local/lib/python3.7/site-packages/airflow/example_dags/example_trigger_target_dag.py
[2024-11-01T18:31:50.230+0000] {logging_mixin.py:150} INFO - [2024-11-01T18:31:50.230+0000] {dag.py:2742} INFO - Sync 1 DAGs
[2024-11-01T18:31:50.246+0000] {logging_mixin.py:150} INFO - [2024-11-01T18:31:50.246+0000] {dag.py:3508} INFO - Setting next_dagrun for example_trigger_target_dag to None, run_after=None
[2024-11-01T18:31:50.260+0000] {processor.py:179} INFO - Processing /home/airflow/.local/lib/python3.7/site-packages/airflow/example_dags/example_trigger_target_dag.py took 0.063 seconds
[2024-11-01T18:32:20.459+0000] {processor.py:157} INFO - Started process (PID=1326) to work on /home/airflow/.local/lib/python3.7/site-packages/airflow/example_dags/example_trigger_target_dag.py
[2024-11-01T18:32:20.459+0000] {processor.py:826} INFO - Processing file /home/airflow/.local/lib/python3.7/site-packages/airflow/example_dags/example_trigger_target_dag.py for tasks to queue
[2024-11-01T18:32:20.460+0000] {logging_mixin.py:150} INFO - [2024-11-01T18:32:20.460+0000] {dagbag.py:541} INFO - Filling up the DagBag from /home/airflow/.local/lib/python3.7/site-packages/airflow/example_dags/example_trigger_target_dag.py
[2024-11-01T18:32:20.467+0000] {processor.py:836} INFO - DAG(s) dict_keys(['example_trigger_target_dag']) retrieved from /home/airflow/.local/lib/python3.7/site-packages/airflow/example_dags/example_trigger_target_dag.py
[2024-11-01T18:32:20.490+0000] {logging_mixin.py:150} INFO - [2024-11-01T18:32:20.490+0000] {dag.py:2742} INFO - Sync 1 DAGs
[2024-11-01T18:32:20.508+0000] {logging_mixin.py:150} INFO - [2024-11-01T18:32:20.508+0000] {dag.py:3508} INFO - Setting next_dagrun for example_trigger_target_dag to None, run_after=None
[2024-11-01T18:32:20.520+0000] {processor.py:179} INFO - Processing /home/airflow/.local/lib/python3.7/site-packages/airflow/example_dags/example_trigger_target_dag.py took 0.068 seconds
[2024-11-01T18:32:51.416+0000] {processor.py:157} INFO - Started process (PID=1387) to work on /home/airflow/.local/lib/python3.7/site-packages/airflow/example_dags/example_trigger_target_dag.py
[2024-11-01T18:32:51.419+0000] {processor.py:826} INFO - Processing file /home/airflow/.local/lib/python3.7/site-packages/airflow/example_dags/example_trigger_target_dag.py for tasks to queue
[2024-11-01T18:32:51.420+0000] {logging_mixin.py:150} INFO - [2024-11-01T18:32:51.420+0000] {dagbag.py:541} INFO - Filling up the DagBag from /home/airflow/.local/lib/python3.7/site-packages/airflow/example_dags/example_trigger_target_dag.py
[2024-11-01T18:32:51.435+0000] {processor.py:836} INFO - DAG(s) dict_keys(['example_trigger_target_dag']) retrieved from /home/airflow/.local/lib/python3.7/site-packages/airflow/example_dags/example_trigger_target_dag.py
[2024-11-01T18:32:51.460+0000] {logging_mixin.py:150} INFO - [2024-11-01T18:32:51.460+0000] {dag.py:2742} INFO - Sync 1 DAGs
[2024-11-01T18:32:51.478+0000] {logging_mixin.py:150} INFO - [2024-11-01T18:32:51.478+0000] {dag.py:3508} INFO - Setting next_dagrun for example_trigger_target_dag to None, run_after=None
[2024-11-01T18:32:51.488+0000] {processor.py:179} INFO - Processing /home/airflow/.local/lib/python3.7/site-packages/airflow/example_dags/example_trigger_target_dag.py took 0.080 seconds
[2024-11-01T18:33:21.840+0000] {processor.py:157} INFO - Started process (PID=1449) to work on /home/airflow/.local/lib/python3.7/site-packages/airflow/example_dags/example_trigger_target_dag.py
[2024-11-01T18:33:21.844+0000] {processor.py:826} INFO - Processing file /home/airflow/.local/lib/python3.7/site-packages/airflow/example_dags/example_trigger_target_dag.py for tasks to queue
[2024-11-01T18:33:21.845+0000] {logging_mixin.py:150} INFO - [2024-11-01T18:33:21.845+0000] {dagbag.py:541} INFO - Filling up the DagBag from /home/airflow/.local/lib/python3.7/site-packages/airflow/example_dags/example_trigger_target_dag.py
[2024-11-01T18:33:21.855+0000] {processor.py:836} INFO - DAG(s) dict_keys(['example_trigger_target_dag']) retrieved from /home/airflow/.local/lib/python3.7/site-packages/airflow/example_dags/example_trigger_target_dag.py
[2024-11-01T18:33:21.880+0000] {logging_mixin.py:150} INFO - [2024-11-01T18:33:21.880+0000] {dag.py:2742} INFO - Sync 1 DAGs
[2024-11-01T18:33:21.898+0000] {logging_mixin.py:150} INFO - [2024-11-01T18:33:21.898+0000] {dag.py:3508} INFO - Setting next_dagrun for example_trigger_target_dag to None, run_after=None
[2024-11-01T18:33:21.917+0000] {processor.py:179} INFO - Processing /home/airflow/.local/lib/python3.7/site-packages/airflow/example_dags/example_trigger_target_dag.py took 0.083 seconds
[2024-11-01T18:33:51.973+0000] {processor.py:157} INFO - Started process (PID=1511) to work on /home/airflow/.local/lib/python3.7/site-packages/airflow/example_dags/example_trigger_target_dag.py
[2024-11-01T18:33:51.974+0000] {processor.py:826} INFO - Processing file /home/airflow/.local/lib/python3.7/site-packages/airflow/example_dags/example_trigger_target_dag.py for tasks to queue
[2024-11-01T18:33:51.975+0000] {logging_mixin.py:150} INFO - [2024-11-01T18:33:51.974+0000] {dagbag.py:541} INFO - Filling up the DagBag from /home/airflow/.local/lib/python3.7/site-packages/airflow/example_dags/example_trigger_target_dag.py
[2024-11-01T18:33:51.978+0000] {processor.py:836} INFO - DAG(s) dict_keys(['example_trigger_target_dag']) retrieved from /home/airflow/.local/lib/python3.7/site-packages/airflow/example_dags/example_trigger_target_dag.py
[2024-11-01T18:33:51.995+0000] {logging_mixin.py:150} INFO - [2024-11-01T18:33:51.995+0000] {dag.py:2742} INFO - Sync 1 DAGs
[2024-11-01T18:33:52.009+0000] {logging_mixin.py:150} INFO - [2024-11-01T18:33:52.009+0000] {dag.py:3508} INFO - Setting next_dagrun for example_trigger_target_dag to None, run_after=None
[2024-11-01T18:33:52.023+0000] {processor.py:179} INFO - Processing /home/airflow/.local/lib/python3.7/site-packages/airflow/example_dags/example_trigger_target_dag.py took 0.052 seconds
[2024-11-01T18:34:22.501+0000] {processor.py:157} INFO - Started process (PID=1573) to work on /home/airflow/.local/lib/python3.7/site-packages/airflow/example_dags/example_trigger_target_dag.py
[2024-11-01T18:34:22.502+0000] {processor.py:826} INFO - Processing file /home/airflow/.local/lib/python3.7/site-packages/airflow/example_dags/example_trigger_target_dag.py for tasks to queue
[2024-11-01T18:34:22.502+0000] {logging_mixin.py:150} INFO - [2024-11-01T18:34:22.502+0000] {dagbag.py:541} INFO - Filling up the DagBag from /home/airflow/.local/lib/python3.7/site-packages/airflow/example_dags/example_trigger_target_dag.py
[2024-11-01T18:34:22.508+0000] {processor.py:836} INFO - DAG(s) dict_keys(['example_trigger_target_dag']) retrieved from /home/airflow/.local/lib/python3.7/site-packages/airflow/example_dags/example_trigger_target_dag.py
[2024-11-01T18:34:22.536+0000] {logging_mixin.py:150} INFO - [2024-11-01T18:34:22.535+0000] {dag.py:2742} INFO - Sync 1 DAGs
[2024-11-01T18:34:22.625+0000] {logging_mixin.py:150} INFO - [2024-11-01T18:34:22.625+0000] {dag.py:3508} INFO - Setting next_dagrun for example_trigger_target_dag to None, run_after=None
[2024-11-01T18:34:22.694+0000] {processor.py:179} INFO - Processing /home/airflow/.local/lib/python3.7/site-packages/airflow/example_dags/example_trigger_target_dag.py took 0.196 seconds
[2024-11-01T18:34:52.840+0000] {processor.py:157} INFO - Started process (PID=1634) to work on /home/airflow/.local/lib/python3.7/site-packages/airflow/example_dags/example_trigger_target_dag.py
[2024-11-01T18:34:52.841+0000] {processor.py:826} INFO - Processing file /home/airflow/.local/lib/python3.7/site-packages/airflow/example_dags/example_trigger_target_dag.py for tasks to queue
[2024-11-01T18:34:52.844+0000] {logging_mixin.py:150} INFO - [2024-11-01T18:34:52.844+0000] {dagbag.py:541} INFO - Filling up the DagBag from /home/airflow/.local/lib/python3.7/site-packages/airflow/example_dags/example_trigger_target_dag.py
[2024-11-01T18:34:52.847+0000] {processor.py:836} INFO - DAG(s) dict_keys(['example_trigger_target_dag']) retrieved from /home/airflow/.local/lib/python3.7/site-packages/airflow/example_dags/example_trigger_target_dag.py
[2024-11-01T18:34:52.861+0000] {logging_mixin.py:150} INFO - [2024-11-01T18:34:52.861+0000] {dag.py:2742} INFO - Sync 1 DAGs
[2024-11-01T18:34:52.875+0000] {logging_mixin.py:150} INFO - [2024-11-01T18:34:52.875+0000] {dag.py:3508} INFO - Setting next_dagrun for example_trigger_target_dag to None, run_after=None
[2024-11-01T18:34:52.882+0000] {processor.py:179} INFO - Processing /home/airflow/.local/lib/python3.7/site-packages/airflow/example_dags/example_trigger_target_dag.py took 0.044 seconds
[2024-11-01T18:35:23.453+0000] {processor.py:157} INFO - Started process (PID=1696) to work on /home/airflow/.local/lib/python3.7/site-packages/airflow/example_dags/example_trigger_target_dag.py
[2024-11-01T18:35:23.455+0000] {processor.py:826} INFO - Processing file /home/airflow/.local/lib/python3.7/site-packages/airflow/example_dags/example_trigger_target_dag.py for tasks to queue
[2024-11-01T18:35:23.456+0000] {logging_mixin.py:150} INFO - [2024-11-01T18:35:23.455+0000] {dagbag.py:541} INFO - Filling up the DagBag from /home/airflow/.local/lib/python3.7/site-packages/airflow/example_dags/example_trigger_target_dag.py
[2024-11-01T18:35:23.459+0000] {processor.py:836} INFO - DAG(s) dict_keys(['example_trigger_target_dag']) retrieved from /home/airflow/.local/lib/python3.7/site-packages/airflow/example_dags/example_trigger_target_dag.py
[2024-11-01T18:35:23.477+0000] {logging_mixin.py:150} INFO - [2024-11-01T18:35:23.477+0000] {dag.py:2742} INFO - Sync 1 DAGs
[2024-11-01T18:35:23.493+0000] {logging_mixin.py:150} INFO - [2024-11-01T18:35:23.493+0000] {dag.py:3508} INFO - Setting next_dagrun for example_trigger_target_dag to None, run_after=None
[2024-11-01T18:35:23.502+0000] {processor.py:179} INFO - Processing /home/airflow/.local/lib/python3.7/site-packages/airflow/example_dags/example_trigger_target_dag.py took 0.050 seconds
[2024-11-01T18:35:54.863+0000] {processor.py:157} INFO - Started process (PID=1758) to work on /home/airflow/.local/lib/python3.7/site-packages/airflow/example_dags/example_trigger_target_dag.py
[2024-11-01T18:35:54.864+0000] {processor.py:826} INFO - Processing file /home/airflow/.local/lib/python3.7/site-packages/airflow/example_dags/example_trigger_target_dag.py for tasks to queue
[2024-11-01T18:35:54.865+0000] {logging_mixin.py:150} INFO - [2024-11-01T18:35:54.865+0000] {dagbag.py:541} INFO - Filling up the DagBag from /home/airflow/.local/lib/python3.7/site-packages/airflow/example_dags/example_trigger_target_dag.py
[2024-11-01T18:35:54.873+0000] {processor.py:836} INFO - DAG(s) dict_keys(['example_trigger_target_dag']) retrieved from /home/airflow/.local/lib/python3.7/site-packages/airflow/example_dags/example_trigger_target_dag.py
[2024-11-01T18:35:54.902+0000] {logging_mixin.py:150} INFO - [2024-11-01T18:35:54.901+0000] {dag.py:2742} INFO - Sync 1 DAGs
[2024-11-01T18:35:54.919+0000] {logging_mixin.py:150} INFO - [2024-11-01T18:35:54.919+0000] {dag.py:3508} INFO - Setting next_dagrun for example_trigger_target_dag to None, run_after=None
[2024-11-01T18:35:54.932+0000] {processor.py:179} INFO - Processing /home/airflow/.local/lib/python3.7/site-packages/airflow/example_dags/example_trigger_target_dag.py took 0.073 seconds
[2024-11-01T18:36:26.227+0000] {processor.py:157} INFO - Started process (PID=1821) to work on /home/airflow/.local/lib/python3.7/site-packages/airflow/example_dags/example_trigger_target_dag.py
[2024-11-01T18:36:26.228+0000] {processor.py:826} INFO - Processing file /home/airflow/.local/lib/python3.7/site-packages/airflow/example_dags/example_trigger_target_dag.py for tasks to queue
[2024-11-01T18:36:26.228+0000] {logging_mixin.py:150} INFO - [2024-11-01T18:36:26.228+0000] {dagbag.py:541} INFO - Filling up the DagBag from /home/airflow/.local/lib/python3.7/site-packages/airflow/example_dags/example_trigger_target_dag.py
[2024-11-01T18:36:26.231+0000] {processor.py:836} INFO - DAG(s) dict_keys(['example_trigger_target_dag']) retrieved from /home/airflow/.local/lib/python3.7/site-packages/airflow/example_dags/example_trigger_target_dag.py
[2024-11-01T18:36:26.309+0000] {logging_mixin.py:150} INFO - [2024-11-01T18:36:26.309+0000] {dag.py:2742} INFO - Sync 1 DAGs
[2024-11-01T18:36:26.323+0000] {logging_mixin.py:150} INFO - [2024-11-01T18:36:26.323+0000] {dag.py:3508} INFO - Setting next_dagrun for example_trigger_target_dag to None, run_after=None
[2024-11-01T18:36:26.335+0000] {processor.py:179} INFO - Processing /home/airflow/.local/lib/python3.7/site-packages/airflow/example_dags/example_trigger_target_dag.py took 0.110 seconds
[2024-11-01T18:36:56.767+0000] {processor.py:157} INFO - Started process (PID=1882) to work on /home/airflow/.local/lib/python3.7/site-packages/airflow/example_dags/example_trigger_target_dag.py
[2024-11-01T18:36:56.771+0000] {processor.py:826} INFO - Processing file /home/airflow/.local/lib/python3.7/site-packages/airflow/example_dags/example_trigger_target_dag.py for tasks to queue
[2024-11-01T18:36:56.772+0000] {logging_mixin.py:150} INFO - [2024-11-01T18:36:56.771+0000] {dagbag.py:541} INFO - Filling up the DagBag from /home/airflow/.local/lib/python3.7/site-packages/airflow/example_dags/example_trigger_target_dag.py
[2024-11-01T18:36:56.776+0000] {processor.py:836} INFO - DAG(s) dict_keys(['example_trigger_target_dag']) retrieved from /home/airflow/.local/lib/python3.7/site-packages/airflow/example_dags/example_trigger_target_dag.py
[2024-11-01T18:36:56.797+0000] {logging_mixin.py:150} INFO - [2024-11-01T18:36:56.797+0000] {dag.py:2742} INFO - Sync 1 DAGs
[2024-11-01T18:36:56.816+0000] {logging_mixin.py:150} INFO - [2024-11-01T18:36:56.816+0000] {dag.py:3508} INFO - Setting next_dagrun for example_trigger_target_dag to None, run_after=None
[2024-11-01T18:36:56.831+0000] {processor.py:179} INFO - Processing /home/airflow/.local/lib/python3.7/site-packages/airflow/example_dags/example_trigger_target_dag.py took 0.069 seconds
[2024-11-01T18:37:26.980+0000] {processor.py:157} INFO - Started process (PID=1943) to work on /home/airflow/.local/lib/python3.7/site-packages/airflow/example_dags/example_trigger_target_dag.py
[2024-11-01T18:37:26.982+0000] {processor.py:826} INFO - Processing file /home/airflow/.local/lib/python3.7/site-packages/airflow/example_dags/example_trigger_target_dag.py for tasks to queue
[2024-11-01T18:37:26.982+0000] {logging_mixin.py:150} INFO - [2024-11-01T18:37:26.982+0000] {dagbag.py:541} INFO - Filling up the DagBag from /home/airflow/.local/lib/python3.7/site-packages/airflow/example_dags/example_trigger_target_dag.py
[2024-11-01T18:37:26.985+0000] {processor.py:836} INFO - DAG(s) dict_keys(['example_trigger_target_dag']) retrieved from /home/airflow/.local/lib/python3.7/site-packages/airflow/example_dags/example_trigger_target_dag.py
[2024-11-01T18:37:26.999+0000] {logging_mixin.py:150} INFO - [2024-11-01T18:37:26.999+0000] {dag.py:2742} INFO - Sync 1 DAGs
[2024-11-01T18:37:27.014+0000] {logging_mixin.py:150} INFO - [2024-11-01T18:37:27.014+0000] {dag.py:3508} INFO - Setting next_dagrun for example_trigger_target_dag to None, run_after=None
[2024-11-01T18:37:27.022+0000] {processor.py:179} INFO - Processing /home/airflow/.local/lib/python3.7/site-packages/airflow/example_dags/example_trigger_target_dag.py took 0.044 seconds
[2024-11-01T18:38:02.284+0000] {processor.py:157} INFO - Started process (PID=2005) to work on /home/airflow/.local/lib/python3.7/site-packages/airflow/example_dags/example_trigger_target_dag.py
[2024-11-01T18:38:02.292+0000] {processor.py:826} INFO - Processing file /home/airflow/.local/lib/python3.7/site-packages/airflow/example_dags/example_trigger_target_dag.py for tasks to queue
[2024-11-01T18:38:02.489+0000] {logging_mixin.py:150} INFO - [2024-11-01T18:38:02.329+0000] {dagbag.py:541} INFO - Filling up the DagBag from /home/airflow/.local/lib/python3.7/site-packages/airflow/example_dags/example_trigger_target_dag.py
[2024-11-01T18:38:02.723+0000] {processor.py:836} INFO - DAG(s) dict_keys(['example_trigger_target_dag']) retrieved from /home/airflow/.local/lib/python3.7/site-packages/airflow/example_dags/example_trigger_target_dag.py
[2024-11-01T18:38:03.225+0000] {logging_mixin.py:150} INFO - [2024-11-01T18:38:03.219+0000] {dag.py:2742} INFO - Sync 1 DAGs
[2024-11-01T18:38:03.462+0000] {logging_mixin.py:150} INFO - [2024-11-01T18:38:03.458+0000] {dag.py:3508} INFO - Setting next_dagrun for example_trigger_target_dag to None, run_after=None
[2024-11-01T18:38:04.114+0000] {processor.py:179} INFO - Processing /home/airflow/.local/lib/python3.7/site-packages/airflow/example_dags/example_trigger_target_dag.py took 1.839 seconds
[2024-11-01T18:38:34.584+0000] {processor.py:157} INFO - Started process (PID=2067) to work on /home/airflow/.local/lib/python3.7/site-packages/airflow/example_dags/example_trigger_target_dag.py
[2024-11-01T18:38:34.585+0000] {processor.py:826} INFO - Processing file /home/airflow/.local/lib/python3.7/site-packages/airflow/example_dags/example_trigger_target_dag.py for tasks to queue
[2024-11-01T18:38:34.586+0000] {logging_mixin.py:150} INFO - [2024-11-01T18:38:34.585+0000] {dagbag.py:541} INFO - Filling up the DagBag from /home/airflow/.local/lib/python3.7/site-packages/airflow/example_dags/example_trigger_target_dag.py
[2024-11-01T18:38:34.594+0000] {processor.py:836} INFO - DAG(s) dict_keys(['example_trigger_target_dag']) retrieved from /home/airflow/.local/lib/python3.7/site-packages/airflow/example_dags/example_trigger_target_dag.py
[2024-11-01T18:38:34.631+0000] {logging_mixin.py:150} INFO - [2024-11-01T18:38:34.631+0000] {dag.py:2742} INFO - Sync 1 DAGs
[2024-11-01T18:38:34.649+0000] {logging_mixin.py:150} INFO - [2024-11-01T18:38:34.649+0000] {dag.py:3508} INFO - Setting next_dagrun for example_trigger_target_dag to None, run_after=None
[2024-11-01T18:38:34.664+0000] {processor.py:179} INFO - Processing /home/airflow/.local/lib/python3.7/site-packages/airflow/example_dags/example_trigger_target_dag.py took 0.085 seconds
[2024-11-01T18:39:05.283+0000] {processor.py:157} INFO - Started process (PID=2129) to work on /home/airflow/.local/lib/python3.7/site-packages/airflow/example_dags/example_trigger_target_dag.py
[2024-11-01T18:39:05.303+0000] {processor.py:826} INFO - Processing file /home/airflow/.local/lib/python3.7/site-packages/airflow/example_dags/example_trigger_target_dag.py for tasks to queue
[2024-11-01T18:39:05.314+0000] {logging_mixin.py:150} INFO - [2024-11-01T18:39:05.311+0000] {dagbag.py:541} INFO - Filling up the DagBag from /home/airflow/.local/lib/python3.7/site-packages/airflow/example_dags/example_trigger_target_dag.py
[2024-11-01T18:39:05.359+0000] {processor.py:836} INFO - DAG(s) dict_keys(['example_trigger_target_dag']) retrieved from /home/airflow/.local/lib/python3.7/site-packages/airflow/example_dags/example_trigger_target_dag.py
[2024-11-01T18:39:05.414+0000] {logging_mixin.py:150} INFO - [2024-11-01T18:39:05.414+0000] {dag.py:2742} INFO - Sync 1 DAGs
[2024-11-01T18:39:05.495+0000] {logging_mixin.py:150} INFO - [2024-11-01T18:39:05.495+0000] {dag.py:3508} INFO - Setting next_dagrun for example_trigger_target_dag to None, run_after=None
[2024-11-01T18:39:05.549+0000] {processor.py:179} INFO - Processing /home/airflow/.local/lib/python3.7/site-packages/airflow/example_dags/example_trigger_target_dag.py took 0.295 seconds
[2024-11-01T18:39:35.848+0000] {processor.py:157} INFO - Started process (PID=2190) to work on /home/airflow/.local/lib/python3.7/site-packages/airflow/example_dags/example_trigger_target_dag.py
[2024-11-01T18:39:35.850+0000] {processor.py:826} INFO - Processing file /home/airflow/.local/lib/python3.7/site-packages/airflow/example_dags/example_trigger_target_dag.py for tasks to queue
[2024-11-01T18:39:35.851+0000] {logging_mixin.py:150} INFO - [2024-11-01T18:39:35.850+0000] {dagbag.py:541} INFO - Filling up the DagBag from /home/airflow/.local/lib/python3.7/site-packages/airflow/example_dags/example_trigger_target_dag.py
[2024-11-01T18:39:35.872+0000] {processor.py:836} INFO - DAG(s) dict_keys(['example_trigger_target_dag']) retrieved from /home/airflow/.local/lib/python3.7/site-packages/airflow/example_dags/example_trigger_target_dag.py
[2024-11-01T18:39:35.908+0000] {logging_mixin.py:150} INFO - [2024-11-01T18:39:35.907+0000] {dag.py:2742} INFO - Sync 1 DAGs
[2024-11-01T18:39:35.931+0000] {logging_mixin.py:150} INFO - [2024-11-01T18:39:35.930+0000] {dag.py:3508} INFO - Setting next_dagrun for example_trigger_target_dag to None, run_after=None
[2024-11-01T18:39:35.948+0000] {processor.py:179} INFO - Processing /home/airflow/.local/lib/python3.7/site-packages/airflow/example_dags/example_trigger_target_dag.py took 0.109 seconds
[2024-11-01T18:40:06.156+0000] {processor.py:157} INFO - Started process (PID=2252) to work on /home/airflow/.local/lib/python3.7/site-packages/airflow/example_dags/example_trigger_target_dag.py
[2024-11-01T18:40:06.161+0000] {processor.py:826} INFO - Processing file /home/airflow/.local/lib/python3.7/site-packages/airflow/example_dags/example_trigger_target_dag.py for tasks to queue
[2024-11-01T18:40:06.162+0000] {logging_mixin.py:150} INFO - [2024-11-01T18:40:06.161+0000] {dagbag.py:541} INFO - Filling up the DagBag from /home/airflow/.local/lib/python3.7/site-packages/airflow/example_dags/example_trigger_target_dag.py
[2024-11-01T18:40:06.170+0000] {processor.py:836} INFO - DAG(s) dict_keys(['example_trigger_target_dag']) retrieved from /home/airflow/.local/lib/python3.7/site-packages/airflow/example_dags/example_trigger_target_dag.py
[2024-11-01T18:40:06.194+0000] {logging_mixin.py:150} INFO - [2024-11-01T18:40:06.194+0000] {dag.py:2742} INFO - Sync 1 DAGs
[2024-11-01T18:40:06.217+0000] {logging_mixin.py:150} INFO - [2024-11-01T18:40:06.217+0000] {dag.py:3508} INFO - Setting next_dagrun for example_trigger_target_dag to None, run_after=None
[2024-11-01T18:40:06.231+0000] {processor.py:179} INFO - Processing /home/airflow/.local/lib/python3.7/site-packages/airflow/example_dags/example_trigger_target_dag.py took 0.079 seconds
[2024-11-01T18:40:36.973+0000] {processor.py:157} INFO - Started process (PID=2314) to work on /home/airflow/.local/lib/python3.7/site-packages/airflow/example_dags/example_trigger_target_dag.py
[2024-11-01T18:40:37.081+0000] {processor.py:826} INFO - Processing file /home/airflow/.local/lib/python3.7/site-packages/airflow/example_dags/example_trigger_target_dag.py for tasks to queue
[2024-11-01T18:40:37.083+0000] {logging_mixin.py:150} INFO - [2024-11-01T18:40:37.083+0000] {dagbag.py:541} INFO - Filling up the DagBag from /home/airflow/.local/lib/python3.7/site-packages/airflow/example_dags/example_trigger_target_dag.py
[2024-11-01T18:40:37.098+0000] {processor.py:836} INFO - DAG(s) dict_keys(['example_trigger_target_dag']) retrieved from /home/airflow/.local/lib/python3.7/site-packages/airflow/example_dags/example_trigger_target_dag.py
[2024-11-01T18:40:37.140+0000] {logging_mixin.py:150} INFO - [2024-11-01T18:40:37.140+0000] {dag.py:2742} INFO - Sync 1 DAGs
[2024-11-01T18:40:37.160+0000] {logging_mixin.py:150} INFO - [2024-11-01T18:40:37.160+0000] {dag.py:3508} INFO - Setting next_dagrun for example_trigger_target_dag to None, run_after=None
[2024-11-01T18:40:37.174+0000] {processor.py:179} INFO - Processing /home/airflow/.local/lib/python3.7/site-packages/airflow/example_dags/example_trigger_target_dag.py took 0.206 seconds
[2024-11-01T18:41:07.401+0000] {processor.py:157} INFO - Started process (PID=2376) to work on /home/airflow/.local/lib/python3.7/site-packages/airflow/example_dags/example_trigger_target_dag.py
[2024-11-01T18:41:07.404+0000] {processor.py:826} INFO - Processing file /home/airflow/.local/lib/python3.7/site-packages/airflow/example_dags/example_trigger_target_dag.py for tasks to queue
[2024-11-01T18:41:07.408+0000] {logging_mixin.py:150} INFO - [2024-11-01T18:41:07.406+0000] {dagbag.py:541} INFO - Filling up the DagBag from /home/airflow/.local/lib/python3.7/site-packages/airflow/example_dags/example_trigger_target_dag.py
[2024-11-01T18:41:07.419+0000] {processor.py:836} INFO - DAG(s) dict_keys(['example_trigger_target_dag']) retrieved from /home/airflow/.local/lib/python3.7/site-packages/airflow/example_dags/example_trigger_target_dag.py
[2024-11-01T18:41:07.457+0000] {logging_mixin.py:150} INFO - [2024-11-01T18:41:07.457+0000] {dag.py:2742} INFO - Sync 1 DAGs
[2024-11-01T18:41:07.547+0000] {logging_mixin.py:150} INFO - [2024-11-01T18:41:07.546+0000] {dag.py:3508} INFO - Setting next_dagrun for example_trigger_target_dag to None, run_after=None
[2024-11-01T18:41:07.568+0000] {processor.py:179} INFO - Processing /home/airflow/.local/lib/python3.7/site-packages/airflow/example_dags/example_trigger_target_dag.py took 0.182 seconds
[2024-11-01T18:41:38.412+0000] {processor.py:157} INFO - Started process (PID=2438) to work on /home/airflow/.local/lib/python3.7/site-packages/airflow/example_dags/example_trigger_target_dag.py
[2024-11-01T18:41:38.413+0000] {processor.py:826} INFO - Processing file /home/airflow/.local/lib/python3.7/site-packages/airflow/example_dags/example_trigger_target_dag.py for tasks to queue
[2024-11-01T18:41:38.413+0000] {logging_mixin.py:150} INFO - [2024-11-01T18:41:38.413+0000] {dagbag.py:541} INFO - Filling up the DagBag from /home/airflow/.local/lib/python3.7/site-packages/airflow/example_dags/example_trigger_target_dag.py
[2024-11-01T18:41:38.418+0000] {processor.py:836} INFO - DAG(s) dict_keys(['example_trigger_target_dag']) retrieved from /home/airflow/.local/lib/python3.7/site-packages/airflow/example_dags/example_trigger_target_dag.py
[2024-11-01T18:41:38.452+0000] {logging_mixin.py:150} INFO - [2024-11-01T18:41:38.452+0000] {dag.py:2742} INFO - Sync 1 DAGs
[2024-11-01T18:41:38.476+0000] {logging_mixin.py:150} INFO - [2024-11-01T18:41:38.476+0000] {dag.py:3508} INFO - Setting next_dagrun for example_trigger_target_dag to None, run_after=None
[2024-11-01T18:41:38.490+0000] {processor.py:179} INFO - Processing /home/airflow/.local/lib/python3.7/site-packages/airflow/example_dags/example_trigger_target_dag.py took 0.084 seconds
[2024-11-01T18:42:08.615+0000] {processor.py:157} INFO - Started process (PID=2500) to work on /home/airflow/.local/lib/python3.7/site-packages/airflow/example_dags/example_trigger_target_dag.py
[2024-11-01T18:42:08.619+0000] {processor.py:826} INFO - Processing file /home/airflow/.local/lib/python3.7/site-packages/airflow/example_dags/example_trigger_target_dag.py for tasks to queue
[2024-11-01T18:42:08.621+0000] {logging_mixin.py:150} INFO - [2024-11-01T18:42:08.621+0000] {dagbag.py:541} INFO - Filling up the DagBag from /home/airflow/.local/lib/python3.7/site-packages/airflow/example_dags/example_trigger_target_dag.py
[2024-11-01T18:42:08.629+0000] {processor.py:836} INFO - DAG(s) dict_keys(['example_trigger_target_dag']) retrieved from /home/airflow/.local/lib/python3.7/site-packages/airflow/example_dags/example_trigger_target_dag.py
[2024-11-01T18:42:08.663+0000] {logging_mixin.py:150} INFO - [2024-11-01T18:42:08.663+0000] {dag.py:2742} INFO - Sync 1 DAGs
[2024-11-01T18:42:08.681+0000] {logging_mixin.py:150} INFO - [2024-11-01T18:42:08.681+0000] {dag.py:3508} INFO - Setting next_dagrun for example_trigger_target_dag to None, run_after=None
[2024-11-01T18:42:08.702+0000] {processor.py:179} INFO - Processing /home/airflow/.local/lib/python3.7/site-packages/airflow/example_dags/example_trigger_target_dag.py took 0.092 seconds
[2024-11-01T18:42:39.289+0000] {processor.py:157} INFO - Started process (PID=2562) to work on /home/airflow/.local/lib/python3.7/site-packages/airflow/example_dags/example_trigger_target_dag.py
[2024-11-01T18:42:39.291+0000] {processor.py:826} INFO - Processing file /home/airflow/.local/lib/python3.7/site-packages/airflow/example_dags/example_trigger_target_dag.py for tasks to queue
[2024-11-01T18:42:39.292+0000] {logging_mixin.py:150} INFO - [2024-11-01T18:42:39.292+0000] {dagbag.py:541} INFO - Filling up the DagBag from /home/airflow/.local/lib/python3.7/site-packages/airflow/example_dags/example_trigger_target_dag.py
[2024-11-01T18:42:39.303+0000] {processor.py:836} INFO - DAG(s) dict_keys(['example_trigger_target_dag']) retrieved from /home/airflow/.local/lib/python3.7/site-packages/airflow/example_dags/example_trigger_target_dag.py
[2024-11-01T18:42:39.353+0000] {logging_mixin.py:150} INFO - [2024-11-01T18:42:39.353+0000] {dag.py:2742} INFO - Sync 1 DAGs
[2024-11-01T18:42:39.380+0000] {logging_mixin.py:150} INFO - [2024-11-01T18:42:39.380+0000] {dag.py:3508} INFO - Setting next_dagrun for example_trigger_target_dag to None, run_after=None
[2024-11-01T18:42:39.399+0000] {processor.py:179} INFO - Processing /home/airflow/.local/lib/python3.7/site-packages/airflow/example_dags/example_trigger_target_dag.py took 0.118 seconds
[2024-11-01T18:43:11.526+0000] {processor.py:157} INFO - Started process (PID=2623) to work on /home/airflow/.local/lib/python3.7/site-packages/airflow/example_dags/example_trigger_target_dag.py
[2024-11-01T18:43:11.527+0000] {processor.py:826} INFO - Processing file /home/airflow/.local/lib/python3.7/site-packages/airflow/example_dags/example_trigger_target_dag.py for tasks to queue
[2024-11-01T18:43:11.529+0000] {logging_mixin.py:150} INFO - [2024-11-01T18:43:11.529+0000] {dagbag.py:541} INFO - Filling up the DagBag from /home/airflow/.local/lib/python3.7/site-packages/airflow/example_dags/example_trigger_target_dag.py
[2024-11-01T18:43:11.537+0000] {processor.py:836} INFO - DAG(s) dict_keys(['example_trigger_target_dag']) retrieved from /home/airflow/.local/lib/python3.7/site-packages/airflow/example_dags/example_trigger_target_dag.py
[2024-11-01T18:43:11.579+0000] {logging_mixin.py:150} INFO - [2024-11-01T18:43:11.579+0000] {dag.py:2742} INFO - Sync 1 DAGs
[2024-11-01T18:43:11.632+0000] {logging_mixin.py:150} INFO - [2024-11-01T18:43:11.632+0000] {dag.py:3508} INFO - Setting next_dagrun for example_trigger_target_dag to None, run_after=None
[2024-11-01T18:43:11.645+0000] {processor.py:179} INFO - Processing /home/airflow/.local/lib/python3.7/site-packages/airflow/example_dags/example_trigger_target_dag.py took 0.122 seconds
[2024-11-01T18:43:42.112+0000] {processor.py:157} INFO - Started process (PID=2684) to work on /home/airflow/.local/lib/python3.7/site-packages/airflow/example_dags/example_trigger_target_dag.py
[2024-11-01T18:43:42.113+0000] {processor.py:826} INFO - Processing file /home/airflow/.local/lib/python3.7/site-packages/airflow/example_dags/example_trigger_target_dag.py for tasks to queue
[2024-11-01T18:43:42.114+0000] {logging_mixin.py:150} INFO - [2024-11-01T18:43:42.113+0000] {dagbag.py:541} INFO - Filling up the DagBag from /home/airflow/.local/lib/python3.7/site-packages/airflow/example_dags/example_trigger_target_dag.py
[2024-11-01T18:43:42.117+0000] {processor.py:836} INFO - DAG(s) dict_keys(['example_trigger_target_dag']) retrieved from /home/airflow/.local/lib/python3.7/site-packages/airflow/example_dags/example_trigger_target_dag.py
[2024-11-01T18:43:42.132+0000] {logging_mixin.py:150} INFO - [2024-11-01T18:43:42.132+0000] {dag.py:2742} INFO - Sync 1 DAGs
[2024-11-01T18:43:42.147+0000] {logging_mixin.py:150} INFO - [2024-11-01T18:43:42.147+0000] {dag.py:3508} INFO - Setting next_dagrun for example_trigger_target_dag to None, run_after=None
[2024-11-01T18:43:42.158+0000] {processor.py:179} INFO - Processing /home/airflow/.local/lib/python3.7/site-packages/airflow/example_dags/example_trigger_target_dag.py took 0.048 seconds
[2024-11-01T18:44:12.388+0000] {processor.py:157} INFO - Started process (PID=2746) to work on /home/airflow/.local/lib/python3.7/site-packages/airflow/example_dags/example_trigger_target_dag.py
[2024-11-01T18:44:12.389+0000] {processor.py:826} INFO - Processing file /home/airflow/.local/lib/python3.7/site-packages/airflow/example_dags/example_trigger_target_dag.py for tasks to queue
[2024-11-01T18:44:12.390+0000] {logging_mixin.py:150} INFO - [2024-11-01T18:44:12.390+0000] {dagbag.py:541} INFO - Filling up the DagBag from /home/airflow/.local/lib/python3.7/site-packages/airflow/example_dags/example_trigger_target_dag.py
[2024-11-01T18:44:12.395+0000] {processor.py:836} INFO - DAG(s) dict_keys(['example_trigger_target_dag']) retrieved from /home/airflow/.local/lib/python3.7/site-packages/airflow/example_dags/example_trigger_target_dag.py
[2024-11-01T18:44:12.414+0000] {logging_mixin.py:150} INFO - [2024-11-01T18:44:12.414+0000] {dag.py:2742} INFO - Sync 1 DAGs
[2024-11-01T18:44:12.427+0000] {logging_mixin.py:150} INFO - [2024-11-01T18:44:12.427+0000] {dag.py:3508} INFO - Setting next_dagrun for example_trigger_target_dag to None, run_after=None
[2024-11-01T18:44:12.440+0000] {processor.py:179} INFO - Processing /home/airflow/.local/lib/python3.7/site-packages/airflow/example_dags/example_trigger_target_dag.py took 0.054 seconds
[2024-11-01T18:44:42.599+0000] {processor.py:157} INFO - Started process (PID=2808) to work on /home/airflow/.local/lib/python3.7/site-packages/airflow/example_dags/example_trigger_target_dag.py
[2024-11-01T18:44:42.601+0000] {processor.py:826} INFO - Processing file /home/airflow/.local/lib/python3.7/site-packages/airflow/example_dags/example_trigger_target_dag.py for tasks to queue
[2024-11-01T18:44:42.601+0000] {logging_mixin.py:150} INFO - [2024-11-01T18:44:42.601+0000] {dagbag.py:541} INFO - Filling up the DagBag from /home/airflow/.local/lib/python3.7/site-packages/airflow/example_dags/example_trigger_target_dag.py
[2024-11-01T18:44:42.604+0000] {processor.py:836} INFO - DAG(s) dict_keys(['example_trigger_target_dag']) retrieved from /home/airflow/.local/lib/python3.7/site-packages/airflow/example_dags/example_trigger_target_dag.py
[2024-11-01T18:44:42.619+0000] {logging_mixin.py:150} INFO - [2024-11-01T18:44:42.619+0000] {dag.py:2742} INFO - Sync 1 DAGs
[2024-11-01T18:44:42.632+0000] {logging_mixin.py:150} INFO - [2024-11-01T18:44:42.632+0000] {dag.py:3508} INFO - Setting next_dagrun for example_trigger_target_dag to None, run_after=None
[2024-11-01T18:44:42.641+0000] {processor.py:179} INFO - Processing /home/airflow/.local/lib/python3.7/site-packages/airflow/example_dags/example_trigger_target_dag.py took 0.044 seconds
[2024-11-01T18:45:13.081+0000] {processor.py:157} INFO - Started process (PID=2870) to work on /home/airflow/.local/lib/python3.7/site-packages/airflow/example_dags/example_trigger_target_dag.py
[2024-11-01T18:45:13.082+0000] {processor.py:826} INFO - Processing file /home/airflow/.local/lib/python3.7/site-packages/airflow/example_dags/example_trigger_target_dag.py for tasks to queue
[2024-11-01T18:45:13.082+0000] {logging_mixin.py:150} INFO - [2024-11-01T18:45:13.082+0000] {dagbag.py:541} INFO - Filling up the DagBag from /home/airflow/.local/lib/python3.7/site-packages/airflow/example_dags/example_trigger_target_dag.py
[2024-11-01T18:45:13.085+0000] {processor.py:836} INFO - DAG(s) dict_keys(['example_trigger_target_dag']) retrieved from /home/airflow/.local/lib/python3.7/site-packages/airflow/example_dags/example_trigger_target_dag.py
[2024-11-01T18:45:13.102+0000] {logging_mixin.py:150} INFO - [2024-11-01T18:45:13.102+0000] {dag.py:2742} INFO - Sync 1 DAGs
[2024-11-01T18:45:13.115+0000] {logging_mixin.py:150} INFO - [2024-11-01T18:45:13.115+0000] {dag.py:3508} INFO - Setting next_dagrun for example_trigger_target_dag to None, run_after=None
[2024-11-01T18:45:13.128+0000] {processor.py:179} INFO - Processing /home/airflow/.local/lib/python3.7/site-packages/airflow/example_dags/example_trigger_target_dag.py took 0.049 seconds
[2024-11-01T18:45:43.733+0000] {processor.py:157} INFO - Started process (PID=2928) to work on /home/airflow/.local/lib/python3.7/site-packages/airflow/example_dags/example_trigger_target_dag.py
[2024-11-01T18:45:43.735+0000] {processor.py:826} INFO - Processing file /home/airflow/.local/lib/python3.7/site-packages/airflow/example_dags/example_trigger_target_dag.py for tasks to queue
[2024-11-01T18:45:43.736+0000] {logging_mixin.py:150} INFO - [2024-11-01T18:45:43.736+0000] {dagbag.py:541} INFO - Filling up the DagBag from /home/airflow/.local/lib/python3.7/site-packages/airflow/example_dags/example_trigger_target_dag.py
[2024-11-01T18:45:43.739+0000] {processor.py:836} INFO - DAG(s) dict_keys(['example_trigger_target_dag']) retrieved from /home/airflow/.local/lib/python3.7/site-packages/airflow/example_dags/example_trigger_target_dag.py
[2024-11-01T18:45:43.756+0000] {logging_mixin.py:150} INFO - [2024-11-01T18:45:43.756+0000] {dag.py:2742} INFO - Sync 1 DAGs
[2024-11-01T18:45:43.772+0000] {logging_mixin.py:150} INFO - [2024-11-01T18:45:43.772+0000] {dag.py:3508} INFO - Setting next_dagrun for example_trigger_target_dag to None, run_after=None
[2024-11-01T18:45:43.783+0000] {processor.py:179} INFO - Processing /home/airflow/.local/lib/python3.7/site-packages/airflow/example_dags/example_trigger_target_dag.py took 0.052 seconds
[2024-11-01T18:46:14.639+0000] {processor.py:157} INFO - Started process (PID=2989) to work on /home/airflow/.local/lib/python3.7/site-packages/airflow/example_dags/example_trigger_target_dag.py
[2024-11-01T18:46:14.640+0000] {processor.py:826} INFO - Processing file /home/airflow/.local/lib/python3.7/site-packages/airflow/example_dags/example_trigger_target_dag.py for tasks to queue
[2024-11-01T18:46:14.641+0000] {logging_mixin.py:150} INFO - [2024-11-01T18:46:14.641+0000] {dagbag.py:541} INFO - Filling up the DagBag from /home/airflow/.local/lib/python3.7/site-packages/airflow/example_dags/example_trigger_target_dag.py
[2024-11-01T18:46:14.646+0000] {processor.py:836} INFO - DAG(s) dict_keys(['example_trigger_target_dag']) retrieved from /home/airflow/.local/lib/python3.7/site-packages/airflow/example_dags/example_trigger_target_dag.py
[2024-11-01T18:46:14.661+0000] {logging_mixin.py:150} INFO - [2024-11-01T18:46:14.661+0000] {dag.py:2742} INFO - Sync 1 DAGs
[2024-11-01T18:46:14.679+0000] {logging_mixin.py:150} INFO - [2024-11-01T18:46:14.678+0000] {dag.py:3508} INFO - Setting next_dagrun for example_trigger_target_dag to None, run_after=None
[2024-11-01T18:46:14.689+0000] {processor.py:179} INFO - Processing /home/airflow/.local/lib/python3.7/site-packages/airflow/example_dags/example_trigger_target_dag.py took 0.054 seconds
[2024-11-01T18:46:47.614+0000] {processor.py:157} INFO - Started process (PID=3051) to work on /home/airflow/.local/lib/python3.7/site-packages/airflow/example_dags/example_trigger_target_dag.py
[2024-11-01T18:46:47.617+0000] {processor.py:826} INFO - Processing file /home/airflow/.local/lib/python3.7/site-packages/airflow/example_dags/example_trigger_target_dag.py for tasks to queue
[2024-11-01T18:46:47.619+0000] {logging_mixin.py:150} INFO - [2024-11-01T18:46:47.618+0000] {dagbag.py:541} INFO - Filling up the DagBag from /home/airflow/.local/lib/python3.7/site-packages/airflow/example_dags/example_trigger_target_dag.py
[2024-11-01T18:46:47.629+0000] {processor.py:836} INFO - DAG(s) dict_keys(['example_trigger_target_dag']) retrieved from /home/airflow/.local/lib/python3.7/site-packages/airflow/example_dags/example_trigger_target_dag.py
[2024-11-01T18:46:47.661+0000] {logging_mixin.py:150} INFO - [2024-11-01T18:46:47.661+0000] {dag.py:2742} INFO - Sync 1 DAGs
[2024-11-01T18:46:47.701+0000] {logging_mixin.py:150} INFO - [2024-11-01T18:46:47.700+0000] {dag.py:3508} INFO - Setting next_dagrun for example_trigger_target_dag to None, run_after=None
[2024-11-01T18:46:47.755+0000] {processor.py:179} INFO - Processing /home/airflow/.local/lib/python3.7/site-packages/airflow/example_dags/example_trigger_target_dag.py took 0.157 seconds
[2024-11-01T18:47:17.914+0000] {processor.py:157} INFO - Started process (PID=3112) to work on /home/airflow/.local/lib/python3.7/site-packages/airflow/example_dags/example_trigger_target_dag.py
[2024-11-01T18:47:17.915+0000] {processor.py:826} INFO - Processing file /home/airflow/.local/lib/python3.7/site-packages/airflow/example_dags/example_trigger_target_dag.py for tasks to queue
[2024-11-01T18:47:17.916+0000] {logging_mixin.py:150} INFO - [2024-11-01T18:47:17.916+0000] {dagbag.py:541} INFO - Filling up the DagBag from /home/airflow/.local/lib/python3.7/site-packages/airflow/example_dags/example_trigger_target_dag.py
[2024-11-01T18:47:17.919+0000] {processor.py:836} INFO - DAG(s) dict_keys(['example_trigger_target_dag']) retrieved from /home/airflow/.local/lib/python3.7/site-packages/airflow/example_dags/example_trigger_target_dag.py
[2024-11-01T18:47:17.936+0000] {logging_mixin.py:150} INFO - [2024-11-01T18:47:17.935+0000] {dag.py:2742} INFO - Sync 1 DAGs
[2024-11-01T18:47:17.949+0000] {logging_mixin.py:150} INFO - [2024-11-01T18:47:17.949+0000] {dag.py:3508} INFO - Setting next_dagrun for example_trigger_target_dag to None, run_after=None
[2024-11-01T18:47:17.956+0000] {processor.py:179} INFO - Processing /home/airflow/.local/lib/python3.7/site-packages/airflow/example_dags/example_trigger_target_dag.py took 0.048 seconds
[2024-11-01T18:47:48.935+0000] {processor.py:157} INFO - Started process (PID=3175) to work on /home/airflow/.local/lib/python3.7/site-packages/airflow/example_dags/example_trigger_target_dag.py
[2024-11-01T18:47:48.936+0000] {processor.py:826} INFO - Processing file /home/airflow/.local/lib/python3.7/site-packages/airflow/example_dags/example_trigger_target_dag.py for tasks to queue
[2024-11-01T18:47:48.937+0000] {logging_mixin.py:150} INFO - [2024-11-01T18:47:48.937+0000] {dagbag.py:541} INFO - Filling up the DagBag from /home/airflow/.local/lib/python3.7/site-packages/airflow/example_dags/example_trigger_target_dag.py
[2024-11-01T18:47:48.942+0000] {processor.py:836} INFO - DAG(s) dict_keys(['example_trigger_target_dag']) retrieved from /home/airflow/.local/lib/python3.7/site-packages/airflow/example_dags/example_trigger_target_dag.py
[2024-11-01T18:47:48.960+0000] {logging_mixin.py:150} INFO - [2024-11-01T18:47:48.960+0000] {dag.py:2742} INFO - Sync 1 DAGs
[2024-11-01T18:47:48.976+0000] {logging_mixin.py:150} INFO - [2024-11-01T18:47:48.976+0000] {dag.py:3508} INFO - Setting next_dagrun for example_trigger_target_dag to None, run_after=None
[2024-11-01T18:47:48.988+0000] {processor.py:179} INFO - Processing /home/airflow/.local/lib/python3.7/site-packages/airflow/example_dags/example_trigger_target_dag.py took 0.055 seconds
[2024-11-01T18:48:19.628+0000] {processor.py:157} INFO - Started process (PID=3237) to work on /home/airflow/.local/lib/python3.7/site-packages/airflow/example_dags/example_trigger_target_dag.py
[2024-11-01T18:48:19.629+0000] {processor.py:826} INFO - Processing file /home/airflow/.local/lib/python3.7/site-packages/airflow/example_dags/example_trigger_target_dag.py for tasks to queue
[2024-11-01T18:48:19.630+0000] {logging_mixin.py:150} INFO - [2024-11-01T18:48:19.630+0000] {dagbag.py:541} INFO - Filling up the DagBag from /home/airflow/.local/lib/python3.7/site-packages/airflow/example_dags/example_trigger_target_dag.py
[2024-11-01T18:48:19.634+0000] {processor.py:836} INFO - DAG(s) dict_keys(['example_trigger_target_dag']) retrieved from /home/airflow/.local/lib/python3.7/site-packages/airflow/example_dags/example_trigger_target_dag.py
[2024-11-01T18:48:19.658+0000] {logging_mixin.py:150} INFO - [2024-11-01T18:48:19.658+0000] {dag.py:2742} INFO - Sync 1 DAGs
[2024-11-01T18:48:19.687+0000] {logging_mixin.py:150} INFO - [2024-11-01T18:48:19.687+0000] {dag.py:3508} INFO - Setting next_dagrun for example_trigger_target_dag to None, run_after=None
[2024-11-01T18:48:19.704+0000] {processor.py:179} INFO - Processing /home/airflow/.local/lib/python3.7/site-packages/airflow/example_dags/example_trigger_target_dag.py took 0.078 seconds
[2024-11-01T18:48:49.796+0000] {processor.py:157} INFO - Started process (PID=3299) to work on /home/airflow/.local/lib/python3.7/site-packages/airflow/example_dags/example_trigger_target_dag.py
[2024-11-01T18:48:49.798+0000] {processor.py:826} INFO - Processing file /home/airflow/.local/lib/python3.7/site-packages/airflow/example_dags/example_trigger_target_dag.py for tasks to queue
[2024-11-01T18:48:49.799+0000] {logging_mixin.py:150} INFO - [2024-11-01T18:48:49.799+0000] {dagbag.py:541} INFO - Filling up the DagBag from /home/airflow/.local/lib/python3.7/site-packages/airflow/example_dags/example_trigger_target_dag.py
[2024-11-01T18:48:49.802+0000] {processor.py:836} INFO - DAG(s) dict_keys(['example_trigger_target_dag']) retrieved from /home/airflow/.local/lib/python3.7/site-packages/airflow/example_dags/example_trigger_target_dag.py
[2024-11-01T18:48:49.819+0000] {logging_mixin.py:150} INFO - [2024-11-01T18:48:49.819+0000] {dag.py:2742} INFO - Sync 1 DAGs
[2024-11-01T18:48:49.837+0000] {logging_mixin.py:150} INFO - [2024-11-01T18:48:49.837+0000] {dag.py:3508} INFO - Setting next_dagrun for example_trigger_target_dag to None, run_after=None
[2024-11-01T18:48:49.850+0000] {processor.py:179} INFO - Processing /home/airflow/.local/lib/python3.7/site-packages/airflow/example_dags/example_trigger_target_dag.py took 0.057 seconds
[2024-11-01T18:49:20.654+0000] {processor.py:157} INFO - Started process (PID=3361) to work on /home/airflow/.local/lib/python3.7/site-packages/airflow/example_dags/example_trigger_target_dag.py
[2024-11-01T18:49:20.655+0000] {processor.py:826} INFO - Processing file /home/airflow/.local/lib/python3.7/site-packages/airflow/example_dags/example_trigger_target_dag.py for tasks to queue
[2024-11-01T18:49:20.656+0000] {logging_mixin.py:150} INFO - [2024-11-01T18:49:20.656+0000] {dagbag.py:541} INFO - Filling up the DagBag from /home/airflow/.local/lib/python3.7/site-packages/airflow/example_dags/example_trigger_target_dag.py
[2024-11-01T18:49:20.663+0000] {processor.py:836} INFO - DAG(s) dict_keys(['example_trigger_target_dag']) retrieved from /home/airflow/.local/lib/python3.7/site-packages/airflow/example_dags/example_trigger_target_dag.py
[2024-11-01T18:49:20.680+0000] {logging_mixin.py:150} INFO - [2024-11-01T18:49:20.680+0000] {dag.py:2742} INFO - Sync 1 DAGs
[2024-11-01T18:49:20.705+0000] {logging_mixin.py:150} INFO - [2024-11-01T18:49:20.705+0000] {dag.py:3508} INFO - Setting next_dagrun for example_trigger_target_dag to None, run_after=None
[2024-11-01T18:49:20.730+0000] {processor.py:179} INFO - Processing /home/airflow/.local/lib/python3.7/site-packages/airflow/example_dags/example_trigger_target_dag.py took 0.083 seconds
[2024-11-01T18:49:51.172+0000] {processor.py:157} INFO - Started process (PID=3423) to work on /home/airflow/.local/lib/python3.7/site-packages/airflow/example_dags/example_trigger_target_dag.py
[2024-11-01T18:49:51.173+0000] {processor.py:826} INFO - Processing file /home/airflow/.local/lib/python3.7/site-packages/airflow/example_dags/example_trigger_target_dag.py for tasks to queue
[2024-11-01T18:49:51.174+0000] {logging_mixin.py:150} INFO - [2024-11-01T18:49:51.174+0000] {dagbag.py:541} INFO - Filling up the DagBag from /home/airflow/.local/lib/python3.7/site-packages/airflow/example_dags/example_trigger_target_dag.py
[2024-11-01T18:49:51.178+0000] {processor.py:836} INFO - DAG(s) dict_keys(['example_trigger_target_dag']) retrieved from /home/airflow/.local/lib/python3.7/site-packages/airflow/example_dags/example_trigger_target_dag.py
[2024-11-01T18:49:51.193+0000] {logging_mixin.py:150} INFO - [2024-11-01T18:49:51.193+0000] {dag.py:2742} INFO - Sync 1 DAGs
[2024-11-01T18:49:51.206+0000] {logging_mixin.py:150} INFO - [2024-11-01T18:49:51.206+0000] {dag.py:3508} INFO - Setting next_dagrun for example_trigger_target_dag to None, run_after=None
[2024-11-01T18:49:51.215+0000] {processor.py:179} INFO - Processing /home/airflow/.local/lib/python3.7/site-packages/airflow/example_dags/example_trigger_target_dag.py took 0.046 seconds
[2024-11-01T18:50:21.824+0000] {processor.py:157} INFO - Started process (PID=3485) to work on /home/airflow/.local/lib/python3.7/site-packages/airflow/example_dags/example_trigger_target_dag.py
[2024-11-01T18:50:21.828+0000] {processor.py:826} INFO - Processing file /home/airflow/.local/lib/python3.7/site-packages/airflow/example_dags/example_trigger_target_dag.py for tasks to queue
[2024-11-01T18:50:21.829+0000] {logging_mixin.py:150} INFO - [2024-11-01T18:50:21.829+0000] {dagbag.py:541} INFO - Filling up the DagBag from /home/airflow/.local/lib/python3.7/site-packages/airflow/example_dags/example_trigger_target_dag.py
[2024-11-01T18:50:21.837+0000] {processor.py:836} INFO - DAG(s) dict_keys(['example_trigger_target_dag']) retrieved from /home/airflow/.local/lib/python3.7/site-packages/airflow/example_dags/example_trigger_target_dag.py
[2024-11-01T18:50:21.889+0000] {logging_mixin.py:150} INFO - [2024-11-01T18:50:21.889+0000] {dag.py:2742} INFO - Sync 1 DAGs
[2024-11-01T18:50:21.935+0000] {logging_mixin.py:150} INFO - [2024-11-01T18:50:21.935+0000] {dag.py:3508} INFO - Setting next_dagrun for example_trigger_target_dag to None, run_after=None
[2024-11-01T18:50:21.947+0000] {processor.py:179} INFO - Processing /home/airflow/.local/lib/python3.7/site-packages/airflow/example_dags/example_trigger_target_dag.py took 0.129 seconds
[2024-11-01T18:50:52.767+0000] {processor.py:157} INFO - Started process (PID=3547) to work on /home/airflow/.local/lib/python3.7/site-packages/airflow/example_dags/example_trigger_target_dag.py
[2024-11-01T18:50:52.770+0000] {processor.py:826} INFO - Processing file /home/airflow/.local/lib/python3.7/site-packages/airflow/example_dags/example_trigger_target_dag.py for tasks to queue
[2024-11-01T18:50:52.771+0000] {logging_mixin.py:150} INFO - [2024-11-01T18:50:52.771+0000] {dagbag.py:541} INFO - Filling up the DagBag from /home/airflow/.local/lib/python3.7/site-packages/airflow/example_dags/example_trigger_target_dag.py
[2024-11-01T18:50:52.775+0000] {processor.py:836} INFO - DAG(s) dict_keys(['example_trigger_target_dag']) retrieved from /home/airflow/.local/lib/python3.7/site-packages/airflow/example_dags/example_trigger_target_dag.py
[2024-11-01T18:50:52.791+0000] {logging_mixin.py:150} INFO - [2024-11-01T18:50:52.790+0000] {dag.py:2742} INFO - Sync 1 DAGs
[2024-11-01T18:50:52.804+0000] {logging_mixin.py:150} INFO - [2024-11-01T18:50:52.803+0000] {dag.py:3508} INFO - Setting next_dagrun for example_trigger_target_dag to None, run_after=None
[2024-11-01T18:50:52.813+0000] {processor.py:179} INFO - Processing /home/airflow/.local/lib/python3.7/site-packages/airflow/example_dags/example_trigger_target_dag.py took 0.051 seconds
[2024-11-01T18:51:24.080+0000] {processor.py:157} INFO - Started process (PID=3609) to work on /home/airflow/.local/lib/python3.7/site-packages/airflow/example_dags/example_trigger_target_dag.py
[2024-11-01T18:51:24.081+0000] {processor.py:826} INFO - Processing file /home/airflow/.local/lib/python3.7/site-packages/airflow/example_dags/example_trigger_target_dag.py for tasks to queue
[2024-11-01T18:51:24.081+0000] {logging_mixin.py:150} INFO - [2024-11-01T18:51:24.081+0000] {dagbag.py:541} INFO - Filling up the DagBag from /home/airflow/.local/lib/python3.7/site-packages/airflow/example_dags/example_trigger_target_dag.py
[2024-11-01T18:51:24.086+0000] {processor.py:836} INFO - DAG(s) dict_keys(['example_trigger_target_dag']) retrieved from /home/airflow/.local/lib/python3.7/site-packages/airflow/example_dags/example_trigger_target_dag.py
[2024-11-01T18:51:24.098+0000] {logging_mixin.py:150} INFO - [2024-11-01T18:51:24.098+0000] {dag.py:2742} INFO - Sync 1 DAGs
[2024-11-01T18:51:24.110+0000] {logging_mixin.py:150} INFO - [2024-11-01T18:51:24.110+0000] {dag.py:3508} INFO - Setting next_dagrun for example_trigger_target_dag to None, run_after=None
[2024-11-01T18:51:24.118+0000] {processor.py:179} INFO - Processing /home/airflow/.local/lib/python3.7/site-packages/airflow/example_dags/example_trigger_target_dag.py took 0.041 seconds
[2024-11-01T18:51:55.013+0000] {processor.py:157} INFO - Started process (PID=3671) to work on /home/airflow/.local/lib/python3.7/site-packages/airflow/example_dags/example_trigger_target_dag.py
[2024-11-01T18:51:55.014+0000] {processor.py:826} INFO - Processing file /home/airflow/.local/lib/python3.7/site-packages/airflow/example_dags/example_trigger_target_dag.py for tasks to queue
[2024-11-01T18:51:55.015+0000] {logging_mixin.py:150} INFO - [2024-11-01T18:51:55.015+0000] {dagbag.py:541} INFO - Filling up the DagBag from /home/airflow/.local/lib/python3.7/site-packages/airflow/example_dags/example_trigger_target_dag.py
[2024-11-01T18:51:55.018+0000] {processor.py:836} INFO - DAG(s) dict_keys(['example_trigger_target_dag']) retrieved from /home/airflow/.local/lib/python3.7/site-packages/airflow/example_dags/example_trigger_target_dag.py
[2024-11-01T18:51:55.038+0000] {logging_mixin.py:150} INFO - [2024-11-01T18:51:55.038+0000] {dag.py:2742} INFO - Sync 1 DAGs
[2024-11-01T18:51:55.052+0000] {logging_mixin.py:150} INFO - [2024-11-01T18:51:55.052+0000] {dag.py:3508} INFO - Setting next_dagrun for example_trigger_target_dag to None, run_after=None
[2024-11-01T18:51:55.065+0000] {processor.py:179} INFO - Processing /home/airflow/.local/lib/python3.7/site-packages/airflow/example_dags/example_trigger_target_dag.py took 0.054 seconds
[2024-11-01T18:52:25.149+0000] {processor.py:157} INFO - Started process (PID=3733) to work on /home/airflow/.local/lib/python3.7/site-packages/airflow/example_dags/example_trigger_target_dag.py
[2024-11-01T18:52:25.150+0000] {processor.py:826} INFO - Processing file /home/airflow/.local/lib/python3.7/site-packages/airflow/example_dags/example_trigger_target_dag.py for tasks to queue
[2024-11-01T18:52:25.150+0000] {logging_mixin.py:150} INFO - [2024-11-01T18:52:25.150+0000] {dagbag.py:541} INFO - Filling up the DagBag from /home/airflow/.local/lib/python3.7/site-packages/airflow/example_dags/example_trigger_target_dag.py
[2024-11-01T18:52:25.153+0000] {processor.py:836} INFO - DAG(s) dict_keys(['example_trigger_target_dag']) retrieved from /home/airflow/.local/lib/python3.7/site-packages/airflow/example_dags/example_trigger_target_dag.py
[2024-11-01T18:52:25.164+0000] {logging_mixin.py:150} INFO - [2024-11-01T18:52:25.164+0000] {dag.py:2742} INFO - Sync 1 DAGs
[2024-11-01T18:52:25.175+0000] {logging_mixin.py:150} INFO - [2024-11-01T18:52:25.175+0000] {dag.py:3508} INFO - Setting next_dagrun for example_trigger_target_dag to None, run_after=None
[2024-11-01T18:52:25.183+0000] {processor.py:179} INFO - Processing /home/airflow/.local/lib/python3.7/site-packages/airflow/example_dags/example_trigger_target_dag.py took 0.035 seconds
