[2024-11-01T18:12:06.911+0000] {processor.py:157} INFO - Started process (PID=80) to work on /home/airflow/.local/lib/python3.7/site-packages/airflow/example_dags/example_branch_labels.py
[2024-11-01T18:12:06.912+0000] {processor.py:826} INFO - Processing file /home/airflow/.local/lib/python3.7/site-packages/airflow/example_dags/example_branch_labels.py for tasks to queue
[2024-11-01T18:12:06.913+0000] {logging_mixin.py:150} INFO - [2024-11-01T18:12:06.913+0000] {dagbag.py:541} INFO - Filling up the DagBag from /home/airflow/.local/lib/python3.7/site-packages/airflow/example_dags/example_branch_labels.py
[2024-11-01T18:12:06.922+0000] {processor.py:836} INFO - DAG(s) dict_keys(['example_branch_labels']) retrieved from /home/airflow/.local/lib/python3.7/site-packages/airflow/example_dags/example_branch_labels.py
[2024-11-01T18:12:06.965+0000] {logging_mixin.py:150} INFO - [2024-11-01T18:12:06.964+0000] {dag.py:2742} INFO - Sync 1 DAGs
[2024-11-01T18:12:07.001+0000] {logging_mixin.py:150} INFO - [2024-11-01T18:12:07.000+0000] {dag.py:3508} INFO - Setting next_dagrun for example_branch_labels to 2024-10-31T00:00:00+00:00, run_after=2024-11-01T00:00:00+00:00
[2024-11-01T18:12:07.037+0000] {processor.py:179} INFO - Processing /home/airflow/.local/lib/python3.7/site-packages/airflow/example_dags/example_branch_labels.py took 0.129 seconds
[2024-11-01T18:12:57.768+0000] {processor.py:157} INFO - Started process (PID=142) to work on /home/airflow/.local/lib/python3.7/site-packages/airflow/example_dags/example_branch_labels.py
[2024-11-01T18:12:57.770+0000] {processor.py:826} INFO - Processing file /home/airflow/.local/lib/python3.7/site-packages/airflow/example_dags/example_branch_labels.py for tasks to queue
[2024-11-01T18:12:57.770+0000] {logging_mixin.py:150} INFO - [2024-11-01T18:12:57.770+0000] {dagbag.py:541} INFO - Filling up the DagBag from /home/airflow/.local/lib/python3.7/site-packages/airflow/example_dags/example_branch_labels.py
[2024-11-01T18:12:57.778+0000] {processor.py:836} INFO - DAG(s) dict_keys(['example_branch_labels']) retrieved from /home/airflow/.local/lib/python3.7/site-packages/airflow/example_dags/example_branch_labels.py
[2024-11-01T18:12:57.874+0000] {logging_mixin.py:150} INFO - [2024-11-01T18:12:57.874+0000] {dag.py:2742} INFO - Sync 1 DAGs
[2024-11-01T18:12:57.904+0000] {logging_mixin.py:150} INFO - [2024-11-01T18:12:57.904+0000] {dag.py:3508} INFO - Setting next_dagrun for example_branch_labels to 2024-10-31T00:00:00+00:00, run_after=2024-11-01T00:00:00+00:00
[2024-11-01T18:12:57.955+0000] {processor.py:179} INFO - Processing /home/airflow/.local/lib/python3.7/site-packages/airflow/example_dags/example_branch_labels.py took 0.190 seconds
[2024-11-01T18:13:45.287+0000] {processor.py:157} INFO - Started process (PID=218) to work on /home/airflow/.local/lib/python3.7/site-packages/airflow/example_dags/example_branch_labels.py
[2024-11-01T18:13:45.291+0000] {processor.py:826} INFO - Processing file /home/airflow/.local/lib/python3.7/site-packages/airflow/example_dags/example_branch_labels.py for tasks to queue
[2024-11-01T18:13:45.291+0000] {logging_mixin.py:150} INFO - [2024-11-01T18:13:45.291+0000] {dagbag.py:541} INFO - Filling up the DagBag from /home/airflow/.local/lib/python3.7/site-packages/airflow/example_dags/example_branch_labels.py
[2024-11-01T18:13:45.299+0000] {processor.py:836} INFO - DAG(s) dict_keys(['example_branch_labels']) retrieved from /home/airflow/.local/lib/python3.7/site-packages/airflow/example_dags/example_branch_labels.py
[2024-11-01T18:13:45.510+0000] {logging_mixin.py:150} INFO - [2024-11-01T18:13:45.510+0000] {dag.py:2742} INFO - Sync 1 DAGs
[2024-11-01T18:13:45.557+0000] {logging_mixin.py:150} INFO - [2024-11-01T18:13:45.557+0000] {dag.py:3508} INFO - Setting next_dagrun for example_branch_labels to 2024-10-31T00:00:00+00:00, run_after=2024-11-01T00:00:00+00:00
[2024-11-01T18:13:46.473+0000] {processor.py:179} INFO - Processing /home/airflow/.local/lib/python3.7/site-packages/airflow/example_dags/example_branch_labels.py took 1.190 seconds
[2024-11-01T18:16:40.700+0000] {processor.py:157} INFO - Started process (PID=295) to work on /home/airflow/.local/lib/python3.7/site-packages/airflow/example_dags/example_branch_labels.py
[2024-11-01T18:16:40.714+0000] {processor.py:826} INFO - Processing file /home/airflow/.local/lib/python3.7/site-packages/airflow/example_dags/example_branch_labels.py for tasks to queue
[2024-11-01T18:16:40.716+0000] {logging_mixin.py:150} INFO - [2024-11-01T18:16:40.716+0000] {dagbag.py:541} INFO - Filling up the DagBag from /home/airflow/.local/lib/python3.7/site-packages/airflow/example_dags/example_branch_labels.py
[2024-11-01T18:16:41.086+0000] {processor.py:836} INFO - DAG(s) dict_keys(['example_branch_labels']) retrieved from /home/airflow/.local/lib/python3.7/site-packages/airflow/example_dags/example_branch_labels.py
[2024-11-01T18:16:41.748+0000] {logging_mixin.py:150} INFO - [2024-11-01T18:16:41.747+0000] {dag.py:2742} INFO - Sync 1 DAGs
[2024-11-01T18:16:41.823+0000] {logging_mixin.py:150} INFO - [2024-11-01T18:16:41.823+0000] {dag.py:3508} INFO - Setting next_dagrun for example_branch_labels to 2024-10-31T00:00:00+00:00, run_after=2024-11-01T00:00:00+00:00
[2024-11-01T18:16:42.179+0000] {processor.py:179} INFO - Processing /home/airflow/.local/lib/python3.7/site-packages/airflow/example_dags/example_branch_labels.py took 1.870 seconds
[2024-11-01T18:17:59.747+0000] {processor.py:157} INFO - Started process (PID=383) to work on /home/airflow/.local/lib/python3.7/site-packages/airflow/example_dags/example_branch_labels.py
[2024-11-01T18:17:59.761+0000] {processor.py:826} INFO - Processing file /home/airflow/.local/lib/python3.7/site-packages/airflow/example_dags/example_branch_labels.py for tasks to queue
[2024-11-01T18:17:59.778+0000] {logging_mixin.py:150} INFO - [2024-11-01T18:17:59.775+0000] {dagbag.py:541} INFO - Filling up the DagBag from /home/airflow/.local/lib/python3.7/site-packages/airflow/example_dags/example_branch_labels.py
[2024-11-01T18:17:59.868+0000] {processor.py:836} INFO - DAG(s) dict_keys(['example_branch_labels']) retrieved from /home/airflow/.local/lib/python3.7/site-packages/airflow/example_dags/example_branch_labels.py
[2024-11-01T18:18:00.775+0000] {logging_mixin.py:150} INFO - [2024-11-01T18:18:00.762+0000] {dag.py:2742} INFO - Sync 1 DAGs
[2024-11-01T18:18:01.065+0000] {logging_mixin.py:150} INFO - [2024-11-01T18:18:01.059+0000] {dag.py:3508} INFO - Setting next_dagrun for example_branch_labels to 2024-10-31T00:00:00+00:00, run_after=2024-11-01T00:00:00+00:00
[2024-11-01T18:18:01.728+0000] {processor.py:179} INFO - Processing /home/airflow/.local/lib/python3.7/site-packages/airflow/example_dags/example_branch_labels.py took 2.037 seconds
[2024-11-01T18:19:01.003+0000] {processor.py:157} INFO - Started process (PID=466) to work on /home/airflow/.local/lib/python3.7/site-packages/airflow/example_dags/example_branch_labels.py
[2024-11-01T18:19:01.024+0000] {processor.py:826} INFO - Processing file /home/airflow/.local/lib/python3.7/site-packages/airflow/example_dags/example_branch_labels.py for tasks to queue
[2024-11-01T18:19:01.031+0000] {logging_mixin.py:150} INFO - [2024-11-01T18:19:01.030+0000] {dagbag.py:541} INFO - Filling up the DagBag from /home/airflow/.local/lib/python3.7/site-packages/airflow/example_dags/example_branch_labels.py
[2024-11-01T18:19:01.151+0000] {processor.py:836} INFO - DAG(s) dict_keys(['example_branch_labels']) retrieved from /home/airflow/.local/lib/python3.7/site-packages/airflow/example_dags/example_branch_labels.py
[2024-11-01T18:19:01.937+0000] {logging_mixin.py:150} INFO - [2024-11-01T18:19:01.936+0000] {dag.py:2742} INFO - Sync 1 DAGs
[2024-11-01T18:19:02.188+0000] {logging_mixin.py:150} INFO - [2024-11-01T18:19:02.188+0000] {dag.py:3508} INFO - Setting next_dagrun for example_branch_labels to 2024-10-31T00:00:00+00:00, run_after=2024-11-01T00:00:00+00:00
[2024-11-01T18:19:02.465+0000] {processor.py:179} INFO - Processing /home/airflow/.local/lib/python3.7/site-packages/airflow/example_dags/example_branch_labels.py took 1.506 seconds
[2024-11-01T18:19:33.683+0000] {processor.py:157} INFO - Started process (PID=527) to work on /home/airflow/.local/lib/python3.7/site-packages/airflow/example_dags/example_branch_labels.py
[2024-11-01T18:19:33.695+0000] {processor.py:826} INFO - Processing file /home/airflow/.local/lib/python3.7/site-packages/airflow/example_dags/example_branch_labels.py for tasks to queue
[2024-11-01T18:19:33.700+0000] {logging_mixin.py:150} INFO - [2024-11-01T18:19:33.698+0000] {dagbag.py:541} INFO - Filling up the DagBag from /home/airflow/.local/lib/python3.7/site-packages/airflow/example_dags/example_branch_labels.py
[2024-11-01T18:19:33.776+0000] {processor.py:836} INFO - DAG(s) dict_keys(['example_branch_labels']) retrieved from /home/airflow/.local/lib/python3.7/site-packages/airflow/example_dags/example_branch_labels.py
[2024-11-01T18:19:33.994+0000] {logging_mixin.py:150} INFO - [2024-11-01T18:19:33.991+0000] {dag.py:2742} INFO - Sync 1 DAGs
[2024-11-01T18:19:34.139+0000] {logging_mixin.py:150} INFO - [2024-11-01T18:19:34.137+0000] {dag.py:3508} INFO - Setting next_dagrun for example_branch_labels to 2024-10-31T00:00:00+00:00, run_after=2024-11-01T00:00:00+00:00
[2024-11-01T18:19:34.218+0000] {processor.py:179} INFO - Processing /home/airflow/.local/lib/python3.7/site-packages/airflow/example_dags/example_branch_labels.py took 0.564 seconds
[2024-11-01T18:20:21.350+0000] {processor.py:157} INFO - Started process (PID=598) to work on /home/airflow/.local/lib/python3.7/site-packages/airflow/example_dags/example_branch_labels.py
[2024-11-01T18:20:21.384+0000] {processor.py:826} INFO - Processing file /home/airflow/.local/lib/python3.7/site-packages/airflow/example_dags/example_branch_labels.py for tasks to queue
[2024-11-01T18:20:21.408+0000] {logging_mixin.py:150} INFO - [2024-11-01T18:20:21.388+0000] {dagbag.py:541} INFO - Filling up the DagBag from /home/airflow/.local/lib/python3.7/site-packages/airflow/example_dags/example_branch_labels.py
[2024-11-01T18:20:21.978+0000] {processor.py:836} INFO - DAG(s) dict_keys(['example_branch_labels']) retrieved from /home/airflow/.local/lib/python3.7/site-packages/airflow/example_dags/example_branch_labels.py
[2024-11-01T18:20:22.489+0000] {logging_mixin.py:150} INFO - [2024-11-01T18:20:22.488+0000] {dag.py:2742} INFO - Sync 1 DAGs
[2024-11-01T18:20:22.726+0000] {logging_mixin.py:150} INFO - [2024-11-01T18:20:22.722+0000] {dag.py:3508} INFO - Setting next_dagrun for example_branch_labels to 2024-10-31T00:00:00+00:00, run_after=2024-11-01T00:00:00+00:00
[2024-11-01T18:20:22.824+0000] {processor.py:179} INFO - Processing /home/airflow/.local/lib/python3.7/site-packages/airflow/example_dags/example_branch_labels.py took 1.521 seconds
[2024-11-01T18:21:30.528+0000] {processor.py:157} INFO - Started process (PID=672) to work on /home/airflow/.local/lib/python3.7/site-packages/airflow/example_dags/example_branch_labels.py
[2024-11-01T18:21:30.544+0000] {processor.py:826} INFO - Processing file /home/airflow/.local/lib/python3.7/site-packages/airflow/example_dags/example_branch_labels.py for tasks to queue
[2024-11-01T18:21:30.545+0000] {logging_mixin.py:150} INFO - [2024-11-01T18:21:30.545+0000] {dagbag.py:541} INFO - Filling up the DagBag from /home/airflow/.local/lib/python3.7/site-packages/airflow/example_dags/example_branch_labels.py
[2024-11-01T18:21:30.585+0000] {processor.py:836} INFO - DAG(s) dict_keys(['example_branch_labels']) retrieved from /home/airflow/.local/lib/python3.7/site-packages/airflow/example_dags/example_branch_labels.py
[2024-11-01T18:21:30.738+0000] {logging_mixin.py:150} INFO - [2024-11-01T18:21:30.737+0000] {dag.py:2742} INFO - Sync 1 DAGs
[2024-11-01T18:21:30.793+0000] {logging_mixin.py:150} INFO - [2024-11-01T18:21:30.793+0000] {dag.py:3508} INFO - Setting next_dagrun for example_branch_labels to 2024-10-31T00:00:00+00:00, run_after=2024-11-01T00:00:00+00:00
[2024-11-01T18:21:30.962+0000] {processor.py:179} INFO - Processing /home/airflow/.local/lib/python3.7/site-packages/airflow/example_dags/example_branch_labels.py took 0.459 seconds
[2024-11-01T18:24:22.173+0000] {processor.py:157} INFO - Started process (PID=783) to work on /home/airflow/.local/lib/python3.7/site-packages/airflow/example_dags/example_branch_labels.py
[2024-11-01T18:24:22.181+0000] {processor.py:826} INFO - Processing file /home/airflow/.local/lib/python3.7/site-packages/airflow/example_dags/example_branch_labels.py for tasks to queue
[2024-11-01T18:24:22.183+0000] {logging_mixin.py:150} INFO - [2024-11-01T18:24:22.182+0000] {dagbag.py:541} INFO - Filling up the DagBag from /home/airflow/.local/lib/python3.7/site-packages/airflow/example_dags/example_branch_labels.py
[2024-11-01T18:24:22.265+0000] {processor.py:836} INFO - DAG(s) dict_keys(['example_branch_labels']) retrieved from /home/airflow/.local/lib/python3.7/site-packages/airflow/example_dags/example_branch_labels.py
[2024-11-01T18:24:22.536+0000] {logging_mixin.py:150} INFO - [2024-11-01T18:24:22.535+0000] {dag.py:2742} INFO - Sync 1 DAGs
[2024-11-01T18:24:22.627+0000] {logging_mixin.py:150} INFO - [2024-11-01T18:24:22.626+0000] {dag.py:3508} INFO - Setting next_dagrun for example_branch_labels to 2024-10-31T00:00:00+00:00, run_after=2024-11-01T00:00:00+00:00
[2024-11-01T18:24:22.722+0000] {processor.py:179} INFO - Processing /home/airflow/.local/lib/python3.7/site-packages/airflow/example_dags/example_branch_labels.py took 0.568 seconds
[2024-11-01T18:25:49.842+0000] {processor.py:157} INFO - Started process (PID=867) to work on /home/airflow/.local/lib/python3.7/site-packages/airflow/example_dags/example_branch_labels.py
[2024-11-01T18:25:49.843+0000] {processor.py:826} INFO - Processing file /home/airflow/.local/lib/python3.7/site-packages/airflow/example_dags/example_branch_labels.py for tasks to queue
[2024-11-01T18:25:49.844+0000] {logging_mixin.py:150} INFO - [2024-11-01T18:25:49.844+0000] {dagbag.py:541} INFO - Filling up the DagBag from /home/airflow/.local/lib/python3.7/site-packages/airflow/example_dags/example_branch_labels.py
[2024-11-01T18:25:49.850+0000] {processor.py:836} INFO - DAG(s) dict_keys(['example_branch_labels']) retrieved from /home/airflow/.local/lib/python3.7/site-packages/airflow/example_dags/example_branch_labels.py
[2024-11-01T18:25:49.923+0000] {logging_mixin.py:150} INFO - [2024-11-01T18:25:49.923+0000] {dag.py:2742} INFO - Sync 1 DAGs
[2024-11-01T18:25:49.973+0000] {logging_mixin.py:150} INFO - [2024-11-01T18:25:49.973+0000] {dag.py:3508} INFO - Setting next_dagrun for example_branch_labels to 2024-10-31T00:00:00+00:00, run_after=2024-11-01T00:00:00+00:00
[2024-11-01T18:25:50.096+0000] {processor.py:179} INFO - Processing /home/airflow/.local/lib/python3.7/site-packages/airflow/example_dags/example_branch_labels.py took 0.259 seconds
[2024-11-01T18:26:21.056+0000] {processor.py:157} INFO - Started process (PID=930) to work on /home/airflow/.local/lib/python3.7/site-packages/airflow/example_dags/example_branch_labels.py
[2024-11-01T18:26:21.061+0000] {processor.py:826} INFO - Processing file /home/airflow/.local/lib/python3.7/site-packages/airflow/example_dags/example_branch_labels.py for tasks to queue
[2024-11-01T18:26:21.062+0000] {logging_mixin.py:150} INFO - [2024-11-01T18:26:21.062+0000] {dagbag.py:541} INFO - Filling up the DagBag from /home/airflow/.local/lib/python3.7/site-packages/airflow/example_dags/example_branch_labels.py
[2024-11-01T18:26:21.070+0000] {processor.py:836} INFO - DAG(s) dict_keys(['example_branch_labels']) retrieved from /home/airflow/.local/lib/python3.7/site-packages/airflow/example_dags/example_branch_labels.py
[2024-11-01T18:26:21.148+0000] {logging_mixin.py:150} INFO - [2024-11-01T18:26:21.147+0000] {dag.py:2742} INFO - Sync 1 DAGs
[2024-11-01T18:26:21.186+0000] {logging_mixin.py:150} INFO - [2024-11-01T18:26:21.186+0000] {dag.py:3508} INFO - Setting next_dagrun for example_branch_labels to 2024-10-31T00:00:00+00:00, run_after=2024-11-01T00:00:00+00:00
[2024-11-01T18:26:21.206+0000] {processor.py:179} INFO - Processing /home/airflow/.local/lib/python3.7/site-packages/airflow/example_dags/example_branch_labels.py took 0.165 seconds
[2024-11-01T18:26:51.934+0000] {processor.py:157} INFO - Started process (PID=992) to work on /home/airflow/.local/lib/python3.7/site-packages/airflow/example_dags/example_branch_labels.py
[2024-11-01T18:26:51.938+0000] {processor.py:826} INFO - Processing file /home/airflow/.local/lib/python3.7/site-packages/airflow/example_dags/example_branch_labels.py for tasks to queue
[2024-11-01T18:26:51.939+0000] {logging_mixin.py:150} INFO - [2024-11-01T18:26:51.939+0000] {dagbag.py:541} INFO - Filling up the DagBag from /home/airflow/.local/lib/python3.7/site-packages/airflow/example_dags/example_branch_labels.py
[2024-11-01T18:26:51.946+0000] {processor.py:836} INFO - DAG(s) dict_keys(['example_branch_labels']) retrieved from /home/airflow/.local/lib/python3.7/site-packages/airflow/example_dags/example_branch_labels.py
[2024-11-01T18:26:51.970+0000] {logging_mixin.py:150} INFO - [2024-11-01T18:26:51.970+0000] {dag.py:2742} INFO - Sync 1 DAGs
[2024-11-01T18:26:51.989+0000] {logging_mixin.py:150} INFO - [2024-11-01T18:26:51.989+0000] {dag.py:3508} INFO - Setting next_dagrun for example_branch_labels to 2024-10-31T00:00:00+00:00, run_after=2024-11-01T00:00:00+00:00
[2024-11-01T18:26:52.001+0000] {processor.py:179} INFO - Processing /home/airflow/.local/lib/python3.7/site-packages/airflow/example_dags/example_branch_labels.py took 0.071 seconds
[2024-11-01T18:27:22.882+0000] {processor.py:157} INFO - Started process (PID=1054) to work on /home/airflow/.local/lib/python3.7/site-packages/airflow/example_dags/example_branch_labels.py
[2024-11-01T18:27:22.885+0000] {processor.py:826} INFO - Processing file /home/airflow/.local/lib/python3.7/site-packages/airflow/example_dags/example_branch_labels.py for tasks to queue
[2024-11-01T18:27:22.887+0000] {logging_mixin.py:150} INFO - [2024-11-01T18:27:22.887+0000] {dagbag.py:541} INFO - Filling up the DagBag from /home/airflow/.local/lib/python3.7/site-packages/airflow/example_dags/example_branch_labels.py
[2024-11-01T18:27:22.919+0000] {processor.py:836} INFO - DAG(s) dict_keys(['example_branch_labels']) retrieved from /home/airflow/.local/lib/python3.7/site-packages/airflow/example_dags/example_branch_labels.py
[2024-11-01T18:27:22.992+0000] {logging_mixin.py:150} INFO - [2024-11-01T18:27:22.992+0000] {dag.py:2742} INFO - Sync 1 DAGs
[2024-11-01T18:27:23.045+0000] {logging_mixin.py:150} INFO - [2024-11-01T18:27:23.044+0000] {dag.py:3508} INFO - Setting next_dagrun for example_branch_labels to 2024-10-31T00:00:00+00:00, run_after=2024-11-01T00:00:00+00:00
[2024-11-01T18:27:23.069+0000] {processor.py:179} INFO - Processing /home/airflow/.local/lib/python3.7/site-packages/airflow/example_dags/example_branch_labels.py took 0.200 seconds
[2024-11-01T18:27:53.285+0000] {processor.py:157} INFO - Started process (PID=1116) to work on /home/airflow/.local/lib/python3.7/site-packages/airflow/example_dags/example_branch_labels.py
[2024-11-01T18:27:53.288+0000] {processor.py:826} INFO - Processing file /home/airflow/.local/lib/python3.7/site-packages/airflow/example_dags/example_branch_labels.py for tasks to queue
[2024-11-01T18:27:53.290+0000] {logging_mixin.py:150} INFO - [2024-11-01T18:27:53.289+0000] {dagbag.py:541} INFO - Filling up the DagBag from /home/airflow/.local/lib/python3.7/site-packages/airflow/example_dags/example_branch_labels.py
[2024-11-01T18:27:53.305+0000] {processor.py:836} INFO - DAG(s) dict_keys(['example_branch_labels']) retrieved from /home/airflow/.local/lib/python3.7/site-packages/airflow/example_dags/example_branch_labels.py
[2024-11-01T18:27:53.334+0000] {logging_mixin.py:150} INFO - [2024-11-01T18:27:53.334+0000] {dag.py:2742} INFO - Sync 1 DAGs
[2024-11-01T18:27:53.374+0000] {logging_mixin.py:150} INFO - [2024-11-01T18:27:53.374+0000] {dag.py:3508} INFO - Setting next_dagrun for example_branch_labels to 2024-10-31T00:00:00+00:00, run_after=2024-11-01T00:00:00+00:00
[2024-11-01T18:27:53.388+0000] {processor.py:179} INFO - Processing /home/airflow/.local/lib/python3.7/site-packages/airflow/example_dags/example_branch_labels.py took 0.133 seconds
[2024-11-01T18:30:54.467+0000] {processor.py:157} INFO - Started process (PID=1153) to work on /home/airflow/.local/lib/python3.7/site-packages/airflow/example_dags/example_branch_labels.py
[2024-11-01T18:30:54.486+0000] {processor.py:826} INFO - Processing file /home/airflow/.local/lib/python3.7/site-packages/airflow/example_dags/example_branch_labels.py for tasks to queue
[2024-11-01T18:30:54.490+0000] {logging_mixin.py:150} INFO - [2024-11-01T18:30:54.489+0000] {dagbag.py:541} INFO - Filling up the DagBag from /home/airflow/.local/lib/python3.7/site-packages/airflow/example_dags/example_branch_labels.py
[2024-11-01T18:30:54.505+0000] {processor.py:836} INFO - DAG(s) dict_keys(['example_branch_labels']) retrieved from /home/airflow/.local/lib/python3.7/site-packages/airflow/example_dags/example_branch_labels.py
[2024-11-01T18:30:54.589+0000] {logging_mixin.py:150} INFO - [2024-11-01T18:30:54.588+0000] {dag.py:2742} INFO - Sync 1 DAGs
[2024-11-01T18:30:54.640+0000] {logging_mixin.py:150} INFO - [2024-11-01T18:30:54.640+0000] {dag.py:3508} INFO - Setting next_dagrun for example_branch_labels to 2024-10-31T00:00:00+00:00, run_after=2024-11-01T00:00:00+00:00
[2024-11-01T18:30:54.662+0000] {processor.py:179} INFO - Processing /home/airflow/.local/lib/python3.7/site-packages/airflow/example_dags/example_branch_labels.py took 0.202 seconds
[2024-11-01T18:31:25.271+0000] {processor.py:157} INFO - Started process (PID=1215) to work on /home/airflow/.local/lib/python3.7/site-packages/airflow/example_dags/example_branch_labels.py
[2024-11-01T18:31:25.274+0000] {processor.py:826} INFO - Processing file /home/airflow/.local/lib/python3.7/site-packages/airflow/example_dags/example_branch_labels.py for tasks to queue
[2024-11-01T18:31:25.275+0000] {logging_mixin.py:150} INFO - [2024-11-01T18:31:25.275+0000] {dagbag.py:541} INFO - Filling up the DagBag from /home/airflow/.local/lib/python3.7/site-packages/airflow/example_dags/example_branch_labels.py
[2024-11-01T18:31:25.283+0000] {processor.py:836} INFO - DAG(s) dict_keys(['example_branch_labels']) retrieved from /home/airflow/.local/lib/python3.7/site-packages/airflow/example_dags/example_branch_labels.py
[2024-11-01T18:31:25.302+0000] {logging_mixin.py:150} INFO - [2024-11-01T18:31:25.302+0000] {dag.py:2742} INFO - Sync 1 DAGs
[2024-11-01T18:31:25.318+0000] {logging_mixin.py:150} INFO - [2024-11-01T18:31:25.318+0000] {dag.py:3508} INFO - Setting next_dagrun for example_branch_labels to 2024-10-31T00:00:00+00:00, run_after=2024-11-01T00:00:00+00:00
[2024-11-01T18:31:25.327+0000] {processor.py:179} INFO - Processing /home/airflow/.local/lib/python3.7/site-packages/airflow/example_dags/example_branch_labels.py took 0.060 seconds
[2024-11-01T18:31:55.712+0000] {processor.py:157} INFO - Started process (PID=1277) to work on /home/airflow/.local/lib/python3.7/site-packages/airflow/example_dags/example_branch_labels.py
[2024-11-01T18:31:55.715+0000] {processor.py:826} INFO - Processing file /home/airflow/.local/lib/python3.7/site-packages/airflow/example_dags/example_branch_labels.py for tasks to queue
[2024-11-01T18:31:55.716+0000] {logging_mixin.py:150} INFO - [2024-11-01T18:31:55.716+0000] {dagbag.py:541} INFO - Filling up the DagBag from /home/airflow/.local/lib/python3.7/site-packages/airflow/example_dags/example_branch_labels.py
[2024-11-01T18:31:55.723+0000] {processor.py:836} INFO - DAG(s) dict_keys(['example_branch_labels']) retrieved from /home/airflow/.local/lib/python3.7/site-packages/airflow/example_dags/example_branch_labels.py
[2024-11-01T18:31:55.742+0000] {logging_mixin.py:150} INFO - [2024-11-01T18:31:55.742+0000] {dag.py:2742} INFO - Sync 1 DAGs
[2024-11-01T18:31:55.759+0000] {logging_mixin.py:150} INFO - [2024-11-01T18:31:55.759+0000] {dag.py:3508} INFO - Setting next_dagrun for example_branch_labels to 2024-10-31T00:00:00+00:00, run_after=2024-11-01T00:00:00+00:00
[2024-11-01T18:31:55.769+0000] {processor.py:179} INFO - Processing /home/airflow/.local/lib/python3.7/site-packages/airflow/example_dags/example_branch_labels.py took 0.060 seconds
[2024-11-01T18:32:25.886+0000] {processor.py:157} INFO - Started process (PID=1338) to work on /home/airflow/.local/lib/python3.7/site-packages/airflow/example_dags/example_branch_labels.py
[2024-11-01T18:32:25.888+0000] {processor.py:826} INFO - Processing file /home/airflow/.local/lib/python3.7/site-packages/airflow/example_dags/example_branch_labels.py for tasks to queue
[2024-11-01T18:32:25.889+0000] {logging_mixin.py:150} INFO - [2024-11-01T18:32:25.889+0000] {dagbag.py:541} INFO - Filling up the DagBag from /home/airflow/.local/lib/python3.7/site-packages/airflow/example_dags/example_branch_labels.py
[2024-11-01T18:32:25.898+0000] {processor.py:836} INFO - DAG(s) dict_keys(['example_branch_labels']) retrieved from /home/airflow/.local/lib/python3.7/site-packages/airflow/example_dags/example_branch_labels.py
[2024-11-01T18:32:25.918+0000] {logging_mixin.py:150} INFO - [2024-11-01T18:32:25.918+0000] {dag.py:2742} INFO - Sync 1 DAGs
[2024-11-01T18:32:25.934+0000] {logging_mixin.py:150} INFO - [2024-11-01T18:32:25.934+0000] {dag.py:3508} INFO - Setting next_dagrun for example_branch_labels to 2024-10-31T00:00:00+00:00, run_after=2024-11-01T00:00:00+00:00
[2024-11-01T18:32:25.952+0000] {processor.py:179} INFO - Processing /home/airflow/.local/lib/python3.7/site-packages/airflow/example_dags/example_branch_labels.py took 0.071 seconds
[2024-11-01T18:32:56.050+0000] {processor.py:157} INFO - Started process (PID=1399) to work on /home/airflow/.local/lib/python3.7/site-packages/airflow/example_dags/example_branch_labels.py
[2024-11-01T18:32:56.051+0000] {processor.py:826} INFO - Processing file /home/airflow/.local/lib/python3.7/site-packages/airflow/example_dags/example_branch_labels.py for tasks to queue
[2024-11-01T18:32:56.051+0000] {logging_mixin.py:150} INFO - [2024-11-01T18:32:56.051+0000] {dagbag.py:541} INFO - Filling up the DagBag from /home/airflow/.local/lib/python3.7/site-packages/airflow/example_dags/example_branch_labels.py
[2024-11-01T18:32:56.058+0000] {processor.py:836} INFO - DAG(s) dict_keys(['example_branch_labels']) retrieved from /home/airflow/.local/lib/python3.7/site-packages/airflow/example_dags/example_branch_labels.py
[2024-11-01T18:32:56.076+0000] {logging_mixin.py:150} INFO - [2024-11-01T18:32:56.076+0000] {dag.py:2742} INFO - Sync 1 DAGs
[2024-11-01T18:32:56.091+0000] {logging_mixin.py:150} INFO - [2024-11-01T18:32:56.091+0000] {dag.py:3508} INFO - Setting next_dagrun for example_branch_labels to 2024-10-31T00:00:00+00:00, run_after=2024-11-01T00:00:00+00:00
[2024-11-01T18:32:56.099+0000] {processor.py:179} INFO - Processing /home/airflow/.local/lib/python3.7/site-packages/airflow/example_dags/example_branch_labels.py took 0.053 seconds
[2024-11-01T18:33:26.407+0000] {processor.py:157} INFO - Started process (PID=1461) to work on /home/airflow/.local/lib/python3.7/site-packages/airflow/example_dags/example_branch_labels.py
[2024-11-01T18:33:26.409+0000] {processor.py:826} INFO - Processing file /home/airflow/.local/lib/python3.7/site-packages/airflow/example_dags/example_branch_labels.py for tasks to queue
[2024-11-01T18:33:26.409+0000] {logging_mixin.py:150} INFO - [2024-11-01T18:33:26.409+0000] {dagbag.py:541} INFO - Filling up the DagBag from /home/airflow/.local/lib/python3.7/site-packages/airflow/example_dags/example_branch_labels.py
[2024-11-01T18:33:26.416+0000] {processor.py:836} INFO - DAG(s) dict_keys(['example_branch_labels']) retrieved from /home/airflow/.local/lib/python3.7/site-packages/airflow/example_dags/example_branch_labels.py
[2024-11-01T18:33:26.470+0000] {logging_mixin.py:150} INFO - [2024-11-01T18:33:26.470+0000] {dag.py:2742} INFO - Sync 1 DAGs
[2024-11-01T18:33:26.490+0000] {logging_mixin.py:150} INFO - [2024-11-01T18:33:26.489+0000] {dag.py:3508} INFO - Setting next_dagrun for example_branch_labels to 2024-10-31T00:00:00+00:00, run_after=2024-11-01T00:00:00+00:00
[2024-11-01T18:33:26.504+0000] {processor.py:179} INFO - Processing /home/airflow/.local/lib/python3.7/site-packages/airflow/example_dags/example_branch_labels.py took 0.099 seconds
[2024-11-01T18:33:57.523+0000] {processor.py:157} INFO - Started process (PID=1523) to work on /home/airflow/.local/lib/python3.7/site-packages/airflow/example_dags/example_branch_labels.py
[2024-11-01T18:33:57.524+0000] {processor.py:826} INFO - Processing file /home/airflow/.local/lib/python3.7/site-packages/airflow/example_dags/example_branch_labels.py for tasks to queue
[2024-11-01T18:33:57.524+0000] {logging_mixin.py:150} INFO - [2024-11-01T18:33:57.524+0000] {dagbag.py:541} INFO - Filling up the DagBag from /home/airflow/.local/lib/python3.7/site-packages/airflow/example_dags/example_branch_labels.py
[2024-11-01T18:33:57.530+0000] {processor.py:836} INFO - DAG(s) dict_keys(['example_branch_labels']) retrieved from /home/airflow/.local/lib/python3.7/site-packages/airflow/example_dags/example_branch_labels.py
[2024-11-01T18:33:57.543+0000] {logging_mixin.py:150} INFO - [2024-11-01T18:33:57.542+0000] {dag.py:2742} INFO - Sync 1 DAGs
[2024-11-01T18:33:57.554+0000] {logging_mixin.py:150} INFO - [2024-11-01T18:33:57.554+0000] {dag.py:3508} INFO - Setting next_dagrun for example_branch_labels to 2024-10-31T00:00:00+00:00, run_after=2024-11-01T00:00:00+00:00
[2024-11-01T18:33:57.562+0000] {processor.py:179} INFO - Processing /home/airflow/.local/lib/python3.7/site-packages/airflow/example_dags/example_branch_labels.py took 0.041 seconds
[2024-11-01T18:34:28.100+0000] {processor.py:157} INFO - Started process (PID=1585) to work on /home/airflow/.local/lib/python3.7/site-packages/airflow/example_dags/example_branch_labels.py
[2024-11-01T18:34:28.100+0000] {processor.py:826} INFO - Processing file /home/airflow/.local/lib/python3.7/site-packages/airflow/example_dags/example_branch_labels.py for tasks to queue
[2024-11-01T18:34:28.101+0000] {logging_mixin.py:150} INFO - [2024-11-01T18:34:28.101+0000] {dagbag.py:541} INFO - Filling up the DagBag from /home/airflow/.local/lib/python3.7/site-packages/airflow/example_dags/example_branch_labels.py
[2024-11-01T18:34:28.105+0000] {processor.py:836} INFO - DAG(s) dict_keys(['example_branch_labels']) retrieved from /home/airflow/.local/lib/python3.7/site-packages/airflow/example_dags/example_branch_labels.py
[2024-11-01T18:34:28.117+0000] {logging_mixin.py:150} INFO - [2024-11-01T18:34:28.117+0000] {dag.py:2742} INFO - Sync 1 DAGs
[2024-11-01T18:34:28.129+0000] {logging_mixin.py:150} INFO - [2024-11-01T18:34:28.129+0000] {dag.py:3508} INFO - Setting next_dagrun for example_branch_labels to 2024-10-31T00:00:00+00:00, run_after=2024-11-01T00:00:00+00:00
[2024-11-01T18:34:28.137+0000] {processor.py:179} INFO - Processing /home/airflow/.local/lib/python3.7/site-packages/airflow/example_dags/example_branch_labels.py took 0.038 seconds
[2024-11-01T18:34:58.588+0000] {processor.py:157} INFO - Started process (PID=1647) to work on /home/airflow/.local/lib/python3.7/site-packages/airflow/example_dags/example_branch_labels.py
[2024-11-01T18:34:58.588+0000] {processor.py:826} INFO - Processing file /home/airflow/.local/lib/python3.7/site-packages/airflow/example_dags/example_branch_labels.py for tasks to queue
[2024-11-01T18:34:58.589+0000] {logging_mixin.py:150} INFO - [2024-11-01T18:34:58.588+0000] {dagbag.py:541} INFO - Filling up the DagBag from /home/airflow/.local/lib/python3.7/site-packages/airflow/example_dags/example_branch_labels.py
[2024-11-01T18:34:58.593+0000] {processor.py:836} INFO - DAG(s) dict_keys(['example_branch_labels']) retrieved from /home/airflow/.local/lib/python3.7/site-packages/airflow/example_dags/example_branch_labels.py
[2024-11-01T18:34:58.605+0000] {logging_mixin.py:150} INFO - [2024-11-01T18:34:58.605+0000] {dag.py:2742} INFO - Sync 1 DAGs
[2024-11-01T18:34:58.617+0000] {logging_mixin.py:150} INFO - [2024-11-01T18:34:58.617+0000] {dag.py:3508} INFO - Setting next_dagrun for example_branch_labels to 2024-10-31T00:00:00+00:00, run_after=2024-11-01T00:00:00+00:00
[2024-11-01T18:34:58.625+0000] {processor.py:179} INFO - Processing /home/airflow/.local/lib/python3.7/site-packages/airflow/example_dags/example_branch_labels.py took 0.039 seconds
[2024-11-01T18:35:29.144+0000] {processor.py:157} INFO - Started process (PID=1709) to work on /home/airflow/.local/lib/python3.7/site-packages/airflow/example_dags/example_branch_labels.py
[2024-11-01T18:35:29.145+0000] {processor.py:826} INFO - Processing file /home/airflow/.local/lib/python3.7/site-packages/airflow/example_dags/example_branch_labels.py for tasks to queue
[2024-11-01T18:35:29.145+0000] {logging_mixin.py:150} INFO - [2024-11-01T18:35:29.145+0000] {dagbag.py:541} INFO - Filling up the DagBag from /home/airflow/.local/lib/python3.7/site-packages/airflow/example_dags/example_branch_labels.py
[2024-11-01T18:35:29.150+0000] {processor.py:836} INFO - DAG(s) dict_keys(['example_branch_labels']) retrieved from /home/airflow/.local/lib/python3.7/site-packages/airflow/example_dags/example_branch_labels.py
[2024-11-01T18:35:29.164+0000] {logging_mixin.py:150} INFO - [2024-11-01T18:35:29.164+0000] {dag.py:2742} INFO - Sync 1 DAGs
[2024-11-01T18:35:29.177+0000] {logging_mixin.py:150} INFO - [2024-11-01T18:35:29.177+0000] {dag.py:3508} INFO - Setting next_dagrun for example_branch_labels to 2024-10-31T00:00:00+00:00, run_after=2024-11-01T00:00:00+00:00
[2024-11-01T18:35:29.187+0000] {processor.py:179} INFO - Processing /home/airflow/.local/lib/python3.7/site-packages/airflow/example_dags/example_branch_labels.py took 0.044 seconds
[2024-11-01T18:35:59.899+0000] {processor.py:157} INFO - Started process (PID=1771) to work on /home/airflow/.local/lib/python3.7/site-packages/airflow/example_dags/example_branch_labels.py
[2024-11-01T18:35:59.900+0000] {processor.py:826} INFO - Processing file /home/airflow/.local/lib/python3.7/site-packages/airflow/example_dags/example_branch_labels.py for tasks to queue
[2024-11-01T18:35:59.902+0000] {logging_mixin.py:150} INFO - [2024-11-01T18:35:59.901+0000] {dagbag.py:541} INFO - Filling up the DagBag from /home/airflow/.local/lib/python3.7/site-packages/airflow/example_dags/example_branch_labels.py
[2024-11-01T18:35:59.910+0000] {processor.py:836} INFO - DAG(s) dict_keys(['example_branch_labels']) retrieved from /home/airflow/.local/lib/python3.7/site-packages/airflow/example_dags/example_branch_labels.py
[2024-11-01T18:35:59.939+0000] {logging_mixin.py:150} INFO - [2024-11-01T18:35:59.939+0000] {dag.py:2742} INFO - Sync 1 DAGs
[2024-11-01T18:35:59.959+0000] {logging_mixin.py:150} INFO - [2024-11-01T18:35:59.959+0000] {dag.py:3508} INFO - Setting next_dagrun for example_branch_labels to 2024-10-31T00:00:00+00:00, run_after=2024-11-01T00:00:00+00:00
[2024-11-01T18:35:59.979+0000] {processor.py:179} INFO - Processing /home/airflow/.local/lib/python3.7/site-packages/airflow/example_dags/example_branch_labels.py took 0.084 seconds
[2024-11-01T18:36:30.296+0000] {processor.py:157} INFO - Started process (PID=1833) to work on /home/airflow/.local/lib/python3.7/site-packages/airflow/example_dags/example_branch_labels.py
[2024-11-01T18:36:30.297+0000] {processor.py:826} INFO - Processing file /home/airflow/.local/lib/python3.7/site-packages/airflow/example_dags/example_branch_labels.py for tasks to queue
[2024-11-01T18:36:30.297+0000] {logging_mixin.py:150} INFO - [2024-11-01T18:36:30.297+0000] {dagbag.py:541} INFO - Filling up the DagBag from /home/airflow/.local/lib/python3.7/site-packages/airflow/example_dags/example_branch_labels.py
[2024-11-01T18:36:30.302+0000] {processor.py:836} INFO - DAG(s) dict_keys(['example_branch_labels']) retrieved from /home/airflow/.local/lib/python3.7/site-packages/airflow/example_dags/example_branch_labels.py
[2024-11-01T18:36:30.317+0000] {logging_mixin.py:150} INFO - [2024-11-01T18:36:30.317+0000] {dag.py:2742} INFO - Sync 1 DAGs
[2024-11-01T18:36:30.331+0000] {logging_mixin.py:150} INFO - [2024-11-01T18:36:30.331+0000] {dag.py:3508} INFO - Setting next_dagrun for example_branch_labels to 2024-10-31T00:00:00+00:00, run_after=2024-11-01T00:00:00+00:00
[2024-11-01T18:36:30.339+0000] {processor.py:179} INFO - Processing /home/airflow/.local/lib/python3.7/site-packages/airflow/example_dags/example_branch_labels.py took 0.046 seconds
[2024-11-01T18:37:00.462+0000] {processor.py:157} INFO - Started process (PID=1895) to work on /home/airflow/.local/lib/python3.7/site-packages/airflow/example_dags/example_branch_labels.py
[2024-11-01T18:37:00.463+0000] {processor.py:826} INFO - Processing file /home/airflow/.local/lib/python3.7/site-packages/airflow/example_dags/example_branch_labels.py for tasks to queue
[2024-11-01T18:37:00.463+0000] {logging_mixin.py:150} INFO - [2024-11-01T18:37:00.463+0000] {dagbag.py:541} INFO - Filling up the DagBag from /home/airflow/.local/lib/python3.7/site-packages/airflow/example_dags/example_branch_labels.py
[2024-11-01T18:37:00.467+0000] {processor.py:836} INFO - DAG(s) dict_keys(['example_branch_labels']) retrieved from /home/airflow/.local/lib/python3.7/site-packages/airflow/example_dags/example_branch_labels.py
[2024-11-01T18:37:00.481+0000] {logging_mixin.py:150} INFO - [2024-11-01T18:37:00.481+0000] {dag.py:2742} INFO - Sync 1 DAGs
[2024-11-01T18:37:00.493+0000] {logging_mixin.py:150} INFO - [2024-11-01T18:37:00.493+0000] {dag.py:3508} INFO - Setting next_dagrun for example_branch_labels to 2024-10-31T00:00:00+00:00, run_after=2024-11-01T00:00:00+00:00
[2024-11-01T18:37:00.500+0000] {processor.py:179} INFO - Processing /home/airflow/.local/lib/python3.7/site-packages/airflow/example_dags/example_branch_labels.py took 0.041 seconds
[2024-11-01T18:37:31.036+0000] {processor.py:157} INFO - Started process (PID=1956) to work on /home/airflow/.local/lib/python3.7/site-packages/airflow/example_dags/example_branch_labels.py
[2024-11-01T18:37:31.037+0000] {processor.py:826} INFO - Processing file /home/airflow/.local/lib/python3.7/site-packages/airflow/example_dags/example_branch_labels.py for tasks to queue
[2024-11-01T18:37:31.037+0000] {logging_mixin.py:150} INFO - [2024-11-01T18:37:31.037+0000] {dagbag.py:541} INFO - Filling up the DagBag from /home/airflow/.local/lib/python3.7/site-packages/airflow/example_dags/example_branch_labels.py
[2024-11-01T18:37:31.042+0000] {processor.py:836} INFO - DAG(s) dict_keys(['example_branch_labels']) retrieved from /home/airflow/.local/lib/python3.7/site-packages/airflow/example_dags/example_branch_labels.py
[2024-11-01T18:37:31.060+0000] {logging_mixin.py:150} INFO - [2024-11-01T18:37:31.060+0000] {dag.py:2742} INFO - Sync 1 DAGs
[2024-11-01T18:37:31.074+0000] {logging_mixin.py:150} INFO - [2024-11-01T18:37:31.074+0000] {dag.py:3508} INFO - Setting next_dagrun for example_branch_labels to 2024-10-31T00:00:00+00:00, run_after=2024-11-01T00:00:00+00:00
[2024-11-01T18:37:31.083+0000] {processor.py:179} INFO - Processing /home/airflow/.local/lib/python3.7/site-packages/airflow/example_dags/example_branch_labels.py took 0.049 seconds
[2024-11-01T18:38:07.307+0000] {processor.py:157} INFO - Started process (PID=2018) to work on /home/airflow/.local/lib/python3.7/site-packages/airflow/example_dags/example_branch_labels.py
[2024-11-01T18:38:07.319+0000] {processor.py:826} INFO - Processing file /home/airflow/.local/lib/python3.7/site-packages/airflow/example_dags/example_branch_labels.py for tasks to queue
[2024-11-01T18:38:07.332+0000] {logging_mixin.py:150} INFO - [2024-11-01T18:38:07.327+0000] {dagbag.py:541} INFO - Filling up the DagBag from /home/airflow/.local/lib/python3.7/site-packages/airflow/example_dags/example_branch_labels.py
[2024-11-01T18:38:07.369+0000] {processor.py:836} INFO - DAG(s) dict_keys(['example_branch_labels']) retrieved from /home/airflow/.local/lib/python3.7/site-packages/airflow/example_dags/example_branch_labels.py
[2024-11-01T18:38:08.066+0000] {logging_mixin.py:150} INFO - [2024-11-01T18:38:08.061+0000] {dag.py:2742} INFO - Sync 1 DAGs
[2024-11-01T18:38:08.140+0000] {logging_mixin.py:150} INFO - [2024-11-01T18:38:08.139+0000] {dag.py:3508} INFO - Setting next_dagrun for example_branch_labels to 2024-10-31T00:00:00+00:00, run_after=2024-11-01T00:00:00+00:00
[2024-11-01T18:38:08.166+0000] {processor.py:179} INFO - Processing /home/airflow/.local/lib/python3.7/site-packages/airflow/example_dags/example_branch_labels.py took 0.920 seconds
[2024-11-01T18:38:38.370+0000] {processor.py:157} INFO - Started process (PID=2079) to work on /home/airflow/.local/lib/python3.7/site-packages/airflow/example_dags/example_branch_labels.py
[2024-11-01T18:38:38.371+0000] {processor.py:826} INFO - Processing file /home/airflow/.local/lib/python3.7/site-packages/airflow/example_dags/example_branch_labels.py for tasks to queue
[2024-11-01T18:38:38.376+0000] {logging_mixin.py:150} INFO - [2024-11-01T18:38:38.373+0000] {dagbag.py:541} INFO - Filling up the DagBag from /home/airflow/.local/lib/python3.7/site-packages/airflow/example_dags/example_branch_labels.py
[2024-11-01T18:38:38.384+0000] {processor.py:836} INFO - DAG(s) dict_keys(['example_branch_labels']) retrieved from /home/airflow/.local/lib/python3.7/site-packages/airflow/example_dags/example_branch_labels.py
[2024-11-01T18:38:38.405+0000] {logging_mixin.py:150} INFO - [2024-11-01T18:38:38.405+0000] {dag.py:2742} INFO - Sync 1 DAGs
[2024-11-01T18:38:38.419+0000] {logging_mixin.py:150} INFO - [2024-11-01T18:38:38.419+0000] {dag.py:3508} INFO - Setting next_dagrun for example_branch_labels to 2024-10-31T00:00:00+00:00, run_after=2024-11-01T00:00:00+00:00
[2024-11-01T18:38:38.428+0000] {processor.py:179} INFO - Processing /home/airflow/.local/lib/python3.7/site-packages/airflow/example_dags/example_branch_labels.py took 0.065 seconds
[2024-11-01T18:39:09.186+0000] {processor.py:157} INFO - Started process (PID=2142) to work on /home/airflow/.local/lib/python3.7/site-packages/airflow/example_dags/example_branch_labels.py
[2024-11-01T18:39:09.188+0000] {processor.py:826} INFO - Processing file /home/airflow/.local/lib/python3.7/site-packages/airflow/example_dags/example_branch_labels.py for tasks to queue
[2024-11-01T18:39:09.190+0000] {logging_mixin.py:150} INFO - [2024-11-01T18:39:09.189+0000] {dagbag.py:541} INFO - Filling up the DagBag from /home/airflow/.local/lib/python3.7/site-packages/airflow/example_dags/example_branch_labels.py
[2024-11-01T18:39:09.222+0000] {processor.py:836} INFO - DAG(s) dict_keys(['example_branch_labels']) retrieved from /home/airflow/.local/lib/python3.7/site-packages/airflow/example_dags/example_branch_labels.py
[2024-11-01T18:39:09.286+0000] {logging_mixin.py:150} INFO - [2024-11-01T18:39:09.285+0000] {dag.py:2742} INFO - Sync 1 DAGs
[2024-11-01T18:39:09.329+0000] {logging_mixin.py:150} INFO - [2024-11-01T18:39:09.329+0000] {dag.py:3508} INFO - Setting next_dagrun for example_branch_labels to 2024-10-31T00:00:00+00:00, run_after=2024-11-01T00:00:00+00:00
[2024-11-01T18:39:09.356+0000] {processor.py:179} INFO - Processing /home/airflow/.local/lib/python3.7/site-packages/airflow/example_dags/example_branch_labels.py took 0.173 seconds
[2024-11-01T18:39:39.538+0000] {processor.py:157} INFO - Started process (PID=2202) to work on /home/airflow/.local/lib/python3.7/site-packages/airflow/example_dags/example_branch_labels.py
[2024-11-01T18:39:39.539+0000] {processor.py:826} INFO - Processing file /home/airflow/.local/lib/python3.7/site-packages/airflow/example_dags/example_branch_labels.py for tasks to queue
[2024-11-01T18:39:39.540+0000] {logging_mixin.py:150} INFO - [2024-11-01T18:39:39.540+0000] {dagbag.py:541} INFO - Filling up the DagBag from /home/airflow/.local/lib/python3.7/site-packages/airflow/example_dags/example_branch_labels.py
[2024-11-01T18:39:39.554+0000] {processor.py:836} INFO - DAG(s) dict_keys(['example_branch_labels']) retrieved from /home/airflow/.local/lib/python3.7/site-packages/airflow/example_dags/example_branch_labels.py
[2024-11-01T18:39:39.585+0000] {logging_mixin.py:150} INFO - [2024-11-01T18:39:39.585+0000] {dag.py:2742} INFO - Sync 1 DAGs
[2024-11-01T18:39:39.609+0000] {logging_mixin.py:150} INFO - [2024-11-01T18:39:39.608+0000] {dag.py:3508} INFO - Setting next_dagrun for example_branch_labels to 2024-10-31T00:00:00+00:00, run_after=2024-11-01T00:00:00+00:00
[2024-11-01T18:39:39.625+0000] {processor.py:179} INFO - Processing /home/airflow/.local/lib/python3.7/site-packages/airflow/example_dags/example_branch_labels.py took 0.093 seconds
[2024-11-01T18:40:09.796+0000] {processor.py:157} INFO - Started process (PID=2264) to work on /home/airflow/.local/lib/python3.7/site-packages/airflow/example_dags/example_branch_labels.py
[2024-11-01T18:40:09.801+0000] {processor.py:826} INFO - Processing file /home/airflow/.local/lib/python3.7/site-packages/airflow/example_dags/example_branch_labels.py for tasks to queue
[2024-11-01T18:40:09.804+0000] {logging_mixin.py:150} INFO - [2024-11-01T18:40:09.804+0000] {dagbag.py:541} INFO - Filling up the DagBag from /home/airflow/.local/lib/python3.7/site-packages/airflow/example_dags/example_branch_labels.py
[2024-11-01T18:40:09.817+0000] {processor.py:836} INFO - DAG(s) dict_keys(['example_branch_labels']) retrieved from /home/airflow/.local/lib/python3.7/site-packages/airflow/example_dags/example_branch_labels.py
[2024-11-01T18:40:09.841+0000] {logging_mixin.py:150} INFO - [2024-11-01T18:40:09.841+0000] {dag.py:2742} INFO - Sync 1 DAGs
[2024-11-01T18:40:09.861+0000] {logging_mixin.py:150} INFO - [2024-11-01T18:40:09.861+0000] {dag.py:3508} INFO - Setting next_dagrun for example_branch_labels to 2024-10-31T00:00:00+00:00, run_after=2024-11-01T00:00:00+00:00
[2024-11-01T18:40:09.878+0000] {processor.py:179} INFO - Processing /home/airflow/.local/lib/python3.7/site-packages/airflow/example_dags/example_branch_labels.py took 0.089 seconds
[2024-11-01T18:40:39.957+0000] {processor.py:157} INFO - Started process (PID=2326) to work on /home/airflow/.local/lib/python3.7/site-packages/airflow/example_dags/example_branch_labels.py
[2024-11-01T18:40:39.959+0000] {processor.py:826} INFO - Processing file /home/airflow/.local/lib/python3.7/site-packages/airflow/example_dags/example_branch_labels.py for tasks to queue
[2024-11-01T18:40:39.960+0000] {logging_mixin.py:150} INFO - [2024-11-01T18:40:39.960+0000] {dagbag.py:541} INFO - Filling up the DagBag from /home/airflow/.local/lib/python3.7/site-packages/airflow/example_dags/example_branch_labels.py
[2024-11-01T18:40:39.972+0000] {processor.py:836} INFO - DAG(s) dict_keys(['example_branch_labels']) retrieved from /home/airflow/.local/lib/python3.7/site-packages/airflow/example_dags/example_branch_labels.py
[2024-11-01T18:40:39.989+0000] {logging_mixin.py:150} INFO - [2024-11-01T18:40:39.989+0000] {dag.py:2742} INFO - Sync 1 DAGs
[2024-11-01T18:40:40.005+0000] {logging_mixin.py:150} INFO - [2024-11-01T18:40:40.005+0000] {dag.py:3508} INFO - Setting next_dagrun for example_branch_labels to 2024-10-31T00:00:00+00:00, run_after=2024-11-01T00:00:00+00:00
[2024-11-01T18:40:40.117+0000] {processor.py:179} INFO - Processing /home/airflow/.local/lib/python3.7/site-packages/airflow/example_dags/example_branch_labels.py took 0.163 seconds
[2024-11-01T18:41:10.298+0000] {processor.py:157} INFO - Started process (PID=2388) to work on /home/airflow/.local/lib/python3.7/site-packages/airflow/example_dags/example_branch_labels.py
[2024-11-01T18:41:10.298+0000] {processor.py:826} INFO - Processing file /home/airflow/.local/lib/python3.7/site-packages/airflow/example_dags/example_branch_labels.py for tasks to queue
[2024-11-01T18:41:10.299+0000] {logging_mixin.py:150} INFO - [2024-11-01T18:41:10.299+0000] {dagbag.py:541} INFO - Filling up the DagBag from /home/airflow/.local/lib/python3.7/site-packages/airflow/example_dags/example_branch_labels.py
[2024-11-01T18:41:10.316+0000] {processor.py:836} INFO - DAG(s) dict_keys(['example_branch_labels']) retrieved from /home/airflow/.local/lib/python3.7/site-packages/airflow/example_dags/example_branch_labels.py
[2024-11-01T18:41:10.340+0000] {logging_mixin.py:150} INFO - [2024-11-01T18:41:10.340+0000] {dag.py:2742} INFO - Sync 1 DAGs
[2024-11-01T18:41:10.362+0000] {logging_mixin.py:150} INFO - [2024-11-01T18:41:10.362+0000] {dag.py:3508} INFO - Setting next_dagrun for example_branch_labels to 2024-10-31T00:00:00+00:00, run_after=2024-11-01T00:00:00+00:00
[2024-11-01T18:41:10.379+0000] {processor.py:179} INFO - Processing /home/airflow/.local/lib/python3.7/site-packages/airflow/example_dags/example_branch_labels.py took 0.086 seconds
[2024-11-01T18:41:41.025+0000] {processor.py:157} INFO - Started process (PID=2457) to work on /home/airflow/.local/lib/python3.7/site-packages/airflow/example_dags/example_branch_labels.py
[2024-11-01T18:41:41.029+0000] {processor.py:826} INFO - Processing file /home/airflow/.local/lib/python3.7/site-packages/airflow/example_dags/example_branch_labels.py for tasks to queue
[2024-11-01T18:41:41.031+0000] {logging_mixin.py:150} INFO - [2024-11-01T18:41:41.030+0000] {dagbag.py:541} INFO - Filling up the DagBag from /home/airflow/.local/lib/python3.7/site-packages/airflow/example_dags/example_branch_labels.py
[2024-11-01T18:41:41.045+0000] {processor.py:836} INFO - DAG(s) dict_keys(['example_branch_labels']) retrieved from /home/airflow/.local/lib/python3.7/site-packages/airflow/example_dags/example_branch_labels.py
[2024-11-01T18:41:41.107+0000] {logging_mixin.py:150} INFO - [2024-11-01T18:41:41.106+0000] {dag.py:2742} INFO - Sync 1 DAGs
[2024-11-01T18:41:41.146+0000] {logging_mixin.py:150} INFO - [2024-11-01T18:41:41.146+0000] {dag.py:3508} INFO - Setting next_dagrun for example_branch_labels to 2024-10-31T00:00:00+00:00, run_after=2024-11-01T00:00:00+00:00
[2024-11-01T18:41:41.177+0000] {processor.py:179} INFO - Processing /home/airflow/.local/lib/python3.7/site-packages/airflow/example_dags/example_branch_labels.py took 0.168 seconds
[2024-11-01T18:42:11.319+0000] {processor.py:157} INFO - Started process (PID=2519) to work on /home/airflow/.local/lib/python3.7/site-packages/airflow/example_dags/example_branch_labels.py
[2024-11-01T18:42:11.323+0000] {processor.py:826} INFO - Processing file /home/airflow/.local/lib/python3.7/site-packages/airflow/example_dags/example_branch_labels.py for tasks to queue
[2024-11-01T18:42:11.325+0000] {logging_mixin.py:150} INFO - [2024-11-01T18:42:11.324+0000] {dagbag.py:541} INFO - Filling up the DagBag from /home/airflow/.local/lib/python3.7/site-packages/airflow/example_dags/example_branch_labels.py
[2024-11-01T18:42:11.338+0000] {processor.py:836} INFO - DAG(s) dict_keys(['example_branch_labels']) retrieved from /home/airflow/.local/lib/python3.7/site-packages/airflow/example_dags/example_branch_labels.py
[2024-11-01T18:42:11.384+0000] {logging_mixin.py:150} INFO - [2024-11-01T18:42:11.384+0000] {dag.py:2742} INFO - Sync 1 DAGs
[2024-11-01T18:42:11.418+0000] {logging_mixin.py:150} INFO - [2024-11-01T18:42:11.418+0000] {dag.py:3508} INFO - Setting next_dagrun for example_branch_labels to 2024-10-31T00:00:00+00:00, run_after=2024-11-01T00:00:00+00:00
[2024-11-01T18:42:11.443+0000] {processor.py:179} INFO - Processing /home/airflow/.local/lib/python3.7/site-packages/airflow/example_dags/example_branch_labels.py took 0.131 seconds
[2024-11-01T18:42:41.910+0000] {processor.py:157} INFO - Started process (PID=2581) to work on /home/airflow/.local/lib/python3.7/site-packages/airflow/example_dags/example_branch_labels.py
[2024-11-01T18:42:41.913+0000] {processor.py:826} INFO - Processing file /home/airflow/.local/lib/python3.7/site-packages/airflow/example_dags/example_branch_labels.py for tasks to queue
[2024-11-01T18:42:41.914+0000] {logging_mixin.py:150} INFO - [2024-11-01T18:42:41.914+0000] {dagbag.py:541} INFO - Filling up the DagBag from /home/airflow/.local/lib/python3.7/site-packages/airflow/example_dags/example_branch_labels.py
[2024-11-01T18:42:41.930+0000] {processor.py:836} INFO - DAG(s) dict_keys(['example_branch_labels']) retrieved from /home/airflow/.local/lib/python3.7/site-packages/airflow/example_dags/example_branch_labels.py
[2024-11-01T18:42:41.958+0000] {logging_mixin.py:150} INFO - [2024-11-01T18:42:41.958+0000] {dag.py:2742} INFO - Sync 1 DAGs
[2024-11-01T18:42:41.980+0000] {logging_mixin.py:150} INFO - [2024-11-01T18:42:41.980+0000] {dag.py:3508} INFO - Setting next_dagrun for example_branch_labels to 2024-10-31T00:00:00+00:00, run_after=2024-11-01T00:00:00+00:00
[2024-11-01T18:42:41.997+0000] {processor.py:179} INFO - Processing /home/airflow/.local/lib/python3.7/site-packages/airflow/example_dags/example_branch_labels.py took 0.096 seconds
[2024-11-01T18:43:12.690+0000] {processor.py:157} INFO - Started process (PID=2643) to work on /home/airflow/.local/lib/python3.7/site-packages/airflow/example_dags/example_branch_labels.py
[2024-11-01T18:43:12.691+0000] {processor.py:826} INFO - Processing file /home/airflow/.local/lib/python3.7/site-packages/airflow/example_dags/example_branch_labels.py for tasks to queue
[2024-11-01T18:43:12.692+0000] {logging_mixin.py:150} INFO - [2024-11-01T18:43:12.692+0000] {dagbag.py:541} INFO - Filling up the DagBag from /home/airflow/.local/lib/python3.7/site-packages/airflow/example_dags/example_branch_labels.py
[2024-11-01T18:43:12.697+0000] {processor.py:836} INFO - DAG(s) dict_keys(['example_branch_labels']) retrieved from /home/airflow/.local/lib/python3.7/site-packages/airflow/example_dags/example_branch_labels.py
[2024-11-01T18:43:12.712+0000] {logging_mixin.py:150} INFO - [2024-11-01T18:43:12.712+0000] {dag.py:2742} INFO - Sync 1 DAGs
[2024-11-01T18:43:12.729+0000] {logging_mixin.py:150} INFO - [2024-11-01T18:43:12.729+0000] {dag.py:3508} INFO - Setting next_dagrun for example_branch_labels to 2024-10-31T00:00:00+00:00, run_after=2024-11-01T00:00:00+00:00
[2024-11-01T18:43:12.743+0000] {processor.py:179} INFO - Processing /home/airflow/.local/lib/python3.7/site-packages/airflow/example_dags/example_branch_labels.py took 0.055 seconds
[2024-11-01T18:43:43.618+0000] {processor.py:157} INFO - Started process (PID=2696) to work on /home/airflow/.local/lib/python3.7/site-packages/airflow/example_dags/example_branch_labels.py
[2024-11-01T18:43:43.620+0000] {processor.py:826} INFO - Processing file /home/airflow/.local/lib/python3.7/site-packages/airflow/example_dags/example_branch_labels.py for tasks to queue
[2024-11-01T18:43:43.621+0000] {logging_mixin.py:150} INFO - [2024-11-01T18:43:43.621+0000] {dagbag.py:541} INFO - Filling up the DagBag from /home/airflow/.local/lib/python3.7/site-packages/airflow/example_dags/example_branch_labels.py
[2024-11-01T18:43:43.625+0000] {processor.py:836} INFO - DAG(s) dict_keys(['example_branch_labels']) retrieved from /home/airflow/.local/lib/python3.7/site-packages/airflow/example_dags/example_branch_labels.py
[2024-11-01T18:43:43.640+0000] {logging_mixin.py:150} INFO - [2024-11-01T18:43:43.640+0000] {dag.py:2742} INFO - Sync 1 DAGs
[2024-11-01T18:43:43.653+0000] {logging_mixin.py:150} INFO - [2024-11-01T18:43:43.653+0000] {dag.py:3508} INFO - Setting next_dagrun for example_branch_labels to 2024-10-31T00:00:00+00:00, run_after=2024-11-01T00:00:00+00:00
[2024-11-01T18:43:43.666+0000] {processor.py:179} INFO - Processing /home/airflow/.local/lib/python3.7/site-packages/airflow/example_dags/example_branch_labels.py took 0.050 seconds
[2024-11-01T18:44:13.911+0000] {processor.py:157} INFO - Started process (PID=2758) to work on /home/airflow/.local/lib/python3.7/site-packages/airflow/example_dags/example_branch_labels.py
[2024-11-01T18:44:13.912+0000] {processor.py:826} INFO - Processing file /home/airflow/.local/lib/python3.7/site-packages/airflow/example_dags/example_branch_labels.py for tasks to queue
[2024-11-01T18:44:13.913+0000] {logging_mixin.py:150} INFO - [2024-11-01T18:44:13.913+0000] {dagbag.py:541} INFO - Filling up the DagBag from /home/airflow/.local/lib/python3.7/site-packages/airflow/example_dags/example_branch_labels.py
[2024-11-01T18:44:13.919+0000] {processor.py:836} INFO - DAG(s) dict_keys(['example_branch_labels']) retrieved from /home/airflow/.local/lib/python3.7/site-packages/airflow/example_dags/example_branch_labels.py
[2024-11-01T18:44:13.939+0000] {logging_mixin.py:150} INFO - [2024-11-01T18:44:13.939+0000] {dag.py:2742} INFO - Sync 1 DAGs
[2024-11-01T18:44:13.956+0000] {logging_mixin.py:150} INFO - [2024-11-01T18:44:13.955+0000] {dag.py:3508} INFO - Setting next_dagrun for example_branch_labels to 2024-10-31T00:00:00+00:00, run_after=2024-11-01T00:00:00+00:00
[2024-11-01T18:44:13.969+0000] {processor.py:179} INFO - Processing /home/airflow/.local/lib/python3.7/site-packages/airflow/example_dags/example_branch_labels.py took 0.060 seconds
[2024-11-01T18:44:44.015+0000] {processor.py:157} INFO - Started process (PID=2820) to work on /home/airflow/.local/lib/python3.7/site-packages/airflow/example_dags/example_branch_labels.py
[2024-11-01T18:44:44.015+0000] {processor.py:826} INFO - Processing file /home/airflow/.local/lib/python3.7/site-packages/airflow/example_dags/example_branch_labels.py for tasks to queue
[2024-11-01T18:44:44.017+0000] {logging_mixin.py:150} INFO - [2024-11-01T18:44:44.016+0000] {dagbag.py:541} INFO - Filling up the DagBag from /home/airflow/.local/lib/python3.7/site-packages/airflow/example_dags/example_branch_labels.py
[2024-11-01T18:44:44.021+0000] {processor.py:836} INFO - DAG(s) dict_keys(['example_branch_labels']) retrieved from /home/airflow/.local/lib/python3.7/site-packages/airflow/example_dags/example_branch_labels.py
[2024-11-01T18:44:44.036+0000] {logging_mixin.py:150} INFO - [2024-11-01T18:44:44.036+0000] {dag.py:2742} INFO - Sync 1 DAGs
[2024-11-01T18:44:44.049+0000] {logging_mixin.py:150} INFO - [2024-11-01T18:44:44.049+0000] {dag.py:3508} INFO - Setting next_dagrun for example_branch_labels to 2024-10-31T00:00:00+00:00, run_after=2024-11-01T00:00:00+00:00
[2024-11-01T18:44:44.062+0000] {processor.py:179} INFO - Processing /home/airflow/.local/lib/python3.7/site-packages/airflow/example_dags/example_branch_labels.py took 0.049 seconds
[2024-11-01T18:45:14.547+0000] {processor.py:157} INFO - Started process (PID=2882) to work on /home/airflow/.local/lib/python3.7/site-packages/airflow/example_dags/example_branch_labels.py
[2024-11-01T18:45:14.549+0000] {processor.py:826} INFO - Processing file /home/airflow/.local/lib/python3.7/site-packages/airflow/example_dags/example_branch_labels.py for tasks to queue
[2024-11-01T18:45:14.550+0000] {logging_mixin.py:150} INFO - [2024-11-01T18:45:14.550+0000] {dagbag.py:541} INFO - Filling up the DagBag from /home/airflow/.local/lib/python3.7/site-packages/airflow/example_dags/example_branch_labels.py
[2024-11-01T18:45:14.556+0000] {processor.py:836} INFO - DAG(s) dict_keys(['example_branch_labels']) retrieved from /home/airflow/.local/lib/python3.7/site-packages/airflow/example_dags/example_branch_labels.py
[2024-11-01T18:45:14.569+0000] {logging_mixin.py:150} INFO - [2024-11-01T18:45:14.569+0000] {dag.py:2742} INFO - Sync 1 DAGs
[2024-11-01T18:45:14.583+0000] {logging_mixin.py:150} INFO - [2024-11-01T18:45:14.583+0000] {dag.py:3508} INFO - Setting next_dagrun for example_branch_labels to 2024-10-31T00:00:00+00:00, run_after=2024-11-01T00:00:00+00:00
[2024-11-01T18:45:14.598+0000] {processor.py:179} INFO - Processing /home/airflow/.local/lib/python3.7/site-packages/airflow/example_dags/example_branch_labels.py took 0.053 seconds
[2024-11-01T18:45:45.281+0000] {processor.py:157} INFO - Started process (PID=2944) to work on /home/airflow/.local/lib/python3.7/site-packages/airflow/example_dags/example_branch_labels.py
[2024-11-01T18:45:45.282+0000] {processor.py:826} INFO - Processing file /home/airflow/.local/lib/python3.7/site-packages/airflow/example_dags/example_branch_labels.py for tasks to queue
[2024-11-01T18:45:45.283+0000] {logging_mixin.py:150} INFO - [2024-11-01T18:45:45.283+0000] {dagbag.py:541} INFO - Filling up the DagBag from /home/airflow/.local/lib/python3.7/site-packages/airflow/example_dags/example_branch_labels.py
[2024-11-01T18:45:45.288+0000] {processor.py:836} INFO - DAG(s) dict_keys(['example_branch_labels']) retrieved from /home/airflow/.local/lib/python3.7/site-packages/airflow/example_dags/example_branch_labels.py
[2024-11-01T18:45:45.303+0000] {logging_mixin.py:150} INFO - [2024-11-01T18:45:45.303+0000] {dag.py:2742} INFO - Sync 1 DAGs
[2024-11-01T18:45:45.318+0000] {logging_mixin.py:150} INFO - [2024-11-01T18:45:45.318+0000] {dag.py:3508} INFO - Setting next_dagrun for example_branch_labels to 2024-10-31T00:00:00+00:00, run_after=2024-11-01T00:00:00+00:00
[2024-11-01T18:45:45.329+0000] {processor.py:179} INFO - Processing /home/airflow/.local/lib/python3.7/site-packages/airflow/example_dags/example_branch_labels.py took 0.050 seconds
[2024-11-01T18:46:16.282+0000] {processor.py:157} INFO - Started process (PID=3006) to work on /home/airflow/.local/lib/python3.7/site-packages/airflow/example_dags/example_branch_labels.py
[2024-11-01T18:46:16.282+0000] {processor.py:826} INFO - Processing file /home/airflow/.local/lib/python3.7/site-packages/airflow/example_dags/example_branch_labels.py for tasks to queue
[2024-11-01T18:46:16.283+0000] {logging_mixin.py:150} INFO - [2024-11-01T18:46:16.282+0000] {dagbag.py:541} INFO - Filling up the DagBag from /home/airflow/.local/lib/python3.7/site-packages/airflow/example_dags/example_branch_labels.py
[2024-11-01T18:46:16.287+0000] {processor.py:836} INFO - DAG(s) dict_keys(['example_branch_labels']) retrieved from /home/airflow/.local/lib/python3.7/site-packages/airflow/example_dags/example_branch_labels.py
[2024-11-01T18:46:16.303+0000] {logging_mixin.py:150} INFO - [2024-11-01T18:46:16.303+0000] {dag.py:2742} INFO - Sync 1 DAGs
[2024-11-01T18:46:16.318+0000] {logging_mixin.py:150} INFO - [2024-11-01T18:46:16.318+0000] {dag.py:3508} INFO - Setting next_dagrun for example_branch_labels to 2024-10-31T00:00:00+00:00, run_after=2024-11-01T00:00:00+00:00
[2024-11-01T18:46:16.327+0000] {processor.py:179} INFO - Processing /home/airflow/.local/lib/python3.7/site-packages/airflow/example_dags/example_branch_labels.py took 0.048 seconds
[2024-11-01T18:46:53.780+0000] {processor.py:157} INFO - Started process (PID=3068) to work on /home/airflow/.local/lib/python3.7/site-packages/airflow/example_dags/example_branch_labels.py
[2024-11-01T18:46:53.792+0000] {processor.py:826} INFO - Processing file /home/airflow/.local/lib/python3.7/site-packages/airflow/example_dags/example_branch_labels.py for tasks to queue
[2024-11-01T18:46:53.796+0000] {logging_mixin.py:150} INFO - [2024-11-01T18:46:53.795+0000] {dagbag.py:541} INFO - Filling up the DagBag from /home/airflow/.local/lib/python3.7/site-packages/airflow/example_dags/example_branch_labels.py
[2024-11-01T18:46:53.829+0000] {processor.py:836} INFO - DAG(s) dict_keys(['example_branch_labels']) retrieved from /home/airflow/.local/lib/python3.7/site-packages/airflow/example_dags/example_branch_labels.py
[2024-11-01T18:46:53.921+0000] {logging_mixin.py:150} INFO - [2024-11-01T18:46:53.921+0000] {dag.py:2742} INFO - Sync 1 DAGs
[2024-11-01T18:46:54.015+0000] {logging_mixin.py:150} INFO - [2024-11-01T18:46:54.015+0000] {dag.py:3508} INFO - Setting next_dagrun for example_branch_labels to 2024-10-31T00:00:00+00:00, run_after=2024-11-01T00:00:00+00:00
[2024-11-01T18:46:54.059+0000] {processor.py:179} INFO - Processing /home/airflow/.local/lib/python3.7/site-packages/airflow/example_dags/example_branch_labels.py took 0.305 seconds
[2024-11-01T18:47:24.273+0000] {processor.py:157} INFO - Started process (PID=3130) to work on /home/airflow/.local/lib/python3.7/site-packages/airflow/example_dags/example_branch_labels.py
[2024-11-01T18:47:24.275+0000] {processor.py:826} INFO - Processing file /home/airflow/.local/lib/python3.7/site-packages/airflow/example_dags/example_branch_labels.py for tasks to queue
[2024-11-01T18:47:24.276+0000] {logging_mixin.py:150} INFO - [2024-11-01T18:47:24.276+0000] {dagbag.py:541} INFO - Filling up the DagBag from /home/airflow/.local/lib/python3.7/site-packages/airflow/example_dags/example_branch_labels.py
[2024-11-01T18:47:24.286+0000] {processor.py:836} INFO - DAG(s) dict_keys(['example_branch_labels']) retrieved from /home/airflow/.local/lib/python3.7/site-packages/airflow/example_dags/example_branch_labels.py
[2024-11-01T18:47:24.316+0000] {logging_mixin.py:150} INFO - [2024-11-01T18:47:24.315+0000] {dag.py:2742} INFO - Sync 1 DAGs
[2024-11-01T18:47:24.336+0000] {logging_mixin.py:150} INFO - [2024-11-01T18:47:24.336+0000] {dag.py:3508} INFO - Setting next_dagrun for example_branch_labels to 2024-10-31T00:00:00+00:00, run_after=2024-11-01T00:00:00+00:00
[2024-11-01T18:47:24.348+0000] {processor.py:179} INFO - Processing /home/airflow/.local/lib/python3.7/site-packages/airflow/example_dags/example_branch_labels.py took 0.083 seconds
[2024-11-01T18:47:57.796+0000] {processor.py:157} INFO - Started process (PID=3192) to work on /home/airflow/.local/lib/python3.7/site-packages/airflow/example_dags/example_branch_labels.py
[2024-11-01T18:47:57.798+0000] {processor.py:826} INFO - Processing file /home/airflow/.local/lib/python3.7/site-packages/airflow/example_dags/example_branch_labels.py for tasks to queue
[2024-11-01T18:47:57.800+0000] {logging_mixin.py:150} INFO - [2024-11-01T18:47:57.799+0000] {dagbag.py:541} INFO - Filling up the DagBag from /home/airflow/.local/lib/python3.7/site-packages/airflow/example_dags/example_branch_labels.py
[2024-11-01T18:47:57.816+0000] {processor.py:836} INFO - DAG(s) dict_keys(['example_branch_labels']) retrieved from /home/airflow/.local/lib/python3.7/site-packages/airflow/example_dags/example_branch_labels.py
[2024-11-01T18:47:57.890+0000] {logging_mixin.py:150} INFO - [2024-11-01T18:47:57.889+0000] {dag.py:2742} INFO - Sync 1 DAGs
[2024-11-01T18:47:57.921+0000] {logging_mixin.py:150} INFO - [2024-11-01T18:47:57.921+0000] {dag.py:3508} INFO - Setting next_dagrun for example_branch_labels to 2024-10-31T00:00:00+00:00, run_after=2024-11-01T00:00:00+00:00
[2024-11-01T18:47:57.945+0000] {processor.py:179} INFO - Processing /home/airflow/.local/lib/python3.7/site-packages/airflow/example_dags/example_branch_labels.py took 0.173 seconds
[2024-11-01T18:48:28.967+0000] {processor.py:157} INFO - Started process (PID=3254) to work on /home/airflow/.local/lib/python3.7/site-packages/airflow/example_dags/example_branch_labels.py
[2024-11-01T18:48:28.968+0000] {processor.py:826} INFO - Processing file /home/airflow/.local/lib/python3.7/site-packages/airflow/example_dags/example_branch_labels.py for tasks to queue
[2024-11-01T18:48:28.969+0000] {logging_mixin.py:150} INFO - [2024-11-01T18:48:28.968+0000] {dagbag.py:541} INFO - Filling up the DagBag from /home/airflow/.local/lib/python3.7/site-packages/airflow/example_dags/example_branch_labels.py
[2024-11-01T18:48:28.974+0000] {processor.py:836} INFO - DAG(s) dict_keys(['example_branch_labels']) retrieved from /home/airflow/.local/lib/python3.7/site-packages/airflow/example_dags/example_branch_labels.py
[2024-11-01T18:48:28.997+0000] {logging_mixin.py:150} INFO - [2024-11-01T18:48:28.997+0000] {dag.py:2742} INFO - Sync 1 DAGs
[2024-11-01T18:48:29.021+0000] {logging_mixin.py:150} INFO - [2024-11-01T18:48:29.021+0000] {dag.py:3508} INFO - Setting next_dagrun for example_branch_labels to 2024-10-31T00:00:00+00:00, run_after=2024-11-01T00:00:00+00:00
[2024-11-01T18:48:29.036+0000] {processor.py:179} INFO - Processing /home/airflow/.local/lib/python3.7/site-packages/airflow/example_dags/example_branch_labels.py took 0.076 seconds
[2024-11-01T18:48:59.992+0000] {processor.py:157} INFO - Started process (PID=3316) to work on /home/airflow/.local/lib/python3.7/site-packages/airflow/example_dags/example_branch_labels.py
[2024-11-01T18:48:59.994+0000] {processor.py:826} INFO - Processing file /home/airflow/.local/lib/python3.7/site-packages/airflow/example_dags/example_branch_labels.py for tasks to queue
[2024-11-01T18:48:59.995+0000] {logging_mixin.py:150} INFO - [2024-11-01T18:48:59.995+0000] {dagbag.py:541} INFO - Filling up the DagBag from /home/airflow/.local/lib/python3.7/site-packages/airflow/example_dags/example_branch_labels.py
[2024-11-01T18:49:00.000+0000] {processor.py:836} INFO - DAG(s) dict_keys(['example_branch_labels']) retrieved from /home/airflow/.local/lib/python3.7/site-packages/airflow/example_dags/example_branch_labels.py
[2024-11-01T18:49:00.019+0000] {logging_mixin.py:150} INFO - [2024-11-01T18:49:00.019+0000] {dag.py:2742} INFO - Sync 1 DAGs
[2024-11-01T18:49:00.053+0000] {logging_mixin.py:150} INFO - [2024-11-01T18:49:00.053+0000] {dag.py:3508} INFO - Setting next_dagrun for example_branch_labels to 2024-10-31T00:00:00+00:00, run_after=2024-11-01T00:00:00+00:00
[2024-11-01T18:49:00.074+0000] {processor.py:179} INFO - Processing /home/airflow/.local/lib/python3.7/site-packages/airflow/example_dags/example_branch_labels.py took 0.089 seconds
[2024-11-01T18:49:30.243+0000] {processor.py:157} INFO - Started process (PID=3379) to work on /home/airflow/.local/lib/python3.7/site-packages/airflow/example_dags/example_branch_labels.py
[2024-11-01T18:49:30.243+0000] {processor.py:826} INFO - Processing file /home/airflow/.local/lib/python3.7/site-packages/airflow/example_dags/example_branch_labels.py for tasks to queue
[2024-11-01T18:49:30.245+0000] {logging_mixin.py:150} INFO - [2024-11-01T18:49:30.244+0000] {dagbag.py:541} INFO - Filling up the DagBag from /home/airflow/.local/lib/python3.7/site-packages/airflow/example_dags/example_branch_labels.py
[2024-11-01T18:49:30.254+0000] {processor.py:836} INFO - DAG(s) dict_keys(['example_branch_labels']) retrieved from /home/airflow/.local/lib/python3.7/site-packages/airflow/example_dags/example_branch_labels.py
[2024-11-01T18:49:30.271+0000] {logging_mixin.py:150} INFO - [2024-11-01T18:49:30.271+0000] {dag.py:2742} INFO - Sync 1 DAGs
[2024-11-01T18:49:30.289+0000] {logging_mixin.py:150} INFO - [2024-11-01T18:49:30.288+0000] {dag.py:3508} INFO - Setting next_dagrun for example_branch_labels to 2024-10-31T00:00:00+00:00, run_after=2024-11-01T00:00:00+00:00
[2024-11-01T18:49:30.301+0000] {processor.py:179} INFO - Processing /home/airflow/.local/lib/python3.7/site-packages/airflow/example_dags/example_branch_labels.py took 0.063 seconds
[2024-11-01T18:50:00.592+0000] {processor.py:157} INFO - Started process (PID=3440) to work on /home/airflow/.local/lib/python3.7/site-packages/airflow/example_dags/example_branch_labels.py
[2024-11-01T18:50:00.593+0000] {processor.py:826} INFO - Processing file /home/airflow/.local/lib/python3.7/site-packages/airflow/example_dags/example_branch_labels.py for tasks to queue
[2024-11-01T18:50:00.594+0000] {logging_mixin.py:150} INFO - [2024-11-01T18:50:00.594+0000] {dagbag.py:541} INFO - Filling up the DagBag from /home/airflow/.local/lib/python3.7/site-packages/airflow/example_dags/example_branch_labels.py
[2024-11-01T18:50:00.600+0000] {processor.py:836} INFO - DAG(s) dict_keys(['example_branch_labels']) retrieved from /home/airflow/.local/lib/python3.7/site-packages/airflow/example_dags/example_branch_labels.py
[2024-11-01T18:50:00.623+0000] {logging_mixin.py:150} INFO - [2024-11-01T18:50:00.622+0000] {dag.py:2742} INFO - Sync 1 DAGs
[2024-11-01T18:50:00.643+0000] {logging_mixin.py:150} INFO - [2024-11-01T18:50:00.643+0000] {dag.py:3508} INFO - Setting next_dagrun for example_branch_labels to 2024-10-31T00:00:00+00:00, run_after=2024-11-01T00:00:00+00:00
[2024-11-01T18:50:00.652+0000] {processor.py:179} INFO - Processing /home/airflow/.local/lib/python3.7/site-packages/airflow/example_dags/example_branch_labels.py took 0.062 seconds
[2024-11-01T18:50:30.682+0000] {processor.py:157} INFO - Started process (PID=3502) to work on /home/airflow/.local/lib/python3.7/site-packages/airflow/example_dags/example_branch_labels.py
[2024-11-01T18:50:30.684+0000] {processor.py:826} INFO - Processing file /home/airflow/.local/lib/python3.7/site-packages/airflow/example_dags/example_branch_labels.py for tasks to queue
[2024-11-01T18:50:30.684+0000] {logging_mixin.py:150} INFO - [2024-11-01T18:50:30.684+0000] {dagbag.py:541} INFO - Filling up the DagBag from /home/airflow/.local/lib/python3.7/site-packages/airflow/example_dags/example_branch_labels.py
[2024-11-01T18:50:30.689+0000] {processor.py:836} INFO - DAG(s) dict_keys(['example_branch_labels']) retrieved from /home/airflow/.local/lib/python3.7/site-packages/airflow/example_dags/example_branch_labels.py
[2024-11-01T18:50:30.704+0000] {logging_mixin.py:150} INFO - [2024-11-01T18:50:30.704+0000] {dag.py:2742} INFO - Sync 1 DAGs
[2024-11-01T18:50:30.723+0000] {logging_mixin.py:150} INFO - [2024-11-01T18:50:30.723+0000] {dag.py:3508} INFO - Setting next_dagrun for example_branch_labels to 2024-10-31T00:00:00+00:00, run_after=2024-11-01T00:00:00+00:00
[2024-11-01T18:50:30.740+0000] {processor.py:179} INFO - Processing /home/airflow/.local/lib/python3.7/site-packages/airflow/example_dags/example_branch_labels.py took 0.062 seconds
[2024-11-01T18:51:00.916+0000] {processor.py:157} INFO - Started process (PID=3564) to work on /home/airflow/.local/lib/python3.7/site-packages/airflow/example_dags/example_branch_labels.py
[2024-11-01T18:51:00.917+0000] {processor.py:826} INFO - Processing file /home/airflow/.local/lib/python3.7/site-packages/airflow/example_dags/example_branch_labels.py for tasks to queue
[2024-11-01T18:51:00.918+0000] {logging_mixin.py:150} INFO - [2024-11-01T18:51:00.918+0000] {dagbag.py:541} INFO - Filling up the DagBag from /home/airflow/.local/lib/python3.7/site-packages/airflow/example_dags/example_branch_labels.py
[2024-11-01T18:51:00.925+0000] {processor.py:836} INFO - DAG(s) dict_keys(['example_branch_labels']) retrieved from /home/airflow/.local/lib/python3.7/site-packages/airflow/example_dags/example_branch_labels.py
[2024-11-01T18:51:00.943+0000] {logging_mixin.py:150} INFO - [2024-11-01T18:51:00.943+0000] {dag.py:2742} INFO - Sync 1 DAGs
[2024-11-01T18:51:00.961+0000] {logging_mixin.py:150} INFO - [2024-11-01T18:51:00.960+0000] {dag.py:3508} INFO - Setting next_dagrun for example_branch_labels to 2024-10-31T00:00:00+00:00, run_after=2024-11-01T00:00:00+00:00
[2024-11-01T18:51:00.970+0000] {processor.py:179} INFO - Processing /home/airflow/.local/lib/python3.7/site-packages/airflow/example_dags/example_branch_labels.py took 0.057 seconds
[2024-11-01T18:51:31.946+0000] {processor.py:157} INFO - Started process (PID=3626) to work on /home/airflow/.local/lib/python3.7/site-packages/airflow/example_dags/example_branch_labels.py
[2024-11-01T18:51:31.949+0000] {processor.py:826} INFO - Processing file /home/airflow/.local/lib/python3.7/site-packages/airflow/example_dags/example_branch_labels.py for tasks to queue
[2024-11-01T18:51:31.950+0000] {logging_mixin.py:150} INFO - [2024-11-01T18:51:31.950+0000] {dagbag.py:541} INFO - Filling up the DagBag from /home/airflow/.local/lib/python3.7/site-packages/airflow/example_dags/example_branch_labels.py
[2024-11-01T18:51:31.970+0000] {processor.py:836} INFO - DAG(s) dict_keys(['example_branch_labels']) retrieved from /home/airflow/.local/lib/python3.7/site-packages/airflow/example_dags/example_branch_labels.py
[2024-11-01T18:51:31.997+0000] {logging_mixin.py:150} INFO - [2024-11-01T18:51:31.996+0000] {dag.py:2742} INFO - Sync 1 DAGs
[2024-11-01T18:51:32.024+0000] {logging_mixin.py:150} INFO - [2024-11-01T18:51:32.024+0000] {dag.py:3508} INFO - Setting next_dagrun for example_branch_labels to 2024-10-31T00:00:00+00:00, run_after=2024-11-01T00:00:00+00:00
[2024-11-01T18:51:32.035+0000] {processor.py:179} INFO - Processing /home/airflow/.local/lib/python3.7/site-packages/airflow/example_dags/example_branch_labels.py took 0.096 seconds
[2024-11-01T18:52:02.744+0000] {processor.py:157} INFO - Started process (PID=3688) to work on /home/airflow/.local/lib/python3.7/site-packages/airflow/example_dags/example_branch_labels.py
[2024-11-01T18:52:02.745+0000] {processor.py:826} INFO - Processing file /home/airflow/.local/lib/python3.7/site-packages/airflow/example_dags/example_branch_labels.py for tasks to queue
[2024-11-01T18:52:02.745+0000] {logging_mixin.py:150} INFO - [2024-11-01T18:52:02.745+0000] {dagbag.py:541} INFO - Filling up the DagBag from /home/airflow/.local/lib/python3.7/site-packages/airflow/example_dags/example_branch_labels.py
[2024-11-01T18:52:02.752+0000] {processor.py:836} INFO - DAG(s) dict_keys(['example_branch_labels']) retrieved from /home/airflow/.local/lib/python3.7/site-packages/airflow/example_dags/example_branch_labels.py
[2024-11-01T18:52:02.777+0000] {logging_mixin.py:150} INFO - [2024-11-01T18:52:02.776+0000] {dag.py:2742} INFO - Sync 1 DAGs
[2024-11-01T18:52:02.794+0000] {logging_mixin.py:150} INFO - [2024-11-01T18:52:02.794+0000] {dag.py:3508} INFO - Setting next_dagrun for example_branch_labels to 2024-10-31T00:00:00+00:00, run_after=2024-11-01T00:00:00+00:00
[2024-11-01T18:52:02.804+0000] {processor.py:179} INFO - Processing /home/airflow/.local/lib/python3.7/site-packages/airflow/example_dags/example_branch_labels.py took 0.064 seconds
[2024-11-01T18:52:32.933+0000] {processor.py:157} INFO - Started process (PID=3749) to work on /home/airflow/.local/lib/python3.7/site-packages/airflow/example_dags/example_branch_labels.py
[2024-11-01T18:52:32.936+0000] {processor.py:826} INFO - Processing file /home/airflow/.local/lib/python3.7/site-packages/airflow/example_dags/example_branch_labels.py for tasks to queue
[2024-11-01T18:52:32.937+0000] {logging_mixin.py:150} INFO - [2024-11-01T18:52:32.936+0000] {dagbag.py:541} INFO - Filling up the DagBag from /home/airflow/.local/lib/python3.7/site-packages/airflow/example_dags/example_branch_labels.py
[2024-11-01T18:52:32.946+0000] {processor.py:836} INFO - DAG(s) dict_keys(['example_branch_labels']) retrieved from /home/airflow/.local/lib/python3.7/site-packages/airflow/example_dags/example_branch_labels.py
[2024-11-01T18:52:32.991+0000] {logging_mixin.py:150} INFO - [2024-11-01T18:52:32.991+0000] {dag.py:2742} INFO - Sync 1 DAGs
[2024-11-01T18:52:33.012+0000] {logging_mixin.py:150} INFO - [2024-11-01T18:52:33.012+0000] {dag.py:3508} INFO - Setting next_dagrun for example_branch_labels to 2024-10-31T00:00:00+00:00, run_after=2024-11-01T00:00:00+00:00
[2024-11-01T18:52:33.025+0000] {processor.py:179} INFO - Processing /home/airflow/.local/lib/python3.7/site-packages/airflow/example_dags/example_branch_labels.py took 0.095 seconds
