[2024-11-01T18:12:01.573+0000] {processor.py:157} INFO - Started process (PID=55) to work on /home/airflow/.local/lib/python3.7/site-packages/airflow/example_dags/example_branch_day_of_week_operator.py
[2024-11-01T18:12:01.576+0000] {processor.py:826} INFO - Processing file /home/airflow/.local/lib/python3.7/site-packages/airflow/example_dags/example_branch_day_of_week_operator.py for tasks to queue
[2024-11-01T18:12:01.578+0000] {logging_mixin.py:150} INFO - [2024-11-01T18:12:01.578+0000] {dagbag.py:541} INFO - Filling up the DagBag from /home/airflow/.local/lib/python3.7/site-packages/airflow/example_dags/example_branch_day_of_week_operator.py
[2024-11-01T18:12:01.633+0000] {processor.py:836} INFO - DAG(s) dict_keys(['example_weekday_branch_operator']) retrieved from /home/airflow/.local/lib/python3.7/site-packages/airflow/example_dags/example_branch_day_of_week_operator.py
[2024-11-01T18:12:01.751+0000] {logging_mixin.py:150} INFO - [2024-11-01T18:12:01.751+0000] {dag.py:2742} INFO - Sync 1 DAGs
[2024-11-01T18:12:01.815+0000] {logging_mixin.py:150} INFO - [2024-11-01T18:12:01.815+0000] {dag.py:3508} INFO - Setting next_dagrun for example_weekday_branch_operator to 2024-10-31T00:00:00+00:00, run_after=2024-11-01T00:00:00+00:00
[2024-11-01T18:12:01.838+0000] {processor.py:179} INFO - Processing /home/airflow/.local/lib/python3.7/site-packages/airflow/example_dags/example_branch_day_of_week_operator.py took 0.324 seconds
[2024-11-01T18:12:35.158+0000] {processor.py:157} INFO - Started process (PID=117) to work on /home/airflow/.local/lib/python3.7/site-packages/airflow/example_dags/example_branch_day_of_week_operator.py
[2024-11-01T18:12:35.160+0000] {processor.py:826} INFO - Processing file /home/airflow/.local/lib/python3.7/site-packages/airflow/example_dags/example_branch_day_of_week_operator.py for tasks to queue
[2024-11-01T18:12:35.162+0000] {logging_mixin.py:150} INFO - [2024-11-01T18:12:35.161+0000] {dagbag.py:541} INFO - Filling up the DagBag from /home/airflow/.local/lib/python3.7/site-packages/airflow/example_dags/example_branch_day_of_week_operator.py
[2024-11-01T18:12:35.186+0000] {processor.py:836} INFO - DAG(s) dict_keys(['example_weekday_branch_operator']) retrieved from /home/airflow/.local/lib/python3.7/site-packages/airflow/example_dags/example_branch_day_of_week_operator.py
[2024-11-01T18:12:35.248+0000] {logging_mixin.py:150} INFO - [2024-11-01T18:12:35.248+0000] {dag.py:2742} INFO - Sync 1 DAGs
[2024-11-01T18:12:36.318+0000] {logging_mixin.py:150} INFO - [2024-11-01T18:12:36.317+0000] {dag.py:3508} INFO - Setting next_dagrun for example_weekday_branch_operator to 2024-10-31T00:00:00+00:00, run_after=2024-11-01T00:00:00+00:00
[2024-11-01T18:12:36.373+0000] {processor.py:179} INFO - Processing /home/airflow/.local/lib/python3.7/site-packages/airflow/example_dags/example_branch_day_of_week_operator.py took 1.221 seconds
[2024-11-01T18:13:06.644+0000] {processor.py:157} INFO - Started process (PID=178) to work on /home/airflow/.local/lib/python3.7/site-packages/airflow/example_dags/example_branch_day_of_week_operator.py
[2024-11-01T18:13:06.714+0000] {processor.py:826} INFO - Processing file /home/airflow/.local/lib/python3.7/site-packages/airflow/example_dags/example_branch_day_of_week_operator.py for tasks to queue
[2024-11-01T18:13:06.715+0000] {logging_mixin.py:150} INFO - [2024-11-01T18:13:06.715+0000] {dagbag.py:541} INFO - Filling up the DagBag from /home/airflow/.local/lib/python3.7/site-packages/airflow/example_dags/example_branch_day_of_week_operator.py
[2024-11-01T18:13:06.732+0000] {processor.py:836} INFO - DAG(s) dict_keys(['example_weekday_branch_operator']) retrieved from /home/airflow/.local/lib/python3.7/site-packages/airflow/example_dags/example_branch_day_of_week_operator.py
[2024-11-01T18:13:06.770+0000] {logging_mixin.py:150} INFO - [2024-11-01T18:13:06.770+0000] {dag.py:2742} INFO - Sync 1 DAGs
[2024-11-01T18:13:06.789+0000] {logging_mixin.py:150} INFO - [2024-11-01T18:13:06.789+0000] {dag.py:3508} INFO - Setting next_dagrun for example_weekday_branch_operator to 2024-10-31T00:00:00+00:00, run_after=2024-11-01T00:00:00+00:00
[2024-11-01T18:13:06.804+0000] {processor.py:179} INFO - Processing /home/airflow/.local/lib/python3.7/site-packages/airflow/example_dags/example_branch_day_of_week_operator.py took 0.168 seconds
[2024-11-01T18:15:48.959+0000] {processor.py:157} INFO - Started process (PID=259) to work on /home/airflow/.local/lib/python3.7/site-packages/airflow/example_dags/example_branch_day_of_week_operator.py
[2024-11-01T18:15:48.974+0000] {processor.py:826} INFO - Processing file /home/airflow/.local/lib/python3.7/site-packages/airflow/example_dags/example_branch_day_of_week_operator.py for tasks to queue
[2024-11-01T18:15:48.980+0000] {logging_mixin.py:150} INFO - [2024-11-01T18:15:48.978+0000] {dagbag.py:541} INFO - Filling up the DagBag from /home/airflow/.local/lib/python3.7/site-packages/airflow/example_dags/example_branch_day_of_week_operator.py
[2024-11-01T18:15:49.075+0000] {processor.py:836} INFO - DAG(s) dict_keys(['example_weekday_branch_operator']) retrieved from /home/airflow/.local/lib/python3.7/site-packages/airflow/example_dags/example_branch_day_of_week_operator.py
[2024-11-01T18:15:49.352+0000] {logging_mixin.py:150} INFO - [2024-11-01T18:15:49.351+0000] {dag.py:2742} INFO - Sync 1 DAGs
[2024-11-01T18:15:49.830+0000] {logging_mixin.py:150} INFO - [2024-11-01T18:15:49.828+0000] {dag.py:3508} INFO - Setting next_dagrun for example_weekday_branch_operator to 2024-10-31T00:00:00+00:00, run_after=2024-11-01T00:00:00+00:00
[2024-11-01T18:15:50.063+0000] {processor.py:179} INFO - Processing /home/airflow/.local/lib/python3.7/site-packages/airflow/example_dags/example_branch_day_of_week_operator.py took 1.124 seconds
[2024-11-01T18:17:20.937+0000] {processor.py:157} INFO - Started process (PID=325) to work on /home/airflow/.local/lib/python3.7/site-packages/airflow/example_dags/example_branch_day_of_week_operator.py
[2024-11-01T18:17:20.942+0000] {processor.py:826} INFO - Processing file /home/airflow/.local/lib/python3.7/site-packages/airflow/example_dags/example_branch_day_of_week_operator.py for tasks to queue
[2024-11-01T18:17:20.946+0000] {logging_mixin.py:150} INFO - [2024-11-01T18:17:20.946+0000] {dagbag.py:541} INFO - Filling up the DagBag from /home/airflow/.local/lib/python3.7/site-packages/airflow/example_dags/example_branch_day_of_week_operator.py
[2024-11-01T18:17:20.965+0000] {processor.py:836} INFO - DAG(s) dict_keys(['example_weekday_branch_operator']) retrieved from /home/airflow/.local/lib/python3.7/site-packages/airflow/example_dags/example_branch_day_of_week_operator.py
[2024-11-01T18:17:21.123+0000] {logging_mixin.py:150} INFO - [2024-11-01T18:17:21.123+0000] {dag.py:2742} INFO - Sync 1 DAGs
[2024-11-01T18:17:21.247+0000] {logging_mixin.py:150} INFO - [2024-11-01T18:17:21.247+0000] {dag.py:3508} INFO - Setting next_dagrun for example_weekday_branch_operator to 2024-10-31T00:00:00+00:00, run_after=2024-11-01T00:00:00+00:00
[2024-11-01T18:17:21.350+0000] {processor.py:179} INFO - Processing /home/airflow/.local/lib/python3.7/site-packages/airflow/example_dags/example_branch_day_of_week_operator.py took 0.417 seconds
[2024-11-01T18:18:21.207+0000] {processor.py:157} INFO - Started process (PID=414) to work on /home/airflow/.local/lib/python3.7/site-packages/airflow/example_dags/example_branch_day_of_week_operator.py
[2024-11-01T18:18:21.225+0000] {processor.py:826} INFO - Processing file /home/airflow/.local/lib/python3.7/site-packages/airflow/example_dags/example_branch_day_of_week_operator.py for tasks to queue
[2024-11-01T18:18:21.232+0000] {logging_mixin.py:150} INFO - [2024-11-01T18:18:21.228+0000] {dagbag.py:541} INFO - Filling up the DagBag from /home/airflow/.local/lib/python3.7/site-packages/airflow/example_dags/example_branch_day_of_week_operator.py
[2024-11-01T18:18:21.252+0000] {processor.py:836} INFO - DAG(s) dict_keys(['example_weekday_branch_operator']) retrieved from /home/airflow/.local/lib/python3.7/site-packages/airflow/example_dags/example_branch_day_of_week_operator.py
[2024-11-01T18:18:21.452+0000] {logging_mixin.py:150} INFO - [2024-11-01T18:18:21.451+0000] {dag.py:2742} INFO - Sync 1 DAGs
[2024-11-01T18:18:22.350+0000] {logging_mixin.py:150} INFO - [2024-11-01T18:18:22.348+0000] {dag.py:3508} INFO - Setting next_dagrun for example_weekday_branch_operator to 2024-10-31T00:00:00+00:00, run_after=2024-11-01T00:00:00+00:00
[2024-11-01T18:18:23.111+0000] {processor.py:179} INFO - Processing /home/airflow/.local/lib/python3.7/site-packages/airflow/example_dags/example_branch_day_of_week_operator.py took 1.919 seconds
[2024-11-01T18:19:00.244+0000] {processor.py:157} INFO - Started process (PID=464) to work on /home/airflow/.local/lib/python3.7/site-packages/airflow/example_dags/example_branch_day_of_week_operator.py
[2024-11-01T18:19:00.268+0000] {processor.py:826} INFO - Processing file /home/airflow/.local/lib/python3.7/site-packages/airflow/example_dags/example_branch_day_of_week_operator.py for tasks to queue
[2024-11-01T18:19:00.284+0000] {logging_mixin.py:150} INFO - [2024-11-01T18:19:00.280+0000] {dagbag.py:541} INFO - Filling up the DagBag from /home/airflow/.local/lib/python3.7/site-packages/airflow/example_dags/example_branch_day_of_week_operator.py
[2024-11-01T18:19:00.298+0000] {processor.py:836} INFO - DAG(s) dict_keys(['example_weekday_branch_operator']) retrieved from /home/airflow/.local/lib/python3.7/site-packages/airflow/example_dags/example_branch_day_of_week_operator.py
[2024-11-01T18:19:00.448+0000] {logging_mixin.py:150} INFO - [2024-11-01T18:19:00.447+0000] {dag.py:2742} INFO - Sync 1 DAGs
[2024-11-01T18:19:00.558+0000] {logging_mixin.py:150} INFO - [2024-11-01T18:19:00.558+0000] {dag.py:3508} INFO - Setting next_dagrun for example_weekday_branch_operator to 2024-10-31T00:00:00+00:00, run_after=2024-11-01T00:00:00+00:00
[2024-11-01T18:19:00.648+0000] {processor.py:179} INFO - Processing /home/airflow/.local/lib/python3.7/site-packages/airflow/example_dags/example_branch_day_of_week_operator.py took 0.457 seconds
[2024-11-01T18:19:32.498+0000] {processor.py:157} INFO - Started process (PID=525) to work on /home/airflow/.local/lib/python3.7/site-packages/airflow/example_dags/example_branch_day_of_week_operator.py
[2024-11-01T18:19:32.525+0000] {processor.py:826} INFO - Processing file /home/airflow/.local/lib/python3.7/site-packages/airflow/example_dags/example_branch_day_of_week_operator.py for tasks to queue
[2024-11-01T18:19:32.532+0000] {logging_mixin.py:150} INFO - [2024-11-01T18:19:32.527+0000] {dagbag.py:541} INFO - Filling up the DagBag from /home/airflow/.local/lib/python3.7/site-packages/airflow/example_dags/example_branch_day_of_week_operator.py
[2024-11-01T18:19:32.777+0000] {processor.py:836} INFO - DAG(s) dict_keys(['example_weekday_branch_operator']) retrieved from /home/airflow/.local/lib/python3.7/site-packages/airflow/example_dags/example_branch_day_of_week_operator.py
[2024-11-01T18:19:33.298+0000] {logging_mixin.py:150} INFO - [2024-11-01T18:19:33.297+0000] {dag.py:2742} INFO - Sync 1 DAGs
[2024-11-01T18:19:33.399+0000] {logging_mixin.py:150} INFO - [2024-11-01T18:19:33.398+0000] {dag.py:3508} INFO - Setting next_dagrun for example_weekday_branch_operator to 2024-10-31T00:00:00+00:00, run_after=2024-11-01T00:00:00+00:00
[2024-11-01T18:19:33.496+0000] {processor.py:179} INFO - Processing /home/airflow/.local/lib/python3.7/site-packages/airflow/example_dags/example_branch_day_of_week_operator.py took 1.111 seconds
[2024-11-01T18:20:15.164+0000] {processor.py:157} INFO - Started process (PID=579) to work on /home/airflow/.local/lib/python3.7/site-packages/airflow/example_dags/example_branch_day_of_week_operator.py
[2024-11-01T18:20:15.176+0000] {processor.py:826} INFO - Processing file /home/airflow/.local/lib/python3.7/site-packages/airflow/example_dags/example_branch_day_of_week_operator.py for tasks to queue
[2024-11-01T18:20:15.178+0000] {logging_mixin.py:150} INFO - [2024-11-01T18:20:15.177+0000] {dagbag.py:541} INFO - Filling up the DagBag from /home/airflow/.local/lib/python3.7/site-packages/airflow/example_dags/example_branch_day_of_week_operator.py
[2024-11-01T18:20:15.247+0000] {processor.py:836} INFO - DAG(s) dict_keys(['example_weekday_branch_operator']) retrieved from /home/airflow/.local/lib/python3.7/site-packages/airflow/example_dags/example_branch_day_of_week_operator.py
[2024-11-01T18:20:15.522+0000] {logging_mixin.py:150} INFO - [2024-11-01T18:20:15.521+0000] {dag.py:2742} INFO - Sync 1 DAGs
[2024-11-01T18:20:15.616+0000] {logging_mixin.py:150} INFO - [2024-11-01T18:20:15.615+0000] {dag.py:3508} INFO - Setting next_dagrun for example_weekday_branch_operator to 2024-10-31T00:00:00+00:00, run_after=2024-11-01T00:00:00+00:00
[2024-11-01T18:20:15.662+0000] {processor.py:179} INFO - Processing /home/airflow/.local/lib/python3.7/site-packages/airflow/example_dags/example_branch_day_of_week_operator.py took 0.520 seconds
[2024-11-01T18:21:08.932+0000] {processor.py:157} INFO - Started process (PID=653) to work on /home/airflow/.local/lib/python3.7/site-packages/airflow/example_dags/example_branch_day_of_week_operator.py
[2024-11-01T18:21:08.953+0000] {processor.py:826} INFO - Processing file /home/airflow/.local/lib/python3.7/site-packages/airflow/example_dags/example_branch_day_of_week_operator.py for tasks to queue
[2024-11-01T18:21:08.974+0000] {logging_mixin.py:150} INFO - [2024-11-01T18:21:08.963+0000] {dagbag.py:541} INFO - Filling up the DagBag from /home/airflow/.local/lib/python3.7/site-packages/airflow/example_dags/example_branch_day_of_week_operator.py
[2024-11-01T18:21:09.131+0000] {processor.py:836} INFO - DAG(s) dict_keys(['example_weekday_branch_operator']) retrieved from /home/airflow/.local/lib/python3.7/site-packages/airflow/example_dags/example_branch_day_of_week_operator.py
[2024-11-01T18:21:09.454+0000] {logging_mixin.py:150} INFO - [2024-11-01T18:21:09.453+0000] {dag.py:2742} INFO - Sync 1 DAGs
[2024-11-01T18:21:09.939+0000] {logging_mixin.py:150} INFO - [2024-11-01T18:21:09.934+0000] {dag.py:3508} INFO - Setting next_dagrun for example_weekday_branch_operator to 2024-10-31T00:00:00+00:00, run_after=2024-11-01T00:00:00+00:00
[2024-11-01T18:21:10.321+0000] {processor.py:179} INFO - Processing /home/airflow/.local/lib/python3.7/site-packages/airflow/example_dags/example_branch_day_of_week_operator.py took 1.414 seconds
[2024-11-01T18:24:14.953+0000] {processor.py:157} INFO - Started process (PID=760) to work on /home/airflow/.local/lib/python3.7/site-packages/airflow/example_dags/example_branch_day_of_week_operator.py
[2024-11-01T18:24:14.970+0000] {processor.py:826} INFO - Processing file /home/airflow/.local/lib/python3.7/site-packages/airflow/example_dags/example_branch_day_of_week_operator.py for tasks to queue
[2024-11-01T18:24:14.972+0000] {logging_mixin.py:150} INFO - [2024-11-01T18:24:14.972+0000] {dagbag.py:541} INFO - Filling up the DagBag from /home/airflow/.local/lib/python3.7/site-packages/airflow/example_dags/example_branch_day_of_week_operator.py
[2024-11-01T18:24:15.027+0000] {processor.py:836} INFO - DAG(s) dict_keys(['example_weekday_branch_operator']) retrieved from /home/airflow/.local/lib/python3.7/site-packages/airflow/example_dags/example_branch_day_of_week_operator.py
[2024-11-01T18:24:15.138+0000] {logging_mixin.py:150} INFO - [2024-11-01T18:24:15.137+0000] {dag.py:2742} INFO - Sync 1 DAGs
[2024-11-01T18:24:15.254+0000] {logging_mixin.py:150} INFO - [2024-11-01T18:24:15.254+0000] {dag.py:3508} INFO - Setting next_dagrun for example_weekday_branch_operator to 2024-10-31T00:00:00+00:00, run_after=2024-11-01T00:00:00+00:00
[2024-11-01T18:24:15.539+0000] {processor.py:179} INFO - Processing /home/airflow/.local/lib/python3.7/site-packages/airflow/example_dags/example_branch_day_of_week_operator.py took 0.599 seconds
[2024-11-01T18:25:29.341+0000] {processor.py:157} INFO - Started process (PID=837) to work on /home/airflow/.local/lib/python3.7/site-packages/airflow/example_dags/example_branch_day_of_week_operator.py
[2024-11-01T18:25:29.364+0000] {processor.py:826} INFO - Processing file /home/airflow/.local/lib/python3.7/site-packages/airflow/example_dags/example_branch_day_of_week_operator.py for tasks to queue
[2024-11-01T18:25:29.365+0000] {logging_mixin.py:150} INFO - [2024-11-01T18:25:29.365+0000] {dagbag.py:541} INFO - Filling up the DagBag from /home/airflow/.local/lib/python3.7/site-packages/airflow/example_dags/example_branch_day_of_week_operator.py
[2024-11-01T18:25:29.431+0000] {processor.py:836} INFO - DAG(s) dict_keys(['example_weekday_branch_operator']) retrieved from /home/airflow/.local/lib/python3.7/site-packages/airflow/example_dags/example_branch_day_of_week_operator.py
[2024-11-01T18:25:29.649+0000] {logging_mixin.py:150} INFO - [2024-11-01T18:25:29.649+0000] {dag.py:2742} INFO - Sync 1 DAGs
[2024-11-01T18:25:29.918+0000] {logging_mixin.py:150} INFO - [2024-11-01T18:25:29.918+0000] {dag.py:3508} INFO - Setting next_dagrun for example_weekday_branch_operator to 2024-10-31T00:00:00+00:00, run_after=2024-11-01T00:00:00+00:00
[2024-11-01T18:25:29.995+0000] {processor.py:179} INFO - Processing /home/airflow/.local/lib/python3.7/site-packages/airflow/example_dags/example_branch_day_of_week_operator.py took 0.793 seconds
[2024-11-01T18:26:05.974+0000] {processor.py:157} INFO - Started process (PID=892) to work on /home/airflow/.local/lib/python3.7/site-packages/airflow/example_dags/example_branch_day_of_week_operator.py
[2024-11-01T18:26:05.980+0000] {processor.py:826} INFO - Processing file /home/airflow/.local/lib/python3.7/site-packages/airflow/example_dags/example_branch_day_of_week_operator.py for tasks to queue
[2024-11-01T18:26:06.016+0000] {logging_mixin.py:150} INFO - [2024-11-01T18:26:06.008+0000] {dagbag.py:541} INFO - Filling up the DagBag from /home/airflow/.local/lib/python3.7/site-packages/airflow/example_dags/example_branch_day_of_week_operator.py
[2024-11-01T18:26:06.046+0000] {processor.py:836} INFO - DAG(s) dict_keys(['example_weekday_branch_operator']) retrieved from /home/airflow/.local/lib/python3.7/site-packages/airflow/example_dags/example_branch_day_of_week_operator.py
[2024-11-01T18:26:06.112+0000] {logging_mixin.py:150} INFO - [2024-11-01T18:26:06.112+0000] {dag.py:2742} INFO - Sync 1 DAGs
[2024-11-01T18:26:06.159+0000] {logging_mixin.py:150} INFO - [2024-11-01T18:26:06.158+0000] {dag.py:3508} INFO - Setting next_dagrun for example_weekday_branch_operator to 2024-10-31T00:00:00+00:00, run_after=2024-11-01T00:00:00+00:00
[2024-11-01T18:26:06.192+0000] {processor.py:179} INFO - Processing /home/airflow/.local/lib/python3.7/site-packages/airflow/example_dags/example_branch_day_of_week_operator.py took 0.285 seconds
[2024-11-01T18:26:36.522+0000] {processor.py:157} INFO - Started process (PID=954) to work on /home/airflow/.local/lib/python3.7/site-packages/airflow/example_dags/example_branch_day_of_week_operator.py
[2024-11-01T18:26:36.523+0000] {processor.py:826} INFO - Processing file /home/airflow/.local/lib/python3.7/site-packages/airflow/example_dags/example_branch_day_of_week_operator.py for tasks to queue
[2024-11-01T18:26:36.524+0000] {logging_mixin.py:150} INFO - [2024-11-01T18:26:36.524+0000] {dagbag.py:541} INFO - Filling up the DagBag from /home/airflow/.local/lib/python3.7/site-packages/airflow/example_dags/example_branch_day_of_week_operator.py
[2024-11-01T18:26:36.529+0000] {processor.py:836} INFO - DAG(s) dict_keys(['example_weekday_branch_operator']) retrieved from /home/airflow/.local/lib/python3.7/site-packages/airflow/example_dags/example_branch_day_of_week_operator.py
[2024-11-01T18:26:36.547+0000] {logging_mixin.py:150} INFO - [2024-11-01T18:26:36.547+0000] {dag.py:2742} INFO - Sync 1 DAGs
[2024-11-01T18:26:36.562+0000] {logging_mixin.py:150} INFO - [2024-11-01T18:26:36.562+0000] {dag.py:3508} INFO - Setting next_dagrun for example_weekday_branch_operator to 2024-10-31T00:00:00+00:00, run_after=2024-11-01T00:00:00+00:00
[2024-11-01T18:26:36.571+0000] {processor.py:179} INFO - Processing /home/airflow/.local/lib/python3.7/site-packages/airflow/example_dags/example_branch_day_of_week_operator.py took 0.054 seconds
[2024-11-01T18:27:06.796+0000] {processor.py:157} INFO - Started process (PID=1016) to work on /home/airflow/.local/lib/python3.7/site-packages/airflow/example_dags/example_branch_day_of_week_operator.py
[2024-11-01T18:27:06.797+0000] {processor.py:826} INFO - Processing file /home/airflow/.local/lib/python3.7/site-packages/airflow/example_dags/example_branch_day_of_week_operator.py for tasks to queue
[2024-11-01T18:27:06.798+0000] {logging_mixin.py:150} INFO - [2024-11-01T18:27:06.798+0000] {dagbag.py:541} INFO - Filling up the DagBag from /home/airflow/.local/lib/python3.7/site-packages/airflow/example_dags/example_branch_day_of_week_operator.py
[2024-11-01T18:27:06.802+0000] {processor.py:836} INFO - DAG(s) dict_keys(['example_weekday_branch_operator']) retrieved from /home/airflow/.local/lib/python3.7/site-packages/airflow/example_dags/example_branch_day_of_week_operator.py
[2024-11-01T18:27:06.820+0000] {logging_mixin.py:150} INFO - [2024-11-01T18:27:06.820+0000] {dag.py:2742} INFO - Sync 1 DAGs
[2024-11-01T18:27:06.834+0000] {logging_mixin.py:150} INFO - [2024-11-01T18:27:06.833+0000] {dag.py:3508} INFO - Setting next_dagrun for example_weekday_branch_operator to 2024-10-31T00:00:00+00:00, run_after=2024-11-01T00:00:00+00:00
[2024-11-01T18:27:06.846+0000] {processor.py:179} INFO - Processing /home/airflow/.local/lib/python3.7/site-packages/airflow/example_dags/example_branch_day_of_week_operator.py took 0.052 seconds
[2024-11-01T18:27:37.081+0000] {processor.py:157} INFO - Started process (PID=1078) to work on /home/airflow/.local/lib/python3.7/site-packages/airflow/example_dags/example_branch_day_of_week_operator.py
[2024-11-01T18:27:37.083+0000] {processor.py:826} INFO - Processing file /home/airflow/.local/lib/python3.7/site-packages/airflow/example_dags/example_branch_day_of_week_operator.py for tasks to queue
[2024-11-01T18:27:37.084+0000] {logging_mixin.py:150} INFO - [2024-11-01T18:27:37.084+0000] {dagbag.py:541} INFO - Filling up the DagBag from /home/airflow/.local/lib/python3.7/site-packages/airflow/example_dags/example_branch_day_of_week_operator.py
[2024-11-01T18:27:37.089+0000] {processor.py:836} INFO - DAG(s) dict_keys(['example_weekday_branch_operator']) retrieved from /home/airflow/.local/lib/python3.7/site-packages/airflow/example_dags/example_branch_day_of_week_operator.py
[2024-11-01T18:27:37.110+0000] {logging_mixin.py:150} INFO - [2024-11-01T18:27:37.110+0000] {dag.py:2742} INFO - Sync 1 DAGs
[2024-11-01T18:27:37.126+0000] {logging_mixin.py:150} INFO - [2024-11-01T18:27:37.126+0000] {dag.py:3508} INFO - Setting next_dagrun for example_weekday_branch_operator to 2024-10-31T00:00:00+00:00, run_after=2024-11-01T00:00:00+00:00
[2024-11-01T18:27:37.138+0000] {processor.py:179} INFO - Processing /home/airflow/.local/lib/python3.7/site-packages/airflow/example_dags/example_branch_day_of_week_operator.py took 0.061 seconds
[2024-11-01T18:30:47.595+0000] {processor.py:157} INFO - Started process (PID=1128) to work on /home/airflow/.local/lib/python3.7/site-packages/airflow/example_dags/example_branch_day_of_week_operator.py
[2024-11-01T18:30:47.599+0000] {processor.py:826} INFO - Processing file /home/airflow/.local/lib/python3.7/site-packages/airflow/example_dags/example_branch_day_of_week_operator.py for tasks to queue
[2024-11-01T18:30:47.600+0000] {logging_mixin.py:150} INFO - [2024-11-01T18:30:47.599+0000] {dagbag.py:541} INFO - Filling up the DagBag from /home/airflow/.local/lib/python3.7/site-packages/airflow/example_dags/example_branch_day_of_week_operator.py
[2024-11-01T18:30:47.613+0000] {processor.py:836} INFO - DAG(s) dict_keys(['example_weekday_branch_operator']) retrieved from /home/airflow/.local/lib/python3.7/site-packages/airflow/example_dags/example_branch_day_of_week_operator.py
[2024-11-01T18:30:47.635+0000] {logging_mixin.py:150} INFO - [2024-11-01T18:30:47.635+0000] {dag.py:2742} INFO - Sync 1 DAGs
[2024-11-01T18:30:47.651+0000] {logging_mixin.py:150} INFO - [2024-11-01T18:30:47.651+0000] {dag.py:3508} INFO - Setting next_dagrun for example_weekday_branch_operator to 2024-10-31T00:00:00+00:00, run_after=2024-11-01T00:00:00+00:00
[2024-11-01T18:30:47.666+0000] {processor.py:179} INFO - Processing /home/airflow/.local/lib/python3.7/site-packages/airflow/example_dags/example_branch_day_of_week_operator.py took 0.073 seconds
[2024-11-01T18:31:17.985+0000] {processor.py:157} INFO - Started process (PID=1190) to work on /home/airflow/.local/lib/python3.7/site-packages/airflow/example_dags/example_branch_day_of_week_operator.py
[2024-11-01T18:31:17.987+0000] {processor.py:826} INFO - Processing file /home/airflow/.local/lib/python3.7/site-packages/airflow/example_dags/example_branch_day_of_week_operator.py for tasks to queue
[2024-11-01T18:31:17.988+0000] {logging_mixin.py:150} INFO - [2024-11-01T18:31:17.988+0000] {dagbag.py:541} INFO - Filling up the DagBag from /home/airflow/.local/lib/python3.7/site-packages/airflow/example_dags/example_branch_day_of_week_operator.py
[2024-11-01T18:31:17.992+0000] {processor.py:836} INFO - DAG(s) dict_keys(['example_weekday_branch_operator']) retrieved from /home/airflow/.local/lib/python3.7/site-packages/airflow/example_dags/example_branch_day_of_week_operator.py
[2024-11-01T18:31:18.005+0000] {logging_mixin.py:150} INFO - [2024-11-01T18:31:18.005+0000] {dag.py:2742} INFO - Sync 1 DAGs
[2024-11-01T18:31:18.021+0000] {logging_mixin.py:150} INFO - [2024-11-01T18:31:18.021+0000] {dag.py:3508} INFO - Setting next_dagrun for example_weekday_branch_operator to 2024-10-31T00:00:00+00:00, run_after=2024-11-01T00:00:00+00:00
[2024-11-01T18:31:18.037+0000] {processor.py:179} INFO - Processing /home/airflow/.local/lib/python3.7/site-packages/airflow/example_dags/example_branch_day_of_week_operator.py took 0.054 seconds
[2024-11-01T18:31:48.585+0000] {processor.py:157} INFO - Started process (PID=1252) to work on /home/airflow/.local/lib/python3.7/site-packages/airflow/example_dags/example_branch_day_of_week_operator.py
[2024-11-01T18:31:48.586+0000] {processor.py:826} INFO - Processing file /home/airflow/.local/lib/python3.7/site-packages/airflow/example_dags/example_branch_day_of_week_operator.py for tasks to queue
[2024-11-01T18:31:48.586+0000] {logging_mixin.py:150} INFO - [2024-11-01T18:31:48.586+0000] {dagbag.py:541} INFO - Filling up the DagBag from /home/airflow/.local/lib/python3.7/site-packages/airflow/example_dags/example_branch_day_of_week_operator.py
[2024-11-01T18:31:48.590+0000] {processor.py:836} INFO - DAG(s) dict_keys(['example_weekday_branch_operator']) retrieved from /home/airflow/.local/lib/python3.7/site-packages/airflow/example_dags/example_branch_day_of_week_operator.py
[2024-11-01T18:31:48.608+0000] {logging_mixin.py:150} INFO - [2024-11-01T18:31:48.608+0000] {dag.py:2742} INFO - Sync 1 DAGs
[2024-11-01T18:31:48.630+0000] {logging_mixin.py:150} INFO - [2024-11-01T18:31:48.629+0000] {dag.py:3508} INFO - Setting next_dagrun for example_weekday_branch_operator to 2024-10-31T00:00:00+00:00, run_after=2024-11-01T00:00:00+00:00
[2024-11-01T18:31:48.642+0000] {processor.py:179} INFO - Processing /home/airflow/.local/lib/python3.7/site-packages/airflow/example_dags/example_branch_day_of_week_operator.py took 0.059 seconds
[2024-11-01T18:32:18.888+0000] {processor.py:157} INFO - Started process (PID=1314) to work on /home/airflow/.local/lib/python3.7/site-packages/airflow/example_dags/example_branch_day_of_week_operator.py
[2024-11-01T18:32:18.889+0000] {processor.py:826} INFO - Processing file /home/airflow/.local/lib/python3.7/site-packages/airflow/example_dags/example_branch_day_of_week_operator.py for tasks to queue
[2024-11-01T18:32:18.889+0000] {logging_mixin.py:150} INFO - [2024-11-01T18:32:18.889+0000] {dagbag.py:541} INFO - Filling up the DagBag from /home/airflow/.local/lib/python3.7/site-packages/airflow/example_dags/example_branch_day_of_week_operator.py
[2024-11-01T18:32:18.893+0000] {processor.py:836} INFO - DAG(s) dict_keys(['example_weekday_branch_operator']) retrieved from /home/airflow/.local/lib/python3.7/site-packages/airflow/example_dags/example_branch_day_of_week_operator.py
[2024-11-01T18:32:18.911+0000] {logging_mixin.py:150} INFO - [2024-11-01T18:32:18.910+0000] {dag.py:2742} INFO - Sync 1 DAGs
[2024-11-01T18:32:18.926+0000] {logging_mixin.py:150} INFO - [2024-11-01T18:32:18.926+0000] {dag.py:3508} INFO - Setting next_dagrun for example_weekday_branch_operator to 2024-10-31T00:00:00+00:00, run_after=2024-11-01T00:00:00+00:00
[2024-11-01T18:32:18.945+0000] {processor.py:179} INFO - Processing /home/airflow/.local/lib/python3.7/site-packages/airflow/example_dags/example_branch_day_of_week_operator.py took 0.060 seconds
[2024-11-01T18:32:49.541+0000] {processor.py:157} INFO - Started process (PID=1375) to work on /home/airflow/.local/lib/python3.7/site-packages/airflow/example_dags/example_branch_day_of_week_operator.py
[2024-11-01T18:32:49.543+0000] {processor.py:826} INFO - Processing file /home/airflow/.local/lib/python3.7/site-packages/airflow/example_dags/example_branch_day_of_week_operator.py for tasks to queue
[2024-11-01T18:32:49.543+0000] {logging_mixin.py:150} INFO - [2024-11-01T18:32:49.543+0000] {dagbag.py:541} INFO - Filling up the DagBag from /home/airflow/.local/lib/python3.7/site-packages/airflow/example_dags/example_branch_day_of_week_operator.py
[2024-11-01T18:32:49.550+0000] {processor.py:836} INFO - DAG(s) dict_keys(['example_weekday_branch_operator']) retrieved from /home/airflow/.local/lib/python3.7/site-packages/airflow/example_dags/example_branch_day_of_week_operator.py
[2024-11-01T18:32:49.571+0000] {logging_mixin.py:150} INFO - [2024-11-01T18:32:49.571+0000] {dag.py:2742} INFO - Sync 1 DAGs
[2024-11-01T18:32:49.589+0000] {logging_mixin.py:150} INFO - [2024-11-01T18:32:49.589+0000] {dag.py:3508} INFO - Setting next_dagrun for example_weekday_branch_operator to 2024-10-31T00:00:00+00:00, run_after=2024-11-01T00:00:00+00:00
[2024-11-01T18:32:49.600+0000] {processor.py:179} INFO - Processing /home/airflow/.local/lib/python3.7/site-packages/airflow/example_dags/example_branch_day_of_week_operator.py took 0.063 seconds
[2024-11-01T18:33:20.231+0000] {processor.py:157} INFO - Started process (PID=1437) to work on /home/airflow/.local/lib/python3.7/site-packages/airflow/example_dags/example_branch_day_of_week_operator.py
[2024-11-01T18:33:20.234+0000] {processor.py:826} INFO - Processing file /home/airflow/.local/lib/python3.7/site-packages/airflow/example_dags/example_branch_day_of_week_operator.py for tasks to queue
[2024-11-01T18:33:20.235+0000] {logging_mixin.py:150} INFO - [2024-11-01T18:33:20.235+0000] {dagbag.py:541} INFO - Filling up the DagBag from /home/airflow/.local/lib/python3.7/site-packages/airflow/example_dags/example_branch_day_of_week_operator.py
[2024-11-01T18:33:20.239+0000] {processor.py:836} INFO - DAG(s) dict_keys(['example_weekday_branch_operator']) retrieved from /home/airflow/.local/lib/python3.7/site-packages/airflow/example_dags/example_branch_day_of_week_operator.py
[2024-11-01T18:33:20.282+0000] {logging_mixin.py:150} INFO - [2024-11-01T18:33:20.282+0000] {dag.py:2742} INFO - Sync 1 DAGs
[2024-11-01T18:33:20.297+0000] {logging_mixin.py:150} INFO - [2024-11-01T18:33:20.297+0000] {dag.py:3508} INFO - Setting next_dagrun for example_weekday_branch_operator to 2024-10-31T00:00:00+00:00, run_after=2024-11-01T00:00:00+00:00
[2024-11-01T18:33:20.308+0000] {processor.py:179} INFO - Processing /home/airflow/.local/lib/python3.7/site-packages/airflow/example_dags/example_branch_day_of_week_operator.py took 0.079 seconds
[2024-11-01T18:33:50.392+0000] {processor.py:157} INFO - Started process (PID=1499) to work on /home/airflow/.local/lib/python3.7/site-packages/airflow/example_dags/example_branch_day_of_week_operator.py
[2024-11-01T18:33:50.394+0000] {processor.py:826} INFO - Processing file /home/airflow/.local/lib/python3.7/site-packages/airflow/example_dags/example_branch_day_of_week_operator.py for tasks to queue
[2024-11-01T18:33:50.395+0000] {logging_mixin.py:150} INFO - [2024-11-01T18:33:50.395+0000] {dagbag.py:541} INFO - Filling up the DagBag from /home/airflow/.local/lib/python3.7/site-packages/airflow/example_dags/example_branch_day_of_week_operator.py
[2024-11-01T18:33:50.401+0000] {processor.py:836} INFO - DAG(s) dict_keys(['example_weekday_branch_operator']) retrieved from /home/airflow/.local/lib/python3.7/site-packages/airflow/example_dags/example_branch_day_of_week_operator.py
[2024-11-01T18:33:50.424+0000] {logging_mixin.py:150} INFO - [2024-11-01T18:33:50.424+0000] {dag.py:2742} INFO - Sync 1 DAGs
[2024-11-01T18:33:50.458+0000] {logging_mixin.py:150} INFO - [2024-11-01T18:33:50.458+0000] {dag.py:3508} INFO - Setting next_dagrun for example_weekday_branch_operator to 2024-10-31T00:00:00+00:00, run_after=2024-11-01T00:00:00+00:00
[2024-11-01T18:33:50.471+0000] {processor.py:179} INFO - Processing /home/airflow/.local/lib/python3.7/site-packages/airflow/example_dags/example_branch_day_of_week_operator.py took 0.080 seconds
[2024-11-01T18:34:20.817+0000] {processor.py:157} INFO - Started process (PID=1561) to work on /home/airflow/.local/lib/python3.7/site-packages/airflow/example_dags/example_branch_day_of_week_operator.py
[2024-11-01T18:34:20.817+0000] {processor.py:826} INFO - Processing file /home/airflow/.local/lib/python3.7/site-packages/airflow/example_dags/example_branch_day_of_week_operator.py for tasks to queue
[2024-11-01T18:34:20.818+0000] {logging_mixin.py:150} INFO - [2024-11-01T18:34:20.818+0000] {dagbag.py:541} INFO - Filling up the DagBag from /home/airflow/.local/lib/python3.7/site-packages/airflow/example_dags/example_branch_day_of_week_operator.py
[2024-11-01T18:34:20.825+0000] {processor.py:836} INFO - DAG(s) dict_keys(['example_weekday_branch_operator']) retrieved from /home/airflow/.local/lib/python3.7/site-packages/airflow/example_dags/example_branch_day_of_week_operator.py
[2024-11-01T18:34:20.844+0000] {logging_mixin.py:150} INFO - [2024-11-01T18:34:20.844+0000] {dag.py:2742} INFO - Sync 1 DAGs
[2024-11-01T18:34:20.859+0000] {logging_mixin.py:150} INFO - [2024-11-01T18:34:20.859+0000] {dag.py:3508} INFO - Setting next_dagrun for example_weekday_branch_operator to 2024-10-31T00:00:00+00:00, run_after=2024-11-01T00:00:00+00:00
[2024-11-01T18:34:20.872+0000] {processor.py:179} INFO - Processing /home/airflow/.local/lib/python3.7/site-packages/airflow/example_dags/example_branch_day_of_week_operator.py took 0.057 seconds
[2024-11-01T18:34:51.431+0000] {processor.py:157} INFO - Started process (PID=1623) to work on /home/airflow/.local/lib/python3.7/site-packages/airflow/example_dags/example_branch_day_of_week_operator.py
[2024-11-01T18:34:51.433+0000] {processor.py:826} INFO - Processing file /home/airflow/.local/lib/python3.7/site-packages/airflow/example_dags/example_branch_day_of_week_operator.py for tasks to queue
[2024-11-01T18:34:51.434+0000] {logging_mixin.py:150} INFO - [2024-11-01T18:34:51.433+0000] {dagbag.py:541} INFO - Filling up the DagBag from /home/airflow/.local/lib/python3.7/site-packages/airflow/example_dags/example_branch_day_of_week_operator.py
[2024-11-01T18:34:51.438+0000] {processor.py:836} INFO - DAG(s) dict_keys(['example_weekday_branch_operator']) retrieved from /home/airflow/.local/lib/python3.7/site-packages/airflow/example_dags/example_branch_day_of_week_operator.py
[2024-11-01T18:34:51.450+0000] {logging_mixin.py:150} INFO - [2024-11-01T18:34:51.450+0000] {dag.py:2742} INFO - Sync 1 DAGs
[2024-11-01T18:34:51.463+0000] {logging_mixin.py:150} INFO - [2024-11-01T18:34:51.463+0000] {dag.py:3508} INFO - Setting next_dagrun for example_weekday_branch_operator to 2024-10-31T00:00:00+00:00, run_after=2024-11-01T00:00:00+00:00
[2024-11-01T18:34:51.479+0000] {processor.py:179} INFO - Processing /home/airflow/.local/lib/python3.7/site-packages/airflow/example_dags/example_branch_day_of_week_operator.py took 0.049 seconds
[2024-11-01T18:35:22.011+0000] {processor.py:157} INFO - Started process (PID=1685) to work on /home/airflow/.local/lib/python3.7/site-packages/airflow/example_dags/example_branch_day_of_week_operator.py
[2024-11-01T18:35:22.012+0000] {processor.py:826} INFO - Processing file /home/airflow/.local/lib/python3.7/site-packages/airflow/example_dags/example_branch_day_of_week_operator.py for tasks to queue
[2024-11-01T18:35:22.013+0000] {logging_mixin.py:150} INFO - [2024-11-01T18:35:22.013+0000] {dagbag.py:541} INFO - Filling up the DagBag from /home/airflow/.local/lib/python3.7/site-packages/airflow/example_dags/example_branch_day_of_week_operator.py
[2024-11-01T18:35:22.018+0000] {processor.py:836} INFO - DAG(s) dict_keys(['example_weekday_branch_operator']) retrieved from /home/airflow/.local/lib/python3.7/site-packages/airflow/example_dags/example_branch_day_of_week_operator.py
[2024-11-01T18:35:22.037+0000] {logging_mixin.py:150} INFO - [2024-11-01T18:35:22.037+0000] {dag.py:2742} INFO - Sync 1 DAGs
[2024-11-01T18:35:22.059+0000] {logging_mixin.py:150} INFO - [2024-11-01T18:35:22.059+0000] {dag.py:3508} INFO - Setting next_dagrun for example_weekday_branch_operator to 2024-10-31T00:00:00+00:00, run_after=2024-11-01T00:00:00+00:00
[2024-11-01T18:35:22.076+0000] {processor.py:179} INFO - Processing /home/airflow/.local/lib/python3.7/site-packages/airflow/example_dags/example_branch_day_of_week_operator.py took 0.067 seconds
[2024-11-01T18:35:52.985+0000] {processor.py:157} INFO - Started process (PID=1747) to work on /home/airflow/.local/lib/python3.7/site-packages/airflow/example_dags/example_branch_day_of_week_operator.py
[2024-11-01T18:35:52.986+0000] {processor.py:826} INFO - Processing file /home/airflow/.local/lib/python3.7/site-packages/airflow/example_dags/example_branch_day_of_week_operator.py for tasks to queue
[2024-11-01T18:35:52.987+0000] {logging_mixin.py:150} INFO - [2024-11-01T18:35:52.986+0000] {dagbag.py:541} INFO - Filling up the DagBag from /home/airflow/.local/lib/python3.7/site-packages/airflow/example_dags/example_branch_day_of_week_operator.py
[2024-11-01T18:35:52.992+0000] {processor.py:836} INFO - DAG(s) dict_keys(['example_weekday_branch_operator']) retrieved from /home/airflow/.local/lib/python3.7/site-packages/airflow/example_dags/example_branch_day_of_week_operator.py
[2024-11-01T18:35:53.023+0000] {logging_mixin.py:150} INFO - [2024-11-01T18:35:53.023+0000] {dag.py:2742} INFO - Sync 1 DAGs
[2024-11-01T18:35:53.040+0000] {logging_mixin.py:150} INFO - [2024-11-01T18:35:53.040+0000] {dag.py:3508} INFO - Setting next_dagrun for example_weekday_branch_operator to 2024-10-31T00:00:00+00:00, run_after=2024-11-01T00:00:00+00:00
[2024-11-01T18:35:53.050+0000] {processor.py:179} INFO - Processing /home/airflow/.local/lib/python3.7/site-packages/airflow/example_dags/example_branch_day_of_week_operator.py took 0.067 seconds
[2024-11-01T18:36:25.526+0000] {processor.py:157} INFO - Started process (PID=1809) to work on /home/airflow/.local/lib/python3.7/site-packages/airflow/example_dags/example_branch_day_of_week_operator.py
[2024-11-01T18:36:25.527+0000] {processor.py:826} INFO - Processing file /home/airflow/.local/lib/python3.7/site-packages/airflow/example_dags/example_branch_day_of_week_operator.py for tasks to queue
[2024-11-01T18:36:25.528+0000] {logging_mixin.py:150} INFO - [2024-11-01T18:36:25.527+0000] {dagbag.py:541} INFO - Filling up the DagBag from /home/airflow/.local/lib/python3.7/site-packages/airflow/example_dags/example_branch_day_of_week_operator.py
[2024-11-01T18:36:25.534+0000] {processor.py:836} INFO - DAG(s) dict_keys(['example_weekday_branch_operator']) retrieved from /home/airflow/.local/lib/python3.7/site-packages/airflow/example_dags/example_branch_day_of_week_operator.py
[2024-11-01T18:36:25.550+0000] {logging_mixin.py:150} INFO - [2024-11-01T18:36:25.550+0000] {dag.py:2742} INFO - Sync 1 DAGs
[2024-11-01T18:36:25.565+0000] {logging_mixin.py:150} INFO - [2024-11-01T18:36:25.565+0000] {dag.py:3508} INFO - Setting next_dagrun for example_weekday_branch_operator to 2024-10-31T00:00:00+00:00, run_after=2024-11-01T00:00:00+00:00
[2024-11-01T18:36:25.574+0000] {processor.py:179} INFO - Processing /home/airflow/.local/lib/python3.7/site-packages/airflow/example_dags/example_branch_day_of_week_operator.py took 0.053 seconds
[2024-11-01T18:36:56.209+0000] {processor.py:157} INFO - Started process (PID=1871) to work on /home/airflow/.local/lib/python3.7/site-packages/airflow/example_dags/example_branch_day_of_week_operator.py
[2024-11-01T18:36:56.210+0000] {processor.py:826} INFO - Processing file /home/airflow/.local/lib/python3.7/site-packages/airflow/example_dags/example_branch_day_of_week_operator.py for tasks to queue
[2024-11-01T18:36:56.210+0000] {logging_mixin.py:150} INFO - [2024-11-01T18:36:56.210+0000] {dagbag.py:541} INFO - Filling up the DagBag from /home/airflow/.local/lib/python3.7/site-packages/airflow/example_dags/example_branch_day_of_week_operator.py
[2024-11-01T18:36:56.215+0000] {processor.py:836} INFO - DAG(s) dict_keys(['example_weekday_branch_operator']) retrieved from /home/airflow/.local/lib/python3.7/site-packages/airflow/example_dags/example_branch_day_of_week_operator.py
[2024-11-01T18:36:56.232+0000] {logging_mixin.py:150} INFO - [2024-11-01T18:36:56.232+0000] {dag.py:2742} INFO - Sync 1 DAGs
[2024-11-01T18:36:56.255+0000] {logging_mixin.py:150} INFO - [2024-11-01T18:36:56.255+0000] {dag.py:3508} INFO - Setting next_dagrun for example_weekday_branch_operator to 2024-10-31T00:00:00+00:00, run_after=2024-11-01T00:00:00+00:00
[2024-11-01T18:36:56.273+0000] {processor.py:179} INFO - Processing /home/airflow/.local/lib/python3.7/site-packages/airflow/example_dags/example_branch_day_of_week_operator.py took 0.065 seconds
[2024-11-01T18:37:26.564+0000] {processor.py:157} INFO - Started process (PID=1932) to work on /home/airflow/.local/lib/python3.7/site-packages/airflow/example_dags/example_branch_day_of_week_operator.py
[2024-11-01T18:37:26.565+0000] {processor.py:826} INFO - Processing file /home/airflow/.local/lib/python3.7/site-packages/airflow/example_dags/example_branch_day_of_week_operator.py for tasks to queue
[2024-11-01T18:37:26.565+0000] {logging_mixin.py:150} INFO - [2024-11-01T18:37:26.565+0000] {dagbag.py:541} INFO - Filling up the DagBag from /home/airflow/.local/lib/python3.7/site-packages/airflow/example_dags/example_branch_day_of_week_operator.py
[2024-11-01T18:37:26.574+0000] {processor.py:836} INFO - DAG(s) dict_keys(['example_weekday_branch_operator']) retrieved from /home/airflow/.local/lib/python3.7/site-packages/airflow/example_dags/example_branch_day_of_week_operator.py
[2024-11-01T18:37:26.593+0000] {logging_mixin.py:150} INFO - [2024-11-01T18:37:26.593+0000] {dag.py:2742} INFO - Sync 1 DAGs
[2024-11-01T18:37:26.612+0000] {logging_mixin.py:150} INFO - [2024-11-01T18:37:26.612+0000] {dag.py:3508} INFO - Setting next_dagrun for example_weekday_branch_operator to 2024-10-31T00:00:00+00:00, run_after=2024-11-01T00:00:00+00:00
[2024-11-01T18:37:26.628+0000] {processor.py:179} INFO - Processing /home/airflow/.local/lib/python3.7/site-packages/airflow/example_dags/example_branch_day_of_week_operator.py took 0.068 seconds
[2024-11-01T18:37:58.923+0000] {processor.py:157} INFO - Started process (PID=1994) to work on /home/airflow/.local/lib/python3.7/site-packages/airflow/example_dags/example_branch_day_of_week_operator.py
[2024-11-01T18:37:58.926+0000] {processor.py:826} INFO - Processing file /home/airflow/.local/lib/python3.7/site-packages/airflow/example_dags/example_branch_day_of_week_operator.py for tasks to queue
[2024-11-01T18:37:58.929+0000] {logging_mixin.py:150} INFO - [2024-11-01T18:37:58.929+0000] {dagbag.py:541} INFO - Filling up the DagBag from /home/airflow/.local/lib/python3.7/site-packages/airflow/example_dags/example_branch_day_of_week_operator.py
[2024-11-01T18:37:59.381+0000] {processor.py:836} INFO - DAG(s) dict_keys(['example_weekday_branch_operator']) retrieved from /home/airflow/.local/lib/python3.7/site-packages/airflow/example_dags/example_branch_day_of_week_operator.py
[2024-11-01T18:38:00.479+0000] {logging_mixin.py:150} INFO - [2024-11-01T18:38:00.463+0000] {dag.py:2742} INFO - Sync 1 DAGs
[2024-11-01T18:38:00.644+0000] {logging_mixin.py:150} INFO - [2024-11-01T18:38:00.644+0000] {dag.py:3508} INFO - Setting next_dagrun for example_weekday_branch_operator to 2024-10-31T00:00:00+00:00, run_after=2024-11-01T00:00:00+00:00
[2024-11-01T18:38:00.720+0000] {processor.py:179} INFO - Processing /home/airflow/.local/lib/python3.7/site-packages/airflow/example_dags/example_branch_day_of_week_operator.py took 1.803 seconds
[2024-11-01T18:38:30.929+0000] {processor.py:157} INFO - Started process (PID=2056) to work on /home/airflow/.local/lib/python3.7/site-packages/airflow/example_dags/example_branch_day_of_week_operator.py
[2024-11-01T18:38:30.930+0000] {processor.py:826} INFO - Processing file /home/airflow/.local/lib/python3.7/site-packages/airflow/example_dags/example_branch_day_of_week_operator.py for tasks to queue
[2024-11-01T18:38:30.931+0000] {logging_mixin.py:150} INFO - [2024-11-01T18:38:30.931+0000] {dagbag.py:541} INFO - Filling up the DagBag from /home/airflow/.local/lib/python3.7/site-packages/airflow/example_dags/example_branch_day_of_week_operator.py
[2024-11-01T18:38:30.941+0000] {processor.py:836} INFO - DAG(s) dict_keys(['example_weekday_branch_operator']) retrieved from /home/airflow/.local/lib/python3.7/site-packages/airflow/example_dags/example_branch_day_of_week_operator.py
[2024-11-01T18:38:30.961+0000] {logging_mixin.py:150} INFO - [2024-11-01T18:38:30.961+0000] {dag.py:2742} INFO - Sync 1 DAGs
[2024-11-01T18:38:30.979+0000] {logging_mixin.py:150} INFO - [2024-11-01T18:38:30.979+0000] {dag.py:3508} INFO - Setting next_dagrun for example_weekday_branch_operator to 2024-10-31T00:00:00+00:00, run_after=2024-11-01T00:00:00+00:00
[2024-11-01T18:38:30.993+0000] {processor.py:179} INFO - Processing /home/airflow/.local/lib/python3.7/site-packages/airflow/example_dags/example_branch_day_of_week_operator.py took 0.069 seconds
[2024-11-01T18:39:01.473+0000] {processor.py:157} INFO - Started process (PID=2118) to work on /home/airflow/.local/lib/python3.7/site-packages/airflow/example_dags/example_branch_day_of_week_operator.py
[2024-11-01T18:39:01.477+0000] {processor.py:826} INFO - Processing file /home/airflow/.local/lib/python3.7/site-packages/airflow/example_dags/example_branch_day_of_week_operator.py for tasks to queue
[2024-11-01T18:39:01.479+0000] {logging_mixin.py:150} INFO - [2024-11-01T18:39:01.479+0000] {dagbag.py:541} INFO - Filling up the DagBag from /home/airflow/.local/lib/python3.7/site-packages/airflow/example_dags/example_branch_day_of_week_operator.py
[2024-11-01T18:39:01.494+0000] {processor.py:836} INFO - DAG(s) dict_keys(['example_weekday_branch_operator']) retrieved from /home/airflow/.local/lib/python3.7/site-packages/airflow/example_dags/example_branch_day_of_week_operator.py
[2024-11-01T18:39:01.538+0000] {logging_mixin.py:150} INFO - [2024-11-01T18:39:01.538+0000] {dag.py:2742} INFO - Sync 1 DAGs
[2024-11-01T18:39:01.563+0000] {logging_mixin.py:150} INFO - [2024-11-01T18:39:01.563+0000] {dag.py:3508} INFO - Setting next_dagrun for example_weekday_branch_operator to 2024-10-31T00:00:00+00:00, run_after=2024-11-01T00:00:00+00:00
[2024-11-01T18:39:01.580+0000] {processor.py:179} INFO - Processing /home/airflow/.local/lib/python3.7/site-packages/airflow/example_dags/example_branch_day_of_week_operator.py took 0.122 seconds
[2024-11-01T18:39:32.290+0000] {processor.py:157} INFO - Started process (PID=2179) to work on /home/airflow/.local/lib/python3.7/site-packages/airflow/example_dags/example_branch_day_of_week_operator.py
[2024-11-01T18:39:32.293+0000] {processor.py:826} INFO - Processing file /home/airflow/.local/lib/python3.7/site-packages/airflow/example_dags/example_branch_day_of_week_operator.py for tasks to queue
[2024-11-01T18:39:32.295+0000] {logging_mixin.py:150} INFO - [2024-11-01T18:39:32.295+0000] {dagbag.py:541} INFO - Filling up the DagBag from /home/airflow/.local/lib/python3.7/site-packages/airflow/example_dags/example_branch_day_of_week_operator.py
[2024-11-01T18:39:32.303+0000] {processor.py:836} INFO - DAG(s) dict_keys(['example_weekday_branch_operator']) retrieved from /home/airflow/.local/lib/python3.7/site-packages/airflow/example_dags/example_branch_day_of_week_operator.py
[2024-11-01T18:39:32.326+0000] {logging_mixin.py:150} INFO - [2024-11-01T18:39:32.326+0000] {dag.py:2742} INFO - Sync 1 DAGs
[2024-11-01T18:39:32.346+0000] {logging_mixin.py:150} INFO - [2024-11-01T18:39:32.346+0000] {dag.py:3508} INFO - Setting next_dagrun for example_weekday_branch_operator to 2024-10-31T00:00:00+00:00, run_after=2024-11-01T00:00:00+00:00
[2024-11-01T18:39:32.359+0000] {processor.py:179} INFO - Processing /home/airflow/.local/lib/python3.7/site-packages/airflow/example_dags/example_branch_day_of_week_operator.py took 0.080 seconds
[2024-11-01T18:40:02.514+0000] {processor.py:157} INFO - Started process (PID=2241) to work on /home/airflow/.local/lib/python3.7/site-packages/airflow/example_dags/example_branch_day_of_week_operator.py
[2024-11-01T18:40:02.516+0000] {processor.py:826} INFO - Processing file /home/airflow/.local/lib/python3.7/site-packages/airflow/example_dags/example_branch_day_of_week_operator.py for tasks to queue
[2024-11-01T18:40:02.517+0000] {logging_mixin.py:150} INFO - [2024-11-01T18:40:02.517+0000] {dagbag.py:541} INFO - Filling up the DagBag from /home/airflow/.local/lib/python3.7/site-packages/airflow/example_dags/example_branch_day_of_week_operator.py
[2024-11-01T18:40:02.525+0000] {processor.py:836} INFO - DAG(s) dict_keys(['example_weekday_branch_operator']) retrieved from /home/airflow/.local/lib/python3.7/site-packages/airflow/example_dags/example_branch_day_of_week_operator.py
[2024-11-01T18:40:02.545+0000] {logging_mixin.py:150} INFO - [2024-11-01T18:40:02.545+0000] {dag.py:2742} INFO - Sync 1 DAGs
[2024-11-01T18:40:02.562+0000] {logging_mixin.py:150} INFO - [2024-11-01T18:40:02.562+0000] {dag.py:3508} INFO - Setting next_dagrun for example_weekday_branch_operator to 2024-10-31T00:00:00+00:00, run_after=2024-11-01T00:00:00+00:00
[2024-11-01T18:40:02.579+0000] {processor.py:179} INFO - Processing /home/airflow/.local/lib/python3.7/site-packages/airflow/example_dags/example_branch_day_of_week_operator.py took 0.071 seconds
[2024-11-01T18:40:32.985+0000] {processor.py:157} INFO - Started process (PID=2303) to work on /home/airflow/.local/lib/python3.7/site-packages/airflow/example_dags/example_branch_day_of_week_operator.py
[2024-11-01T18:40:32.998+0000] {processor.py:826} INFO - Processing file /home/airflow/.local/lib/python3.7/site-packages/airflow/example_dags/example_branch_day_of_week_operator.py for tasks to queue
[2024-11-01T18:40:32.998+0000] {logging_mixin.py:150} INFO - [2024-11-01T18:40:32.998+0000] {dagbag.py:541} INFO - Filling up the DagBag from /home/airflow/.local/lib/python3.7/site-packages/airflow/example_dags/example_branch_day_of_week_operator.py
[2024-11-01T18:40:33.015+0000] {processor.py:836} INFO - DAG(s) dict_keys(['example_weekday_branch_operator']) retrieved from /home/airflow/.local/lib/python3.7/site-packages/airflow/example_dags/example_branch_day_of_week_operator.py
[2024-11-01T18:40:33.045+0000] {logging_mixin.py:150} INFO - [2024-11-01T18:40:33.045+0000] {dag.py:2742} INFO - Sync 1 DAGs
[2024-11-01T18:40:33.066+0000] {logging_mixin.py:150} INFO - [2024-11-01T18:40:33.066+0000] {dag.py:3508} INFO - Setting next_dagrun for example_weekday_branch_operator to 2024-10-31T00:00:00+00:00, run_after=2024-11-01T00:00:00+00:00
[2024-11-01T18:40:33.083+0000] {processor.py:179} INFO - Processing /home/airflow/.local/lib/python3.7/site-packages/airflow/example_dags/example_branch_day_of_week_operator.py took 0.102 seconds
[2024-11-01T18:41:03.678+0000] {processor.py:157} INFO - Started process (PID=2365) to work on /home/airflow/.local/lib/python3.7/site-packages/airflow/example_dags/example_branch_day_of_week_operator.py
[2024-11-01T18:41:03.679+0000] {processor.py:826} INFO - Processing file /home/airflow/.local/lib/python3.7/site-packages/airflow/example_dags/example_branch_day_of_week_operator.py for tasks to queue
[2024-11-01T18:41:03.680+0000] {logging_mixin.py:150} INFO - [2024-11-01T18:41:03.680+0000] {dagbag.py:541} INFO - Filling up the DagBag from /home/airflow/.local/lib/python3.7/site-packages/airflow/example_dags/example_branch_day_of_week_operator.py
[2024-11-01T18:41:03.685+0000] {processor.py:836} INFO - DAG(s) dict_keys(['example_weekday_branch_operator']) retrieved from /home/airflow/.local/lib/python3.7/site-packages/airflow/example_dags/example_branch_day_of_week_operator.py
[2024-11-01T18:41:03.703+0000] {logging_mixin.py:150} INFO - [2024-11-01T18:41:03.703+0000] {dag.py:2742} INFO - Sync 1 DAGs
[2024-11-01T18:41:03.721+0000] {logging_mixin.py:150} INFO - [2024-11-01T18:41:03.721+0000] {dag.py:3508} INFO - Setting next_dagrun for example_weekday_branch_operator to 2024-10-31T00:00:00+00:00, run_after=2024-11-01T00:00:00+00:00
[2024-11-01T18:41:03.731+0000] {processor.py:179} INFO - Processing /home/airflow/.local/lib/python3.7/site-packages/airflow/example_dags/example_branch_day_of_week_operator.py took 0.057 seconds
[2024-11-01T18:41:33.765+0000] {processor.py:157} INFO - Started process (PID=2427) to work on /home/airflow/.local/lib/python3.7/site-packages/airflow/example_dags/example_branch_day_of_week_operator.py
[2024-11-01T18:41:33.771+0000] {processor.py:826} INFO - Processing file /home/airflow/.local/lib/python3.7/site-packages/airflow/example_dags/example_branch_day_of_week_operator.py for tasks to queue
[2024-11-01T18:41:33.772+0000] {logging_mixin.py:150} INFO - [2024-11-01T18:41:33.772+0000] {dagbag.py:541} INFO - Filling up the DagBag from /home/airflow/.local/lib/python3.7/site-packages/airflow/example_dags/example_branch_day_of_week_operator.py
[2024-11-01T18:41:33.788+0000] {processor.py:836} INFO - DAG(s) dict_keys(['example_weekday_branch_operator']) retrieved from /home/airflow/.local/lib/python3.7/site-packages/airflow/example_dags/example_branch_day_of_week_operator.py
[2024-11-01T18:41:33.817+0000] {logging_mixin.py:150} INFO - [2024-11-01T18:41:33.816+0000] {dag.py:2742} INFO - Sync 1 DAGs
[2024-11-01T18:41:33.835+0000] {logging_mixin.py:150} INFO - [2024-11-01T18:41:33.835+0000] {dag.py:3508} INFO - Setting next_dagrun for example_weekday_branch_operator to 2024-10-31T00:00:00+00:00, run_after=2024-11-01T00:00:00+00:00
[2024-11-01T18:41:33.856+0000] {processor.py:179} INFO - Processing /home/airflow/.local/lib/python3.7/site-packages/airflow/example_dags/example_branch_day_of_week_operator.py took 0.100 seconds
[2024-11-01T18:42:05.146+0000] {processor.py:157} INFO - Started process (PID=2489) to work on /home/airflow/.local/lib/python3.7/site-packages/airflow/example_dags/example_branch_day_of_week_operator.py
[2024-11-01T18:42:05.166+0000] {processor.py:826} INFO - Processing file /home/airflow/.local/lib/python3.7/site-packages/airflow/example_dags/example_branch_day_of_week_operator.py for tasks to queue
[2024-11-01T18:42:05.167+0000] {logging_mixin.py:150} INFO - [2024-11-01T18:42:05.167+0000] {dagbag.py:541} INFO - Filling up the DagBag from /home/airflow/.local/lib/python3.7/site-packages/airflow/example_dags/example_branch_day_of_week_operator.py
[2024-11-01T18:42:05.172+0000] {processor.py:836} INFO - DAG(s) dict_keys(['example_weekday_branch_operator']) retrieved from /home/airflow/.local/lib/python3.7/site-packages/airflow/example_dags/example_branch_day_of_week_operator.py
[2024-11-01T18:42:05.188+0000] {logging_mixin.py:150} INFO - [2024-11-01T18:42:05.188+0000] {dag.py:2742} INFO - Sync 1 DAGs
[2024-11-01T18:42:05.203+0000] {logging_mixin.py:150} INFO - [2024-11-01T18:42:05.203+0000] {dag.py:3508} INFO - Setting next_dagrun for example_weekday_branch_operator to 2024-10-31T00:00:00+00:00, run_after=2024-11-01T00:00:00+00:00
[2024-11-01T18:42:05.217+0000] {processor.py:179} INFO - Processing /home/airflow/.local/lib/python3.7/site-packages/airflow/example_dags/example_branch_day_of_week_operator.py took 0.076 seconds
[2024-11-01T18:42:36.095+0000] {processor.py:157} INFO - Started process (PID=2551) to work on /home/airflow/.local/lib/python3.7/site-packages/airflow/example_dags/example_branch_day_of_week_operator.py
[2024-11-01T18:42:36.098+0000] {processor.py:826} INFO - Processing file /home/airflow/.local/lib/python3.7/site-packages/airflow/example_dags/example_branch_day_of_week_operator.py for tasks to queue
[2024-11-01T18:42:36.100+0000] {logging_mixin.py:150} INFO - [2024-11-01T18:42:36.099+0000] {dagbag.py:541} INFO - Filling up the DagBag from /home/airflow/.local/lib/python3.7/site-packages/airflow/example_dags/example_branch_day_of_week_operator.py
[2024-11-01T18:42:36.113+0000] {processor.py:836} INFO - DAG(s) dict_keys(['example_weekday_branch_operator']) retrieved from /home/airflow/.local/lib/python3.7/site-packages/airflow/example_dags/example_branch_day_of_week_operator.py
[2024-11-01T18:42:36.156+0000] {logging_mixin.py:150} INFO - [2024-11-01T18:42:36.156+0000] {dag.py:2742} INFO - Sync 1 DAGs
[2024-11-01T18:42:36.176+0000] {logging_mixin.py:150} INFO - [2024-11-01T18:42:36.176+0000] {dag.py:3508} INFO - Setting next_dagrun for example_weekday_branch_operator to 2024-10-31T00:00:00+00:00, run_after=2024-11-01T00:00:00+00:00
[2024-11-01T18:42:36.189+0000] {processor.py:179} INFO - Processing /home/airflow/.local/lib/python3.7/site-packages/airflow/example_dags/example_branch_day_of_week_operator.py took 0.129 seconds
[2024-11-01T18:43:10.614+0000] {processor.py:157} INFO - Started process (PID=2604) to work on /home/airflow/.local/lib/python3.7/site-packages/airflow/example_dags/example_branch_day_of_week_operator.py
[2024-11-01T18:43:10.619+0000] {processor.py:826} INFO - Processing file /home/airflow/.local/lib/python3.7/site-packages/airflow/example_dags/example_branch_day_of_week_operator.py for tasks to queue
[2024-11-01T18:43:10.620+0000] {logging_mixin.py:150} INFO - [2024-11-01T18:43:10.620+0000] {dagbag.py:541} INFO - Filling up the DagBag from /home/airflow/.local/lib/python3.7/site-packages/airflow/example_dags/example_branch_day_of_week_operator.py
[2024-11-01T18:43:10.645+0000] {processor.py:836} INFO - DAG(s) dict_keys(['example_weekday_branch_operator']) retrieved from /home/airflow/.local/lib/python3.7/site-packages/airflow/example_dags/example_branch_day_of_week_operator.py
[2024-11-01T18:43:10.669+0000] {logging_mixin.py:150} INFO - [2024-11-01T18:43:10.669+0000] {dag.py:2742} INFO - Sync 1 DAGs
[2024-11-01T18:43:10.691+0000] {logging_mixin.py:150} INFO - [2024-11-01T18:43:10.691+0000] {dag.py:3508} INFO - Setting next_dagrun for example_weekday_branch_operator to 2024-10-31T00:00:00+00:00, run_after=2024-11-01T00:00:00+00:00
[2024-11-01T18:43:10.740+0000] {processor.py:179} INFO - Processing /home/airflow/.local/lib/python3.7/site-packages/airflow/example_dags/example_branch_day_of_week_operator.py took 0.134 seconds
[2024-11-01T18:43:41.629+0000] {processor.py:157} INFO - Started process (PID=2673) to work on /home/airflow/.local/lib/python3.7/site-packages/airflow/example_dags/example_branch_day_of_week_operator.py
[2024-11-01T18:43:41.630+0000] {processor.py:826} INFO - Processing file /home/airflow/.local/lib/python3.7/site-packages/airflow/example_dags/example_branch_day_of_week_operator.py for tasks to queue
[2024-11-01T18:43:41.632+0000] {logging_mixin.py:150} INFO - [2024-11-01T18:43:41.631+0000] {dagbag.py:541} INFO - Filling up the DagBag from /home/airflow/.local/lib/python3.7/site-packages/airflow/example_dags/example_branch_day_of_week_operator.py
[2024-11-01T18:43:41.640+0000] {processor.py:836} INFO - DAG(s) dict_keys(['example_weekday_branch_operator']) retrieved from /home/airflow/.local/lib/python3.7/site-packages/airflow/example_dags/example_branch_day_of_week_operator.py
[2024-11-01T18:43:41.660+0000] {logging_mixin.py:150} INFO - [2024-11-01T18:43:41.660+0000] {dag.py:2742} INFO - Sync 1 DAGs
[2024-11-01T18:43:41.675+0000] {logging_mixin.py:150} INFO - [2024-11-01T18:43:41.675+0000] {dag.py:3508} INFO - Setting next_dagrun for example_weekday_branch_operator to 2024-10-31T00:00:00+00:00, run_after=2024-11-01T00:00:00+00:00
[2024-11-01T18:43:41.688+0000] {processor.py:179} INFO - Processing /home/airflow/.local/lib/python3.7/site-packages/airflow/example_dags/example_branch_day_of_week_operator.py took 0.063 seconds
[2024-11-01T18:44:11.809+0000] {processor.py:157} INFO - Started process (PID=2735) to work on /home/airflow/.local/lib/python3.7/site-packages/airflow/example_dags/example_branch_day_of_week_operator.py
[2024-11-01T18:44:11.812+0000] {processor.py:826} INFO - Processing file /home/airflow/.local/lib/python3.7/site-packages/airflow/example_dags/example_branch_day_of_week_operator.py for tasks to queue
[2024-11-01T18:44:11.815+0000] {logging_mixin.py:150} INFO - [2024-11-01T18:44:11.814+0000] {dagbag.py:541} INFO - Filling up the DagBag from /home/airflow/.local/lib/python3.7/site-packages/airflow/example_dags/example_branch_day_of_week_operator.py
[2024-11-01T18:44:11.826+0000] {processor.py:836} INFO - DAG(s) dict_keys(['example_weekday_branch_operator']) retrieved from /home/airflow/.local/lib/python3.7/site-packages/airflow/example_dags/example_branch_day_of_week_operator.py
[2024-11-01T18:44:11.851+0000] {logging_mixin.py:150} INFO - [2024-11-01T18:44:11.851+0000] {dag.py:2742} INFO - Sync 1 DAGs
[2024-11-01T18:44:11.869+0000] {logging_mixin.py:150} INFO - [2024-11-01T18:44:11.869+0000] {dag.py:3508} INFO - Setting next_dagrun for example_weekday_branch_operator to 2024-10-31T00:00:00+00:00, run_after=2024-11-01T00:00:00+00:00
[2024-11-01T18:44:11.884+0000] {processor.py:179} INFO - Processing /home/airflow/.local/lib/python3.7/site-packages/airflow/example_dags/example_branch_day_of_week_operator.py took 0.080 seconds
[2024-11-01T18:44:42.143+0000] {processor.py:157} INFO - Started process (PID=2797) to work on /home/airflow/.local/lib/python3.7/site-packages/airflow/example_dags/example_branch_day_of_week_operator.py
[2024-11-01T18:44:42.145+0000] {processor.py:826} INFO - Processing file /home/airflow/.local/lib/python3.7/site-packages/airflow/example_dags/example_branch_day_of_week_operator.py for tasks to queue
[2024-11-01T18:44:42.146+0000] {logging_mixin.py:150} INFO - [2024-11-01T18:44:42.146+0000] {dagbag.py:541} INFO - Filling up the DagBag from /home/airflow/.local/lib/python3.7/site-packages/airflow/example_dags/example_branch_day_of_week_operator.py
[2024-11-01T18:44:42.150+0000] {processor.py:836} INFO - DAG(s) dict_keys(['example_weekday_branch_operator']) retrieved from /home/airflow/.local/lib/python3.7/site-packages/airflow/example_dags/example_branch_day_of_week_operator.py
[2024-11-01T18:44:42.164+0000] {logging_mixin.py:150} INFO - [2024-11-01T18:44:42.164+0000] {dag.py:2742} INFO - Sync 1 DAGs
[2024-11-01T18:44:42.177+0000] {logging_mixin.py:150} INFO - [2024-11-01T18:44:42.177+0000] {dag.py:3508} INFO - Setting next_dagrun for example_weekday_branch_operator to 2024-10-31T00:00:00+00:00, run_after=2024-11-01T00:00:00+00:00
[2024-11-01T18:44:42.190+0000] {processor.py:179} INFO - Processing /home/airflow/.local/lib/python3.7/site-packages/airflow/example_dags/example_branch_day_of_week_operator.py took 0.048 seconds
[2024-11-01T18:45:12.560+0000] {processor.py:157} INFO - Started process (PID=2855) to work on /home/airflow/.local/lib/python3.7/site-packages/airflow/example_dags/example_branch_day_of_week_operator.py
[2024-11-01T18:45:12.561+0000] {processor.py:826} INFO - Processing file /home/airflow/.local/lib/python3.7/site-packages/airflow/example_dags/example_branch_day_of_week_operator.py for tasks to queue
[2024-11-01T18:45:12.561+0000] {logging_mixin.py:150} INFO - [2024-11-01T18:45:12.561+0000] {dagbag.py:541} INFO - Filling up the DagBag from /home/airflow/.local/lib/python3.7/site-packages/airflow/example_dags/example_branch_day_of_week_operator.py
[2024-11-01T18:45:12.565+0000] {processor.py:836} INFO - DAG(s) dict_keys(['example_weekday_branch_operator']) retrieved from /home/airflow/.local/lib/python3.7/site-packages/airflow/example_dags/example_branch_day_of_week_operator.py
[2024-11-01T18:45:12.580+0000] {logging_mixin.py:150} INFO - [2024-11-01T18:45:12.580+0000] {dag.py:2742} INFO - Sync 1 DAGs
[2024-11-01T18:45:12.594+0000] {logging_mixin.py:150} INFO - [2024-11-01T18:45:12.594+0000] {dag.py:3508} INFO - Setting next_dagrun for example_weekday_branch_operator to 2024-10-31T00:00:00+00:00, run_after=2024-11-01T00:00:00+00:00
[2024-11-01T18:45:12.605+0000] {processor.py:179} INFO - Processing /home/airflow/.local/lib/python3.7/site-packages/airflow/example_dags/example_branch_day_of_week_operator.py took 0.047 seconds
[2024-11-01T18:45:43.257+0000] {processor.py:157} INFO - Started process (PID=2917) to work on /home/airflow/.local/lib/python3.7/site-packages/airflow/example_dags/example_branch_day_of_week_operator.py
[2024-11-01T18:45:43.259+0000] {processor.py:826} INFO - Processing file /home/airflow/.local/lib/python3.7/site-packages/airflow/example_dags/example_branch_day_of_week_operator.py for tasks to queue
[2024-11-01T18:45:43.259+0000] {logging_mixin.py:150} INFO - [2024-11-01T18:45:43.259+0000] {dagbag.py:541} INFO - Filling up the DagBag from /home/airflow/.local/lib/python3.7/site-packages/airflow/example_dags/example_branch_day_of_week_operator.py
[2024-11-01T18:45:43.271+0000] {processor.py:836} INFO - DAG(s) dict_keys(['example_weekday_branch_operator']) retrieved from /home/airflow/.local/lib/python3.7/site-packages/airflow/example_dags/example_branch_day_of_week_operator.py
[2024-11-01T18:45:43.301+0000] {logging_mixin.py:150} INFO - [2024-11-01T18:45:43.301+0000] {dag.py:2742} INFO - Sync 1 DAGs
[2024-11-01T18:45:43.323+0000] {logging_mixin.py:150} INFO - [2024-11-01T18:45:43.323+0000] {dag.py:3508} INFO - Setting next_dagrun for example_weekday_branch_operator to 2024-10-31T00:00:00+00:00, run_after=2024-11-01T00:00:00+00:00
[2024-11-01T18:45:43.336+0000] {processor.py:179} INFO - Processing /home/airflow/.local/lib/python3.7/site-packages/airflow/example_dags/example_branch_day_of_week_operator.py took 0.082 seconds
[2024-11-01T18:46:13.984+0000] {processor.py:157} INFO - Started process (PID=2977) to work on /home/airflow/.local/lib/python3.7/site-packages/airflow/example_dags/example_branch_day_of_week_operator.py
[2024-11-01T18:46:13.986+0000] {processor.py:826} INFO - Processing file /home/airflow/.local/lib/python3.7/site-packages/airflow/example_dags/example_branch_day_of_week_operator.py for tasks to queue
[2024-11-01T18:46:13.987+0000] {logging_mixin.py:150} INFO - [2024-11-01T18:46:13.986+0000] {dagbag.py:541} INFO - Filling up the DagBag from /home/airflow/.local/lib/python3.7/site-packages/airflow/example_dags/example_branch_day_of_week_operator.py
[2024-11-01T18:46:13.994+0000] {processor.py:836} INFO - DAG(s) dict_keys(['example_weekday_branch_operator']) retrieved from /home/airflow/.local/lib/python3.7/site-packages/airflow/example_dags/example_branch_day_of_week_operator.py
[2024-11-01T18:46:14.020+0000] {logging_mixin.py:150} INFO - [2024-11-01T18:46:14.020+0000] {dag.py:2742} INFO - Sync 1 DAGs
[2024-11-01T18:46:14.035+0000] {logging_mixin.py:150} INFO - [2024-11-01T18:46:14.035+0000] {dag.py:3508} INFO - Setting next_dagrun for example_weekday_branch_operator to 2024-10-31T00:00:00+00:00, run_after=2024-11-01T00:00:00+00:00
[2024-11-01T18:46:14.049+0000] {processor.py:179} INFO - Processing /home/airflow/.local/lib/python3.7/site-packages/airflow/example_dags/example_branch_day_of_week_operator.py took 0.069 seconds
[2024-11-01T18:46:45.217+0000] {processor.py:157} INFO - Started process (PID=3039) to work on /home/airflow/.local/lib/python3.7/site-packages/airflow/example_dags/example_branch_day_of_week_operator.py
[2024-11-01T18:46:45.218+0000] {processor.py:826} INFO - Processing file /home/airflow/.local/lib/python3.7/site-packages/airflow/example_dags/example_branch_day_of_week_operator.py for tasks to queue
[2024-11-01T18:46:45.219+0000] {logging_mixin.py:150} INFO - [2024-11-01T18:46:45.219+0000] {dagbag.py:541} INFO - Filling up the DagBag from /home/airflow/.local/lib/python3.7/site-packages/airflow/example_dags/example_branch_day_of_week_operator.py
[2024-11-01T18:46:45.233+0000] {processor.py:836} INFO - DAG(s) dict_keys(['example_weekday_branch_operator']) retrieved from /home/airflow/.local/lib/python3.7/site-packages/airflow/example_dags/example_branch_day_of_week_operator.py
[2024-11-01T18:46:45.254+0000] {logging_mixin.py:150} INFO - [2024-11-01T18:46:45.254+0000] {dag.py:2742} INFO - Sync 1 DAGs
[2024-11-01T18:46:45.273+0000] {logging_mixin.py:150} INFO - [2024-11-01T18:46:45.273+0000] {dag.py:3508} INFO - Setting next_dagrun for example_weekday_branch_operator to 2024-10-31T00:00:00+00:00, run_after=2024-11-01T00:00:00+00:00
[2024-11-01T18:46:45.285+0000] {processor.py:179} INFO - Processing /home/airflow/.local/lib/python3.7/site-packages/airflow/example_dags/example_branch_day_of_week_operator.py took 0.072 seconds
[2024-11-01T18:47:15.383+0000] {processor.py:157} INFO - Started process (PID=3101) to work on /home/airflow/.local/lib/python3.7/site-packages/airflow/example_dags/example_branch_day_of_week_operator.py
[2024-11-01T18:47:15.384+0000] {processor.py:826} INFO - Processing file /home/airflow/.local/lib/python3.7/site-packages/airflow/example_dags/example_branch_day_of_week_operator.py for tasks to queue
[2024-11-01T18:47:15.385+0000] {logging_mixin.py:150} INFO - [2024-11-01T18:47:15.385+0000] {dagbag.py:541} INFO - Filling up the DagBag from /home/airflow/.local/lib/python3.7/site-packages/airflow/example_dags/example_branch_day_of_week_operator.py
[2024-11-01T18:47:15.390+0000] {processor.py:836} INFO - DAG(s) dict_keys(['example_weekday_branch_operator']) retrieved from /home/airflow/.local/lib/python3.7/site-packages/airflow/example_dags/example_branch_day_of_week_operator.py
[2024-11-01T18:47:15.405+0000] {logging_mixin.py:150} INFO - [2024-11-01T18:47:15.405+0000] {dag.py:2742} INFO - Sync 1 DAGs
[2024-11-01T18:47:15.421+0000] {logging_mixin.py:150} INFO - [2024-11-01T18:47:15.421+0000] {dag.py:3508} INFO - Setting next_dagrun for example_weekday_branch_operator to 2024-10-31T00:00:00+00:00, run_after=2024-11-01T00:00:00+00:00
[2024-11-01T18:47:15.439+0000] {processor.py:179} INFO - Processing /home/airflow/.local/lib/python3.7/site-packages/airflow/example_dags/example_branch_day_of_week_operator.py took 0.061 seconds
[2024-11-01T18:47:46.599+0000] {processor.py:157} INFO - Started process (PID=3164) to work on /home/airflow/.local/lib/python3.7/site-packages/airflow/example_dags/example_branch_day_of_week_operator.py
[2024-11-01T18:47:46.601+0000] {processor.py:826} INFO - Processing file /home/airflow/.local/lib/python3.7/site-packages/airflow/example_dags/example_branch_day_of_week_operator.py for tasks to queue
[2024-11-01T18:47:46.602+0000] {logging_mixin.py:150} INFO - [2024-11-01T18:47:46.602+0000] {dagbag.py:541} INFO - Filling up the DagBag from /home/airflow/.local/lib/python3.7/site-packages/airflow/example_dags/example_branch_day_of_week_operator.py
[2024-11-01T18:47:46.610+0000] {processor.py:836} INFO - DAG(s) dict_keys(['example_weekday_branch_operator']) retrieved from /home/airflow/.local/lib/python3.7/site-packages/airflow/example_dags/example_branch_day_of_week_operator.py
[2024-11-01T18:47:46.627+0000] {logging_mixin.py:150} INFO - [2024-11-01T18:47:46.627+0000] {dag.py:2742} INFO - Sync 1 DAGs
[2024-11-01T18:47:46.643+0000] {logging_mixin.py:150} INFO - [2024-11-01T18:47:46.643+0000] {dag.py:3508} INFO - Setting next_dagrun for example_weekday_branch_operator to 2024-10-31T00:00:00+00:00, run_after=2024-11-01T00:00:00+00:00
[2024-11-01T18:47:46.653+0000] {processor.py:179} INFO - Processing /home/airflow/.local/lib/python3.7/site-packages/airflow/example_dags/example_branch_day_of_week_operator.py took 0.073 seconds
[2024-11-01T18:48:17.000+0000] {processor.py:157} INFO - Started process (PID=3226) to work on /home/airflow/.local/lib/python3.7/site-packages/airflow/example_dags/example_branch_day_of_week_operator.py
[2024-11-01T18:48:17.000+0000] {processor.py:826} INFO - Processing file /home/airflow/.local/lib/python3.7/site-packages/airflow/example_dags/example_branch_day_of_week_operator.py for tasks to queue
[2024-11-01T18:48:17.001+0000] {logging_mixin.py:150} INFO - [2024-11-01T18:48:17.001+0000] {dagbag.py:541} INFO - Filling up the DagBag from /home/airflow/.local/lib/python3.7/site-packages/airflow/example_dags/example_branch_day_of_week_operator.py
[2024-11-01T18:48:17.006+0000] {processor.py:836} INFO - DAG(s) dict_keys(['example_weekday_branch_operator']) retrieved from /home/airflow/.local/lib/python3.7/site-packages/airflow/example_dags/example_branch_day_of_week_operator.py
[2024-11-01T18:48:17.019+0000] {logging_mixin.py:150} INFO - [2024-11-01T18:48:17.018+0000] {dag.py:2742} INFO - Sync 1 DAGs
[2024-11-01T18:48:17.033+0000] {logging_mixin.py:150} INFO - [2024-11-01T18:48:17.033+0000] {dag.py:3508} INFO - Setting next_dagrun for example_weekday_branch_operator to 2024-10-31T00:00:00+00:00, run_after=2024-11-01T00:00:00+00:00
[2024-11-01T18:48:17.047+0000] {processor.py:179} INFO - Processing /home/airflow/.local/lib/python3.7/site-packages/airflow/example_dags/example_branch_day_of_week_operator.py took 0.049 seconds
[2024-11-01T18:48:48.066+0000] {processor.py:157} INFO - Started process (PID=3288) to work on /home/airflow/.local/lib/python3.7/site-packages/airflow/example_dags/example_branch_day_of_week_operator.py
[2024-11-01T18:48:48.067+0000] {processor.py:826} INFO - Processing file /home/airflow/.local/lib/python3.7/site-packages/airflow/example_dags/example_branch_day_of_week_operator.py for tasks to queue
[2024-11-01T18:48:48.068+0000] {logging_mixin.py:150} INFO - [2024-11-01T18:48:48.067+0000] {dagbag.py:541} INFO - Filling up the DagBag from /home/airflow/.local/lib/python3.7/site-packages/airflow/example_dags/example_branch_day_of_week_operator.py
[2024-11-01T18:48:48.073+0000] {processor.py:836} INFO - DAG(s) dict_keys(['example_weekday_branch_operator']) retrieved from /home/airflow/.local/lib/python3.7/site-packages/airflow/example_dags/example_branch_day_of_week_operator.py
[2024-11-01T18:48:48.085+0000] {logging_mixin.py:150} INFO - [2024-11-01T18:48:48.085+0000] {dag.py:2742} INFO - Sync 1 DAGs
[2024-11-01T18:48:48.098+0000] {logging_mixin.py:150} INFO - [2024-11-01T18:48:48.098+0000] {dag.py:3508} INFO - Setting next_dagrun for example_weekday_branch_operator to 2024-10-31T00:00:00+00:00, run_after=2024-11-01T00:00:00+00:00
[2024-11-01T18:48:48.106+0000] {processor.py:179} INFO - Processing /home/airflow/.local/lib/python3.7/site-packages/airflow/example_dags/example_branch_day_of_week_operator.py took 0.042 seconds
[2024-11-01T18:49:19.705+0000] {processor.py:157} INFO - Started process (PID=3350) to work on /home/airflow/.local/lib/python3.7/site-packages/airflow/example_dags/example_branch_day_of_week_operator.py
[2024-11-01T18:49:19.757+0000] {processor.py:826} INFO - Processing file /home/airflow/.local/lib/python3.7/site-packages/airflow/example_dags/example_branch_day_of_week_operator.py for tasks to queue
[2024-11-01T18:49:19.761+0000] {logging_mixin.py:150} INFO - [2024-11-01T18:49:19.760+0000] {dagbag.py:541} INFO - Filling up the DagBag from /home/airflow/.local/lib/python3.7/site-packages/airflow/example_dags/example_branch_day_of_week_operator.py
[2024-11-01T18:49:19.797+0000] {processor.py:836} INFO - DAG(s) dict_keys(['example_weekday_branch_operator']) retrieved from /home/airflow/.local/lib/python3.7/site-packages/airflow/example_dags/example_branch_day_of_week_operator.py
[2024-11-01T18:49:19.876+0000] {logging_mixin.py:150} INFO - [2024-11-01T18:49:19.876+0000] {dag.py:2742} INFO - Sync 1 DAGs
[2024-11-01T18:49:19.920+0000] {logging_mixin.py:150} INFO - [2024-11-01T18:49:19.920+0000] {dag.py:3508} INFO - Setting next_dagrun for example_weekday_branch_operator to 2024-10-31T00:00:00+00:00, run_after=2024-11-01T00:00:00+00:00
[2024-11-01T18:49:19.952+0000] {processor.py:179} INFO - Processing /home/airflow/.local/lib/python3.7/site-packages/airflow/example_dags/example_branch_day_of_week_operator.py took 0.611 seconds
[2024-11-01T18:49:50.537+0000] {processor.py:157} INFO - Started process (PID=3412) to work on /home/airflow/.local/lib/python3.7/site-packages/airflow/example_dags/example_branch_day_of_week_operator.py
[2024-11-01T18:49:50.539+0000] {processor.py:826} INFO - Processing file /home/airflow/.local/lib/python3.7/site-packages/airflow/example_dags/example_branch_day_of_week_operator.py for tasks to queue
[2024-11-01T18:49:50.541+0000] {logging_mixin.py:150} INFO - [2024-11-01T18:49:50.540+0000] {dagbag.py:541} INFO - Filling up the DagBag from /home/airflow/.local/lib/python3.7/site-packages/airflow/example_dags/example_branch_day_of_week_operator.py
[2024-11-01T18:49:50.564+0000] {processor.py:836} INFO - DAG(s) dict_keys(['example_weekday_branch_operator']) retrieved from /home/airflow/.local/lib/python3.7/site-packages/airflow/example_dags/example_branch_day_of_week_operator.py
[2024-11-01T18:49:50.615+0000] {logging_mixin.py:150} INFO - [2024-11-01T18:49:50.615+0000] {dag.py:2742} INFO - Sync 1 DAGs
[2024-11-01T18:49:50.641+0000] {logging_mixin.py:150} INFO - [2024-11-01T18:49:50.641+0000] {dag.py:3508} INFO - Setting next_dagrun for example_weekday_branch_operator to 2024-10-31T00:00:00+00:00, run_after=2024-11-01T00:00:00+00:00
[2024-11-01T18:49:50.658+0000] {processor.py:179} INFO - Processing /home/airflow/.local/lib/python3.7/site-packages/airflow/example_dags/example_branch_day_of_week_operator.py took 0.124 seconds
[2024-11-01T18:50:20.942+0000] {processor.py:157} INFO - Started process (PID=3474) to work on /home/airflow/.local/lib/python3.7/site-packages/airflow/example_dags/example_branch_day_of_week_operator.py
[2024-11-01T18:50:20.946+0000] {processor.py:826} INFO - Processing file /home/airflow/.local/lib/python3.7/site-packages/airflow/example_dags/example_branch_day_of_week_operator.py for tasks to queue
[2024-11-01T18:50:20.949+0000] {logging_mixin.py:150} INFO - [2024-11-01T18:50:20.949+0000] {dagbag.py:541} INFO - Filling up the DagBag from /home/airflow/.local/lib/python3.7/site-packages/airflow/example_dags/example_branch_day_of_week_operator.py
[2024-11-01T18:50:20.954+0000] {processor.py:836} INFO - DAG(s) dict_keys(['example_weekday_branch_operator']) retrieved from /home/airflow/.local/lib/python3.7/site-packages/airflow/example_dags/example_branch_day_of_week_operator.py
[2024-11-01T18:50:20.991+0000] {logging_mixin.py:150} INFO - [2024-11-01T18:50:20.991+0000] {dag.py:2742} INFO - Sync 1 DAGs
[2024-11-01T18:50:21.031+0000] {logging_mixin.py:150} INFO - [2024-11-01T18:50:21.031+0000] {dag.py:3508} INFO - Setting next_dagrun for example_weekday_branch_operator to 2024-10-31T00:00:00+00:00, run_after=2024-11-01T00:00:00+00:00
[2024-11-01T18:50:21.057+0000] {processor.py:179} INFO - Processing /home/airflow/.local/lib/python3.7/site-packages/airflow/example_dags/example_branch_day_of_week_operator.py took 0.118 seconds
[2024-11-01T18:50:51.128+0000] {processor.py:157} INFO - Started process (PID=3536) to work on /home/airflow/.local/lib/python3.7/site-packages/airflow/example_dags/example_branch_day_of_week_operator.py
[2024-11-01T18:50:51.129+0000] {processor.py:826} INFO - Processing file /home/airflow/.local/lib/python3.7/site-packages/airflow/example_dags/example_branch_day_of_week_operator.py for tasks to queue
[2024-11-01T18:50:51.129+0000] {logging_mixin.py:150} INFO - [2024-11-01T18:50:51.129+0000] {dagbag.py:541} INFO - Filling up the DagBag from /home/airflow/.local/lib/python3.7/site-packages/airflow/example_dags/example_branch_day_of_week_operator.py
[2024-11-01T18:50:51.135+0000] {processor.py:836} INFO - DAG(s) dict_keys(['example_weekday_branch_operator']) retrieved from /home/airflow/.local/lib/python3.7/site-packages/airflow/example_dags/example_branch_day_of_week_operator.py
[2024-11-01T18:50:51.147+0000] {logging_mixin.py:150} INFO - [2024-11-01T18:50:51.147+0000] {dag.py:2742} INFO - Sync 1 DAGs
[2024-11-01T18:50:51.160+0000] {logging_mixin.py:150} INFO - [2024-11-01T18:50:51.160+0000] {dag.py:3508} INFO - Setting next_dagrun for example_weekday_branch_operator to 2024-10-31T00:00:00+00:00, run_after=2024-11-01T00:00:00+00:00
[2024-11-01T18:50:51.168+0000] {processor.py:179} INFO - Processing /home/airflow/.local/lib/python3.7/site-packages/airflow/example_dags/example_branch_day_of_week_operator.py took 0.043 seconds
[2024-11-01T18:51:23.394+0000] {processor.py:157} INFO - Started process (PID=3598) to work on /home/airflow/.local/lib/python3.7/site-packages/airflow/example_dags/example_branch_day_of_week_operator.py
[2024-11-01T18:51:23.395+0000] {processor.py:826} INFO - Processing file /home/airflow/.local/lib/python3.7/site-packages/airflow/example_dags/example_branch_day_of_week_operator.py for tasks to queue
[2024-11-01T18:51:23.395+0000] {logging_mixin.py:150} INFO - [2024-11-01T18:51:23.395+0000] {dagbag.py:541} INFO - Filling up the DagBag from /home/airflow/.local/lib/python3.7/site-packages/airflow/example_dags/example_branch_day_of_week_operator.py
[2024-11-01T18:51:23.400+0000] {processor.py:836} INFO - DAG(s) dict_keys(['example_weekday_branch_operator']) retrieved from /home/airflow/.local/lib/python3.7/site-packages/airflow/example_dags/example_branch_day_of_week_operator.py
[2024-11-01T18:51:23.413+0000] {logging_mixin.py:150} INFO - [2024-11-01T18:51:23.413+0000] {dag.py:2742} INFO - Sync 1 DAGs
[2024-11-01T18:51:23.426+0000] {logging_mixin.py:150} INFO - [2024-11-01T18:51:23.426+0000] {dag.py:3508} INFO - Setting next_dagrun for example_weekday_branch_operator to 2024-10-31T00:00:00+00:00, run_after=2024-11-01T00:00:00+00:00
[2024-11-01T18:51:23.436+0000] {processor.py:179} INFO - Processing /home/airflow/.local/lib/python3.7/site-packages/airflow/example_dags/example_branch_day_of_week_operator.py took 0.043 seconds
[2024-11-01T18:51:53.548+0000] {processor.py:157} INFO - Started process (PID=3660) to work on /home/airflow/.local/lib/python3.7/site-packages/airflow/example_dags/example_branch_day_of_week_operator.py
[2024-11-01T18:51:53.549+0000] {processor.py:826} INFO - Processing file /home/airflow/.local/lib/python3.7/site-packages/airflow/example_dags/example_branch_day_of_week_operator.py for tasks to queue
[2024-11-01T18:51:53.550+0000] {logging_mixin.py:150} INFO - [2024-11-01T18:51:53.550+0000] {dagbag.py:541} INFO - Filling up the DagBag from /home/airflow/.local/lib/python3.7/site-packages/airflow/example_dags/example_branch_day_of_week_operator.py
[2024-11-01T18:51:53.554+0000] {processor.py:836} INFO - DAG(s) dict_keys(['example_weekday_branch_operator']) retrieved from /home/airflow/.local/lib/python3.7/site-packages/airflow/example_dags/example_branch_day_of_week_operator.py
[2024-11-01T18:51:53.576+0000] {logging_mixin.py:150} INFO - [2024-11-01T18:51:53.576+0000] {dag.py:2742} INFO - Sync 1 DAGs
[2024-11-01T18:51:53.598+0000] {logging_mixin.py:150} INFO - [2024-11-01T18:51:53.598+0000] {dag.py:3508} INFO - Setting next_dagrun for example_weekday_branch_operator to 2024-10-31T00:00:00+00:00, run_after=2024-11-01T00:00:00+00:00
[2024-11-01T18:51:53.613+0000] {processor.py:179} INFO - Processing /home/airflow/.local/lib/python3.7/site-packages/airflow/example_dags/example_branch_day_of_week_operator.py took 0.069 seconds
[2024-11-01T18:52:23.703+0000] {processor.py:157} INFO - Started process (PID=3722) to work on /home/airflow/.local/lib/python3.7/site-packages/airflow/example_dags/example_branch_day_of_week_operator.py
[2024-11-01T18:52:23.709+0000] {processor.py:826} INFO - Processing file /home/airflow/.local/lib/python3.7/site-packages/airflow/example_dags/example_branch_day_of_week_operator.py for tasks to queue
[2024-11-01T18:52:23.710+0000] {logging_mixin.py:150} INFO - [2024-11-01T18:52:23.710+0000] {dagbag.py:541} INFO - Filling up the DagBag from /home/airflow/.local/lib/python3.7/site-packages/airflow/example_dags/example_branch_day_of_week_operator.py
[2024-11-01T18:52:23.719+0000] {processor.py:836} INFO - DAG(s) dict_keys(['example_weekday_branch_operator']) retrieved from /home/airflow/.local/lib/python3.7/site-packages/airflow/example_dags/example_branch_day_of_week_operator.py
[2024-11-01T18:52:23.739+0000] {logging_mixin.py:150} INFO - [2024-11-01T18:52:23.738+0000] {dag.py:2742} INFO - Sync 1 DAGs
[2024-11-01T18:52:23.755+0000] {logging_mixin.py:150} INFO - [2024-11-01T18:52:23.755+0000] {dag.py:3508} INFO - Setting next_dagrun for example_weekday_branch_operator to 2024-10-31T00:00:00+00:00, run_after=2024-11-01T00:00:00+00:00
[2024-11-01T18:52:23.765+0000] {processor.py:179} INFO - Processing /home/airflow/.local/lib/python3.7/site-packages/airflow/example_dags/example_branch_day_of_week_operator.py took 0.067 seconds
