[2024-11-01T18:12:08.376+0000] {processor.py:157} INFO - Started process (PID=88) to work on /home/airflow/.local/lib/python3.7/site-packages/airflow/example_dags/example_time_delta_sensor_async.py
[2024-11-01T18:12:08.378+0000] {processor.py:826} INFO - Processing file /home/airflow/.local/lib/python3.7/site-packages/airflow/example_dags/example_time_delta_sensor_async.py for tasks to queue
[2024-11-01T18:12:08.379+0000] {logging_mixin.py:150} INFO - [2024-11-01T18:12:08.379+0000] {dagbag.py:541} INFO - Filling up the DagBag from /home/airflow/.local/lib/python3.7/site-packages/airflow/example_dags/example_time_delta_sensor_async.py
[2024-11-01T18:12:08.390+0000] {processor.py:836} INFO - DAG(s) dict_keys(['example_time_delta_sensor_async']) retrieved from /home/airflow/.local/lib/python3.7/site-packages/airflow/example_dags/example_time_delta_sensor_async.py
[2024-11-01T18:12:08.508+0000] {logging_mixin.py:150} INFO - [2024-11-01T18:12:08.508+0000] {dag.py:2742} INFO - Sync 1 DAGs
[2024-11-01T18:12:08.541+0000] {logging_mixin.py:150} INFO - [2024-11-01T18:12:08.541+0000] {dag.py:3508} INFO - Setting next_dagrun for example_time_delta_sensor_async to None, run_after=None
[2024-11-01T18:12:08.562+0000] {processor.py:179} INFO - Processing /home/airflow/.local/lib/python3.7/site-packages/airflow/example_dags/example_time_delta_sensor_async.py took 0.190 seconds
[2024-11-01T18:12:58.507+0000] {processor.py:157} INFO - Started process (PID=157) to work on /home/airflow/.local/lib/python3.7/site-packages/airflow/example_dags/example_time_delta_sensor_async.py
[2024-11-01T18:12:58.510+0000] {processor.py:826} INFO - Processing file /home/airflow/.local/lib/python3.7/site-packages/airflow/example_dags/example_time_delta_sensor_async.py for tasks to queue
[2024-11-01T18:12:58.511+0000] {logging_mixin.py:150} INFO - [2024-11-01T18:12:58.510+0000] {dagbag.py:541} INFO - Filling up the DagBag from /home/airflow/.local/lib/python3.7/site-packages/airflow/example_dags/example_time_delta_sensor_async.py
[2024-11-01T18:12:58.514+0000] {processor.py:836} INFO - DAG(s) dict_keys(['example_time_delta_sensor_async']) retrieved from /home/airflow/.local/lib/python3.7/site-packages/airflow/example_dags/example_time_delta_sensor_async.py
[2024-11-01T18:12:58.530+0000] {logging_mixin.py:150} INFO - [2024-11-01T18:12:58.530+0000] {dag.py:2742} INFO - Sync 1 DAGs
[2024-11-01T18:12:58.545+0000] {logging_mixin.py:150} INFO - [2024-11-01T18:12:58.545+0000] {dag.py:3508} INFO - Setting next_dagrun for example_time_delta_sensor_async to None, run_after=None
[2024-11-01T18:12:58.563+0000] {processor.py:179} INFO - Processing /home/airflow/.local/lib/python3.7/site-packages/airflow/example_dags/example_time_delta_sensor_async.py took 0.058 seconds
[2024-11-01T18:14:27.142+0000] {processor.py:157} INFO - Started process (PID=232) to work on /home/airflow/.local/lib/python3.7/site-packages/airflow/example_dags/example_time_delta_sensor_async.py
[2024-11-01T18:14:27.262+0000] {processor.py:826} INFO - Processing file /home/airflow/.local/lib/python3.7/site-packages/airflow/example_dags/example_time_delta_sensor_async.py for tasks to queue
[2024-11-01T18:14:27.282+0000] {logging_mixin.py:150} INFO - [2024-11-01T18:14:27.281+0000] {dagbag.py:541} INFO - Filling up the DagBag from /home/airflow/.local/lib/python3.7/site-packages/airflow/example_dags/example_time_delta_sensor_async.py
[2024-11-01T18:14:27.500+0000] {processor.py:836} INFO - DAG(s) dict_keys(['example_time_delta_sensor_async']) retrieved from /home/airflow/.local/lib/python3.7/site-packages/airflow/example_dags/example_time_delta_sensor_async.py
[2024-11-01T18:14:30.079+0000] {logging_mixin.py:150} INFO - [2024-11-01T18:14:30.074+0000] {dag.py:2742} INFO - Sync 1 DAGs
[2024-11-01T18:14:30.541+0000] {logging_mixin.py:150} INFO - [2024-11-01T18:14:30.541+0000] {dag.py:3508} INFO - Setting next_dagrun for example_time_delta_sensor_async to None, run_after=None
[2024-11-01T18:14:30.621+0000] {processor.py:179} INFO - Processing /home/airflow/.local/lib/python3.7/site-packages/airflow/example_dags/example_time_delta_sensor_async.py took 5.498 seconds
[2024-11-01T18:17:45.843+0000] {processor.py:157} INFO - Started process (PID=355) to work on /home/airflow/.local/lib/python3.7/site-packages/airflow/example_dags/example_time_delta_sensor_async.py
[2024-11-01T18:17:45.878+0000] {processor.py:826} INFO - Processing file /home/airflow/.local/lib/python3.7/site-packages/airflow/example_dags/example_time_delta_sensor_async.py for tasks to queue
[2024-11-01T18:17:45.892+0000] {logging_mixin.py:150} INFO - [2024-11-01T18:17:45.884+0000] {dagbag.py:541} INFO - Filling up the DagBag from /home/airflow/.local/lib/python3.7/site-packages/airflow/example_dags/example_time_delta_sensor_async.py
[2024-11-01T18:17:45.995+0000] {processor.py:836} INFO - DAG(s) dict_keys(['example_time_delta_sensor_async']) retrieved from /home/airflow/.local/lib/python3.7/site-packages/airflow/example_dags/example_time_delta_sensor_async.py
[2024-11-01T18:17:46.772+0000] {logging_mixin.py:150} INFO - [2024-11-01T18:17:46.739+0000] {dag.py:2742} INFO - Sync 1 DAGs
[2024-11-01T18:17:47.306+0000] {logging_mixin.py:150} INFO - [2024-11-01T18:17:47.299+0000] {dag.py:3508} INFO - Setting next_dagrun for example_time_delta_sensor_async to None, run_after=None
[2024-11-01T18:17:47.598+0000] {processor.py:179} INFO - Processing /home/airflow/.local/lib/python3.7/site-packages/airflow/example_dags/example_time_delta_sensor_async.py took 1.860 seconds
[2024-11-01T18:18:53.192+0000] {processor.py:157} INFO - Started process (PID=454) to work on /home/airflow/.local/lib/python3.7/site-packages/airflow/example_dags/example_time_delta_sensor_async.py
[2024-11-01T18:18:53.196+0000] {processor.py:826} INFO - Processing file /home/airflow/.local/lib/python3.7/site-packages/airflow/example_dags/example_time_delta_sensor_async.py for tasks to queue
[2024-11-01T18:18:53.199+0000] {logging_mixin.py:150} INFO - [2024-11-01T18:18:53.199+0000] {dagbag.py:541} INFO - Filling up the DagBag from /home/airflow/.local/lib/python3.7/site-packages/airflow/example_dags/example_time_delta_sensor_async.py
[2024-11-01T18:18:53.347+0000] {processor.py:836} INFO - DAG(s) dict_keys(['example_time_delta_sensor_async']) retrieved from /home/airflow/.local/lib/python3.7/site-packages/airflow/example_dags/example_time_delta_sensor_async.py
[2024-11-01T18:18:53.536+0000] {logging_mixin.py:150} INFO - [2024-11-01T18:18:53.536+0000] {dag.py:2742} INFO - Sync 1 DAGs
[2024-11-01T18:18:53.607+0000] {logging_mixin.py:150} INFO - [2024-11-01T18:18:53.607+0000] {dag.py:3508} INFO - Setting next_dagrun for example_time_delta_sensor_async to None, run_after=None
[2024-11-01T18:18:53.704+0000] {processor.py:179} INFO - Processing /home/airflow/.local/lib/python3.7/site-packages/airflow/example_dags/example_time_delta_sensor_async.py took 0.531 seconds
[2024-11-01T18:19:28.237+0000] {processor.py:157} INFO - Started process (PID=515) to work on /home/airflow/.local/lib/python3.7/site-packages/airflow/example_dags/example_time_delta_sensor_async.py
[2024-11-01T18:19:28.240+0000] {processor.py:826} INFO - Processing file /home/airflow/.local/lib/python3.7/site-packages/airflow/example_dags/example_time_delta_sensor_async.py for tasks to queue
[2024-11-01T18:19:28.241+0000] {logging_mixin.py:150} INFO - [2024-11-01T18:19:28.241+0000] {dagbag.py:541} INFO - Filling up the DagBag from /home/airflow/.local/lib/python3.7/site-packages/airflow/example_dags/example_time_delta_sensor_async.py
[2024-11-01T18:19:28.248+0000] {processor.py:836} INFO - DAG(s) dict_keys(['example_time_delta_sensor_async']) retrieved from /home/airflow/.local/lib/python3.7/site-packages/airflow/example_dags/example_time_delta_sensor_async.py
[2024-11-01T18:19:28.319+0000] {logging_mixin.py:150} INFO - [2024-11-01T18:19:28.319+0000] {dag.py:2742} INFO - Sync 1 DAGs
[2024-11-01T18:19:28.361+0000] {logging_mixin.py:150} INFO - [2024-11-01T18:19:28.361+0000] {dag.py:3508} INFO - Setting next_dagrun for example_time_delta_sensor_async to None, run_after=None
[2024-11-01T18:19:28.411+0000] {processor.py:179} INFO - Processing /home/airflow/.local/lib/python3.7/site-packages/airflow/example_dags/example_time_delta_sensor_async.py took 0.183 seconds
[2024-11-01T18:20:26.035+0000] {processor.py:157} INFO - Started process (PID=612) to work on /home/airflow/.local/lib/python3.7/site-packages/airflow/example_dags/example_time_delta_sensor_async.py
[2024-11-01T18:20:26.047+0000] {processor.py:826} INFO - Processing file /home/airflow/.local/lib/python3.7/site-packages/airflow/example_dags/example_time_delta_sensor_async.py for tasks to queue
[2024-11-01T18:20:26.052+0000] {logging_mixin.py:150} INFO - [2024-11-01T18:20:26.051+0000] {dagbag.py:541} INFO - Filling up the DagBag from /home/airflow/.local/lib/python3.7/site-packages/airflow/example_dags/example_time_delta_sensor_async.py
[2024-11-01T18:20:26.081+0000] {processor.py:836} INFO - DAG(s) dict_keys(['example_time_delta_sensor_async']) retrieved from /home/airflow/.local/lib/python3.7/site-packages/airflow/example_dags/example_time_delta_sensor_async.py
[2024-11-01T18:20:26.294+0000] {logging_mixin.py:150} INFO - [2024-11-01T18:20:26.293+0000] {dag.py:2742} INFO - Sync 1 DAGs
[2024-11-01T18:20:26.555+0000] {logging_mixin.py:150} INFO - [2024-11-01T18:20:26.533+0000] {dag.py:3508} INFO - Setting next_dagrun for example_time_delta_sensor_async to None, run_after=None
[2024-11-01T18:20:26.647+0000] {processor.py:179} INFO - Processing /home/airflow/.local/lib/python3.7/site-packages/airflow/example_dags/example_time_delta_sensor_async.py took 0.694 seconds
[2024-11-01T18:24:05.692+0000] {processor.py:157} INFO - Started process (PID=747) to work on /home/airflow/.local/lib/python3.7/site-packages/airflow/example_dags/example_time_delta_sensor_async.py
[2024-11-01T18:24:05.699+0000] {processor.py:826} INFO - Processing file /home/airflow/.local/lib/python3.7/site-packages/airflow/example_dags/example_time_delta_sensor_async.py for tasks to queue
[2024-11-01T18:24:05.706+0000] {logging_mixin.py:150} INFO - [2024-11-01T18:24:05.704+0000] {dagbag.py:541} INFO - Filling up the DagBag from /home/airflow/.local/lib/python3.7/site-packages/airflow/example_dags/example_time_delta_sensor_async.py
[2024-11-01T18:24:05.793+0000] {processor.py:836} INFO - DAG(s) dict_keys(['example_time_delta_sensor_async']) retrieved from /home/airflow/.local/lib/python3.7/site-packages/airflow/example_dags/example_time_delta_sensor_async.py
[2024-11-01T18:24:06.158+0000] {logging_mixin.py:150} INFO - [2024-11-01T18:24:06.157+0000] {dag.py:2742} INFO - Sync 1 DAGs
[2024-11-01T18:24:06.976+0000] {logging_mixin.py:150} INFO - [2024-11-01T18:24:06.974+0000] {dag.py:3508} INFO - Setting next_dagrun for example_time_delta_sensor_async to None, run_after=None
[2024-11-01T18:24:07.438+0000] {processor.py:179} INFO - Processing /home/airflow/.local/lib/python3.7/site-packages/airflow/example_dags/example_time_delta_sensor_async.py took 1.758 seconds
[2024-11-01T18:25:25.466+0000] {processor.py:157} INFO - Started process (PID=825) to work on /home/airflow/.local/lib/python3.7/site-packages/airflow/example_dags/example_time_delta_sensor_async.py
[2024-11-01T18:25:25.495+0000] {processor.py:826} INFO - Processing file /home/airflow/.local/lib/python3.7/site-packages/airflow/example_dags/example_time_delta_sensor_async.py for tasks to queue
[2024-11-01T18:25:25.522+0000] {logging_mixin.py:150} INFO - [2024-11-01T18:25:25.510+0000] {dagbag.py:541} INFO - Filling up the DagBag from /home/airflow/.local/lib/python3.7/site-packages/airflow/example_dags/example_time_delta_sensor_async.py
[2024-11-01T18:25:25.633+0000] {processor.py:836} INFO - DAG(s) dict_keys(['example_time_delta_sensor_async']) retrieved from /home/airflow/.local/lib/python3.7/site-packages/airflow/example_dags/example_time_delta_sensor_async.py
[2024-11-01T18:25:25.882+0000] {logging_mixin.py:150} INFO - [2024-11-01T18:25:25.880+0000] {dag.py:2742} INFO - Sync 1 DAGs
[2024-11-01T18:25:26.062+0000] {logging_mixin.py:150} INFO - [2024-11-01T18:25:26.056+0000] {dag.py:3508} INFO - Setting next_dagrun for example_time_delta_sensor_async to None, run_after=None
[2024-11-01T18:25:26.171+0000] {processor.py:179} INFO - Processing /home/airflow/.local/lib/python3.7/site-packages/airflow/example_dags/example_time_delta_sensor_async.py took 0.819 seconds
[2024-11-01T18:26:06.963+0000] {processor.py:157} INFO - Started process (PID=899) to work on /home/airflow/.local/lib/python3.7/site-packages/airflow/example_dags/example_time_delta_sensor_async.py
[2024-11-01T18:26:06.964+0000] {processor.py:826} INFO - Processing file /home/airflow/.local/lib/python3.7/site-packages/airflow/example_dags/example_time_delta_sensor_async.py for tasks to queue
[2024-11-01T18:26:06.967+0000] {logging_mixin.py:150} INFO - [2024-11-01T18:26:06.967+0000] {dagbag.py:541} INFO - Filling up the DagBag from /home/airflow/.local/lib/python3.7/site-packages/airflow/example_dags/example_time_delta_sensor_async.py
[2024-11-01T18:26:06.972+0000] {processor.py:836} INFO - DAG(s) dict_keys(['example_time_delta_sensor_async']) retrieved from /home/airflow/.local/lib/python3.7/site-packages/airflow/example_dags/example_time_delta_sensor_async.py
[2024-11-01T18:26:06.992+0000] {logging_mixin.py:150} INFO - [2024-11-01T18:26:06.992+0000] {dag.py:2742} INFO - Sync 1 DAGs
[2024-11-01T18:26:07.012+0000] {logging_mixin.py:150} INFO - [2024-11-01T18:26:07.012+0000] {dag.py:3508} INFO - Setting next_dagrun for example_time_delta_sensor_async to None, run_after=None
[2024-11-01T18:26:07.052+0000] {processor.py:179} INFO - Processing /home/airflow/.local/lib/python3.7/site-packages/airflow/example_dags/example_time_delta_sensor_async.py took 0.093 seconds
[2024-11-01T18:26:37.811+0000] {processor.py:157} INFO - Started process (PID=961) to work on /home/airflow/.local/lib/python3.7/site-packages/airflow/example_dags/example_time_delta_sensor_async.py
[2024-11-01T18:26:37.812+0000] {processor.py:826} INFO - Processing file /home/airflow/.local/lib/python3.7/site-packages/airflow/example_dags/example_time_delta_sensor_async.py for tasks to queue
[2024-11-01T18:26:37.813+0000] {logging_mixin.py:150} INFO - [2024-11-01T18:26:37.813+0000] {dagbag.py:541} INFO - Filling up the DagBag from /home/airflow/.local/lib/python3.7/site-packages/airflow/example_dags/example_time_delta_sensor_async.py
[2024-11-01T18:26:37.816+0000] {processor.py:836} INFO - DAG(s) dict_keys(['example_time_delta_sensor_async']) retrieved from /home/airflow/.local/lib/python3.7/site-packages/airflow/example_dags/example_time_delta_sensor_async.py
[2024-11-01T18:26:37.828+0000] {logging_mixin.py:150} INFO - [2024-11-01T18:26:37.828+0000] {dag.py:2742} INFO - Sync 1 DAGs
[2024-11-01T18:26:37.843+0000] {logging_mixin.py:150} INFO - [2024-11-01T18:26:37.843+0000] {dag.py:3508} INFO - Setting next_dagrun for example_time_delta_sensor_async to None, run_after=None
[2024-11-01T18:26:37.854+0000] {processor.py:179} INFO - Processing /home/airflow/.local/lib/python3.7/site-packages/airflow/example_dags/example_time_delta_sensor_async.py took 0.045 seconds
[2024-11-01T18:27:08.168+0000] {processor.py:157} INFO - Started process (PID=1023) to work on /home/airflow/.local/lib/python3.7/site-packages/airflow/example_dags/example_time_delta_sensor_async.py
[2024-11-01T18:27:08.171+0000] {processor.py:826} INFO - Processing file /home/airflow/.local/lib/python3.7/site-packages/airflow/example_dags/example_time_delta_sensor_async.py for tasks to queue
[2024-11-01T18:27:08.172+0000] {logging_mixin.py:150} INFO - [2024-11-01T18:27:08.172+0000] {dagbag.py:541} INFO - Filling up the DagBag from /home/airflow/.local/lib/python3.7/site-packages/airflow/example_dags/example_time_delta_sensor_async.py
[2024-11-01T18:27:08.176+0000] {processor.py:836} INFO - DAG(s) dict_keys(['example_time_delta_sensor_async']) retrieved from /home/airflow/.local/lib/python3.7/site-packages/airflow/example_dags/example_time_delta_sensor_async.py
[2024-11-01T18:27:08.198+0000] {logging_mixin.py:150} INFO - [2024-11-01T18:27:08.198+0000] {dag.py:2742} INFO - Sync 1 DAGs
[2024-11-01T18:27:08.217+0000] {logging_mixin.py:150} INFO - [2024-11-01T18:27:08.217+0000] {dag.py:3508} INFO - Setting next_dagrun for example_time_delta_sensor_async to None, run_after=None
[2024-11-01T18:27:08.230+0000] {processor.py:179} INFO - Processing /home/airflow/.local/lib/python3.7/site-packages/airflow/example_dags/example_time_delta_sensor_async.py took 0.064 seconds
[2024-11-01T18:27:38.401+0000] {processor.py:157} INFO - Started process (PID=1085) to work on /home/airflow/.local/lib/python3.7/site-packages/airflow/example_dags/example_time_delta_sensor_async.py
[2024-11-01T18:27:38.402+0000] {processor.py:826} INFO - Processing file /home/airflow/.local/lib/python3.7/site-packages/airflow/example_dags/example_time_delta_sensor_async.py for tasks to queue
[2024-11-01T18:27:38.402+0000] {logging_mixin.py:150} INFO - [2024-11-01T18:27:38.402+0000] {dagbag.py:541} INFO - Filling up the DagBag from /home/airflow/.local/lib/python3.7/site-packages/airflow/example_dags/example_time_delta_sensor_async.py
[2024-11-01T18:27:38.406+0000] {processor.py:836} INFO - DAG(s) dict_keys(['example_time_delta_sensor_async']) retrieved from /home/airflow/.local/lib/python3.7/site-packages/airflow/example_dags/example_time_delta_sensor_async.py
[2024-11-01T18:27:38.423+0000] {logging_mixin.py:150} INFO - [2024-11-01T18:27:38.423+0000] {dag.py:2742} INFO - Sync 1 DAGs
[2024-11-01T18:27:38.436+0000] {logging_mixin.py:150} INFO - [2024-11-01T18:27:38.436+0000] {dag.py:3508} INFO - Setting next_dagrun for example_time_delta_sensor_async to None, run_after=None
[2024-11-01T18:27:38.445+0000] {processor.py:179} INFO - Processing /home/airflow/.local/lib/python3.7/site-packages/airflow/example_dags/example_time_delta_sensor_async.py took 0.046 seconds
[2024-11-01T18:30:55.136+0000] {processor.py:157} INFO - Started process (PID=1161) to work on /home/airflow/.local/lib/python3.7/site-packages/airflow/example_dags/example_time_delta_sensor_async.py
[2024-11-01T18:30:55.155+0000] {processor.py:826} INFO - Processing file /home/airflow/.local/lib/python3.7/site-packages/airflow/example_dags/example_time_delta_sensor_async.py for tasks to queue
[2024-11-01T18:30:55.156+0000] {logging_mixin.py:150} INFO - [2024-11-01T18:30:55.156+0000] {dagbag.py:541} INFO - Filling up the DagBag from /home/airflow/.local/lib/python3.7/site-packages/airflow/example_dags/example_time_delta_sensor_async.py
[2024-11-01T18:30:55.161+0000] {processor.py:836} INFO - DAG(s) dict_keys(['example_time_delta_sensor_async']) retrieved from /home/airflow/.local/lib/python3.7/site-packages/airflow/example_dags/example_time_delta_sensor_async.py
[2024-11-01T18:30:55.182+0000] {logging_mixin.py:150} INFO - [2024-11-01T18:30:55.181+0000] {dag.py:2742} INFO - Sync 1 DAGs
[2024-11-01T18:30:55.196+0000] {logging_mixin.py:150} INFO - [2024-11-01T18:30:55.196+0000] {dag.py:3508} INFO - Setting next_dagrun for example_time_delta_sensor_async to None, run_after=None
[2024-11-01T18:30:55.205+0000] {processor.py:179} INFO - Processing /home/airflow/.local/lib/python3.7/site-packages/airflow/example_dags/example_time_delta_sensor_async.py took 0.075 seconds
[2024-11-01T18:31:25.621+0000] {processor.py:157} INFO - Started process (PID=1223) to work on /home/airflow/.local/lib/python3.7/site-packages/airflow/example_dags/example_time_delta_sensor_async.py
[2024-11-01T18:31:25.622+0000] {processor.py:826} INFO - Processing file /home/airflow/.local/lib/python3.7/site-packages/airflow/example_dags/example_time_delta_sensor_async.py for tasks to queue
[2024-11-01T18:31:25.623+0000] {logging_mixin.py:150} INFO - [2024-11-01T18:31:25.623+0000] {dagbag.py:541} INFO - Filling up the DagBag from /home/airflow/.local/lib/python3.7/site-packages/airflow/example_dags/example_time_delta_sensor_async.py
[2024-11-01T18:31:25.625+0000] {processor.py:836} INFO - DAG(s) dict_keys(['example_time_delta_sensor_async']) retrieved from /home/airflow/.local/lib/python3.7/site-packages/airflow/example_dags/example_time_delta_sensor_async.py
[2024-11-01T18:31:25.638+0000] {logging_mixin.py:150} INFO - [2024-11-01T18:31:25.638+0000] {dag.py:2742} INFO - Sync 1 DAGs
[2024-11-01T18:31:25.651+0000] {logging_mixin.py:150} INFO - [2024-11-01T18:31:25.650+0000] {dag.py:3508} INFO - Setting next_dagrun for example_time_delta_sensor_async to None, run_after=None
[2024-11-01T18:31:25.662+0000] {processor.py:179} INFO - Processing /home/airflow/.local/lib/python3.7/site-packages/airflow/example_dags/example_time_delta_sensor_async.py took 0.042 seconds
[2024-11-01T18:31:56.054+0000] {processor.py:157} INFO - Started process (PID=1285) to work on /home/airflow/.local/lib/python3.7/site-packages/airflow/example_dags/example_time_delta_sensor_async.py
[2024-11-01T18:31:56.055+0000] {processor.py:826} INFO - Processing file /home/airflow/.local/lib/python3.7/site-packages/airflow/example_dags/example_time_delta_sensor_async.py for tasks to queue
[2024-11-01T18:31:56.055+0000] {logging_mixin.py:150} INFO - [2024-11-01T18:31:56.055+0000] {dagbag.py:541} INFO - Filling up the DagBag from /home/airflow/.local/lib/python3.7/site-packages/airflow/example_dags/example_time_delta_sensor_async.py
[2024-11-01T18:31:56.057+0000] {processor.py:836} INFO - DAG(s) dict_keys(['example_time_delta_sensor_async']) retrieved from /home/airflow/.local/lib/python3.7/site-packages/airflow/example_dags/example_time_delta_sensor_async.py
[2024-11-01T18:31:56.068+0000] {logging_mixin.py:150} INFO - [2024-11-01T18:31:56.068+0000] {dag.py:2742} INFO - Sync 1 DAGs
[2024-11-01T18:31:56.080+0000] {logging_mixin.py:150} INFO - [2024-11-01T18:31:56.080+0000] {dag.py:3508} INFO - Setting next_dagrun for example_time_delta_sensor_async to None, run_after=None
[2024-11-01T18:31:56.088+0000] {processor.py:179} INFO - Processing /home/airflow/.local/lib/python3.7/site-packages/airflow/example_dags/example_time_delta_sensor_async.py took 0.035 seconds
[2024-11-01T18:32:26.223+0000] {processor.py:157} INFO - Started process (PID=1347) to work on /home/airflow/.local/lib/python3.7/site-packages/airflow/example_dags/example_time_delta_sensor_async.py
[2024-11-01T18:32:26.223+0000] {processor.py:826} INFO - Processing file /home/airflow/.local/lib/python3.7/site-packages/airflow/example_dags/example_time_delta_sensor_async.py for tasks to queue
[2024-11-01T18:32:26.224+0000] {logging_mixin.py:150} INFO - [2024-11-01T18:32:26.223+0000] {dagbag.py:541} INFO - Filling up the DagBag from /home/airflow/.local/lib/python3.7/site-packages/airflow/example_dags/example_time_delta_sensor_async.py
[2024-11-01T18:32:26.226+0000] {processor.py:836} INFO - DAG(s) dict_keys(['example_time_delta_sensor_async']) retrieved from /home/airflow/.local/lib/python3.7/site-packages/airflow/example_dags/example_time_delta_sensor_async.py
[2024-11-01T18:32:26.246+0000] {logging_mixin.py:150} INFO - [2024-11-01T18:32:26.246+0000] {dag.py:2742} INFO - Sync 1 DAGs
[2024-11-01T18:32:26.260+0000] {logging_mixin.py:150} INFO - [2024-11-01T18:32:26.260+0000] {dag.py:3508} INFO - Setting next_dagrun for example_time_delta_sensor_async to None, run_after=None
[2024-11-01T18:32:26.268+0000] {processor.py:179} INFO - Processing /home/airflow/.local/lib/python3.7/site-packages/airflow/example_dags/example_time_delta_sensor_async.py took 0.047 seconds
[2024-11-01T18:32:56.445+0000] {processor.py:157} INFO - Started process (PID=1408) to work on /home/airflow/.local/lib/python3.7/site-packages/airflow/example_dags/example_time_delta_sensor_async.py
[2024-11-01T18:32:56.446+0000] {processor.py:826} INFO - Processing file /home/airflow/.local/lib/python3.7/site-packages/airflow/example_dags/example_time_delta_sensor_async.py for tasks to queue
[2024-11-01T18:32:56.447+0000] {logging_mixin.py:150} INFO - [2024-11-01T18:32:56.447+0000] {dagbag.py:541} INFO - Filling up the DagBag from /home/airflow/.local/lib/python3.7/site-packages/airflow/example_dags/example_time_delta_sensor_async.py
[2024-11-01T18:32:56.450+0000] {processor.py:836} INFO - DAG(s) dict_keys(['example_time_delta_sensor_async']) retrieved from /home/airflow/.local/lib/python3.7/site-packages/airflow/example_dags/example_time_delta_sensor_async.py
[2024-11-01T18:32:56.467+0000] {logging_mixin.py:150} INFO - [2024-11-01T18:32:56.467+0000] {dag.py:2742} INFO - Sync 1 DAGs
[2024-11-01T18:32:56.486+0000] {logging_mixin.py:150} INFO - [2024-11-01T18:32:56.486+0000] {dag.py:3508} INFO - Setting next_dagrun for example_time_delta_sensor_async to None, run_after=None
[2024-11-01T18:32:56.497+0000] {processor.py:179} INFO - Processing /home/airflow/.local/lib/python3.7/site-packages/airflow/example_dags/example_time_delta_sensor_async.py took 0.055 seconds
[2024-11-01T18:33:27.210+0000] {processor.py:157} INFO - Started process (PID=1470) to work on /home/airflow/.local/lib/python3.7/site-packages/airflow/example_dags/example_time_delta_sensor_async.py
[2024-11-01T18:33:27.211+0000] {processor.py:826} INFO - Processing file /home/airflow/.local/lib/python3.7/site-packages/airflow/example_dags/example_time_delta_sensor_async.py for tasks to queue
[2024-11-01T18:33:27.212+0000] {logging_mixin.py:150} INFO - [2024-11-01T18:33:27.212+0000] {dagbag.py:541} INFO - Filling up the DagBag from /home/airflow/.local/lib/python3.7/site-packages/airflow/example_dags/example_time_delta_sensor_async.py
[2024-11-01T18:33:27.215+0000] {processor.py:836} INFO - DAG(s) dict_keys(['example_time_delta_sensor_async']) retrieved from /home/airflow/.local/lib/python3.7/site-packages/airflow/example_dags/example_time_delta_sensor_async.py
[2024-11-01T18:33:27.228+0000] {logging_mixin.py:150} INFO - [2024-11-01T18:33:27.228+0000] {dag.py:2742} INFO - Sync 1 DAGs
[2024-11-01T18:33:27.241+0000] {logging_mixin.py:150} INFO - [2024-11-01T18:33:27.241+0000] {dag.py:3508} INFO - Setting next_dagrun for example_time_delta_sensor_async to None, run_after=None
[2024-11-01T18:33:27.290+0000] {processor.py:179} INFO - Processing /home/airflow/.local/lib/python3.7/site-packages/airflow/example_dags/example_time_delta_sensor_async.py took 0.083 seconds
[2024-11-01T18:33:57.771+0000] {processor.py:157} INFO - Started process (PID=1531) to work on /home/airflow/.local/lib/python3.7/site-packages/airflow/example_dags/example_time_delta_sensor_async.py
[2024-11-01T18:33:57.773+0000] {processor.py:826} INFO - Processing file /home/airflow/.local/lib/python3.7/site-packages/airflow/example_dags/example_time_delta_sensor_async.py for tasks to queue
[2024-11-01T18:33:57.773+0000] {logging_mixin.py:150} INFO - [2024-11-01T18:33:57.773+0000] {dagbag.py:541} INFO - Filling up the DagBag from /home/airflow/.local/lib/python3.7/site-packages/airflow/example_dags/example_time_delta_sensor_async.py
[2024-11-01T18:33:57.776+0000] {processor.py:836} INFO - DAG(s) dict_keys(['example_time_delta_sensor_async']) retrieved from /home/airflow/.local/lib/python3.7/site-packages/airflow/example_dags/example_time_delta_sensor_async.py
[2024-11-01T18:33:57.795+0000] {logging_mixin.py:150} INFO - [2024-11-01T18:33:57.794+0000] {dag.py:2742} INFO - Sync 1 DAGs
[2024-11-01T18:33:57.808+0000] {logging_mixin.py:150} INFO - [2024-11-01T18:33:57.808+0000] {dag.py:3508} INFO - Setting next_dagrun for example_time_delta_sensor_async to None, run_after=None
[2024-11-01T18:33:57.820+0000] {processor.py:179} INFO - Processing /home/airflow/.local/lib/python3.7/site-packages/airflow/example_dags/example_time_delta_sensor_async.py took 0.050 seconds
[2024-11-01T18:34:28.382+0000] {processor.py:157} INFO - Started process (PID=1593) to work on /home/airflow/.local/lib/python3.7/site-packages/airflow/example_dags/example_time_delta_sensor_async.py
[2024-11-01T18:34:28.384+0000] {processor.py:826} INFO - Processing file /home/airflow/.local/lib/python3.7/site-packages/airflow/example_dags/example_time_delta_sensor_async.py for tasks to queue
[2024-11-01T18:34:28.386+0000] {logging_mixin.py:150} INFO - [2024-11-01T18:34:28.386+0000] {dagbag.py:541} INFO - Filling up the DagBag from /home/airflow/.local/lib/python3.7/site-packages/airflow/example_dags/example_time_delta_sensor_async.py
[2024-11-01T18:34:28.389+0000] {processor.py:836} INFO - DAG(s) dict_keys(['example_time_delta_sensor_async']) retrieved from /home/airflow/.local/lib/python3.7/site-packages/airflow/example_dags/example_time_delta_sensor_async.py
[2024-11-01T18:34:28.405+0000] {logging_mixin.py:150} INFO - [2024-11-01T18:34:28.404+0000] {dag.py:2742} INFO - Sync 1 DAGs
[2024-11-01T18:34:28.421+0000] {logging_mixin.py:150} INFO - [2024-11-01T18:34:28.421+0000] {dag.py:3508} INFO - Setting next_dagrun for example_time_delta_sensor_async to None, run_after=None
[2024-11-01T18:34:28.430+0000] {processor.py:179} INFO - Processing /home/airflow/.local/lib/python3.7/site-packages/airflow/example_dags/example_time_delta_sensor_async.py took 0.049 seconds
[2024-11-01T18:34:58.826+0000] {processor.py:157} INFO - Started process (PID=1655) to work on /home/airflow/.local/lib/python3.7/site-packages/airflow/example_dags/example_time_delta_sensor_async.py
[2024-11-01T18:34:58.826+0000] {processor.py:826} INFO - Processing file /home/airflow/.local/lib/python3.7/site-packages/airflow/example_dags/example_time_delta_sensor_async.py for tasks to queue
[2024-11-01T18:34:58.827+0000] {logging_mixin.py:150} INFO - [2024-11-01T18:34:58.827+0000] {dagbag.py:541} INFO - Filling up the DagBag from /home/airflow/.local/lib/python3.7/site-packages/airflow/example_dags/example_time_delta_sensor_async.py
[2024-11-01T18:34:58.830+0000] {processor.py:836} INFO - DAG(s) dict_keys(['example_time_delta_sensor_async']) retrieved from /home/airflow/.local/lib/python3.7/site-packages/airflow/example_dags/example_time_delta_sensor_async.py
[2024-11-01T18:34:58.842+0000] {logging_mixin.py:150} INFO - [2024-11-01T18:34:58.842+0000] {dag.py:2742} INFO - Sync 1 DAGs
[2024-11-01T18:34:58.855+0000] {logging_mixin.py:150} INFO - [2024-11-01T18:34:58.855+0000] {dag.py:3508} INFO - Setting next_dagrun for example_time_delta_sensor_async to None, run_after=None
[2024-11-01T18:34:58.863+0000] {processor.py:179} INFO - Processing /home/airflow/.local/lib/python3.7/site-packages/airflow/example_dags/example_time_delta_sensor_async.py took 0.040 seconds
[2024-11-01T18:35:29.388+0000] {processor.py:157} INFO - Started process (PID=1717) to work on /home/airflow/.local/lib/python3.7/site-packages/airflow/example_dags/example_time_delta_sensor_async.py
[2024-11-01T18:35:29.390+0000] {processor.py:826} INFO - Processing file /home/airflow/.local/lib/python3.7/site-packages/airflow/example_dags/example_time_delta_sensor_async.py for tasks to queue
[2024-11-01T18:35:29.390+0000] {logging_mixin.py:150} INFO - [2024-11-01T18:35:29.390+0000] {dagbag.py:541} INFO - Filling up the DagBag from /home/airflow/.local/lib/python3.7/site-packages/airflow/example_dags/example_time_delta_sensor_async.py
[2024-11-01T18:35:29.394+0000] {processor.py:836} INFO - DAG(s) dict_keys(['example_time_delta_sensor_async']) retrieved from /home/airflow/.local/lib/python3.7/site-packages/airflow/example_dags/example_time_delta_sensor_async.py
[2024-11-01T18:35:29.409+0000] {logging_mixin.py:150} INFO - [2024-11-01T18:35:29.409+0000] {dag.py:2742} INFO - Sync 1 DAGs
[2024-11-01T18:35:29.423+0000] {logging_mixin.py:150} INFO - [2024-11-01T18:35:29.423+0000] {dag.py:3508} INFO - Setting next_dagrun for example_time_delta_sensor_async to None, run_after=None
[2024-11-01T18:35:29.431+0000] {processor.py:179} INFO - Processing /home/airflow/.local/lib/python3.7/site-packages/airflow/example_dags/example_time_delta_sensor_async.py took 0.045 seconds
[2024-11-01T18:36:02.360+0000] {processor.py:157} INFO - Started process (PID=1779) to work on /home/airflow/.local/lib/python3.7/site-packages/airflow/example_dags/example_time_delta_sensor_async.py
[2024-11-01T18:36:02.362+0000] {processor.py:826} INFO - Processing file /home/airflow/.local/lib/python3.7/site-packages/airflow/example_dags/example_time_delta_sensor_async.py for tasks to queue
[2024-11-01T18:36:02.364+0000] {logging_mixin.py:150} INFO - [2024-11-01T18:36:02.363+0000] {dagbag.py:541} INFO - Filling up the DagBag from /home/airflow/.local/lib/python3.7/site-packages/airflow/example_dags/example_time_delta_sensor_async.py
[2024-11-01T18:36:02.384+0000] {processor.py:836} INFO - DAG(s) dict_keys(['example_time_delta_sensor_async']) retrieved from /home/airflow/.local/lib/python3.7/site-packages/airflow/example_dags/example_time_delta_sensor_async.py
[2024-11-01T18:36:02.450+0000] {logging_mixin.py:150} INFO - [2024-11-01T18:36:02.449+0000] {dag.py:2742} INFO - Sync 1 DAGs
[2024-11-01T18:36:02.485+0000] {logging_mixin.py:150} INFO - [2024-11-01T18:36:02.484+0000] {dag.py:3508} INFO - Setting next_dagrun for example_time_delta_sensor_async to None, run_after=None
[2024-11-01T18:36:02.531+0000] {processor.py:179} INFO - Processing /home/airflow/.local/lib/python3.7/site-packages/airflow/example_dags/example_time_delta_sensor_async.py took 0.177 seconds
[2024-11-01T18:36:32.666+0000] {processor.py:157} INFO - Started process (PID=1841) to work on /home/airflow/.local/lib/python3.7/site-packages/airflow/example_dags/example_time_delta_sensor_async.py
[2024-11-01T18:36:32.672+0000] {processor.py:826} INFO - Processing file /home/airflow/.local/lib/python3.7/site-packages/airflow/example_dags/example_time_delta_sensor_async.py for tasks to queue
[2024-11-01T18:36:32.673+0000] {logging_mixin.py:150} INFO - [2024-11-01T18:36:32.673+0000] {dagbag.py:541} INFO - Filling up the DagBag from /home/airflow/.local/lib/python3.7/site-packages/airflow/example_dags/example_time_delta_sensor_async.py
[2024-11-01T18:36:32.676+0000] {processor.py:836} INFO - DAG(s) dict_keys(['example_time_delta_sensor_async']) retrieved from /home/airflow/.local/lib/python3.7/site-packages/airflow/example_dags/example_time_delta_sensor_async.py
[2024-11-01T18:36:32.695+0000] {logging_mixin.py:150} INFO - [2024-11-01T18:36:32.695+0000] {dag.py:2742} INFO - Sync 1 DAGs
[2024-11-01T18:36:32.713+0000] {logging_mixin.py:150} INFO - [2024-11-01T18:36:32.713+0000] {dag.py:3508} INFO - Setting next_dagrun for example_time_delta_sensor_async to None, run_after=None
[2024-11-01T18:36:32.730+0000] {processor.py:179} INFO - Processing /home/airflow/.local/lib/python3.7/site-packages/airflow/example_dags/example_time_delta_sensor_async.py took 0.067 seconds
[2024-11-01T18:37:02.778+0000] {processor.py:157} INFO - Started process (PID=1903) to work on /home/airflow/.local/lib/python3.7/site-packages/airflow/example_dags/example_time_delta_sensor_async.py
[2024-11-01T18:37:02.779+0000] {processor.py:826} INFO - Processing file /home/airflow/.local/lib/python3.7/site-packages/airflow/example_dags/example_time_delta_sensor_async.py for tasks to queue
[2024-11-01T18:37:02.779+0000] {logging_mixin.py:150} INFO - [2024-11-01T18:37:02.779+0000] {dagbag.py:541} INFO - Filling up the DagBag from /home/airflow/.local/lib/python3.7/site-packages/airflow/example_dags/example_time_delta_sensor_async.py
[2024-11-01T18:37:02.782+0000] {processor.py:836} INFO - DAG(s) dict_keys(['example_time_delta_sensor_async']) retrieved from /home/airflow/.local/lib/python3.7/site-packages/airflow/example_dags/example_time_delta_sensor_async.py
[2024-11-01T18:37:02.793+0000] {logging_mixin.py:150} INFO - [2024-11-01T18:37:02.793+0000] {dag.py:2742} INFO - Sync 1 DAGs
[2024-11-01T18:37:02.804+0000] {logging_mixin.py:150} INFO - [2024-11-01T18:37:02.804+0000] {dag.py:3508} INFO - Setting next_dagrun for example_time_delta_sensor_async to None, run_after=None
[2024-11-01T18:37:02.812+0000] {processor.py:179} INFO - Processing /home/airflow/.local/lib/python3.7/site-packages/airflow/example_dags/example_time_delta_sensor_async.py took 0.035 seconds
[2024-11-01T18:37:33.351+0000] {processor.py:157} INFO - Started process (PID=1964) to work on /home/airflow/.local/lib/python3.7/site-packages/airflow/example_dags/example_time_delta_sensor_async.py
[2024-11-01T18:37:33.353+0000] {processor.py:826} INFO - Processing file /home/airflow/.local/lib/python3.7/site-packages/airflow/example_dags/example_time_delta_sensor_async.py for tasks to queue
[2024-11-01T18:37:33.355+0000] {logging_mixin.py:150} INFO - [2024-11-01T18:37:33.355+0000] {dagbag.py:541} INFO - Filling up the DagBag from /home/airflow/.local/lib/python3.7/site-packages/airflow/example_dags/example_time_delta_sensor_async.py
[2024-11-01T18:37:33.358+0000] {processor.py:836} INFO - DAG(s) dict_keys(['example_time_delta_sensor_async']) retrieved from /home/airflow/.local/lib/python3.7/site-packages/airflow/example_dags/example_time_delta_sensor_async.py
[2024-11-01T18:37:33.377+0000] {logging_mixin.py:150} INFO - [2024-11-01T18:37:33.377+0000] {dag.py:2742} INFO - Sync 1 DAGs
[2024-11-01T18:37:33.394+0000] {logging_mixin.py:150} INFO - [2024-11-01T18:37:33.394+0000] {dag.py:3508} INFO - Setting next_dagrun for example_time_delta_sensor_async to None, run_after=None
[2024-11-01T18:37:33.403+0000] {processor.py:179} INFO - Processing /home/airflow/.local/lib/python3.7/site-packages/airflow/example_dags/example_time_delta_sensor_async.py took 0.054 seconds
[2024-11-01T18:38:08.697+0000] {processor.py:157} INFO - Started process (PID=2026) to work on /home/airflow/.local/lib/python3.7/site-packages/airflow/example_dags/example_time_delta_sensor_async.py
[2024-11-01T18:38:08.698+0000] {processor.py:826} INFO - Processing file /home/airflow/.local/lib/python3.7/site-packages/airflow/example_dags/example_time_delta_sensor_async.py for tasks to queue
[2024-11-01T18:38:08.699+0000] {logging_mixin.py:150} INFO - [2024-11-01T18:38:08.699+0000] {dagbag.py:541} INFO - Filling up the DagBag from /home/airflow/.local/lib/python3.7/site-packages/airflow/example_dags/example_time_delta_sensor_async.py
[2024-11-01T18:38:08.704+0000] {processor.py:836} INFO - DAG(s) dict_keys(['example_time_delta_sensor_async']) retrieved from /home/airflow/.local/lib/python3.7/site-packages/airflow/example_dags/example_time_delta_sensor_async.py
[2024-11-01T18:38:08.725+0000] {logging_mixin.py:150} INFO - [2024-11-01T18:38:08.725+0000] {dag.py:2742} INFO - Sync 1 DAGs
[2024-11-01T18:38:08.739+0000] {logging_mixin.py:150} INFO - [2024-11-01T18:38:08.739+0000] {dag.py:3508} INFO - Setting next_dagrun for example_time_delta_sensor_async to None, run_after=None
[2024-11-01T18:38:08.750+0000] {processor.py:179} INFO - Processing /home/airflow/.local/lib/python3.7/site-packages/airflow/example_dags/example_time_delta_sensor_async.py took 0.056 seconds
[2024-11-01T18:38:39.351+0000] {processor.py:157} INFO - Started process (PID=2088) to work on /home/airflow/.local/lib/python3.7/site-packages/airflow/example_dags/example_time_delta_sensor_async.py
[2024-11-01T18:38:39.353+0000] {processor.py:826} INFO - Processing file /home/airflow/.local/lib/python3.7/site-packages/airflow/example_dags/example_time_delta_sensor_async.py for tasks to queue
[2024-11-01T18:38:39.353+0000] {logging_mixin.py:150} INFO - [2024-11-01T18:38:39.353+0000] {dagbag.py:541} INFO - Filling up the DagBag from /home/airflow/.local/lib/python3.7/site-packages/airflow/example_dags/example_time_delta_sensor_async.py
[2024-11-01T18:38:39.363+0000] {processor.py:836} INFO - DAG(s) dict_keys(['example_time_delta_sensor_async']) retrieved from /home/airflow/.local/lib/python3.7/site-packages/airflow/example_dags/example_time_delta_sensor_async.py
[2024-11-01T18:38:39.390+0000] {logging_mixin.py:150} INFO - [2024-11-01T18:38:39.390+0000] {dag.py:2742} INFO - Sync 1 DAGs
[2024-11-01T18:38:39.407+0000] {logging_mixin.py:150} INFO - [2024-11-01T18:38:39.406+0000] {dag.py:3508} INFO - Setting next_dagrun for example_time_delta_sensor_async to None, run_after=None
[2024-11-01T18:38:39.541+0000] {processor.py:179} INFO - Processing /home/airflow/.local/lib/python3.7/site-packages/airflow/example_dags/example_time_delta_sensor_async.py took 0.191 seconds
[2024-11-01T18:39:12.845+0000] {processor.py:157} INFO - Started process (PID=2157) to work on /home/airflow/.local/lib/python3.7/site-packages/airflow/example_dags/example_time_delta_sensor_async.py
[2024-11-01T18:39:12.846+0000] {processor.py:826} INFO - Processing file /home/airflow/.local/lib/python3.7/site-packages/airflow/example_dags/example_time_delta_sensor_async.py for tasks to queue
[2024-11-01T18:39:12.846+0000] {logging_mixin.py:150} INFO - [2024-11-01T18:39:12.846+0000] {dagbag.py:541} INFO - Filling up the DagBag from /home/airflow/.local/lib/python3.7/site-packages/airflow/example_dags/example_time_delta_sensor_async.py
[2024-11-01T18:39:12.851+0000] {processor.py:836} INFO - DAG(s) dict_keys(['example_time_delta_sensor_async']) retrieved from /home/airflow/.local/lib/python3.7/site-packages/airflow/example_dags/example_time_delta_sensor_async.py
[2024-11-01T18:39:12.894+0000] {logging_mixin.py:150} INFO - [2024-11-01T18:39:12.894+0000] {dag.py:2742} INFO - Sync 1 DAGs
[2024-11-01T18:39:12.970+0000] {logging_mixin.py:150} INFO - [2024-11-01T18:39:12.970+0000] {dag.py:3508} INFO - Setting next_dagrun for example_time_delta_sensor_async to None, run_after=None
[2024-11-01T18:39:13.019+0000] {processor.py:179} INFO - Processing /home/airflow/.local/lib/python3.7/site-packages/airflow/example_dags/example_time_delta_sensor_async.py took 0.179 seconds
[2024-11-01T18:39:43.568+0000] {processor.py:157} INFO - Started process (PID=2219) to work on /home/airflow/.local/lib/python3.7/site-packages/airflow/example_dags/example_time_delta_sensor_async.py
[2024-11-01T18:39:43.569+0000] {processor.py:826} INFO - Processing file /home/airflow/.local/lib/python3.7/site-packages/airflow/example_dags/example_time_delta_sensor_async.py for tasks to queue
[2024-11-01T18:39:43.570+0000] {logging_mixin.py:150} INFO - [2024-11-01T18:39:43.570+0000] {dagbag.py:541} INFO - Filling up the DagBag from /home/airflow/.local/lib/python3.7/site-packages/airflow/example_dags/example_time_delta_sensor_async.py
[2024-11-01T18:39:43.575+0000] {processor.py:836} INFO - DAG(s) dict_keys(['example_time_delta_sensor_async']) retrieved from /home/airflow/.local/lib/python3.7/site-packages/airflow/example_dags/example_time_delta_sensor_async.py
[2024-11-01T18:39:43.595+0000] {logging_mixin.py:150} INFO - [2024-11-01T18:39:43.595+0000] {dag.py:2742} INFO - Sync 1 DAGs
[2024-11-01T18:39:43.609+0000] {logging_mixin.py:150} INFO - [2024-11-01T18:39:43.609+0000] {dag.py:3508} INFO - Setting next_dagrun for example_time_delta_sensor_async to None, run_after=None
[2024-11-01T18:39:43.619+0000] {processor.py:179} INFO - Processing /home/airflow/.local/lib/python3.7/site-packages/airflow/example_dags/example_time_delta_sensor_async.py took 0.054 seconds
[2024-11-01T18:40:14.551+0000] {processor.py:157} INFO - Started process (PID=2281) to work on /home/airflow/.local/lib/python3.7/site-packages/airflow/example_dags/example_time_delta_sensor_async.py
[2024-11-01T18:40:14.554+0000] {processor.py:826} INFO - Processing file /home/airflow/.local/lib/python3.7/site-packages/airflow/example_dags/example_time_delta_sensor_async.py for tasks to queue
[2024-11-01T18:40:14.556+0000] {logging_mixin.py:150} INFO - [2024-11-01T18:40:14.556+0000] {dagbag.py:541} INFO - Filling up the DagBag from /home/airflow/.local/lib/python3.7/site-packages/airflow/example_dags/example_time_delta_sensor_async.py
[2024-11-01T18:40:14.671+0000] {processor.py:836} INFO - DAG(s) dict_keys(['example_time_delta_sensor_async']) retrieved from /home/airflow/.local/lib/python3.7/site-packages/airflow/example_dags/example_time_delta_sensor_async.py
[2024-11-01T18:40:14.799+0000] {logging_mixin.py:150} INFO - [2024-11-01T18:40:14.799+0000] {dag.py:2742} INFO - Sync 1 DAGs
[2024-11-01T18:40:14.907+0000] {logging_mixin.py:150} INFO - [2024-11-01T18:40:14.907+0000] {dag.py:3508} INFO - Setting next_dagrun for example_time_delta_sensor_async to None, run_after=None
[2024-11-01T18:40:14.919+0000] {processor.py:179} INFO - Processing /home/airflow/.local/lib/python3.7/site-packages/airflow/example_dags/example_time_delta_sensor_async.py took 0.374 seconds
[2024-11-01T18:40:51.442+0000] {processor.py:157} INFO - Started process (PID=2343) to work on /home/airflow/.local/lib/python3.7/site-packages/airflow/example_dags/example_time_delta_sensor_async.py
[2024-11-01T18:40:51.450+0000] {processor.py:826} INFO - Processing file /home/airflow/.local/lib/python3.7/site-packages/airflow/example_dags/example_time_delta_sensor_async.py for tasks to queue
[2024-11-01T18:40:51.452+0000] {logging_mixin.py:150} INFO - [2024-11-01T18:40:51.452+0000] {dagbag.py:541} INFO - Filling up the DagBag from /home/airflow/.local/lib/python3.7/site-packages/airflow/example_dags/example_time_delta_sensor_async.py
[2024-11-01T18:40:51.462+0000] {processor.py:836} INFO - DAG(s) dict_keys(['example_time_delta_sensor_async']) retrieved from /home/airflow/.local/lib/python3.7/site-packages/airflow/example_dags/example_time_delta_sensor_async.py
[2024-11-01T18:40:51.507+0000] {logging_mixin.py:150} INFO - [2024-11-01T18:40:51.506+0000] {dag.py:2742} INFO - Sync 1 DAGs
[2024-11-01T18:40:51.541+0000] {logging_mixin.py:150} INFO - [2024-11-01T18:40:51.541+0000] {dag.py:3508} INFO - Setting next_dagrun for example_time_delta_sensor_async to None, run_after=None
[2024-11-01T18:40:51.557+0000] {processor.py:179} INFO - Processing /home/airflow/.local/lib/python3.7/site-packages/airflow/example_dags/example_time_delta_sensor_async.py took 0.130 seconds
[2024-11-01T18:41:24.031+0000] {processor.py:157} INFO - Started process (PID=2405) to work on /home/airflow/.local/lib/python3.7/site-packages/airflow/example_dags/example_time_delta_sensor_async.py
[2024-11-01T18:41:24.032+0000] {processor.py:826} INFO - Processing file /home/airflow/.local/lib/python3.7/site-packages/airflow/example_dags/example_time_delta_sensor_async.py for tasks to queue
[2024-11-01T18:41:24.033+0000] {logging_mixin.py:150} INFO - [2024-11-01T18:41:24.033+0000] {dagbag.py:541} INFO - Filling up the DagBag from /home/airflow/.local/lib/python3.7/site-packages/airflow/example_dags/example_time_delta_sensor_async.py
[2024-11-01T18:41:24.040+0000] {processor.py:836} INFO - DAG(s) dict_keys(['example_time_delta_sensor_async']) retrieved from /home/airflow/.local/lib/python3.7/site-packages/airflow/example_dags/example_time_delta_sensor_async.py
[2024-11-01T18:41:24.089+0000] {logging_mixin.py:150} INFO - [2024-11-01T18:41:24.089+0000] {dag.py:2742} INFO - Sync 1 DAGs
[2024-11-01T18:41:24.132+0000] {logging_mixin.py:150} INFO - [2024-11-01T18:41:24.131+0000] {dag.py:3508} INFO - Setting next_dagrun for example_time_delta_sensor_async to None, run_after=None
[2024-11-01T18:41:24.151+0000] {processor.py:179} INFO - Processing /home/airflow/.local/lib/python3.7/site-packages/airflow/example_dags/example_time_delta_sensor_async.py took 0.123 seconds
[2024-11-01T18:41:55.941+0000] {processor.py:157} INFO - Started process (PID=2467) to work on /home/airflow/.local/lib/python3.7/site-packages/airflow/example_dags/example_time_delta_sensor_async.py
[2024-11-01T18:41:55.949+0000] {processor.py:826} INFO - Processing file /home/airflow/.local/lib/python3.7/site-packages/airflow/example_dags/example_time_delta_sensor_async.py for tasks to queue
[2024-11-01T18:41:55.951+0000] {logging_mixin.py:150} INFO - [2024-11-01T18:41:55.950+0000] {dagbag.py:541} INFO - Filling up the DagBag from /home/airflow/.local/lib/python3.7/site-packages/airflow/example_dags/example_time_delta_sensor_async.py
[2024-11-01T18:41:55.958+0000] {processor.py:836} INFO - DAG(s) dict_keys(['example_time_delta_sensor_async']) retrieved from /home/airflow/.local/lib/python3.7/site-packages/airflow/example_dags/example_time_delta_sensor_async.py
[2024-11-01T18:41:55.989+0000] {logging_mixin.py:150} INFO - [2024-11-01T18:41:55.989+0000] {dag.py:2742} INFO - Sync 1 DAGs
[2024-11-01T18:41:56.009+0000] {logging_mixin.py:150} INFO - [2024-11-01T18:41:56.009+0000] {dag.py:3508} INFO - Setting next_dagrun for example_time_delta_sensor_async to None, run_after=None
[2024-11-01T18:41:56.021+0000] {processor.py:179} INFO - Processing /home/airflow/.local/lib/python3.7/site-packages/airflow/example_dags/example_time_delta_sensor_async.py took 0.086 seconds
[2024-11-01T18:42:27.675+0000] {processor.py:157} INFO - Started process (PID=2529) to work on /home/airflow/.local/lib/python3.7/site-packages/airflow/example_dags/example_time_delta_sensor_async.py
[2024-11-01T18:42:27.676+0000] {processor.py:826} INFO - Processing file /home/airflow/.local/lib/python3.7/site-packages/airflow/example_dags/example_time_delta_sensor_async.py for tasks to queue
[2024-11-01T18:42:27.676+0000] {logging_mixin.py:150} INFO - [2024-11-01T18:42:27.676+0000] {dagbag.py:541} INFO - Filling up the DagBag from /home/airflow/.local/lib/python3.7/site-packages/airflow/example_dags/example_time_delta_sensor_async.py
[2024-11-01T18:42:27.683+0000] {processor.py:836} INFO - DAG(s) dict_keys(['example_time_delta_sensor_async']) retrieved from /home/airflow/.local/lib/python3.7/site-packages/airflow/example_dags/example_time_delta_sensor_async.py
[2024-11-01T18:42:27.702+0000] {logging_mixin.py:150} INFO - [2024-11-01T18:42:27.701+0000] {dag.py:2742} INFO - Sync 1 DAGs
[2024-11-01T18:42:27.714+0000] {logging_mixin.py:150} INFO - [2024-11-01T18:42:27.714+0000] {dag.py:3508} INFO - Setting next_dagrun for example_time_delta_sensor_async to None, run_after=None
[2024-11-01T18:42:27.724+0000] {processor.py:179} INFO - Processing /home/airflow/.local/lib/python3.7/site-packages/airflow/example_dags/example_time_delta_sensor_async.py took 0.052 seconds
[2024-11-01T18:43:07.537+0000] {processor.py:157} INFO - Started process (PID=2591) to work on /home/airflow/.local/lib/python3.7/site-packages/airflow/example_dags/example_time_delta_sensor_async.py
[2024-11-01T18:43:07.539+0000] {processor.py:826} INFO - Processing file /home/airflow/.local/lib/python3.7/site-packages/airflow/example_dags/example_time_delta_sensor_async.py for tasks to queue
[2024-11-01T18:43:07.540+0000] {logging_mixin.py:150} INFO - [2024-11-01T18:43:07.540+0000] {dagbag.py:541} INFO - Filling up the DagBag from /home/airflow/.local/lib/python3.7/site-packages/airflow/example_dags/example_time_delta_sensor_async.py
[2024-11-01T18:43:07.586+0000] {processor.py:836} INFO - DAG(s) dict_keys(['example_time_delta_sensor_async']) retrieved from /home/airflow/.local/lib/python3.7/site-packages/airflow/example_dags/example_time_delta_sensor_async.py
[2024-11-01T18:43:07.671+0000] {logging_mixin.py:150} INFO - [2024-11-01T18:43:07.670+0000] {dag.py:2742} INFO - Sync 1 DAGs
[2024-11-01T18:43:07.732+0000] {logging_mixin.py:150} INFO - [2024-11-01T18:43:07.732+0000] {dag.py:3508} INFO - Setting next_dagrun for example_time_delta_sensor_async to None, run_after=None
[2024-11-01T18:43:07.753+0000] {processor.py:179} INFO - Processing /home/airflow/.local/lib/python3.7/site-packages/airflow/example_dags/example_time_delta_sensor_async.py took 0.235 seconds
[2024-11-01T18:43:39.092+0000] {processor.py:157} INFO - Started process (PID=2653) to work on /home/airflow/.local/lib/python3.7/site-packages/airflow/example_dags/example_time_delta_sensor_async.py
[2024-11-01T18:43:39.094+0000] {processor.py:826} INFO - Processing file /home/airflow/.local/lib/python3.7/site-packages/airflow/example_dags/example_time_delta_sensor_async.py for tasks to queue
[2024-11-01T18:43:39.096+0000] {logging_mixin.py:150} INFO - [2024-11-01T18:43:39.095+0000] {dagbag.py:541} INFO - Filling up the DagBag from /home/airflow/.local/lib/python3.7/site-packages/airflow/example_dags/example_time_delta_sensor_async.py
[2024-11-01T18:43:39.102+0000] {processor.py:836} INFO - DAG(s) dict_keys(['example_time_delta_sensor_async']) retrieved from /home/airflow/.local/lib/python3.7/site-packages/airflow/example_dags/example_time_delta_sensor_async.py
[2024-11-01T18:43:39.120+0000] {logging_mixin.py:150} INFO - [2024-11-01T18:43:39.120+0000] {dag.py:2742} INFO - Sync 1 DAGs
[2024-11-01T18:43:39.135+0000] {logging_mixin.py:150} INFO - [2024-11-01T18:43:39.135+0000] {dag.py:3508} INFO - Setting next_dagrun for example_time_delta_sensor_async to None, run_after=None
[2024-11-01T18:43:39.144+0000] {processor.py:179} INFO - Processing /home/airflow/.local/lib/python3.7/site-packages/airflow/example_dags/example_time_delta_sensor_async.py took 0.056 seconds
[2024-11-01T18:44:10.385+0000] {processor.py:157} INFO - Started process (PID=2715) to work on /home/airflow/.local/lib/python3.7/site-packages/airflow/example_dags/example_time_delta_sensor_async.py
[2024-11-01T18:44:10.386+0000] {processor.py:826} INFO - Processing file /home/airflow/.local/lib/python3.7/site-packages/airflow/example_dags/example_time_delta_sensor_async.py for tasks to queue
[2024-11-01T18:44:10.387+0000] {logging_mixin.py:150} INFO - [2024-11-01T18:44:10.387+0000] {dagbag.py:541} INFO - Filling up the DagBag from /home/airflow/.local/lib/python3.7/site-packages/airflow/example_dags/example_time_delta_sensor_async.py
[2024-11-01T18:44:10.393+0000] {processor.py:836} INFO - DAG(s) dict_keys(['example_time_delta_sensor_async']) retrieved from /home/airflow/.local/lib/python3.7/site-packages/airflow/example_dags/example_time_delta_sensor_async.py
[2024-11-01T18:44:10.416+0000] {logging_mixin.py:150} INFO - [2024-11-01T18:44:10.416+0000] {dag.py:2742} INFO - Sync 1 DAGs
[2024-11-01T18:44:10.431+0000] {logging_mixin.py:150} INFO - [2024-11-01T18:44:10.431+0000] {dag.py:3508} INFO - Setting next_dagrun for example_time_delta_sensor_async to None, run_after=None
[2024-11-01T18:44:10.443+0000] {processor.py:179} INFO - Processing /home/airflow/.local/lib/python3.7/site-packages/airflow/example_dags/example_time_delta_sensor_async.py took 0.061 seconds
[2024-11-01T18:44:42.052+0000] {processor.py:157} INFO - Started process (PID=2792) to work on /home/airflow/.local/lib/python3.7/site-packages/airflow/example_dags/example_time_delta_sensor_async.py
[2024-11-01T18:44:42.053+0000] {processor.py:826} INFO - Processing file /home/airflow/.local/lib/python3.7/site-packages/airflow/example_dags/example_time_delta_sensor_async.py for tasks to queue
[2024-11-01T18:44:42.053+0000] {logging_mixin.py:150} INFO - [2024-11-01T18:44:42.053+0000] {dagbag.py:541} INFO - Filling up the DagBag from /home/airflow/.local/lib/python3.7/site-packages/airflow/example_dags/example_time_delta_sensor_async.py
[2024-11-01T18:44:42.056+0000] {processor.py:836} INFO - DAG(s) dict_keys(['example_time_delta_sensor_async']) retrieved from /home/airflow/.local/lib/python3.7/site-packages/airflow/example_dags/example_time_delta_sensor_async.py
[2024-11-01T18:44:42.067+0000] {logging_mixin.py:150} INFO - [2024-11-01T18:44:42.067+0000] {dag.py:2742} INFO - Sync 1 DAGs
[2024-11-01T18:44:42.079+0000] {logging_mixin.py:150} INFO - [2024-11-01T18:44:42.079+0000] {dag.py:3508} INFO - Setting next_dagrun for example_time_delta_sensor_async to None, run_after=None
[2024-11-01T18:44:42.087+0000] {processor.py:179} INFO - Processing /home/airflow/.local/lib/python3.7/site-packages/airflow/example_dags/example_time_delta_sensor_async.py took 0.040 seconds
[2024-11-01T18:45:12.842+0000] {processor.py:157} INFO - Started process (PID=2862) to work on /home/airflow/.local/lib/python3.7/site-packages/airflow/example_dags/example_time_delta_sensor_async.py
[2024-11-01T18:45:12.843+0000] {processor.py:826} INFO - Processing file /home/airflow/.local/lib/python3.7/site-packages/airflow/example_dags/example_time_delta_sensor_async.py for tasks to queue
[2024-11-01T18:45:12.843+0000] {logging_mixin.py:150} INFO - [2024-11-01T18:45:12.843+0000] {dagbag.py:541} INFO - Filling up the DagBag from /home/airflow/.local/lib/python3.7/site-packages/airflow/example_dags/example_time_delta_sensor_async.py
[2024-11-01T18:45:12.845+0000] {processor.py:836} INFO - DAG(s) dict_keys(['example_time_delta_sensor_async']) retrieved from /home/airflow/.local/lib/python3.7/site-packages/airflow/example_dags/example_time_delta_sensor_async.py
[2024-11-01T18:45:12.857+0000] {logging_mixin.py:150} INFO - [2024-11-01T18:45:12.857+0000] {dag.py:2742} INFO - Sync 1 DAGs
[2024-11-01T18:45:12.868+0000] {logging_mixin.py:150} INFO - [2024-11-01T18:45:12.868+0000] {dag.py:3508} INFO - Setting next_dagrun for example_time_delta_sensor_async to None, run_after=None
[2024-11-01T18:45:12.876+0000] {processor.py:179} INFO - Processing /home/airflow/.local/lib/python3.7/site-packages/airflow/example_dags/example_time_delta_sensor_async.py took 0.035 seconds
[2024-11-01T18:45:43.837+0000] {processor.py:157} INFO - Started process (PID=2931) to work on /home/airflow/.local/lib/python3.7/site-packages/airflow/example_dags/example_time_delta_sensor_async.py
[2024-11-01T18:45:43.837+0000] {processor.py:826} INFO - Processing file /home/airflow/.local/lib/python3.7/site-packages/airflow/example_dags/example_time_delta_sensor_async.py for tasks to queue
[2024-11-01T18:45:43.838+0000] {logging_mixin.py:150} INFO - [2024-11-01T18:45:43.838+0000] {dagbag.py:541} INFO - Filling up the DagBag from /home/airflow/.local/lib/python3.7/site-packages/airflow/example_dags/example_time_delta_sensor_async.py
[2024-11-01T18:45:43.840+0000] {processor.py:836} INFO - DAG(s) dict_keys(['example_time_delta_sensor_async']) retrieved from /home/airflow/.local/lib/python3.7/site-packages/airflow/example_dags/example_time_delta_sensor_async.py
[2024-11-01T18:45:43.853+0000] {logging_mixin.py:150} INFO - [2024-11-01T18:45:43.853+0000] {dag.py:2742} INFO - Sync 1 DAGs
[2024-11-01T18:45:43.878+0000] {logging_mixin.py:150} INFO - [2024-11-01T18:45:43.878+0000] {dag.py:3508} INFO - Setting next_dagrun for example_time_delta_sensor_async to None, run_after=None
[2024-11-01T18:45:43.896+0000] {processor.py:179} INFO - Processing /home/airflow/.local/lib/python3.7/site-packages/airflow/example_dags/example_time_delta_sensor_async.py took 0.061 seconds
[2024-11-01T18:46:14.820+0000] {processor.py:157} INFO - Started process (PID=2993) to work on /home/airflow/.local/lib/python3.7/site-packages/airflow/example_dags/example_time_delta_sensor_async.py
[2024-11-01T18:46:14.821+0000] {processor.py:826} INFO - Processing file /home/airflow/.local/lib/python3.7/site-packages/airflow/example_dags/example_time_delta_sensor_async.py for tasks to queue
[2024-11-01T18:46:14.821+0000] {logging_mixin.py:150} INFO - [2024-11-01T18:46:14.821+0000] {dagbag.py:541} INFO - Filling up the DagBag from /home/airflow/.local/lib/python3.7/site-packages/airflow/example_dags/example_time_delta_sensor_async.py
[2024-11-01T18:46:14.825+0000] {processor.py:836} INFO - DAG(s) dict_keys(['example_time_delta_sensor_async']) retrieved from /home/airflow/.local/lib/python3.7/site-packages/airflow/example_dags/example_time_delta_sensor_async.py
[2024-11-01T18:46:14.838+0000] {logging_mixin.py:150} INFO - [2024-11-01T18:46:14.837+0000] {dag.py:2742} INFO - Sync 1 DAGs
[2024-11-01T18:46:14.850+0000] {logging_mixin.py:150} INFO - [2024-11-01T18:46:14.850+0000] {dag.py:3508} INFO - Setting next_dagrun for example_time_delta_sensor_async to None, run_after=None
[2024-11-01T18:46:14.860+0000] {processor.py:179} INFO - Processing /home/airflow/.local/lib/python3.7/site-packages/airflow/example_dags/example_time_delta_sensor_async.py took 0.042 seconds
[2024-11-01T18:46:50.252+0000] {processor.py:157} INFO - Started process (PID=3058) to work on /home/airflow/.local/lib/python3.7/site-packages/airflow/example_dags/example_time_delta_sensor_async.py
[2024-11-01T18:46:50.254+0000] {processor.py:826} INFO - Processing file /home/airflow/.local/lib/python3.7/site-packages/airflow/example_dags/example_time_delta_sensor_async.py for tasks to queue
[2024-11-01T18:46:50.254+0000] {logging_mixin.py:150} INFO - [2024-11-01T18:46:50.254+0000] {dagbag.py:541} INFO - Filling up the DagBag from /home/airflow/.local/lib/python3.7/site-packages/airflow/example_dags/example_time_delta_sensor_async.py
[2024-11-01T18:46:50.258+0000] {processor.py:836} INFO - DAG(s) dict_keys(['example_time_delta_sensor_async']) retrieved from /home/airflow/.local/lib/python3.7/site-packages/airflow/example_dags/example_time_delta_sensor_async.py
[2024-11-01T18:46:50.310+0000] {logging_mixin.py:150} INFO - [2024-11-01T18:46:50.310+0000] {dag.py:2742} INFO - Sync 1 DAGs
[2024-11-01T18:46:50.333+0000] {logging_mixin.py:150} INFO - [2024-11-01T18:46:50.333+0000] {dag.py:3508} INFO - Setting next_dagrun for example_time_delta_sensor_async to None, run_after=None
[2024-11-01T18:46:50.347+0000] {processor.py:179} INFO - Processing /home/airflow/.local/lib/python3.7/site-packages/airflow/example_dags/example_time_delta_sensor_async.py took 0.103 seconds
[2024-11-01T18:47:20.401+0000] {processor.py:157} INFO - Started process (PID=3119) to work on /home/airflow/.local/lib/python3.7/site-packages/airflow/example_dags/example_time_delta_sensor_async.py
[2024-11-01T18:47:20.402+0000] {processor.py:826} INFO - Processing file /home/airflow/.local/lib/python3.7/site-packages/airflow/example_dags/example_time_delta_sensor_async.py for tasks to queue
[2024-11-01T18:47:20.402+0000] {logging_mixin.py:150} INFO - [2024-11-01T18:47:20.402+0000] {dagbag.py:541} INFO - Filling up the DagBag from /home/airflow/.local/lib/python3.7/site-packages/airflow/example_dags/example_time_delta_sensor_async.py
[2024-11-01T18:47:20.408+0000] {processor.py:836} INFO - DAG(s) dict_keys(['example_time_delta_sensor_async']) retrieved from /home/airflow/.local/lib/python3.7/site-packages/airflow/example_dags/example_time_delta_sensor_async.py
[2024-11-01T18:47:20.431+0000] {logging_mixin.py:150} INFO - [2024-11-01T18:47:20.431+0000] {dag.py:2742} INFO - Sync 1 DAGs
[2024-11-01T18:47:20.448+0000] {logging_mixin.py:150} INFO - [2024-11-01T18:47:20.447+0000] {dag.py:3508} INFO - Setting next_dagrun for example_time_delta_sensor_async to None, run_after=None
[2024-11-01T18:47:20.459+0000] {processor.py:179} INFO - Processing /home/airflow/.local/lib/python3.7/site-packages/airflow/example_dags/example_time_delta_sensor_async.py took 0.061 seconds
[2024-11-01T18:47:50.933+0000] {processor.py:157} INFO - Started process (PID=3182) to work on /home/airflow/.local/lib/python3.7/site-packages/airflow/example_dags/example_time_delta_sensor_async.py
[2024-11-01T18:47:50.940+0000] {processor.py:826} INFO - Processing file /home/airflow/.local/lib/python3.7/site-packages/airflow/example_dags/example_time_delta_sensor_async.py for tasks to queue
[2024-11-01T18:47:50.941+0000] {logging_mixin.py:150} INFO - [2024-11-01T18:47:50.941+0000] {dagbag.py:541} INFO - Filling up the DagBag from /home/airflow/.local/lib/python3.7/site-packages/airflow/example_dags/example_time_delta_sensor_async.py
[2024-11-01T18:47:50.949+0000] {processor.py:836} INFO - DAG(s) dict_keys(['example_time_delta_sensor_async']) retrieved from /home/airflow/.local/lib/python3.7/site-packages/airflow/example_dags/example_time_delta_sensor_async.py
[2024-11-01T18:47:50.983+0000] {logging_mixin.py:150} INFO - [2024-11-01T18:47:50.983+0000] {dag.py:2742} INFO - Sync 1 DAGs
[2024-11-01T18:47:51.009+0000] {logging_mixin.py:150} INFO - [2024-11-01T18:47:51.009+0000] {dag.py:3508} INFO - Setting next_dagrun for example_time_delta_sensor_async to None, run_after=None
[2024-11-01T18:47:51.036+0000] {processor.py:179} INFO - Processing /home/airflow/.local/lib/python3.7/site-packages/airflow/example_dags/example_time_delta_sensor_async.py took 0.124 seconds
[2024-11-01T18:48:21.111+0000] {processor.py:157} INFO - Started process (PID=3243) to work on /home/airflow/.local/lib/python3.7/site-packages/airflow/example_dags/example_time_delta_sensor_async.py
[2024-11-01T18:48:21.112+0000] {processor.py:826} INFO - Processing file /home/airflow/.local/lib/python3.7/site-packages/airflow/example_dags/example_time_delta_sensor_async.py for tasks to queue
[2024-11-01T18:48:21.113+0000] {logging_mixin.py:150} INFO - [2024-11-01T18:48:21.113+0000] {dagbag.py:541} INFO - Filling up the DagBag from /home/airflow/.local/lib/python3.7/site-packages/airflow/example_dags/example_time_delta_sensor_async.py
[2024-11-01T18:48:21.116+0000] {processor.py:836} INFO - DAG(s) dict_keys(['example_time_delta_sensor_async']) retrieved from /home/airflow/.local/lib/python3.7/site-packages/airflow/example_dags/example_time_delta_sensor_async.py
[2024-11-01T18:48:21.138+0000] {logging_mixin.py:150} INFO - [2024-11-01T18:48:21.138+0000] {dag.py:2742} INFO - Sync 1 DAGs
[2024-11-01T18:48:21.152+0000] {logging_mixin.py:150} INFO - [2024-11-01T18:48:21.152+0000] {dag.py:3508} INFO - Setting next_dagrun for example_time_delta_sensor_async to None, run_after=None
[2024-11-01T18:48:21.166+0000] {processor.py:179} INFO - Processing /home/airflow/.local/lib/python3.7/site-packages/airflow/example_dags/example_time_delta_sensor_async.py took 0.057 seconds
[2024-11-01T18:48:52.216+0000] {processor.py:157} INFO - Started process (PID=3305) to work on /home/airflow/.local/lib/python3.7/site-packages/airflow/example_dags/example_time_delta_sensor_async.py
[2024-11-01T18:48:52.219+0000] {processor.py:826} INFO - Processing file /home/airflow/.local/lib/python3.7/site-packages/airflow/example_dags/example_time_delta_sensor_async.py for tasks to queue
[2024-11-01T18:48:52.220+0000] {logging_mixin.py:150} INFO - [2024-11-01T18:48:52.220+0000] {dagbag.py:541} INFO - Filling up the DagBag from /home/airflow/.local/lib/python3.7/site-packages/airflow/example_dags/example_time_delta_sensor_async.py
[2024-11-01T18:48:52.223+0000] {processor.py:836} INFO - DAG(s) dict_keys(['example_time_delta_sensor_async']) retrieved from /home/airflow/.local/lib/python3.7/site-packages/airflow/example_dags/example_time_delta_sensor_async.py
[2024-11-01T18:48:52.251+0000] {logging_mixin.py:150} INFO - [2024-11-01T18:48:52.251+0000] {dag.py:2742} INFO - Sync 1 DAGs
[2024-11-01T18:48:52.280+0000] {logging_mixin.py:150} INFO - [2024-11-01T18:48:52.280+0000] {dag.py:3508} INFO - Setting next_dagrun for example_time_delta_sensor_async to None, run_after=None
[2024-11-01T18:48:52.293+0000] {processor.py:179} INFO - Processing /home/airflow/.local/lib/python3.7/site-packages/airflow/example_dags/example_time_delta_sensor_async.py took 0.084 seconds
[2024-11-01T18:49:24.355+0000] {processor.py:157} INFO - Started process (PID=3367) to work on /home/airflow/.local/lib/python3.7/site-packages/airflow/example_dags/example_time_delta_sensor_async.py
[2024-11-01T18:49:24.357+0000] {processor.py:826} INFO - Processing file /home/airflow/.local/lib/python3.7/site-packages/airflow/example_dags/example_time_delta_sensor_async.py for tasks to queue
[2024-11-01T18:49:24.357+0000] {logging_mixin.py:150} INFO - [2024-11-01T18:49:24.357+0000] {dagbag.py:541} INFO - Filling up the DagBag from /home/airflow/.local/lib/python3.7/site-packages/airflow/example_dags/example_time_delta_sensor_async.py
[2024-11-01T18:49:24.374+0000] {processor.py:836} INFO - DAG(s) dict_keys(['example_time_delta_sensor_async']) retrieved from /home/airflow/.local/lib/python3.7/site-packages/airflow/example_dags/example_time_delta_sensor_async.py
[2024-11-01T18:49:24.416+0000] {logging_mixin.py:150} INFO - [2024-11-01T18:49:24.416+0000] {dag.py:2742} INFO - Sync 1 DAGs
[2024-11-01T18:49:24.438+0000] {logging_mixin.py:150} INFO - [2024-11-01T18:49:24.438+0000] {dag.py:3508} INFO - Setting next_dagrun for example_time_delta_sensor_async to None, run_after=None
[2024-11-01T18:49:24.449+0000] {processor.py:179} INFO - Processing /home/airflow/.local/lib/python3.7/site-packages/airflow/example_dags/example_time_delta_sensor_async.py took 0.100 seconds
[2024-11-01T18:49:54.940+0000] {processor.py:157} INFO - Started process (PID=3429) to work on /home/airflow/.local/lib/python3.7/site-packages/airflow/example_dags/example_time_delta_sensor_async.py
[2024-11-01T18:49:54.948+0000] {processor.py:826} INFO - Processing file /home/airflow/.local/lib/python3.7/site-packages/airflow/example_dags/example_time_delta_sensor_async.py for tasks to queue
[2024-11-01T18:49:54.949+0000] {logging_mixin.py:150} INFO - [2024-11-01T18:49:54.949+0000] {dagbag.py:541} INFO - Filling up the DagBag from /home/airflow/.local/lib/python3.7/site-packages/airflow/example_dags/example_time_delta_sensor_async.py
[2024-11-01T18:49:54.955+0000] {processor.py:836} INFO - DAG(s) dict_keys(['example_time_delta_sensor_async']) retrieved from /home/airflow/.local/lib/python3.7/site-packages/airflow/example_dags/example_time_delta_sensor_async.py
[2024-11-01T18:49:54.989+0000] {logging_mixin.py:150} INFO - [2024-11-01T18:49:54.989+0000] {dag.py:2742} INFO - Sync 1 DAGs
[2024-11-01T18:49:55.050+0000] {logging_mixin.py:150} INFO - [2024-11-01T18:49:55.050+0000] {dag.py:3508} INFO - Setting next_dagrun for example_time_delta_sensor_async to None, run_after=None
[2024-11-01T18:49:55.080+0000] {processor.py:179} INFO - Processing /home/airflow/.local/lib/python3.7/site-packages/airflow/example_dags/example_time_delta_sensor_async.py took 0.169 seconds
[2024-11-01T18:50:25.260+0000] {processor.py:157} INFO - Started process (PID=3491) to work on /home/airflow/.local/lib/python3.7/site-packages/airflow/example_dags/example_time_delta_sensor_async.py
[2024-11-01T18:50:25.260+0000] {processor.py:826} INFO - Processing file /home/airflow/.local/lib/python3.7/site-packages/airflow/example_dags/example_time_delta_sensor_async.py for tasks to queue
[2024-11-01T18:50:25.263+0000] {logging_mixin.py:150} INFO - [2024-11-01T18:50:25.263+0000] {dagbag.py:541} INFO - Filling up the DagBag from /home/airflow/.local/lib/python3.7/site-packages/airflow/example_dags/example_time_delta_sensor_async.py
[2024-11-01T18:50:25.267+0000] {processor.py:836} INFO - DAG(s) dict_keys(['example_time_delta_sensor_async']) retrieved from /home/airflow/.local/lib/python3.7/site-packages/airflow/example_dags/example_time_delta_sensor_async.py
[2024-11-01T18:50:25.282+0000] {logging_mixin.py:150} INFO - [2024-11-01T18:50:25.282+0000] {dag.py:2742} INFO - Sync 1 DAGs
[2024-11-01T18:50:25.296+0000] {logging_mixin.py:150} INFO - [2024-11-01T18:50:25.296+0000] {dag.py:3508} INFO - Setting next_dagrun for example_time_delta_sensor_async to None, run_after=None
[2024-11-01T18:50:25.305+0000] {processor.py:179} INFO - Processing /home/airflow/.local/lib/python3.7/site-packages/airflow/example_dags/example_time_delta_sensor_async.py took 0.047 seconds
[2024-11-01T18:50:56.190+0000] {processor.py:157} INFO - Started process (PID=3553) to work on /home/airflow/.local/lib/python3.7/site-packages/airflow/example_dags/example_time_delta_sensor_async.py
[2024-11-01T18:50:56.191+0000] {processor.py:826} INFO - Processing file /home/airflow/.local/lib/python3.7/site-packages/airflow/example_dags/example_time_delta_sensor_async.py for tasks to queue
[2024-11-01T18:50:56.192+0000] {logging_mixin.py:150} INFO - [2024-11-01T18:50:56.192+0000] {dagbag.py:541} INFO - Filling up the DagBag from /home/airflow/.local/lib/python3.7/site-packages/airflow/example_dags/example_time_delta_sensor_async.py
[2024-11-01T18:50:56.196+0000] {processor.py:836} INFO - DAG(s) dict_keys(['example_time_delta_sensor_async']) retrieved from /home/airflow/.local/lib/python3.7/site-packages/airflow/example_dags/example_time_delta_sensor_async.py
[2024-11-01T18:50:56.224+0000] {logging_mixin.py:150} INFO - [2024-11-01T18:50:56.223+0000] {dag.py:2742} INFO - Sync 1 DAGs
[2024-11-01T18:50:56.246+0000] {logging_mixin.py:150} INFO - [2024-11-01T18:50:56.246+0000] {dag.py:3508} INFO - Setting next_dagrun for example_time_delta_sensor_async to None, run_after=None
[2024-11-01T18:50:56.261+0000] {processor.py:179} INFO - Processing /home/airflow/.local/lib/python3.7/site-packages/airflow/example_dags/example_time_delta_sensor_async.py took 0.076 seconds
[2024-11-01T18:51:26.360+0000] {processor.py:157} INFO - Started process (PID=3615) to work on /home/airflow/.local/lib/python3.7/site-packages/airflow/example_dags/example_time_delta_sensor_async.py
[2024-11-01T18:51:26.361+0000] {processor.py:826} INFO - Processing file /home/airflow/.local/lib/python3.7/site-packages/airflow/example_dags/example_time_delta_sensor_async.py for tasks to queue
[2024-11-01T18:51:26.361+0000] {logging_mixin.py:150} INFO - [2024-11-01T18:51:26.361+0000] {dagbag.py:541} INFO - Filling up the DagBag from /home/airflow/.local/lib/python3.7/site-packages/airflow/example_dags/example_time_delta_sensor_async.py
[2024-11-01T18:51:26.364+0000] {processor.py:836} INFO - DAG(s) dict_keys(['example_time_delta_sensor_async']) retrieved from /home/airflow/.local/lib/python3.7/site-packages/airflow/example_dags/example_time_delta_sensor_async.py
[2024-11-01T18:51:26.385+0000] {logging_mixin.py:150} INFO - [2024-11-01T18:51:26.385+0000] {dag.py:2742} INFO - Sync 1 DAGs
[2024-11-01T18:51:26.402+0000] {logging_mixin.py:150} INFO - [2024-11-01T18:51:26.402+0000] {dag.py:3508} INFO - Setting next_dagrun for example_time_delta_sensor_async to None, run_after=None
[2024-11-01T18:51:26.414+0000] {processor.py:179} INFO - Processing /home/airflow/.local/lib/python3.7/site-packages/airflow/example_dags/example_time_delta_sensor_async.py took 0.059 seconds
[2024-11-01T18:51:57.327+0000] {processor.py:157} INFO - Started process (PID=3677) to work on /home/airflow/.local/lib/python3.7/site-packages/airflow/example_dags/example_time_delta_sensor_async.py
[2024-11-01T18:51:57.329+0000] {processor.py:826} INFO - Processing file /home/airflow/.local/lib/python3.7/site-packages/airflow/example_dags/example_time_delta_sensor_async.py for tasks to queue
[2024-11-01T18:51:57.329+0000] {logging_mixin.py:150} INFO - [2024-11-01T18:51:57.329+0000] {dagbag.py:541} INFO - Filling up the DagBag from /home/airflow/.local/lib/python3.7/site-packages/airflow/example_dags/example_time_delta_sensor_async.py
[2024-11-01T18:51:57.333+0000] {processor.py:836} INFO - DAG(s) dict_keys(['example_time_delta_sensor_async']) retrieved from /home/airflow/.local/lib/python3.7/site-packages/airflow/example_dags/example_time_delta_sensor_async.py
[2024-11-01T18:51:57.348+0000] {logging_mixin.py:150} INFO - [2024-11-01T18:51:57.348+0000] {dag.py:2742} INFO - Sync 1 DAGs
[2024-11-01T18:51:57.361+0000] {logging_mixin.py:150} INFO - [2024-11-01T18:51:57.361+0000] {dag.py:3508} INFO - Setting next_dagrun for example_time_delta_sensor_async to None, run_after=None
[2024-11-01T18:51:57.369+0000] {processor.py:179} INFO - Processing /home/airflow/.local/lib/python3.7/site-packages/airflow/example_dags/example_time_delta_sensor_async.py took 0.047 seconds
[2024-11-01T18:52:27.534+0000] {processor.py:157} INFO - Started process (PID=3740) to work on /home/airflow/.local/lib/python3.7/site-packages/airflow/example_dags/example_time_delta_sensor_async.py
[2024-11-01T18:52:27.537+0000] {processor.py:826} INFO - Processing file /home/airflow/.local/lib/python3.7/site-packages/airflow/example_dags/example_time_delta_sensor_async.py for tasks to queue
[2024-11-01T18:52:27.538+0000] {logging_mixin.py:150} INFO - [2024-11-01T18:52:27.538+0000] {dagbag.py:541} INFO - Filling up the DagBag from /home/airflow/.local/lib/python3.7/site-packages/airflow/example_dags/example_time_delta_sensor_async.py
[2024-11-01T18:52:27.544+0000] {processor.py:836} INFO - DAG(s) dict_keys(['example_time_delta_sensor_async']) retrieved from /home/airflow/.local/lib/python3.7/site-packages/airflow/example_dags/example_time_delta_sensor_async.py
[2024-11-01T18:52:27.570+0000] {logging_mixin.py:150} INFO - [2024-11-01T18:52:27.570+0000] {dag.py:2742} INFO - Sync 1 DAGs
[2024-11-01T18:52:27.587+0000] {logging_mixin.py:150} INFO - [2024-11-01T18:52:27.587+0000] {dag.py:3508} INFO - Setting next_dagrun for example_time_delta_sensor_async to None, run_after=None
[2024-11-01T18:52:27.605+0000] {processor.py:179} INFO - Processing /home/airflow/.local/lib/python3.7/site-packages/airflow/example_dags/example_time_delta_sensor_async.py took 0.080 seconds
