[2024-11-01T18:12:00.685+0000] {processor.py:157} INFO - Started process (PID=50) to work on /home/airflow/.local/lib/python3.7/site-packages/airflow/example_dags/example_sensor_decorator.py
[2024-11-01T18:12:00.686+0000] {processor.py:826} INFO - Processing file /home/airflow/.local/lib/python3.7/site-packages/airflow/example_dags/example_sensor_decorator.py for tasks to queue
[2024-11-01T18:12:00.687+0000] {logging_mixin.py:150} INFO - [2024-11-01T18:12:00.687+0000] {dagbag.py:541} INFO - Filling up the DagBag from /home/airflow/.local/lib/python3.7/site-packages/airflow/example_dags/example_sensor_decorator.py
[2024-11-01T18:12:00.695+0000] {processor.py:836} INFO - DAG(s) dict_keys(['example_sensor_decorator']) retrieved from /home/airflow/.local/lib/python3.7/site-packages/airflow/example_dags/example_sensor_decorator.py
[2024-11-01T18:12:00.724+0000] {logging_mixin.py:150} INFO - [2024-11-01T18:12:00.724+0000] {dag.py:2742} INFO - Sync 1 DAGs
[2024-11-01T18:12:00.738+0000] {logging_mixin.py:150} INFO - [2024-11-01T18:12:00.738+0000] {dag.py:3508} INFO - Setting next_dagrun for example_sensor_decorator to None, run_after=None
[2024-11-01T18:12:00.796+0000] {processor.py:179} INFO - Processing /home/airflow/.local/lib/python3.7/site-packages/airflow/example_dags/example_sensor_decorator.py took 0.142 seconds
[2024-11-01T18:12:31.849+0000] {processor.py:157} INFO - Started process (PID=112) to work on /home/airflow/.local/lib/python3.7/site-packages/airflow/example_dags/example_sensor_decorator.py
[2024-11-01T18:12:31.852+0000] {processor.py:826} INFO - Processing file /home/airflow/.local/lib/python3.7/site-packages/airflow/example_dags/example_sensor_decorator.py for tasks to queue
[2024-11-01T18:12:31.853+0000] {logging_mixin.py:150} INFO - [2024-11-01T18:12:31.853+0000] {dagbag.py:541} INFO - Filling up the DagBag from /home/airflow/.local/lib/python3.7/site-packages/airflow/example_dags/example_sensor_decorator.py
[2024-11-01T18:12:31.859+0000] {processor.py:836} INFO - DAG(s) dict_keys(['example_sensor_decorator']) retrieved from /home/airflow/.local/lib/python3.7/site-packages/airflow/example_dags/example_sensor_decorator.py
[2024-11-01T18:12:31.877+0000] {logging_mixin.py:150} INFO - [2024-11-01T18:12:31.877+0000] {dag.py:2742} INFO - Sync 1 DAGs
[2024-11-01T18:12:31.965+0000] {logging_mixin.py:150} INFO - [2024-11-01T18:12:31.964+0000] {dag.py:3508} INFO - Setting next_dagrun for example_sensor_decorator to None, run_after=None
[2024-11-01T18:12:31.986+0000] {processor.py:179} INFO - Processing /home/airflow/.local/lib/python3.7/site-packages/airflow/example_dags/example_sensor_decorator.py took 0.152 seconds
[2024-11-01T18:13:04.087+0000] {processor.py:157} INFO - Started process (PID=173) to work on /home/airflow/.local/lib/python3.7/site-packages/airflow/example_dags/example_sensor_decorator.py
[2024-11-01T18:13:04.091+0000] {processor.py:826} INFO - Processing file /home/airflow/.local/lib/python3.7/site-packages/airflow/example_dags/example_sensor_decorator.py for tasks to queue
[2024-11-01T18:13:04.091+0000] {logging_mixin.py:150} INFO - [2024-11-01T18:13:04.091+0000] {dagbag.py:541} INFO - Filling up the DagBag from /home/airflow/.local/lib/python3.7/site-packages/airflow/example_dags/example_sensor_decorator.py
[2024-11-01T18:13:04.094+0000] {processor.py:836} INFO - DAG(s) dict_keys(['example_sensor_decorator']) retrieved from /home/airflow/.local/lib/python3.7/site-packages/airflow/example_dags/example_sensor_decorator.py
[2024-11-01T18:13:04.133+0000] {logging_mixin.py:150} INFO - [2024-11-01T18:13:04.133+0000] {dag.py:2742} INFO - Sync 1 DAGs
[2024-11-01T18:13:04.150+0000] {logging_mixin.py:150} INFO - [2024-11-01T18:13:04.150+0000] {dag.py:3508} INFO - Setting next_dagrun for example_sensor_decorator to None, run_after=None
[2024-11-01T18:13:04.180+0000] {processor.py:179} INFO - Processing /home/airflow/.local/lib/python3.7/site-packages/airflow/example_dags/example_sensor_decorator.py took 0.095 seconds
[2024-11-01T18:13:43.474+0000] {processor.py:157} INFO - Started process (PID=214) to work on /home/airflow/.local/lib/python3.7/site-packages/airflow/example_dags/example_sensor_decorator.py
[2024-11-01T18:13:43.556+0000] {processor.py:826} INFO - Processing file /home/airflow/.local/lib/python3.7/site-packages/airflow/example_dags/example_sensor_decorator.py for tasks to queue
[2024-11-01T18:13:44.124+0000] {logging_mixin.py:150} INFO - [2024-11-01T18:13:44.072+0000] {dagbag.py:541} INFO - Filling up the DagBag from /home/airflow/.local/lib/python3.7/site-packages/airflow/example_dags/example_sensor_decorator.py
[2024-11-01T18:13:44.523+0000] {processor.py:836} INFO - DAG(s) dict_keys(['example_sensor_decorator']) retrieved from /home/airflow/.local/lib/python3.7/site-packages/airflow/example_dags/example_sensor_decorator.py
[2024-11-01T18:13:44.653+0000] {logging_mixin.py:150} INFO - [2024-11-01T18:13:44.653+0000] {dag.py:2742} INFO - Sync 1 DAGs
[2024-11-01T18:13:44.719+0000] {logging_mixin.py:150} INFO - [2024-11-01T18:13:44.702+0000] {dag.py:3508} INFO - Setting next_dagrun for example_sensor_decorator to None, run_after=None
[2024-11-01T18:13:44.808+0000] {processor.py:179} INFO - Processing /home/airflow/.local/lib/python3.7/site-packages/airflow/example_dags/example_sensor_decorator.py took 1.345 seconds
[2024-11-01T18:15:22.918+0000] {processor.py:157} INFO - Started process (PID=247) to work on /home/airflow/.local/lib/python3.7/site-packages/airflow/example_dags/example_sensor_decorator.py
[2024-11-01T18:15:23.004+0000] {processor.py:826} INFO - Processing file /home/airflow/.local/lib/python3.7/site-packages/airflow/example_dags/example_sensor_decorator.py for tasks to queue
[2024-11-01T18:15:23.125+0000] {logging_mixin.py:150} INFO - [2024-11-01T18:15:23.038+0000] {dagbag.py:541} INFO - Filling up the DagBag from /home/airflow/.local/lib/python3.7/site-packages/airflow/example_dags/example_sensor_decorator.py
[2024-11-01T18:15:28.257+0000] {processor.py:836} INFO - DAG(s) dict_keys(['example_sensor_decorator']) retrieved from /home/airflow/.local/lib/python3.7/site-packages/airflow/example_dags/example_sensor_decorator.py
[2024-11-01T18:15:35.492+0000] {logging_mixin.py:150} INFO - [2024-11-01T18:15:35.490+0000] {dag.py:2742} INFO - Sync 1 DAGs
[2024-11-01T18:15:37.918+0000] {logging_mixin.py:150} INFO - [2024-11-01T18:15:37.917+0000] {dag.py:3508} INFO - Setting next_dagrun for example_sensor_decorator to None, run_after=None
[2024-11-01T18:15:39.465+0000] {processor.py:179} INFO - Processing /home/airflow/.local/lib/python3.7/site-packages/airflow/example_dags/example_sensor_decorator.py took 19.737 seconds
[2024-11-01T18:17:17.361+0000] {processor.py:157} INFO - Started process (PID=320) to work on /home/airflow/.local/lib/python3.7/site-packages/airflow/example_dags/example_sensor_decorator.py
[2024-11-01T18:17:17.436+0000] {processor.py:826} INFO - Processing file /home/airflow/.local/lib/python3.7/site-packages/airflow/example_dags/example_sensor_decorator.py for tasks to queue
[2024-11-01T18:17:17.468+0000] {logging_mixin.py:150} INFO - [2024-11-01T18:17:17.467+0000] {dagbag.py:541} INFO - Filling up the DagBag from /home/airflow/.local/lib/python3.7/site-packages/airflow/example_dags/example_sensor_decorator.py
[2024-11-01T18:17:17.668+0000] {processor.py:836} INFO - DAG(s) dict_keys(['example_sensor_decorator']) retrieved from /home/airflow/.local/lib/python3.7/site-packages/airflow/example_dags/example_sensor_decorator.py
[2024-11-01T18:17:19.523+0000] {logging_mixin.py:150} INFO - [2024-11-01T18:17:19.522+0000] {dag.py:2742} INFO - Sync 1 DAGs
[2024-11-01T18:17:19.998+0000] {logging_mixin.py:150} INFO - [2024-11-01T18:17:19.998+0000] {dag.py:3508} INFO - Setting next_dagrun for example_sensor_decorator to None, run_after=None
[2024-11-01T18:17:20.125+0000] {processor.py:179} INFO - Processing /home/airflow/.local/lib/python3.7/site-packages/airflow/example_dags/example_sensor_decorator.py took 2.865 seconds
[2024-11-01T18:18:06.169+0000] {processor.py:157} INFO - Started process (PID=400) to work on /home/airflow/.local/lib/python3.7/site-packages/airflow/example_dags/example_sensor_decorator.py
[2024-11-01T18:18:06.181+0000] {processor.py:826} INFO - Processing file /home/airflow/.local/lib/python3.7/site-packages/airflow/example_dags/example_sensor_decorator.py for tasks to queue
[2024-11-01T18:18:06.199+0000] {logging_mixin.py:150} INFO - [2024-11-01T18:18:06.194+0000] {dagbag.py:541} INFO - Filling up the DagBag from /home/airflow/.local/lib/python3.7/site-packages/airflow/example_dags/example_sensor_decorator.py
[2024-11-01T18:18:06.440+0000] {processor.py:836} INFO - DAG(s) dict_keys(['example_sensor_decorator']) retrieved from /home/airflow/.local/lib/python3.7/site-packages/airflow/example_dags/example_sensor_decorator.py
[2024-11-01T18:18:07.074+0000] {logging_mixin.py:150} INFO - [2024-11-01T18:18:07.063+0000] {dag.py:2742} INFO - Sync 1 DAGs
[2024-11-01T18:18:07.267+0000] {logging_mixin.py:150} INFO - [2024-11-01T18:18:07.266+0000] {dag.py:3508} INFO - Setting next_dagrun for example_sensor_decorator to None, run_after=None
[2024-11-01T18:18:07.439+0000] {processor.py:179} INFO - Processing /home/airflow/.local/lib/python3.7/site-packages/airflow/example_dags/example_sensor_decorator.py took 1.333 seconds
[2024-11-01T18:18:56.059+0000] {processor.py:157} INFO - Started process (PID=459) to work on /home/airflow/.local/lib/python3.7/site-packages/airflow/example_dags/example_sensor_decorator.py
[2024-11-01T18:18:56.086+0000] {processor.py:826} INFO - Processing file /home/airflow/.local/lib/python3.7/site-packages/airflow/example_dags/example_sensor_decorator.py for tasks to queue
[2024-11-01T18:18:56.103+0000] {logging_mixin.py:150} INFO - [2024-11-01T18:18:56.091+0000] {dagbag.py:541} INFO - Filling up the DagBag from /home/airflow/.local/lib/python3.7/site-packages/airflow/example_dags/example_sensor_decorator.py
[2024-11-01T18:18:56.368+0000] {processor.py:836} INFO - DAG(s) dict_keys(['example_sensor_decorator']) retrieved from /home/airflow/.local/lib/python3.7/site-packages/airflow/example_dags/example_sensor_decorator.py
[2024-11-01T18:18:56.800+0000] {logging_mixin.py:150} INFO - [2024-11-01T18:18:56.799+0000] {dag.py:2742} INFO - Sync 1 DAGs
[2024-11-01T18:18:56.999+0000] {logging_mixin.py:150} INFO - [2024-11-01T18:18:56.999+0000] {dag.py:3508} INFO - Setting next_dagrun for example_sensor_decorator to None, run_after=None
[2024-11-01T18:18:57.474+0000] {processor.py:179} INFO - Processing /home/airflow/.local/lib/python3.7/site-packages/airflow/example_dags/example_sensor_decorator.py took 1.492 seconds
[2024-11-01T18:19:28.795+0000] {processor.py:157} INFO - Started process (PID=519) to work on /home/airflow/.local/lib/python3.7/site-packages/airflow/example_dags/example_sensor_decorator.py
[2024-11-01T18:19:28.799+0000] {processor.py:826} INFO - Processing file /home/airflow/.local/lib/python3.7/site-packages/airflow/example_dags/example_sensor_decorator.py for tasks to queue
[2024-11-01T18:19:28.800+0000] {logging_mixin.py:150} INFO - [2024-11-01T18:19:28.799+0000] {dagbag.py:541} INFO - Filling up the DagBag from /home/airflow/.local/lib/python3.7/site-packages/airflow/example_dags/example_sensor_decorator.py
[2024-11-01T18:19:28.812+0000] {processor.py:836} INFO - DAG(s) dict_keys(['example_sensor_decorator']) retrieved from /home/airflow/.local/lib/python3.7/site-packages/airflow/example_dags/example_sensor_decorator.py
[2024-11-01T18:19:28.955+0000] {logging_mixin.py:150} INFO - [2024-11-01T18:19:28.954+0000] {dag.py:2742} INFO - Sync 1 DAGs
[2024-11-01T18:19:29.019+0000] {logging_mixin.py:150} INFO - [2024-11-01T18:19:29.015+0000] {dag.py:3508} INFO - Setting next_dagrun for example_sensor_decorator to None, run_after=None
[2024-11-01T18:19:29.061+0000] {processor.py:179} INFO - Processing /home/airflow/.local/lib/python3.7/site-packages/airflow/example_dags/example_sensor_decorator.py took 0.281 seconds
[2024-11-01T18:20:12.143+0000] {processor.py:157} INFO - Started process (PID=574) to work on /home/airflow/.local/lib/python3.7/site-packages/airflow/example_dags/example_sensor_decorator.py
[2024-11-01T18:20:12.150+0000] {processor.py:826} INFO - Processing file /home/airflow/.local/lib/python3.7/site-packages/airflow/example_dags/example_sensor_decorator.py for tasks to queue
[2024-11-01T18:20:12.156+0000] {logging_mixin.py:150} INFO - [2024-11-01T18:20:12.155+0000] {dagbag.py:541} INFO - Filling up the DagBag from /home/airflow/.local/lib/python3.7/site-packages/airflow/example_dags/example_sensor_decorator.py
[2024-11-01T18:20:12.237+0000] {processor.py:836} INFO - DAG(s) dict_keys(['example_sensor_decorator']) retrieved from /home/airflow/.local/lib/python3.7/site-packages/airflow/example_dags/example_sensor_decorator.py
[2024-11-01T18:20:12.371+0000] {logging_mixin.py:150} INFO - [2024-11-01T18:20:12.371+0000] {dag.py:2742} INFO - Sync 1 DAGs
[2024-11-01T18:20:12.536+0000] {logging_mixin.py:150} INFO - [2024-11-01T18:20:12.535+0000] {dag.py:3508} INFO - Setting next_dagrun for example_sensor_decorator to None, run_after=None
[2024-11-01T18:20:12.670+0000] {processor.py:179} INFO - Processing /home/airflow/.local/lib/python3.7/site-packages/airflow/example_dags/example_sensor_decorator.py took 0.562 seconds
[2024-11-01T18:20:59.445+0000] {processor.py:157} INFO - Started process (PID=648) to work on /home/airflow/.local/lib/python3.7/site-packages/airflow/example_dags/example_sensor_decorator.py
[2024-11-01T18:20:59.768+0000] {processor.py:826} INFO - Processing file /home/airflow/.local/lib/python3.7/site-packages/airflow/example_dags/example_sensor_decorator.py for tasks to queue
[2024-11-01T18:20:59.780+0000] {logging_mixin.py:150} INFO - [2024-11-01T18:20:59.779+0000] {dagbag.py:541} INFO - Filling up the DagBag from /home/airflow/.local/lib/python3.7/site-packages/airflow/example_dags/example_sensor_decorator.py
[2024-11-01T18:21:00.052+0000] {processor.py:836} INFO - DAG(s) dict_keys(['example_sensor_decorator']) retrieved from /home/airflow/.local/lib/python3.7/site-packages/airflow/example_dags/example_sensor_decorator.py
[2024-11-01T18:21:00.127+0000] {logging_mixin.py:150} INFO - [2024-11-01T18:21:00.126+0000] {dag.py:2742} INFO - Sync 1 DAGs
[2024-11-01T18:21:00.174+0000] {logging_mixin.py:150} INFO - [2024-11-01T18:21:00.174+0000] {dag.py:3508} INFO - Setting next_dagrun for example_sensor_decorator to None, run_after=None
[2024-11-01T18:21:00.264+0000] {processor.py:179} INFO - Processing /home/airflow/.local/lib/python3.7/site-packages/airflow/example_dags/example_sensor_decorator.py took 0.823 seconds
[2024-11-01T18:21:42.047+0000] {processor.py:157} INFO - Started process (PID=681) to work on /home/airflow/.local/lib/python3.7/site-packages/airflow/example_dags/example_sensor_decorator.py
[2024-11-01T18:21:42.100+0000] {processor.py:826} INFO - Processing file /home/airflow/.local/lib/python3.7/site-packages/airflow/example_dags/example_sensor_decorator.py for tasks to queue
[2024-11-01T18:21:42.151+0000] {logging_mixin.py:150} INFO - [2024-11-01T18:21:42.144+0000] {dagbag.py:541} INFO - Filling up the DagBag from /home/airflow/.local/lib/python3.7/site-packages/airflow/example_dags/example_sensor_decorator.py
[2024-11-01T18:21:42.755+0000] {processor.py:836} INFO - DAG(s) dict_keys(['example_sensor_decorator']) retrieved from /home/airflow/.local/lib/python3.7/site-packages/airflow/example_dags/example_sensor_decorator.py
[2024-11-01T18:21:43.531+0000] {logging_mixin.py:150} INFO - [2024-11-01T18:21:43.515+0000] {dag.py:2742} INFO - Sync 1 DAGs
[2024-11-01T18:21:52.637+0000] {logging_mixin.py:150} INFO - [2024-11-01T18:21:52.622+0000] {dag.py:3508} INFO - Setting next_dagrun for example_sensor_decorator to None, run_after=None
[2024-11-01T18:21:53.165+0000] {processor.py:179} INFO - Processing /home/airflow/.local/lib/python3.7/site-packages/airflow/example_dags/example_sensor_decorator.py took 11.367 seconds
[2024-11-01T18:24:13.231+0000] {processor.py:157} INFO - Started process (PID=755) to work on /home/airflow/.local/lib/python3.7/site-packages/airflow/example_dags/example_sensor_decorator.py
[2024-11-01T18:24:13.246+0000] {processor.py:826} INFO - Processing file /home/airflow/.local/lib/python3.7/site-packages/airflow/example_dags/example_sensor_decorator.py for tasks to queue
[2024-11-01T18:24:13.265+0000] {logging_mixin.py:150} INFO - [2024-11-01T18:24:13.265+0000] {dagbag.py:541} INFO - Filling up the DagBag from /home/airflow/.local/lib/python3.7/site-packages/airflow/example_dags/example_sensor_decorator.py
[2024-11-01T18:24:13.283+0000] {processor.py:836} INFO - DAG(s) dict_keys(['example_sensor_decorator']) retrieved from /home/airflow/.local/lib/python3.7/site-packages/airflow/example_dags/example_sensor_decorator.py
[2024-11-01T18:24:13.403+0000] {logging_mixin.py:150} INFO - [2024-11-01T18:24:13.403+0000] {dag.py:2742} INFO - Sync 1 DAGs
[2024-11-01T18:24:13.441+0000] {logging_mixin.py:150} INFO - [2024-11-01T18:24:13.441+0000] {dag.py:3508} INFO - Setting next_dagrun for example_sensor_decorator to None, run_after=None
[2024-11-01T18:24:13.497+0000] {processor.py:179} INFO - Processing /home/airflow/.local/lib/python3.7/site-packages/airflow/example_dags/example_sensor_decorator.py took 0.291 seconds
[2024-11-01T18:24:46.540+0000] {processor.py:157} INFO - Started process (PID=805) to work on /home/airflow/.local/lib/python3.7/site-packages/airflow/example_dags/example_sensor_decorator.py
[2024-11-01T18:24:46.565+0000] {processor.py:826} INFO - Processing file /home/airflow/.local/lib/python3.7/site-packages/airflow/example_dags/example_sensor_decorator.py for tasks to queue
[2024-11-01T18:24:46.577+0000] {logging_mixin.py:150} INFO - [2024-11-01T18:24:46.576+0000] {dagbag.py:541} INFO - Filling up the DagBag from /home/airflow/.local/lib/python3.7/site-packages/airflow/example_dags/example_sensor_decorator.py
[2024-11-01T18:24:46.740+0000] {processor.py:836} INFO - DAG(s) dict_keys(['example_sensor_decorator']) retrieved from /home/airflow/.local/lib/python3.7/site-packages/airflow/example_dags/example_sensor_decorator.py
[2024-11-01T18:24:47.268+0000] {logging_mixin.py:150} INFO - [2024-11-01T18:24:47.266+0000] {dag.py:2742} INFO - Sync 1 DAGs
[2024-11-01T18:24:47.424+0000] {logging_mixin.py:150} INFO - [2024-11-01T18:24:47.423+0000] {dag.py:3508} INFO - Setting next_dagrun for example_sensor_decorator to None, run_after=None
[2024-11-01T18:24:47.498+0000] {processor.py:179} INFO - Processing /home/airflow/.local/lib/python3.7/site-packages/airflow/example_dags/example_sensor_decorator.py took 0.990 seconds
[2024-11-01T18:25:27.929+0000] {processor.py:157} INFO - Started process (PID=832) to work on /home/airflow/.local/lib/python3.7/site-packages/airflow/example_dags/example_sensor_decorator.py
[2024-11-01T18:25:27.936+0000] {processor.py:826} INFO - Processing file /home/airflow/.local/lib/python3.7/site-packages/airflow/example_dags/example_sensor_decorator.py for tasks to queue
[2024-11-01T18:25:27.939+0000] {logging_mixin.py:150} INFO - [2024-11-01T18:25:27.939+0000] {dagbag.py:541} INFO - Filling up the DagBag from /home/airflow/.local/lib/python3.7/site-packages/airflow/example_dags/example_sensor_decorator.py
[2024-11-01T18:25:27.980+0000] {processor.py:836} INFO - DAG(s) dict_keys(['example_sensor_decorator']) retrieved from /home/airflow/.local/lib/python3.7/site-packages/airflow/example_dags/example_sensor_decorator.py
[2024-11-01T18:25:28.016+0000] {logging_mixin.py:150} INFO - [2024-11-01T18:25:28.016+0000] {dag.py:2742} INFO - Sync 1 DAGs
[2024-11-01T18:25:28.134+0000] {logging_mixin.py:150} INFO - [2024-11-01T18:25:28.134+0000] {dag.py:3508} INFO - Setting next_dagrun for example_sensor_decorator to None, run_after=None
[2024-11-01T18:25:28.225+0000] {processor.py:179} INFO - Processing /home/airflow/.local/lib/python3.7/site-packages/airflow/example_dags/example_sensor_decorator.py took 0.300 seconds
[2024-11-01T18:26:04.943+0000] {processor.py:157} INFO - Started process (PID=887) to work on /home/airflow/.local/lib/python3.7/site-packages/airflow/example_dags/example_sensor_decorator.py
[2024-11-01T18:26:04.946+0000] {processor.py:826} INFO - Processing file /home/airflow/.local/lib/python3.7/site-packages/airflow/example_dags/example_sensor_decorator.py for tasks to queue
[2024-11-01T18:26:04.949+0000] {logging_mixin.py:150} INFO - [2024-11-01T18:26:04.948+0000] {dagbag.py:541} INFO - Filling up the DagBag from /home/airflow/.local/lib/python3.7/site-packages/airflow/example_dags/example_sensor_decorator.py
[2024-11-01T18:26:04.995+0000] {processor.py:836} INFO - DAG(s) dict_keys(['example_sensor_decorator']) retrieved from /home/airflow/.local/lib/python3.7/site-packages/airflow/example_dags/example_sensor_decorator.py
[2024-11-01T18:26:05.116+0000] {logging_mixin.py:150} INFO - [2024-11-01T18:26:05.116+0000] {dag.py:2742} INFO - Sync 1 DAGs
[2024-11-01T18:26:05.225+0000] {logging_mixin.py:150} INFO - [2024-11-01T18:26:05.225+0000] {dag.py:3508} INFO - Setting next_dagrun for example_sensor_decorator to None, run_after=None
[2024-11-01T18:26:05.251+0000] {processor.py:179} INFO - Processing /home/airflow/.local/lib/python3.7/site-packages/airflow/example_dags/example_sensor_decorator.py took 0.325 seconds
[2024-11-01T18:26:35.338+0000] {processor.py:157} INFO - Started process (PID=949) to work on /home/airflow/.local/lib/python3.7/site-packages/airflow/example_dags/example_sensor_decorator.py
[2024-11-01T18:26:35.338+0000] {processor.py:826} INFO - Processing file /home/airflow/.local/lib/python3.7/site-packages/airflow/example_dags/example_sensor_decorator.py for tasks to queue
[2024-11-01T18:26:35.339+0000] {logging_mixin.py:150} INFO - [2024-11-01T18:26:35.339+0000] {dagbag.py:541} INFO - Filling up the DagBag from /home/airflow/.local/lib/python3.7/site-packages/airflow/example_dags/example_sensor_decorator.py
[2024-11-01T18:26:35.343+0000] {processor.py:836} INFO - DAG(s) dict_keys(['example_sensor_decorator']) retrieved from /home/airflow/.local/lib/python3.7/site-packages/airflow/example_dags/example_sensor_decorator.py
[2024-11-01T18:26:35.354+0000] {logging_mixin.py:150} INFO - [2024-11-01T18:26:35.354+0000] {dag.py:2742} INFO - Sync 1 DAGs
[2024-11-01T18:26:35.367+0000] {logging_mixin.py:150} INFO - [2024-11-01T18:26:35.367+0000] {dag.py:3508} INFO - Setting next_dagrun for example_sensor_decorator to None, run_after=None
[2024-11-01T18:26:35.375+0000] {processor.py:179} INFO - Processing /home/airflow/.local/lib/python3.7/site-packages/airflow/example_dags/example_sensor_decorator.py took 0.040 seconds
[2024-11-01T18:27:05.608+0000] {processor.py:157} INFO - Started process (PID=1011) to work on /home/airflow/.local/lib/python3.7/site-packages/airflow/example_dags/example_sensor_decorator.py
[2024-11-01T18:27:05.609+0000] {processor.py:826} INFO - Processing file /home/airflow/.local/lib/python3.7/site-packages/airflow/example_dags/example_sensor_decorator.py for tasks to queue
[2024-11-01T18:27:05.610+0000] {logging_mixin.py:150} INFO - [2024-11-01T18:27:05.610+0000] {dagbag.py:541} INFO - Filling up the DagBag from /home/airflow/.local/lib/python3.7/site-packages/airflow/example_dags/example_sensor_decorator.py
[2024-11-01T18:27:05.617+0000] {processor.py:836} INFO - DAG(s) dict_keys(['example_sensor_decorator']) retrieved from /home/airflow/.local/lib/python3.7/site-packages/airflow/example_dags/example_sensor_decorator.py
[2024-11-01T18:27:05.635+0000] {logging_mixin.py:150} INFO - [2024-11-01T18:27:05.635+0000] {dag.py:2742} INFO - Sync 1 DAGs
[2024-11-01T18:27:05.647+0000] {logging_mixin.py:150} INFO - [2024-11-01T18:27:05.647+0000] {dag.py:3508} INFO - Setting next_dagrun for example_sensor_decorator to None, run_after=None
[2024-11-01T18:27:05.655+0000] {processor.py:179} INFO - Processing /home/airflow/.local/lib/python3.7/site-packages/airflow/example_dags/example_sensor_decorator.py took 0.055 seconds
[2024-11-01T18:27:36.260+0000] {processor.py:157} INFO - Started process (PID=1072) to work on /home/airflow/.local/lib/python3.7/site-packages/airflow/example_dags/example_sensor_decorator.py
[2024-11-01T18:27:36.280+0000] {processor.py:826} INFO - Processing file /home/airflow/.local/lib/python3.7/site-packages/airflow/example_dags/example_sensor_decorator.py for tasks to queue
[2024-11-01T18:27:36.281+0000] {logging_mixin.py:150} INFO - [2024-11-01T18:27:36.281+0000] {dagbag.py:541} INFO - Filling up the DagBag from /home/airflow/.local/lib/python3.7/site-packages/airflow/example_dags/example_sensor_decorator.py
[2024-11-01T18:27:36.314+0000] {processor.py:836} INFO - DAG(s) dict_keys(['example_sensor_decorator']) retrieved from /home/airflow/.local/lib/python3.7/site-packages/airflow/example_dags/example_sensor_decorator.py
[2024-11-01T18:27:36.364+0000] {logging_mixin.py:150} INFO - [2024-11-01T18:27:36.364+0000] {dag.py:2742} INFO - Sync 1 DAGs
[2024-11-01T18:27:36.407+0000] {logging_mixin.py:150} INFO - [2024-11-01T18:27:36.406+0000] {dag.py:3508} INFO - Setting next_dagrun for example_sensor_decorator to None, run_after=None
[2024-11-01T18:27:36.439+0000] {processor.py:179} INFO - Processing /home/airflow/.local/lib/python3.7/site-packages/airflow/example_dags/example_sensor_decorator.py took 0.190 seconds
[2024-11-01T18:30:46.697+0000] {processor.py:157} INFO - Started process (PID=1123) to work on /home/airflow/.local/lib/python3.7/site-packages/airflow/example_dags/example_sensor_decorator.py
[2024-11-01T18:30:46.738+0000] {processor.py:826} INFO - Processing file /home/airflow/.local/lib/python3.7/site-packages/airflow/example_dags/example_sensor_decorator.py for tasks to queue
[2024-11-01T18:30:46.760+0000] {logging_mixin.py:150} INFO - [2024-11-01T18:30:46.751+0000] {dagbag.py:541} INFO - Filling up the DagBag from /home/airflow/.local/lib/python3.7/site-packages/airflow/example_dags/example_sensor_decorator.py
[2024-11-01T18:30:46.985+0000] {processor.py:836} INFO - DAG(s) dict_keys(['example_sensor_decorator']) retrieved from /home/airflow/.local/lib/python3.7/site-packages/airflow/example_dags/example_sensor_decorator.py
[2024-11-01T18:30:47.335+0000] {logging_mixin.py:150} INFO - [2024-11-01T18:30:47.335+0000] {dag.py:2742} INFO - Sync 1 DAGs
[2024-11-01T18:30:47.400+0000] {logging_mixin.py:150} INFO - [2024-11-01T18:30:47.400+0000] {dag.py:3508} INFO - Setting next_dagrun for example_sensor_decorator to None, run_after=None
[2024-11-01T18:30:47.415+0000] {processor.py:179} INFO - Processing /home/airflow/.local/lib/python3.7/site-packages/airflow/example_dags/example_sensor_decorator.py took 0.806 seconds
[2024-11-01T18:31:17.798+0000] {processor.py:157} INFO - Started process (PID=1185) to work on /home/airflow/.local/lib/python3.7/site-packages/airflow/example_dags/example_sensor_decorator.py
[2024-11-01T18:31:17.800+0000] {processor.py:826} INFO - Processing file /home/airflow/.local/lib/python3.7/site-packages/airflow/example_dags/example_sensor_decorator.py for tasks to queue
[2024-11-01T18:31:17.800+0000] {logging_mixin.py:150} INFO - [2024-11-01T18:31:17.800+0000] {dagbag.py:541} INFO - Filling up the DagBag from /home/airflow/.local/lib/python3.7/site-packages/airflow/example_dags/example_sensor_decorator.py
[2024-11-01T18:31:17.807+0000] {processor.py:836} INFO - DAG(s) dict_keys(['example_sensor_decorator']) retrieved from /home/airflow/.local/lib/python3.7/site-packages/airflow/example_dags/example_sensor_decorator.py
[2024-11-01T18:31:17.828+0000] {logging_mixin.py:150} INFO - [2024-11-01T18:31:17.828+0000] {dag.py:2742} INFO - Sync 1 DAGs
[2024-11-01T18:31:17.848+0000] {logging_mixin.py:150} INFO - [2024-11-01T18:31:17.848+0000] {dag.py:3508} INFO - Setting next_dagrun for example_sensor_decorator to None, run_after=None
[2024-11-01T18:31:17.862+0000] {processor.py:179} INFO - Processing /home/airflow/.local/lib/python3.7/site-packages/airflow/example_dags/example_sensor_decorator.py took 0.069 seconds
[2024-11-01T18:31:48.358+0000] {processor.py:157} INFO - Started process (PID=1247) to work on /home/airflow/.local/lib/python3.7/site-packages/airflow/example_dags/example_sensor_decorator.py
[2024-11-01T18:31:48.359+0000] {processor.py:826} INFO - Processing file /home/airflow/.local/lib/python3.7/site-packages/airflow/example_dags/example_sensor_decorator.py for tasks to queue
[2024-11-01T18:31:48.360+0000] {logging_mixin.py:150} INFO - [2024-11-01T18:31:48.360+0000] {dagbag.py:541} INFO - Filling up the DagBag from /home/airflow/.local/lib/python3.7/site-packages/airflow/example_dags/example_sensor_decorator.py
[2024-11-01T18:31:48.365+0000] {processor.py:836} INFO - DAG(s) dict_keys(['example_sensor_decorator']) retrieved from /home/airflow/.local/lib/python3.7/site-packages/airflow/example_dags/example_sensor_decorator.py
[2024-11-01T18:31:48.386+0000] {logging_mixin.py:150} INFO - [2024-11-01T18:31:48.386+0000] {dag.py:2742} INFO - Sync 1 DAGs
[2024-11-01T18:31:48.405+0000] {logging_mixin.py:150} INFO - [2024-11-01T18:31:48.405+0000] {dag.py:3508} INFO - Setting next_dagrun for example_sensor_decorator to None, run_after=None
[2024-11-01T18:31:48.417+0000] {processor.py:179} INFO - Processing /home/airflow/.local/lib/python3.7/site-packages/airflow/example_dags/example_sensor_decorator.py took 0.061 seconds
[2024-11-01T18:32:18.679+0000] {processor.py:157} INFO - Started process (PID=1309) to work on /home/airflow/.local/lib/python3.7/site-packages/airflow/example_dags/example_sensor_decorator.py
[2024-11-01T18:32:18.684+0000] {processor.py:826} INFO - Processing file /home/airflow/.local/lib/python3.7/site-packages/airflow/example_dags/example_sensor_decorator.py for tasks to queue
[2024-11-01T18:32:18.687+0000] {logging_mixin.py:150} INFO - [2024-11-01T18:32:18.686+0000] {dagbag.py:541} INFO - Filling up the DagBag from /home/airflow/.local/lib/python3.7/site-packages/airflow/example_dags/example_sensor_decorator.py
[2024-11-01T18:32:18.697+0000] {processor.py:836} INFO - DAG(s) dict_keys(['example_sensor_decorator']) retrieved from /home/airflow/.local/lib/python3.7/site-packages/airflow/example_dags/example_sensor_decorator.py
[2024-11-01T18:32:18.719+0000] {logging_mixin.py:150} INFO - [2024-11-01T18:32:18.719+0000] {dag.py:2742} INFO - Sync 1 DAGs
[2024-11-01T18:32:18.734+0000] {logging_mixin.py:150} INFO - [2024-11-01T18:32:18.734+0000] {dag.py:3508} INFO - Setting next_dagrun for example_sensor_decorator to None, run_after=None
[2024-11-01T18:32:18.746+0000] {processor.py:179} INFO - Processing /home/airflow/.local/lib/python3.7/site-packages/airflow/example_dags/example_sensor_decorator.py took 0.071 seconds
[2024-11-01T18:32:49.239+0000] {processor.py:157} INFO - Started process (PID=1370) to work on /home/airflow/.local/lib/python3.7/site-packages/airflow/example_dags/example_sensor_decorator.py
[2024-11-01T18:32:49.243+0000] {processor.py:826} INFO - Processing file /home/airflow/.local/lib/python3.7/site-packages/airflow/example_dags/example_sensor_decorator.py for tasks to queue
[2024-11-01T18:32:49.245+0000] {logging_mixin.py:150} INFO - [2024-11-01T18:32:49.245+0000] {dagbag.py:541} INFO - Filling up the DagBag from /home/airflow/.local/lib/python3.7/site-packages/airflow/example_dags/example_sensor_decorator.py
[2024-11-01T18:32:49.251+0000] {processor.py:836} INFO - DAG(s) dict_keys(['example_sensor_decorator']) retrieved from /home/airflow/.local/lib/python3.7/site-packages/airflow/example_dags/example_sensor_decorator.py
[2024-11-01T18:32:49.276+0000] {logging_mixin.py:150} INFO - [2024-11-01T18:32:49.275+0000] {dag.py:2742} INFO - Sync 1 DAGs
[2024-11-01T18:32:49.296+0000] {logging_mixin.py:150} INFO - [2024-11-01T18:32:49.296+0000] {dag.py:3508} INFO - Setting next_dagrun for example_sensor_decorator to None, run_after=None
[2024-11-01T18:32:49.312+0000] {processor.py:179} INFO - Processing /home/airflow/.local/lib/python3.7/site-packages/airflow/example_dags/example_sensor_decorator.py took 0.076 seconds
[2024-11-01T18:33:20.032+0000] {processor.py:157} INFO - Started process (PID=1432) to work on /home/airflow/.local/lib/python3.7/site-packages/airflow/example_dags/example_sensor_decorator.py
[2024-11-01T18:33:20.033+0000] {processor.py:826} INFO - Processing file /home/airflow/.local/lib/python3.7/site-packages/airflow/example_dags/example_sensor_decorator.py for tasks to queue
[2024-11-01T18:33:20.034+0000] {logging_mixin.py:150} INFO - [2024-11-01T18:33:20.033+0000] {dagbag.py:541} INFO - Filling up the DagBag from /home/airflow/.local/lib/python3.7/site-packages/airflow/example_dags/example_sensor_decorator.py
[2024-11-01T18:33:20.038+0000] {processor.py:836} INFO - DAG(s) dict_keys(['example_sensor_decorator']) retrieved from /home/airflow/.local/lib/python3.7/site-packages/airflow/example_dags/example_sensor_decorator.py
[2024-11-01T18:33:20.057+0000] {logging_mixin.py:150} INFO - [2024-11-01T18:33:20.057+0000] {dag.py:2742} INFO - Sync 1 DAGs
[2024-11-01T18:33:20.069+0000] {logging_mixin.py:150} INFO - [2024-11-01T18:33:20.069+0000] {dag.py:3508} INFO - Setting next_dagrun for example_sensor_decorator to None, run_after=None
[2024-11-01T18:33:20.076+0000] {processor.py:179} INFO - Processing /home/airflow/.local/lib/python3.7/site-packages/airflow/example_dags/example_sensor_decorator.py took 0.046 seconds
[2024-11-01T18:33:50.221+0000] {processor.py:157} INFO - Started process (PID=1494) to work on /home/airflow/.local/lib/python3.7/site-packages/airflow/example_dags/example_sensor_decorator.py
[2024-11-01T18:33:50.223+0000] {processor.py:826} INFO - Processing file /home/airflow/.local/lib/python3.7/site-packages/airflow/example_dags/example_sensor_decorator.py for tasks to queue
[2024-11-01T18:33:50.224+0000] {logging_mixin.py:150} INFO - [2024-11-01T18:33:50.224+0000] {dagbag.py:541} INFO - Filling up the DagBag from /home/airflow/.local/lib/python3.7/site-packages/airflow/example_dags/example_sensor_decorator.py
[2024-11-01T18:33:50.231+0000] {processor.py:836} INFO - DAG(s) dict_keys(['example_sensor_decorator']) retrieved from /home/airflow/.local/lib/python3.7/site-packages/airflow/example_dags/example_sensor_decorator.py
[2024-11-01T18:33:50.254+0000] {logging_mixin.py:150} INFO - [2024-11-01T18:33:50.254+0000] {dag.py:2742} INFO - Sync 1 DAGs
[2024-11-01T18:33:50.268+0000] {logging_mixin.py:150} INFO - [2024-11-01T18:33:50.268+0000] {dag.py:3508} INFO - Setting next_dagrun for example_sensor_decorator to None, run_after=None
[2024-11-01T18:33:50.286+0000] {processor.py:179} INFO - Processing /home/airflow/.local/lib/python3.7/site-packages/airflow/example_dags/example_sensor_decorator.py took 0.067 seconds
[2024-11-01T18:34:20.653+0000] {processor.py:157} INFO - Started process (PID=1556) to work on /home/airflow/.local/lib/python3.7/site-packages/airflow/example_dags/example_sensor_decorator.py
[2024-11-01T18:34:20.654+0000] {processor.py:826} INFO - Processing file /home/airflow/.local/lib/python3.7/site-packages/airflow/example_dags/example_sensor_decorator.py for tasks to queue
[2024-11-01T18:34:20.654+0000] {logging_mixin.py:150} INFO - [2024-11-01T18:34:20.654+0000] {dagbag.py:541} INFO - Filling up the DagBag from /home/airflow/.local/lib/python3.7/site-packages/airflow/example_dags/example_sensor_decorator.py
[2024-11-01T18:34:20.660+0000] {processor.py:836} INFO - DAG(s) dict_keys(['example_sensor_decorator']) retrieved from /home/airflow/.local/lib/python3.7/site-packages/airflow/example_dags/example_sensor_decorator.py
[2024-11-01T18:34:20.695+0000] {logging_mixin.py:150} INFO - [2024-11-01T18:34:20.695+0000] {dag.py:2742} INFO - Sync 1 DAGs
[2024-11-01T18:34:20.710+0000] {logging_mixin.py:150} INFO - [2024-11-01T18:34:20.710+0000] {dag.py:3508} INFO - Setting next_dagrun for example_sensor_decorator to None, run_after=None
[2024-11-01T18:34:20.719+0000] {processor.py:179} INFO - Processing /home/airflow/.local/lib/python3.7/site-packages/airflow/example_dags/example_sensor_decorator.py took 0.069 seconds
[2024-11-01T18:34:51.274+0000] {processor.py:157} INFO - Started process (PID=1618) to work on /home/airflow/.local/lib/python3.7/site-packages/airflow/example_dags/example_sensor_decorator.py
[2024-11-01T18:34:51.275+0000] {processor.py:826} INFO - Processing file /home/airflow/.local/lib/python3.7/site-packages/airflow/example_dags/example_sensor_decorator.py for tasks to queue
[2024-11-01T18:34:51.276+0000] {logging_mixin.py:150} INFO - [2024-11-01T18:34:51.275+0000] {dagbag.py:541} INFO - Filling up the DagBag from /home/airflow/.local/lib/python3.7/site-packages/airflow/example_dags/example_sensor_decorator.py
[2024-11-01T18:34:51.279+0000] {processor.py:836} INFO - DAG(s) dict_keys(['example_sensor_decorator']) retrieved from /home/airflow/.local/lib/python3.7/site-packages/airflow/example_dags/example_sensor_decorator.py
[2024-11-01T18:34:51.295+0000] {logging_mixin.py:150} INFO - [2024-11-01T18:34:51.295+0000] {dag.py:2742} INFO - Sync 1 DAGs
[2024-11-01T18:34:51.308+0000] {logging_mixin.py:150} INFO - [2024-11-01T18:34:51.308+0000] {dag.py:3508} INFO - Setting next_dagrun for example_sensor_decorator to None, run_after=None
[2024-11-01T18:34:51.323+0000] {processor.py:179} INFO - Processing /home/airflow/.local/lib/python3.7/site-packages/airflow/example_dags/example_sensor_decorator.py took 0.051 seconds
[2024-11-01T18:35:21.826+0000] {processor.py:157} INFO - Started process (PID=1680) to work on /home/airflow/.local/lib/python3.7/site-packages/airflow/example_dags/example_sensor_decorator.py
[2024-11-01T18:35:21.826+0000] {processor.py:826} INFO - Processing file /home/airflow/.local/lib/python3.7/site-packages/airflow/example_dags/example_sensor_decorator.py for tasks to queue
[2024-11-01T18:35:21.827+0000] {logging_mixin.py:150} INFO - [2024-11-01T18:35:21.827+0000] {dagbag.py:541} INFO - Filling up the DagBag from /home/airflow/.local/lib/python3.7/site-packages/airflow/example_dags/example_sensor_decorator.py
[2024-11-01T18:35:21.831+0000] {processor.py:836} INFO - DAG(s) dict_keys(['example_sensor_decorator']) retrieved from /home/airflow/.local/lib/python3.7/site-packages/airflow/example_dags/example_sensor_decorator.py
[2024-11-01T18:35:21.847+0000] {logging_mixin.py:150} INFO - [2024-11-01T18:35:21.847+0000] {dag.py:2742} INFO - Sync 1 DAGs
[2024-11-01T18:35:21.865+0000] {logging_mixin.py:150} INFO - [2024-11-01T18:35:21.865+0000] {dag.py:3508} INFO - Setting next_dagrun for example_sensor_decorator to None, run_after=None
[2024-11-01T18:35:21.875+0000] {processor.py:179} INFO - Processing /home/airflow/.local/lib/python3.7/site-packages/airflow/example_dags/example_sensor_decorator.py took 0.051 seconds
[2024-11-01T18:35:52.733+0000] {processor.py:157} INFO - Started process (PID=1742) to work on /home/airflow/.local/lib/python3.7/site-packages/airflow/example_dags/example_sensor_decorator.py
[2024-11-01T18:35:52.736+0000] {processor.py:826} INFO - Processing file /home/airflow/.local/lib/python3.7/site-packages/airflow/example_dags/example_sensor_decorator.py for tasks to queue
[2024-11-01T18:35:52.738+0000] {logging_mixin.py:150} INFO - [2024-11-01T18:35:52.737+0000] {dagbag.py:541} INFO - Filling up the DagBag from /home/airflow/.local/lib/python3.7/site-packages/airflow/example_dags/example_sensor_decorator.py
[2024-11-01T18:35:52.742+0000] {processor.py:836} INFO - DAG(s) dict_keys(['example_sensor_decorator']) retrieved from /home/airflow/.local/lib/python3.7/site-packages/airflow/example_dags/example_sensor_decorator.py
[2024-11-01T18:35:52.782+0000] {logging_mixin.py:150} INFO - [2024-11-01T18:35:52.782+0000] {dag.py:2742} INFO - Sync 1 DAGs
[2024-11-01T18:35:52.808+0000] {logging_mixin.py:150} INFO - [2024-11-01T18:35:52.808+0000] {dag.py:3508} INFO - Setting next_dagrun for example_sensor_decorator to None, run_after=None
[2024-11-01T18:35:52.825+0000] {processor.py:179} INFO - Processing /home/airflow/.local/lib/python3.7/site-packages/airflow/example_dags/example_sensor_decorator.py took 0.094 seconds
[2024-11-01T18:36:24.924+0000] {processor.py:157} INFO - Started process (PID=1804) to work on /home/airflow/.local/lib/python3.7/site-packages/airflow/example_dags/example_sensor_decorator.py
[2024-11-01T18:36:24.974+0000] {processor.py:826} INFO - Processing file /home/airflow/.local/lib/python3.7/site-packages/airflow/example_dags/example_sensor_decorator.py for tasks to queue
[2024-11-01T18:36:24.976+0000] {logging_mixin.py:150} INFO - [2024-11-01T18:36:24.975+0000] {dagbag.py:541} INFO - Filling up the DagBag from /home/airflow/.local/lib/python3.7/site-packages/airflow/example_dags/example_sensor_decorator.py
[2024-11-01T18:36:24.988+0000] {processor.py:836} INFO - DAG(s) dict_keys(['example_sensor_decorator']) retrieved from /home/airflow/.local/lib/python3.7/site-packages/airflow/example_dags/example_sensor_decorator.py
[2024-11-01T18:36:25.134+0000] {logging_mixin.py:150} INFO - [2024-11-01T18:36:25.133+0000] {dag.py:2742} INFO - Sync 1 DAGs
[2024-11-01T18:36:25.207+0000] {logging_mixin.py:150} INFO - [2024-11-01T18:36:25.207+0000] {dag.py:3508} INFO - Setting next_dagrun for example_sensor_decorator to None, run_after=None
[2024-11-01T18:36:25.236+0000] {processor.py:179} INFO - Processing /home/airflow/.local/lib/python3.7/site-packages/airflow/example_dags/example_sensor_decorator.py took 0.518 seconds
[2024-11-01T18:36:55.909+0000] {processor.py:157} INFO - Started process (PID=1866) to work on /home/airflow/.local/lib/python3.7/site-packages/airflow/example_dags/example_sensor_decorator.py
[2024-11-01T18:36:55.910+0000] {processor.py:826} INFO - Processing file /home/airflow/.local/lib/python3.7/site-packages/airflow/example_dags/example_sensor_decorator.py for tasks to queue
[2024-11-01T18:36:55.910+0000] {logging_mixin.py:150} INFO - [2024-11-01T18:36:55.910+0000] {dagbag.py:541} INFO - Filling up the DagBag from /home/airflow/.local/lib/python3.7/site-packages/airflow/example_dags/example_sensor_decorator.py
[2024-11-01T18:36:55.918+0000] {processor.py:836} INFO - DAG(s) dict_keys(['example_sensor_decorator']) retrieved from /home/airflow/.local/lib/python3.7/site-packages/airflow/example_dags/example_sensor_decorator.py
[2024-11-01T18:36:55.939+0000] {logging_mixin.py:150} INFO - [2024-11-01T18:36:55.939+0000] {dag.py:2742} INFO - Sync 1 DAGs
[2024-11-01T18:36:55.958+0000] {logging_mixin.py:150} INFO - [2024-11-01T18:36:55.958+0000] {dag.py:3508} INFO - Setting next_dagrun for example_sensor_decorator to None, run_after=None
[2024-11-01T18:36:55.972+0000] {processor.py:179} INFO - Processing /home/airflow/.local/lib/python3.7/site-packages/airflow/example_dags/example_sensor_decorator.py took 0.068 seconds
[2024-11-01T18:37:26.320+0000] {processor.py:157} INFO - Started process (PID=1927) to work on /home/airflow/.local/lib/python3.7/site-packages/airflow/example_dags/example_sensor_decorator.py
[2024-11-01T18:37:26.321+0000] {processor.py:826} INFO - Processing file /home/airflow/.local/lib/python3.7/site-packages/airflow/example_dags/example_sensor_decorator.py for tasks to queue
[2024-11-01T18:37:26.322+0000] {logging_mixin.py:150} INFO - [2024-11-01T18:37:26.322+0000] {dagbag.py:541} INFO - Filling up the DagBag from /home/airflow/.local/lib/python3.7/site-packages/airflow/example_dags/example_sensor_decorator.py
[2024-11-01T18:37:26.327+0000] {processor.py:836} INFO - DAG(s) dict_keys(['example_sensor_decorator']) retrieved from /home/airflow/.local/lib/python3.7/site-packages/airflow/example_dags/example_sensor_decorator.py
[2024-11-01T18:37:26.350+0000] {logging_mixin.py:150} INFO - [2024-11-01T18:37:26.350+0000] {dag.py:2742} INFO - Sync 1 DAGs
[2024-11-01T18:37:26.365+0000] {logging_mixin.py:150} INFO - [2024-11-01T18:37:26.365+0000] {dag.py:3508} INFO - Setting next_dagrun for example_sensor_decorator to None, run_after=None
[2024-11-01T18:37:26.375+0000] {processor.py:179} INFO - Processing /home/airflow/.local/lib/python3.7/site-packages/airflow/example_dags/example_sensor_decorator.py took 0.058 seconds
[2024-11-01T18:37:58.275+0000] {processor.py:157} INFO - Started process (PID=1989) to work on /home/airflow/.local/lib/python3.7/site-packages/airflow/example_dags/example_sensor_decorator.py
[2024-11-01T18:37:58.289+0000] {processor.py:826} INFO - Processing file /home/airflow/.local/lib/python3.7/site-packages/airflow/example_dags/example_sensor_decorator.py for tasks to queue
[2024-11-01T18:37:58.291+0000] {logging_mixin.py:150} INFO - [2024-11-01T18:37:58.290+0000] {dagbag.py:541} INFO - Filling up the DagBag from /home/airflow/.local/lib/python3.7/site-packages/airflow/example_dags/example_sensor_decorator.py
[2024-11-01T18:37:58.301+0000] {processor.py:836} INFO - DAG(s) dict_keys(['example_sensor_decorator']) retrieved from /home/airflow/.local/lib/python3.7/site-packages/airflow/example_dags/example_sensor_decorator.py
[2024-11-01T18:37:58.484+0000] {logging_mixin.py:150} INFO - [2024-11-01T18:37:58.483+0000] {dag.py:2742} INFO - Sync 1 DAGs
[2024-11-01T18:37:58.541+0000] {logging_mixin.py:150} INFO - [2024-11-01T18:37:58.540+0000] {dag.py:3508} INFO - Setting next_dagrun for example_sensor_decorator to None, run_after=None
[2024-11-01T18:37:58.583+0000] {processor.py:179} INFO - Processing /home/airflow/.local/lib/python3.7/site-packages/airflow/example_dags/example_sensor_decorator.py took 0.339 seconds
[2024-11-01T18:38:28.722+0000] {processor.py:157} INFO - Started process (PID=2051) to work on /home/airflow/.local/lib/python3.7/site-packages/airflow/example_dags/example_sensor_decorator.py
[2024-11-01T18:38:28.723+0000] {processor.py:826} INFO - Processing file /home/airflow/.local/lib/python3.7/site-packages/airflow/example_dags/example_sensor_decorator.py for tasks to queue
[2024-11-01T18:38:28.723+0000] {logging_mixin.py:150} INFO - [2024-11-01T18:38:28.723+0000] {dagbag.py:541} INFO - Filling up the DagBag from /home/airflow/.local/lib/python3.7/site-packages/airflow/example_dags/example_sensor_decorator.py
[2024-11-01T18:38:28.728+0000] {processor.py:836} INFO - DAG(s) dict_keys(['example_sensor_decorator']) retrieved from /home/airflow/.local/lib/python3.7/site-packages/airflow/example_dags/example_sensor_decorator.py
[2024-11-01T18:38:28.746+0000] {logging_mixin.py:150} INFO - [2024-11-01T18:38:28.746+0000] {dag.py:2742} INFO - Sync 1 DAGs
[2024-11-01T18:38:28.766+0000] {logging_mixin.py:150} INFO - [2024-11-01T18:38:28.766+0000] {dag.py:3508} INFO - Setting next_dagrun for example_sensor_decorator to None, run_after=None
[2024-11-01T18:38:28.780+0000] {processor.py:179} INFO - Processing /home/airflow/.local/lib/python3.7/site-packages/airflow/example_dags/example_sensor_decorator.py took 0.065 seconds
[2024-11-01T18:38:59.188+0000] {processor.py:157} INFO - Started process (PID=2113) to work on /home/airflow/.local/lib/python3.7/site-packages/airflow/example_dags/example_sensor_decorator.py
[2024-11-01T18:38:59.189+0000] {processor.py:826} INFO - Processing file /home/airflow/.local/lib/python3.7/site-packages/airflow/example_dags/example_sensor_decorator.py for tasks to queue
[2024-11-01T18:38:59.190+0000] {logging_mixin.py:150} INFO - [2024-11-01T18:38:59.190+0000] {dagbag.py:541} INFO - Filling up the DagBag from /home/airflow/.local/lib/python3.7/site-packages/airflow/example_dags/example_sensor_decorator.py
[2024-11-01T18:38:59.194+0000] {processor.py:836} INFO - DAG(s) dict_keys(['example_sensor_decorator']) retrieved from /home/airflow/.local/lib/python3.7/site-packages/airflow/example_dags/example_sensor_decorator.py
[2024-11-01T18:38:59.226+0000] {logging_mixin.py:150} INFO - [2024-11-01T18:38:59.226+0000] {dag.py:2742} INFO - Sync 1 DAGs
[2024-11-01T18:38:59.246+0000] {logging_mixin.py:150} INFO - [2024-11-01T18:38:59.246+0000] {dag.py:3508} INFO - Setting next_dagrun for example_sensor_decorator to None, run_after=None
[2024-11-01T18:38:59.256+0000] {processor.py:179} INFO - Processing /home/airflow/.local/lib/python3.7/site-packages/airflow/example_dags/example_sensor_decorator.py took 0.073 seconds
[2024-11-01T18:39:30.044+0000] {processor.py:157} INFO - Started process (PID=2174) to work on /home/airflow/.local/lib/python3.7/site-packages/airflow/example_dags/example_sensor_decorator.py
[2024-11-01T18:39:30.052+0000] {processor.py:826} INFO - Processing file /home/airflow/.local/lib/python3.7/site-packages/airflow/example_dags/example_sensor_decorator.py for tasks to queue
[2024-11-01T18:39:30.053+0000] {logging_mixin.py:150} INFO - [2024-11-01T18:39:30.053+0000] {dagbag.py:541} INFO - Filling up the DagBag from /home/airflow/.local/lib/python3.7/site-packages/airflow/example_dags/example_sensor_decorator.py
[2024-11-01T18:39:30.058+0000] {processor.py:836} INFO - DAG(s) dict_keys(['example_sensor_decorator']) retrieved from /home/airflow/.local/lib/python3.7/site-packages/airflow/example_dags/example_sensor_decorator.py
[2024-11-01T18:39:30.074+0000] {logging_mixin.py:150} INFO - [2024-11-01T18:39:30.074+0000] {dag.py:2742} INFO - Sync 1 DAGs
[2024-11-01T18:39:30.094+0000] {logging_mixin.py:150} INFO - [2024-11-01T18:39:30.094+0000] {dag.py:3508} INFO - Setting next_dagrun for example_sensor_decorator to None, run_after=None
[2024-11-01T18:39:30.104+0000] {processor.py:179} INFO - Processing /home/airflow/.local/lib/python3.7/site-packages/airflow/example_dags/example_sensor_decorator.py took 0.071 seconds
[2024-11-01T18:40:00.165+0000] {processor.py:157} INFO - Started process (PID=2236) to work on /home/airflow/.local/lib/python3.7/site-packages/airflow/example_dags/example_sensor_decorator.py
[2024-11-01T18:40:00.167+0000] {processor.py:826} INFO - Processing file /home/airflow/.local/lib/python3.7/site-packages/airflow/example_dags/example_sensor_decorator.py for tasks to queue
[2024-11-01T18:40:00.168+0000] {logging_mixin.py:150} INFO - [2024-11-01T18:40:00.168+0000] {dagbag.py:541} INFO - Filling up the DagBag from /home/airflow/.local/lib/python3.7/site-packages/airflow/example_dags/example_sensor_decorator.py
[2024-11-01T18:40:00.175+0000] {processor.py:836} INFO - DAG(s) dict_keys(['example_sensor_decorator']) retrieved from /home/airflow/.local/lib/python3.7/site-packages/airflow/example_dags/example_sensor_decorator.py
[2024-11-01T18:40:00.215+0000] {logging_mixin.py:150} INFO - [2024-11-01T18:40:00.215+0000] {dag.py:2742} INFO - Sync 1 DAGs
[2024-11-01T18:40:00.237+0000] {logging_mixin.py:150} INFO - [2024-11-01T18:40:00.236+0000] {dag.py:3508} INFO - Setting next_dagrun for example_sensor_decorator to None, run_after=None
[2024-11-01T18:40:00.247+0000] {processor.py:179} INFO - Processing /home/airflow/.local/lib/python3.7/site-packages/airflow/example_dags/example_sensor_decorator.py took 0.088 seconds
[2024-11-01T18:40:31.267+0000] {processor.py:157} INFO - Started process (PID=2298) to work on /home/airflow/.local/lib/python3.7/site-packages/airflow/example_dags/example_sensor_decorator.py
[2024-11-01T18:40:31.271+0000] {processor.py:826} INFO - Processing file /home/airflow/.local/lib/python3.7/site-packages/airflow/example_dags/example_sensor_decorator.py for tasks to queue
[2024-11-01T18:40:31.271+0000] {logging_mixin.py:150} INFO - [2024-11-01T18:40:31.271+0000] {dagbag.py:541} INFO - Filling up the DagBag from /home/airflow/.local/lib/python3.7/site-packages/airflow/example_dags/example_sensor_decorator.py
[2024-11-01T18:40:31.278+0000] {processor.py:836} INFO - DAG(s) dict_keys(['example_sensor_decorator']) retrieved from /home/airflow/.local/lib/python3.7/site-packages/airflow/example_dags/example_sensor_decorator.py
[2024-11-01T18:40:31.296+0000] {logging_mixin.py:150} INFO - [2024-11-01T18:40:31.296+0000] {dag.py:2742} INFO - Sync 1 DAGs
[2024-11-01T18:40:31.318+0000] {logging_mixin.py:150} INFO - [2024-11-01T18:40:31.318+0000] {dag.py:3508} INFO - Setting next_dagrun for example_sensor_decorator to None, run_after=None
[2024-11-01T18:40:31.336+0000] {processor.py:179} INFO - Processing /home/airflow/.local/lib/python3.7/site-packages/airflow/example_dags/example_sensor_decorator.py took 0.090 seconds
[2024-11-01T18:41:02.194+0000] {processor.py:157} INFO - Started process (PID=2360) to work on /home/airflow/.local/lib/python3.7/site-packages/airflow/example_dags/example_sensor_decorator.py
[2024-11-01T18:41:02.195+0000] {processor.py:826} INFO - Processing file /home/airflow/.local/lib/python3.7/site-packages/airflow/example_dags/example_sensor_decorator.py for tasks to queue
[2024-11-01T18:41:02.195+0000] {logging_mixin.py:150} INFO - [2024-11-01T18:41:02.195+0000] {dagbag.py:541} INFO - Filling up the DagBag from /home/airflow/.local/lib/python3.7/site-packages/airflow/example_dags/example_sensor_decorator.py
[2024-11-01T18:41:02.199+0000] {processor.py:836} INFO - DAG(s) dict_keys(['example_sensor_decorator']) retrieved from /home/airflow/.local/lib/python3.7/site-packages/airflow/example_dags/example_sensor_decorator.py
[2024-11-01T18:41:02.218+0000] {logging_mixin.py:150} INFO - [2024-11-01T18:41:02.218+0000] {dag.py:2742} INFO - Sync 1 DAGs
[2024-11-01T18:41:02.236+0000] {logging_mixin.py:150} INFO - [2024-11-01T18:41:02.236+0000] {dag.py:3508} INFO - Setting next_dagrun for example_sensor_decorator to None, run_after=None
[2024-11-01T18:41:02.253+0000] {processor.py:179} INFO - Processing /home/airflow/.local/lib/python3.7/site-packages/airflow/example_dags/example_sensor_decorator.py took 0.061 seconds
[2024-11-01T18:41:32.502+0000] {processor.py:157} INFO - Started process (PID=2422) to work on /home/airflow/.local/lib/python3.7/site-packages/airflow/example_dags/example_sensor_decorator.py
[2024-11-01T18:41:32.504+0000] {processor.py:826} INFO - Processing file /home/airflow/.local/lib/python3.7/site-packages/airflow/example_dags/example_sensor_decorator.py for tasks to queue
[2024-11-01T18:41:32.504+0000] {logging_mixin.py:150} INFO - [2024-11-01T18:41:32.504+0000] {dagbag.py:541} INFO - Filling up the DagBag from /home/airflow/.local/lib/python3.7/site-packages/airflow/example_dags/example_sensor_decorator.py
[2024-11-01T18:41:32.510+0000] {processor.py:836} INFO - DAG(s) dict_keys(['example_sensor_decorator']) retrieved from /home/airflow/.local/lib/python3.7/site-packages/airflow/example_dags/example_sensor_decorator.py
[2024-11-01T18:41:32.535+0000] {logging_mixin.py:150} INFO - [2024-11-01T18:41:32.535+0000] {dag.py:2742} INFO - Sync 1 DAGs
[2024-11-01T18:41:32.553+0000] {logging_mixin.py:150} INFO - [2024-11-01T18:41:32.553+0000] {dag.py:3508} INFO - Setting next_dagrun for example_sensor_decorator to None, run_after=None
[2024-11-01T18:41:32.566+0000] {processor.py:179} INFO - Processing /home/airflow/.local/lib/python3.7/site-packages/airflow/example_dags/example_sensor_decorator.py took 0.067 seconds
[2024-11-01T18:42:03.410+0000] {processor.py:157} INFO - Started process (PID=2484) to work on /home/airflow/.local/lib/python3.7/site-packages/airflow/example_dags/example_sensor_decorator.py
[2024-11-01T18:42:03.419+0000] {processor.py:826} INFO - Processing file /home/airflow/.local/lib/python3.7/site-packages/airflow/example_dags/example_sensor_decorator.py for tasks to queue
[2024-11-01T18:42:03.422+0000] {logging_mixin.py:150} INFO - [2024-11-01T18:42:03.421+0000] {dagbag.py:541} INFO - Filling up the DagBag from /home/airflow/.local/lib/python3.7/site-packages/airflow/example_dags/example_sensor_decorator.py
[2024-11-01T18:42:03.440+0000] {processor.py:836} INFO - DAG(s) dict_keys(['example_sensor_decorator']) retrieved from /home/airflow/.local/lib/python3.7/site-packages/airflow/example_dags/example_sensor_decorator.py
[2024-11-01T18:42:03.493+0000] {logging_mixin.py:150} INFO - [2024-11-01T18:42:03.493+0000] {dag.py:2742} INFO - Sync 1 DAGs
[2024-11-01T18:42:03.511+0000] {logging_mixin.py:150} INFO - [2024-11-01T18:42:03.510+0000] {dag.py:3508} INFO - Setting next_dagrun for example_sensor_decorator to None, run_after=None
[2024-11-01T18:42:03.529+0000] {processor.py:179} INFO - Processing /home/airflow/.local/lib/python3.7/site-packages/airflow/example_dags/example_sensor_decorator.py took 0.128 seconds
[2024-11-01T18:42:34.452+0000] {processor.py:157} INFO - Started process (PID=2546) to work on /home/airflow/.local/lib/python3.7/site-packages/airflow/example_dags/example_sensor_decorator.py
[2024-11-01T18:42:34.453+0000] {processor.py:826} INFO - Processing file /home/airflow/.local/lib/python3.7/site-packages/airflow/example_dags/example_sensor_decorator.py for tasks to queue
[2024-11-01T18:42:34.454+0000] {logging_mixin.py:150} INFO - [2024-11-01T18:42:34.454+0000] {dagbag.py:541} INFO - Filling up the DagBag from /home/airflow/.local/lib/python3.7/site-packages/airflow/example_dags/example_sensor_decorator.py
[2024-11-01T18:42:34.462+0000] {processor.py:836} INFO - DAG(s) dict_keys(['example_sensor_decorator']) retrieved from /home/airflow/.local/lib/python3.7/site-packages/airflow/example_dags/example_sensor_decorator.py
[2024-11-01T18:42:34.524+0000] {logging_mixin.py:150} INFO - [2024-11-01T18:42:34.524+0000] {dag.py:2742} INFO - Sync 1 DAGs
[2024-11-01T18:42:34.593+0000] {logging_mixin.py:150} INFO - [2024-11-01T18:42:34.592+0000] {dag.py:3508} INFO - Setting next_dagrun for example_sensor_decorator to None, run_after=None
[2024-11-01T18:42:34.611+0000] {processor.py:179} INFO - Processing /home/airflow/.local/lib/python3.7/site-packages/airflow/example_dags/example_sensor_decorator.py took 0.167 seconds
[2024-11-01T18:43:10.247+0000] {processor.py:157} INFO - Started process (PID=2599) to work on /home/airflow/.local/lib/python3.7/site-packages/airflow/example_dags/example_sensor_decorator.py
[2024-11-01T18:43:10.250+0000] {processor.py:826} INFO - Processing file /home/airflow/.local/lib/python3.7/site-packages/airflow/example_dags/example_sensor_decorator.py for tasks to queue
[2024-11-01T18:43:10.251+0000] {logging_mixin.py:150} INFO - [2024-11-01T18:43:10.250+0000] {dagbag.py:541} INFO - Filling up the DagBag from /home/airflow/.local/lib/python3.7/site-packages/airflow/example_dags/example_sensor_decorator.py
[2024-11-01T18:43:10.269+0000] {processor.py:836} INFO - DAG(s) dict_keys(['example_sensor_decorator']) retrieved from /home/airflow/.local/lib/python3.7/site-packages/airflow/example_dags/example_sensor_decorator.py
[2024-11-01T18:43:10.327+0000] {logging_mixin.py:150} INFO - [2024-11-01T18:43:10.326+0000] {dag.py:2742} INFO - Sync 1 DAGs
[2024-11-01T18:43:10.362+0000] {logging_mixin.py:150} INFO - [2024-11-01T18:43:10.362+0000] {dag.py:3508} INFO - Setting next_dagrun for example_sensor_decorator to None, run_after=None
[2024-11-01T18:43:10.389+0000] {processor.py:179} INFO - Processing /home/airflow/.local/lib/python3.7/site-packages/airflow/example_dags/example_sensor_decorator.py took 0.152 seconds
[2024-11-01T18:43:40.463+0000] {processor.py:157} INFO - Started process (PID=2661) to work on /home/airflow/.local/lib/python3.7/site-packages/airflow/example_dags/example_sensor_decorator.py
[2024-11-01T18:43:40.467+0000] {processor.py:826} INFO - Processing file /home/airflow/.local/lib/python3.7/site-packages/airflow/example_dags/example_sensor_decorator.py for tasks to queue
[2024-11-01T18:43:40.467+0000] {logging_mixin.py:150} INFO - [2024-11-01T18:43:40.467+0000] {dagbag.py:541} INFO - Filling up the DagBag from /home/airflow/.local/lib/python3.7/site-packages/airflow/example_dags/example_sensor_decorator.py
[2024-11-01T18:43:40.472+0000] {processor.py:836} INFO - DAG(s) dict_keys(['example_sensor_decorator']) retrieved from /home/airflow/.local/lib/python3.7/site-packages/airflow/example_dags/example_sensor_decorator.py
[2024-11-01T18:43:40.507+0000] {logging_mixin.py:150} INFO - [2024-11-01T18:43:40.507+0000] {dag.py:2742} INFO - Sync 1 DAGs
[2024-11-01T18:43:40.524+0000] {logging_mixin.py:150} INFO - [2024-11-01T18:43:40.524+0000] {dag.py:3508} INFO - Setting next_dagrun for example_sensor_decorator to None, run_after=None
[2024-11-01T18:43:40.544+0000] {processor.py:179} INFO - Processing /home/airflow/.local/lib/python3.7/site-packages/airflow/example_dags/example_sensor_decorator.py took 0.083 seconds
[2024-11-01T18:44:10.642+0000] {processor.py:157} INFO - Started process (PID=2723) to work on /home/airflow/.local/lib/python3.7/site-packages/airflow/example_dags/example_sensor_decorator.py
[2024-11-01T18:44:10.643+0000] {processor.py:826} INFO - Processing file /home/airflow/.local/lib/python3.7/site-packages/airflow/example_dags/example_sensor_decorator.py for tasks to queue
[2024-11-01T18:44:10.643+0000] {logging_mixin.py:150} INFO - [2024-11-01T18:44:10.643+0000] {dagbag.py:541} INFO - Filling up the DagBag from /home/airflow/.local/lib/python3.7/site-packages/airflow/example_dags/example_sensor_decorator.py
[2024-11-01T18:44:10.648+0000] {processor.py:836} INFO - DAG(s) dict_keys(['example_sensor_decorator']) retrieved from /home/airflow/.local/lib/python3.7/site-packages/airflow/example_dags/example_sensor_decorator.py
[2024-11-01T18:44:10.665+0000] {logging_mixin.py:150} INFO - [2024-11-01T18:44:10.665+0000] {dag.py:2742} INFO - Sync 1 DAGs
[2024-11-01T18:44:10.681+0000] {logging_mixin.py:150} INFO - [2024-11-01T18:44:10.680+0000] {dag.py:3508} INFO - Setting next_dagrun for example_sensor_decorator to None, run_after=None
[2024-11-01T18:44:10.693+0000] {processor.py:179} INFO - Processing /home/airflow/.local/lib/python3.7/site-packages/airflow/example_dags/example_sensor_decorator.py took 0.053 seconds
[2024-11-01T18:44:41.457+0000] {processor.py:157} INFO - Started process (PID=2779) to work on /home/airflow/.local/lib/python3.7/site-packages/airflow/example_dags/example_sensor_decorator.py
[2024-11-01T18:44:41.458+0000] {processor.py:826} INFO - Processing file /home/airflow/.local/lib/python3.7/site-packages/airflow/example_dags/example_sensor_decorator.py for tasks to queue
[2024-11-01T18:44:41.459+0000] {logging_mixin.py:150} INFO - [2024-11-01T18:44:41.459+0000] {dagbag.py:541} INFO - Filling up the DagBag from /home/airflow/.local/lib/python3.7/site-packages/airflow/example_dags/example_sensor_decorator.py
[2024-11-01T18:44:41.465+0000] {processor.py:836} INFO - DAG(s) dict_keys(['example_sensor_decorator']) retrieved from /home/airflow/.local/lib/python3.7/site-packages/airflow/example_dags/example_sensor_decorator.py
[2024-11-01T18:44:41.483+0000] {logging_mixin.py:150} INFO - [2024-11-01T18:44:41.483+0000] {dag.py:2742} INFO - Sync 1 DAGs
[2024-11-01T18:44:41.498+0000] {logging_mixin.py:150} INFO - [2024-11-01T18:44:41.498+0000] {dag.py:3508} INFO - Setting next_dagrun for example_sensor_decorator to None, run_after=None
[2024-11-01T18:44:41.507+0000] {processor.py:179} INFO - Processing /home/airflow/.local/lib/python3.7/site-packages/airflow/example_dags/example_sensor_decorator.py took 0.055 seconds
[2024-11-01T18:45:11.937+0000] {processor.py:157} INFO - Started process (PID=2848) to work on /home/airflow/.local/lib/python3.7/site-packages/airflow/example_dags/example_sensor_decorator.py
[2024-11-01T18:45:11.938+0000] {processor.py:826} INFO - Processing file /home/airflow/.local/lib/python3.7/site-packages/airflow/example_dags/example_sensor_decorator.py for tasks to queue
[2024-11-01T18:45:11.938+0000] {logging_mixin.py:150} INFO - [2024-11-01T18:45:11.938+0000] {dagbag.py:541} INFO - Filling up the DagBag from /home/airflow/.local/lib/python3.7/site-packages/airflow/example_dags/example_sensor_decorator.py
[2024-11-01T18:45:11.942+0000] {processor.py:836} INFO - DAG(s) dict_keys(['example_sensor_decorator']) retrieved from /home/airflow/.local/lib/python3.7/site-packages/airflow/example_dags/example_sensor_decorator.py
[2024-11-01T18:45:11.957+0000] {logging_mixin.py:150} INFO - [2024-11-01T18:45:11.957+0000] {dag.py:2742} INFO - Sync 1 DAGs
[2024-11-01T18:45:11.969+0000] {logging_mixin.py:150} INFO - [2024-11-01T18:45:11.969+0000] {dag.py:3508} INFO - Setting next_dagrun for example_sensor_decorator to None, run_after=None
[2024-11-01T18:45:11.978+0000] {processor.py:179} INFO - Processing /home/airflow/.local/lib/python3.7/site-packages/airflow/example_dags/example_sensor_decorator.py took 0.042 seconds
[2024-11-01T18:45:42.427+0000] {processor.py:157} INFO - Started process (PID=2910) to work on /home/airflow/.local/lib/python3.7/site-packages/airflow/example_dags/example_sensor_decorator.py
[2024-11-01T18:45:42.429+0000] {processor.py:826} INFO - Processing file /home/airflow/.local/lib/python3.7/site-packages/airflow/example_dags/example_sensor_decorator.py for tasks to queue
[2024-11-01T18:45:42.430+0000] {logging_mixin.py:150} INFO - [2024-11-01T18:45:42.430+0000] {dagbag.py:541} INFO - Filling up the DagBag from /home/airflow/.local/lib/python3.7/site-packages/airflow/example_dags/example_sensor_decorator.py
[2024-11-01T18:45:42.441+0000] {processor.py:836} INFO - DAG(s) dict_keys(['example_sensor_decorator']) retrieved from /home/airflow/.local/lib/python3.7/site-packages/airflow/example_dags/example_sensor_decorator.py
[2024-11-01T18:45:42.469+0000] {logging_mixin.py:150} INFO - [2024-11-01T18:45:42.469+0000] {dag.py:2742} INFO - Sync 1 DAGs
[2024-11-01T18:45:42.488+0000] {logging_mixin.py:150} INFO - [2024-11-01T18:45:42.488+0000] {dag.py:3508} INFO - Setting next_dagrun for example_sensor_decorator to None, run_after=None
[2024-11-01T18:45:42.502+0000] {processor.py:179} INFO - Processing /home/airflow/.local/lib/python3.7/site-packages/airflow/example_dags/example_sensor_decorator.py took 0.077 seconds
[2024-11-01T18:46:12.799+0000] {processor.py:157} INFO - Started process (PID=2972) to work on /home/airflow/.local/lib/python3.7/site-packages/airflow/example_dags/example_sensor_decorator.py
[2024-11-01T18:46:12.801+0000] {processor.py:826} INFO - Processing file /home/airflow/.local/lib/python3.7/site-packages/airflow/example_dags/example_sensor_decorator.py for tasks to queue
[2024-11-01T18:46:12.802+0000] {logging_mixin.py:150} INFO - [2024-11-01T18:46:12.801+0000] {dagbag.py:541} INFO - Filling up the DagBag from /home/airflow/.local/lib/python3.7/site-packages/airflow/example_dags/example_sensor_decorator.py
[2024-11-01T18:46:12.815+0000] {processor.py:836} INFO - DAG(s) dict_keys(['example_sensor_decorator']) retrieved from /home/airflow/.local/lib/python3.7/site-packages/airflow/example_dags/example_sensor_decorator.py
[2024-11-01T18:46:12.833+0000] {logging_mixin.py:150} INFO - [2024-11-01T18:46:12.832+0000] {dag.py:2742} INFO - Sync 1 DAGs
[2024-11-01T18:46:12.846+0000] {logging_mixin.py:150} INFO - [2024-11-01T18:46:12.846+0000] {dag.py:3508} INFO - Setting next_dagrun for example_sensor_decorator to None, run_after=None
[2024-11-01T18:46:12.856+0000] {processor.py:179} INFO - Processing /home/airflow/.local/lib/python3.7/site-packages/airflow/example_dags/example_sensor_decorator.py took 0.062 seconds
[2024-11-01T18:46:43.610+0000] {processor.py:157} INFO - Started process (PID=3034) to work on /home/airflow/.local/lib/python3.7/site-packages/airflow/example_dags/example_sensor_decorator.py
[2024-11-01T18:46:43.617+0000] {processor.py:826} INFO - Processing file /home/airflow/.local/lib/python3.7/site-packages/airflow/example_dags/example_sensor_decorator.py for tasks to queue
[2024-11-01T18:46:43.619+0000] {logging_mixin.py:150} INFO - [2024-11-01T18:46:43.619+0000] {dagbag.py:541} INFO - Filling up the DagBag from /home/airflow/.local/lib/python3.7/site-packages/airflow/example_dags/example_sensor_decorator.py
[2024-11-01T18:46:43.641+0000] {processor.py:836} INFO - DAG(s) dict_keys(['example_sensor_decorator']) retrieved from /home/airflow/.local/lib/python3.7/site-packages/airflow/example_dags/example_sensor_decorator.py
[2024-11-01T18:46:44.814+0000] {logging_mixin.py:150} INFO - [2024-11-01T18:46:44.809+0000] {dag.py:2742} INFO - Sync 1 DAGs
[2024-11-01T18:46:44.923+0000] {logging_mixin.py:150} INFO - [2024-11-01T18:46:44.923+0000] {dag.py:3508} INFO - Setting next_dagrun for example_sensor_decorator to None, run_after=None
[2024-11-01T18:46:44.950+0000] {processor.py:179} INFO - Processing /home/airflow/.local/lib/python3.7/site-packages/airflow/example_dags/example_sensor_decorator.py took 1.361 seconds
[2024-11-01T18:47:15.145+0000] {processor.py:157} INFO - Started process (PID=3096) to work on /home/airflow/.local/lib/python3.7/site-packages/airflow/example_dags/example_sensor_decorator.py
[2024-11-01T18:47:15.147+0000] {processor.py:826} INFO - Processing file /home/airflow/.local/lib/python3.7/site-packages/airflow/example_dags/example_sensor_decorator.py for tasks to queue
[2024-11-01T18:47:15.148+0000] {logging_mixin.py:150} INFO - [2024-11-01T18:47:15.148+0000] {dagbag.py:541} INFO - Filling up the DagBag from /home/airflow/.local/lib/python3.7/site-packages/airflow/example_dags/example_sensor_decorator.py
[2024-11-01T18:47:15.156+0000] {processor.py:836} INFO - DAG(s) dict_keys(['example_sensor_decorator']) retrieved from /home/airflow/.local/lib/python3.7/site-packages/airflow/example_dags/example_sensor_decorator.py
[2024-11-01T18:47:15.184+0000] {logging_mixin.py:150} INFO - [2024-11-01T18:47:15.184+0000] {dag.py:2742} INFO - Sync 1 DAGs
[2024-11-01T18:47:15.203+0000] {logging_mixin.py:150} INFO - [2024-11-01T18:47:15.203+0000] {dag.py:3508} INFO - Setting next_dagrun for example_sensor_decorator to None, run_after=None
[2024-11-01T18:47:15.226+0000] {processor.py:179} INFO - Processing /home/airflow/.local/lib/python3.7/site-packages/airflow/example_dags/example_sensor_decorator.py took 0.086 seconds
[2024-11-01T18:47:46.021+0000] {processor.py:157} INFO - Started process (PID=3159) to work on /home/airflow/.local/lib/python3.7/site-packages/airflow/example_dags/example_sensor_decorator.py
[2024-11-01T18:47:46.027+0000] {processor.py:826} INFO - Processing file /home/airflow/.local/lib/python3.7/site-packages/airflow/example_dags/example_sensor_decorator.py for tasks to queue
[2024-11-01T18:47:46.035+0000] {logging_mixin.py:150} INFO - [2024-11-01T18:47:46.034+0000] {dagbag.py:541} INFO - Filling up the DagBag from /home/airflow/.local/lib/python3.7/site-packages/airflow/example_dags/example_sensor_decorator.py
[2024-11-01T18:47:46.118+0000] {processor.py:836} INFO - DAG(s) dict_keys(['example_sensor_decorator']) retrieved from /home/airflow/.local/lib/python3.7/site-packages/airflow/example_dags/example_sensor_decorator.py
[2024-11-01T18:47:46.209+0000] {logging_mixin.py:150} INFO - [2024-11-01T18:47:46.209+0000] {dag.py:2742} INFO - Sync 1 DAGs
[2024-11-01T18:47:46.235+0000] {logging_mixin.py:150} INFO - [2024-11-01T18:47:46.234+0000] {dag.py:3508} INFO - Setting next_dagrun for example_sensor_decorator to None, run_after=None
[2024-11-01T18:47:46.265+0000] {processor.py:179} INFO - Processing /home/airflow/.local/lib/python3.7/site-packages/airflow/example_dags/example_sensor_decorator.py took 0.272 seconds
[2024-11-01T18:48:16.630+0000] {processor.py:157} INFO - Started process (PID=3221) to work on /home/airflow/.local/lib/python3.7/site-packages/airflow/example_dags/example_sensor_decorator.py
[2024-11-01T18:48:16.634+0000] {processor.py:826} INFO - Processing file /home/airflow/.local/lib/python3.7/site-packages/airflow/example_dags/example_sensor_decorator.py for tasks to queue
[2024-11-01T18:48:16.636+0000] {logging_mixin.py:150} INFO - [2024-11-01T18:48:16.635+0000] {dagbag.py:541} INFO - Filling up the DagBag from /home/airflow/.local/lib/python3.7/site-packages/airflow/example_dags/example_sensor_decorator.py
[2024-11-01T18:48:16.653+0000] {processor.py:836} INFO - DAG(s) dict_keys(['example_sensor_decorator']) retrieved from /home/airflow/.local/lib/python3.7/site-packages/airflow/example_dags/example_sensor_decorator.py
[2024-11-01T18:48:16.745+0000] {logging_mixin.py:150} INFO - [2024-11-01T18:48:16.745+0000] {dag.py:2742} INFO - Sync 1 DAGs
[2024-11-01T18:48:16.778+0000] {logging_mixin.py:150} INFO - [2024-11-01T18:48:16.778+0000] {dag.py:3508} INFO - Setting next_dagrun for example_sensor_decorator to None, run_after=None
[2024-11-01T18:48:16.799+0000] {processor.py:179} INFO - Processing /home/airflow/.local/lib/python3.7/site-packages/airflow/example_dags/example_sensor_decorator.py took 0.198 seconds
[2024-11-01T18:48:46.858+0000] {processor.py:157} INFO - Started process (PID=3283) to work on /home/airflow/.local/lib/python3.7/site-packages/airflow/example_dags/example_sensor_decorator.py
[2024-11-01T18:48:46.859+0000] {processor.py:826} INFO - Processing file /home/airflow/.local/lib/python3.7/site-packages/airflow/example_dags/example_sensor_decorator.py for tasks to queue
[2024-11-01T18:48:46.860+0000] {logging_mixin.py:150} INFO - [2024-11-01T18:48:46.860+0000] {dagbag.py:541} INFO - Filling up the DagBag from /home/airflow/.local/lib/python3.7/site-packages/airflow/example_dags/example_sensor_decorator.py
[2024-11-01T18:48:46.867+0000] {processor.py:836} INFO - DAG(s) dict_keys(['example_sensor_decorator']) retrieved from /home/airflow/.local/lib/python3.7/site-packages/airflow/example_dags/example_sensor_decorator.py
[2024-11-01T18:48:46.890+0000] {logging_mixin.py:150} INFO - [2024-11-01T18:48:46.889+0000] {dag.py:2742} INFO - Sync 1 DAGs
[2024-11-01T18:48:46.911+0000] {logging_mixin.py:150} INFO - [2024-11-01T18:48:46.911+0000] {dag.py:3508} INFO - Setting next_dagrun for example_sensor_decorator to None, run_after=None
[2024-11-01T18:48:46.926+0000] {processor.py:179} INFO - Processing /home/airflow/.local/lib/python3.7/site-packages/airflow/example_dags/example_sensor_decorator.py took 0.073 seconds
[2024-11-01T18:49:17.978+0000] {processor.py:157} INFO - Started process (PID=3345) to work on /home/airflow/.local/lib/python3.7/site-packages/airflow/example_dags/example_sensor_decorator.py
[2024-11-01T18:49:17.981+0000] {processor.py:826} INFO - Processing file /home/airflow/.local/lib/python3.7/site-packages/airflow/example_dags/example_sensor_decorator.py for tasks to queue
[2024-11-01T18:49:17.982+0000] {logging_mixin.py:150} INFO - [2024-11-01T18:49:17.982+0000] {dagbag.py:541} INFO - Filling up the DagBag from /home/airflow/.local/lib/python3.7/site-packages/airflow/example_dags/example_sensor_decorator.py
[2024-11-01T18:49:17.988+0000] {processor.py:836} INFO - DAG(s) dict_keys(['example_sensor_decorator']) retrieved from /home/airflow/.local/lib/python3.7/site-packages/airflow/example_dags/example_sensor_decorator.py
[2024-11-01T18:49:18.039+0000] {logging_mixin.py:150} INFO - [2024-11-01T18:49:18.039+0000] {dag.py:2742} INFO - Sync 1 DAGs
[2024-11-01T18:49:18.120+0000] {logging_mixin.py:150} INFO - [2024-11-01T18:49:18.119+0000] {dag.py:3508} INFO - Setting next_dagrun for example_sensor_decorator to None, run_after=None
[2024-11-01T18:49:18.172+0000] {processor.py:179} INFO - Processing /home/airflow/.local/lib/python3.7/site-packages/airflow/example_dags/example_sensor_decorator.py took 0.197 seconds
[2024-11-01T18:49:49.157+0000] {processor.py:157} INFO - Started process (PID=3407) to work on /home/airflow/.local/lib/python3.7/site-packages/airflow/example_dags/example_sensor_decorator.py
[2024-11-01T18:49:49.167+0000] {processor.py:826} INFO - Processing file /home/airflow/.local/lib/python3.7/site-packages/airflow/example_dags/example_sensor_decorator.py for tasks to queue
[2024-11-01T18:49:49.175+0000] {logging_mixin.py:150} INFO - [2024-11-01T18:49:49.173+0000] {dagbag.py:541} INFO - Filling up the DagBag from /home/airflow/.local/lib/python3.7/site-packages/airflow/example_dags/example_sensor_decorator.py
[2024-11-01T18:49:49.194+0000] {processor.py:836} INFO - DAG(s) dict_keys(['example_sensor_decorator']) retrieved from /home/airflow/.local/lib/python3.7/site-packages/airflow/example_dags/example_sensor_decorator.py
[2024-11-01T18:49:49.257+0000] {logging_mixin.py:150} INFO - [2024-11-01T18:49:49.257+0000] {dag.py:2742} INFO - Sync 1 DAGs
[2024-11-01T18:49:49.313+0000] {logging_mixin.py:150} INFO - [2024-11-01T18:49:49.312+0000] {dag.py:3508} INFO - Setting next_dagrun for example_sensor_decorator to None, run_after=None
[2024-11-01T18:49:49.343+0000] {processor.py:179} INFO - Processing /home/airflow/.local/lib/python3.7/site-packages/airflow/example_dags/example_sensor_decorator.py took 0.203 seconds
[2024-11-01T18:50:19.807+0000] {processor.py:157} INFO - Started process (PID=3469) to work on /home/airflow/.local/lib/python3.7/site-packages/airflow/example_dags/example_sensor_decorator.py
[2024-11-01T18:50:19.809+0000] {processor.py:826} INFO - Processing file /home/airflow/.local/lib/python3.7/site-packages/airflow/example_dags/example_sensor_decorator.py for tasks to queue
[2024-11-01T18:50:19.810+0000] {logging_mixin.py:150} INFO - [2024-11-01T18:50:19.810+0000] {dagbag.py:541} INFO - Filling up the DagBag from /home/airflow/.local/lib/python3.7/site-packages/airflow/example_dags/example_sensor_decorator.py
[2024-11-01T18:50:19.822+0000] {processor.py:836} INFO - DAG(s) dict_keys(['example_sensor_decorator']) retrieved from /home/airflow/.local/lib/python3.7/site-packages/airflow/example_dags/example_sensor_decorator.py
[2024-11-01T18:50:19.842+0000] {logging_mixin.py:150} INFO - [2024-11-01T18:50:19.842+0000] {dag.py:2742} INFO - Sync 1 DAGs
[2024-11-01T18:50:19.856+0000] {logging_mixin.py:150} INFO - [2024-11-01T18:50:19.856+0000] {dag.py:3508} INFO - Setting next_dagrun for example_sensor_decorator to None, run_after=None
[2024-11-01T18:50:19.870+0000] {processor.py:179} INFO - Processing /home/airflow/.local/lib/python3.7/site-packages/airflow/example_dags/example_sensor_decorator.py took 0.070 seconds
[2024-11-01T18:50:50.851+0000] {processor.py:157} INFO - Started process (PID=3531) to work on /home/airflow/.local/lib/python3.7/site-packages/airflow/example_dags/example_sensor_decorator.py
[2024-11-01T18:50:50.853+0000] {processor.py:826} INFO - Processing file /home/airflow/.local/lib/python3.7/site-packages/airflow/example_dags/example_sensor_decorator.py for tasks to queue
[2024-11-01T18:50:50.854+0000] {logging_mixin.py:150} INFO - [2024-11-01T18:50:50.854+0000] {dagbag.py:541} INFO - Filling up the DagBag from /home/airflow/.local/lib/python3.7/site-packages/airflow/example_dags/example_sensor_decorator.py
[2024-11-01T18:50:50.863+0000] {processor.py:836} INFO - DAG(s) dict_keys(['example_sensor_decorator']) retrieved from /home/airflow/.local/lib/python3.7/site-packages/airflow/example_dags/example_sensor_decorator.py
[2024-11-01T18:50:50.903+0000] {logging_mixin.py:150} INFO - [2024-11-01T18:50:50.903+0000] {dag.py:2742} INFO - Sync 1 DAGs
[2024-11-01T18:50:50.928+0000] {logging_mixin.py:150} INFO - [2024-11-01T18:50:50.928+0000] {dag.py:3508} INFO - Setting next_dagrun for example_sensor_decorator to None, run_after=None
[2024-11-01T18:50:50.944+0000] {processor.py:179} INFO - Processing /home/airflow/.local/lib/python3.7/site-packages/airflow/example_dags/example_sensor_decorator.py took 0.100 seconds
[2024-11-01T18:51:21.505+0000] {processor.py:157} INFO - Started process (PID=3593) to work on /home/airflow/.local/lib/python3.7/site-packages/airflow/example_dags/example_sensor_decorator.py
[2024-11-01T18:51:21.511+0000] {processor.py:826} INFO - Processing file /home/airflow/.local/lib/python3.7/site-packages/airflow/example_dags/example_sensor_decorator.py for tasks to queue
[2024-11-01T18:51:21.518+0000] {logging_mixin.py:150} INFO - [2024-11-01T18:51:21.515+0000] {dagbag.py:541} INFO - Filling up the DagBag from /home/airflow/.local/lib/python3.7/site-packages/airflow/example_dags/example_sensor_decorator.py
[2024-11-01T18:51:21.561+0000] {processor.py:836} INFO - DAG(s) dict_keys(['example_sensor_decorator']) retrieved from /home/airflow/.local/lib/python3.7/site-packages/airflow/example_dags/example_sensor_decorator.py
[2024-11-01T18:51:21.728+0000] {logging_mixin.py:150} INFO - [2024-11-01T18:51:21.724+0000] {dag.py:2742} INFO - Sync 1 DAGs
[2024-11-01T18:51:21.888+0000] {logging_mixin.py:150} INFO - [2024-11-01T18:51:21.887+0000] {dag.py:3508} INFO - Setting next_dagrun for example_sensor_decorator to None, run_after=None
[2024-11-01T18:51:22.217+0000] {processor.py:179} INFO - Processing /home/airflow/.local/lib/python3.7/site-packages/airflow/example_dags/example_sensor_decorator.py took 0.787 seconds
[2024-11-01T18:51:53.222+0000] {processor.py:157} INFO - Started process (PID=3655) to work on /home/airflow/.local/lib/python3.7/site-packages/airflow/example_dags/example_sensor_decorator.py
[2024-11-01T18:51:53.228+0000] {processor.py:826} INFO - Processing file /home/airflow/.local/lib/python3.7/site-packages/airflow/example_dags/example_sensor_decorator.py for tasks to queue
[2024-11-01T18:51:53.236+0000] {logging_mixin.py:150} INFO - [2024-11-01T18:51:53.235+0000] {dagbag.py:541} INFO - Filling up the DagBag from /home/airflow/.local/lib/python3.7/site-packages/airflow/example_dags/example_sensor_decorator.py
[2024-11-01T18:51:53.263+0000] {processor.py:836} INFO - DAG(s) dict_keys(['example_sensor_decorator']) retrieved from /home/airflow/.local/lib/python3.7/site-packages/airflow/example_dags/example_sensor_decorator.py
[2024-11-01T18:51:53.335+0000] {logging_mixin.py:150} INFO - [2024-11-01T18:51:53.335+0000] {dag.py:2742} INFO - Sync 1 DAGs
[2024-11-01T18:51:53.363+0000] {logging_mixin.py:150} INFO - [2024-11-01T18:51:53.363+0000] {dag.py:3508} INFO - Setting next_dagrun for example_sensor_decorator to None, run_after=None
[2024-11-01T18:51:53.384+0000] {processor.py:179} INFO - Processing /home/airflow/.local/lib/python3.7/site-packages/airflow/example_dags/example_sensor_decorator.py took 0.172 seconds
[2024-11-01T18:52:23.535+0000] {processor.py:157} INFO - Started process (PID=3717) to work on /home/airflow/.local/lib/python3.7/site-packages/airflow/example_dags/example_sensor_decorator.py
[2024-11-01T18:52:23.536+0000] {processor.py:826} INFO - Processing file /home/airflow/.local/lib/python3.7/site-packages/airflow/example_dags/example_sensor_decorator.py for tasks to queue
[2024-11-01T18:52:23.537+0000] {logging_mixin.py:150} INFO - [2024-11-01T18:52:23.537+0000] {dagbag.py:541} INFO - Filling up the DagBag from /home/airflow/.local/lib/python3.7/site-packages/airflow/example_dags/example_sensor_decorator.py
[2024-11-01T18:52:23.543+0000] {processor.py:836} INFO - DAG(s) dict_keys(['example_sensor_decorator']) retrieved from /home/airflow/.local/lib/python3.7/site-packages/airflow/example_dags/example_sensor_decorator.py
[2024-11-01T18:52:23.571+0000] {logging_mixin.py:150} INFO - [2024-11-01T18:52:23.571+0000] {dag.py:2742} INFO - Sync 1 DAGs
[2024-11-01T18:52:23.591+0000] {logging_mixin.py:150} INFO - [2024-11-01T18:52:23.591+0000] {dag.py:3508} INFO - Setting next_dagrun for example_sensor_decorator to None, run_after=None
[2024-11-01T18:52:23.603+0000] {processor.py:179} INFO - Processing /home/airflow/.local/lib/python3.7/site-packages/airflow/example_dags/example_sensor_decorator.py took 0.072 seconds
