[2024-11-01T18:12:01.382+0000] {processor.py:157} INFO - Started process (PID=54) to work on /home/airflow/.local/lib/python3.7/site-packages/airflow/example_dags/example_branch_python_dop_operator_3.py
[2024-11-01T18:12:01.397+0000] {processor.py:826} INFO - Processing file /home/airflow/.local/lib/python3.7/site-packages/airflow/example_dags/example_branch_python_dop_operator_3.py for tasks to queue
[2024-11-01T18:12:01.399+0000] {logging_mixin.py:150} INFO - [2024-11-01T18:12:01.398+0000] {dagbag.py:541} INFO - Filling up the DagBag from /home/airflow/.local/lib/python3.7/site-packages/airflow/example_dags/example_branch_python_dop_operator_3.py
[2024-11-01T18:12:01.414+0000] {processor.py:836} INFO - DAG(s) dict_keys(['example_branch_dop_operator_v3']) retrieved from /home/airflow/.local/lib/python3.7/site-packages/airflow/example_dags/example_branch_python_dop_operator_3.py
[2024-11-01T18:12:01.443+0000] {logging_mixin.py:150} INFO - [2024-11-01T18:12:01.443+0000] {dag.py:2742} INFO - Sync 1 DAGs
[2024-11-01T18:12:01.565+0000] {logging_mixin.py:150} INFO - [2024-11-01T18:12:01.564+0000] {dag.py:3508} INFO - Setting next_dagrun for example_branch_dop_operator_v3 to 2024-11-01T18:11:00+00:00, run_after=2024-11-01T18:12:00+00:00
[2024-11-01T18:12:01.666+0000] {processor.py:179} INFO - Processing /home/airflow/.local/lib/python3.7/site-packages/airflow/example_dags/example_branch_python_dop_operator_3.py took 0.288 seconds
[2024-11-01T18:12:32.349+0000] {processor.py:157} INFO - Started process (PID=116) to work on /home/airflow/.local/lib/python3.7/site-packages/airflow/example_dags/example_branch_python_dop_operator_3.py
[2024-11-01T18:12:33.135+0000] {processor.py:826} INFO - Processing file /home/airflow/.local/lib/python3.7/site-packages/airflow/example_dags/example_branch_python_dop_operator_3.py for tasks to queue
[2024-11-01T18:12:33.613+0000] {logging_mixin.py:150} INFO - [2024-11-01T18:12:33.609+0000] {dagbag.py:541} INFO - Filling up the DagBag from /home/airflow/.local/lib/python3.7/site-packages/airflow/example_dags/example_branch_python_dop_operator_3.py
[2024-11-01T18:12:34.484+0000] {processor.py:836} INFO - DAG(s) dict_keys(['example_branch_dop_operator_v3']) retrieved from /home/airflow/.local/lib/python3.7/site-packages/airflow/example_dags/example_branch_python_dop_operator_3.py
[2024-11-01T18:12:34.555+0000] {logging_mixin.py:150} INFO - [2024-11-01T18:12:34.555+0000] {dag.py:2742} INFO - Sync 1 DAGs
[2024-11-01T18:12:34.615+0000] {logging_mixin.py:150} INFO - [2024-11-01T18:12:34.614+0000] {dag.py:3508} INFO - Setting next_dagrun for example_branch_dop_operator_v3 to 2024-11-01T18:11:00+00:00, run_after=2024-11-01T18:12:00+00:00
[2024-11-01T18:12:35.096+0000] {processor.py:179} INFO - Processing /home/airflow/.local/lib/python3.7/site-packages/airflow/example_dags/example_branch_python_dop_operator_3.py took 2.753 seconds
[2024-11-01T18:13:05.510+0000] {processor.py:157} INFO - Started process (PID=177) to work on /home/airflow/.local/lib/python3.7/site-packages/airflow/example_dags/example_branch_python_dop_operator_3.py
[2024-11-01T18:13:05.514+0000] {processor.py:826} INFO - Processing file /home/airflow/.local/lib/python3.7/site-packages/airflow/example_dags/example_branch_python_dop_operator_3.py for tasks to queue
[2024-11-01T18:13:05.514+0000] {logging_mixin.py:150} INFO - [2024-11-01T18:13:05.514+0000] {dagbag.py:541} INFO - Filling up the DagBag from /home/airflow/.local/lib/python3.7/site-packages/airflow/example_dags/example_branch_python_dop_operator_3.py
[2024-11-01T18:13:05.525+0000] {processor.py:836} INFO - DAG(s) dict_keys(['example_branch_dop_operator_v3']) retrieved from /home/airflow/.local/lib/python3.7/site-packages/airflow/example_dags/example_branch_python_dop_operator_3.py
[2024-11-01T18:13:05.556+0000] {logging_mixin.py:150} INFO - [2024-11-01T18:13:05.556+0000] {dag.py:2742} INFO - Sync 1 DAGs
[2024-11-01T18:13:05.593+0000] {logging_mixin.py:150} INFO - [2024-11-01T18:13:05.592+0000] {dag.py:3508} INFO - Setting next_dagrun for example_branch_dop_operator_v3 to 2024-11-01T18:12:00+00:00, run_after=2024-11-01T18:13:00+00:00
[2024-11-01T18:13:05.609+0000] {processor.py:179} INFO - Processing /home/airflow/.local/lib/python3.7/site-packages/airflow/example_dags/example_branch_python_dop_operator_3.py took 0.101 seconds
[2024-11-01T18:15:44.798+0000] {processor.py:157} INFO - Started process (PID=258) to work on /home/airflow/.local/lib/python3.7/site-packages/airflow/example_dags/example_branch_python_dop_operator_3.py
[2024-11-01T18:15:44.879+0000] {processor.py:826} INFO - Processing file /home/airflow/.local/lib/python3.7/site-packages/airflow/example_dags/example_branch_python_dop_operator_3.py for tasks to queue
[2024-11-01T18:15:44.932+0000] {logging_mixin.py:150} INFO - [2024-11-01T18:15:44.918+0000] {dagbag.py:541} INFO - Filling up the DagBag from /home/airflow/.local/lib/python3.7/site-packages/airflow/example_dags/example_branch_python_dop_operator_3.py
[2024-11-01T18:15:45.601+0000] {processor.py:836} INFO - DAG(s) dict_keys(['example_branch_dop_operator_v3']) retrieved from /home/airflow/.local/lib/python3.7/site-packages/airflow/example_dags/example_branch_python_dop_operator_3.py
[2024-11-01T18:15:46.828+0000] {logging_mixin.py:150} INFO - [2024-11-01T18:15:46.777+0000] {dag.py:2742} INFO - Sync 1 DAGs
[2024-11-01T18:15:48.341+0000] {logging_mixin.py:150} INFO - [2024-11-01T18:15:48.339+0000] {dag.py:3508} INFO - Setting next_dagrun for example_branch_dop_operator_v3 to 2024-11-01T18:14:00+00:00, run_after=2024-11-01T18:15:00+00:00
[2024-11-01T18:15:48.694+0000] {processor.py:179} INFO - Processing /home/airflow/.local/lib/python3.7/site-packages/airflow/example_dags/example_branch_python_dop_operator_3.py took 3.993 seconds
[2024-11-01T18:17:20.800+0000] {processor.py:157} INFO - Started process (PID=324) to work on /home/airflow/.local/lib/python3.7/site-packages/airflow/example_dags/example_branch_python_dop_operator_3.py
[2024-11-01T18:17:20.826+0000] {processor.py:826} INFO - Processing file /home/airflow/.local/lib/python3.7/site-packages/airflow/example_dags/example_branch_python_dop_operator_3.py for tasks to queue
[2024-11-01T18:17:20.829+0000] {logging_mixin.py:150} INFO - [2024-11-01T18:17:20.829+0000] {dagbag.py:541} INFO - Filling up the DagBag from /home/airflow/.local/lib/python3.7/site-packages/airflow/example_dags/example_branch_python_dop_operator_3.py
[2024-11-01T18:17:20.864+0000] {processor.py:836} INFO - DAG(s) dict_keys(['example_branch_dop_operator_v3']) retrieved from /home/airflow/.local/lib/python3.7/site-packages/airflow/example_dags/example_branch_python_dop_operator_3.py
[2024-11-01T18:17:20.950+0000] {logging_mixin.py:150} INFO - [2024-11-01T18:17:20.950+0000] {dag.py:2742} INFO - Sync 1 DAGs
[2024-11-01T18:17:21.035+0000] {logging_mixin.py:150} INFO - [2024-11-01T18:17:21.035+0000] {dag.py:3508} INFO - Setting next_dagrun for example_branch_dop_operator_v3 to 2024-11-01T18:16:00+00:00, run_after=2024-11-01T18:17:00+00:00
[2024-11-01T18:17:21.189+0000] {processor.py:179} INFO - Processing /home/airflow/.local/lib/python3.7/site-packages/airflow/example_dags/example_branch_python_dop_operator_3.py took 0.395 seconds
[2024-11-01T18:18:20.217+0000] {processor.py:157} INFO - Started process (PID=413) to work on /home/airflow/.local/lib/python3.7/site-packages/airflow/example_dags/example_branch_python_dop_operator_3.py
[2024-11-01T18:18:20.246+0000] {processor.py:826} INFO - Processing file /home/airflow/.local/lib/python3.7/site-packages/airflow/example_dags/example_branch_python_dop_operator_3.py for tasks to queue
[2024-11-01T18:18:20.248+0000] {logging_mixin.py:150} INFO - [2024-11-01T18:18:20.248+0000] {dagbag.py:541} INFO - Filling up the DagBag from /home/airflow/.local/lib/python3.7/site-packages/airflow/example_dags/example_branch_python_dop_operator_3.py
[2024-11-01T18:18:20.430+0000] {processor.py:836} INFO - DAG(s) dict_keys(['example_branch_dop_operator_v3']) retrieved from /home/airflow/.local/lib/python3.7/site-packages/airflow/example_dags/example_branch_python_dop_operator_3.py
[2024-11-01T18:18:20.571+0000] {logging_mixin.py:150} INFO - [2024-11-01T18:18:20.569+0000] {dag.py:2742} INFO - Sync 1 DAGs
[2024-11-01T18:18:20.799+0000] {logging_mixin.py:150} INFO - [2024-11-01T18:18:20.797+0000] {dag.py:3508} INFO - Setting next_dagrun for example_branch_dop_operator_v3 to 2024-11-01T18:17:00+00:00, run_after=2024-11-01T18:18:00+00:00
[2024-11-01T18:18:20.987+0000] {processor.py:179} INFO - Processing /home/airflow/.local/lib/python3.7/site-packages/airflow/example_dags/example_branch_python_dop_operator_3.py took 0.802 seconds
[2024-11-01T18:19:00.115+0000] {processor.py:157} INFO - Started process (PID=463) to work on /home/airflow/.local/lib/python3.7/site-packages/airflow/example_dags/example_branch_python_dop_operator_3.py
[2024-11-01T18:19:00.119+0000] {processor.py:826} INFO - Processing file /home/airflow/.local/lib/python3.7/site-packages/airflow/example_dags/example_branch_python_dop_operator_3.py for tasks to queue
[2024-11-01T18:19:00.123+0000] {logging_mixin.py:150} INFO - [2024-11-01T18:19:00.122+0000] {dagbag.py:541} INFO - Filling up the DagBag from /home/airflow/.local/lib/python3.7/site-packages/airflow/example_dags/example_branch_python_dop_operator_3.py
[2024-11-01T18:19:00.247+0000] {processor.py:836} INFO - DAG(s) dict_keys(['example_branch_dop_operator_v3']) retrieved from /home/airflow/.local/lib/python3.7/site-packages/airflow/example_dags/example_branch_python_dop_operator_3.py
[2024-11-01T18:19:00.409+0000] {logging_mixin.py:150} INFO - [2024-11-01T18:19:00.408+0000] {dag.py:2742} INFO - Sync 1 DAGs
[2024-11-01T18:19:00.552+0000] {logging_mixin.py:150} INFO - [2024-11-01T18:19:00.551+0000] {dag.py:3508} INFO - Setting next_dagrun for example_branch_dop_operator_v3 to 2024-11-01T18:18:00+00:00, run_after=2024-11-01T18:19:00+00:00
[2024-11-01T18:19:00.627+0000] {processor.py:179} INFO - Processing /home/airflow/.local/lib/python3.7/site-packages/airflow/example_dags/example_branch_python_dop_operator_3.py took 0.518 seconds
[2024-11-01T18:19:32.265+0000] {processor.py:157} INFO - Started process (PID=524) to work on /home/airflow/.local/lib/python3.7/site-packages/airflow/example_dags/example_branch_python_dop_operator_3.py
[2024-11-01T18:19:32.287+0000] {processor.py:826} INFO - Processing file /home/airflow/.local/lib/python3.7/site-packages/airflow/example_dags/example_branch_python_dop_operator_3.py for tasks to queue
[2024-11-01T18:19:32.299+0000] {logging_mixin.py:150} INFO - [2024-11-01T18:19:32.297+0000] {dagbag.py:541} INFO - Filling up the DagBag from /home/airflow/.local/lib/python3.7/site-packages/airflow/example_dags/example_branch_python_dop_operator_3.py
[2024-11-01T18:19:32.387+0000] {processor.py:836} INFO - DAG(s) dict_keys(['example_branch_dop_operator_v3']) retrieved from /home/airflow/.local/lib/python3.7/site-packages/airflow/example_dags/example_branch_python_dop_operator_3.py
[2024-11-01T18:19:32.597+0000] {logging_mixin.py:150} INFO - [2024-11-01T18:19:32.596+0000] {dag.py:2742} INFO - Sync 1 DAGs
[2024-11-01T18:19:32.779+0000] {logging_mixin.py:150} INFO - [2024-11-01T18:19:32.778+0000] {dag.py:3508} INFO - Setting next_dagrun for example_branch_dop_operator_v3 to 2024-11-01T18:18:00+00:00, run_after=2024-11-01T18:19:00+00:00
[2024-11-01T18:19:33.020+0000] {processor.py:179} INFO - Processing /home/airflow/.local/lib/python3.7/site-packages/airflow/example_dags/example_branch_python_dop_operator_3.py took 0.796 seconds
[2024-11-01T18:20:14.512+0000] {processor.py:157} INFO - Started process (PID=578) to work on /home/airflow/.local/lib/python3.7/site-packages/airflow/example_dags/example_branch_python_dop_operator_3.py
[2024-11-01T18:20:14.521+0000] {processor.py:826} INFO - Processing file /home/airflow/.local/lib/python3.7/site-packages/airflow/example_dags/example_branch_python_dop_operator_3.py for tasks to queue
[2024-11-01T18:20:14.528+0000] {logging_mixin.py:150} INFO - [2024-11-01T18:20:14.527+0000] {dagbag.py:541} INFO - Filling up the DagBag from /home/airflow/.local/lib/python3.7/site-packages/airflow/example_dags/example_branch_python_dop_operator_3.py
[2024-11-01T18:20:14.845+0000] {processor.py:836} INFO - DAG(s) dict_keys(['example_branch_dop_operator_v3']) retrieved from /home/airflow/.local/lib/python3.7/site-packages/airflow/example_dags/example_branch_python_dop_operator_3.py
[2024-11-01T18:20:15.214+0000] {logging_mixin.py:150} INFO - [2024-11-01T18:20:15.214+0000] {dag.py:2742} INFO - Sync 1 DAGs
[2024-11-01T18:20:15.450+0000] {logging_mixin.py:150} INFO - [2024-11-01T18:20:15.449+0000] {dag.py:3508} INFO - Setting next_dagrun for example_branch_dop_operator_v3 to 2024-11-01T18:19:00+00:00, run_after=2024-11-01T18:20:00+00:00
[2024-11-01T18:20:15.534+0000] {processor.py:179} INFO - Processing /home/airflow/.local/lib/python3.7/site-packages/airflow/example_dags/example_branch_python_dop_operator_3.py took 1.074 seconds
[2024-11-01T18:21:07.371+0000] {processor.py:157} INFO - Started process (PID=652) to work on /home/airflow/.local/lib/python3.7/site-packages/airflow/example_dags/example_branch_python_dop_operator_3.py
[2024-11-01T18:21:07.399+0000] {processor.py:826} INFO - Processing file /home/airflow/.local/lib/python3.7/site-packages/airflow/example_dags/example_branch_python_dop_operator_3.py for tasks to queue
[2024-11-01T18:21:07.411+0000] {logging_mixin.py:150} INFO - [2024-11-01T18:21:07.404+0000] {dagbag.py:541} INFO - Filling up the DagBag from /home/airflow/.local/lib/python3.7/site-packages/airflow/example_dags/example_branch_python_dop_operator_3.py
[2024-11-01T18:21:07.574+0000] {processor.py:836} INFO - DAG(s) dict_keys(['example_branch_dop_operator_v3']) retrieved from /home/airflow/.local/lib/python3.7/site-packages/airflow/example_dags/example_branch_python_dop_operator_3.py
[2024-11-01T18:21:08.074+0000] {logging_mixin.py:150} INFO - [2024-11-01T18:21:08.070+0000] {dag.py:2742} INFO - Sync 1 DAGs
[2024-11-01T18:21:08.466+0000] {logging_mixin.py:150} INFO - [2024-11-01T18:21:08.461+0000] {dag.py:3508} INFO - Setting next_dagrun for example_branch_dop_operator_v3 to 2024-11-01T18:20:00+00:00, run_after=2024-11-01T18:21:00+00:00
[2024-11-01T18:21:08.672+0000] {processor.py:179} INFO - Processing /home/airflow/.local/lib/python3.7/site-packages/airflow/example_dags/example_branch_python_dop_operator_3.py took 1.383 seconds
[2024-11-01T18:24:14.105+0000] {processor.py:157} INFO - Started process (PID=759) to work on /home/airflow/.local/lib/python3.7/site-packages/airflow/example_dags/example_branch_python_dop_operator_3.py
[2024-11-01T18:24:14.115+0000] {processor.py:826} INFO - Processing file /home/airflow/.local/lib/python3.7/site-packages/airflow/example_dags/example_branch_python_dop_operator_3.py for tasks to queue
[2024-11-01T18:24:14.125+0000] {logging_mixin.py:150} INFO - [2024-11-01T18:24:14.124+0000] {dagbag.py:541} INFO - Filling up the DagBag from /home/airflow/.local/lib/python3.7/site-packages/airflow/example_dags/example_branch_python_dop_operator_3.py
[2024-11-01T18:24:14.194+0000] {processor.py:836} INFO - DAG(s) dict_keys(['example_branch_dop_operator_v3']) retrieved from /home/airflow/.local/lib/python3.7/site-packages/airflow/example_dags/example_branch_python_dop_operator_3.py
[2024-11-01T18:24:14.413+0000] {logging_mixin.py:150} INFO - [2024-11-01T18:24:14.412+0000] {dag.py:2742} INFO - Sync 1 DAGs
[2024-11-01T18:24:14.573+0000] {logging_mixin.py:150} INFO - [2024-11-01T18:24:14.573+0000] {dag.py:3508} INFO - Setting next_dagrun for example_branch_dop_operator_v3 to 2024-11-01T18:23:00+00:00, run_after=2024-11-01T18:24:00+00:00
[2024-11-01T18:24:14.662+0000] {processor.py:179} INFO - Processing /home/airflow/.local/lib/python3.7/site-packages/airflow/example_dags/example_branch_python_dop_operator_3.py took 0.561 seconds
[2024-11-01T18:25:28.684+0000] {processor.py:157} INFO - Started process (PID=836) to work on /home/airflow/.local/lib/python3.7/site-packages/airflow/example_dags/example_branch_python_dop_operator_3.py
[2024-11-01T18:25:28.748+0000] {processor.py:826} INFO - Processing file /home/airflow/.local/lib/python3.7/site-packages/airflow/example_dags/example_branch_python_dop_operator_3.py for tasks to queue
[2024-11-01T18:25:28.748+0000] {logging_mixin.py:150} INFO - [2024-11-01T18:25:28.748+0000] {dagbag.py:541} INFO - Filling up the DagBag from /home/airflow/.local/lib/python3.7/site-packages/airflow/example_dags/example_branch_python_dop_operator_3.py
[2024-11-01T18:25:28.837+0000] {processor.py:836} INFO - DAG(s) dict_keys(['example_branch_dop_operator_v3']) retrieved from /home/airflow/.local/lib/python3.7/site-packages/airflow/example_dags/example_branch_python_dop_operator_3.py
[2024-11-01T18:25:28.985+0000] {logging_mixin.py:150} INFO - [2024-11-01T18:25:28.985+0000] {dag.py:2742} INFO - Sync 1 DAGs
[2024-11-01T18:25:29.032+0000] {logging_mixin.py:150} INFO - [2024-11-01T18:25:29.032+0000] {dag.py:3508} INFO - Setting next_dagrun for example_branch_dop_operator_v3 to 2024-11-01T18:24:00+00:00, run_after=2024-11-01T18:25:00+00:00
[2024-11-01T18:25:29.052+0000] {processor.py:179} INFO - Processing /home/airflow/.local/lib/python3.7/site-packages/airflow/example_dags/example_branch_python_dop_operator_3.py took 0.523 seconds
[2024-11-01T18:26:05.729+0000] {processor.py:157} INFO - Started process (PID=891) to work on /home/airflow/.local/lib/python3.7/site-packages/airflow/example_dags/example_branch_python_dop_operator_3.py
[2024-11-01T18:26:05.733+0000] {processor.py:826} INFO - Processing file /home/airflow/.local/lib/python3.7/site-packages/airflow/example_dags/example_branch_python_dop_operator_3.py for tasks to queue
[2024-11-01T18:26:05.735+0000] {logging_mixin.py:150} INFO - [2024-11-01T18:26:05.735+0000] {dagbag.py:541} INFO - Filling up the DagBag from /home/airflow/.local/lib/python3.7/site-packages/airflow/example_dags/example_branch_python_dop_operator_3.py
[2024-11-01T18:26:05.799+0000] {processor.py:836} INFO - DAG(s) dict_keys(['example_branch_dop_operator_v3']) retrieved from /home/airflow/.local/lib/python3.7/site-packages/airflow/example_dags/example_branch_python_dop_operator_3.py
[2024-11-01T18:26:05.852+0000] {logging_mixin.py:150} INFO - [2024-11-01T18:26:05.851+0000] {dag.py:2742} INFO - Sync 1 DAGs
[2024-11-01T18:26:05.912+0000] {logging_mixin.py:150} INFO - [2024-11-01T18:26:05.911+0000] {dag.py:3508} INFO - Setting next_dagrun for example_branch_dop_operator_v3 to 2024-11-01T18:25:00+00:00, run_after=2024-11-01T18:26:00+00:00
[2024-11-01T18:26:06.012+0000] {processor.py:179} INFO - Processing /home/airflow/.local/lib/python3.7/site-packages/airflow/example_dags/example_branch_python_dop_operator_3.py took 0.295 seconds
[2024-11-01T18:26:36.480+0000] {processor.py:157} INFO - Started process (PID=953) to work on /home/airflow/.local/lib/python3.7/site-packages/airflow/example_dags/example_branch_python_dop_operator_3.py
[2024-11-01T18:26:36.482+0000] {processor.py:826} INFO - Processing file /home/airflow/.local/lib/python3.7/site-packages/airflow/example_dags/example_branch_python_dop_operator_3.py for tasks to queue
[2024-11-01T18:26:36.483+0000] {logging_mixin.py:150} INFO - [2024-11-01T18:26:36.483+0000] {dagbag.py:541} INFO - Filling up the DagBag from /home/airflow/.local/lib/python3.7/site-packages/airflow/example_dags/example_branch_python_dop_operator_3.py
[2024-11-01T18:26:36.489+0000] {processor.py:836} INFO - DAG(s) dict_keys(['example_branch_dop_operator_v3']) retrieved from /home/airflow/.local/lib/python3.7/site-packages/airflow/example_dags/example_branch_python_dop_operator_3.py
[2024-11-01T18:26:36.506+0000] {logging_mixin.py:150} INFO - [2024-11-01T18:26:36.506+0000] {dag.py:2742} INFO - Sync 1 DAGs
[2024-11-01T18:26:36.523+0000] {logging_mixin.py:150} INFO - [2024-11-01T18:26:36.523+0000] {dag.py:3508} INFO - Setting next_dagrun for example_branch_dop_operator_v3 to 2024-11-01T18:25:00+00:00, run_after=2024-11-01T18:26:00+00:00
[2024-11-01T18:26:36.534+0000] {processor.py:179} INFO - Processing /home/airflow/.local/lib/python3.7/site-packages/airflow/example_dags/example_branch_python_dop_operator_3.py took 0.068 seconds
[2024-11-01T18:27:06.760+0000] {processor.py:157} INFO - Started process (PID=1015) to work on /home/airflow/.local/lib/python3.7/site-packages/airflow/example_dags/example_branch_python_dop_operator_3.py
[2024-11-01T18:27:06.761+0000] {processor.py:826} INFO - Processing file /home/airflow/.local/lib/python3.7/site-packages/airflow/example_dags/example_branch_python_dop_operator_3.py for tasks to queue
[2024-11-01T18:27:06.761+0000] {logging_mixin.py:150} INFO - [2024-11-01T18:27:06.761+0000] {dagbag.py:541} INFO - Filling up the DagBag from /home/airflow/.local/lib/python3.7/site-packages/airflow/example_dags/example_branch_python_dop_operator_3.py
[2024-11-01T18:27:06.766+0000] {processor.py:836} INFO - DAG(s) dict_keys(['example_branch_dop_operator_v3']) retrieved from /home/airflow/.local/lib/python3.7/site-packages/airflow/example_dags/example_branch_python_dop_operator_3.py
[2024-11-01T18:27:06.784+0000] {logging_mixin.py:150} INFO - [2024-11-01T18:27:06.784+0000] {dag.py:2742} INFO - Sync 1 DAGs
[2024-11-01T18:27:06.800+0000] {logging_mixin.py:150} INFO - [2024-11-01T18:27:06.800+0000] {dag.py:3508} INFO - Setting next_dagrun for example_branch_dop_operator_v3 to 2024-11-01T18:26:00+00:00, run_after=2024-11-01T18:27:00+00:00
[2024-11-01T18:27:06.818+0000] {processor.py:179} INFO - Processing /home/airflow/.local/lib/python3.7/site-packages/airflow/example_dags/example_branch_python_dop_operator_3.py took 0.059 seconds
[2024-11-01T18:27:37.044+0000] {processor.py:157} INFO - Started process (PID=1077) to work on /home/airflow/.local/lib/python3.7/site-packages/airflow/example_dags/example_branch_python_dop_operator_3.py
[2024-11-01T18:27:37.045+0000] {processor.py:826} INFO - Processing file /home/airflow/.local/lib/python3.7/site-packages/airflow/example_dags/example_branch_python_dop_operator_3.py for tasks to queue
[2024-11-01T18:27:37.046+0000] {logging_mixin.py:150} INFO - [2024-11-01T18:27:37.046+0000] {dagbag.py:541} INFO - Filling up the DagBag from /home/airflow/.local/lib/python3.7/site-packages/airflow/example_dags/example_branch_python_dop_operator_3.py
[2024-11-01T18:27:37.051+0000] {processor.py:836} INFO - DAG(s) dict_keys(['example_branch_dop_operator_v3']) retrieved from /home/airflow/.local/lib/python3.7/site-packages/airflow/example_dags/example_branch_python_dop_operator_3.py
[2024-11-01T18:27:37.073+0000] {logging_mixin.py:150} INFO - [2024-11-01T18:27:37.072+0000] {dag.py:2742} INFO - Sync 1 DAGs
[2024-11-01T18:27:37.090+0000] {logging_mixin.py:150} INFO - [2024-11-01T18:27:37.090+0000] {dag.py:3508} INFO - Setting next_dagrun for example_branch_dop_operator_v3 to 2024-11-01T18:26:00+00:00, run_after=2024-11-01T18:27:00+00:00
[2024-11-01T18:27:37.103+0000] {processor.py:179} INFO - Processing /home/airflow/.local/lib/python3.7/site-packages/airflow/example_dags/example_branch_python_dop_operator_3.py took 0.063 seconds
[2024-11-01T18:30:47.550+0000] {processor.py:157} INFO - Started process (PID=1127) to work on /home/airflow/.local/lib/python3.7/site-packages/airflow/example_dags/example_branch_python_dop_operator_3.py
[2024-11-01T18:30:47.552+0000] {processor.py:826} INFO - Processing file /home/airflow/.local/lib/python3.7/site-packages/airflow/example_dags/example_branch_python_dop_operator_3.py for tasks to queue
[2024-11-01T18:30:47.553+0000] {logging_mixin.py:150} INFO - [2024-11-01T18:30:47.552+0000] {dagbag.py:541} INFO - Filling up the DagBag from /home/airflow/.local/lib/python3.7/site-packages/airflow/example_dags/example_branch_python_dop_operator_3.py
[2024-11-01T18:30:47.562+0000] {processor.py:836} INFO - DAG(s) dict_keys(['example_branch_dop_operator_v3']) retrieved from /home/airflow/.local/lib/python3.7/site-packages/airflow/example_dags/example_branch_python_dop_operator_3.py
[2024-11-01T18:30:47.582+0000] {logging_mixin.py:150} INFO - [2024-11-01T18:30:47.582+0000] {dag.py:2742} INFO - Sync 1 DAGs
[2024-11-01T18:30:47.612+0000] {logging_mixin.py:150} INFO - [2024-11-01T18:30:47.612+0000] {dag.py:3508} INFO - Setting next_dagrun for example_branch_dop_operator_v3 to 2024-11-01T18:29:00+00:00, run_after=2024-11-01T18:30:00+00:00
[2024-11-01T18:30:47.633+0000] {processor.py:179} INFO - Processing /home/airflow/.local/lib/python3.7/site-packages/airflow/example_dags/example_branch_python_dop_operator_3.py took 0.087 seconds
[2024-11-01T18:31:17.982+0000] {processor.py:157} INFO - Started process (PID=1189) to work on /home/airflow/.local/lib/python3.7/site-packages/airflow/example_dags/example_branch_python_dop_operator_3.py
[2024-11-01T18:31:17.983+0000] {processor.py:826} INFO - Processing file /home/airflow/.local/lib/python3.7/site-packages/airflow/example_dags/example_branch_python_dop_operator_3.py for tasks to queue
[2024-11-01T18:31:17.983+0000] {logging_mixin.py:150} INFO - [2024-11-01T18:31:17.983+0000] {dagbag.py:541} INFO - Filling up the DagBag from /home/airflow/.local/lib/python3.7/site-packages/airflow/example_dags/example_branch_python_dop_operator_3.py
[2024-11-01T18:31:17.988+0000] {processor.py:836} INFO - DAG(s) dict_keys(['example_branch_dop_operator_v3']) retrieved from /home/airflow/.local/lib/python3.7/site-packages/airflow/example_dags/example_branch_python_dop_operator_3.py
[2024-11-01T18:31:18.007+0000] {logging_mixin.py:150} INFO - [2024-11-01T18:31:18.007+0000] {dag.py:2742} INFO - Sync 1 DAGs
[2024-11-01T18:31:18.022+0000] {logging_mixin.py:150} INFO - [2024-11-01T18:31:18.022+0000] {dag.py:3508} INFO - Setting next_dagrun for example_branch_dop_operator_v3 to 2024-11-01T18:30:00+00:00, run_after=2024-11-01T18:31:00+00:00
[2024-11-01T18:31:18.038+0000] {processor.py:179} INFO - Processing /home/airflow/.local/lib/python3.7/site-packages/airflow/example_dags/example_branch_python_dop_operator_3.py took 0.058 seconds
[2024-11-01T18:31:48.539+0000] {processor.py:157} INFO - Started process (PID=1251) to work on /home/airflow/.local/lib/python3.7/site-packages/airflow/example_dags/example_branch_python_dop_operator_3.py
[2024-11-01T18:31:48.539+0000] {processor.py:826} INFO - Processing file /home/airflow/.local/lib/python3.7/site-packages/airflow/example_dags/example_branch_python_dop_operator_3.py for tasks to queue
[2024-11-01T18:31:48.540+0000] {logging_mixin.py:150} INFO - [2024-11-01T18:31:48.539+0000] {dagbag.py:541} INFO - Filling up the DagBag from /home/airflow/.local/lib/python3.7/site-packages/airflow/example_dags/example_branch_python_dop_operator_3.py
[2024-11-01T18:31:48.543+0000] {processor.py:836} INFO - DAG(s) dict_keys(['example_branch_dop_operator_v3']) retrieved from /home/airflow/.local/lib/python3.7/site-packages/airflow/example_dags/example_branch_python_dop_operator_3.py
[2024-11-01T18:31:48.554+0000] {logging_mixin.py:150} INFO - [2024-11-01T18:31:48.554+0000] {dag.py:2742} INFO - Sync 1 DAGs
[2024-11-01T18:31:48.568+0000] {logging_mixin.py:150} INFO - [2024-11-01T18:31:48.568+0000] {dag.py:3508} INFO - Setting next_dagrun for example_branch_dop_operator_v3 to 2024-11-01T18:30:00+00:00, run_after=2024-11-01T18:31:00+00:00
[2024-11-01T18:31:48.575+0000] {processor.py:179} INFO - Processing /home/airflow/.local/lib/python3.7/site-packages/airflow/example_dags/example_branch_python_dop_operator_3.py took 0.038 seconds
[2024-11-01T18:32:18.834+0000] {processor.py:157} INFO - Started process (PID=1313) to work on /home/airflow/.local/lib/python3.7/site-packages/airflow/example_dags/example_branch_python_dop_operator_3.py
[2024-11-01T18:32:18.835+0000] {processor.py:826} INFO - Processing file /home/airflow/.local/lib/python3.7/site-packages/airflow/example_dags/example_branch_python_dop_operator_3.py for tasks to queue
[2024-11-01T18:32:18.836+0000] {logging_mixin.py:150} INFO - [2024-11-01T18:32:18.836+0000] {dagbag.py:541} INFO - Filling up the DagBag from /home/airflow/.local/lib/python3.7/site-packages/airflow/example_dags/example_branch_python_dop_operator_3.py
[2024-11-01T18:32:18.843+0000] {processor.py:836} INFO - DAG(s) dict_keys(['example_branch_dop_operator_v3']) retrieved from /home/airflow/.local/lib/python3.7/site-packages/airflow/example_dags/example_branch_python_dop_operator_3.py
[2024-11-01T18:32:18.861+0000] {logging_mixin.py:150} INFO - [2024-11-01T18:32:18.861+0000] {dag.py:2742} INFO - Sync 1 DAGs
[2024-11-01T18:32:18.880+0000] {logging_mixin.py:150} INFO - [2024-11-01T18:32:18.880+0000] {dag.py:3508} INFO - Setting next_dagrun for example_branch_dop_operator_v3 to 2024-11-01T18:31:00+00:00, run_after=2024-11-01T18:32:00+00:00
[2024-11-01T18:32:18.891+0000] {processor.py:179} INFO - Processing /home/airflow/.local/lib/python3.7/site-packages/airflow/example_dags/example_branch_python_dop_operator_3.py took 0.065 seconds
[2024-11-01T18:32:49.518+0000] {processor.py:157} INFO - Started process (PID=1374) to work on /home/airflow/.local/lib/python3.7/site-packages/airflow/example_dags/example_branch_python_dop_operator_3.py
[2024-11-01T18:32:49.522+0000] {processor.py:826} INFO - Processing file /home/airflow/.local/lib/python3.7/site-packages/airflow/example_dags/example_branch_python_dop_operator_3.py for tasks to queue
[2024-11-01T18:32:49.531+0000] {logging_mixin.py:150} INFO - [2024-11-01T18:32:49.531+0000] {dagbag.py:541} INFO - Filling up the DagBag from /home/airflow/.local/lib/python3.7/site-packages/airflow/example_dags/example_branch_python_dop_operator_3.py
[2024-11-01T18:32:49.540+0000] {processor.py:836} INFO - DAG(s) dict_keys(['example_branch_dop_operator_v3']) retrieved from /home/airflow/.local/lib/python3.7/site-packages/airflow/example_dags/example_branch_python_dop_operator_3.py
[2024-11-01T18:32:49.565+0000] {logging_mixin.py:150} INFO - [2024-11-01T18:32:49.564+0000] {dag.py:2742} INFO - Sync 1 DAGs
[2024-11-01T18:32:49.584+0000] {logging_mixin.py:150} INFO - [2024-11-01T18:32:49.583+0000] {dag.py:3508} INFO - Setting next_dagrun for example_branch_dop_operator_v3 to 2024-11-01T18:31:00+00:00, run_after=2024-11-01T18:32:00+00:00
[2024-11-01T18:32:49.595+0000] {processor.py:179} INFO - Processing /home/airflow/.local/lib/python3.7/site-packages/airflow/example_dags/example_branch_python_dop_operator_3.py took 0.081 seconds
[2024-11-01T18:33:20.229+0000] {processor.py:157} INFO - Started process (PID=1436) to work on /home/airflow/.local/lib/python3.7/site-packages/airflow/example_dags/example_branch_python_dop_operator_3.py
[2024-11-01T18:33:20.230+0000] {processor.py:826} INFO - Processing file /home/airflow/.local/lib/python3.7/site-packages/airflow/example_dags/example_branch_python_dop_operator_3.py for tasks to queue
[2024-11-01T18:33:20.231+0000] {logging_mixin.py:150} INFO - [2024-11-01T18:33:20.231+0000] {dagbag.py:541} INFO - Filling up the DagBag from /home/airflow/.local/lib/python3.7/site-packages/airflow/example_dags/example_branch_python_dop_operator_3.py
[2024-11-01T18:33:20.235+0000] {processor.py:836} INFO - DAG(s) dict_keys(['example_branch_dop_operator_v3']) retrieved from /home/airflow/.local/lib/python3.7/site-packages/airflow/example_dags/example_branch_python_dop_operator_3.py
[2024-11-01T18:33:20.256+0000] {logging_mixin.py:150} INFO - [2024-11-01T18:33:20.256+0000] {dag.py:2742} INFO - Sync 1 DAGs
[2024-11-01T18:33:20.270+0000] {logging_mixin.py:150} INFO - [2024-11-01T18:33:20.270+0000] {dag.py:3508} INFO - Setting next_dagrun for example_branch_dop_operator_v3 to 2024-11-01T18:32:00+00:00, run_after=2024-11-01T18:33:00+00:00
[2024-11-01T18:33:20.280+0000] {processor.py:179} INFO - Processing /home/airflow/.local/lib/python3.7/site-packages/airflow/example_dags/example_branch_python_dop_operator_3.py took 0.053 seconds
[2024-11-01T18:33:50.358+0000] {processor.py:157} INFO - Started process (PID=1498) to work on /home/airflow/.local/lib/python3.7/site-packages/airflow/example_dags/example_branch_python_dop_operator_3.py
[2024-11-01T18:33:50.360+0000] {processor.py:826} INFO - Processing file /home/airflow/.local/lib/python3.7/site-packages/airflow/example_dags/example_branch_python_dop_operator_3.py for tasks to queue
[2024-11-01T18:33:50.360+0000] {logging_mixin.py:150} INFO - [2024-11-01T18:33:50.360+0000] {dagbag.py:541} INFO - Filling up the DagBag from /home/airflow/.local/lib/python3.7/site-packages/airflow/example_dags/example_branch_python_dop_operator_3.py
[2024-11-01T18:33:50.365+0000] {processor.py:836} INFO - DAG(s) dict_keys(['example_branch_dop_operator_v3']) retrieved from /home/airflow/.local/lib/python3.7/site-packages/airflow/example_dags/example_branch_python_dop_operator_3.py
[2024-11-01T18:33:50.383+0000] {logging_mixin.py:150} INFO - [2024-11-01T18:33:50.383+0000] {dag.py:2742} INFO - Sync 1 DAGs
[2024-11-01T18:33:50.402+0000] {logging_mixin.py:150} INFO - [2024-11-01T18:33:50.402+0000] {dag.py:3508} INFO - Setting next_dagrun for example_branch_dop_operator_v3 to 2024-11-01T18:32:00+00:00, run_after=2024-11-01T18:33:00+00:00
[2024-11-01T18:33:50.415+0000] {processor.py:179} INFO - Processing /home/airflow/.local/lib/python3.7/site-packages/airflow/example_dags/example_branch_python_dop_operator_3.py took 0.059 seconds
[2024-11-01T18:34:20.799+0000] {processor.py:157} INFO - Started process (PID=1560) to work on /home/airflow/.local/lib/python3.7/site-packages/airflow/example_dags/example_branch_python_dop_operator_3.py
[2024-11-01T18:34:20.799+0000] {processor.py:826} INFO - Processing file /home/airflow/.local/lib/python3.7/site-packages/airflow/example_dags/example_branch_python_dop_operator_3.py for tasks to queue
[2024-11-01T18:34:20.800+0000] {logging_mixin.py:150} INFO - [2024-11-01T18:34:20.800+0000] {dagbag.py:541} INFO - Filling up the DagBag from /home/airflow/.local/lib/python3.7/site-packages/airflow/example_dags/example_branch_python_dop_operator_3.py
[2024-11-01T18:34:20.805+0000] {processor.py:836} INFO - DAG(s) dict_keys(['example_branch_dop_operator_v3']) retrieved from /home/airflow/.local/lib/python3.7/site-packages/airflow/example_dags/example_branch_python_dop_operator_3.py
[2024-11-01T18:34:20.818+0000] {logging_mixin.py:150} INFO - [2024-11-01T18:34:20.818+0000] {dag.py:2742} INFO - Sync 1 DAGs
[2024-11-01T18:34:20.837+0000] {logging_mixin.py:150} INFO - [2024-11-01T18:34:20.837+0000] {dag.py:3508} INFO - Setting next_dagrun for example_branch_dop_operator_v3 to 2024-11-01T18:33:00+00:00, run_after=2024-11-01T18:34:00+00:00
[2024-11-01T18:34:20.851+0000] {processor.py:179} INFO - Processing /home/airflow/.local/lib/python3.7/site-packages/airflow/example_dags/example_branch_python_dop_operator_3.py took 0.054 seconds
[2024-11-01T18:34:51.399+0000] {processor.py:157} INFO - Started process (PID=1622) to work on /home/airflow/.local/lib/python3.7/site-packages/airflow/example_dags/example_branch_python_dop_operator_3.py
[2024-11-01T18:34:51.402+0000] {processor.py:826} INFO - Processing file /home/airflow/.local/lib/python3.7/site-packages/airflow/example_dags/example_branch_python_dop_operator_3.py for tasks to queue
[2024-11-01T18:34:51.403+0000] {logging_mixin.py:150} INFO - [2024-11-01T18:34:51.403+0000] {dagbag.py:541} INFO - Filling up the DagBag from /home/airflow/.local/lib/python3.7/site-packages/airflow/example_dags/example_branch_python_dop_operator_3.py
[2024-11-01T18:34:51.407+0000] {processor.py:836} INFO - DAG(s) dict_keys(['example_branch_dop_operator_v3']) retrieved from /home/airflow/.local/lib/python3.7/site-packages/airflow/example_dags/example_branch_python_dop_operator_3.py
[2024-11-01T18:34:51.423+0000] {logging_mixin.py:150} INFO - [2024-11-01T18:34:51.423+0000] {dag.py:2742} INFO - Sync 1 DAGs
[2024-11-01T18:34:51.438+0000] {logging_mixin.py:150} INFO - [2024-11-01T18:34:51.438+0000] {dag.py:3508} INFO - Setting next_dagrun for example_branch_dop_operator_v3 to 2024-11-01T18:33:00+00:00, run_after=2024-11-01T18:34:00+00:00
[2024-11-01T18:34:51.447+0000] {processor.py:179} INFO - Processing /home/airflow/.local/lib/python3.7/site-packages/airflow/example_dags/example_branch_python_dop_operator_3.py took 0.049 seconds
[2024-11-01T18:35:21.957+0000] {processor.py:157} INFO - Started process (PID=1684) to work on /home/airflow/.local/lib/python3.7/site-packages/airflow/example_dags/example_branch_python_dop_operator_3.py
[2024-11-01T18:35:21.957+0000] {processor.py:826} INFO - Processing file /home/airflow/.local/lib/python3.7/site-packages/airflow/example_dags/example_branch_python_dop_operator_3.py for tasks to queue
[2024-11-01T18:35:21.958+0000] {logging_mixin.py:150} INFO - [2024-11-01T18:35:21.958+0000] {dagbag.py:541} INFO - Filling up the DagBag from /home/airflow/.local/lib/python3.7/site-packages/airflow/example_dags/example_branch_python_dop_operator_3.py
[2024-11-01T18:35:21.962+0000] {processor.py:836} INFO - DAG(s) dict_keys(['example_branch_dop_operator_v3']) retrieved from /home/airflow/.local/lib/python3.7/site-packages/airflow/example_dags/example_branch_python_dop_operator_3.py
[2024-11-01T18:35:22.008+0000] {logging_mixin.py:150} INFO - [2024-11-01T18:35:22.008+0000] {dag.py:2742} INFO - Sync 1 DAGs
[2024-11-01T18:35:22.025+0000] {logging_mixin.py:150} INFO - [2024-11-01T18:35:22.025+0000] {dag.py:3508} INFO - Setting next_dagrun for example_branch_dop_operator_v3 to 2024-11-01T18:34:00+00:00, run_after=2024-11-01T18:35:00+00:00
[2024-11-01T18:35:22.045+0000] {processor.py:179} INFO - Processing /home/airflow/.local/lib/python3.7/site-packages/airflow/example_dags/example_branch_python_dop_operator_3.py took 0.091 seconds
[2024-11-01T18:35:52.912+0000] {processor.py:157} INFO - Started process (PID=1746) to work on /home/airflow/.local/lib/python3.7/site-packages/airflow/example_dags/example_branch_python_dop_operator_3.py
[2024-11-01T18:35:52.913+0000] {processor.py:826} INFO - Processing file /home/airflow/.local/lib/python3.7/site-packages/airflow/example_dags/example_branch_python_dop_operator_3.py for tasks to queue
[2024-11-01T18:35:52.913+0000] {logging_mixin.py:150} INFO - [2024-11-01T18:35:52.913+0000] {dagbag.py:541} INFO - Filling up the DagBag from /home/airflow/.local/lib/python3.7/site-packages/airflow/example_dags/example_branch_python_dop_operator_3.py
[2024-11-01T18:35:52.918+0000] {processor.py:836} INFO - DAG(s) dict_keys(['example_branch_dop_operator_v3']) retrieved from /home/airflow/.local/lib/python3.7/site-packages/airflow/example_dags/example_branch_python_dop_operator_3.py
[2024-11-01T18:35:52.940+0000] {logging_mixin.py:150} INFO - [2024-11-01T18:35:52.940+0000] {dag.py:2742} INFO - Sync 1 DAGs
[2024-11-01T18:35:52.959+0000] {logging_mixin.py:150} INFO - [2024-11-01T18:35:52.959+0000] {dag.py:3508} INFO - Setting next_dagrun for example_branch_dop_operator_v3 to 2024-11-01T18:34:00+00:00, run_after=2024-11-01T18:35:00+00:00
[2024-11-01T18:35:52.975+0000] {processor.py:179} INFO - Processing /home/airflow/.local/lib/python3.7/site-packages/airflow/example_dags/example_branch_python_dop_operator_3.py took 0.066 seconds
[2024-11-01T18:36:25.467+0000] {processor.py:157} INFO - Started process (PID=1808) to work on /home/airflow/.local/lib/python3.7/site-packages/airflow/example_dags/example_branch_python_dop_operator_3.py
[2024-11-01T18:36:25.468+0000] {processor.py:826} INFO - Processing file /home/airflow/.local/lib/python3.7/site-packages/airflow/example_dags/example_branch_python_dop_operator_3.py for tasks to queue
[2024-11-01T18:36:25.469+0000] {logging_mixin.py:150} INFO - [2024-11-01T18:36:25.469+0000] {dagbag.py:541} INFO - Filling up the DagBag from /home/airflow/.local/lib/python3.7/site-packages/airflow/example_dags/example_branch_python_dop_operator_3.py
[2024-11-01T18:36:25.477+0000] {processor.py:836} INFO - DAG(s) dict_keys(['example_branch_dop_operator_v3']) retrieved from /home/airflow/.local/lib/python3.7/site-packages/airflow/example_dags/example_branch_python_dop_operator_3.py
[2024-11-01T18:36:25.500+0000] {logging_mixin.py:150} INFO - [2024-11-01T18:36:25.500+0000] {dag.py:2742} INFO - Sync 1 DAGs
[2024-11-01T18:36:25.520+0000] {logging_mixin.py:150} INFO - [2024-11-01T18:36:25.520+0000] {dag.py:3508} INFO - Setting next_dagrun for example_branch_dop_operator_v3 to 2024-11-01T18:35:00+00:00, run_after=2024-11-01T18:36:00+00:00
[2024-11-01T18:36:25.536+0000] {processor.py:179} INFO - Processing /home/airflow/.local/lib/python3.7/site-packages/airflow/example_dags/example_branch_python_dop_operator_3.py took 0.071 seconds
[2024-11-01T18:36:56.151+0000] {processor.py:157} INFO - Started process (PID=1870) to work on /home/airflow/.local/lib/python3.7/site-packages/airflow/example_dags/example_branch_python_dop_operator_3.py
[2024-11-01T18:36:56.152+0000] {processor.py:826} INFO - Processing file /home/airflow/.local/lib/python3.7/site-packages/airflow/example_dags/example_branch_python_dop_operator_3.py for tasks to queue
[2024-11-01T18:36:56.152+0000] {logging_mixin.py:150} INFO - [2024-11-01T18:36:56.152+0000] {dagbag.py:541} INFO - Filling up the DagBag from /home/airflow/.local/lib/python3.7/site-packages/airflow/example_dags/example_branch_python_dop_operator_3.py
[2024-11-01T18:36:56.157+0000] {processor.py:836} INFO - DAG(s) dict_keys(['example_branch_dop_operator_v3']) retrieved from /home/airflow/.local/lib/python3.7/site-packages/airflow/example_dags/example_branch_python_dop_operator_3.py
[2024-11-01T18:36:56.176+0000] {logging_mixin.py:150} INFO - [2024-11-01T18:36:56.176+0000] {dag.py:2742} INFO - Sync 1 DAGs
[2024-11-01T18:36:56.194+0000] {logging_mixin.py:150} INFO - [2024-11-01T18:36:56.194+0000] {dag.py:3508} INFO - Setting next_dagrun for example_branch_dop_operator_v3 to 2024-11-01T18:35:00+00:00, run_after=2024-11-01T18:36:00+00:00
[2024-11-01T18:36:56.204+0000] {processor.py:179} INFO - Processing /home/airflow/.local/lib/python3.7/site-packages/airflow/example_dags/example_branch_python_dop_operator_3.py took 0.055 seconds
[2024-11-01T18:37:26.514+0000] {processor.py:157} INFO - Started process (PID=1931) to work on /home/airflow/.local/lib/python3.7/site-packages/airflow/example_dags/example_branch_python_dop_operator_3.py
[2024-11-01T18:37:26.515+0000] {processor.py:826} INFO - Processing file /home/airflow/.local/lib/python3.7/site-packages/airflow/example_dags/example_branch_python_dop_operator_3.py for tasks to queue
[2024-11-01T18:37:26.515+0000] {logging_mixin.py:150} INFO - [2024-11-01T18:37:26.515+0000] {dagbag.py:541} INFO - Filling up the DagBag from /home/airflow/.local/lib/python3.7/site-packages/airflow/example_dags/example_branch_python_dop_operator_3.py
[2024-11-01T18:37:26.521+0000] {processor.py:836} INFO - DAG(s) dict_keys(['example_branch_dop_operator_v3']) retrieved from /home/airflow/.local/lib/python3.7/site-packages/airflow/example_dags/example_branch_python_dop_operator_3.py
[2024-11-01T18:37:26.534+0000] {logging_mixin.py:150} INFO - [2024-11-01T18:37:26.534+0000] {dag.py:2742} INFO - Sync 1 DAGs
[2024-11-01T18:37:26.555+0000] {logging_mixin.py:150} INFO - [2024-11-01T18:37:26.555+0000] {dag.py:3508} INFO - Setting next_dagrun for example_branch_dop_operator_v3 to 2024-11-01T18:36:00+00:00, run_after=2024-11-01T18:37:00+00:00
[2024-11-01T18:37:26.566+0000] {processor.py:179} INFO - Processing /home/airflow/.local/lib/python3.7/site-packages/airflow/example_dags/example_branch_python_dop_operator_3.py took 0.054 seconds
[2024-11-01T18:37:58.823+0000] {processor.py:157} INFO - Started process (PID=1993) to work on /home/airflow/.local/lib/python3.7/site-packages/airflow/example_dags/example_branch_python_dop_operator_3.py
[2024-11-01T18:37:58.825+0000] {processor.py:826} INFO - Processing file /home/airflow/.local/lib/python3.7/site-packages/airflow/example_dags/example_branch_python_dop_operator_3.py for tasks to queue
[2024-11-01T18:37:58.826+0000] {logging_mixin.py:150} INFO - [2024-11-01T18:37:58.826+0000] {dagbag.py:541} INFO - Filling up the DagBag from /home/airflow/.local/lib/python3.7/site-packages/airflow/example_dags/example_branch_python_dop_operator_3.py
[2024-11-01T18:37:58.840+0000] {processor.py:836} INFO - DAG(s) dict_keys(['example_branch_dop_operator_v3']) retrieved from /home/airflow/.local/lib/python3.7/site-packages/airflow/example_dags/example_branch_python_dop_operator_3.py
[2024-11-01T18:37:58.944+0000] {logging_mixin.py:150} INFO - [2024-11-01T18:37:58.940+0000] {dag.py:2742} INFO - Sync 1 DAGs
[2024-11-01T18:37:59.707+0000] {logging_mixin.py:150} INFO - [2024-11-01T18:37:59.702+0000] {dag.py:3508} INFO - Setting next_dagrun for example_branch_dop_operator_v3 to 2024-11-01T18:36:00+00:00, run_after=2024-11-01T18:37:00+00:00
[2024-11-01T18:38:00.316+0000] {processor.py:179} INFO - Processing /home/airflow/.local/lib/python3.7/site-packages/airflow/example_dags/example_branch_python_dop_operator_3.py took 1.504 seconds
[2024-11-01T18:38:30.929+0000] {processor.py:157} INFO - Started process (PID=2055) to work on /home/airflow/.local/lib/python3.7/site-packages/airflow/example_dags/example_branch_python_dop_operator_3.py
[2024-11-01T18:38:30.930+0000] {processor.py:826} INFO - Processing file /home/airflow/.local/lib/python3.7/site-packages/airflow/example_dags/example_branch_python_dop_operator_3.py for tasks to queue
[2024-11-01T18:38:30.931+0000] {logging_mixin.py:150} INFO - [2024-11-01T18:38:30.931+0000] {dagbag.py:541} INFO - Filling up the DagBag from /home/airflow/.local/lib/python3.7/site-packages/airflow/example_dags/example_branch_python_dop_operator_3.py
[2024-11-01T18:38:30.940+0000] {processor.py:836} INFO - DAG(s) dict_keys(['example_branch_dop_operator_v3']) retrieved from /home/airflow/.local/lib/python3.7/site-packages/airflow/example_dags/example_branch_python_dop_operator_3.py
[2024-11-01T18:38:30.963+0000] {logging_mixin.py:150} INFO - [2024-11-01T18:38:30.963+0000] {dag.py:2742} INFO - Sync 1 DAGs
[2024-11-01T18:38:30.981+0000] {logging_mixin.py:150} INFO - [2024-11-01T18:38:30.981+0000] {dag.py:3508} INFO - Setting next_dagrun for example_branch_dop_operator_v3 to 2024-11-01T18:37:00+00:00, run_after=2024-11-01T18:38:00+00:00
[2024-11-01T18:38:30.997+0000] {processor.py:179} INFO - Processing /home/airflow/.local/lib/python3.7/site-packages/airflow/example_dags/example_branch_python_dop_operator_3.py took 0.072 seconds
[2024-11-01T18:39:01.469+0000] {processor.py:157} INFO - Started process (PID=2117) to work on /home/airflow/.local/lib/python3.7/site-packages/airflow/example_dags/example_branch_python_dop_operator_3.py
[2024-11-01T18:39:01.477+0000] {processor.py:826} INFO - Processing file /home/airflow/.local/lib/python3.7/site-packages/airflow/example_dags/example_branch_python_dop_operator_3.py for tasks to queue
[2024-11-01T18:39:01.478+0000] {logging_mixin.py:150} INFO - [2024-11-01T18:39:01.478+0000] {dagbag.py:541} INFO - Filling up the DagBag from /home/airflow/.local/lib/python3.7/site-packages/airflow/example_dags/example_branch_python_dop_operator_3.py
[2024-11-01T18:39:01.494+0000] {processor.py:836} INFO - DAG(s) dict_keys(['example_branch_dop_operator_v3']) retrieved from /home/airflow/.local/lib/python3.7/site-packages/airflow/example_dags/example_branch_python_dop_operator_3.py
[2024-11-01T18:39:01.538+0000] {logging_mixin.py:150} INFO - [2024-11-01T18:39:01.538+0000] {dag.py:2742} INFO - Sync 1 DAGs
[2024-11-01T18:39:01.565+0000] {logging_mixin.py:150} INFO - [2024-11-01T18:39:01.565+0000] {dag.py:3508} INFO - Setting next_dagrun for example_branch_dop_operator_v3 to 2024-11-01T18:38:00+00:00, run_after=2024-11-01T18:39:00+00:00
[2024-11-01T18:39:01.580+0000] {processor.py:179} INFO - Processing /home/airflow/.local/lib/python3.7/site-packages/airflow/example_dags/example_branch_python_dop_operator_3.py took 0.126 seconds
[2024-11-01T18:39:32.264+0000] {processor.py:157} INFO - Started process (PID=2178) to work on /home/airflow/.local/lib/python3.7/site-packages/airflow/example_dags/example_branch_python_dop_operator_3.py
[2024-11-01T18:39:32.265+0000] {processor.py:826} INFO - Processing file /home/airflow/.local/lib/python3.7/site-packages/airflow/example_dags/example_branch_python_dop_operator_3.py for tasks to queue
[2024-11-01T18:39:32.266+0000] {logging_mixin.py:150} INFO - [2024-11-01T18:39:32.265+0000] {dagbag.py:541} INFO - Filling up the DagBag from /home/airflow/.local/lib/python3.7/site-packages/airflow/example_dags/example_branch_python_dop_operator_3.py
[2024-11-01T18:39:32.274+0000] {processor.py:836} INFO - DAG(s) dict_keys(['example_branch_dop_operator_v3']) retrieved from /home/airflow/.local/lib/python3.7/site-packages/airflow/example_dags/example_branch_python_dop_operator_3.py
[2024-11-01T18:39:32.310+0000] {logging_mixin.py:150} INFO - [2024-11-01T18:39:32.310+0000] {dag.py:2742} INFO - Sync 1 DAGs
[2024-11-01T18:39:32.332+0000] {logging_mixin.py:150} INFO - [2024-11-01T18:39:32.332+0000] {dag.py:3508} INFO - Setting next_dagrun for example_branch_dop_operator_v3 to 2024-11-01T18:38:00+00:00, run_after=2024-11-01T18:39:00+00:00
[2024-11-01T18:39:32.349+0000] {processor.py:179} INFO - Processing /home/airflow/.local/lib/python3.7/site-packages/airflow/example_dags/example_branch_python_dop_operator_3.py took 0.089 seconds
[2024-11-01T18:40:02.492+0000] {processor.py:157} INFO - Started process (PID=2240) to work on /home/airflow/.local/lib/python3.7/site-packages/airflow/example_dags/example_branch_python_dop_operator_3.py
[2024-11-01T18:40:02.495+0000] {processor.py:826} INFO - Processing file /home/airflow/.local/lib/python3.7/site-packages/airflow/example_dags/example_branch_python_dop_operator_3.py for tasks to queue
[2024-11-01T18:40:02.496+0000] {logging_mixin.py:150} INFO - [2024-11-01T18:40:02.496+0000] {dagbag.py:541} INFO - Filling up the DagBag from /home/airflow/.local/lib/python3.7/site-packages/airflow/example_dags/example_branch_python_dop_operator_3.py
[2024-11-01T18:40:02.506+0000] {processor.py:836} INFO - DAG(s) dict_keys(['example_branch_dop_operator_v3']) retrieved from /home/airflow/.local/lib/python3.7/site-packages/airflow/example_dags/example_branch_python_dop_operator_3.py
[2024-11-01T18:40:02.537+0000] {logging_mixin.py:150} INFO - [2024-11-01T18:40:02.537+0000] {dag.py:2742} INFO - Sync 1 DAGs
[2024-11-01T18:40:02.558+0000] {logging_mixin.py:150} INFO - [2024-11-01T18:40:02.558+0000] {dag.py:3508} INFO - Setting next_dagrun for example_branch_dop_operator_v3 to 2024-11-01T18:39:00+00:00, run_after=2024-11-01T18:40:00+00:00
[2024-11-01T18:40:02.572+0000] {processor.py:179} INFO - Processing /home/airflow/.local/lib/python3.7/site-packages/airflow/example_dags/example_branch_python_dop_operator_3.py took 0.084 seconds
[2024-11-01T18:40:32.983+0000] {processor.py:157} INFO - Started process (PID=2302) to work on /home/airflow/.local/lib/python3.7/site-packages/airflow/example_dags/example_branch_python_dop_operator_3.py
[2024-11-01T18:40:32.985+0000] {processor.py:826} INFO - Processing file /home/airflow/.local/lib/python3.7/site-packages/airflow/example_dags/example_branch_python_dop_operator_3.py for tasks to queue
[2024-11-01T18:40:32.997+0000] {logging_mixin.py:150} INFO - [2024-11-01T18:40:32.997+0000] {dagbag.py:541} INFO - Filling up the DagBag from /home/airflow/.local/lib/python3.7/site-packages/airflow/example_dags/example_branch_python_dop_operator_3.py
[2024-11-01T18:40:33.011+0000] {processor.py:836} INFO - DAG(s) dict_keys(['example_branch_dop_operator_v3']) retrieved from /home/airflow/.local/lib/python3.7/site-packages/airflow/example_dags/example_branch_python_dop_operator_3.py
[2024-11-01T18:40:33.039+0000] {logging_mixin.py:150} INFO - [2024-11-01T18:40:33.039+0000] {dag.py:2742} INFO - Sync 1 DAGs
[2024-11-01T18:40:33.062+0000] {logging_mixin.py:150} INFO - [2024-11-01T18:40:33.062+0000] {dag.py:3508} INFO - Setting next_dagrun for example_branch_dop_operator_v3 to 2024-11-01T18:39:00+00:00, run_after=2024-11-01T18:40:00+00:00
[2024-11-01T18:40:33.078+0000] {processor.py:179} INFO - Processing /home/airflow/.local/lib/python3.7/site-packages/airflow/example_dags/example_branch_python_dop_operator_3.py took 0.099 seconds
[2024-11-01T18:41:03.389+0000] {processor.py:157} INFO - Started process (PID=2364) to work on /home/airflow/.local/lib/python3.7/site-packages/airflow/example_dags/example_branch_python_dop_operator_3.py
[2024-11-01T18:41:03.412+0000] {processor.py:826} INFO - Processing file /home/airflow/.local/lib/python3.7/site-packages/airflow/example_dags/example_branch_python_dop_operator_3.py for tasks to queue
[2024-11-01T18:41:03.418+0000] {logging_mixin.py:150} INFO - [2024-11-01T18:41:03.417+0000] {dagbag.py:541} INFO - Filling up the DagBag from /home/airflow/.local/lib/python3.7/site-packages/airflow/example_dags/example_branch_python_dop_operator_3.py
[2024-11-01T18:41:03.455+0000] {processor.py:836} INFO - DAG(s) dict_keys(['example_branch_dop_operator_v3']) retrieved from /home/airflow/.local/lib/python3.7/site-packages/airflow/example_dags/example_branch_python_dop_operator_3.py
[2024-11-01T18:41:03.502+0000] {logging_mixin.py:150} INFO - [2024-11-01T18:41:03.502+0000] {dag.py:2742} INFO - Sync 1 DAGs
[2024-11-01T18:41:03.534+0000] {logging_mixin.py:150} INFO - [2024-11-01T18:41:03.534+0000] {dag.py:3508} INFO - Setting next_dagrun for example_branch_dop_operator_v3 to 2024-11-01T18:40:00+00:00, run_after=2024-11-01T18:41:00+00:00
[2024-11-01T18:41:03.563+0000] {processor.py:179} INFO - Processing /home/airflow/.local/lib/python3.7/site-packages/airflow/example_dags/example_branch_python_dop_operator_3.py took 0.179 seconds
[2024-11-01T18:41:33.678+0000] {processor.py:157} INFO - Started process (PID=2425) to work on /home/airflow/.local/lib/python3.7/site-packages/airflow/example_dags/example_branch_python_dop_operator_3.py
[2024-11-01T18:41:33.679+0000] {processor.py:826} INFO - Processing file /home/airflow/.local/lib/python3.7/site-packages/airflow/example_dags/example_branch_python_dop_operator_3.py for tasks to queue
[2024-11-01T18:41:33.680+0000] {logging_mixin.py:150} INFO - [2024-11-01T18:41:33.679+0000] {dagbag.py:541} INFO - Filling up the DagBag from /home/airflow/.local/lib/python3.7/site-packages/airflow/example_dags/example_branch_python_dop_operator_3.py
[2024-11-01T18:41:33.685+0000] {processor.py:836} INFO - DAG(s) dict_keys(['example_branch_dop_operator_v3']) retrieved from /home/airflow/.local/lib/python3.7/site-packages/airflow/example_dags/example_branch_python_dop_operator_3.py
[2024-11-01T18:41:33.704+0000] {logging_mixin.py:150} INFO - [2024-11-01T18:41:33.703+0000] {dag.py:2742} INFO - Sync 1 DAGs
[2024-11-01T18:41:33.724+0000] {logging_mixin.py:150} INFO - [2024-11-01T18:41:33.724+0000] {dag.py:3508} INFO - Setting next_dagrun for example_branch_dop_operator_v3 to 2024-11-01T18:40:00+00:00, run_after=2024-11-01T18:41:00+00:00
[2024-11-01T18:41:33.742+0000] {processor.py:179} INFO - Processing /home/airflow/.local/lib/python3.7/site-packages/airflow/example_dags/example_branch_python_dop_operator_3.py took 0.068 seconds
[2024-11-01T18:42:04.994+0000] {processor.py:157} INFO - Started process (PID=2488) to work on /home/airflow/.local/lib/python3.7/site-packages/airflow/example_dags/example_branch_python_dop_operator_3.py
[2024-11-01T18:42:04.998+0000] {processor.py:826} INFO - Processing file /home/airflow/.local/lib/python3.7/site-packages/airflow/example_dags/example_branch_python_dop_operator_3.py for tasks to queue
[2024-11-01T18:42:04.999+0000] {logging_mixin.py:150} INFO - [2024-11-01T18:42:04.999+0000] {dagbag.py:541} INFO - Filling up the DagBag from /home/airflow/.local/lib/python3.7/site-packages/airflow/example_dags/example_branch_python_dop_operator_3.py
[2024-11-01T18:42:05.022+0000] {processor.py:836} INFO - DAG(s) dict_keys(['example_branch_dop_operator_v3']) retrieved from /home/airflow/.local/lib/python3.7/site-packages/airflow/example_dags/example_branch_python_dop_operator_3.py
[2024-11-01T18:42:05.070+0000] {logging_mixin.py:150} INFO - [2024-11-01T18:42:05.070+0000] {dag.py:2742} INFO - Sync 1 DAGs
[2024-11-01T18:42:05.096+0000] {logging_mixin.py:150} INFO - [2024-11-01T18:42:05.096+0000] {dag.py:3508} INFO - Setting next_dagrun for example_branch_dop_operator_v3 to 2024-11-01T18:41:00+00:00, run_after=2024-11-01T18:42:00+00:00
[2024-11-01T18:42:05.124+0000] {processor.py:179} INFO - Processing /home/airflow/.local/lib/python3.7/site-packages/airflow/example_dags/example_branch_python_dop_operator_3.py took 0.139 seconds
[2024-11-01T18:42:35.681+0000] {processor.py:157} INFO - Started process (PID=2550) to work on /home/airflow/.local/lib/python3.7/site-packages/airflow/example_dags/example_branch_python_dop_operator_3.py
[2024-11-01T18:42:35.685+0000] {processor.py:826} INFO - Processing file /home/airflow/.local/lib/python3.7/site-packages/airflow/example_dags/example_branch_python_dop_operator_3.py for tasks to queue
[2024-11-01T18:42:35.688+0000] {logging_mixin.py:150} INFO - [2024-11-01T18:42:35.688+0000] {dagbag.py:541} INFO - Filling up the DagBag from /home/airflow/.local/lib/python3.7/site-packages/airflow/example_dags/example_branch_python_dop_operator_3.py
[2024-11-01T18:42:35.830+0000] {processor.py:836} INFO - DAG(s) dict_keys(['example_branch_dop_operator_v3']) retrieved from /home/airflow/.local/lib/python3.7/site-packages/airflow/example_dags/example_branch_python_dop_operator_3.py
[2024-11-01T18:42:35.899+0000] {logging_mixin.py:150} INFO - [2024-11-01T18:42:35.898+0000] {dag.py:2742} INFO - Sync 1 DAGs
[2024-11-01T18:42:35.942+0000] {logging_mixin.py:150} INFO - [2024-11-01T18:42:35.942+0000] {dag.py:3508} INFO - Setting next_dagrun for example_branch_dop_operator_v3 to 2024-11-01T18:41:00+00:00, run_after=2024-11-01T18:42:00+00:00
[2024-11-01T18:42:35.963+0000] {processor.py:179} INFO - Processing /home/airflow/.local/lib/python3.7/site-packages/airflow/example_dags/example_branch_python_dop_operator_3.py took 0.295 seconds
[2024-11-01T18:43:10.561+0000] {processor.py:157} INFO - Started process (PID=2603) to work on /home/airflow/.local/lib/python3.7/site-packages/airflow/example_dags/example_branch_python_dop_operator_3.py
[2024-11-01T18:43:10.563+0000] {processor.py:826} INFO - Processing file /home/airflow/.local/lib/python3.7/site-packages/airflow/example_dags/example_branch_python_dop_operator_3.py for tasks to queue
[2024-11-01T18:43:10.563+0000] {logging_mixin.py:150} INFO - [2024-11-01T18:43:10.563+0000] {dagbag.py:541} INFO - Filling up the DagBag from /home/airflow/.local/lib/python3.7/site-packages/airflow/example_dags/example_branch_python_dop_operator_3.py
[2024-11-01T18:43:10.578+0000] {processor.py:836} INFO - DAG(s) dict_keys(['example_branch_dop_operator_v3']) retrieved from /home/airflow/.local/lib/python3.7/site-packages/airflow/example_dags/example_branch_python_dop_operator_3.py
[2024-11-01T18:43:10.604+0000] {logging_mixin.py:150} INFO - [2024-11-01T18:43:10.604+0000] {dag.py:2742} INFO - Sync 1 DAGs
[2024-11-01T18:43:10.659+0000] {logging_mixin.py:150} INFO - [2024-11-01T18:43:10.659+0000] {dag.py:3508} INFO - Setting next_dagrun for example_branch_dop_operator_v3 to 2024-11-01T18:42:00+00:00, run_after=2024-11-01T18:43:00+00:00
[2024-11-01T18:43:10.678+0000] {processor.py:179} INFO - Processing /home/airflow/.local/lib/python3.7/site-packages/airflow/example_dags/example_branch_python_dop_operator_3.py took 0.124 seconds
[2024-11-01T18:43:41.627+0000] {processor.py:157} INFO - Started process (PID=2672) to work on /home/airflow/.local/lib/python3.7/site-packages/airflow/example_dags/example_branch_python_dop_operator_3.py
[2024-11-01T18:43:41.629+0000] {processor.py:826} INFO - Processing file /home/airflow/.local/lib/python3.7/site-packages/airflow/example_dags/example_branch_python_dop_operator_3.py for tasks to queue
[2024-11-01T18:43:41.630+0000] {logging_mixin.py:150} INFO - [2024-11-01T18:43:41.629+0000] {dagbag.py:541} INFO - Filling up the DagBag from /home/airflow/.local/lib/python3.7/site-packages/airflow/example_dags/example_branch_python_dop_operator_3.py
[2024-11-01T18:43:41.639+0000] {processor.py:836} INFO - DAG(s) dict_keys(['example_branch_dop_operator_v3']) retrieved from /home/airflow/.local/lib/python3.7/site-packages/airflow/example_dags/example_branch_python_dop_operator_3.py
[2024-11-01T18:43:41.656+0000] {logging_mixin.py:150} INFO - [2024-11-01T18:43:41.656+0000] {dag.py:2742} INFO - Sync 1 DAGs
[2024-11-01T18:43:41.677+0000] {logging_mixin.py:150} INFO - [2024-11-01T18:43:41.677+0000] {dag.py:3508} INFO - Setting next_dagrun for example_branch_dop_operator_v3 to 2024-11-01T18:42:00+00:00, run_after=2024-11-01T18:43:00+00:00
[2024-11-01T18:43:41.692+0000] {processor.py:179} INFO - Processing /home/airflow/.local/lib/python3.7/site-packages/airflow/example_dags/example_branch_python_dop_operator_3.py took 0.068 seconds
[2024-11-01T18:44:11.803+0000] {processor.py:157} INFO - Started process (PID=2734) to work on /home/airflow/.local/lib/python3.7/site-packages/airflow/example_dags/example_branch_python_dop_operator_3.py
[2024-11-01T18:44:11.804+0000] {processor.py:826} INFO - Processing file /home/airflow/.local/lib/python3.7/site-packages/airflow/example_dags/example_branch_python_dop_operator_3.py for tasks to queue
[2024-11-01T18:44:11.805+0000] {logging_mixin.py:150} INFO - [2024-11-01T18:44:11.805+0000] {dagbag.py:541} INFO - Filling up the DagBag from /home/airflow/.local/lib/python3.7/site-packages/airflow/example_dags/example_branch_python_dop_operator_3.py
[2024-11-01T18:44:11.819+0000] {processor.py:836} INFO - DAG(s) dict_keys(['example_branch_dop_operator_v3']) retrieved from /home/airflow/.local/lib/python3.7/site-packages/airflow/example_dags/example_branch_python_dop_operator_3.py
[2024-11-01T18:44:11.847+0000] {logging_mixin.py:150} INFO - [2024-11-01T18:44:11.847+0000] {dag.py:2742} INFO - Sync 1 DAGs
[2024-11-01T18:44:11.873+0000] {logging_mixin.py:150} INFO - [2024-11-01T18:44:11.873+0000] {dag.py:3508} INFO - Setting next_dagrun for example_branch_dop_operator_v3 to 2024-11-01T18:43:00+00:00, run_after=2024-11-01T18:44:00+00:00
[2024-11-01T18:44:11.889+0000] {processor.py:179} INFO - Processing /home/airflow/.local/lib/python3.7/site-packages/airflow/example_dags/example_branch_python_dop_operator_3.py took 0.092 seconds
[2024-11-01T18:44:42.139+0000] {processor.py:157} INFO - Started process (PID=2796) to work on /home/airflow/.local/lib/python3.7/site-packages/airflow/example_dags/example_branch_python_dop_operator_3.py
[2024-11-01T18:44:42.141+0000] {processor.py:826} INFO - Processing file /home/airflow/.local/lib/python3.7/site-packages/airflow/example_dags/example_branch_python_dop_operator_3.py for tasks to queue
[2024-11-01T18:44:42.141+0000] {logging_mixin.py:150} INFO - [2024-11-01T18:44:42.141+0000] {dagbag.py:541} INFO - Filling up the DagBag from /home/airflow/.local/lib/python3.7/site-packages/airflow/example_dags/example_branch_python_dop_operator_3.py
[2024-11-01T18:44:42.146+0000] {processor.py:836} INFO - DAG(s) dict_keys(['example_branch_dop_operator_v3']) retrieved from /home/airflow/.local/lib/python3.7/site-packages/airflow/example_dags/example_branch_python_dop_operator_3.py
[2024-11-01T18:44:42.162+0000] {logging_mixin.py:150} INFO - [2024-11-01T18:44:42.162+0000] {dag.py:2742} INFO - Sync 1 DAGs
[2024-11-01T18:44:42.178+0000] {logging_mixin.py:150} INFO - [2024-11-01T18:44:42.178+0000] {dag.py:3508} INFO - Setting next_dagrun for example_branch_dop_operator_v3 to 2024-11-01T18:43:00+00:00, run_after=2024-11-01T18:44:00+00:00
[2024-11-01T18:44:42.193+0000] {processor.py:179} INFO - Processing /home/airflow/.local/lib/python3.7/site-packages/airflow/example_dags/example_branch_python_dop_operator_3.py took 0.055 seconds
[2024-11-01T18:45:12.510+0000] {processor.py:157} INFO - Started process (PID=2854) to work on /home/airflow/.local/lib/python3.7/site-packages/airflow/example_dags/example_branch_python_dop_operator_3.py
[2024-11-01T18:45:12.510+0000] {processor.py:826} INFO - Processing file /home/airflow/.local/lib/python3.7/site-packages/airflow/example_dags/example_branch_python_dop_operator_3.py for tasks to queue
[2024-11-01T18:45:12.511+0000] {logging_mixin.py:150} INFO - [2024-11-01T18:45:12.511+0000] {dagbag.py:541} INFO - Filling up the DagBag from /home/airflow/.local/lib/python3.7/site-packages/airflow/example_dags/example_branch_python_dop_operator_3.py
[2024-11-01T18:45:12.515+0000] {processor.py:836} INFO - DAG(s) dict_keys(['example_branch_dop_operator_v3']) retrieved from /home/airflow/.local/lib/python3.7/site-packages/airflow/example_dags/example_branch_python_dop_operator_3.py
[2024-11-01T18:45:12.527+0000] {logging_mixin.py:150} INFO - [2024-11-01T18:45:12.527+0000] {dag.py:2742} INFO - Sync 1 DAGs
[2024-11-01T18:45:12.541+0000] {logging_mixin.py:150} INFO - [2024-11-01T18:45:12.541+0000] {dag.py:3508} INFO - Setting next_dagrun for example_branch_dop_operator_v3 to 2024-11-01T18:44:00+00:00, run_after=2024-11-01T18:45:00+00:00
[2024-11-01T18:45:12.549+0000] {processor.py:179} INFO - Processing /home/airflow/.local/lib/python3.7/site-packages/airflow/example_dags/example_branch_python_dop_operator_3.py took 0.042 seconds
[2024-11-01T18:45:42.594+0000] {processor.py:157} INFO - Started process (PID=2914) to work on /home/airflow/.local/lib/python3.7/site-packages/airflow/example_dags/example_branch_python_dop_operator_3.py
[2024-11-01T18:45:42.595+0000] {processor.py:826} INFO - Processing file /home/airflow/.local/lib/python3.7/site-packages/airflow/example_dags/example_branch_python_dop_operator_3.py for tasks to queue
[2024-11-01T18:45:42.595+0000] {logging_mixin.py:150} INFO - [2024-11-01T18:45:42.595+0000] {dagbag.py:541} INFO - Filling up the DagBag from /home/airflow/.local/lib/python3.7/site-packages/airflow/example_dags/example_branch_python_dop_operator_3.py
[2024-11-01T18:45:42.599+0000] {processor.py:836} INFO - DAG(s) dict_keys(['example_branch_dop_operator_v3']) retrieved from /home/airflow/.local/lib/python3.7/site-packages/airflow/example_dags/example_branch_python_dop_operator_3.py
[2024-11-01T18:45:42.612+0000] {logging_mixin.py:150} INFO - [2024-11-01T18:45:42.612+0000] {dag.py:2742} INFO - Sync 1 DAGs
[2024-11-01T18:45:42.627+0000] {logging_mixin.py:150} INFO - [2024-11-01T18:45:42.627+0000] {dag.py:3508} INFO - Setting next_dagrun for example_branch_dop_operator_v3 to 2024-11-01T18:44:00+00:00, run_after=2024-11-01T18:45:00+00:00
[2024-11-01T18:45:42.636+0000] {processor.py:179} INFO - Processing /home/airflow/.local/lib/python3.7/site-packages/airflow/example_dags/example_branch_python_dop_operator_3.py took 0.044 seconds
[2024-11-01T18:46:12.932+0000] {processor.py:157} INFO - Started process (PID=2976) to work on /home/airflow/.local/lib/python3.7/site-packages/airflow/example_dags/example_branch_python_dop_operator_3.py
[2024-11-01T18:46:12.933+0000] {processor.py:826} INFO - Processing file /home/airflow/.local/lib/python3.7/site-packages/airflow/example_dags/example_branch_python_dop_operator_3.py for tasks to queue
[2024-11-01T18:46:12.933+0000] {logging_mixin.py:150} INFO - [2024-11-01T18:46:12.933+0000] {dagbag.py:541} INFO - Filling up the DagBag from /home/airflow/.local/lib/python3.7/site-packages/airflow/example_dags/example_branch_python_dop_operator_3.py
[2024-11-01T18:46:12.943+0000] {processor.py:836} INFO - DAG(s) dict_keys(['example_branch_dop_operator_v3']) retrieved from /home/airflow/.local/lib/python3.7/site-packages/airflow/example_dags/example_branch_python_dop_operator_3.py
[2024-11-01T18:46:12.957+0000] {logging_mixin.py:150} INFO - [2024-11-01T18:46:12.957+0000] {dag.py:2742} INFO - Sync 1 DAGs
[2024-11-01T18:46:12.970+0000] {logging_mixin.py:150} INFO - [2024-11-01T18:46:12.970+0000] {dag.py:3508} INFO - Setting next_dagrun for example_branch_dop_operator_v3 to 2024-11-01T18:45:00+00:00, run_after=2024-11-01T18:46:00+00:00
[2024-11-01T18:46:12.979+0000] {processor.py:179} INFO - Processing /home/airflow/.local/lib/python3.7/site-packages/airflow/example_dags/example_branch_python_dop_operator_3.py took 0.052 seconds
[2024-11-01T18:46:45.134+0000] {processor.py:157} INFO - Started process (PID=3038) to work on /home/airflow/.local/lib/python3.7/site-packages/airflow/example_dags/example_branch_python_dop_operator_3.py
[2024-11-01T18:46:45.135+0000] {processor.py:826} INFO - Processing file /home/airflow/.local/lib/python3.7/site-packages/airflow/example_dags/example_branch_python_dop_operator_3.py for tasks to queue
[2024-11-01T18:46:45.136+0000] {logging_mixin.py:150} INFO - [2024-11-01T18:46:45.135+0000] {dagbag.py:541} INFO - Filling up the DagBag from /home/airflow/.local/lib/python3.7/site-packages/airflow/example_dags/example_branch_python_dop_operator_3.py
[2024-11-01T18:46:45.141+0000] {processor.py:836} INFO - DAG(s) dict_keys(['example_branch_dop_operator_v3']) retrieved from /home/airflow/.local/lib/python3.7/site-packages/airflow/example_dags/example_branch_python_dop_operator_3.py
[2024-11-01T18:46:45.154+0000] {logging_mixin.py:150} INFO - [2024-11-01T18:46:45.154+0000] {dag.py:2742} INFO - Sync 1 DAGs
[2024-11-01T18:46:45.173+0000] {logging_mixin.py:150} INFO - [2024-11-01T18:46:45.173+0000] {dag.py:3508} INFO - Setting next_dagrun for example_branch_dop_operator_v3 to 2024-11-01T18:45:00+00:00, run_after=2024-11-01T18:46:00+00:00
[2024-11-01T18:46:45.185+0000] {processor.py:179} INFO - Processing /home/airflow/.local/lib/python3.7/site-packages/airflow/example_dags/example_branch_python_dop_operator_3.py took 0.054 seconds
[2024-11-01T18:47:15.319+0000] {processor.py:157} INFO - Started process (PID=3100) to work on /home/airflow/.local/lib/python3.7/site-packages/airflow/example_dags/example_branch_python_dop_operator_3.py
[2024-11-01T18:47:15.327+0000] {processor.py:826} INFO - Processing file /home/airflow/.local/lib/python3.7/site-packages/airflow/example_dags/example_branch_python_dop_operator_3.py for tasks to queue
[2024-11-01T18:47:15.329+0000] {logging_mixin.py:150} INFO - [2024-11-01T18:47:15.328+0000] {dagbag.py:541} INFO - Filling up the DagBag from /home/airflow/.local/lib/python3.7/site-packages/airflow/example_dags/example_branch_python_dop_operator_3.py
[2024-11-01T18:47:15.335+0000] {processor.py:836} INFO - DAG(s) dict_keys(['example_branch_dop_operator_v3']) retrieved from /home/airflow/.local/lib/python3.7/site-packages/airflow/example_dags/example_branch_python_dop_operator_3.py
[2024-11-01T18:47:15.355+0000] {logging_mixin.py:150} INFO - [2024-11-01T18:47:15.355+0000] {dag.py:2742} INFO - Sync 1 DAGs
[2024-11-01T18:47:15.376+0000] {logging_mixin.py:150} INFO - [2024-11-01T18:47:15.376+0000] {dag.py:3508} INFO - Setting next_dagrun for example_branch_dop_operator_v3 to 2024-11-01T18:46:00+00:00, run_after=2024-11-01T18:47:00+00:00
[2024-11-01T18:47:15.387+0000] {processor.py:179} INFO - Processing /home/airflow/.local/lib/python3.7/site-packages/airflow/example_dags/example_branch_python_dop_operator_3.py took 0.079 seconds
[2024-11-01T18:47:46.423+0000] {processor.py:157} INFO - Started process (PID=3163) to work on /home/airflow/.local/lib/python3.7/site-packages/airflow/example_dags/example_branch_python_dop_operator_3.py
[2024-11-01T18:47:46.424+0000] {processor.py:826} INFO - Processing file /home/airflow/.local/lib/python3.7/site-packages/airflow/example_dags/example_branch_python_dop_operator_3.py for tasks to queue
[2024-11-01T18:47:46.426+0000] {logging_mixin.py:150} INFO - [2024-11-01T18:47:46.426+0000] {dagbag.py:541} INFO - Filling up the DagBag from /home/airflow/.local/lib/python3.7/site-packages/airflow/example_dags/example_branch_python_dop_operator_3.py
[2024-11-01T18:47:46.436+0000] {processor.py:836} INFO - DAG(s) dict_keys(['example_branch_dop_operator_v3']) retrieved from /home/airflow/.local/lib/python3.7/site-packages/airflow/example_dags/example_branch_python_dop_operator_3.py
[2024-11-01T18:47:46.493+0000] {logging_mixin.py:150} INFO - [2024-11-01T18:47:46.493+0000] {dag.py:2742} INFO - Sync 1 DAGs
[2024-11-01T18:47:46.519+0000] {logging_mixin.py:150} INFO - [2024-11-01T18:47:46.519+0000] {dag.py:3508} INFO - Setting next_dagrun for example_branch_dop_operator_v3 to 2024-11-01T18:46:00+00:00, run_after=2024-11-01T18:47:00+00:00
[2024-11-01T18:47:46.552+0000] {processor.py:179} INFO - Processing /home/airflow/.local/lib/python3.7/site-packages/airflow/example_dags/example_branch_python_dop_operator_3.py took 0.136 seconds
[2024-11-01T18:48:16.899+0000] {processor.py:157} INFO - Started process (PID=3225) to work on /home/airflow/.local/lib/python3.7/site-packages/airflow/example_dags/example_branch_python_dop_operator_3.py
[2024-11-01T18:48:16.900+0000] {processor.py:826} INFO - Processing file /home/airflow/.local/lib/python3.7/site-packages/airflow/example_dags/example_branch_python_dop_operator_3.py for tasks to queue
[2024-11-01T18:48:16.901+0000] {logging_mixin.py:150} INFO - [2024-11-01T18:48:16.901+0000] {dagbag.py:541} INFO - Filling up the DagBag from /home/airflow/.local/lib/python3.7/site-packages/airflow/example_dags/example_branch_python_dop_operator_3.py
[2024-11-01T18:48:16.920+0000] {processor.py:836} INFO - DAG(s) dict_keys(['example_branch_dop_operator_v3']) retrieved from /home/airflow/.local/lib/python3.7/site-packages/airflow/example_dags/example_branch_python_dop_operator_3.py
[2024-11-01T18:48:16.944+0000] {logging_mixin.py:150} INFO - [2024-11-01T18:48:16.944+0000] {dag.py:2742} INFO - Sync 1 DAGs
[2024-11-01T18:48:16.964+0000] {logging_mixin.py:150} INFO - [2024-11-01T18:48:16.964+0000] {dag.py:3508} INFO - Setting next_dagrun for example_branch_dop_operator_v3 to 2024-11-01T18:47:00+00:00, run_after=2024-11-01T18:48:00+00:00
[2024-11-01T18:48:16.993+0000] {processor.py:179} INFO - Processing /home/airflow/.local/lib/python3.7/site-packages/airflow/example_dags/example_branch_python_dop_operator_3.py took 0.098 seconds
[2024-11-01T18:48:47.976+0000] {processor.py:157} INFO - Started process (PID=3287) to work on /home/airflow/.local/lib/python3.7/site-packages/airflow/example_dags/example_branch_python_dop_operator_3.py
[2024-11-01T18:48:47.977+0000] {processor.py:826} INFO - Processing file /home/airflow/.local/lib/python3.7/site-packages/airflow/example_dags/example_branch_python_dop_operator_3.py for tasks to queue
[2024-11-01T18:48:47.981+0000] {logging_mixin.py:150} INFO - [2024-11-01T18:48:47.981+0000] {dagbag.py:541} INFO - Filling up the DagBag from /home/airflow/.local/lib/python3.7/site-packages/airflow/example_dags/example_branch_python_dop_operator_3.py
[2024-11-01T18:48:47.990+0000] {processor.py:836} INFO - DAG(s) dict_keys(['example_branch_dop_operator_v3']) retrieved from /home/airflow/.local/lib/python3.7/site-packages/airflow/example_dags/example_branch_python_dop_operator_3.py
[2024-11-01T18:48:48.016+0000] {logging_mixin.py:150} INFO - [2024-11-01T18:48:48.016+0000] {dag.py:2742} INFO - Sync 1 DAGs
[2024-11-01T18:48:48.037+0000] {logging_mixin.py:150} INFO - [2024-11-01T18:48:48.037+0000] {dag.py:3508} INFO - Setting next_dagrun for example_branch_dop_operator_v3 to 2024-11-01T18:47:00+00:00, run_after=2024-11-01T18:48:00+00:00
[2024-11-01T18:48:48.054+0000] {processor.py:179} INFO - Processing /home/airflow/.local/lib/python3.7/site-packages/airflow/example_dags/example_branch_python_dop_operator_3.py took 0.081 seconds
[2024-11-01T18:49:18.768+0000] {processor.py:157} INFO - Started process (PID=3349) to work on /home/airflow/.local/lib/python3.7/site-packages/airflow/example_dags/example_branch_python_dop_operator_3.py
[2024-11-01T18:49:18.781+0000] {processor.py:826} INFO - Processing file /home/airflow/.local/lib/python3.7/site-packages/airflow/example_dags/example_branch_python_dop_operator_3.py for tasks to queue
[2024-11-01T18:49:18.898+0000] {logging_mixin.py:150} INFO - [2024-11-01T18:49:18.815+0000] {dagbag.py:541} INFO - Filling up the DagBag from /home/airflow/.local/lib/python3.7/site-packages/airflow/example_dags/example_branch_python_dop_operator_3.py
[2024-11-01T18:49:19.143+0000] {processor.py:836} INFO - DAG(s) dict_keys(['example_branch_dop_operator_v3']) retrieved from /home/airflow/.local/lib/python3.7/site-packages/airflow/example_dags/example_branch_python_dop_operator_3.py
[2024-11-01T18:49:19.760+0000] {logging_mixin.py:150} INFO - [2024-11-01T18:49:19.759+0000] {dag.py:2742} INFO - Sync 1 DAGs
[2024-11-01T18:49:19.822+0000] {logging_mixin.py:150} INFO - [2024-11-01T18:49:19.822+0000] {dag.py:3508} INFO - Setting next_dagrun for example_branch_dop_operator_v3 to 2024-11-01T18:48:00+00:00, run_after=2024-11-01T18:49:00+00:00
[2024-11-01T18:49:19.871+0000] {processor.py:179} INFO - Processing /home/airflow/.local/lib/python3.7/site-packages/airflow/example_dags/example_branch_python_dop_operator_3.py took 1.128 seconds
[2024-11-01T18:49:50.530+0000] {processor.py:157} INFO - Started process (PID=3411) to work on /home/airflow/.local/lib/python3.7/site-packages/airflow/example_dags/example_branch_python_dop_operator_3.py
[2024-11-01T18:49:50.534+0000] {processor.py:826} INFO - Processing file /home/airflow/.local/lib/python3.7/site-packages/airflow/example_dags/example_branch_python_dop_operator_3.py for tasks to queue
[2024-11-01T18:49:50.537+0000] {logging_mixin.py:150} INFO - [2024-11-01T18:49:50.536+0000] {dagbag.py:541} INFO - Filling up the DagBag from /home/airflow/.local/lib/python3.7/site-packages/airflow/example_dags/example_branch_python_dop_operator_3.py
[2024-11-01T18:49:50.564+0000] {processor.py:836} INFO - DAG(s) dict_keys(['example_branch_dop_operator_v3']) retrieved from /home/airflow/.local/lib/python3.7/site-packages/airflow/example_dags/example_branch_python_dop_operator_3.py
[2024-11-01T18:49:50.614+0000] {logging_mixin.py:150} INFO - [2024-11-01T18:49:50.614+0000] {dag.py:2742} INFO - Sync 1 DAGs
[2024-11-01T18:49:50.643+0000] {logging_mixin.py:150} INFO - [2024-11-01T18:49:50.643+0000] {dag.py:3508} INFO - Setting next_dagrun for example_branch_dop_operator_v3 to 2024-11-01T18:48:00+00:00, run_after=2024-11-01T18:49:00+00:00
[2024-11-01T18:49:50.659+0000] {processor.py:179} INFO - Processing /home/airflow/.local/lib/python3.7/site-packages/airflow/example_dags/example_branch_python_dop_operator_3.py took 0.143 seconds
[2024-11-01T18:50:20.937+0000] {processor.py:157} INFO - Started process (PID=3473) to work on /home/airflow/.local/lib/python3.7/site-packages/airflow/example_dags/example_branch_python_dop_operator_3.py
[2024-11-01T18:50:20.938+0000] {processor.py:826} INFO - Processing file /home/airflow/.local/lib/python3.7/site-packages/airflow/example_dags/example_branch_python_dop_operator_3.py for tasks to queue
[2024-11-01T18:50:20.939+0000] {logging_mixin.py:150} INFO - [2024-11-01T18:50:20.938+0000] {dagbag.py:541} INFO - Filling up the DagBag from /home/airflow/.local/lib/python3.7/site-packages/airflow/example_dags/example_branch_python_dop_operator_3.py
[2024-11-01T18:50:20.946+0000] {processor.py:836} INFO - DAG(s) dict_keys(['example_branch_dop_operator_v3']) retrieved from /home/airflow/.local/lib/python3.7/site-packages/airflow/example_dags/example_branch_python_dop_operator_3.py
[2024-11-01T18:50:20.974+0000] {logging_mixin.py:150} INFO - [2024-11-01T18:50:20.973+0000] {dag.py:2742} INFO - Sync 1 DAGs
[2024-11-01T18:50:21.025+0000] {logging_mixin.py:150} INFO - [2024-11-01T18:50:21.025+0000] {dag.py:3508} INFO - Setting next_dagrun for example_branch_dop_operator_v3 to 2024-11-01T18:49:00+00:00, run_after=2024-11-01T18:50:00+00:00
[2024-11-01T18:50:21.046+0000] {processor.py:179} INFO - Processing /home/airflow/.local/lib/python3.7/site-packages/airflow/example_dags/example_branch_python_dop_operator_3.py took 0.112 seconds
[2024-11-01T18:50:51.074+0000] {processor.py:157} INFO - Started process (PID=3535) to work on /home/airflow/.local/lib/python3.7/site-packages/airflow/example_dags/example_branch_python_dop_operator_3.py
[2024-11-01T18:50:51.075+0000] {processor.py:826} INFO - Processing file /home/airflow/.local/lib/python3.7/site-packages/airflow/example_dags/example_branch_python_dop_operator_3.py for tasks to queue
[2024-11-01T18:50:51.075+0000] {logging_mixin.py:150} INFO - [2024-11-01T18:50:51.075+0000] {dagbag.py:541} INFO - Filling up the DagBag from /home/airflow/.local/lib/python3.7/site-packages/airflow/example_dags/example_branch_python_dop_operator_3.py
[2024-11-01T18:50:51.080+0000] {processor.py:836} INFO - DAG(s) dict_keys(['example_branch_dop_operator_v3']) retrieved from /home/airflow/.local/lib/python3.7/site-packages/airflow/example_dags/example_branch_python_dop_operator_3.py
[2024-11-01T18:50:51.092+0000] {logging_mixin.py:150} INFO - [2024-11-01T18:50:51.092+0000] {dag.py:2742} INFO - Sync 1 DAGs
[2024-11-01T18:50:51.107+0000] {logging_mixin.py:150} INFO - [2024-11-01T18:50:51.107+0000] {dag.py:3508} INFO - Setting next_dagrun for example_branch_dop_operator_v3 to 2024-11-01T18:49:00+00:00, run_after=2024-11-01T18:50:00+00:00
[2024-11-01T18:50:51.115+0000] {processor.py:179} INFO - Processing /home/airflow/.local/lib/python3.7/site-packages/airflow/example_dags/example_branch_python_dop_operator_3.py took 0.044 seconds
[2024-11-01T18:51:23.326+0000] {processor.py:157} INFO - Started process (PID=3597) to work on /home/airflow/.local/lib/python3.7/site-packages/airflow/example_dags/example_branch_python_dop_operator_3.py
[2024-11-01T18:51:23.328+0000] {processor.py:826} INFO - Processing file /home/airflow/.local/lib/python3.7/site-packages/airflow/example_dags/example_branch_python_dop_operator_3.py for tasks to queue
[2024-11-01T18:51:23.328+0000] {logging_mixin.py:150} INFO - [2024-11-01T18:51:23.328+0000] {dagbag.py:541} INFO - Filling up the DagBag from /home/airflow/.local/lib/python3.7/site-packages/airflow/example_dags/example_branch_python_dop_operator_3.py
[2024-11-01T18:51:23.333+0000] {processor.py:836} INFO - DAG(s) dict_keys(['example_branch_dop_operator_v3']) retrieved from /home/airflow/.local/lib/python3.7/site-packages/airflow/example_dags/example_branch_python_dop_operator_3.py
[2024-11-01T18:51:23.352+0000] {logging_mixin.py:150} INFO - [2024-11-01T18:51:23.352+0000] {dag.py:2742} INFO - Sync 1 DAGs
[2024-11-01T18:51:23.371+0000] {logging_mixin.py:150} INFO - [2024-11-01T18:51:23.371+0000] {dag.py:3508} INFO - Setting next_dagrun for example_branch_dop_operator_v3 to 2024-11-01T18:50:00+00:00, run_after=2024-11-01T18:51:00+00:00
[2024-11-01T18:51:23.381+0000] {processor.py:179} INFO - Processing /home/airflow/.local/lib/python3.7/site-packages/airflow/example_dags/example_branch_python_dop_operator_3.py took 0.057 seconds
[2024-11-01T18:51:53.467+0000] {processor.py:157} INFO - Started process (PID=3659) to work on /home/airflow/.local/lib/python3.7/site-packages/airflow/example_dags/example_branch_python_dop_operator_3.py
[2024-11-01T18:51:53.468+0000] {processor.py:826} INFO - Processing file /home/airflow/.local/lib/python3.7/site-packages/airflow/example_dags/example_branch_python_dop_operator_3.py for tasks to queue
[2024-11-01T18:51:53.469+0000] {logging_mixin.py:150} INFO - [2024-11-01T18:51:53.469+0000] {dagbag.py:541} INFO - Filling up the DagBag from /home/airflow/.local/lib/python3.7/site-packages/airflow/example_dags/example_branch_python_dop_operator_3.py
[2024-11-01T18:51:53.478+0000] {processor.py:836} INFO - DAG(s) dict_keys(['example_branch_dop_operator_v3']) retrieved from /home/airflow/.local/lib/python3.7/site-packages/airflow/example_dags/example_branch_python_dop_operator_3.py
[2024-11-01T18:51:53.499+0000] {logging_mixin.py:150} INFO - [2024-11-01T18:51:53.499+0000] {dag.py:2742} INFO - Sync 1 DAGs
[2024-11-01T18:51:53.524+0000] {logging_mixin.py:150} INFO - [2024-11-01T18:51:53.524+0000] {dag.py:3508} INFO - Setting next_dagrun for example_branch_dop_operator_v3 to 2024-11-01T18:50:00+00:00, run_after=2024-11-01T18:51:00+00:00
[2024-11-01T18:51:53.545+0000] {processor.py:179} INFO - Processing /home/airflow/.local/lib/python3.7/site-packages/airflow/example_dags/example_branch_python_dop_operator_3.py took 0.080 seconds
[2024-11-01T18:52:23.667+0000] {processor.py:157} INFO - Started process (PID=3721) to work on /home/airflow/.local/lib/python3.7/site-packages/airflow/example_dags/example_branch_python_dop_operator_3.py
[2024-11-01T18:52:23.667+0000] {processor.py:826} INFO - Processing file /home/airflow/.local/lib/python3.7/site-packages/airflow/example_dags/example_branch_python_dop_operator_3.py for tasks to queue
[2024-11-01T18:52:23.668+0000] {logging_mixin.py:150} INFO - [2024-11-01T18:52:23.668+0000] {dagbag.py:541} INFO - Filling up the DagBag from /home/airflow/.local/lib/python3.7/site-packages/airflow/example_dags/example_branch_python_dop_operator_3.py
[2024-11-01T18:52:23.672+0000] {processor.py:836} INFO - DAG(s) dict_keys(['example_branch_dop_operator_v3']) retrieved from /home/airflow/.local/lib/python3.7/site-packages/airflow/example_dags/example_branch_python_dop_operator_3.py
[2024-11-01T18:52:23.688+0000] {logging_mixin.py:150} INFO - [2024-11-01T18:52:23.688+0000] {dag.py:2742} INFO - Sync 1 DAGs
[2024-11-01T18:52:23.705+0000] {logging_mixin.py:150} INFO - [2024-11-01T18:52:23.705+0000] {dag.py:3508} INFO - Setting next_dagrun for example_branch_dop_operator_v3 to 2024-11-01T18:51:00+00:00, run_after=2024-11-01T18:52:00+00:00
[2024-11-01T18:52:23.725+0000] {processor.py:179} INFO - Processing /home/airflow/.local/lib/python3.7/site-packages/airflow/example_dags/example_branch_python_dop_operator_3.py took 0.060 seconds
