[2024-11-01T18:12:06.828+0000] {processor.py:157} INFO - Started process (PID=79) to work on /home/airflow/.local/lib/python3.7/site-packages/airflow/example_dags/example_kubernetes_executor.py
[2024-11-01T18:12:06.829+0000] {processor.py:826} INFO - Processing file /home/airflow/.local/lib/python3.7/site-packages/airflow/example_dags/example_kubernetes_executor.py for tasks to queue
[2024-11-01T18:12:06.830+0000] {logging_mixin.py:150} INFO - [2024-11-01T18:12:06.830+0000] {dagbag.py:541} INFO - Filling up the DagBag from /home/airflow/.local/lib/python3.7/site-packages/airflow/example_dags/example_kubernetes_executor.py
[2024-11-01T18:12:07.309+0000] {processor.py:836} INFO - DAG(s) dict_keys(['example_kubernetes_executor']) retrieved from /home/airflow/.local/lib/python3.7/site-packages/airflow/example_dags/example_kubernetes_executor.py
[2024-11-01T18:12:07.617+0000] {logging_mixin.py:150} INFO - [2024-11-01T18:12:07.617+0000] {dag.py:2742} INFO - Sync 1 DAGs
[2024-11-01T18:12:07.662+0000] {logging_mixin.py:150} INFO - [2024-11-01T18:12:07.662+0000] {dag.py:3508} INFO - Setting next_dagrun for example_kubernetes_executor to None, run_after=None
[2024-11-01T18:12:07.678+0000] {processor.py:179} INFO - Processing /home/airflow/.local/lib/python3.7/site-packages/airflow/example_dags/example_kubernetes_executor.py took 0.853 seconds
[2024-11-01T18:12:57.822+0000] {processor.py:157} INFO - Started process (PID=141) to work on /home/airflow/.local/lib/python3.7/site-packages/airflow/example_dags/example_kubernetes_executor.py
[2024-11-01T18:12:57.824+0000] {processor.py:826} INFO - Processing file /home/airflow/.local/lib/python3.7/site-packages/airflow/example_dags/example_kubernetes_executor.py for tasks to queue
[2024-11-01T18:12:57.825+0000] {logging_mixin.py:150} INFO - [2024-11-01T18:12:57.825+0000] {dagbag.py:541} INFO - Filling up the DagBag from /home/airflow/.local/lib/python3.7/site-packages/airflow/example_dags/example_kubernetes_executor.py
[2024-11-01T18:12:58.104+0000] {processor.py:836} INFO - DAG(s) dict_keys(['example_kubernetes_executor']) retrieved from /home/airflow/.local/lib/python3.7/site-packages/airflow/example_dags/example_kubernetes_executor.py
[2024-11-01T18:12:58.146+0000] {logging_mixin.py:150} INFO - [2024-11-01T18:12:58.146+0000] {dag.py:2742} INFO - Sync 1 DAGs
[2024-11-01T18:12:58.165+0000] {logging_mixin.py:150} INFO - [2024-11-01T18:12:58.165+0000] {dag.py:3508} INFO - Setting next_dagrun for example_kubernetes_executor to None, run_after=None
[2024-11-01T18:12:58.174+0000] {processor.py:179} INFO - Processing /home/airflow/.local/lib/python3.7/site-packages/airflow/example_dags/example_kubernetes_executor.py took 0.422 seconds
[2024-11-01T18:13:45.188+0000] {processor.py:157} INFO - Started process (PID=217) to work on /home/airflow/.local/lib/python3.7/site-packages/airflow/example_dags/example_kubernetes_executor.py
[2024-11-01T18:13:45.193+0000] {processor.py:826} INFO - Processing file /home/airflow/.local/lib/python3.7/site-packages/airflow/example_dags/example_kubernetes_executor.py for tasks to queue
[2024-11-01T18:13:45.193+0000] {logging_mixin.py:150} INFO - [2024-11-01T18:13:45.193+0000] {dagbag.py:541} INFO - Filling up the DagBag from /home/airflow/.local/lib/python3.7/site-packages/airflow/example_dags/example_kubernetes_executor.py
[2024-11-01T18:14:06.985+0000] {processor.py:836} INFO - DAG(s) dict_keys(['example_kubernetes_executor']) retrieved from /home/airflow/.local/lib/python3.7/site-packages/airflow/example_dags/example_kubernetes_executor.py
[2024-11-01T18:14:09.070+0000] {logging_mixin.py:150} INFO - [2024-11-01T18:14:09.069+0000] {dag.py:2742} INFO - Sync 1 DAGs
[2024-11-01T18:14:09.792+0000] {logging_mixin.py:150} INFO - [2024-11-01T18:14:09.791+0000] {dag.py:3508} INFO - Setting next_dagrun for example_kubernetes_executor to None, run_after=None
[2024-11-01T18:14:10.219+0000] {processor.py:179} INFO - Processing /home/airflow/.local/lib/python3.7/site-packages/airflow/example_dags/example_kubernetes_executor.py took 25.090 seconds
[2024-11-01T18:17:39.491+0000] {processor.py:157} INFO - Started process (PID=348) to work on /home/airflow/.local/lib/python3.7/site-packages/airflow/example_dags/example_kubernetes_executor.py
[2024-11-01T18:17:39.500+0000] {processor.py:826} INFO - Processing file /home/airflow/.local/lib/python3.7/site-packages/airflow/example_dags/example_kubernetes_executor.py for tasks to queue
[2024-11-01T18:17:39.501+0000] {logging_mixin.py:150} INFO - [2024-11-01T18:17:39.501+0000] {dagbag.py:541} INFO - Filling up the DagBag from /home/airflow/.local/lib/python3.7/site-packages/airflow/example_dags/example_kubernetes_executor.py
[2024-11-01T18:17:40.397+0000] {processor.py:836} INFO - DAG(s) dict_keys(['example_kubernetes_executor']) retrieved from /home/airflow/.local/lib/python3.7/site-packages/airflow/example_dags/example_kubernetes_executor.py
[2024-11-01T18:17:41.397+0000] {logging_mixin.py:150} INFO - [2024-11-01T18:17:41.393+0000] {dag.py:2742} INFO - Sync 1 DAGs
[2024-11-01T18:17:42.181+0000] {logging_mixin.py:150} INFO - [2024-11-01T18:17:42.169+0000] {dag.py:3508} INFO - Setting next_dagrun for example_kubernetes_executor to None, run_after=None
[2024-11-01T18:17:42.778+0000] {processor.py:179} INFO - Processing /home/airflow/.local/lib/python3.7/site-packages/airflow/example_dags/example_kubernetes_executor.py took 3.278 seconds
[2024-11-01T18:18:45.883+0000] {processor.py:157} INFO - Started process (PID=447) to work on /home/airflow/.local/lib/python3.7/site-packages/airflow/example_dags/example_kubernetes_executor.py
[2024-11-01T18:18:47.041+0000] {processor.py:826} INFO - Processing file /home/airflow/.local/lib/python3.7/site-packages/airflow/example_dags/example_kubernetes_executor.py for tasks to queue
[2024-11-01T18:18:47.115+0000] {logging_mixin.py:150} INFO - [2024-11-01T18:18:47.114+0000] {dagbag.py:541} INFO - Filling up the DagBag from /home/airflow/.local/lib/python3.7/site-packages/airflow/example_dags/example_kubernetes_executor.py
[2024-11-01T18:18:51.921+0000] {processor.py:836} INFO - DAG(s) dict_keys(['example_kubernetes_executor']) retrieved from /home/airflow/.local/lib/python3.7/site-packages/airflow/example_dags/example_kubernetes_executor.py
[2024-11-01T18:18:52.145+0000] {logging_mixin.py:150} INFO - [2024-11-01T18:18:52.145+0000] {dag.py:2742} INFO - Sync 1 DAGs
[2024-11-01T18:18:52.287+0000] {logging_mixin.py:150} INFO - [2024-11-01T18:18:52.286+0000] {dag.py:3508} INFO - Setting next_dagrun for example_kubernetes_executor to None, run_after=None
[2024-11-01T18:18:52.394+0000] {processor.py:179} INFO - Processing /home/airflow/.local/lib/python3.7/site-packages/airflow/example_dags/example_kubernetes_executor.py took 6.520 seconds
[2024-11-01T18:19:25.200+0000] {processor.py:157} INFO - Started process (PID=509) to work on /home/airflow/.local/lib/python3.7/site-packages/airflow/example_dags/example_kubernetes_executor.py
[2024-11-01T18:19:25.202+0000] {processor.py:826} INFO - Processing file /home/airflow/.local/lib/python3.7/site-packages/airflow/example_dags/example_kubernetes_executor.py for tasks to queue
[2024-11-01T18:19:25.205+0000] {logging_mixin.py:150} INFO - [2024-11-01T18:19:25.205+0000] {dagbag.py:541} INFO - Filling up the DagBag from /home/airflow/.local/lib/python3.7/site-packages/airflow/example_dags/example_kubernetes_executor.py
[2024-11-01T18:19:26.359+0000] {processor.py:836} INFO - DAG(s) dict_keys(['example_kubernetes_executor']) retrieved from /home/airflow/.local/lib/python3.7/site-packages/airflow/example_dags/example_kubernetes_executor.py
[2024-11-01T18:19:27.018+0000] {logging_mixin.py:150} INFO - [2024-11-01T18:19:27.018+0000] {dag.py:2742} INFO - Sync 1 DAGs
[2024-11-01T18:19:27.286+0000] {logging_mixin.py:150} INFO - [2024-11-01T18:19:27.286+0000] {dag.py:3508} INFO - Setting next_dagrun for example_kubernetes_executor to None, run_after=None
[2024-11-01T18:19:27.388+0000] {processor.py:179} INFO - Processing /home/airflow/.local/lib/python3.7/site-packages/airflow/example_dags/example_kubernetes_executor.py took 2.190 seconds
[2024-11-01T18:20:20.316+0000] {processor.py:157} INFO - Started process (PID=591) to work on /home/airflow/.local/lib/python3.7/site-packages/airflow/example_dags/example_kubernetes_executor.py
[2024-11-01T18:20:20.340+0000] {processor.py:826} INFO - Processing file /home/airflow/.local/lib/python3.7/site-packages/airflow/example_dags/example_kubernetes_executor.py for tasks to queue
[2024-11-01T18:20:20.346+0000] {logging_mixin.py:150} INFO - [2024-11-01T18:20:20.345+0000] {dagbag.py:541} INFO - Filling up the DagBag from /home/airflow/.local/lib/python3.7/site-packages/airflow/example_dags/example_kubernetes_executor.py
[2024-11-01T18:20:24.757+0000] {processor.py:836} INFO - DAG(s) dict_keys(['example_kubernetes_executor']) retrieved from /home/airflow/.local/lib/python3.7/site-packages/airflow/example_dags/example_kubernetes_executor.py
[2024-11-01T18:20:25.087+0000] {logging_mixin.py:150} INFO - [2024-11-01T18:20:25.086+0000] {dag.py:2742} INFO - Sync 1 DAGs
[2024-11-01T18:20:25.137+0000] {logging_mixin.py:150} INFO - [2024-11-01T18:20:25.137+0000] {dag.py:3508} INFO - Setting next_dagrun for example_kubernetes_executor to None, run_after=None
[2024-11-01T18:20:25.178+0000] {processor.py:179} INFO - Processing /home/airflow/.local/lib/python3.7/site-packages/airflow/example_dags/example_kubernetes_executor.py took 4.923 seconds
[2024-11-01T18:23:48.391+0000] {processor.py:157} INFO - Started process (PID=732) to work on /home/airflow/.local/lib/python3.7/site-packages/airflow/example_dags/example_kubernetes_executor.py
[2024-11-01T18:23:48.393+0000] {processor.py:826} INFO - Processing file /home/airflow/.local/lib/python3.7/site-packages/airflow/example_dags/example_kubernetes_executor.py for tasks to queue
[2024-11-01T18:23:48.395+0000] {logging_mixin.py:150} INFO - [2024-11-01T18:23:48.393+0000] {dagbag.py:541} INFO - Filling up the DagBag from /home/airflow/.local/lib/python3.7/site-packages/airflow/example_dags/example_kubernetes_executor.py
[2024-11-01T18:24:00.216+0000] {processor.py:836} INFO - DAG(s) dict_keys(['example_kubernetes_executor']) retrieved from /home/airflow/.local/lib/python3.7/site-packages/airflow/example_dags/example_kubernetes_executor.py
[2024-11-01T18:24:02.947+0000] {logging_mixin.py:150} INFO - [2024-11-01T18:24:02.947+0000] {dag.py:2742} INFO - Sync 1 DAGs
[2024-11-01T18:24:03.363+0000] {logging_mixin.py:150} INFO - [2024-11-01T18:24:03.363+0000] {dag.py:3508} INFO - Setting next_dagrun for example_kubernetes_executor to None, run_after=None
[2024-11-01T18:24:03.502+0000] {processor.py:179} INFO - Processing /home/airflow/.local/lib/python3.7/site-packages/airflow/example_dags/example_kubernetes_executor.py took 14.555 seconds
[2024-11-01T18:24:47.209+0000] {processor.py:157} INFO - Started process (PID=806) to work on /home/airflow/.local/lib/python3.7/site-packages/airflow/example_dags/example_kubernetes_executor.py
[2024-11-01T18:24:47.215+0000] {processor.py:826} INFO - Processing file /home/airflow/.local/lib/python3.7/site-packages/airflow/example_dags/example_kubernetes_executor.py for tasks to queue
[2024-11-01T18:24:47.219+0000] {logging_mixin.py:150} INFO - [2024-11-01T18:24:47.217+0000] {dagbag.py:541} INFO - Filling up the DagBag from /home/airflow/.local/lib/python3.7/site-packages/airflow/example_dags/example_kubernetes_executor.py
[2024-11-01T18:25:17.320+0000] {logging_mixin.py:150} INFO - [2024-11-01T18:25:17.297+0000] {timeout.py:68} ERROR - Process timed out, PID: 806
[2024-11-01T18:25:17.425+0000] {logging_mixin.py:150} INFO - [2024-11-01T18:25:17.334+0000] {dagbag.py:350} ERROR - Failed to import: /home/airflow/.local/lib/python3.7/site-packages/airflow/example_dags/example_kubernetes_executor.py
Traceback (most recent call last):
  File "/home/airflow/.local/lib/python3.7/site-packages/airflow/models/dagbag.py", line 346, in parse
    loader.exec_module(new_module)
  File "<frozen importlib._bootstrap_external>", line 728, in exec_module
  File "<frozen importlib._bootstrap>", line 219, in _call_with_frames_removed
  File "/home/airflow/.local/lib/python3.7/site-packages/airflow/example_dags/example_kubernetes_executor.py", line 39, in <module>
    from kubernetes.client import models as k8s
  File "/home/airflow/.local/lib/python3.7/site-packages/kubernetes/__init__.py", line 21, in <module>
    import kubernetes.dynamic
  File "/home/airflow/.local/lib/python3.7/site-packages/kubernetes/dynamic/__init__.py", line 15, in <module>
    from .client import *  # NOQA
  File "/home/airflow/.local/lib/python3.7/site-packages/kubernetes/dynamic/client.py", line 18, in <module>
    from kubernetes import watch
  File "/home/airflow/.local/lib/python3.7/site-packages/kubernetes/watch/__init__.py", line 15, in <module>
    from .watch import Watch
  File "/home/airflow/.local/lib/python3.7/site-packages/kubernetes/watch/watch.py", line 16, in <module>
    import pydoc
  File "/home/airflow/.local/lib/python3.7/site-packages/airflow/utils/timeout.py", line 69, in handle_timeout
    raise AirflowTaskTimeout(self.error_message)
airflow.exceptions.AirflowTaskTimeout: DagBag import timeout for /home/airflow/.local/lib/python3.7/site-packages/airflow/example_dags/example_kubernetes_executor.py after 30.0s.
Please take a look at these docs to improve your DAG import time:
* https://airflow.apache.org/docs/apache-airflow/2.6.3/best-practices.html#top-level-python-code
* https://airflow.apache.org/docs/apache-airflow/2.6.3/best-practices.html#reducing-dag-complexity, PID: 806
[2024-11-01T18:25:17.450+0000] {processor.py:838} WARNING - No viable dags retrieved from /home/airflow/.local/lib/python3.7/site-packages/airflow/example_dags/example_kubernetes_executor.py
[2024-11-01T18:25:18.073+0000] {processor.py:179} INFO - Processing /home/airflow/.local/lib/python3.7/site-packages/airflow/example_dags/example_kubernetes_executor.py took 30.837 seconds
[2024-11-01T18:25:50.716+0000] {processor.py:157} INFO - Started process (PID=872) to work on /home/airflow/.local/lib/python3.7/site-packages/airflow/example_dags/example_kubernetes_executor.py
[2024-11-01T18:25:50.718+0000] {processor.py:826} INFO - Processing file /home/airflow/.local/lib/python3.7/site-packages/airflow/example_dags/example_kubernetes_executor.py for tasks to queue
[2024-11-01T18:25:50.718+0000] {logging_mixin.py:150} INFO - [2024-11-01T18:25:50.718+0000] {dagbag.py:541} INFO - Filling up the DagBag from /home/airflow/.local/lib/python3.7/site-packages/airflow/example_dags/example_kubernetes_executor.py
[2024-11-01T18:25:54.153+0000] {processor.py:836} INFO - DAG(s) dict_keys(['example_kubernetes_executor']) retrieved from /home/airflow/.local/lib/python3.7/site-packages/airflow/example_dags/example_kubernetes_executor.py
[2024-11-01T18:25:55.896+0000] {logging_mixin.py:150} INFO - [2024-11-01T18:25:55.895+0000] {dag.py:2742} INFO - Sync 1 DAGs
[2024-11-01T18:26:03.488+0000] {logging_mixin.py:150} INFO - [2024-11-01T18:26:03.487+0000] {dag.py:3508} INFO - Setting next_dagrun for example_kubernetes_executor to None, run_after=None
[2024-11-01T18:26:04.804+0000] {processor.py:179} INFO - Processing /home/airflow/.local/lib/python3.7/site-packages/airflow/example_dags/example_kubernetes_executor.py took 14.102 seconds
[2024-11-01T18:26:35.076+0000] {processor.py:157} INFO - Started process (PID=948) to work on /home/airflow/.local/lib/python3.7/site-packages/airflow/example_dags/example_kubernetes_executor.py
[2024-11-01T18:26:35.078+0000] {processor.py:826} INFO - Processing file /home/airflow/.local/lib/python3.7/site-packages/airflow/example_dags/example_kubernetes_executor.py for tasks to queue
[2024-11-01T18:26:35.079+0000] {logging_mixin.py:150} INFO - [2024-11-01T18:26:35.078+0000] {dagbag.py:541} INFO - Filling up the DagBag from /home/airflow/.local/lib/python3.7/site-packages/airflow/example_dags/example_kubernetes_executor.py
[2024-11-01T18:26:35.277+0000] {processor.py:836} INFO - DAG(s) dict_keys(['example_kubernetes_executor']) retrieved from /home/airflow/.local/lib/python3.7/site-packages/airflow/example_dags/example_kubernetes_executor.py
[2024-11-01T18:26:35.302+0000] {logging_mixin.py:150} INFO - [2024-11-01T18:26:35.302+0000] {dag.py:2742} INFO - Sync 1 DAGs
[2024-11-01T18:26:35.315+0000] {logging_mixin.py:150} INFO - [2024-11-01T18:26:35.315+0000] {dag.py:3508} INFO - Setting next_dagrun for example_kubernetes_executor to None, run_after=None
[2024-11-01T18:26:35.324+0000] {processor.py:179} INFO - Processing /home/airflow/.local/lib/python3.7/site-packages/airflow/example_dags/example_kubernetes_executor.py took 0.252 seconds
[2024-11-01T18:27:05.387+0000] {processor.py:157} INFO - Started process (PID=1010) to work on /home/airflow/.local/lib/python3.7/site-packages/airflow/example_dags/example_kubernetes_executor.py
[2024-11-01T18:27:05.388+0000] {processor.py:826} INFO - Processing file /home/airflow/.local/lib/python3.7/site-packages/airflow/example_dags/example_kubernetes_executor.py for tasks to queue
[2024-11-01T18:27:05.389+0000] {logging_mixin.py:150} INFO - [2024-11-01T18:27:05.389+0000] {dagbag.py:541} INFO - Filling up the DagBag from /home/airflow/.local/lib/python3.7/site-packages/airflow/example_dags/example_kubernetes_executor.py
[2024-11-01T18:27:05.531+0000] {processor.py:836} INFO - DAG(s) dict_keys(['example_kubernetes_executor']) retrieved from /home/airflow/.local/lib/python3.7/site-packages/airflow/example_dags/example_kubernetes_executor.py
[2024-11-01T18:27:05.560+0000] {logging_mixin.py:150} INFO - [2024-11-01T18:27:05.560+0000] {dag.py:2742} INFO - Sync 1 DAGs
[2024-11-01T18:27:05.575+0000] {logging_mixin.py:150} INFO - [2024-11-01T18:27:05.575+0000] {dag.py:3508} INFO - Setting next_dagrun for example_kubernetes_executor to None, run_after=None
[2024-11-01T18:27:05.584+0000] {processor.py:179} INFO - Processing /home/airflow/.local/lib/python3.7/site-packages/airflow/example_dags/example_kubernetes_executor.py took 0.200 seconds
[2024-11-01T18:27:36.467+0000] {processor.py:157} INFO - Started process (PID=1073) to work on /home/airflow/.local/lib/python3.7/site-packages/airflow/example_dags/example_kubernetes_executor.py
[2024-11-01T18:27:36.469+0000] {processor.py:826} INFO - Processing file /home/airflow/.local/lib/python3.7/site-packages/airflow/example_dags/example_kubernetes_executor.py for tasks to queue
[2024-11-01T18:27:36.470+0000] {logging_mixin.py:150} INFO - [2024-11-01T18:27:36.470+0000] {dagbag.py:541} INFO - Filling up the DagBag from /home/airflow/.local/lib/python3.7/site-packages/airflow/example_dags/example_kubernetes_executor.py
[2024-11-01T18:27:36.825+0000] {processor.py:836} INFO - DAG(s) dict_keys(['example_kubernetes_executor']) retrieved from /home/airflow/.local/lib/python3.7/site-packages/airflow/example_dags/example_kubernetes_executor.py
[2024-11-01T18:27:36.870+0000] {logging_mixin.py:150} INFO - [2024-11-01T18:27:36.870+0000] {dag.py:2742} INFO - Sync 1 DAGs
[2024-11-01T18:27:36.885+0000] {logging_mixin.py:150} INFO - [2024-11-01T18:27:36.885+0000] {dag.py:3508} INFO - Setting next_dagrun for example_kubernetes_executor to None, run_after=None
[2024-11-01T18:27:36.895+0000] {processor.py:179} INFO - Processing /home/airflow/.local/lib/python3.7/site-packages/airflow/example_dags/example_kubernetes_executor.py took 0.433 seconds
[2024-11-01T18:30:54.220+0000] {processor.py:157} INFO - Started process (PID=1152) to work on /home/airflow/.local/lib/python3.7/site-packages/airflow/example_dags/example_kubernetes_executor.py
[2024-11-01T18:30:54.444+0000] {processor.py:826} INFO - Processing file /home/airflow/.local/lib/python3.7/site-packages/airflow/example_dags/example_kubernetes_executor.py for tasks to queue
[2024-11-01T18:30:54.445+0000] {logging_mixin.py:150} INFO - [2024-11-01T18:30:54.445+0000] {dagbag.py:541} INFO - Filling up the DagBag from /home/airflow/.local/lib/python3.7/site-packages/airflow/example_dags/example_kubernetes_executor.py
[2024-11-01T18:30:54.982+0000] {processor.py:836} INFO - DAG(s) dict_keys(['example_kubernetes_executor']) retrieved from /home/airflow/.local/lib/python3.7/site-packages/airflow/example_dags/example_kubernetes_executor.py
[2024-11-01T18:30:55.076+0000] {logging_mixin.py:150} INFO - [2024-11-01T18:30:55.076+0000] {dag.py:2742} INFO - Sync 1 DAGs
[2024-11-01T18:30:55.100+0000] {logging_mixin.py:150} INFO - [2024-11-01T18:30:55.100+0000] {dag.py:3508} INFO - Setting next_dagrun for example_kubernetes_executor to None, run_after=None
[2024-11-01T18:30:55.115+0000] {processor.py:179} INFO - Processing /home/airflow/.local/lib/python3.7/site-packages/airflow/example_dags/example_kubernetes_executor.py took 0.901 seconds
[2024-11-01T18:31:25.267+0000] {processor.py:157} INFO - Started process (PID=1214) to work on /home/airflow/.local/lib/python3.7/site-packages/airflow/example_dags/example_kubernetes_executor.py
[2024-11-01T18:31:25.269+0000] {processor.py:826} INFO - Processing file /home/airflow/.local/lib/python3.7/site-packages/airflow/example_dags/example_kubernetes_executor.py for tasks to queue
[2024-11-01T18:31:25.269+0000] {logging_mixin.py:150} INFO - [2024-11-01T18:31:25.269+0000] {dagbag.py:541} INFO - Filling up the DagBag from /home/airflow/.local/lib/python3.7/site-packages/airflow/example_dags/example_kubernetes_executor.py
[2024-11-01T18:31:25.442+0000] {processor.py:836} INFO - DAG(s) dict_keys(['example_kubernetes_executor']) retrieved from /home/airflow/.local/lib/python3.7/site-packages/airflow/example_dags/example_kubernetes_executor.py
[2024-11-01T18:31:25.480+0000] {logging_mixin.py:150} INFO - [2024-11-01T18:31:25.480+0000] {dag.py:2742} INFO - Sync 1 DAGs
[2024-11-01T18:31:25.492+0000] {logging_mixin.py:150} INFO - [2024-11-01T18:31:25.492+0000] {dag.py:3508} INFO - Setting next_dagrun for example_kubernetes_executor to None, run_after=None
[2024-11-01T18:31:25.501+0000] {processor.py:179} INFO - Processing /home/airflow/.local/lib/python3.7/site-packages/airflow/example_dags/example_kubernetes_executor.py took 0.239 seconds
[2024-11-01T18:31:55.705+0000] {processor.py:157} INFO - Started process (PID=1276) to work on /home/airflow/.local/lib/python3.7/site-packages/airflow/example_dags/example_kubernetes_executor.py
[2024-11-01T18:31:55.707+0000] {processor.py:826} INFO - Processing file /home/airflow/.local/lib/python3.7/site-packages/airflow/example_dags/example_kubernetes_executor.py for tasks to queue
[2024-11-01T18:31:55.708+0000] {logging_mixin.py:150} INFO - [2024-11-01T18:31:55.708+0000] {dagbag.py:541} INFO - Filling up the DagBag from /home/airflow/.local/lib/python3.7/site-packages/airflow/example_dags/example_kubernetes_executor.py
[2024-11-01T18:31:55.854+0000] {processor.py:836} INFO - DAG(s) dict_keys(['example_kubernetes_executor']) retrieved from /home/airflow/.local/lib/python3.7/site-packages/airflow/example_dags/example_kubernetes_executor.py
[2024-11-01T18:31:55.895+0000] {logging_mixin.py:150} INFO - [2024-11-01T18:31:55.895+0000] {dag.py:2742} INFO - Sync 1 DAGs
[2024-11-01T18:31:55.913+0000] {logging_mixin.py:150} INFO - [2024-11-01T18:31:55.913+0000] {dag.py:3508} INFO - Setting next_dagrun for example_kubernetes_executor to None, run_after=None
[2024-11-01T18:31:55.926+0000] {processor.py:179} INFO - Processing /home/airflow/.local/lib/python3.7/site-packages/airflow/example_dags/example_kubernetes_executor.py took 0.225 seconds
[2024-11-01T18:32:25.970+0000] {processor.py:157} INFO - Started process (PID=1341) to work on /home/airflow/.local/lib/python3.7/site-packages/airflow/example_dags/example_kubernetes_executor.py
[2024-11-01T18:32:25.971+0000] {processor.py:826} INFO - Processing file /home/airflow/.local/lib/python3.7/site-packages/airflow/example_dags/example_kubernetes_executor.py for tasks to queue
[2024-11-01T18:32:25.971+0000] {logging_mixin.py:150} INFO - [2024-11-01T18:32:25.971+0000] {dagbag.py:541} INFO - Filling up the DagBag from /home/airflow/.local/lib/python3.7/site-packages/airflow/example_dags/example_kubernetes_executor.py
[2024-11-01T18:32:26.112+0000] {processor.py:836} INFO - DAG(s) dict_keys(['example_kubernetes_executor']) retrieved from /home/airflow/.local/lib/python3.7/site-packages/airflow/example_dags/example_kubernetes_executor.py
[2024-11-01T18:32:26.134+0000] {logging_mixin.py:150} INFO - [2024-11-01T18:32:26.134+0000] {dag.py:2742} INFO - Sync 1 DAGs
[2024-11-01T18:32:26.148+0000] {logging_mixin.py:150} INFO - [2024-11-01T18:32:26.148+0000] {dag.py:3508} INFO - Setting next_dagrun for example_kubernetes_executor to None, run_after=None
[2024-11-01T18:32:26.159+0000] {processor.py:179} INFO - Processing /home/airflow/.local/lib/python3.7/site-packages/airflow/example_dags/example_kubernetes_executor.py took 0.191 seconds
[2024-11-01T18:32:56.230+0000] {processor.py:157} INFO - Started process (PID=1404) to work on /home/airflow/.local/lib/python3.7/site-packages/airflow/example_dags/example_kubernetes_executor.py
[2024-11-01T18:32:56.231+0000] {processor.py:826} INFO - Processing file /home/airflow/.local/lib/python3.7/site-packages/airflow/example_dags/example_kubernetes_executor.py for tasks to queue
[2024-11-01T18:32:56.232+0000] {logging_mixin.py:150} INFO - [2024-11-01T18:32:56.232+0000] {dagbag.py:541} INFO - Filling up the DagBag from /home/airflow/.local/lib/python3.7/site-packages/airflow/example_dags/example_kubernetes_executor.py
[2024-11-01T18:32:56.400+0000] {processor.py:836} INFO - DAG(s) dict_keys(['example_kubernetes_executor']) retrieved from /home/airflow/.local/lib/python3.7/site-packages/airflow/example_dags/example_kubernetes_executor.py
[2024-11-01T18:32:56.426+0000] {logging_mixin.py:150} INFO - [2024-11-01T18:32:56.426+0000] {dag.py:2742} INFO - Sync 1 DAGs
[2024-11-01T18:32:56.442+0000] {logging_mixin.py:150} INFO - [2024-11-01T18:32:56.442+0000] {dag.py:3508} INFO - Setting next_dagrun for example_kubernetes_executor to None, run_after=None
[2024-11-01T18:32:56.455+0000] {processor.py:179} INFO - Processing /home/airflow/.local/lib/python3.7/site-packages/airflow/example_dags/example_kubernetes_executor.py took 0.230 seconds
[2024-11-01T18:33:26.597+0000] {processor.py:157} INFO - Started process (PID=1466) to work on /home/airflow/.local/lib/python3.7/site-packages/airflow/example_dags/example_kubernetes_executor.py
[2024-11-01T18:33:26.598+0000] {processor.py:826} INFO - Processing file /home/airflow/.local/lib/python3.7/site-packages/airflow/example_dags/example_kubernetes_executor.py for tasks to queue
[2024-11-01T18:33:26.600+0000] {logging_mixin.py:150} INFO - [2024-11-01T18:33:26.599+0000] {dagbag.py:541} INFO - Filling up the DagBag from /home/airflow/.local/lib/python3.7/site-packages/airflow/example_dags/example_kubernetes_executor.py
[2024-11-01T18:33:26.727+0000] {processor.py:836} INFO - DAG(s) dict_keys(['example_kubernetes_executor']) retrieved from /home/airflow/.local/lib/python3.7/site-packages/airflow/example_dags/example_kubernetes_executor.py
[2024-11-01T18:33:26.759+0000] {logging_mixin.py:150} INFO - [2024-11-01T18:33:26.759+0000] {dag.py:2742} INFO - Sync 1 DAGs
[2024-11-01T18:33:26.927+0000] {logging_mixin.py:150} INFO - [2024-11-01T18:33:26.927+0000] {dag.py:3508} INFO - Setting next_dagrun for example_kubernetes_executor to None, run_after=None
[2024-11-01T18:33:32.794+0000] {processor.py:179} INFO - Processing /home/airflow/.local/lib/python3.7/site-packages/airflow/example_dags/example_kubernetes_executor.py took 6.200 seconds
[2024-11-01T18:34:02.940+0000] {processor.py:157} INFO - Started process (PID=1535) to work on /home/airflow/.local/lib/python3.7/site-packages/airflow/example_dags/example_kubernetes_executor.py
[2024-11-01T18:34:02.942+0000] {processor.py:826} INFO - Processing file /home/airflow/.local/lib/python3.7/site-packages/airflow/example_dags/example_kubernetes_executor.py for tasks to queue
[2024-11-01T18:34:02.943+0000] {logging_mixin.py:150} INFO - [2024-11-01T18:34:02.942+0000] {dagbag.py:541} INFO - Filling up the DagBag from /home/airflow/.local/lib/python3.7/site-packages/airflow/example_dags/example_kubernetes_executor.py
[2024-11-01T18:34:03.111+0000] {processor.py:836} INFO - DAG(s) dict_keys(['example_kubernetes_executor']) retrieved from /home/airflow/.local/lib/python3.7/site-packages/airflow/example_dags/example_kubernetes_executor.py
[2024-11-01T18:34:03.139+0000] {logging_mixin.py:150} INFO - [2024-11-01T18:34:03.139+0000] {dag.py:2742} INFO - Sync 1 DAGs
[2024-11-01T18:34:03.174+0000] {logging_mixin.py:150} INFO - [2024-11-01T18:34:03.174+0000] {dag.py:3508} INFO - Setting next_dagrun for example_kubernetes_executor to None, run_after=None
[2024-11-01T18:34:03.186+0000] {processor.py:179} INFO - Processing /home/airflow/.local/lib/python3.7/site-packages/airflow/example_dags/example_kubernetes_executor.py took 0.253 seconds
[2024-11-01T18:34:33.594+0000] {processor.py:157} INFO - Started process (PID=1597) to work on /home/airflow/.local/lib/python3.7/site-packages/airflow/example_dags/example_kubernetes_executor.py
[2024-11-01T18:34:33.595+0000] {processor.py:826} INFO - Processing file /home/airflow/.local/lib/python3.7/site-packages/airflow/example_dags/example_kubernetes_executor.py for tasks to queue
[2024-11-01T18:34:33.599+0000] {logging_mixin.py:150} INFO - [2024-11-01T18:34:33.599+0000] {dagbag.py:541} INFO - Filling up the DagBag from /home/airflow/.local/lib/python3.7/site-packages/airflow/example_dags/example_kubernetes_executor.py
[2024-11-01T18:34:33.779+0000] {processor.py:836} INFO - DAG(s) dict_keys(['example_kubernetes_executor']) retrieved from /home/airflow/.local/lib/python3.7/site-packages/airflow/example_dags/example_kubernetes_executor.py
[2024-11-01T18:34:33.815+0000] {logging_mixin.py:150} INFO - [2024-11-01T18:34:33.815+0000] {dag.py:2742} INFO - Sync 1 DAGs
[2024-11-01T18:34:33.832+0000] {logging_mixin.py:150} INFO - [2024-11-01T18:34:33.832+0000] {dag.py:3508} INFO - Setting next_dagrun for example_kubernetes_executor to None, run_after=None
[2024-11-01T18:34:33.843+0000] {processor.py:179} INFO - Processing /home/airflow/.local/lib/python3.7/site-packages/airflow/example_dags/example_kubernetes_executor.py took 0.254 seconds
[2024-11-01T18:35:04.017+0000] {processor.py:157} INFO - Started process (PID=1659) to work on /home/airflow/.local/lib/python3.7/site-packages/airflow/example_dags/example_kubernetes_executor.py
[2024-11-01T18:35:04.020+0000] {processor.py:826} INFO - Processing file /home/airflow/.local/lib/python3.7/site-packages/airflow/example_dags/example_kubernetes_executor.py for tasks to queue
[2024-11-01T18:35:04.022+0000] {logging_mixin.py:150} INFO - [2024-11-01T18:35:04.022+0000] {dagbag.py:541} INFO - Filling up the DagBag from /home/airflow/.local/lib/python3.7/site-packages/airflow/example_dags/example_kubernetes_executor.py
[2024-11-01T18:35:04.204+0000] {processor.py:836} INFO - DAG(s) dict_keys(['example_kubernetes_executor']) retrieved from /home/airflow/.local/lib/python3.7/site-packages/airflow/example_dags/example_kubernetes_executor.py
[2024-11-01T18:35:04.234+0000] {logging_mixin.py:150} INFO - [2024-11-01T18:35:04.234+0000] {dag.py:2742} INFO - Sync 1 DAGs
[2024-11-01T18:35:04.250+0000] {logging_mixin.py:150} INFO - [2024-11-01T18:35:04.250+0000] {dag.py:3508} INFO - Setting next_dagrun for example_kubernetes_executor to None, run_after=None
[2024-11-01T18:35:04.261+0000] {processor.py:179} INFO - Processing /home/airflow/.local/lib/python3.7/site-packages/airflow/example_dags/example_kubernetes_executor.py took 0.255 seconds
[2024-11-01T18:35:34.526+0000] {processor.py:157} INFO - Started process (PID=1721) to work on /home/airflow/.local/lib/python3.7/site-packages/airflow/example_dags/example_kubernetes_executor.py
[2024-11-01T18:35:34.528+0000] {processor.py:826} INFO - Processing file /home/airflow/.local/lib/python3.7/site-packages/airflow/example_dags/example_kubernetes_executor.py for tasks to queue
[2024-11-01T18:35:34.529+0000] {logging_mixin.py:150} INFO - [2024-11-01T18:35:34.529+0000] {dagbag.py:541} INFO - Filling up the DagBag from /home/airflow/.local/lib/python3.7/site-packages/airflow/example_dags/example_kubernetes_executor.py
[2024-11-01T18:35:34.700+0000] {processor.py:836} INFO - DAG(s) dict_keys(['example_kubernetes_executor']) retrieved from /home/airflow/.local/lib/python3.7/site-packages/airflow/example_dags/example_kubernetes_executor.py
[2024-11-01T18:35:34.727+0000] {logging_mixin.py:150} INFO - [2024-11-01T18:35:34.727+0000] {dag.py:2742} INFO - Sync 1 DAGs
[2024-11-01T18:35:34.742+0000] {logging_mixin.py:150} INFO - [2024-11-01T18:35:34.742+0000] {dag.py:3508} INFO - Setting next_dagrun for example_kubernetes_executor to None, run_after=None
[2024-11-01T18:35:34.984+0000] {processor.py:179} INFO - Processing /home/airflow/.local/lib/python3.7/site-packages/airflow/example_dags/example_kubernetes_executor.py took 0.462 seconds
[2024-11-01T18:36:06.591+0000] {processor.py:157} INFO - Started process (PID=1783) to work on /home/airflow/.local/lib/python3.7/site-packages/airflow/example_dags/example_kubernetes_executor.py
[2024-11-01T18:36:06.594+0000] {processor.py:826} INFO - Processing file /home/airflow/.local/lib/python3.7/site-packages/airflow/example_dags/example_kubernetes_executor.py for tasks to queue
[2024-11-01T18:36:06.596+0000] {logging_mixin.py:150} INFO - [2024-11-01T18:36:06.595+0000] {dagbag.py:541} INFO - Filling up the DagBag from /home/airflow/.local/lib/python3.7/site-packages/airflow/example_dags/example_kubernetes_executor.py
[2024-11-01T18:36:06.914+0000] {processor.py:836} INFO - DAG(s) dict_keys(['example_kubernetes_executor']) retrieved from /home/airflow/.local/lib/python3.7/site-packages/airflow/example_dags/example_kubernetes_executor.py
[2024-11-01T18:36:06.958+0000] {logging_mixin.py:150} INFO - [2024-11-01T18:36:06.958+0000] {dag.py:2742} INFO - Sync 1 DAGs
[2024-11-01T18:36:06.986+0000] {logging_mixin.py:150} INFO - [2024-11-01T18:36:06.985+0000] {dag.py:3508} INFO - Setting next_dagrun for example_kubernetes_executor to None, run_after=None
[2024-11-01T18:36:07.021+0000] {processor.py:179} INFO - Processing /home/airflow/.local/lib/python3.7/site-packages/airflow/example_dags/example_kubernetes_executor.py took 0.466 seconds
[2024-11-01T18:36:37.884+0000] {processor.py:157} INFO - Started process (PID=1845) to work on /home/airflow/.local/lib/python3.7/site-packages/airflow/example_dags/example_kubernetes_executor.py
[2024-11-01T18:36:37.887+0000] {processor.py:826} INFO - Processing file /home/airflow/.local/lib/python3.7/site-packages/airflow/example_dags/example_kubernetes_executor.py for tasks to queue
[2024-11-01T18:36:37.889+0000] {logging_mixin.py:150} INFO - [2024-11-01T18:36:37.888+0000] {dagbag.py:541} INFO - Filling up the DagBag from /home/airflow/.local/lib/python3.7/site-packages/airflow/example_dags/example_kubernetes_executor.py
[2024-11-01T18:36:38.066+0000] {processor.py:836} INFO - DAG(s) dict_keys(['example_kubernetes_executor']) retrieved from /home/airflow/.local/lib/python3.7/site-packages/airflow/example_dags/example_kubernetes_executor.py
[2024-11-01T18:36:38.099+0000] {logging_mixin.py:150} INFO - [2024-11-01T18:36:38.099+0000] {dag.py:2742} INFO - Sync 1 DAGs
[2024-11-01T18:36:38.115+0000] {logging_mixin.py:150} INFO - [2024-11-01T18:36:38.115+0000] {dag.py:3508} INFO - Setting next_dagrun for example_kubernetes_executor to None, run_after=None
[2024-11-01T18:36:38.125+0000] {processor.py:179} INFO - Processing /home/airflow/.local/lib/python3.7/site-packages/airflow/example_dags/example_kubernetes_executor.py took 0.266 seconds
[2024-11-01T18:37:08.960+0000] {processor.py:157} INFO - Started process (PID=1907) to work on /home/airflow/.local/lib/python3.7/site-packages/airflow/example_dags/example_kubernetes_executor.py
[2024-11-01T18:37:08.962+0000] {processor.py:826} INFO - Processing file /home/airflow/.local/lib/python3.7/site-packages/airflow/example_dags/example_kubernetes_executor.py for tasks to queue
[2024-11-01T18:37:08.965+0000] {logging_mixin.py:150} INFO - [2024-11-01T18:37:08.964+0000] {dagbag.py:541} INFO - Filling up the DagBag from /home/airflow/.local/lib/python3.7/site-packages/airflow/example_dags/example_kubernetes_executor.py
[2024-11-01T18:37:09.177+0000] {processor.py:836} INFO - DAG(s) dict_keys(['example_kubernetes_executor']) retrieved from /home/airflow/.local/lib/python3.7/site-packages/airflow/example_dags/example_kubernetes_executor.py
[2024-11-01T18:37:09.210+0000] {logging_mixin.py:150} INFO - [2024-11-01T18:37:09.209+0000] {dag.py:2742} INFO - Sync 1 DAGs
[2024-11-01T18:37:09.460+0000] {logging_mixin.py:150} INFO - [2024-11-01T18:37:09.460+0000] {dag.py:3508} INFO - Setting next_dagrun for example_kubernetes_executor to None, run_after=None
[2024-11-01T18:37:09.470+0000] {processor.py:179} INFO - Processing /home/airflow/.local/lib/python3.7/site-packages/airflow/example_dags/example_kubernetes_executor.py took 0.519 seconds
[2024-11-01T18:37:39.584+0000] {processor.py:157} INFO - Started process (PID=1975) to work on /home/airflow/.local/lib/python3.7/site-packages/airflow/example_dags/example_kubernetes_executor.py
[2024-11-01T18:37:39.586+0000] {processor.py:826} INFO - Processing file /home/airflow/.local/lib/python3.7/site-packages/airflow/example_dags/example_kubernetes_executor.py for tasks to queue
[2024-11-01T18:37:39.587+0000] {logging_mixin.py:150} INFO - [2024-11-01T18:37:39.586+0000] {dagbag.py:541} INFO - Filling up the DagBag from /home/airflow/.local/lib/python3.7/site-packages/airflow/example_dags/example_kubernetes_executor.py
[2024-11-01T18:37:39.934+0000] {processor.py:836} INFO - DAG(s) dict_keys(['example_kubernetes_executor']) retrieved from /home/airflow/.local/lib/python3.7/site-packages/airflow/example_dags/example_kubernetes_executor.py
[2024-11-01T18:37:40.085+0000] {logging_mixin.py:150} INFO - [2024-11-01T18:37:40.084+0000] {dag.py:2742} INFO - Sync 1 DAGs
[2024-11-01T18:37:40.224+0000] {logging_mixin.py:150} INFO - [2024-11-01T18:37:40.224+0000] {dag.py:3508} INFO - Setting next_dagrun for example_kubernetes_executor to None, run_after=None
[2024-11-01T18:37:40.321+0000] {processor.py:179} INFO - Processing /home/airflow/.local/lib/python3.7/site-packages/airflow/example_dags/example_kubernetes_executor.py took 0.743 seconds
[2024-11-01T18:38:10.840+0000] {processor.py:157} INFO - Started process (PID=2037) to work on /home/airflow/.local/lib/python3.7/site-packages/airflow/example_dags/example_kubernetes_executor.py
[2024-11-01T18:38:10.842+0000] {processor.py:826} INFO - Processing file /home/airflow/.local/lib/python3.7/site-packages/airflow/example_dags/example_kubernetes_executor.py for tasks to queue
[2024-11-01T18:38:10.843+0000] {logging_mixin.py:150} INFO - [2024-11-01T18:38:10.843+0000] {dagbag.py:541} INFO - Filling up the DagBag from /home/airflow/.local/lib/python3.7/site-packages/airflow/example_dags/example_kubernetes_executor.py
[2024-11-01T18:38:11.053+0000] {processor.py:836} INFO - DAG(s) dict_keys(['example_kubernetes_executor']) retrieved from /home/airflow/.local/lib/python3.7/site-packages/airflow/example_dags/example_kubernetes_executor.py
[2024-11-01T18:38:11.343+0000] {logging_mixin.py:150} INFO - [2024-11-01T18:38:11.343+0000] {dag.py:2742} INFO - Sync 1 DAGs
[2024-11-01T18:38:11.358+0000] {logging_mixin.py:150} INFO - [2024-11-01T18:38:11.358+0000] {dag.py:3508} INFO - Setting next_dagrun for example_kubernetes_executor to None, run_after=None
[2024-11-01T18:38:11.368+0000] {processor.py:179} INFO - Processing /home/airflow/.local/lib/python3.7/site-packages/airflow/example_dags/example_kubernetes_executor.py took 0.532 seconds
[2024-11-01T18:38:41.808+0000] {processor.py:157} INFO - Started process (PID=2099) to work on /home/airflow/.local/lib/python3.7/site-packages/airflow/example_dags/example_kubernetes_executor.py
[2024-11-01T18:38:41.810+0000] {processor.py:826} INFO - Processing file /home/airflow/.local/lib/python3.7/site-packages/airflow/example_dags/example_kubernetes_executor.py for tasks to queue
[2024-11-01T18:38:41.811+0000] {logging_mixin.py:150} INFO - [2024-11-01T18:38:41.811+0000] {dagbag.py:541} INFO - Filling up the DagBag from /home/airflow/.local/lib/python3.7/site-packages/airflow/example_dags/example_kubernetes_executor.py
[2024-11-01T18:38:42.006+0000] {processor.py:836} INFO - DAG(s) dict_keys(['example_kubernetes_executor']) retrieved from /home/airflow/.local/lib/python3.7/site-packages/airflow/example_dags/example_kubernetes_executor.py
[2024-11-01T18:38:42.051+0000] {logging_mixin.py:150} INFO - [2024-11-01T18:38:42.051+0000] {dag.py:2742} INFO - Sync 1 DAGs
[2024-11-01T18:38:42.338+0000] {logging_mixin.py:150} INFO - [2024-11-01T18:38:42.338+0000] {dag.py:3508} INFO - Setting next_dagrun for example_kubernetes_executor to None, run_after=None
[2024-11-01T18:38:42.354+0000] {processor.py:179} INFO - Processing /home/airflow/.local/lib/python3.7/site-packages/airflow/example_dags/example_kubernetes_executor.py took 0.567 seconds
[2024-11-01T18:39:12.747+0000] {processor.py:157} INFO - Started process (PID=2156) to work on /home/airflow/.local/lib/python3.7/site-packages/airflow/example_dags/example_kubernetes_executor.py
[2024-11-01T18:39:12.748+0000] {processor.py:826} INFO - Processing file /home/airflow/.local/lib/python3.7/site-packages/airflow/example_dags/example_kubernetes_executor.py for tasks to queue
[2024-11-01T18:39:12.749+0000] {logging_mixin.py:150} INFO - [2024-11-01T18:39:12.749+0000] {dagbag.py:541} INFO - Filling up the DagBag from /home/airflow/.local/lib/python3.7/site-packages/airflow/example_dags/example_kubernetes_executor.py
[2024-11-01T18:39:13.276+0000] {processor.py:836} INFO - DAG(s) dict_keys(['example_kubernetes_executor']) retrieved from /home/airflow/.local/lib/python3.7/site-packages/airflow/example_dags/example_kubernetes_executor.py
[2024-11-01T18:39:13.353+0000] {logging_mixin.py:150} INFO - [2024-11-01T18:39:13.353+0000] {dag.py:2742} INFO - Sync 1 DAGs
[2024-11-01T18:39:13.376+0000] {logging_mixin.py:150} INFO - [2024-11-01T18:39:13.375+0000] {dag.py:3508} INFO - Setting next_dagrun for example_kubernetes_executor to None, run_after=None
[2024-11-01T18:39:13.392+0000] {processor.py:179} INFO - Processing /home/airflow/.local/lib/python3.7/site-packages/airflow/example_dags/example_kubernetes_executor.py took 0.658 seconds
[2024-11-01T18:39:43.570+0000] {processor.py:157} INFO - Started process (PID=2218) to work on /home/airflow/.local/lib/python3.7/site-packages/airflow/example_dags/example_kubernetes_executor.py
[2024-11-01T18:39:43.575+0000] {processor.py:826} INFO - Processing file /home/airflow/.local/lib/python3.7/site-packages/airflow/example_dags/example_kubernetes_executor.py for tasks to queue
[2024-11-01T18:39:43.575+0000] {logging_mixin.py:150} INFO - [2024-11-01T18:39:43.575+0000] {dagbag.py:541} INFO - Filling up the DagBag from /home/airflow/.local/lib/python3.7/site-packages/airflow/example_dags/example_kubernetes_executor.py
[2024-11-01T18:39:43.701+0000] {processor.py:836} INFO - DAG(s) dict_keys(['example_kubernetes_executor']) retrieved from /home/airflow/.local/lib/python3.7/site-packages/airflow/example_dags/example_kubernetes_executor.py
[2024-11-01T18:39:43.823+0000] {logging_mixin.py:150} INFO - [2024-11-01T18:39:43.823+0000] {dag.py:2742} INFO - Sync 1 DAGs
[2024-11-01T18:39:43.837+0000] {logging_mixin.py:150} INFO - [2024-11-01T18:39:43.837+0000] {dag.py:3508} INFO - Setting next_dagrun for example_kubernetes_executor to None, run_after=None
[2024-11-01T18:39:43.845+0000] {processor.py:179} INFO - Processing /home/airflow/.local/lib/python3.7/site-packages/airflow/example_dags/example_kubernetes_executor.py took 0.280 seconds
[2024-11-01T18:40:14.213+0000] {processor.py:157} INFO - Started process (PID=2280) to work on /home/airflow/.local/lib/python3.7/site-packages/airflow/example_dags/example_kubernetes_executor.py
[2024-11-01T18:40:14.218+0000] {processor.py:826} INFO - Processing file /home/airflow/.local/lib/python3.7/site-packages/airflow/example_dags/example_kubernetes_executor.py for tasks to queue
[2024-11-01T18:40:14.221+0000] {logging_mixin.py:150} INFO - [2024-11-01T18:40:14.221+0000] {dagbag.py:541} INFO - Filling up the DagBag from /home/airflow/.local/lib/python3.7/site-packages/airflow/example_dags/example_kubernetes_executor.py
[2024-11-01T18:40:14.488+0000] {processor.py:836} INFO - DAG(s) dict_keys(['example_kubernetes_executor']) retrieved from /home/airflow/.local/lib/python3.7/site-packages/airflow/example_dags/example_kubernetes_executor.py
[2024-11-01T18:40:14.605+0000] {logging_mixin.py:150} INFO - [2024-11-01T18:40:14.605+0000] {dag.py:2742} INFO - Sync 1 DAGs
[2024-11-01T18:40:14.630+0000] {logging_mixin.py:150} INFO - [2024-11-01T18:40:14.630+0000] {dag.py:3508} INFO - Setting next_dagrun for example_kubernetes_executor to None, run_after=None
[2024-11-01T18:40:14.891+0000] {processor.py:179} INFO - Processing /home/airflow/.local/lib/python3.7/site-packages/airflow/example_dags/example_kubernetes_executor.py took 0.684 seconds
[2024-11-01T18:40:45.490+0000] {processor.py:157} INFO - Started process (PID=2342) to work on /home/airflow/.local/lib/python3.7/site-packages/airflow/example_dags/example_kubernetes_executor.py
[2024-11-01T18:40:45.524+0000] {processor.py:826} INFO - Processing file /home/airflow/.local/lib/python3.7/site-packages/airflow/example_dags/example_kubernetes_executor.py for tasks to queue
[2024-11-01T18:40:45.528+0000] {logging_mixin.py:150} INFO - [2024-11-01T18:40:45.528+0000] {dagbag.py:541} INFO - Filling up the DagBag from /home/airflow/.local/lib/python3.7/site-packages/airflow/example_dags/example_kubernetes_executor.py
[2024-11-01T18:40:45.756+0000] {processor.py:836} INFO - DAG(s) dict_keys(['example_kubernetes_executor']) retrieved from /home/airflow/.local/lib/python3.7/site-packages/airflow/example_dags/example_kubernetes_executor.py
[2024-11-01T18:40:49.438+0000] {logging_mixin.py:150} INFO - [2024-11-01T18:40:49.437+0000] {dag.py:2742} INFO - Sync 1 DAGs
[2024-11-01T18:40:51.372+0000] {logging_mixin.py:150} INFO - [2024-11-01T18:40:51.371+0000] {dag.py:3508} INFO - Setting next_dagrun for example_kubernetes_executor to None, run_after=None
[2024-11-01T18:40:51.409+0000] {processor.py:179} INFO - Processing /home/airflow/.local/lib/python3.7/site-packages/airflow/example_dags/example_kubernetes_executor.py took 5.920 seconds
[2024-11-01T18:41:21.904+0000] {processor.py:157} INFO - Started process (PID=2404) to work on /home/airflow/.local/lib/python3.7/site-packages/airflow/example_dags/example_kubernetes_executor.py
[2024-11-01T18:41:21.910+0000] {processor.py:826} INFO - Processing file /home/airflow/.local/lib/python3.7/site-packages/airflow/example_dags/example_kubernetes_executor.py for tasks to queue
[2024-11-01T18:41:21.911+0000] {logging_mixin.py:150} INFO - [2024-11-01T18:41:21.910+0000] {dagbag.py:541} INFO - Filling up the DagBag from /home/airflow/.local/lib/python3.7/site-packages/airflow/example_dags/example_kubernetes_executor.py
[2024-11-01T18:41:23.062+0000] {processor.py:836} INFO - DAG(s) dict_keys(['example_kubernetes_executor']) retrieved from /home/airflow/.local/lib/python3.7/site-packages/airflow/example_dags/example_kubernetes_executor.py
[2024-11-01T18:41:23.166+0000] {logging_mixin.py:150} INFO - [2024-11-01T18:41:23.166+0000] {dag.py:2742} INFO - Sync 1 DAGs
[2024-11-01T18:41:23.966+0000] {logging_mixin.py:150} INFO - [2024-11-01T18:41:23.966+0000] {dag.py:3508} INFO - Setting next_dagrun for example_kubernetes_executor to None, run_after=None
[2024-11-01T18:41:23.993+0000] {processor.py:179} INFO - Processing /home/airflow/.local/lib/python3.7/site-packages/airflow/example_dags/example_kubernetes_executor.py took 2.095 seconds
[2024-11-01T18:41:54.753+0000] {processor.py:157} INFO - Started process (PID=2466) to work on /home/airflow/.local/lib/python3.7/site-packages/airflow/example_dags/example_kubernetes_executor.py
[2024-11-01T18:41:54.754+0000] {processor.py:826} INFO - Processing file /home/airflow/.local/lib/python3.7/site-packages/airflow/example_dags/example_kubernetes_executor.py for tasks to queue
[2024-11-01T18:41:54.757+0000] {logging_mixin.py:150} INFO - [2024-11-01T18:41:54.756+0000] {dagbag.py:541} INFO - Filling up the DagBag from /home/airflow/.local/lib/python3.7/site-packages/airflow/example_dags/example_kubernetes_executor.py
[2024-11-01T18:41:54.979+0000] {processor.py:836} INFO - DAG(s) dict_keys(['example_kubernetes_executor']) retrieved from /home/airflow/.local/lib/python3.7/site-packages/airflow/example_dags/example_kubernetes_executor.py
[2024-11-01T18:41:55.047+0000] {logging_mixin.py:150} INFO - [2024-11-01T18:41:55.047+0000] {dag.py:2742} INFO - Sync 1 DAGs
[2024-11-01T18:41:55.817+0000] {logging_mixin.py:150} INFO - [2024-11-01T18:41:55.816+0000] {dag.py:3508} INFO - Setting next_dagrun for example_kubernetes_executor to None, run_after=None
[2024-11-01T18:41:55.890+0000] {processor.py:179} INFO - Processing /home/airflow/.local/lib/python3.7/site-packages/airflow/example_dags/example_kubernetes_executor.py took 1.142 seconds
[2024-11-01T18:42:26.936+0000] {processor.py:157} INFO - Started process (PID=2528) to work on /home/airflow/.local/lib/python3.7/site-packages/airflow/example_dags/example_kubernetes_executor.py
[2024-11-01T18:42:26.942+0000] {processor.py:826} INFO - Processing file /home/airflow/.local/lib/python3.7/site-packages/airflow/example_dags/example_kubernetes_executor.py for tasks to queue
[2024-11-01T18:42:26.945+0000] {logging_mixin.py:150} INFO - [2024-11-01T18:42:26.945+0000] {dagbag.py:541} INFO - Filling up the DagBag from /home/airflow/.local/lib/python3.7/site-packages/airflow/example_dags/example_kubernetes_executor.py
[2024-11-01T18:42:27.290+0000] {processor.py:836} INFO - DAG(s) dict_keys(['example_kubernetes_executor']) retrieved from /home/airflow/.local/lib/python3.7/site-packages/airflow/example_dags/example_kubernetes_executor.py
[2024-11-01T18:42:27.626+0000] {logging_mixin.py:150} INFO - [2024-11-01T18:42:27.626+0000] {dag.py:2742} INFO - Sync 1 DAGs
[2024-11-01T18:42:27.641+0000] {logging_mixin.py:150} INFO - [2024-11-01T18:42:27.641+0000] {dag.py:3508} INFO - Setting next_dagrun for example_kubernetes_executor to None, run_after=None
[2024-11-01T18:42:27.658+0000] {processor.py:179} INFO - Processing /home/airflow/.local/lib/python3.7/site-packages/airflow/example_dags/example_kubernetes_executor.py took 0.732 seconds
[2024-11-01T18:42:58.891+0000] {processor.py:157} INFO - Started process (PID=2590) to work on /home/airflow/.local/lib/python3.7/site-packages/airflow/example_dags/example_kubernetes_executor.py
[2024-11-01T18:42:58.899+0000] {processor.py:826} INFO - Processing file /home/airflow/.local/lib/python3.7/site-packages/airflow/example_dags/example_kubernetes_executor.py for tasks to queue
[2024-11-01T18:42:58.904+0000] {logging_mixin.py:150} INFO - [2024-11-01T18:42:58.902+0000] {dagbag.py:541} INFO - Filling up the DagBag from /home/airflow/.local/lib/python3.7/site-packages/airflow/example_dags/example_kubernetes_executor.py
[2024-11-01T18:42:59.301+0000] {processor.py:836} INFO - DAG(s) dict_keys(['example_kubernetes_executor']) retrieved from /home/airflow/.local/lib/python3.7/site-packages/airflow/example_dags/example_kubernetes_executor.py
[2024-11-01T18:43:07.258+0000] {logging_mixin.py:150} INFO - [2024-11-01T18:43:07.256+0000] {dag.py:2742} INFO - Sync 1 DAGs
[2024-11-01T18:43:07.334+0000] {logging_mixin.py:150} INFO - [2024-11-01T18:43:07.334+0000] {dag.py:3508} INFO - Setting next_dagrun for example_kubernetes_executor to None, run_after=None
[2024-11-01T18:43:07.394+0000] {processor.py:179} INFO - Processing /home/airflow/.local/lib/python3.7/site-packages/airflow/example_dags/example_kubernetes_executor.py took 8.522 seconds
[2024-11-01T18:43:38.337+0000] {processor.py:157} INFO - Started process (PID=2652) to work on /home/airflow/.local/lib/python3.7/site-packages/airflow/example_dags/example_kubernetes_executor.py
[2024-11-01T18:43:38.344+0000] {processor.py:826} INFO - Processing file /home/airflow/.local/lib/python3.7/site-packages/airflow/example_dags/example_kubernetes_executor.py for tasks to queue
[2024-11-01T18:43:38.345+0000] {logging_mixin.py:150} INFO - [2024-11-01T18:43:38.345+0000] {dagbag.py:541} INFO - Filling up the DagBag from /home/airflow/.local/lib/python3.7/site-packages/airflow/example_dags/example_kubernetes_executor.py
[2024-11-01T18:43:38.966+0000] {processor.py:836} INFO - DAG(s) dict_keys(['example_kubernetes_executor']) retrieved from /home/airflow/.local/lib/python3.7/site-packages/airflow/example_dags/example_kubernetes_executor.py
[2024-11-01T18:43:39.022+0000] {logging_mixin.py:150} INFO - [2024-11-01T18:43:39.021+0000] {dag.py:2742} INFO - Sync 1 DAGs
[2024-11-01T18:43:39.041+0000] {logging_mixin.py:150} INFO - [2024-11-01T18:43:39.041+0000] {dag.py:3508} INFO - Setting next_dagrun for example_kubernetes_executor to None, run_after=None
[2024-11-01T18:43:39.058+0000] {processor.py:179} INFO - Processing /home/airflow/.local/lib/python3.7/site-packages/airflow/example_dags/example_kubernetes_executor.py took 0.730 seconds
[2024-11-01T18:44:09.713+0000] {processor.py:157} INFO - Started process (PID=2714) to work on /home/airflow/.local/lib/python3.7/site-packages/airflow/example_dags/example_kubernetes_executor.py
[2024-11-01T18:44:09.715+0000] {processor.py:826} INFO - Processing file /home/airflow/.local/lib/python3.7/site-packages/airflow/example_dags/example_kubernetes_executor.py for tasks to queue
[2024-11-01T18:44:09.719+0000] {logging_mixin.py:150} INFO - [2024-11-01T18:44:09.719+0000] {dagbag.py:541} INFO - Filling up the DagBag from /home/airflow/.local/lib/python3.7/site-packages/airflow/example_dags/example_kubernetes_executor.py
[2024-11-01T18:44:09.929+0000] {processor.py:836} INFO - DAG(s) dict_keys(['example_kubernetes_executor']) retrieved from /home/airflow/.local/lib/python3.7/site-packages/airflow/example_dags/example_kubernetes_executor.py
[2024-11-01T18:44:10.323+0000] {logging_mixin.py:150} INFO - [2024-11-01T18:44:10.322+0000] {dag.py:2742} INFO - Sync 1 DAGs
[2024-11-01T18:44:10.351+0000] {logging_mixin.py:150} INFO - [2024-11-01T18:44:10.350+0000] {dag.py:3508} INFO - Setting next_dagrun for example_kubernetes_executor to None, run_after=None
[2024-11-01T18:44:10.373+0000] {processor.py:179} INFO - Processing /home/airflow/.local/lib/python3.7/site-packages/airflow/example_dags/example_kubernetes_executor.py took 0.665 seconds
[2024-11-01T18:44:41.646+0000] {processor.py:157} INFO - Started process (PID=2790) to work on /home/airflow/.local/lib/python3.7/site-packages/airflow/example_dags/example_kubernetes_executor.py
[2024-11-01T18:44:41.648+0000] {processor.py:826} INFO - Processing file /home/airflow/.local/lib/python3.7/site-packages/airflow/example_dags/example_kubernetes_executor.py for tasks to queue
[2024-11-01T18:44:41.648+0000] {logging_mixin.py:150} INFO - [2024-11-01T18:44:41.648+0000] {dagbag.py:541} INFO - Filling up the DagBag from /home/airflow/.local/lib/python3.7/site-packages/airflow/example_dags/example_kubernetes_executor.py
[2024-11-01T18:44:41.974+0000] {processor.py:836} INFO - DAG(s) dict_keys(['example_kubernetes_executor']) retrieved from /home/airflow/.local/lib/python3.7/site-packages/airflow/example_dags/example_kubernetes_executor.py
[2024-11-01T18:44:42.003+0000] {logging_mixin.py:150} INFO - [2024-11-01T18:44:42.003+0000] {dag.py:2742} INFO - Sync 1 DAGs
[2024-11-01T18:44:42.021+0000] {logging_mixin.py:150} INFO - [2024-11-01T18:44:42.021+0000] {dag.py:3508} INFO - Setting next_dagrun for example_kubernetes_executor to None, run_after=None
[2024-11-01T18:44:42.032+0000] {processor.py:179} INFO - Processing /home/airflow/.local/lib/python3.7/site-packages/airflow/example_dags/example_kubernetes_executor.py took 0.391 seconds
[2024-11-01T18:45:12.104+0000] {processor.py:157} INFO - Started process (PID=2853) to work on /home/airflow/.local/lib/python3.7/site-packages/airflow/example_dags/example_kubernetes_executor.py
[2024-11-01T18:45:12.104+0000] {processor.py:826} INFO - Processing file /home/airflow/.local/lib/python3.7/site-packages/airflow/example_dags/example_kubernetes_executor.py for tasks to queue
[2024-11-01T18:45:12.105+0000] {logging_mixin.py:150} INFO - [2024-11-01T18:45:12.104+0000] {dagbag.py:541} INFO - Filling up the DagBag from /home/airflow/.local/lib/python3.7/site-packages/airflow/example_dags/example_kubernetes_executor.py
[2024-11-01T18:45:12.435+0000] {processor.py:836} INFO - DAG(s) dict_keys(['example_kubernetes_executor']) retrieved from /home/airflow/.local/lib/python3.7/site-packages/airflow/example_dags/example_kubernetes_executor.py
[2024-11-01T18:45:12.460+0000] {logging_mixin.py:150} INFO - [2024-11-01T18:45:12.460+0000] {dag.py:2742} INFO - Sync 1 DAGs
[2024-11-01T18:45:12.475+0000] {logging_mixin.py:150} INFO - [2024-11-01T18:45:12.475+0000] {dag.py:3508} INFO - Setting next_dagrun for example_kubernetes_executor to None, run_after=None
[2024-11-01T18:45:12.491+0000] {processor.py:179} INFO - Processing /home/airflow/.local/lib/python3.7/site-packages/airflow/example_dags/example_kubernetes_executor.py took 0.389 seconds
[2024-11-01T18:45:42.651+0000] {processor.py:157} INFO - Started process (PID=2916) to work on /home/airflow/.local/lib/python3.7/site-packages/airflow/example_dags/example_kubernetes_executor.py
[2024-11-01T18:45:42.652+0000] {processor.py:826} INFO - Processing file /home/airflow/.local/lib/python3.7/site-packages/airflow/example_dags/example_kubernetes_executor.py for tasks to queue
[2024-11-01T18:45:42.653+0000] {logging_mixin.py:150} INFO - [2024-11-01T18:45:42.652+0000] {dagbag.py:541} INFO - Filling up the DagBag from /home/airflow/.local/lib/python3.7/site-packages/airflow/example_dags/example_kubernetes_executor.py
[2024-11-01T18:45:43.113+0000] {processor.py:836} INFO - DAG(s) dict_keys(['example_kubernetes_executor']) retrieved from /home/airflow/.local/lib/python3.7/site-packages/airflow/example_dags/example_kubernetes_executor.py
[2024-11-01T18:45:43.190+0000] {logging_mixin.py:150} INFO - [2024-11-01T18:45:43.189+0000] {dag.py:2742} INFO - Sync 1 DAGs
[2024-11-01T18:45:43.217+0000] {logging_mixin.py:150} INFO - [2024-11-01T18:45:43.217+0000] {dag.py:3508} INFO - Setting next_dagrun for example_kubernetes_executor to None, run_after=None
[2024-11-01T18:45:43.230+0000] {processor.py:179} INFO - Processing /home/airflow/.local/lib/python3.7/site-packages/airflow/example_dags/example_kubernetes_executor.py took 0.580 seconds
[2024-11-01T18:46:14.819+0000] {processor.py:157} INFO - Started process (PID=2992) to work on /home/airflow/.local/lib/python3.7/site-packages/airflow/example_dags/example_kubernetes_executor.py
[2024-11-01T18:46:14.821+0000] {processor.py:826} INFO - Processing file /home/airflow/.local/lib/python3.7/site-packages/airflow/example_dags/example_kubernetes_executor.py for tasks to queue
[2024-11-01T18:46:14.821+0000] {logging_mixin.py:150} INFO - [2024-11-01T18:46:14.821+0000] {dagbag.py:541} INFO - Filling up the DagBag from /home/airflow/.local/lib/python3.7/site-packages/airflow/example_dags/example_kubernetes_executor.py
[2024-11-01T18:46:15.016+0000] {processor.py:836} INFO - DAG(s) dict_keys(['example_kubernetes_executor']) retrieved from /home/airflow/.local/lib/python3.7/site-packages/airflow/example_dags/example_kubernetes_executor.py
[2024-11-01T18:46:15.035+0000] {logging_mixin.py:150} INFO - [2024-11-01T18:46:15.035+0000] {dag.py:2742} INFO - Sync 1 DAGs
[2024-11-01T18:46:15.049+0000] {logging_mixin.py:150} INFO - [2024-11-01T18:46:15.048+0000] {dag.py:3508} INFO - Setting next_dagrun for example_kubernetes_executor to None, run_after=None
[2024-11-01T18:46:15.058+0000] {processor.py:179} INFO - Processing /home/airflow/.local/lib/python3.7/site-packages/airflow/example_dags/example_kubernetes_executor.py took 0.241 seconds
[2024-11-01T18:46:50.151+0000] {processor.py:157} INFO - Started process (PID=3057) to work on /home/airflow/.local/lib/python3.7/site-packages/airflow/example_dags/example_kubernetes_executor.py
[2024-11-01T18:46:50.153+0000] {processor.py:826} INFO - Processing file /home/airflow/.local/lib/python3.7/site-packages/airflow/example_dags/example_kubernetes_executor.py for tasks to queue
[2024-11-01T18:46:50.154+0000] {logging_mixin.py:150} INFO - [2024-11-01T18:46:50.154+0000] {dagbag.py:541} INFO - Filling up the DagBag from /home/airflow/.local/lib/python3.7/site-packages/airflow/example_dags/example_kubernetes_executor.py
[2024-11-01T18:46:53.249+0000] {processor.py:836} INFO - DAG(s) dict_keys(['example_kubernetes_executor']) retrieved from /home/airflow/.local/lib/python3.7/site-packages/airflow/example_dags/example_kubernetes_executor.py
[2024-11-01T18:46:53.446+0000] {logging_mixin.py:150} INFO - [2024-11-01T18:46:53.444+0000] {dag.py:2742} INFO - Sync 1 DAGs
[2024-11-01T18:46:53.486+0000] {logging_mixin.py:150} INFO - [2024-11-01T18:46:53.486+0000] {dag.py:3508} INFO - Setting next_dagrun for example_kubernetes_executor to None, run_after=None
[2024-11-01T18:46:53.517+0000] {processor.py:179} INFO - Processing /home/airflow/.local/lib/python3.7/site-packages/airflow/example_dags/example_kubernetes_executor.py took 3.377 seconds
[2024-11-01T18:47:24.060+0000] {processor.py:157} INFO - Started process (PID=3127) to work on /home/airflow/.local/lib/python3.7/site-packages/airflow/example_dags/example_kubernetes_executor.py
[2024-11-01T18:47:24.061+0000] {processor.py:826} INFO - Processing file /home/airflow/.local/lib/python3.7/site-packages/airflow/example_dags/example_kubernetes_executor.py for tasks to queue
[2024-11-01T18:47:24.062+0000] {logging_mixin.py:150} INFO - [2024-11-01T18:47:24.062+0000] {dagbag.py:541} INFO - Filling up the DagBag from /home/airflow/.local/lib/python3.7/site-packages/airflow/example_dags/example_kubernetes_executor.py
[2024-11-01T18:47:24.608+0000] {processor.py:836} INFO - DAG(s) dict_keys(['example_kubernetes_executor']) retrieved from /home/airflow/.local/lib/python3.7/site-packages/airflow/example_dags/example_kubernetes_executor.py
[2024-11-01T18:47:24.645+0000] {logging_mixin.py:150} INFO - [2024-11-01T18:47:24.645+0000] {dag.py:2742} INFO - Sync 1 DAGs
[2024-11-01T18:47:24.657+0000] {logging_mixin.py:150} INFO - [2024-11-01T18:47:24.657+0000] {dag.py:3508} INFO - Setting next_dagrun for example_kubernetes_executor to None, run_after=None
[2024-11-01T18:47:24.665+0000] {processor.py:179} INFO - Processing /home/airflow/.local/lib/python3.7/site-packages/airflow/example_dags/example_kubernetes_executor.py took 0.607 seconds
[2024-11-01T18:47:58.274+0000] {processor.py:157} INFO - Started process (PID=3197) to work on /home/airflow/.local/lib/python3.7/site-packages/airflow/example_dags/example_kubernetes_executor.py
[2024-11-01T18:47:58.277+0000] {processor.py:826} INFO - Processing file /home/airflow/.local/lib/python3.7/site-packages/airflow/example_dags/example_kubernetes_executor.py for tasks to queue
[2024-11-01T18:47:58.278+0000] {logging_mixin.py:150} INFO - [2024-11-01T18:47:58.277+0000] {dagbag.py:541} INFO - Filling up the DagBag from /home/airflow/.local/lib/python3.7/site-packages/airflow/example_dags/example_kubernetes_executor.py
[2024-11-01T18:48:01.019+0000] {processor.py:836} INFO - DAG(s) dict_keys(['example_kubernetes_executor']) retrieved from /home/airflow/.local/lib/python3.7/site-packages/airflow/example_dags/example_kubernetes_executor.py
[2024-11-01T18:48:01.135+0000] {logging_mixin.py:150} INFO - [2024-11-01T18:48:01.131+0000] {dag.py:2742} INFO - Sync 1 DAGs
[2024-11-01T18:48:01.182+0000] {logging_mixin.py:150} INFO - [2024-11-01T18:48:01.182+0000] {dag.py:3508} INFO - Setting next_dagrun for example_kubernetes_executor to None, run_after=None
[2024-11-01T18:48:01.197+0000] {processor.py:179} INFO - Processing /home/airflow/.local/lib/python3.7/site-packages/airflow/example_dags/example_kubernetes_executor.py took 2.928 seconds
[2024-11-01T18:48:31.605+0000] {processor.py:157} INFO - Started process (PID=3262) to work on /home/airflow/.local/lib/python3.7/site-packages/airflow/example_dags/example_kubernetes_executor.py
[2024-11-01T18:48:31.607+0000] {processor.py:826} INFO - Processing file /home/airflow/.local/lib/python3.7/site-packages/airflow/example_dags/example_kubernetes_executor.py for tasks to queue
[2024-11-01T18:48:31.608+0000] {logging_mixin.py:150} INFO - [2024-11-01T18:48:31.608+0000] {dagbag.py:541} INFO - Filling up the DagBag from /home/airflow/.local/lib/python3.7/site-packages/airflow/example_dags/example_kubernetes_executor.py
[2024-11-01T18:48:34.085+0000] {processor.py:836} INFO - DAG(s) dict_keys(['example_kubernetes_executor']) retrieved from /home/airflow/.local/lib/python3.7/site-packages/airflow/example_dags/example_kubernetes_executor.py
[2024-11-01T18:48:34.254+0000] {logging_mixin.py:150} INFO - [2024-11-01T18:48:34.253+0000] {dag.py:2742} INFO - Sync 1 DAGs
[2024-11-01T18:48:34.869+0000] {logging_mixin.py:150} INFO - [2024-11-01T18:48:34.861+0000] {dag.py:3508} INFO - Setting next_dagrun for example_kubernetes_executor to None, run_after=None
[2024-11-01T18:48:35.066+0000] {processor.py:179} INFO - Processing /home/airflow/.local/lib/python3.7/site-packages/airflow/example_dags/example_kubernetes_executor.py took 3.466 seconds
[2024-11-01T18:49:06.535+0000] {processor.py:157} INFO - Started process (PID=3324) to work on /home/airflow/.local/lib/python3.7/site-packages/airflow/example_dags/example_kubernetes_executor.py
[2024-11-01T18:49:06.550+0000] {processor.py:826} INFO - Processing file /home/airflow/.local/lib/python3.7/site-packages/airflow/example_dags/example_kubernetes_executor.py for tasks to queue
[2024-11-01T18:49:06.551+0000] {logging_mixin.py:150} INFO - [2024-11-01T18:49:06.551+0000] {dagbag.py:541} INFO - Filling up the DagBag from /home/airflow/.local/lib/python3.7/site-packages/airflow/example_dags/example_kubernetes_executor.py
[2024-11-01T18:49:07.378+0000] {processor.py:836} INFO - DAG(s) dict_keys(['example_kubernetes_executor']) retrieved from /home/airflow/.local/lib/python3.7/site-packages/airflow/example_dags/example_kubernetes_executor.py
[2024-11-01T18:49:07.433+0000] {logging_mixin.py:150} INFO - [2024-11-01T18:49:07.432+0000] {dag.py:2742} INFO - Sync 1 DAGs
[2024-11-01T18:49:07.455+0000] {logging_mixin.py:150} INFO - [2024-11-01T18:49:07.455+0000] {dag.py:3508} INFO - Setting next_dagrun for example_kubernetes_executor to None, run_after=None
[2024-11-01T18:49:07.469+0000] {processor.py:179} INFO - Processing /home/airflow/.local/lib/python3.7/site-packages/airflow/example_dags/example_kubernetes_executor.py took 0.954 seconds
[2024-11-01T18:49:37.608+0000] {processor.py:157} INFO - Started process (PID=3386) to work on /home/airflow/.local/lib/python3.7/site-packages/airflow/example_dags/example_kubernetes_executor.py
[2024-11-01T18:49:37.609+0000] {processor.py:826} INFO - Processing file /home/airflow/.local/lib/python3.7/site-packages/airflow/example_dags/example_kubernetes_executor.py for tasks to queue
[2024-11-01T18:49:37.610+0000] {logging_mixin.py:150} INFO - [2024-11-01T18:49:37.610+0000] {dagbag.py:541} INFO - Filling up the DagBag from /home/airflow/.local/lib/python3.7/site-packages/airflow/example_dags/example_kubernetes_executor.py
[2024-11-01T18:49:38.035+0000] {processor.py:836} INFO - DAG(s) dict_keys(['example_kubernetes_executor']) retrieved from /home/airflow/.local/lib/python3.7/site-packages/airflow/example_dags/example_kubernetes_executor.py
[2024-11-01T18:49:38.058+0000] {logging_mixin.py:150} INFO - [2024-11-01T18:49:38.058+0000] {dag.py:2742} INFO - Sync 1 DAGs
[2024-11-01T18:49:38.072+0000] {logging_mixin.py:150} INFO - [2024-11-01T18:49:38.072+0000] {dag.py:3508} INFO - Setting next_dagrun for example_kubernetes_executor to None, run_after=None
[2024-11-01T18:49:38.081+0000] {processor.py:179} INFO - Processing /home/airflow/.local/lib/python3.7/site-packages/airflow/example_dags/example_kubernetes_executor.py took 0.478 seconds
[2024-11-01T18:50:08.952+0000] {processor.py:157} INFO - Started process (PID=3448) to work on /home/airflow/.local/lib/python3.7/site-packages/airflow/example_dags/example_kubernetes_executor.py
[2024-11-01T18:50:08.954+0000] {processor.py:826} INFO - Processing file /home/airflow/.local/lib/python3.7/site-packages/airflow/example_dags/example_kubernetes_executor.py for tasks to queue
[2024-11-01T18:50:08.955+0000] {logging_mixin.py:150} INFO - [2024-11-01T18:50:08.954+0000] {dagbag.py:541} INFO - Filling up the DagBag from /home/airflow/.local/lib/python3.7/site-packages/airflow/example_dags/example_kubernetes_executor.py
[2024-11-01T18:50:09.330+0000] {processor.py:836} INFO - DAG(s) dict_keys(['example_kubernetes_executor']) retrieved from /home/airflow/.local/lib/python3.7/site-packages/airflow/example_dags/example_kubernetes_executor.py
[2024-11-01T18:50:09.353+0000] {logging_mixin.py:150} INFO - [2024-11-01T18:50:09.352+0000] {dag.py:2742} INFO - Sync 1 DAGs
[2024-11-01T18:50:09.366+0000] {logging_mixin.py:150} INFO - [2024-11-01T18:50:09.366+0000] {dag.py:3508} INFO - Setting next_dagrun for example_kubernetes_executor to None, run_after=None
[2024-11-01T18:50:09.375+0000] {processor.py:179} INFO - Processing /home/airflow/.local/lib/python3.7/site-packages/airflow/example_dags/example_kubernetes_executor.py took 0.428 seconds
[2024-11-01T18:50:40.161+0000] {processor.py:157} INFO - Started process (PID=3510) to work on /home/airflow/.local/lib/python3.7/site-packages/airflow/example_dags/example_kubernetes_executor.py
[2024-11-01T18:50:40.162+0000] {processor.py:826} INFO - Processing file /home/airflow/.local/lib/python3.7/site-packages/airflow/example_dags/example_kubernetes_executor.py for tasks to queue
[2024-11-01T18:50:40.164+0000] {logging_mixin.py:150} INFO - [2024-11-01T18:50:40.163+0000] {dagbag.py:541} INFO - Filling up the DagBag from /home/airflow/.local/lib/python3.7/site-packages/airflow/example_dags/example_kubernetes_executor.py
[2024-11-01T18:50:40.583+0000] {processor.py:836} INFO - DAG(s) dict_keys(['example_kubernetes_executor']) retrieved from /home/airflow/.local/lib/python3.7/site-packages/airflow/example_dags/example_kubernetes_executor.py
[2024-11-01T18:50:40.614+0000] {logging_mixin.py:150} INFO - [2024-11-01T18:50:40.614+0000] {dag.py:2742} INFO - Sync 1 DAGs
[2024-11-01T18:50:40.628+0000] {logging_mixin.py:150} INFO - [2024-11-01T18:50:40.628+0000] {dag.py:3508} INFO - Setting next_dagrun for example_kubernetes_executor to None, run_after=None
[2024-11-01T18:50:40.636+0000] {processor.py:179} INFO - Processing /home/airflow/.local/lib/python3.7/site-packages/airflow/example_dags/example_kubernetes_executor.py took 0.482 seconds
[2024-11-01T18:51:10.739+0000] {processor.py:157} INFO - Started process (PID=3572) to work on /home/airflow/.local/lib/python3.7/site-packages/airflow/example_dags/example_kubernetes_executor.py
[2024-11-01T18:51:10.742+0000] {processor.py:826} INFO - Processing file /home/airflow/.local/lib/python3.7/site-packages/airflow/example_dags/example_kubernetes_executor.py for tasks to queue
[2024-11-01T18:51:10.743+0000] {logging_mixin.py:150} INFO - [2024-11-01T18:51:10.742+0000] {dagbag.py:541} INFO - Filling up the DagBag from /home/airflow/.local/lib/python3.7/site-packages/airflow/example_dags/example_kubernetes_executor.py
[2024-11-01T18:51:11.192+0000] {processor.py:836} INFO - DAG(s) dict_keys(['example_kubernetes_executor']) retrieved from /home/airflow/.local/lib/python3.7/site-packages/airflow/example_dags/example_kubernetes_executor.py
[2024-11-01T18:51:11.231+0000] {logging_mixin.py:150} INFO - [2024-11-01T18:51:11.231+0000] {dag.py:2742} INFO - Sync 1 DAGs
[2024-11-01T18:51:11.246+0000] {logging_mixin.py:150} INFO - [2024-11-01T18:51:11.245+0000] {dag.py:3508} INFO - Setting next_dagrun for example_kubernetes_executor to None, run_after=None
[2024-11-01T18:51:11.255+0000] {processor.py:179} INFO - Processing /home/airflow/.local/lib/python3.7/site-packages/airflow/example_dags/example_kubernetes_executor.py took 0.524 seconds
[2024-11-01T18:51:41.621+0000] {processor.py:157} INFO - Started process (PID=3634) to work on /home/airflow/.local/lib/python3.7/site-packages/airflow/example_dags/example_kubernetes_executor.py
[2024-11-01T18:51:41.623+0000] {processor.py:826} INFO - Processing file /home/airflow/.local/lib/python3.7/site-packages/airflow/example_dags/example_kubernetes_executor.py for tasks to queue
[2024-11-01T18:51:41.624+0000] {logging_mixin.py:150} INFO - [2024-11-01T18:51:41.623+0000] {dagbag.py:541} INFO - Filling up the DagBag from /home/airflow/.local/lib/python3.7/site-packages/airflow/example_dags/example_kubernetes_executor.py
[2024-11-01T18:51:42.030+0000] {processor.py:836} INFO - DAG(s) dict_keys(['example_kubernetes_executor']) retrieved from /home/airflow/.local/lib/python3.7/site-packages/airflow/example_dags/example_kubernetes_executor.py
[2024-11-01T18:51:42.056+0000] {logging_mixin.py:150} INFO - [2024-11-01T18:51:42.056+0000] {dag.py:2742} INFO - Sync 1 DAGs
[2024-11-01T18:51:42.069+0000] {logging_mixin.py:150} INFO - [2024-11-01T18:51:42.069+0000] {dag.py:3508} INFO - Setting next_dagrun for example_kubernetes_executor to None, run_after=None
[2024-11-01T18:51:42.078+0000] {processor.py:179} INFO - Processing /home/airflow/.local/lib/python3.7/site-packages/airflow/example_dags/example_kubernetes_executor.py took 0.470 seconds
[2024-11-01T18:52:12.335+0000] {processor.py:157} INFO - Started process (PID=3696) to work on /home/airflow/.local/lib/python3.7/site-packages/airflow/example_dags/example_kubernetes_executor.py
[2024-11-01T18:52:12.337+0000] {processor.py:826} INFO - Processing file /home/airflow/.local/lib/python3.7/site-packages/airflow/example_dags/example_kubernetes_executor.py for tasks to queue
[2024-11-01T18:52:12.338+0000] {logging_mixin.py:150} INFO - [2024-11-01T18:52:12.337+0000] {dagbag.py:541} INFO - Filling up the DagBag from /home/airflow/.local/lib/python3.7/site-packages/airflow/example_dags/example_kubernetes_executor.py
[2024-11-01T18:52:12.743+0000] {processor.py:836} INFO - DAG(s) dict_keys(['example_kubernetes_executor']) retrieved from /home/airflow/.local/lib/python3.7/site-packages/airflow/example_dags/example_kubernetes_executor.py
[2024-11-01T18:52:12.777+0000] {logging_mixin.py:150} INFO - [2024-11-01T18:52:12.777+0000] {dag.py:2742} INFO - Sync 1 DAGs
[2024-11-01T18:52:12.792+0000] {logging_mixin.py:150} INFO - [2024-11-01T18:52:12.792+0000] {dag.py:3508} INFO - Setting next_dagrun for example_kubernetes_executor to None, run_after=None
[2024-11-01T18:52:12.800+0000] {processor.py:179} INFO - Processing /home/airflow/.local/lib/python3.7/site-packages/airflow/example_dags/example_kubernetes_executor.py took 0.474 seconds
[2024-11-01T18:52:43.788+0000] {processor.py:157} INFO - Started process (PID=3758) to work on /home/airflow/.local/lib/python3.7/site-packages/airflow/example_dags/example_kubernetes_executor.py
[2024-11-01T18:52:43.790+0000] {processor.py:826} INFO - Processing file /home/airflow/.local/lib/python3.7/site-packages/airflow/example_dags/example_kubernetes_executor.py for tasks to queue
[2024-11-01T18:52:43.790+0000] {logging_mixin.py:150} INFO - [2024-11-01T18:52:43.790+0000] {dagbag.py:541} INFO - Filling up the DagBag from /home/airflow/.local/lib/python3.7/site-packages/airflow/example_dags/example_kubernetes_executor.py
[2024-11-01T18:52:44.234+0000] {processor.py:836} INFO - DAG(s) dict_keys(['example_kubernetes_executor']) retrieved from /home/airflow/.local/lib/python3.7/site-packages/airflow/example_dags/example_kubernetes_executor.py
[2024-11-01T18:52:44.275+0000] {logging_mixin.py:150} INFO - [2024-11-01T18:52:44.275+0000] {dag.py:2742} INFO - Sync 1 DAGs
[2024-11-01T18:52:44.288+0000] {logging_mixin.py:150} INFO - [2024-11-01T18:52:44.288+0000] {dag.py:3508} INFO - Setting next_dagrun for example_kubernetes_executor to None, run_after=None
[2024-11-01T18:52:44.297+0000] {processor.py:179} INFO - Processing /home/airflow/.local/lib/python3.7/site-packages/airflow/example_dags/example_kubernetes_executor.py took 0.514 seconds
