[2024-11-01T18:12:02.039+0000] {processor.py:157} INFO - Started process (PID=58) to work on /home/airflow/.local/lib/python3.7/site-packages/airflow/example_dags/example_dag_decorator.py
[2024-11-01T18:12:02.060+0000] {processor.py:826} INFO - Processing file /home/airflow/.local/lib/python3.7/site-packages/airflow/example_dags/example_dag_decorator.py for tasks to queue
[2024-11-01T18:12:02.063+0000] {logging_mixin.py:150} INFO - [2024-11-01T18:12:02.062+0000] {dagbag.py:541} INFO - Filling up the DagBag from /home/airflow/.local/lib/python3.7/site-packages/airflow/example_dags/example_dag_decorator.py
[2024-11-01T18:12:02.088+0000] {processor.py:836} INFO - DAG(s) dict_keys(['example_dag_decorator']) retrieved from /home/airflow/.local/lib/python3.7/site-packages/airflow/example_dags/example_dag_decorator.py
[2024-11-01T18:12:02.210+0000] {logging_mixin.py:150} INFO - [2024-11-01T18:12:02.210+0000] {dag.py:2742} INFO - Sync 1 DAGs
[2024-11-01T18:12:02.234+0000] {logging_mixin.py:150} INFO - [2024-11-01T18:12:02.234+0000] {dag.py:3508} INFO - Setting next_dagrun for example_dag_decorator to None, run_after=None
[2024-11-01T18:12:02.262+0000] {processor.py:179} INFO - Processing /home/airflow/.local/lib/python3.7/site-packages/airflow/example_dags/example_dag_decorator.py took 0.228 seconds
[2024-11-01T18:12:36.578+0000] {processor.py:157} INFO - Started process (PID=120) to work on /home/airflow/.local/lib/python3.7/site-packages/airflow/example_dags/example_dag_decorator.py
[2024-11-01T18:12:36.583+0000] {processor.py:826} INFO - Processing file /home/airflow/.local/lib/python3.7/site-packages/airflow/example_dags/example_dag_decorator.py for tasks to queue
[2024-11-01T18:12:36.585+0000] {logging_mixin.py:150} INFO - [2024-11-01T18:12:36.585+0000] {dagbag.py:541} INFO - Filling up the DagBag from /home/airflow/.local/lib/python3.7/site-packages/airflow/example_dags/example_dag_decorator.py
[2024-11-01T18:12:36.676+0000] {processor.py:836} INFO - DAG(s) dict_keys(['example_dag_decorator']) retrieved from /home/airflow/.local/lib/python3.7/site-packages/airflow/example_dags/example_dag_decorator.py
[2024-11-01T18:12:37.557+0000] {logging_mixin.py:150} INFO - [2024-11-01T18:12:37.556+0000] {dag.py:2742} INFO - Sync 1 DAGs
[2024-11-01T18:12:37.585+0000] {logging_mixin.py:150} INFO - [2024-11-01T18:12:37.585+0000] {dag.py:3508} INFO - Setting next_dagrun for example_dag_decorator to None, run_after=None
[2024-11-01T18:12:37.607+0000] {processor.py:179} INFO - Processing /home/airflow/.local/lib/python3.7/site-packages/airflow/example_dags/example_dag_decorator.py took 1.035 seconds
[2024-11-01T18:13:08.168+0000] {processor.py:157} INFO - Started process (PID=182) to work on /home/airflow/.local/lib/python3.7/site-packages/airflow/example_dags/example_dag_decorator.py
[2024-11-01T18:13:08.183+0000] {processor.py:826} INFO - Processing file /home/airflow/.local/lib/python3.7/site-packages/airflow/example_dags/example_dag_decorator.py for tasks to queue
[2024-11-01T18:13:08.183+0000] {logging_mixin.py:150} INFO - [2024-11-01T18:13:08.183+0000] {dagbag.py:541} INFO - Filling up the DagBag from /home/airflow/.local/lib/python3.7/site-packages/airflow/example_dags/example_dag_decorator.py
[2024-11-01T18:13:08.222+0000] {processor.py:836} INFO - DAG(s) dict_keys(['example_dag_decorator']) retrieved from /home/airflow/.local/lib/python3.7/site-packages/airflow/example_dags/example_dag_decorator.py
[2024-11-01T18:13:08.460+0000] {logging_mixin.py:150} INFO - [2024-11-01T18:13:08.460+0000] {dag.py:2742} INFO - Sync 1 DAGs
[2024-11-01T18:13:08.479+0000] {logging_mixin.py:150} INFO - [2024-11-01T18:13:08.478+0000] {dag.py:3508} INFO - Setting next_dagrun for example_dag_decorator to None, run_after=None
[2024-11-01T18:13:08.492+0000] {processor.py:179} INFO - Processing /home/airflow/.local/lib/python3.7/site-packages/airflow/example_dags/example_dag_decorator.py took 0.329 seconds
[2024-11-01T18:15:50.228+0000] {processor.py:157} INFO - Started process (PID=262) to work on /home/airflow/.local/lib/python3.7/site-packages/airflow/example_dags/example_dag_decorator.py
[2024-11-01T18:15:50.230+0000] {processor.py:826} INFO - Processing file /home/airflow/.local/lib/python3.7/site-packages/airflow/example_dags/example_dag_decorator.py for tasks to queue
[2024-11-01T18:15:50.231+0000] {logging_mixin.py:150} INFO - [2024-11-01T18:15:50.230+0000] {dagbag.py:541} INFO - Filling up the DagBag from /home/airflow/.local/lib/python3.7/site-packages/airflow/example_dags/example_dag_decorator.py
[2024-11-01T18:15:50.771+0000] {processor.py:836} INFO - DAG(s) dict_keys(['example_dag_decorator']) retrieved from /home/airflow/.local/lib/python3.7/site-packages/airflow/example_dags/example_dag_decorator.py
[2024-11-01T18:15:53.643+0000] {logging_mixin.py:150} INFO - [2024-11-01T18:15:53.642+0000] {dag.py:2742} INFO - Sync 1 DAGs
[2024-11-01T18:15:53.819+0000] {logging_mixin.py:150} INFO - [2024-11-01T18:15:53.818+0000] {dag.py:3508} INFO - Setting next_dagrun for example_dag_decorator to None, run_after=None
[2024-11-01T18:15:53.942+0000] {processor.py:179} INFO - Processing /home/airflow/.local/lib/python3.7/site-packages/airflow/example_dags/example_dag_decorator.py took 3.722 seconds
[2024-11-01T18:17:23.341+0000] {processor.py:157} INFO - Started process (PID=328) to work on /home/airflow/.local/lib/python3.7/site-packages/airflow/example_dags/example_dag_decorator.py
[2024-11-01T18:17:23.347+0000] {processor.py:826} INFO - Processing file /home/airflow/.local/lib/python3.7/site-packages/airflow/example_dags/example_dag_decorator.py for tasks to queue
[2024-11-01T18:17:23.358+0000] {logging_mixin.py:150} INFO - [2024-11-01T18:17:23.358+0000] {dagbag.py:541} INFO - Filling up the DagBag from /home/airflow/.local/lib/python3.7/site-packages/airflow/example_dags/example_dag_decorator.py
[2024-11-01T18:17:23.905+0000] {processor.py:836} INFO - DAG(s) dict_keys(['example_dag_decorator']) retrieved from /home/airflow/.local/lib/python3.7/site-packages/airflow/example_dags/example_dag_decorator.py
[2024-11-01T18:17:33.060+0000] {logging_mixin.py:150} INFO - [2024-11-01T18:17:33.028+0000] {dag.py:2742} INFO - Sync 1 DAGs
[2024-11-01T18:17:33.487+0000] {logging_mixin.py:150} INFO - [2024-11-01T18:17:33.486+0000] {dag.py:3508} INFO - Setting next_dagrun for example_dag_decorator to None, run_after=None
[2024-11-01T18:17:33.767+0000] {processor.py:179} INFO - Processing /home/airflow/.local/lib/python3.7/site-packages/airflow/example_dags/example_dag_decorator.py took 10.490 seconds
[2024-11-01T18:18:25.545+0000] {processor.py:157} INFO - Started process (PID=417) to work on /home/airflow/.local/lib/python3.7/site-packages/airflow/example_dags/example_dag_decorator.py
[2024-11-01T18:18:25.548+0000] {processor.py:826} INFO - Processing file /home/airflow/.local/lib/python3.7/site-packages/airflow/example_dags/example_dag_decorator.py for tasks to queue
[2024-11-01T18:18:25.549+0000] {logging_mixin.py:150} INFO - [2024-11-01T18:18:25.549+0000] {dagbag.py:541} INFO - Filling up the DagBag from /home/airflow/.local/lib/python3.7/site-packages/airflow/example_dags/example_dag_decorator.py
[2024-11-01T18:18:25.681+0000] {processor.py:836} INFO - DAG(s) dict_keys(['example_dag_decorator']) retrieved from /home/airflow/.local/lib/python3.7/site-packages/airflow/example_dags/example_dag_decorator.py
[2024-11-01T18:18:27.191+0000] {logging_mixin.py:150} INFO - [2024-11-01T18:18:27.184+0000] {dag.py:2742} INFO - Sync 1 DAGs
[2024-11-01T18:18:27.394+0000] {logging_mixin.py:150} INFO - [2024-11-01T18:18:27.393+0000] {dag.py:3508} INFO - Setting next_dagrun for example_dag_decorator to None, run_after=None
[2024-11-01T18:18:27.699+0000] {processor.py:179} INFO - Processing /home/airflow/.local/lib/python3.7/site-packages/airflow/example_dags/example_dag_decorator.py took 2.200 seconds
[2024-11-01T18:19:07.776+0000] {processor.py:157} INFO - Started process (PID=485) to work on /home/airflow/.local/lib/python3.7/site-packages/airflow/example_dags/example_dag_decorator.py
[2024-11-01T18:19:07.797+0000] {processor.py:826} INFO - Processing file /home/airflow/.local/lib/python3.7/site-packages/airflow/example_dags/example_dag_decorator.py for tasks to queue
[2024-11-01T18:19:07.805+0000] {logging_mixin.py:150} INFO - [2024-11-01T18:19:07.804+0000] {dagbag.py:541} INFO - Filling up the DagBag from /home/airflow/.local/lib/python3.7/site-packages/airflow/example_dags/example_dag_decorator.py
[2024-11-01T18:19:08.337+0000] {processor.py:836} INFO - DAG(s) dict_keys(['example_dag_decorator']) retrieved from /home/airflow/.local/lib/python3.7/site-packages/airflow/example_dags/example_dag_decorator.py
[2024-11-01T18:19:08.873+0000] {logging_mixin.py:150} INFO - [2024-11-01T18:19:08.873+0000] {dag.py:2742} INFO - Sync 1 DAGs
[2024-11-01T18:19:08.935+0000] {logging_mixin.py:150} INFO - [2024-11-01T18:19:08.935+0000] {dag.py:3508} INFO - Setting next_dagrun for example_dag_decorator to None, run_after=None
[2024-11-01T18:19:09.038+0000] {processor.py:179} INFO - Processing /home/airflow/.local/lib/python3.7/site-packages/airflow/example_dags/example_dag_decorator.py took 1.333 seconds
[2024-11-01T18:19:44.202+0000] {processor.py:157} INFO - Started process (PID=548) to work on /home/airflow/.local/lib/python3.7/site-packages/airflow/example_dags/example_dag_decorator.py
[2024-11-01T18:19:44.259+0000] {processor.py:826} INFO - Processing file /home/airflow/.local/lib/python3.7/site-packages/airflow/example_dags/example_dag_decorator.py for tasks to queue
[2024-11-01T18:19:44.277+0000] {logging_mixin.py:150} INFO - [2024-11-01T18:19:44.269+0000] {dagbag.py:541} INFO - Filling up the DagBag from /home/airflow/.local/lib/python3.7/site-packages/airflow/example_dags/example_dag_decorator.py
[2024-11-01T18:19:44.524+0000] {processor.py:836} INFO - DAG(s) dict_keys(['example_dag_decorator']) retrieved from /home/airflow/.local/lib/python3.7/site-packages/airflow/example_dags/example_dag_decorator.py
[2024-11-01T18:19:46.645+0000] {logging_mixin.py:150} INFO - [2024-11-01T18:19:46.613+0000] {dag.py:2742} INFO - Sync 1 DAGs
[2024-11-01T18:19:46.797+0000] {logging_mixin.py:150} INFO - [2024-11-01T18:19:46.796+0000] {dag.py:3508} INFO - Setting next_dagrun for example_dag_decorator to None, run_after=None
[2024-11-01T18:19:46.917+0000] {processor.py:179} INFO - Processing /home/airflow/.local/lib/python3.7/site-packages/airflow/example_dags/example_dag_decorator.py took 2.984 seconds
[2024-11-01T18:20:34.247+0000] {processor.py:157} INFO - Started process (PID=618) to work on /home/airflow/.local/lib/python3.7/site-packages/airflow/example_dags/example_dag_decorator.py
[2024-11-01T18:20:34.303+0000] {processor.py:826} INFO - Processing file /home/airflow/.local/lib/python3.7/site-packages/airflow/example_dags/example_dag_decorator.py for tasks to queue
[2024-11-01T18:20:34.396+0000] {logging_mixin.py:150} INFO - [2024-11-01T18:20:34.335+0000] {dagbag.py:541} INFO - Filling up the DagBag from /home/airflow/.local/lib/python3.7/site-packages/airflow/example_dags/example_dag_decorator.py
[2024-11-01T18:20:35.142+0000] {processor.py:836} INFO - DAG(s) dict_keys(['example_dag_decorator']) retrieved from /home/airflow/.local/lib/python3.7/site-packages/airflow/example_dags/example_dag_decorator.py
[2024-11-01T18:20:36.670+0000] {logging_mixin.py:150} INFO - [2024-11-01T18:20:36.668+0000] {dag.py:2742} INFO - Sync 1 DAGs
[2024-11-01T18:20:36.889+0000] {logging_mixin.py:150} INFO - [2024-11-01T18:20:36.888+0000] {dag.py:3508} INFO - Setting next_dagrun for example_dag_decorator to None, run_after=None
[2024-11-01T18:20:37.061+0000] {processor.py:179} INFO - Processing /home/airflow/.local/lib/python3.7/site-packages/airflow/example_dags/example_dag_decorator.py took 3.167 seconds
[2024-11-01T18:21:53.988+0000] {processor.py:157} INFO - Started process (PID=692) to work on /home/airflow/.local/lib/python3.7/site-packages/airflow/example_dags/example_dag_decorator.py
[2024-11-01T18:21:54.033+0000] {processor.py:826} INFO - Processing file /home/airflow/.local/lib/python3.7/site-packages/airflow/example_dags/example_dag_decorator.py for tasks to queue
[2024-11-01T18:21:54.082+0000] {logging_mixin.py:150} INFO - [2024-11-01T18:21:54.081+0000] {dagbag.py:541} INFO - Filling up the DagBag from /home/airflow/.local/lib/python3.7/site-packages/airflow/example_dags/example_dag_decorator.py
[2024-11-01T18:21:55.294+0000] {processor.py:836} INFO - DAG(s) dict_keys(['example_dag_decorator']) retrieved from /home/airflow/.local/lib/python3.7/site-packages/airflow/example_dags/example_dag_decorator.py
[2024-11-01T18:24:16.643+0000] {processor.py:157} INFO - Started process (PID=763) to work on /home/airflow/.local/lib/python3.7/site-packages/airflow/example_dags/example_dag_decorator.py
[2024-11-01T18:24:16.650+0000] {processor.py:826} INFO - Processing file /home/airflow/.local/lib/python3.7/site-packages/airflow/example_dags/example_dag_decorator.py for tasks to queue
[2024-11-01T18:24:16.653+0000] {logging_mixin.py:150} INFO - [2024-11-01T18:24:16.652+0000] {dagbag.py:541} INFO - Filling up the DagBag from /home/airflow/.local/lib/python3.7/site-packages/airflow/example_dags/example_dag_decorator.py
[2024-11-01T18:24:16.935+0000] {processor.py:836} INFO - DAG(s) dict_keys(['example_dag_decorator']) retrieved from /home/airflow/.local/lib/python3.7/site-packages/airflow/example_dags/example_dag_decorator.py
[2024-11-01T18:24:17.955+0000] {logging_mixin.py:150} INFO - [2024-11-01T18:24:17.947+0000] {dag.py:2742} INFO - Sync 1 DAGs
[2024-11-01T18:24:18.121+0000] {logging_mixin.py:150} INFO - [2024-11-01T18:24:18.120+0000] {dag.py:3508} INFO - Setting next_dagrun for example_dag_decorator to None, run_after=None
[2024-11-01T18:24:18.243+0000] {processor.py:179} INFO - Processing /home/airflow/.local/lib/python3.7/site-packages/airflow/example_dags/example_dag_decorator.py took 1.613 seconds
[2024-11-01T18:25:30.300+0000] {processor.py:157} INFO - Started process (PID=840) to work on /home/airflow/.local/lib/python3.7/site-packages/airflow/example_dags/example_dag_decorator.py
[2024-11-01T18:25:30.304+0000] {processor.py:826} INFO - Processing file /home/airflow/.local/lib/python3.7/site-packages/airflow/example_dags/example_dag_decorator.py for tasks to queue
[2024-11-01T18:25:30.305+0000] {logging_mixin.py:150} INFO - [2024-11-01T18:25:30.305+0000] {dagbag.py:541} INFO - Filling up the DagBag from /home/airflow/.local/lib/python3.7/site-packages/airflow/example_dags/example_dag_decorator.py
[2024-11-01T18:25:30.435+0000] {processor.py:836} INFO - DAG(s) dict_keys(['example_dag_decorator']) retrieved from /home/airflow/.local/lib/python3.7/site-packages/airflow/example_dags/example_dag_decorator.py
[2024-11-01T18:25:35.127+0000] {logging_mixin.py:150} INFO - [2024-11-01T18:25:35.121+0000] {dag.py:2742} INFO - Sync 1 DAGs
[2024-11-01T18:25:35.214+0000] {logging_mixin.py:150} INFO - [2024-11-01T18:25:35.213+0000] {dag.py:3508} INFO - Setting next_dagrun for example_dag_decorator to None, run_after=None
[2024-11-01T18:25:35.669+0000] {processor.py:179} INFO - Processing /home/airflow/.local/lib/python3.7/site-packages/airflow/example_dags/example_dag_decorator.py took 5.411 seconds
[2024-11-01T18:26:07.377+0000] {processor.py:157} INFO - Started process (PID=903) to work on /home/airflow/.local/lib/python3.7/site-packages/airflow/example_dags/example_dag_decorator.py
[2024-11-01T18:26:07.380+0000] {processor.py:826} INFO - Processing file /home/airflow/.local/lib/python3.7/site-packages/airflow/example_dags/example_dag_decorator.py for tasks to queue
[2024-11-01T18:26:07.384+0000] {logging_mixin.py:150} INFO - [2024-11-01T18:26:07.383+0000] {dagbag.py:541} INFO - Filling up the DagBag from /home/airflow/.local/lib/python3.7/site-packages/airflow/example_dags/example_dag_decorator.py
[2024-11-01T18:26:07.486+0000] {processor.py:836} INFO - DAG(s) dict_keys(['example_dag_decorator']) retrieved from /home/airflow/.local/lib/python3.7/site-packages/airflow/example_dags/example_dag_decorator.py
[2024-11-01T18:26:07.946+0000] {logging_mixin.py:150} INFO - [2024-11-01T18:26:07.943+0000] {dag.py:2742} INFO - Sync 1 DAGs
[2024-11-01T18:26:08.000+0000] {logging_mixin.py:150} INFO - [2024-11-01T18:26:08.000+0000] {dag.py:3508} INFO - Setting next_dagrun for example_dag_decorator to None, run_after=None
[2024-11-01T18:26:08.050+0000] {processor.py:179} INFO - Processing /home/airflow/.local/lib/python3.7/site-packages/airflow/example_dags/example_dag_decorator.py took 0.714 seconds
[2024-11-01T18:26:38.913+0000] {processor.py:157} INFO - Started process (PID=965) to work on /home/airflow/.local/lib/python3.7/site-packages/airflow/example_dags/example_dag_decorator.py
[2024-11-01T18:26:38.917+0000] {processor.py:826} INFO - Processing file /home/airflow/.local/lib/python3.7/site-packages/airflow/example_dags/example_dag_decorator.py for tasks to queue
[2024-11-01T18:26:38.918+0000] {logging_mixin.py:150} INFO - [2024-11-01T18:26:38.918+0000] {dagbag.py:541} INFO - Filling up the DagBag from /home/airflow/.local/lib/python3.7/site-packages/airflow/example_dags/example_dag_decorator.py
[2024-11-01T18:26:38.937+0000] {processor.py:836} INFO - DAG(s) dict_keys(['example_dag_decorator']) retrieved from /home/airflow/.local/lib/python3.7/site-packages/airflow/example_dags/example_dag_decorator.py
[2024-11-01T18:26:39.048+0000] {logging_mixin.py:150} INFO - [2024-11-01T18:26:39.048+0000] {dag.py:2742} INFO - Sync 1 DAGs
[2024-11-01T18:26:39.059+0000] {logging_mixin.py:150} INFO - [2024-11-01T18:26:39.059+0000] {dag.py:3508} INFO - Setting next_dagrun for example_dag_decorator to None, run_after=None
[2024-11-01T18:26:39.073+0000] {processor.py:179} INFO - Processing /home/airflow/.local/lib/python3.7/site-packages/airflow/example_dags/example_dag_decorator.py took 0.166 seconds
[2024-11-01T18:27:09.277+0000] {processor.py:157} INFO - Started process (PID=1027) to work on /home/airflow/.local/lib/python3.7/site-packages/airflow/example_dags/example_dag_decorator.py
[2024-11-01T18:27:09.279+0000] {processor.py:826} INFO - Processing file /home/airflow/.local/lib/python3.7/site-packages/airflow/example_dags/example_dag_decorator.py for tasks to queue
[2024-11-01T18:27:09.280+0000] {logging_mixin.py:150} INFO - [2024-11-01T18:27:09.279+0000] {dagbag.py:541} INFO - Filling up the DagBag from /home/airflow/.local/lib/python3.7/site-packages/airflow/example_dags/example_dag_decorator.py
[2024-11-01T18:27:09.300+0000] {processor.py:836} INFO - DAG(s) dict_keys(['example_dag_decorator']) retrieved from /home/airflow/.local/lib/python3.7/site-packages/airflow/example_dags/example_dag_decorator.py
[2024-11-01T18:27:09.371+0000] {logging_mixin.py:150} INFO - [2024-11-01T18:27:09.370+0000] {dag.py:2742} INFO - Sync 1 DAGs
[2024-11-01T18:27:09.383+0000] {logging_mixin.py:150} INFO - [2024-11-01T18:27:09.383+0000] {dag.py:3508} INFO - Setting next_dagrun for example_dag_decorator to None, run_after=None
[2024-11-01T18:27:09.392+0000] {processor.py:179} INFO - Processing /home/airflow/.local/lib/python3.7/site-packages/airflow/example_dags/example_dag_decorator.py took 0.119 seconds
[2024-11-01T18:27:39.510+0000] {processor.py:157} INFO - Started process (PID=1089) to work on /home/airflow/.local/lib/python3.7/site-packages/airflow/example_dags/example_dag_decorator.py
[2024-11-01T18:27:39.511+0000] {processor.py:826} INFO - Processing file /home/airflow/.local/lib/python3.7/site-packages/airflow/example_dags/example_dag_decorator.py for tasks to queue
[2024-11-01T18:27:39.511+0000] {logging_mixin.py:150} INFO - [2024-11-01T18:27:39.511+0000] {dagbag.py:541} INFO - Filling up the DagBag from /home/airflow/.local/lib/python3.7/site-packages/airflow/example_dags/example_dag_decorator.py
[2024-11-01T18:27:39.533+0000] {processor.py:836} INFO - DAG(s) dict_keys(['example_dag_decorator']) retrieved from /home/airflow/.local/lib/python3.7/site-packages/airflow/example_dags/example_dag_decorator.py
[2024-11-01T18:27:39.646+0000] {logging_mixin.py:150} INFO - [2024-11-01T18:27:39.646+0000] {dag.py:2742} INFO - Sync 1 DAGs
[2024-11-01T18:27:39.659+0000] {logging_mixin.py:150} INFO - [2024-11-01T18:27:39.659+0000] {dag.py:3508} INFO - Setting next_dagrun for example_dag_decorator to None, run_after=None
[2024-11-01T18:27:39.670+0000] {processor.py:179} INFO - Processing /home/airflow/.local/lib/python3.7/site-packages/airflow/example_dags/example_dag_decorator.py took 0.163 seconds
[2024-11-01T18:30:47.739+0000] {processor.py:157} INFO - Started process (PID=1131) to work on /home/airflow/.local/lib/python3.7/site-packages/airflow/example_dags/example_dag_decorator.py
[2024-11-01T18:30:47.742+0000] {processor.py:826} INFO - Processing file /home/airflow/.local/lib/python3.7/site-packages/airflow/example_dags/example_dag_decorator.py for tasks to queue
[2024-11-01T18:30:47.742+0000] {logging_mixin.py:150} INFO - [2024-11-01T18:30:47.742+0000] {dagbag.py:541} INFO - Filling up the DagBag from /home/airflow/.local/lib/python3.7/site-packages/airflow/example_dags/example_dag_decorator.py
[2024-11-01T18:30:47.757+0000] {processor.py:836} INFO - DAG(s) dict_keys(['example_dag_decorator']) retrieved from /home/airflow/.local/lib/python3.7/site-packages/airflow/example_dags/example_dag_decorator.py
[2024-11-01T18:30:47.876+0000] {logging_mixin.py:150} INFO - [2024-11-01T18:30:47.876+0000] {dag.py:2742} INFO - Sync 1 DAGs
[2024-11-01T18:30:47.904+0000] {logging_mixin.py:150} INFO - [2024-11-01T18:30:47.904+0000] {dag.py:3508} INFO - Setting next_dagrun for example_dag_decorator to None, run_after=None
[2024-11-01T18:30:47.917+0000] {processor.py:179} INFO - Processing /home/airflow/.local/lib/python3.7/site-packages/airflow/example_dags/example_dag_decorator.py took 0.180 seconds
[2024-11-01T18:31:18.143+0000] {processor.py:157} INFO - Started process (PID=1193) to work on /home/airflow/.local/lib/python3.7/site-packages/airflow/example_dags/example_dag_decorator.py
[2024-11-01T18:31:18.144+0000] {processor.py:826} INFO - Processing file /home/airflow/.local/lib/python3.7/site-packages/airflow/example_dags/example_dag_decorator.py for tasks to queue
[2024-11-01T18:31:18.145+0000] {logging_mixin.py:150} INFO - [2024-11-01T18:31:18.145+0000] {dagbag.py:541} INFO - Filling up the DagBag from /home/airflow/.local/lib/python3.7/site-packages/airflow/example_dags/example_dag_decorator.py
[2024-11-01T18:31:18.158+0000] {processor.py:836} INFO - DAG(s) dict_keys(['example_dag_decorator']) retrieved from /home/airflow/.local/lib/python3.7/site-packages/airflow/example_dags/example_dag_decorator.py
[2024-11-01T18:31:18.275+0000] {logging_mixin.py:150} INFO - [2024-11-01T18:31:18.275+0000] {dag.py:2742} INFO - Sync 1 DAGs
[2024-11-01T18:31:18.290+0000] {logging_mixin.py:150} INFO - [2024-11-01T18:31:18.289+0000] {dag.py:3508} INFO - Setting next_dagrun for example_dag_decorator to None, run_after=None
[2024-11-01T18:31:18.302+0000] {processor.py:179} INFO - Processing /home/airflow/.local/lib/python3.7/site-packages/airflow/example_dags/example_dag_decorator.py took 0.162 seconds
[2024-11-01T18:31:48.703+0000] {processor.py:157} INFO - Started process (PID=1255) to work on /home/airflow/.local/lib/python3.7/site-packages/airflow/example_dags/example_dag_decorator.py
[2024-11-01T18:31:48.704+0000] {processor.py:826} INFO - Processing file /home/airflow/.local/lib/python3.7/site-packages/airflow/example_dags/example_dag_decorator.py for tasks to queue
[2024-11-01T18:31:48.704+0000] {logging_mixin.py:150} INFO - [2024-11-01T18:31:48.704+0000] {dagbag.py:541} INFO - Filling up the DagBag from /home/airflow/.local/lib/python3.7/site-packages/airflow/example_dags/example_dag_decorator.py
[2024-11-01T18:31:48.717+0000] {processor.py:836} INFO - DAG(s) dict_keys(['example_dag_decorator']) retrieved from /home/airflow/.local/lib/python3.7/site-packages/airflow/example_dags/example_dag_decorator.py
[2024-11-01T18:31:48.796+0000] {logging_mixin.py:150} INFO - [2024-11-01T18:31:48.796+0000] {dag.py:2742} INFO - Sync 1 DAGs
[2024-11-01T18:31:48.812+0000] {logging_mixin.py:150} INFO - [2024-11-01T18:31:48.812+0000] {dag.py:3508} INFO - Setting next_dagrun for example_dag_decorator to None, run_after=None
[2024-11-01T18:31:48.829+0000] {processor.py:179} INFO - Processing /home/airflow/.local/lib/python3.7/site-packages/airflow/example_dags/example_dag_decorator.py took 0.127 seconds
[2024-11-01T18:32:18.970+0000] {processor.py:157} INFO - Started process (PID=1317) to work on /home/airflow/.local/lib/python3.7/site-packages/airflow/example_dags/example_dag_decorator.py
[2024-11-01T18:32:18.971+0000] {processor.py:826} INFO - Processing file /home/airflow/.local/lib/python3.7/site-packages/airflow/example_dags/example_dag_decorator.py for tasks to queue
[2024-11-01T18:32:18.972+0000] {logging_mixin.py:150} INFO - [2024-11-01T18:32:18.972+0000] {dagbag.py:541} INFO - Filling up the DagBag from /home/airflow/.local/lib/python3.7/site-packages/airflow/example_dags/example_dag_decorator.py
[2024-11-01T18:32:18.983+0000] {processor.py:836} INFO - DAG(s) dict_keys(['example_dag_decorator']) retrieved from /home/airflow/.local/lib/python3.7/site-packages/airflow/example_dags/example_dag_decorator.py
[2024-11-01T18:32:19.059+0000] {logging_mixin.py:150} INFO - [2024-11-01T18:32:19.059+0000] {dag.py:2742} INFO - Sync 1 DAGs
[2024-11-01T18:32:19.071+0000] {logging_mixin.py:150} INFO - [2024-11-01T18:32:19.071+0000] {dag.py:3508} INFO - Setting next_dagrun for example_dag_decorator to None, run_after=None
[2024-11-01T18:32:19.083+0000] {processor.py:179} INFO - Processing /home/airflow/.local/lib/python3.7/site-packages/airflow/example_dags/example_dag_decorator.py took 0.115 seconds
[2024-11-01T18:32:49.676+0000] {processor.py:157} INFO - Started process (PID=1378) to work on /home/airflow/.local/lib/python3.7/site-packages/airflow/example_dags/example_dag_decorator.py
[2024-11-01T18:32:49.676+0000] {processor.py:826} INFO - Processing file /home/airflow/.local/lib/python3.7/site-packages/airflow/example_dags/example_dag_decorator.py for tasks to queue
[2024-11-01T18:32:49.677+0000] {logging_mixin.py:150} INFO - [2024-11-01T18:32:49.677+0000] {dagbag.py:541} INFO - Filling up the DagBag from /home/airflow/.local/lib/python3.7/site-packages/airflow/example_dags/example_dag_decorator.py
[2024-11-01T18:32:49.696+0000] {processor.py:836} INFO - DAG(s) dict_keys(['example_dag_decorator']) retrieved from /home/airflow/.local/lib/python3.7/site-packages/airflow/example_dags/example_dag_decorator.py
[2024-11-01T18:32:49.784+0000] {logging_mixin.py:150} INFO - [2024-11-01T18:32:49.784+0000] {dag.py:2742} INFO - Sync 1 DAGs
[2024-11-01T18:32:49.804+0000] {logging_mixin.py:150} INFO - [2024-11-01T18:32:49.804+0000] {dag.py:3508} INFO - Setting next_dagrun for example_dag_decorator to None, run_after=None
[2024-11-01T18:32:49.833+0000] {processor.py:179} INFO - Processing /home/airflow/.local/lib/python3.7/site-packages/airflow/example_dags/example_dag_decorator.py took 0.158 seconds
[2024-11-01T18:33:20.349+0000] {processor.py:157} INFO - Started process (PID=1440) to work on /home/airflow/.local/lib/python3.7/site-packages/airflow/example_dags/example_dag_decorator.py
[2024-11-01T18:33:20.350+0000] {processor.py:826} INFO - Processing file /home/airflow/.local/lib/python3.7/site-packages/airflow/example_dags/example_dag_decorator.py for tasks to queue
[2024-11-01T18:33:20.351+0000] {logging_mixin.py:150} INFO - [2024-11-01T18:33:20.351+0000] {dagbag.py:541} INFO - Filling up the DagBag from /home/airflow/.local/lib/python3.7/site-packages/airflow/example_dags/example_dag_decorator.py
[2024-11-01T18:33:20.365+0000] {processor.py:836} INFO - DAG(s) dict_keys(['example_dag_decorator']) retrieved from /home/airflow/.local/lib/python3.7/site-packages/airflow/example_dags/example_dag_decorator.py
[2024-11-01T18:33:20.526+0000] {logging_mixin.py:150} INFO - [2024-11-01T18:33:20.526+0000] {dag.py:2742} INFO - Sync 1 DAGs
[2024-11-01T18:33:20.539+0000] {logging_mixin.py:150} INFO - [2024-11-01T18:33:20.539+0000] {dag.py:3508} INFO - Setting next_dagrun for example_dag_decorator to None, run_after=None
[2024-11-01T18:33:20.558+0000] {processor.py:179} INFO - Processing /home/airflow/.local/lib/python3.7/site-packages/airflow/example_dags/example_dag_decorator.py took 0.210 seconds
[2024-11-01T18:33:50.601+0000] {processor.py:157} INFO - Started process (PID=1504) to work on /home/airflow/.local/lib/python3.7/site-packages/airflow/example_dags/example_dag_decorator.py
[2024-11-01T18:33:50.605+0000] {processor.py:826} INFO - Processing file /home/airflow/.local/lib/python3.7/site-packages/airflow/example_dags/example_dag_decorator.py for tasks to queue
[2024-11-01T18:33:50.605+0000] {logging_mixin.py:150} INFO - [2024-11-01T18:33:50.605+0000] {dagbag.py:541} INFO - Filling up the DagBag from /home/airflow/.local/lib/python3.7/site-packages/airflow/example_dags/example_dag_decorator.py
[2024-11-01T18:33:50.631+0000] {processor.py:836} INFO - DAG(s) dict_keys(['example_dag_decorator']) retrieved from /home/airflow/.local/lib/python3.7/site-packages/airflow/example_dags/example_dag_decorator.py
[2024-11-01T18:33:51.192+0000] {logging_mixin.py:150} INFO - [2024-11-01T18:33:51.192+0000] {dag.py:2742} INFO - Sync 1 DAGs
[2024-11-01T18:33:51.219+0000] {logging_mixin.py:150} INFO - [2024-11-01T18:33:51.219+0000] {dag.py:3508} INFO - Setting next_dagrun for example_dag_decorator to None, run_after=None
[2024-11-01T18:33:51.299+0000] {processor.py:179} INFO - Processing /home/airflow/.local/lib/python3.7/site-packages/airflow/example_dags/example_dag_decorator.py took 0.701 seconds
[2024-11-01T18:34:22.004+0000] {processor.py:157} INFO - Started process (PID=1566) to work on /home/airflow/.local/lib/python3.7/site-packages/airflow/example_dags/example_dag_decorator.py
[2024-11-01T18:34:22.005+0000] {processor.py:826} INFO - Processing file /home/airflow/.local/lib/python3.7/site-packages/airflow/example_dags/example_dag_decorator.py for tasks to queue
[2024-11-01T18:34:22.006+0000] {logging_mixin.py:150} INFO - [2024-11-01T18:34:22.006+0000] {dagbag.py:541} INFO - Filling up the DagBag from /home/airflow/.local/lib/python3.7/site-packages/airflow/example_dags/example_dag_decorator.py
[2024-11-01T18:34:22.028+0000] {processor.py:836} INFO - DAG(s) dict_keys(['example_dag_decorator']) retrieved from /home/airflow/.local/lib/python3.7/site-packages/airflow/example_dags/example_dag_decorator.py
[2024-11-01T18:34:22.140+0000] {logging_mixin.py:150} INFO - [2024-11-01T18:34:22.140+0000] {dag.py:2742} INFO - Sync 1 DAGs
[2024-11-01T18:34:22.160+0000] {logging_mixin.py:150} INFO - [2024-11-01T18:34:22.160+0000] {dag.py:3508} INFO - Setting next_dagrun for example_dag_decorator to None, run_after=None
[2024-11-01T18:34:22.185+0000] {processor.py:179} INFO - Processing /home/airflow/.local/lib/python3.7/site-packages/airflow/example_dags/example_dag_decorator.py took 0.186 seconds
[2024-11-01T18:34:52.609+0000] {processor.py:157} INFO - Started process (PID=1628) to work on /home/airflow/.local/lib/python3.7/site-packages/airflow/example_dags/example_dag_decorator.py
[2024-11-01T18:34:52.612+0000] {processor.py:826} INFO - Processing file /home/airflow/.local/lib/python3.7/site-packages/airflow/example_dags/example_dag_decorator.py for tasks to queue
[2024-11-01T18:34:52.612+0000] {logging_mixin.py:150} INFO - [2024-11-01T18:34:52.612+0000] {dagbag.py:541} INFO - Filling up the DagBag from /home/airflow/.local/lib/python3.7/site-packages/airflow/example_dags/example_dag_decorator.py
[2024-11-01T18:34:52.628+0000] {processor.py:836} INFO - DAG(s) dict_keys(['example_dag_decorator']) retrieved from /home/airflow/.local/lib/python3.7/site-packages/airflow/example_dags/example_dag_decorator.py
[2024-11-01T18:34:52.708+0000] {logging_mixin.py:150} INFO - [2024-11-01T18:34:52.708+0000] {dag.py:2742} INFO - Sync 1 DAGs
[2024-11-01T18:34:52.724+0000] {logging_mixin.py:150} INFO - [2024-11-01T18:34:52.724+0000] {dag.py:3508} INFO - Setting next_dagrun for example_dag_decorator to None, run_after=None
[2024-11-01T18:34:52.736+0000] {processor.py:179} INFO - Processing /home/airflow/.local/lib/python3.7/site-packages/airflow/example_dags/example_dag_decorator.py took 0.129 seconds
[2024-11-01T18:35:23.195+0000] {processor.py:157} INFO - Started process (PID=1690) to work on /home/airflow/.local/lib/python3.7/site-packages/airflow/example_dags/example_dag_decorator.py
[2024-11-01T18:35:23.196+0000] {processor.py:826} INFO - Processing file /home/airflow/.local/lib/python3.7/site-packages/airflow/example_dags/example_dag_decorator.py for tasks to queue
[2024-11-01T18:35:23.197+0000] {logging_mixin.py:150} INFO - [2024-11-01T18:35:23.197+0000] {dagbag.py:541} INFO - Filling up the DagBag from /home/airflow/.local/lib/python3.7/site-packages/airflow/example_dags/example_dag_decorator.py
[2024-11-01T18:35:23.209+0000] {processor.py:836} INFO - DAG(s) dict_keys(['example_dag_decorator']) retrieved from /home/airflow/.local/lib/python3.7/site-packages/airflow/example_dags/example_dag_decorator.py
[2024-11-01T18:35:23.312+0000] {logging_mixin.py:150} INFO - [2024-11-01T18:35:23.312+0000] {dag.py:2742} INFO - Sync 1 DAGs
[2024-11-01T18:35:23.325+0000] {logging_mixin.py:150} INFO - [2024-11-01T18:35:23.325+0000] {dag.py:3508} INFO - Setting next_dagrun for example_dag_decorator to None, run_after=None
[2024-11-01T18:35:23.341+0000] {processor.py:179} INFO - Processing /home/airflow/.local/lib/python3.7/site-packages/airflow/example_dags/example_dag_decorator.py took 0.148 seconds
[2024-11-01T18:35:54.009+0000] {processor.py:157} INFO - Started process (PID=1752) to work on /home/airflow/.local/lib/python3.7/site-packages/airflow/example_dags/example_dag_decorator.py
[2024-11-01T18:35:54.013+0000] {processor.py:826} INFO - Processing file /home/airflow/.local/lib/python3.7/site-packages/airflow/example_dags/example_dag_decorator.py for tasks to queue
[2024-11-01T18:35:54.015+0000] {logging_mixin.py:150} INFO - [2024-11-01T18:35:54.014+0000] {dagbag.py:541} INFO - Filling up the DagBag from /home/airflow/.local/lib/python3.7/site-packages/airflow/example_dags/example_dag_decorator.py
[2024-11-01T18:35:54.253+0000] {processor.py:836} INFO - DAG(s) dict_keys(['example_dag_decorator']) retrieved from /home/airflow/.local/lib/python3.7/site-packages/airflow/example_dags/example_dag_decorator.py
[2024-11-01T18:35:54.636+0000] {logging_mixin.py:150} INFO - [2024-11-01T18:35:54.635+0000] {dag.py:2742} INFO - Sync 1 DAGs
[2024-11-01T18:35:54.658+0000] {logging_mixin.py:150} INFO - [2024-11-01T18:35:54.658+0000] {dag.py:3508} INFO - Setting next_dagrun for example_dag_decorator to None, run_after=None
[2024-11-01T18:35:54.672+0000] {processor.py:179} INFO - Processing /home/airflow/.local/lib/python3.7/site-packages/airflow/example_dags/example_dag_decorator.py took 0.759 seconds
[2024-11-01T18:36:25.690+0000] {processor.py:157} INFO - Started process (PID=1813) to work on /home/airflow/.local/lib/python3.7/site-packages/airflow/example_dags/example_dag_decorator.py
[2024-11-01T18:36:25.691+0000] {processor.py:826} INFO - Processing file /home/airflow/.local/lib/python3.7/site-packages/airflow/example_dags/example_dag_decorator.py for tasks to queue
[2024-11-01T18:36:25.692+0000] {logging_mixin.py:150} INFO - [2024-11-01T18:36:25.692+0000] {dagbag.py:541} INFO - Filling up the DagBag from /home/airflow/.local/lib/python3.7/site-packages/airflow/example_dags/example_dag_decorator.py
[2024-11-01T18:36:25.719+0000] {processor.py:836} INFO - DAG(s) dict_keys(['example_dag_decorator']) retrieved from /home/airflow/.local/lib/python3.7/site-packages/airflow/example_dags/example_dag_decorator.py
[2024-11-01T18:36:25.893+0000] {logging_mixin.py:150} INFO - [2024-11-01T18:36:25.893+0000] {dag.py:2742} INFO - Sync 1 DAGs
[2024-11-01T18:36:25.908+0000] {logging_mixin.py:150} INFO - [2024-11-01T18:36:25.908+0000] {dag.py:3508} INFO - Setting next_dagrun for example_dag_decorator to None, run_after=None
[2024-11-01T18:36:25.920+0000] {processor.py:179} INFO - Processing /home/airflow/.local/lib/python3.7/site-packages/airflow/example_dags/example_dag_decorator.py took 0.231 seconds
[2024-11-01T18:36:56.478+0000] {processor.py:157} INFO - Started process (PID=1876) to work on /home/airflow/.local/lib/python3.7/site-packages/airflow/example_dags/example_dag_decorator.py
[2024-11-01T18:36:56.479+0000] {processor.py:826} INFO - Processing file /home/airflow/.local/lib/python3.7/site-packages/airflow/example_dags/example_dag_decorator.py for tasks to queue
[2024-11-01T18:36:56.479+0000] {logging_mixin.py:150} INFO - [2024-11-01T18:36:56.479+0000] {dagbag.py:541} INFO - Filling up the DagBag from /home/airflow/.local/lib/python3.7/site-packages/airflow/example_dags/example_dag_decorator.py
[2024-11-01T18:36:56.490+0000] {processor.py:836} INFO - DAG(s) dict_keys(['example_dag_decorator']) retrieved from /home/airflow/.local/lib/python3.7/site-packages/airflow/example_dags/example_dag_decorator.py
[2024-11-01T18:36:56.596+0000] {logging_mixin.py:150} INFO - [2024-11-01T18:36:56.596+0000] {dag.py:2742} INFO - Sync 1 DAGs
[2024-11-01T18:36:56.609+0000] {logging_mixin.py:150} INFO - [2024-11-01T18:36:56.608+0000] {dag.py:3508} INFO - Setting next_dagrun for example_dag_decorator to None, run_after=None
[2024-11-01T18:36:56.619+0000] {processor.py:179} INFO - Processing /home/airflow/.local/lib/python3.7/site-packages/airflow/example_dags/example_dag_decorator.py took 0.143 seconds
[2024-11-01T18:37:26.651+0000] {processor.py:157} INFO - Started process (PID=1935) to work on /home/airflow/.local/lib/python3.7/site-packages/airflow/example_dags/example_dag_decorator.py
[2024-11-01T18:37:26.652+0000] {processor.py:826} INFO - Processing file /home/airflow/.local/lib/python3.7/site-packages/airflow/example_dags/example_dag_decorator.py for tasks to queue
[2024-11-01T18:37:26.653+0000] {logging_mixin.py:150} INFO - [2024-11-01T18:37:26.652+0000] {dagbag.py:541} INFO - Filling up the DagBag from /home/airflow/.local/lib/python3.7/site-packages/airflow/example_dags/example_dag_decorator.py
[2024-11-01T18:37:26.663+0000] {processor.py:836} INFO - DAG(s) dict_keys(['example_dag_decorator']) retrieved from /home/airflow/.local/lib/python3.7/site-packages/airflow/example_dags/example_dag_decorator.py
[2024-11-01T18:37:26.733+0000] {logging_mixin.py:150} INFO - [2024-11-01T18:37:26.733+0000] {dag.py:2742} INFO - Sync 1 DAGs
[2024-11-01T18:37:26.747+0000] {logging_mixin.py:150} INFO - [2024-11-01T18:37:26.747+0000] {dag.py:3508} INFO - Setting next_dagrun for example_dag_decorator to None, run_after=None
[2024-11-01T18:37:26.762+0000] {processor.py:179} INFO - Processing /home/airflow/.local/lib/python3.7/site-packages/airflow/example_dags/example_dag_decorator.py took 0.113 seconds
[2024-11-01T18:38:00.910+0000] {processor.py:157} INFO - Started process (PID=1997) to work on /home/airflow/.local/lib/python3.7/site-packages/airflow/example_dags/example_dag_decorator.py
[2024-11-01T18:38:00.917+0000] {processor.py:826} INFO - Processing file /home/airflow/.local/lib/python3.7/site-packages/airflow/example_dags/example_dag_decorator.py for tasks to queue
[2024-11-01T18:38:00.934+0000] {logging_mixin.py:150} INFO - [2024-11-01T18:38:00.920+0000] {dagbag.py:541} INFO - Filling up the DagBag from /home/airflow/.local/lib/python3.7/site-packages/airflow/example_dags/example_dag_decorator.py
[2024-11-01T18:38:01.000+0000] {processor.py:836} INFO - DAG(s) dict_keys(['example_dag_decorator']) retrieved from /home/airflow/.local/lib/python3.7/site-packages/airflow/example_dags/example_dag_decorator.py
[2024-11-01T18:38:01.321+0000] {logging_mixin.py:150} INFO - [2024-11-01T18:38:01.320+0000] {dag.py:2742} INFO - Sync 1 DAGs
[2024-11-01T18:38:01.375+0000] {logging_mixin.py:150} INFO - [2024-11-01T18:38:01.375+0000] {dag.py:3508} INFO - Setting next_dagrun for example_dag_decorator to None, run_after=None
[2024-11-01T18:38:01.414+0000] {processor.py:179} INFO - Processing /home/airflow/.local/lib/python3.7/site-packages/airflow/example_dags/example_dag_decorator.py took 0.513 seconds
[2024-11-01T18:38:32.145+0000] {processor.py:157} INFO - Started process (PID=2059) to work on /home/airflow/.local/lib/python3.7/site-packages/airflow/example_dags/example_dag_decorator.py
[2024-11-01T18:38:32.149+0000] {processor.py:826} INFO - Processing file /home/airflow/.local/lib/python3.7/site-packages/airflow/example_dags/example_dag_decorator.py for tasks to queue
[2024-11-01T18:38:32.153+0000] {logging_mixin.py:150} INFO - [2024-11-01T18:38:32.151+0000] {dagbag.py:541} INFO - Filling up the DagBag from /home/airflow/.local/lib/python3.7/site-packages/airflow/example_dags/example_dag_decorator.py
[2024-11-01T18:38:32.192+0000] {processor.py:836} INFO - DAG(s) dict_keys(['example_dag_decorator']) retrieved from /home/airflow/.local/lib/python3.7/site-packages/airflow/example_dags/example_dag_decorator.py
[2024-11-01T18:38:32.322+0000] {logging_mixin.py:150} INFO - [2024-11-01T18:38:32.322+0000] {dag.py:2742} INFO - Sync 1 DAGs
[2024-11-01T18:38:32.339+0000] {logging_mixin.py:150} INFO - [2024-11-01T18:38:32.339+0000] {dag.py:3508} INFO - Setting next_dagrun for example_dag_decorator to None, run_after=None
[2024-11-01T18:38:32.351+0000] {processor.py:179} INFO - Processing /home/airflow/.local/lib/python3.7/site-packages/airflow/example_dags/example_dag_decorator.py took 0.223 seconds
[2024-11-01T18:39:02.674+0000] {processor.py:157} INFO - Started process (PID=2121) to work on /home/airflow/.local/lib/python3.7/site-packages/airflow/example_dags/example_dag_decorator.py
[2024-11-01T18:39:02.678+0000] {processor.py:826} INFO - Processing file /home/airflow/.local/lib/python3.7/site-packages/airflow/example_dags/example_dag_decorator.py for tasks to queue
[2024-11-01T18:39:02.680+0000] {logging_mixin.py:150} INFO - [2024-11-01T18:39:02.679+0000] {dagbag.py:541} INFO - Filling up the DagBag from /home/airflow/.local/lib/python3.7/site-packages/airflow/example_dags/example_dag_decorator.py
[2024-11-01T18:39:02.704+0000] {processor.py:836} INFO - DAG(s) dict_keys(['example_dag_decorator']) retrieved from /home/airflow/.local/lib/python3.7/site-packages/airflow/example_dags/example_dag_decorator.py
[2024-11-01T18:39:02.827+0000] {logging_mixin.py:150} INFO - [2024-11-01T18:39:02.827+0000] {dag.py:2742} INFO - Sync 1 DAGs
[2024-11-01T18:39:02.839+0000] {logging_mixin.py:150} INFO - [2024-11-01T18:39:02.838+0000] {dag.py:3508} INFO - Setting next_dagrun for example_dag_decorator to None, run_after=None
[2024-11-01T18:39:02.853+0000] {processor.py:179} INFO - Processing /home/airflow/.local/lib/python3.7/site-packages/airflow/example_dags/example_dag_decorator.py took 0.183 seconds
[2024-11-01T18:39:33.472+0000] {processor.py:157} INFO - Started process (PID=2182) to work on /home/airflow/.local/lib/python3.7/site-packages/airflow/example_dags/example_dag_decorator.py
[2024-11-01T18:39:33.474+0000] {processor.py:826} INFO - Processing file /home/airflow/.local/lib/python3.7/site-packages/airflow/example_dags/example_dag_decorator.py for tasks to queue
[2024-11-01T18:39:33.474+0000] {logging_mixin.py:150} INFO - [2024-11-01T18:39:33.474+0000] {dagbag.py:541} INFO - Filling up the DagBag from /home/airflow/.local/lib/python3.7/site-packages/airflow/example_dags/example_dag_decorator.py
[2024-11-01T18:39:33.497+0000] {processor.py:836} INFO - DAG(s) dict_keys(['example_dag_decorator']) retrieved from /home/airflow/.local/lib/python3.7/site-packages/airflow/example_dags/example_dag_decorator.py
[2024-11-01T18:39:33.596+0000] {logging_mixin.py:150} INFO - [2024-11-01T18:39:33.596+0000] {dag.py:2742} INFO - Sync 1 DAGs
[2024-11-01T18:39:33.614+0000] {logging_mixin.py:150} INFO - [2024-11-01T18:39:33.614+0000] {dag.py:3508} INFO - Setting next_dagrun for example_dag_decorator to None, run_after=None
[2024-11-01T18:39:33.623+0000] {processor.py:179} INFO - Processing /home/airflow/.local/lib/python3.7/site-packages/airflow/example_dags/example_dag_decorator.py took 0.157 seconds
[2024-11-01T18:40:03.706+0000] {processor.py:157} INFO - Started process (PID=2244) to work on /home/airflow/.local/lib/python3.7/site-packages/airflow/example_dags/example_dag_decorator.py
[2024-11-01T18:40:03.709+0000] {processor.py:826} INFO - Processing file /home/airflow/.local/lib/python3.7/site-packages/airflow/example_dags/example_dag_decorator.py for tasks to queue
[2024-11-01T18:40:03.710+0000] {logging_mixin.py:150} INFO - [2024-11-01T18:40:03.710+0000] {dagbag.py:541} INFO - Filling up the DagBag from /home/airflow/.local/lib/python3.7/site-packages/airflow/example_dags/example_dag_decorator.py
[2024-11-01T18:40:03.757+0000] {processor.py:836} INFO - DAG(s) dict_keys(['example_dag_decorator']) retrieved from /home/airflow/.local/lib/python3.7/site-packages/airflow/example_dags/example_dag_decorator.py
[2024-11-01T18:40:03.898+0000] {logging_mixin.py:150} INFO - [2024-11-01T18:40:03.898+0000] {dag.py:2742} INFO - Sync 1 DAGs
[2024-11-01T18:40:03.910+0000] {logging_mixin.py:150} INFO - [2024-11-01T18:40:03.910+0000] {dag.py:3508} INFO - Setting next_dagrun for example_dag_decorator to None, run_after=None
[2024-11-01T18:40:03.920+0000] {processor.py:179} INFO - Processing /home/airflow/.local/lib/python3.7/site-packages/airflow/example_dags/example_dag_decorator.py took 0.221 seconds
[2024-11-01T18:40:34.179+0000] {processor.py:157} INFO - Started process (PID=2306) to work on /home/airflow/.local/lib/python3.7/site-packages/airflow/example_dags/example_dag_decorator.py
[2024-11-01T18:40:34.185+0000] {processor.py:826} INFO - Processing file /home/airflow/.local/lib/python3.7/site-packages/airflow/example_dags/example_dag_decorator.py for tasks to queue
[2024-11-01T18:40:34.185+0000] {logging_mixin.py:150} INFO - [2024-11-01T18:40:34.185+0000] {dagbag.py:541} INFO - Filling up the DagBag from /home/airflow/.local/lib/python3.7/site-packages/airflow/example_dags/example_dag_decorator.py
[2024-11-01T18:40:34.209+0000] {processor.py:836} INFO - DAG(s) dict_keys(['example_dag_decorator']) retrieved from /home/airflow/.local/lib/python3.7/site-packages/airflow/example_dags/example_dag_decorator.py
[2024-11-01T18:40:34.301+0000] {logging_mixin.py:150} INFO - [2024-11-01T18:40:34.301+0000] {dag.py:2742} INFO - Sync 1 DAGs
[2024-11-01T18:40:34.456+0000] {logging_mixin.py:150} INFO - [2024-11-01T18:40:34.455+0000] {dag.py:3508} INFO - Setting next_dagrun for example_dag_decorator to None, run_after=None
[2024-11-01T18:40:34.563+0000] {processor.py:179} INFO - Processing /home/airflow/.local/lib/python3.7/site-packages/airflow/example_dags/example_dag_decorator.py took 0.390 seconds
[2024-11-01T18:41:04.835+0000] {processor.py:157} INFO - Started process (PID=2368) to work on /home/airflow/.local/lib/python3.7/site-packages/airflow/example_dags/example_dag_decorator.py
[2024-11-01T18:41:04.837+0000] {processor.py:826} INFO - Processing file /home/airflow/.local/lib/python3.7/site-packages/airflow/example_dags/example_dag_decorator.py for tasks to queue
[2024-11-01T18:41:04.838+0000] {logging_mixin.py:150} INFO - [2024-11-01T18:41:04.837+0000] {dagbag.py:541} INFO - Filling up the DagBag from /home/airflow/.local/lib/python3.7/site-packages/airflow/example_dags/example_dag_decorator.py
[2024-11-01T18:41:04.880+0000] {processor.py:836} INFO - DAG(s) dict_keys(['example_dag_decorator']) retrieved from /home/airflow/.local/lib/python3.7/site-packages/airflow/example_dags/example_dag_decorator.py
[2024-11-01T18:41:04.992+0000] {logging_mixin.py:150} INFO - [2024-11-01T18:41:04.992+0000] {dag.py:2742} INFO - Sync 1 DAGs
[2024-11-01T18:41:05.029+0000] {logging_mixin.py:150} INFO - [2024-11-01T18:41:05.029+0000] {dag.py:3508} INFO - Setting next_dagrun for example_dag_decorator to None, run_after=None
[2024-11-01T18:41:05.073+0000] {processor.py:179} INFO - Processing /home/airflow/.local/lib/python3.7/site-packages/airflow/example_dags/example_dag_decorator.py took 0.242 seconds
[2024-11-01T18:41:35.992+0000] {processor.py:157} INFO - Started process (PID=2431) to work on /home/airflow/.local/lib/python3.7/site-packages/airflow/example_dags/example_dag_decorator.py
[2024-11-01T18:41:35.993+0000] {processor.py:826} INFO - Processing file /home/airflow/.local/lib/python3.7/site-packages/airflow/example_dags/example_dag_decorator.py for tasks to queue
[2024-11-01T18:41:35.994+0000] {logging_mixin.py:150} INFO - [2024-11-01T18:41:35.994+0000] {dagbag.py:541} INFO - Filling up the DagBag from /home/airflow/.local/lib/python3.7/site-packages/airflow/example_dags/example_dag_decorator.py
[2024-11-01T18:41:36.029+0000] {processor.py:836} INFO - DAG(s) dict_keys(['example_dag_decorator']) retrieved from /home/airflow/.local/lib/python3.7/site-packages/airflow/example_dags/example_dag_decorator.py
[2024-11-01T18:41:36.159+0000] {logging_mixin.py:150} INFO - [2024-11-01T18:41:36.158+0000] {dag.py:2742} INFO - Sync 1 DAGs
[2024-11-01T18:41:36.178+0000] {logging_mixin.py:150} INFO - [2024-11-01T18:41:36.178+0000] {dag.py:3508} INFO - Setting next_dagrun for example_dag_decorator to None, run_after=None
[2024-11-01T18:41:36.195+0000] {processor.py:179} INFO - Processing /home/airflow/.local/lib/python3.7/site-packages/airflow/example_dags/example_dag_decorator.py took 0.207 seconds
[2024-11-01T18:42:07.194+0000] {processor.py:157} INFO - Started process (PID=2492) to work on /home/airflow/.local/lib/python3.7/site-packages/airflow/example_dags/example_dag_decorator.py
[2024-11-01T18:42:07.204+0000] {processor.py:826} INFO - Processing file /home/airflow/.local/lib/python3.7/site-packages/airflow/example_dags/example_dag_decorator.py for tasks to queue
[2024-11-01T18:42:07.205+0000] {logging_mixin.py:150} INFO - [2024-11-01T18:42:07.204+0000] {dagbag.py:541} INFO - Filling up the DagBag from /home/airflow/.local/lib/python3.7/site-packages/airflow/example_dags/example_dag_decorator.py
[2024-11-01T18:42:07.225+0000] {processor.py:836} INFO - DAG(s) dict_keys(['example_dag_decorator']) retrieved from /home/airflow/.local/lib/python3.7/site-packages/airflow/example_dags/example_dag_decorator.py
[2024-11-01T18:42:07.324+0000] {logging_mixin.py:150} INFO - [2024-11-01T18:42:07.324+0000] {dag.py:2742} INFO - Sync 1 DAGs
[2024-11-01T18:42:07.341+0000] {logging_mixin.py:150} INFO - [2024-11-01T18:42:07.341+0000] {dag.py:3508} INFO - Setting next_dagrun for example_dag_decorator to None, run_after=None
[2024-11-01T18:42:07.357+0000] {processor.py:179} INFO - Processing /home/airflow/.local/lib/python3.7/site-packages/airflow/example_dags/example_dag_decorator.py took 0.189 seconds
[2024-11-01T18:42:37.429+0000] {processor.py:157} INFO - Started process (PID=2554) to work on /home/airflow/.local/lib/python3.7/site-packages/airflow/example_dags/example_dag_decorator.py
[2024-11-01T18:42:37.431+0000] {processor.py:826} INFO - Processing file /home/airflow/.local/lib/python3.7/site-packages/airflow/example_dags/example_dag_decorator.py for tasks to queue
[2024-11-01T18:42:37.431+0000] {logging_mixin.py:150} INFO - [2024-11-01T18:42:37.431+0000] {dagbag.py:541} INFO - Filling up the DagBag from /home/airflow/.local/lib/python3.7/site-packages/airflow/example_dags/example_dag_decorator.py
[2024-11-01T18:42:37.446+0000] {processor.py:836} INFO - DAG(s) dict_keys(['example_dag_decorator']) retrieved from /home/airflow/.local/lib/python3.7/site-packages/airflow/example_dags/example_dag_decorator.py
[2024-11-01T18:42:37.539+0000] {logging_mixin.py:150} INFO - [2024-11-01T18:42:37.539+0000] {dag.py:2742} INFO - Sync 1 DAGs
[2024-11-01T18:42:37.553+0000] {logging_mixin.py:150} INFO - [2024-11-01T18:42:37.553+0000] {dag.py:3508} INFO - Setting next_dagrun for example_dag_decorator to None, run_after=None
[2024-11-01T18:42:37.567+0000] {processor.py:179} INFO - Processing /home/airflow/.local/lib/python3.7/site-packages/airflow/example_dags/example_dag_decorator.py took 0.143 seconds
[2024-11-01T18:43:10.853+0000] {processor.py:157} INFO - Started process (PID=2607) to work on /home/airflow/.local/lib/python3.7/site-packages/airflow/example_dags/example_dag_decorator.py
[2024-11-01T18:43:10.856+0000] {processor.py:826} INFO - Processing file /home/airflow/.local/lib/python3.7/site-packages/airflow/example_dags/example_dag_decorator.py for tasks to queue
[2024-11-01T18:43:10.858+0000] {logging_mixin.py:150} INFO - [2024-11-01T18:43:10.858+0000] {dagbag.py:541} INFO - Filling up the DagBag from /home/airflow/.local/lib/python3.7/site-packages/airflow/example_dags/example_dag_decorator.py
[2024-11-01T18:43:10.919+0000] {processor.py:836} INFO - DAG(s) dict_keys(['example_dag_decorator']) retrieved from /home/airflow/.local/lib/python3.7/site-packages/airflow/example_dags/example_dag_decorator.py
[2024-11-01T18:43:11.140+0000] {logging_mixin.py:150} INFO - [2024-11-01T18:43:11.140+0000] {dag.py:2742} INFO - Sync 1 DAGs
[2024-11-01T18:43:11.163+0000] {logging_mixin.py:150} INFO - [2024-11-01T18:43:11.163+0000] {dag.py:3508} INFO - Setting next_dagrun for example_dag_decorator to None, run_after=None
[2024-11-01T18:43:11.193+0000] {processor.py:179} INFO - Processing /home/airflow/.local/lib/python3.7/site-packages/airflow/example_dags/example_dag_decorator.py took 0.349 seconds
[2024-11-01T18:43:41.750+0000] {processor.py:157} INFO - Started process (PID=2676) to work on /home/airflow/.local/lib/python3.7/site-packages/airflow/example_dags/example_dag_decorator.py
[2024-11-01T18:43:41.752+0000] {processor.py:826} INFO - Processing file /home/airflow/.local/lib/python3.7/site-packages/airflow/example_dags/example_dag_decorator.py for tasks to queue
[2024-11-01T18:43:41.753+0000] {logging_mixin.py:150} INFO - [2024-11-01T18:43:41.753+0000] {dagbag.py:541} INFO - Filling up the DagBag from /home/airflow/.local/lib/python3.7/site-packages/airflow/example_dags/example_dag_decorator.py
[2024-11-01T18:43:41.766+0000] {processor.py:836} INFO - DAG(s) dict_keys(['example_dag_decorator']) retrieved from /home/airflow/.local/lib/python3.7/site-packages/airflow/example_dags/example_dag_decorator.py
[2024-11-01T18:43:41.878+0000] {logging_mixin.py:150} INFO - [2024-11-01T18:43:41.878+0000] {dag.py:2742} INFO - Sync 1 DAGs
[2024-11-01T18:43:41.895+0000] {logging_mixin.py:150} INFO - [2024-11-01T18:43:41.895+0000] {dag.py:3508} INFO - Setting next_dagrun for example_dag_decorator to None, run_after=None
[2024-11-01T18:43:41.908+0000] {processor.py:179} INFO - Processing /home/airflow/.local/lib/python3.7/site-packages/airflow/example_dags/example_dag_decorator.py took 0.163 seconds
[2024-11-01T18:44:12.029+0000] {processor.py:157} INFO - Started process (PID=2739) to work on /home/airflow/.local/lib/python3.7/site-packages/airflow/example_dags/example_dag_decorator.py
[2024-11-01T18:44:12.031+0000] {processor.py:826} INFO - Processing file /home/airflow/.local/lib/python3.7/site-packages/airflow/example_dags/example_dag_decorator.py for tasks to queue
[2024-11-01T18:44:12.032+0000] {logging_mixin.py:150} INFO - [2024-11-01T18:44:12.032+0000] {dagbag.py:541} INFO - Filling up the DagBag from /home/airflow/.local/lib/python3.7/site-packages/airflow/example_dags/example_dag_decorator.py
[2024-11-01T18:44:12.044+0000] {processor.py:836} INFO - DAG(s) dict_keys(['example_dag_decorator']) retrieved from /home/airflow/.local/lib/python3.7/site-packages/airflow/example_dags/example_dag_decorator.py
[2024-11-01T18:44:12.128+0000] {logging_mixin.py:150} INFO - [2024-11-01T18:44:12.128+0000] {dag.py:2742} INFO - Sync 1 DAGs
[2024-11-01T18:44:12.151+0000] {logging_mixin.py:150} INFO - [2024-11-01T18:44:12.151+0000] {dag.py:3508} INFO - Setting next_dagrun for example_dag_decorator to None, run_after=None
[2024-11-01T18:44:12.174+0000] {processor.py:179} INFO - Processing /home/airflow/.local/lib/python3.7/site-packages/airflow/example_dags/example_dag_decorator.py took 0.147 seconds
[2024-11-01T18:44:42.312+0000] {processor.py:157} INFO - Started process (PID=2801) to work on /home/airflow/.local/lib/python3.7/site-packages/airflow/example_dags/example_dag_decorator.py
[2024-11-01T18:44:42.312+0000] {processor.py:826} INFO - Processing file /home/airflow/.local/lib/python3.7/site-packages/airflow/example_dags/example_dag_decorator.py for tasks to queue
[2024-11-01T18:44:42.312+0000] {logging_mixin.py:150} INFO - [2024-11-01T18:44:42.312+0000] {dagbag.py:541} INFO - Filling up the DagBag from /home/airflow/.local/lib/python3.7/site-packages/airflow/example_dags/example_dag_decorator.py
[2024-11-01T18:44:42.322+0000] {processor.py:836} INFO - DAG(s) dict_keys(['example_dag_decorator']) retrieved from /home/airflow/.local/lib/python3.7/site-packages/airflow/example_dags/example_dag_decorator.py
[2024-11-01T18:44:42.379+0000] {logging_mixin.py:150} INFO - [2024-11-01T18:44:42.379+0000] {dag.py:2742} INFO - Sync 1 DAGs
[2024-11-01T18:44:42.389+0000] {logging_mixin.py:150} INFO - [2024-11-01T18:44:42.389+0000] {dag.py:3508} INFO - Setting next_dagrun for example_dag_decorator to None, run_after=None
[2024-11-01T18:44:42.398+0000] {processor.py:179} INFO - Processing /home/airflow/.local/lib/python3.7/site-packages/airflow/example_dags/example_dag_decorator.py took 0.088 seconds
[2024-11-01T18:45:12.633+0000] {processor.py:157} INFO - Started process (PID=2858) to work on /home/airflow/.local/lib/python3.7/site-packages/airflow/example_dags/example_dag_decorator.py
[2024-11-01T18:45:12.633+0000] {processor.py:826} INFO - Processing file /home/airflow/.local/lib/python3.7/site-packages/airflow/example_dags/example_dag_decorator.py for tasks to queue
[2024-11-01T18:45:12.634+0000] {logging_mixin.py:150} INFO - [2024-11-01T18:45:12.633+0000] {dagbag.py:541} INFO - Filling up the DagBag from /home/airflow/.local/lib/python3.7/site-packages/airflow/example_dags/example_dag_decorator.py
[2024-11-01T18:45:12.644+0000] {processor.py:836} INFO - DAG(s) dict_keys(['example_dag_decorator']) retrieved from /home/airflow/.local/lib/python3.7/site-packages/airflow/example_dags/example_dag_decorator.py
[2024-11-01T18:45:12.716+0000] {logging_mixin.py:150} INFO - [2024-11-01T18:45:12.716+0000] {dag.py:2742} INFO - Sync 1 DAGs
[2024-11-01T18:45:12.731+0000] {logging_mixin.py:150} INFO - [2024-11-01T18:45:12.731+0000] {dag.py:3508} INFO - Setting next_dagrun for example_dag_decorator to None, run_after=None
[2024-11-01T18:45:12.744+0000] {processor.py:179} INFO - Processing /home/airflow/.local/lib/python3.7/site-packages/airflow/example_dags/example_dag_decorator.py took 0.114 seconds
[2024-11-01T18:45:43.384+0000] {processor.py:157} INFO - Started process (PID=2920) to work on /home/airflow/.local/lib/python3.7/site-packages/airflow/example_dags/example_dag_decorator.py
[2024-11-01T18:45:43.385+0000] {processor.py:826} INFO - Processing file /home/airflow/.local/lib/python3.7/site-packages/airflow/example_dags/example_dag_decorator.py for tasks to queue
[2024-11-01T18:45:43.386+0000] {logging_mixin.py:150} INFO - [2024-11-01T18:45:43.386+0000] {dagbag.py:541} INFO - Filling up the DagBag from /home/airflow/.local/lib/python3.7/site-packages/airflow/example_dags/example_dag_decorator.py
[2024-11-01T18:45:43.397+0000] {processor.py:836} INFO - DAG(s) dict_keys(['example_dag_decorator']) retrieved from /home/airflow/.local/lib/python3.7/site-packages/airflow/example_dags/example_dag_decorator.py
[2024-11-01T18:45:43.477+0000] {logging_mixin.py:150} INFO - [2024-11-01T18:45:43.477+0000] {dag.py:2742} INFO - Sync 1 DAGs
[2024-11-01T18:45:43.497+0000] {logging_mixin.py:150} INFO - [2024-11-01T18:45:43.497+0000] {dag.py:3508} INFO - Setting next_dagrun for example_dag_decorator to None, run_after=None
[2024-11-01T18:45:43.509+0000] {processor.py:179} INFO - Processing /home/airflow/.local/lib/python3.7/site-packages/airflow/example_dags/example_dag_decorator.py took 0.128 seconds
[2024-11-01T18:46:14.117+0000] {processor.py:157} INFO - Started process (PID=2980) to work on /home/airflow/.local/lib/python3.7/site-packages/airflow/example_dags/example_dag_decorator.py
[2024-11-01T18:46:14.119+0000] {processor.py:826} INFO - Processing file /home/airflow/.local/lib/python3.7/site-packages/airflow/example_dags/example_dag_decorator.py for tasks to queue
[2024-11-01T18:46:14.119+0000] {logging_mixin.py:150} INFO - [2024-11-01T18:46:14.119+0000] {dagbag.py:541} INFO - Filling up the DagBag from /home/airflow/.local/lib/python3.7/site-packages/airflow/example_dags/example_dag_decorator.py
[2024-11-01T18:46:14.132+0000] {processor.py:836} INFO - DAG(s) dict_keys(['example_dag_decorator']) retrieved from /home/airflow/.local/lib/python3.7/site-packages/airflow/example_dags/example_dag_decorator.py
[2024-11-01T18:46:14.224+0000] {logging_mixin.py:150} INFO - [2024-11-01T18:46:14.224+0000] {dag.py:2742} INFO - Sync 1 DAGs
[2024-11-01T18:46:14.241+0000] {logging_mixin.py:150} INFO - [2024-11-01T18:46:14.241+0000] {dag.py:3508} INFO - Setting next_dagrun for example_dag_decorator to None, run_after=None
[2024-11-01T18:46:14.257+0000] {processor.py:179} INFO - Processing /home/airflow/.local/lib/python3.7/site-packages/airflow/example_dags/example_dag_decorator.py took 0.142 seconds
[2024-11-01T18:46:45.366+0000] {processor.py:157} INFO - Started process (PID=3042) to work on /home/airflow/.local/lib/python3.7/site-packages/airflow/example_dags/example_dag_decorator.py
[2024-11-01T18:46:45.367+0000] {processor.py:826} INFO - Processing file /home/airflow/.local/lib/python3.7/site-packages/airflow/example_dags/example_dag_decorator.py for tasks to queue
[2024-11-01T18:46:45.367+0000] {logging_mixin.py:150} INFO - [2024-11-01T18:46:45.367+0000] {dagbag.py:541} INFO - Filling up the DagBag from /home/airflow/.local/lib/python3.7/site-packages/airflow/example_dags/example_dag_decorator.py
[2024-11-01T18:46:45.384+0000] {processor.py:836} INFO - DAG(s) dict_keys(['example_dag_decorator']) retrieved from /home/airflow/.local/lib/python3.7/site-packages/airflow/example_dags/example_dag_decorator.py
[2024-11-01T18:46:45.558+0000] {logging_mixin.py:150} INFO - [2024-11-01T18:46:45.558+0000] {dag.py:2742} INFO - Sync 1 DAGs
[2024-11-01T18:46:45.585+0000] {logging_mixin.py:150} INFO - [2024-11-01T18:46:45.585+0000] {dag.py:3508} INFO - Setting next_dagrun for example_dag_decorator to None, run_after=None
[2024-11-01T18:46:45.601+0000] {processor.py:179} INFO - Processing /home/airflow/.local/lib/python3.7/site-packages/airflow/example_dags/example_dag_decorator.py took 0.237 seconds
[2024-11-01T18:47:16.566+0000] {processor.py:157} INFO - Started process (PID=3105) to work on /home/airflow/.local/lib/python3.7/site-packages/airflow/example_dags/example_dag_decorator.py
[2024-11-01T18:47:16.571+0000] {processor.py:826} INFO - Processing file /home/airflow/.local/lib/python3.7/site-packages/airflow/example_dags/example_dag_decorator.py for tasks to queue
[2024-11-01T18:47:16.575+0000] {logging_mixin.py:150} INFO - [2024-11-01T18:47:16.574+0000] {dagbag.py:541} INFO - Filling up the DagBag from /home/airflow/.local/lib/python3.7/site-packages/airflow/example_dags/example_dag_decorator.py
[2024-11-01T18:47:16.591+0000] {processor.py:836} INFO - DAG(s) dict_keys(['example_dag_decorator']) retrieved from /home/airflow/.local/lib/python3.7/site-packages/airflow/example_dags/example_dag_decorator.py
[2024-11-01T18:47:16.695+0000] {logging_mixin.py:150} INFO - [2024-11-01T18:47:16.694+0000] {dag.py:2742} INFO - Sync 1 DAGs
[2024-11-01T18:47:16.712+0000] {logging_mixin.py:150} INFO - [2024-11-01T18:47:16.712+0000] {dag.py:3508} INFO - Setting next_dagrun for example_dag_decorator to None, run_after=None
[2024-11-01T18:47:16.727+0000] {processor.py:179} INFO - Processing /home/airflow/.local/lib/python3.7/site-packages/airflow/example_dags/example_dag_decorator.py took 0.166 seconds
[2024-11-01T18:47:46.845+0000] {processor.py:157} INFO - Started process (PID=3168) to work on /home/airflow/.local/lib/python3.7/site-packages/airflow/example_dags/example_dag_decorator.py
[2024-11-01T18:47:46.847+0000] {processor.py:826} INFO - Processing file /home/airflow/.local/lib/python3.7/site-packages/airflow/example_dags/example_dag_decorator.py for tasks to queue
[2024-11-01T18:47:46.849+0000] {logging_mixin.py:150} INFO - [2024-11-01T18:47:46.849+0000] {dagbag.py:541} INFO - Filling up the DagBag from /home/airflow/.local/lib/python3.7/site-packages/airflow/example_dags/example_dag_decorator.py
[2024-11-01T18:47:46.872+0000] {processor.py:836} INFO - DAG(s) dict_keys(['example_dag_decorator']) retrieved from /home/airflow/.local/lib/python3.7/site-packages/airflow/example_dags/example_dag_decorator.py
[2024-11-01T18:47:46.997+0000] {logging_mixin.py:150} INFO - [2024-11-01T18:47:46.997+0000] {dag.py:2742} INFO - Sync 1 DAGs
[2024-11-01T18:47:47.019+0000] {logging_mixin.py:150} INFO - [2024-11-01T18:47:47.018+0000] {dag.py:3508} INFO - Setting next_dagrun for example_dag_decorator to None, run_after=None
[2024-11-01T18:47:47.039+0000] {processor.py:179} INFO - Processing /home/airflow/.local/lib/python3.7/site-packages/airflow/example_dags/example_dag_decorator.py took 0.199 seconds
[2024-11-01T18:48:17.315+0000] {processor.py:157} INFO - Started process (PID=3230) to work on /home/airflow/.local/lib/python3.7/site-packages/airflow/example_dags/example_dag_decorator.py
[2024-11-01T18:48:17.317+0000] {processor.py:826} INFO - Processing file /home/airflow/.local/lib/python3.7/site-packages/airflow/example_dags/example_dag_decorator.py for tasks to queue
[2024-11-01T18:48:17.322+0000] {logging_mixin.py:150} INFO - [2024-11-01T18:48:17.321+0000] {dagbag.py:541} INFO - Filling up the DagBag from /home/airflow/.local/lib/python3.7/site-packages/airflow/example_dags/example_dag_decorator.py
[2024-11-01T18:48:17.357+0000] {processor.py:836} INFO - DAG(s) dict_keys(['example_dag_decorator']) retrieved from /home/airflow/.local/lib/python3.7/site-packages/airflow/example_dags/example_dag_decorator.py
[2024-11-01T18:48:17.563+0000] {logging_mixin.py:150} INFO - [2024-11-01T18:48:17.562+0000] {dag.py:2742} INFO - Sync 1 DAGs
[2024-11-01T18:48:17.583+0000] {logging_mixin.py:150} INFO - [2024-11-01T18:48:17.583+0000] {dag.py:3508} INFO - Setting next_dagrun for example_dag_decorator to None, run_after=None
[2024-11-01T18:48:17.596+0000] {processor.py:179} INFO - Processing /home/airflow/.local/lib/python3.7/site-packages/airflow/example_dags/example_dag_decorator.py took 0.288 seconds
[2024-11-01T18:48:48.186+0000] {processor.py:157} INFO - Started process (PID=3291) to work on /home/airflow/.local/lib/python3.7/site-packages/airflow/example_dags/example_dag_decorator.py
[2024-11-01T18:48:48.187+0000] {processor.py:826} INFO - Processing file /home/airflow/.local/lib/python3.7/site-packages/airflow/example_dags/example_dag_decorator.py for tasks to queue
[2024-11-01T18:48:48.187+0000] {logging_mixin.py:150} INFO - [2024-11-01T18:48:48.187+0000] {dagbag.py:541} INFO - Filling up the DagBag from /home/airflow/.local/lib/python3.7/site-packages/airflow/example_dags/example_dag_decorator.py
[2024-11-01T18:48:48.198+0000] {processor.py:836} INFO - DAG(s) dict_keys(['example_dag_decorator']) retrieved from /home/airflow/.local/lib/python3.7/site-packages/airflow/example_dags/example_dag_decorator.py
[2024-11-01T18:48:48.288+0000] {logging_mixin.py:150} INFO - [2024-11-01T18:48:48.288+0000] {dag.py:2742} INFO - Sync 1 DAGs
[2024-11-01T18:48:48.315+0000] {logging_mixin.py:150} INFO - [2024-11-01T18:48:48.315+0000] {dag.py:3508} INFO - Setting next_dagrun for example_dag_decorator to None, run_after=None
[2024-11-01T18:48:48.330+0000] {processor.py:179} INFO - Processing /home/airflow/.local/lib/python3.7/site-packages/airflow/example_dags/example_dag_decorator.py took 0.146 seconds
[2024-11-01T18:49:20.127+0000] {processor.py:157} INFO - Started process (PID=3353) to work on /home/airflow/.local/lib/python3.7/site-packages/airflow/example_dags/example_dag_decorator.py
[2024-11-01T18:49:20.130+0000] {processor.py:826} INFO - Processing file /home/airflow/.local/lib/python3.7/site-packages/airflow/example_dags/example_dag_decorator.py for tasks to queue
[2024-11-01T18:49:20.131+0000] {logging_mixin.py:150} INFO - [2024-11-01T18:49:20.131+0000] {dagbag.py:541} INFO - Filling up the DagBag from /home/airflow/.local/lib/python3.7/site-packages/airflow/example_dags/example_dag_decorator.py
[2024-11-01T18:49:20.159+0000] {processor.py:836} INFO - DAG(s) dict_keys(['example_dag_decorator']) retrieved from /home/airflow/.local/lib/python3.7/site-packages/airflow/example_dags/example_dag_decorator.py
[2024-11-01T18:49:20.346+0000] {logging_mixin.py:150} INFO - [2024-11-01T18:49:20.345+0000] {dag.py:2742} INFO - Sync 1 DAGs
[2024-11-01T18:49:20.369+0000] {logging_mixin.py:150} INFO - [2024-11-01T18:49:20.369+0000] {dag.py:3508} INFO - Setting next_dagrun for example_dag_decorator to None, run_after=None
[2024-11-01T18:49:20.384+0000] {processor.py:179} INFO - Processing /home/airflow/.local/lib/python3.7/site-packages/airflow/example_dags/example_dag_decorator.py took 0.282 seconds
[2024-11-01T18:49:50.737+0000] {processor.py:157} INFO - Started process (PID=3415) to work on /home/airflow/.local/lib/python3.7/site-packages/airflow/example_dags/example_dag_decorator.py
[2024-11-01T18:49:50.738+0000] {processor.py:826} INFO - Processing file /home/airflow/.local/lib/python3.7/site-packages/airflow/example_dags/example_dag_decorator.py for tasks to queue
[2024-11-01T18:49:50.738+0000] {logging_mixin.py:150} INFO - [2024-11-01T18:49:50.738+0000] {dagbag.py:541} INFO - Filling up the DagBag from /home/airflow/.local/lib/python3.7/site-packages/airflow/example_dags/example_dag_decorator.py
[2024-11-01T18:49:50.751+0000] {processor.py:836} INFO - DAG(s) dict_keys(['example_dag_decorator']) retrieved from /home/airflow/.local/lib/python3.7/site-packages/airflow/example_dags/example_dag_decorator.py
[2024-11-01T18:49:50.858+0000] {logging_mixin.py:150} INFO - [2024-11-01T18:49:50.858+0000] {dag.py:2742} INFO - Sync 1 DAGs
[2024-11-01T18:49:50.876+0000] {logging_mixin.py:150} INFO - [2024-11-01T18:49:50.876+0000] {dag.py:3508} INFO - Setting next_dagrun for example_dag_decorator to None, run_after=None
[2024-11-01T18:49:50.888+0000] {processor.py:179} INFO - Processing /home/airflow/.local/lib/python3.7/site-packages/airflow/example_dags/example_dag_decorator.py took 0.154 seconds
[2024-11-01T18:50:21.339+0000] {processor.py:157} INFO - Started process (PID=3477) to work on /home/airflow/.local/lib/python3.7/site-packages/airflow/example_dags/example_dag_decorator.py
[2024-11-01T18:50:21.346+0000] {processor.py:826} INFO - Processing file /home/airflow/.local/lib/python3.7/site-packages/airflow/example_dags/example_dag_decorator.py for tasks to queue
[2024-11-01T18:50:21.348+0000] {logging_mixin.py:150} INFO - [2024-11-01T18:50:21.348+0000] {dagbag.py:541} INFO - Filling up the DagBag from /home/airflow/.local/lib/python3.7/site-packages/airflow/example_dags/example_dag_decorator.py
[2024-11-01T18:50:21.387+0000] {processor.py:836} INFO - DAG(s) dict_keys(['example_dag_decorator']) retrieved from /home/airflow/.local/lib/python3.7/site-packages/airflow/example_dags/example_dag_decorator.py
[2024-11-01T18:50:21.503+0000] {logging_mixin.py:150} INFO - [2024-11-01T18:50:21.503+0000] {dag.py:2742} INFO - Sync 1 DAGs
[2024-11-01T18:50:21.521+0000] {logging_mixin.py:150} INFO - [2024-11-01T18:50:21.520+0000] {dag.py:3508} INFO - Setting next_dagrun for example_dag_decorator to None, run_after=None
[2024-11-01T18:50:21.536+0000] {processor.py:179} INFO - Processing /home/airflow/.local/lib/python3.7/site-packages/airflow/example_dags/example_dag_decorator.py took 0.201 seconds
[2024-11-01T18:50:52.285+0000] {processor.py:157} INFO - Started process (PID=3539) to work on /home/airflow/.local/lib/python3.7/site-packages/airflow/example_dags/example_dag_decorator.py
[2024-11-01T18:50:52.291+0000] {processor.py:826} INFO - Processing file /home/airflow/.local/lib/python3.7/site-packages/airflow/example_dags/example_dag_decorator.py for tasks to queue
[2024-11-01T18:50:52.293+0000] {logging_mixin.py:150} INFO - [2024-11-01T18:50:52.293+0000] {dagbag.py:541} INFO - Filling up the DagBag from /home/airflow/.local/lib/python3.7/site-packages/airflow/example_dags/example_dag_decorator.py
[2024-11-01T18:50:52.316+0000] {processor.py:836} INFO - DAG(s) dict_keys(['example_dag_decorator']) retrieved from /home/airflow/.local/lib/python3.7/site-packages/airflow/example_dags/example_dag_decorator.py
[2024-11-01T18:50:52.447+0000] {logging_mixin.py:150} INFO - [2024-11-01T18:50:52.446+0000] {dag.py:2742} INFO - Sync 1 DAGs
[2024-11-01T18:50:52.467+0000] {logging_mixin.py:150} INFO - [2024-11-01T18:50:52.467+0000] {dag.py:3508} INFO - Setting next_dagrun for example_dag_decorator to None, run_after=None
[2024-11-01T18:50:52.489+0000] {processor.py:179} INFO - Processing /home/airflow/.local/lib/python3.7/site-packages/airflow/example_dags/example_dag_decorator.py took 0.215 seconds
[2024-11-01T18:51:23.554+0000] {processor.py:157} INFO - Started process (PID=3601) to work on /home/airflow/.local/lib/python3.7/site-packages/airflow/example_dags/example_dag_decorator.py
[2024-11-01T18:51:23.557+0000] {processor.py:826} INFO - Processing file /home/airflow/.local/lib/python3.7/site-packages/airflow/example_dags/example_dag_decorator.py for tasks to queue
[2024-11-01T18:51:23.557+0000] {logging_mixin.py:150} INFO - [2024-11-01T18:51:23.557+0000] {dagbag.py:541} INFO - Filling up the DagBag from /home/airflow/.local/lib/python3.7/site-packages/airflow/example_dags/example_dag_decorator.py
[2024-11-01T18:51:23.576+0000] {processor.py:836} INFO - DAG(s) dict_keys(['example_dag_decorator']) retrieved from /home/airflow/.local/lib/python3.7/site-packages/airflow/example_dags/example_dag_decorator.py
[2024-11-01T18:51:23.782+0000] {logging_mixin.py:150} INFO - [2024-11-01T18:51:23.782+0000] {dag.py:2742} INFO - Sync 1 DAGs
[2024-11-01T18:51:23.809+0000] {logging_mixin.py:150} INFO - [2024-11-01T18:51:23.809+0000] {dag.py:3508} INFO - Setting next_dagrun for example_dag_decorator to None, run_after=None
[2024-11-01T18:51:23.829+0000] {processor.py:179} INFO - Processing /home/airflow/.local/lib/python3.7/site-packages/airflow/example_dags/example_dag_decorator.py took 0.283 seconds
[2024-11-01T18:51:54.631+0000] {processor.py:157} INFO - Started process (PID=3663) to work on /home/airflow/.local/lib/python3.7/site-packages/airflow/example_dags/example_dag_decorator.py
[2024-11-01T18:51:54.634+0000] {processor.py:826} INFO - Processing file /home/airflow/.local/lib/python3.7/site-packages/airflow/example_dags/example_dag_decorator.py for tasks to queue
[2024-11-01T18:51:54.635+0000] {logging_mixin.py:150} INFO - [2024-11-01T18:51:54.634+0000] {dagbag.py:541} INFO - Filling up the DagBag from /home/airflow/.local/lib/python3.7/site-packages/airflow/example_dags/example_dag_decorator.py
[2024-11-01T18:51:54.662+0000] {processor.py:836} INFO - DAG(s) dict_keys(['example_dag_decorator']) retrieved from /home/airflow/.local/lib/python3.7/site-packages/airflow/example_dags/example_dag_decorator.py
[2024-11-01T18:51:54.779+0000] {logging_mixin.py:150} INFO - [2024-11-01T18:51:54.779+0000] {dag.py:2742} INFO - Sync 1 DAGs
[2024-11-01T18:51:54.794+0000] {logging_mixin.py:150} INFO - [2024-11-01T18:51:54.794+0000] {dag.py:3508} INFO - Setting next_dagrun for example_dag_decorator to None, run_after=None
[2024-11-01T18:51:54.805+0000] {processor.py:179} INFO - Processing /home/airflow/.local/lib/python3.7/site-packages/airflow/example_dags/example_dag_decorator.py took 0.176 seconds
[2024-11-01T18:52:24.827+0000] {processor.py:157} INFO - Started process (PID=3725) to work on /home/airflow/.local/lib/python3.7/site-packages/airflow/example_dags/example_dag_decorator.py
[2024-11-01T18:52:24.828+0000] {processor.py:826} INFO - Processing file /home/airflow/.local/lib/python3.7/site-packages/airflow/example_dags/example_dag_decorator.py for tasks to queue
[2024-11-01T18:52:24.828+0000] {logging_mixin.py:150} INFO - [2024-11-01T18:52:24.828+0000] {dagbag.py:541} INFO - Filling up the DagBag from /home/airflow/.local/lib/python3.7/site-packages/airflow/example_dags/example_dag_decorator.py
[2024-11-01T18:52:24.841+0000] {processor.py:836} INFO - DAG(s) dict_keys(['example_dag_decorator']) retrieved from /home/airflow/.local/lib/python3.7/site-packages/airflow/example_dags/example_dag_decorator.py
[2024-11-01T18:52:24.943+0000] {logging_mixin.py:150} INFO - [2024-11-01T18:52:24.942+0000] {dag.py:2742} INFO - Sync 1 DAGs
[2024-11-01T18:52:24.958+0000] {logging_mixin.py:150} INFO - [2024-11-01T18:52:24.958+0000] {dag.py:3508} INFO - Setting next_dagrun for example_dag_decorator to None, run_after=None
[2024-11-01T18:52:24.969+0000] {processor.py:179} INFO - Processing /home/airflow/.local/lib/python3.7/site-packages/airflow/example_dags/example_dag_decorator.py took 0.146 seconds
