[2024-11-01T18:12:02.273+0000] {processor.py:157} INFO - Started process (PID=59) to work on /home/airflow/.local/lib/python3.7/site-packages/airflow/example_dags/example_dynamic_task_mapping.py
[2024-11-01T18:12:02.273+0000] {processor.py:826} INFO - Processing file /home/airflow/.local/lib/python3.7/site-packages/airflow/example_dags/example_dynamic_task_mapping.py for tasks to queue
[2024-11-01T18:12:02.274+0000] {logging_mixin.py:150} INFO - [2024-11-01T18:12:02.274+0000] {dagbag.py:541} INFO - Filling up the DagBag from /home/airflow/.local/lib/python3.7/site-packages/airflow/example_dags/example_dynamic_task_mapping.py
[2024-11-01T18:12:02.281+0000] {processor.py:836} INFO - DAG(s) dict_keys(['example_dynamic_task_mapping']) retrieved from /home/airflow/.local/lib/python3.7/site-packages/airflow/example_dags/example_dynamic_task_mapping.py
[2024-11-01T18:12:02.305+0000] {logging_mixin.py:150} INFO - [2024-11-01T18:12:02.304+0000] {dag.py:2742} INFO - Sync 1 DAGs
[2024-11-01T18:12:02.344+0000] {logging_mixin.py:150} INFO - [2024-11-01T18:12:02.344+0000] {dag.py:3508} INFO - Setting next_dagrun for example_dynamic_task_mapping to 2022-03-04T00:00:00+00:00, run_after=2022-03-05T00:00:00+00:00
[2024-11-01T18:12:02.371+0000] {processor.py:179} INFO - Processing /home/airflow/.local/lib/python3.7/site-packages/airflow/example_dags/example_dynamic_task_mapping.py took 0.101 seconds
[2024-11-01T18:12:37.002+0000] {processor.py:157} INFO - Started process (PID=121) to work on /home/airflow/.local/lib/python3.7/site-packages/airflow/example_dags/example_dynamic_task_mapping.py
[2024-11-01T18:12:37.010+0000] {processor.py:826} INFO - Processing file /home/airflow/.local/lib/python3.7/site-packages/airflow/example_dags/example_dynamic_task_mapping.py for tasks to queue
[2024-11-01T18:12:37.029+0000] {logging_mixin.py:150} INFO - [2024-11-01T18:12:37.019+0000] {dagbag.py:541} INFO - Filling up the DagBag from /home/airflow/.local/lib/python3.7/site-packages/airflow/example_dags/example_dynamic_task_mapping.py
[2024-11-01T18:12:37.050+0000] {processor.py:836} INFO - DAG(s) dict_keys(['example_dynamic_task_mapping']) retrieved from /home/airflow/.local/lib/python3.7/site-packages/airflow/example_dags/example_dynamic_task_mapping.py
[2024-11-01T18:12:37.137+0000] {logging_mixin.py:150} INFO - [2024-11-01T18:12:37.136+0000] {dag.py:2742} INFO - Sync 1 DAGs
[2024-11-01T18:12:37.359+0000] {logging_mixin.py:150} INFO - [2024-11-01T18:12:37.357+0000] {dag.py:3508} INFO - Setting next_dagrun for example_dynamic_task_mapping to 2022-03-04T00:00:00+00:00, run_after=2022-03-05T00:00:00+00:00
[2024-11-01T18:12:37.456+0000] {processor.py:179} INFO - Processing /home/airflow/.local/lib/python3.7/site-packages/airflow/example_dags/example_dynamic_task_mapping.py took 0.486 seconds
[2024-11-01T18:13:08.747+0000] {processor.py:157} INFO - Started process (PID=183) to work on /home/airflow/.local/lib/python3.7/site-packages/airflow/example_dags/example_dynamic_task_mapping.py
[2024-11-01T18:13:08.750+0000] {processor.py:826} INFO - Processing file /home/airflow/.local/lib/python3.7/site-packages/airflow/example_dags/example_dynamic_task_mapping.py for tasks to queue
[2024-11-01T18:13:08.750+0000] {logging_mixin.py:150} INFO - [2024-11-01T18:13:08.750+0000] {dagbag.py:541} INFO - Filling up the DagBag from /home/airflow/.local/lib/python3.7/site-packages/airflow/example_dags/example_dynamic_task_mapping.py
[2024-11-01T18:13:08.757+0000] {processor.py:836} INFO - DAG(s) dict_keys(['example_dynamic_task_mapping']) retrieved from /home/airflow/.local/lib/python3.7/site-packages/airflow/example_dags/example_dynamic_task_mapping.py
[2024-11-01T18:13:08.785+0000] {logging_mixin.py:150} INFO - [2024-11-01T18:13:08.785+0000] {dag.py:2742} INFO - Sync 1 DAGs
[2024-11-01T18:13:08.799+0000] {logging_mixin.py:150} INFO - [2024-11-01T18:13:08.799+0000] {dag.py:3508} INFO - Setting next_dagrun for example_dynamic_task_mapping to 2022-03-04T00:00:00+00:00, run_after=2022-03-05T00:00:00+00:00
[2024-11-01T18:13:08.810+0000] {processor.py:179} INFO - Processing /home/airflow/.local/lib/python3.7/site-packages/airflow/example_dags/example_dynamic_task_mapping.py took 0.066 seconds
[2024-11-01T18:15:52.330+0000] {processor.py:157} INFO - Started process (PID=263) to work on /home/airflow/.local/lib/python3.7/site-packages/airflow/example_dags/example_dynamic_task_mapping.py
[2024-11-01T18:15:52.350+0000] {processor.py:826} INFO - Processing file /home/airflow/.local/lib/python3.7/site-packages/airflow/example_dags/example_dynamic_task_mapping.py for tasks to queue
[2024-11-01T18:15:52.358+0000] {logging_mixin.py:150} INFO - [2024-11-01T18:15:52.353+0000] {dagbag.py:541} INFO - Filling up the DagBag from /home/airflow/.local/lib/python3.7/site-packages/airflow/example_dags/example_dynamic_task_mapping.py
[2024-11-01T18:15:52.411+0000] {processor.py:836} INFO - DAG(s) dict_keys(['example_dynamic_task_mapping']) retrieved from /home/airflow/.local/lib/python3.7/site-packages/airflow/example_dags/example_dynamic_task_mapping.py
[2024-11-01T18:15:53.191+0000] {logging_mixin.py:150} INFO - [2024-11-01T18:15:53.186+0000] {dag.py:2742} INFO - Sync 1 DAGs
[2024-11-01T18:15:53.479+0000] {logging_mixin.py:150} INFO - [2024-11-01T18:15:53.478+0000] {dag.py:3508} INFO - Setting next_dagrun for example_dynamic_task_mapping to 2022-03-04T00:00:00+00:00, run_after=2022-03-05T00:00:00+00:00
[2024-11-01T18:15:53.631+0000] {processor.py:179} INFO - Processing /home/airflow/.local/lib/python3.7/site-packages/airflow/example_dags/example_dynamic_task_mapping.py took 1.362 seconds
[2024-11-01T18:17:23.728+0000] {processor.py:157} INFO - Started process (PID=329) to work on /home/airflow/.local/lib/python3.7/site-packages/airflow/example_dags/example_dynamic_task_mapping.py
[2024-11-01T18:17:23.732+0000] {processor.py:826} INFO - Processing file /home/airflow/.local/lib/python3.7/site-packages/airflow/example_dags/example_dynamic_task_mapping.py for tasks to queue
[2024-11-01T18:17:23.734+0000] {logging_mixin.py:150} INFO - [2024-11-01T18:17:23.734+0000] {dagbag.py:541} INFO - Filling up the DagBag from /home/airflow/.local/lib/python3.7/site-packages/airflow/example_dags/example_dynamic_task_mapping.py
[2024-11-01T18:17:23.778+0000] {processor.py:836} INFO - DAG(s) dict_keys(['example_dynamic_task_mapping']) retrieved from /home/airflow/.local/lib/python3.7/site-packages/airflow/example_dags/example_dynamic_task_mapping.py
[2024-11-01T18:17:24.025+0000] {logging_mixin.py:150} INFO - [2024-11-01T18:17:24.024+0000] {dag.py:2742} INFO - Sync 1 DAGs
[2024-11-01T18:17:25.365+0000] {logging_mixin.py:150} INFO - [2024-11-01T18:17:25.356+0000] {dag.py:3508} INFO - Setting next_dagrun for example_dynamic_task_mapping to 2022-03-04T00:00:00+00:00, run_after=2022-03-05T00:00:00+00:00
[2024-11-01T18:17:26.494+0000] {processor.py:179} INFO - Processing /home/airflow/.local/lib/python3.7/site-packages/airflow/example_dags/example_dynamic_task_mapping.py took 2.781 seconds
[2024-11-01T18:18:25.977+0000] {processor.py:157} INFO - Started process (PID=418) to work on /home/airflow/.local/lib/python3.7/site-packages/airflow/example_dags/example_dynamic_task_mapping.py
[2024-11-01T18:18:25.979+0000] {processor.py:826} INFO - Processing file /home/airflow/.local/lib/python3.7/site-packages/airflow/example_dags/example_dynamic_task_mapping.py for tasks to queue
[2024-11-01T18:18:25.980+0000] {logging_mixin.py:150} INFO - [2024-11-01T18:18:25.980+0000] {dagbag.py:541} INFO - Filling up the DagBag from /home/airflow/.local/lib/python3.7/site-packages/airflow/example_dags/example_dynamic_task_mapping.py
[2024-11-01T18:18:26.095+0000] {processor.py:836} INFO - DAG(s) dict_keys(['example_dynamic_task_mapping']) retrieved from /home/airflow/.local/lib/python3.7/site-packages/airflow/example_dags/example_dynamic_task_mapping.py
[2024-11-01T18:18:26.408+0000] {logging_mixin.py:150} INFO - [2024-11-01T18:18:26.408+0000] {dag.py:2742} INFO - Sync 1 DAGs
[2024-11-01T18:18:26.764+0000] {logging_mixin.py:150} INFO - [2024-11-01T18:18:26.763+0000] {dag.py:3508} INFO - Setting next_dagrun for example_dynamic_task_mapping to 2022-03-04T00:00:00+00:00, run_after=2022-03-05T00:00:00+00:00
[2024-11-01T18:18:26.974+0000] {processor.py:179} INFO - Processing /home/airflow/.local/lib/python3.7/site-packages/airflow/example_dags/example_dynamic_task_mapping.py took 1.005 seconds
[2024-11-01T18:19:08.482+0000] {processor.py:157} INFO - Started process (PID=486) to work on /home/airflow/.local/lib/python3.7/site-packages/airflow/example_dags/example_dynamic_task_mapping.py
[2024-11-01T18:19:08.486+0000] {processor.py:826} INFO - Processing file /home/airflow/.local/lib/python3.7/site-packages/airflow/example_dags/example_dynamic_task_mapping.py for tasks to queue
[2024-11-01T18:19:08.490+0000] {logging_mixin.py:150} INFO - [2024-11-01T18:19:08.489+0000] {dagbag.py:541} INFO - Filling up the DagBag from /home/airflow/.local/lib/python3.7/site-packages/airflow/example_dags/example_dynamic_task_mapping.py
[2024-11-01T18:19:08.531+0000] {processor.py:836} INFO - DAG(s) dict_keys(['example_dynamic_task_mapping']) retrieved from /home/airflow/.local/lib/python3.7/site-packages/airflow/example_dags/example_dynamic_task_mapping.py
[2024-11-01T18:19:08.616+0000] {logging_mixin.py:150} INFO - [2024-11-01T18:19:08.616+0000] {dag.py:2742} INFO - Sync 1 DAGs
[2024-11-01T18:19:08.728+0000] {logging_mixin.py:150} INFO - [2024-11-01T18:19:08.726+0000] {dag.py:3508} INFO - Setting next_dagrun for example_dynamic_task_mapping to 2022-03-04T00:00:00+00:00, run_after=2022-03-05T00:00:00+00:00
[2024-11-01T18:19:08.849+0000] {processor.py:179} INFO - Processing /home/airflow/.local/lib/python3.7/site-packages/airflow/example_dags/example_dynamic_task_mapping.py took 0.384 seconds
[2024-11-01T18:19:39.901+0000] {processor.py:157} INFO - Started process (PID=546) to work on /home/airflow/.local/lib/python3.7/site-packages/airflow/example_dags/example_dynamic_task_mapping.py
[2024-11-01T18:19:40.117+0000] {processor.py:826} INFO - Processing file /home/airflow/.local/lib/python3.7/site-packages/airflow/example_dags/example_dynamic_task_mapping.py for tasks to queue
[2024-11-01T18:19:40.142+0000] {logging_mixin.py:150} INFO - [2024-11-01T18:19:40.139+0000] {dagbag.py:541} INFO - Filling up the DagBag from /home/airflow/.local/lib/python3.7/site-packages/airflow/example_dags/example_dynamic_task_mapping.py
[2024-11-01T18:19:40.258+0000] {processor.py:836} INFO - DAG(s) dict_keys(['example_dynamic_task_mapping']) retrieved from /home/airflow/.local/lib/python3.7/site-packages/airflow/example_dags/example_dynamic_task_mapping.py
[2024-11-01T18:19:40.527+0000] {logging_mixin.py:150} INFO - [2024-11-01T18:19:40.525+0000] {dag.py:2742} INFO - Sync 1 DAGs
[2024-11-01T18:19:41.598+0000] {logging_mixin.py:150} INFO - [2024-11-01T18:19:41.596+0000] {dag.py:3508} INFO - Setting next_dagrun for example_dynamic_task_mapping to 2022-03-04T00:00:00+00:00, run_after=2022-03-05T00:00:00+00:00
[2024-11-01T18:19:43.210+0000] {processor.py:179} INFO - Processing /home/airflow/.local/lib/python3.7/site-packages/airflow/example_dags/example_dynamic_task_mapping.py took 3.361 seconds
[2024-11-01T18:20:34.618+0000] {processor.py:157} INFO - Started process (PID=619) to work on /home/airflow/.local/lib/python3.7/site-packages/airflow/example_dags/example_dynamic_task_mapping.py
[2024-11-01T18:20:34.631+0000] {processor.py:826} INFO - Processing file /home/airflow/.local/lib/python3.7/site-packages/airflow/example_dags/example_dynamic_task_mapping.py for tasks to queue
[2024-11-01T18:20:34.633+0000] {logging_mixin.py:150} INFO - [2024-11-01T18:20:34.633+0000] {dagbag.py:541} INFO - Filling up the DagBag from /home/airflow/.local/lib/python3.7/site-packages/airflow/example_dags/example_dynamic_task_mapping.py
[2024-11-01T18:20:35.038+0000] {processor.py:836} INFO - DAG(s) dict_keys(['example_dynamic_task_mapping']) retrieved from /home/airflow/.local/lib/python3.7/site-packages/airflow/example_dags/example_dynamic_task_mapping.py
[2024-11-01T18:20:35.384+0000] {logging_mixin.py:150} INFO - [2024-11-01T18:20:35.381+0000] {dag.py:2742} INFO - Sync 1 DAGs
[2024-11-01T18:20:35.780+0000] {logging_mixin.py:150} INFO - [2024-11-01T18:20:35.780+0000] {dag.py:3508} INFO - Setting next_dagrun for example_dynamic_task_mapping to 2022-03-04T00:00:00+00:00, run_after=2022-03-05T00:00:00+00:00
[2024-11-01T18:20:36.001+0000] {processor.py:179} INFO - Processing /home/airflow/.local/lib/python3.7/site-packages/airflow/example_dags/example_dynamic_task_mapping.py took 1.487 seconds
[2024-11-01T18:22:15.057+0000] {processor.py:157} INFO - Started process (PID=694) to work on /home/airflow/.local/lib/python3.7/site-packages/airflow/example_dags/example_dynamic_task_mapping.py
[2024-11-01T18:22:15.498+0000] {processor.py:826} INFO - Processing file /home/airflow/.local/lib/python3.7/site-packages/airflow/example_dags/example_dynamic_task_mapping.py for tasks to queue
[2024-11-01T18:22:15.555+0000] {logging_mixin.py:150} INFO - [2024-11-01T18:22:15.543+0000] {dagbag.py:541} INFO - Filling up the DagBag from /home/airflow/.local/lib/python3.7/site-packages/airflow/example_dags/example_dynamic_task_mapping.py
[2024-11-01T18:22:18.003+0000] {processor.py:836} INFO - DAG(s) dict_keys(['example_dynamic_task_mapping']) retrieved from /home/airflow/.local/lib/python3.7/site-packages/airflow/example_dags/example_dynamic_task_mapping.py
[2024-11-01T18:22:21.770+0000] {logging_mixin.py:150} INFO - [2024-11-01T18:22:21.769+0000] {dag.py:2742} INFO - Sync 1 DAGs
[2024-11-01T18:22:22.787+0000] {logging_mixin.py:150} INFO - [2024-11-01T18:22:22.787+0000] {dag.py:3508} INFO - Setting next_dagrun for example_dynamic_task_mapping to 2022-03-04T00:00:00+00:00, run_after=2022-03-05T00:00:00+00:00
[2024-11-01T18:22:34.121+0000] {processor.py:179} INFO - Processing /home/airflow/.local/lib/python3.7/site-packages/airflow/example_dags/example_dynamic_task_mapping.py took 19.417 seconds
[2024-11-01T18:24:17.510+0000] {processor.py:157} INFO - Started process (PID=764) to work on /home/airflow/.local/lib/python3.7/site-packages/airflow/example_dags/example_dynamic_task_mapping.py
[2024-11-01T18:24:17.683+0000] {processor.py:826} INFO - Processing file /home/airflow/.local/lib/python3.7/site-packages/airflow/example_dags/example_dynamic_task_mapping.py for tasks to queue
[2024-11-01T18:24:17.692+0000] {logging_mixin.py:150} INFO - [2024-11-01T18:24:17.691+0000] {dagbag.py:541} INFO - Filling up the DagBag from /home/airflow/.local/lib/python3.7/site-packages/airflow/example_dags/example_dynamic_task_mapping.py
[2024-11-01T18:24:17.826+0000] {processor.py:836} INFO - DAG(s) dict_keys(['example_dynamic_task_mapping']) retrieved from /home/airflow/.local/lib/python3.7/site-packages/airflow/example_dags/example_dynamic_task_mapping.py
[2024-11-01T18:24:18.085+0000] {logging_mixin.py:150} INFO - [2024-11-01T18:24:18.085+0000] {dag.py:2742} INFO - Sync 1 DAGs
[2024-11-01T18:24:18.206+0000] {logging_mixin.py:150} INFO - [2024-11-01T18:24:18.206+0000] {dag.py:3508} INFO - Setting next_dagrun for example_dynamic_task_mapping to 2022-03-04T00:00:00+00:00, run_after=2022-03-05T00:00:00+00:00
[2024-11-01T18:24:18.327+0000] {processor.py:179} INFO - Processing /home/airflow/.local/lib/python3.7/site-packages/airflow/example_dags/example_dynamic_task_mapping.py took 0.909 seconds
[2024-11-01T18:25:30.432+0000] {processor.py:157} INFO - Started process (PID=841) to work on /home/airflow/.local/lib/python3.7/site-packages/airflow/example_dags/example_dynamic_task_mapping.py
[2024-11-01T18:25:30.436+0000] {processor.py:826} INFO - Processing file /home/airflow/.local/lib/python3.7/site-packages/airflow/example_dags/example_dynamic_task_mapping.py for tasks to queue
[2024-11-01T18:25:30.442+0000] {logging_mixin.py:150} INFO - [2024-11-01T18:25:30.441+0000] {dagbag.py:541} INFO - Filling up the DagBag from /home/airflow/.local/lib/python3.7/site-packages/airflow/example_dags/example_dynamic_task_mapping.py
[2024-11-01T18:25:30.456+0000] {processor.py:836} INFO - DAG(s) dict_keys(['example_dynamic_task_mapping']) retrieved from /home/airflow/.local/lib/python3.7/site-packages/airflow/example_dags/example_dynamic_task_mapping.py
[2024-11-01T18:25:30.545+0000] {logging_mixin.py:150} INFO - [2024-11-01T18:25:30.545+0000] {dag.py:2742} INFO - Sync 1 DAGs
[2024-11-01T18:25:30.569+0000] {logging_mixin.py:150} INFO - [2024-11-01T18:25:30.569+0000] {dag.py:3508} INFO - Setting next_dagrun for example_dynamic_task_mapping to 2022-03-04T00:00:00+00:00, run_after=2022-03-05T00:00:00+00:00
[2024-11-01T18:25:30.585+0000] {processor.py:179} INFO - Processing /home/airflow/.local/lib/python3.7/site-packages/airflow/example_dags/example_dynamic_task_mapping.py took 0.200 seconds
[2024-11-01T18:26:06.302+0000] {processor.py:157} INFO - Started process (PID=895) to work on /home/airflow/.local/lib/python3.7/site-packages/airflow/example_dags/example_dynamic_task_mapping.py
[2024-11-01T18:26:06.305+0000] {processor.py:826} INFO - Processing file /home/airflow/.local/lib/python3.7/site-packages/airflow/example_dags/example_dynamic_task_mapping.py for tasks to queue
[2024-11-01T18:26:06.315+0000] {logging_mixin.py:150} INFO - [2024-11-01T18:26:06.310+0000] {dagbag.py:541} INFO - Filling up the DagBag from /home/airflow/.local/lib/python3.7/site-packages/airflow/example_dags/example_dynamic_task_mapping.py
[2024-11-01T18:26:06.331+0000] {processor.py:836} INFO - DAG(s) dict_keys(['example_dynamic_task_mapping']) retrieved from /home/airflow/.local/lib/python3.7/site-packages/airflow/example_dags/example_dynamic_task_mapping.py
[2024-11-01T18:26:06.380+0000] {logging_mixin.py:150} INFO - [2024-11-01T18:26:06.380+0000] {dag.py:2742} INFO - Sync 1 DAGs
[2024-11-01T18:26:06.416+0000] {logging_mixin.py:150} INFO - [2024-11-01T18:26:06.415+0000] {dag.py:3508} INFO - Setting next_dagrun for example_dynamic_task_mapping to 2022-03-04T00:00:00+00:00, run_after=2022-03-05T00:00:00+00:00
[2024-11-01T18:26:06.451+0000] {processor.py:179} INFO - Processing /home/airflow/.local/lib/python3.7/site-packages/airflow/example_dags/example_dynamic_task_mapping.py took 0.156 seconds
[2024-11-01T18:26:36.608+0000] {processor.py:157} INFO - Started process (PID=957) to work on /home/airflow/.local/lib/python3.7/site-packages/airflow/example_dags/example_dynamic_task_mapping.py
[2024-11-01T18:26:36.609+0000] {processor.py:826} INFO - Processing file /home/airflow/.local/lib/python3.7/site-packages/airflow/example_dags/example_dynamic_task_mapping.py for tasks to queue
[2024-11-01T18:26:36.611+0000] {logging_mixin.py:150} INFO - [2024-11-01T18:26:36.611+0000] {dagbag.py:541} INFO - Filling up the DagBag from /home/airflow/.local/lib/python3.7/site-packages/airflow/example_dags/example_dynamic_task_mapping.py
[2024-11-01T18:26:36.616+0000] {processor.py:836} INFO - DAG(s) dict_keys(['example_dynamic_task_mapping']) retrieved from /home/airflow/.local/lib/python3.7/site-packages/airflow/example_dags/example_dynamic_task_mapping.py
[2024-11-01T18:26:36.631+0000] {logging_mixin.py:150} INFO - [2024-11-01T18:26:36.631+0000] {dag.py:2742} INFO - Sync 1 DAGs
[2024-11-01T18:26:36.651+0000] {logging_mixin.py:150} INFO - [2024-11-01T18:26:36.651+0000] {dag.py:3508} INFO - Setting next_dagrun for example_dynamic_task_mapping to 2022-03-04T00:00:00+00:00, run_after=2022-03-05T00:00:00+00:00
[2024-11-01T18:26:36.660+0000] {processor.py:179} INFO - Processing /home/airflow/.local/lib/python3.7/site-packages/airflow/example_dags/example_dynamic_task_mapping.py took 0.054 seconds
[2024-11-01T18:27:06.902+0000] {processor.py:157} INFO - Started process (PID=1019) to work on /home/airflow/.local/lib/python3.7/site-packages/airflow/example_dags/example_dynamic_task_mapping.py
[2024-11-01T18:27:06.903+0000] {processor.py:826} INFO - Processing file /home/airflow/.local/lib/python3.7/site-packages/airflow/example_dags/example_dynamic_task_mapping.py for tasks to queue
[2024-11-01T18:27:06.903+0000] {logging_mixin.py:150} INFO - [2024-11-01T18:27:06.903+0000] {dagbag.py:541} INFO - Filling up the DagBag from /home/airflow/.local/lib/python3.7/site-packages/airflow/example_dags/example_dynamic_task_mapping.py
[2024-11-01T18:27:06.909+0000] {processor.py:836} INFO - DAG(s) dict_keys(['example_dynamic_task_mapping']) retrieved from /home/airflow/.local/lib/python3.7/site-packages/airflow/example_dags/example_dynamic_task_mapping.py
[2024-11-01T18:27:06.925+0000] {logging_mixin.py:150} INFO - [2024-11-01T18:27:06.925+0000] {dag.py:2742} INFO - Sync 1 DAGs
[2024-11-01T18:27:06.937+0000] {logging_mixin.py:150} INFO - [2024-11-01T18:27:06.937+0000] {dag.py:3508} INFO - Setting next_dagrun for example_dynamic_task_mapping to 2022-03-04T00:00:00+00:00, run_after=2022-03-05T00:00:00+00:00
[2024-11-01T18:27:06.945+0000] {processor.py:179} INFO - Processing /home/airflow/.local/lib/python3.7/site-packages/airflow/example_dags/example_dynamic_task_mapping.py took 0.046 seconds
[2024-11-01T18:27:37.195+0000] {processor.py:157} INFO - Started process (PID=1081) to work on /home/airflow/.local/lib/python3.7/site-packages/airflow/example_dags/example_dynamic_task_mapping.py
[2024-11-01T18:27:37.196+0000] {processor.py:826} INFO - Processing file /home/airflow/.local/lib/python3.7/site-packages/airflow/example_dags/example_dynamic_task_mapping.py for tasks to queue
[2024-11-01T18:27:37.196+0000] {logging_mixin.py:150} INFO - [2024-11-01T18:27:37.196+0000] {dagbag.py:541} INFO - Filling up the DagBag from /home/airflow/.local/lib/python3.7/site-packages/airflow/example_dags/example_dynamic_task_mapping.py
[2024-11-01T18:27:37.200+0000] {processor.py:836} INFO - DAG(s) dict_keys(['example_dynamic_task_mapping']) retrieved from /home/airflow/.local/lib/python3.7/site-packages/airflow/example_dags/example_dynamic_task_mapping.py
[2024-11-01T18:27:37.216+0000] {logging_mixin.py:150} INFO - [2024-11-01T18:27:37.216+0000] {dag.py:2742} INFO - Sync 1 DAGs
[2024-11-01T18:27:37.229+0000] {logging_mixin.py:150} INFO - [2024-11-01T18:27:37.229+0000] {dag.py:3508} INFO - Setting next_dagrun for example_dynamic_task_mapping to 2022-03-04T00:00:00+00:00, run_after=2022-03-05T00:00:00+00:00
[2024-11-01T18:27:37.236+0000] {processor.py:179} INFO - Processing /home/airflow/.local/lib/python3.7/site-packages/airflow/example_dags/example_dynamic_task_mapping.py took 0.043 seconds
[2024-11-01T18:30:47.776+0000] {processor.py:157} INFO - Started process (PID=1132) to work on /home/airflow/.local/lib/python3.7/site-packages/airflow/example_dags/example_dynamic_task_mapping.py
[2024-11-01T18:30:47.778+0000] {processor.py:826} INFO - Processing file /home/airflow/.local/lib/python3.7/site-packages/airflow/example_dags/example_dynamic_task_mapping.py for tasks to queue
[2024-11-01T18:30:47.780+0000] {logging_mixin.py:150} INFO - [2024-11-01T18:30:47.780+0000] {dagbag.py:541} INFO - Filling up the DagBag from /home/airflow/.local/lib/python3.7/site-packages/airflow/example_dags/example_dynamic_task_mapping.py
[2024-11-01T18:30:47.785+0000] {processor.py:836} INFO - DAG(s) dict_keys(['example_dynamic_task_mapping']) retrieved from /home/airflow/.local/lib/python3.7/site-packages/airflow/example_dags/example_dynamic_task_mapping.py
[2024-11-01T18:30:47.809+0000] {logging_mixin.py:150} INFO - [2024-11-01T18:30:47.809+0000] {dag.py:2742} INFO - Sync 1 DAGs
[2024-11-01T18:30:47.834+0000] {logging_mixin.py:150} INFO - [2024-11-01T18:30:47.834+0000] {dag.py:3508} INFO - Setting next_dagrun for example_dynamic_task_mapping to 2022-03-04T00:00:00+00:00, run_after=2022-03-05T00:00:00+00:00
[2024-11-01T18:30:47.846+0000] {processor.py:179} INFO - Processing /home/airflow/.local/lib/python3.7/site-packages/airflow/example_dags/example_dynamic_task_mapping.py took 0.073 seconds
[2024-11-01T18:31:18.144+0000] {processor.py:157} INFO - Started process (PID=1194) to work on /home/airflow/.local/lib/python3.7/site-packages/airflow/example_dags/example_dynamic_task_mapping.py
[2024-11-01T18:31:18.144+0000] {processor.py:826} INFO - Processing file /home/airflow/.local/lib/python3.7/site-packages/airflow/example_dags/example_dynamic_task_mapping.py for tasks to queue
[2024-11-01T18:31:18.145+0000] {logging_mixin.py:150} INFO - [2024-11-01T18:31:18.145+0000] {dagbag.py:541} INFO - Filling up the DagBag from /home/airflow/.local/lib/python3.7/site-packages/airflow/example_dags/example_dynamic_task_mapping.py
[2024-11-01T18:31:18.150+0000] {processor.py:836} INFO - DAG(s) dict_keys(['example_dynamic_task_mapping']) retrieved from /home/airflow/.local/lib/python3.7/site-packages/airflow/example_dags/example_dynamic_task_mapping.py
[2024-11-01T18:31:18.171+0000] {logging_mixin.py:150} INFO - [2024-11-01T18:31:18.171+0000] {dag.py:2742} INFO - Sync 1 DAGs
[2024-11-01T18:31:18.198+0000] {logging_mixin.py:150} INFO - [2024-11-01T18:31:18.197+0000] {dag.py:3508} INFO - Setting next_dagrun for example_dynamic_task_mapping to 2022-03-04T00:00:00+00:00, run_after=2022-03-05T00:00:00+00:00
[2024-11-01T18:31:18.219+0000] {processor.py:179} INFO - Processing /home/airflow/.local/lib/python3.7/site-packages/airflow/example_dags/example_dynamic_task_mapping.py took 0.077 seconds
[2024-11-01T18:31:48.706+0000] {processor.py:157} INFO - Started process (PID=1256) to work on /home/airflow/.local/lib/python3.7/site-packages/airflow/example_dags/example_dynamic_task_mapping.py
[2024-11-01T18:31:48.708+0000] {processor.py:826} INFO - Processing file /home/airflow/.local/lib/python3.7/site-packages/airflow/example_dags/example_dynamic_task_mapping.py for tasks to queue
[2024-11-01T18:31:48.708+0000] {logging_mixin.py:150} INFO - [2024-11-01T18:31:48.708+0000] {dagbag.py:541} INFO - Filling up the DagBag from /home/airflow/.local/lib/python3.7/site-packages/airflow/example_dags/example_dynamic_task_mapping.py
[2024-11-01T18:31:48.712+0000] {processor.py:836} INFO - DAG(s) dict_keys(['example_dynamic_task_mapping']) retrieved from /home/airflow/.local/lib/python3.7/site-packages/airflow/example_dags/example_dynamic_task_mapping.py
[2024-11-01T18:31:48.724+0000] {logging_mixin.py:150} INFO - [2024-11-01T18:31:48.724+0000] {dag.py:2742} INFO - Sync 1 DAGs
[2024-11-01T18:31:48.737+0000] {logging_mixin.py:150} INFO - [2024-11-01T18:31:48.737+0000] {dag.py:3508} INFO - Setting next_dagrun for example_dynamic_task_mapping to 2022-03-04T00:00:00+00:00, run_after=2022-03-05T00:00:00+00:00
[2024-11-01T18:31:48.746+0000] {processor.py:179} INFO - Processing /home/airflow/.local/lib/python3.7/site-packages/airflow/example_dags/example_dynamic_task_mapping.py took 0.042 seconds
[2024-11-01T18:32:19.035+0000] {processor.py:157} INFO - Started process (PID=1318) to work on /home/airflow/.local/lib/python3.7/site-packages/airflow/example_dags/example_dynamic_task_mapping.py
[2024-11-01T18:32:19.036+0000] {processor.py:826} INFO - Processing file /home/airflow/.local/lib/python3.7/site-packages/airflow/example_dags/example_dynamic_task_mapping.py for tasks to queue
[2024-11-01T18:32:19.036+0000] {logging_mixin.py:150} INFO - [2024-11-01T18:32:19.036+0000] {dagbag.py:541} INFO - Filling up the DagBag from /home/airflow/.local/lib/python3.7/site-packages/airflow/example_dags/example_dynamic_task_mapping.py
[2024-11-01T18:32:19.040+0000] {processor.py:836} INFO - DAG(s) dict_keys(['example_dynamic_task_mapping']) retrieved from /home/airflow/.local/lib/python3.7/site-packages/airflow/example_dags/example_dynamic_task_mapping.py
[2024-11-01T18:32:19.053+0000] {logging_mixin.py:150} INFO - [2024-11-01T18:32:19.053+0000] {dag.py:2742} INFO - Sync 1 DAGs
[2024-11-01T18:32:19.066+0000] {logging_mixin.py:150} INFO - [2024-11-01T18:32:19.066+0000] {dag.py:3508} INFO - Setting next_dagrun for example_dynamic_task_mapping to 2022-03-04T00:00:00+00:00, run_after=2022-03-05T00:00:00+00:00
[2024-11-01T18:32:19.078+0000] {processor.py:179} INFO - Processing /home/airflow/.local/lib/python3.7/site-packages/airflow/example_dags/example_dynamic_task_mapping.py took 0.045 seconds
[2024-11-01T18:32:49.755+0000] {processor.py:157} INFO - Started process (PID=1379) to work on /home/airflow/.local/lib/python3.7/site-packages/airflow/example_dags/example_dynamic_task_mapping.py
[2024-11-01T18:32:49.756+0000] {processor.py:826} INFO - Processing file /home/airflow/.local/lib/python3.7/site-packages/airflow/example_dags/example_dynamic_task_mapping.py for tasks to queue
[2024-11-01T18:32:49.756+0000] {logging_mixin.py:150} INFO - [2024-11-01T18:32:49.756+0000] {dagbag.py:541} INFO - Filling up the DagBag from /home/airflow/.local/lib/python3.7/site-packages/airflow/example_dags/example_dynamic_task_mapping.py
[2024-11-01T18:32:49.760+0000] {processor.py:836} INFO - DAG(s) dict_keys(['example_dynamic_task_mapping']) retrieved from /home/airflow/.local/lib/python3.7/site-packages/airflow/example_dags/example_dynamic_task_mapping.py
[2024-11-01T18:32:49.772+0000] {logging_mixin.py:150} INFO - [2024-11-01T18:32:49.772+0000] {dag.py:2742} INFO - Sync 1 DAGs
[2024-11-01T18:32:49.784+0000] {logging_mixin.py:150} INFO - [2024-11-01T18:32:49.784+0000] {dag.py:3508} INFO - Setting next_dagrun for example_dynamic_task_mapping to 2022-03-04T00:00:00+00:00, run_after=2022-03-05T00:00:00+00:00
[2024-11-01T18:32:49.796+0000] {processor.py:179} INFO - Processing /home/airflow/.local/lib/python3.7/site-packages/airflow/example_dags/example_dynamic_task_mapping.py took 0.043 seconds
[2024-11-01T18:33:20.394+0000] {processor.py:157} INFO - Started process (PID=1441) to work on /home/airflow/.local/lib/python3.7/site-packages/airflow/example_dags/example_dynamic_task_mapping.py
[2024-11-01T18:33:20.394+0000] {processor.py:826} INFO - Processing file /home/airflow/.local/lib/python3.7/site-packages/airflow/example_dags/example_dynamic_task_mapping.py for tasks to queue
[2024-11-01T18:33:20.395+0000] {logging_mixin.py:150} INFO - [2024-11-01T18:33:20.395+0000] {dagbag.py:541} INFO - Filling up the DagBag from /home/airflow/.local/lib/python3.7/site-packages/airflow/example_dags/example_dynamic_task_mapping.py
[2024-11-01T18:33:20.399+0000] {processor.py:836} INFO - DAG(s) dict_keys(['example_dynamic_task_mapping']) retrieved from /home/airflow/.local/lib/python3.7/site-packages/airflow/example_dags/example_dynamic_task_mapping.py
[2024-11-01T18:33:20.411+0000] {logging_mixin.py:150} INFO - [2024-11-01T18:33:20.411+0000] {dag.py:2742} INFO - Sync 1 DAGs
[2024-11-01T18:33:20.425+0000] {logging_mixin.py:150} INFO - [2024-11-01T18:33:20.425+0000] {dag.py:3508} INFO - Setting next_dagrun for example_dynamic_task_mapping to 2022-03-04T00:00:00+00:00, run_after=2022-03-05T00:00:00+00:00
[2024-11-01T18:33:20.434+0000] {processor.py:179} INFO - Processing /home/airflow/.local/lib/python3.7/site-packages/airflow/example_dags/example_dynamic_task_mapping.py took 0.042 seconds
[2024-11-01T18:33:50.539+0000] {processor.py:157} INFO - Started process (PID=1502) to work on /home/airflow/.local/lib/python3.7/site-packages/airflow/example_dags/example_dynamic_task_mapping.py
[2024-11-01T18:33:50.540+0000] {processor.py:826} INFO - Processing file /home/airflow/.local/lib/python3.7/site-packages/airflow/example_dags/example_dynamic_task_mapping.py for tasks to queue
[2024-11-01T18:33:50.540+0000] {logging_mixin.py:150} INFO - [2024-11-01T18:33:50.540+0000] {dagbag.py:541} INFO - Filling up the DagBag from /home/airflow/.local/lib/python3.7/site-packages/airflow/example_dags/example_dynamic_task_mapping.py
[2024-11-01T18:33:50.545+0000] {processor.py:836} INFO - DAG(s) dict_keys(['example_dynamic_task_mapping']) retrieved from /home/airflow/.local/lib/python3.7/site-packages/airflow/example_dags/example_dynamic_task_mapping.py
[2024-11-01T18:33:50.561+0000] {logging_mixin.py:150} INFO - [2024-11-01T18:33:50.561+0000] {dag.py:2742} INFO - Sync 1 DAGs
[2024-11-01T18:33:50.576+0000] {logging_mixin.py:150} INFO - [2024-11-01T18:33:50.576+0000] {dag.py:3508} INFO - Setting next_dagrun for example_dynamic_task_mapping to 2022-03-04T00:00:00+00:00, run_after=2022-03-05T00:00:00+00:00
[2024-11-01T18:33:50.585+0000] {processor.py:179} INFO - Processing /home/airflow/.local/lib/python3.7/site-packages/airflow/example_dags/example_dynamic_task_mapping.py took 0.048 seconds
[2024-11-01T18:34:20.919+0000] {processor.py:157} INFO - Started process (PID=1564) to work on /home/airflow/.local/lib/python3.7/site-packages/airflow/example_dags/example_dynamic_task_mapping.py
[2024-11-01T18:34:20.921+0000] {processor.py:826} INFO - Processing file /home/airflow/.local/lib/python3.7/site-packages/airflow/example_dags/example_dynamic_task_mapping.py for tasks to queue
[2024-11-01T18:34:20.922+0000] {logging_mixin.py:150} INFO - [2024-11-01T18:34:20.922+0000] {dagbag.py:541} INFO - Filling up the DagBag from /home/airflow/.local/lib/python3.7/site-packages/airflow/example_dags/example_dynamic_task_mapping.py
[2024-11-01T18:34:20.927+0000] {processor.py:836} INFO - DAG(s) dict_keys(['example_dynamic_task_mapping']) retrieved from /home/airflow/.local/lib/python3.7/site-packages/airflow/example_dags/example_dynamic_task_mapping.py
[2024-11-01T18:34:20.941+0000] {logging_mixin.py:150} INFO - [2024-11-01T18:34:20.941+0000] {dag.py:2742} INFO - Sync 1 DAGs
[2024-11-01T18:34:20.956+0000] {logging_mixin.py:150} INFO - [2024-11-01T18:34:20.956+0000] {dag.py:3508} INFO - Setting next_dagrun for example_dynamic_task_mapping to 2022-03-04T00:00:00+00:00, run_after=2022-03-05T00:00:00+00:00
[2024-11-01T18:34:20.970+0000] {processor.py:179} INFO - Processing /home/airflow/.local/lib/python3.7/site-packages/airflow/example_dags/example_dynamic_task_mapping.py took 0.052 seconds
[2024-11-01T18:34:51.528+0000] {processor.py:157} INFO - Started process (PID=1626) to work on /home/airflow/.local/lib/python3.7/site-packages/airflow/example_dags/example_dynamic_task_mapping.py
[2024-11-01T18:34:51.529+0000] {processor.py:826} INFO - Processing file /home/airflow/.local/lib/python3.7/site-packages/airflow/example_dags/example_dynamic_task_mapping.py for tasks to queue
[2024-11-01T18:34:51.530+0000] {logging_mixin.py:150} INFO - [2024-11-01T18:34:51.530+0000] {dagbag.py:541} INFO - Filling up the DagBag from /home/airflow/.local/lib/python3.7/site-packages/airflow/example_dags/example_dynamic_task_mapping.py
[2024-11-01T18:34:51.534+0000] {processor.py:836} INFO - DAG(s) dict_keys(['example_dynamic_task_mapping']) retrieved from /home/airflow/.local/lib/python3.7/site-packages/airflow/example_dags/example_dynamic_task_mapping.py
[2024-11-01T18:34:51.546+0000] {logging_mixin.py:150} INFO - [2024-11-01T18:34:51.546+0000] {dag.py:2742} INFO - Sync 1 DAGs
[2024-11-01T18:34:51.565+0000] {logging_mixin.py:150} INFO - [2024-11-01T18:34:51.565+0000] {dag.py:3508} INFO - Setting next_dagrun for example_dynamic_task_mapping to 2022-03-04T00:00:00+00:00, run_after=2022-03-05T00:00:00+00:00
[2024-11-01T18:34:51.581+0000] {processor.py:179} INFO - Processing /home/airflow/.local/lib/python3.7/site-packages/airflow/example_dags/example_dynamic_task_mapping.py took 0.055 seconds
[2024-11-01T18:35:22.118+0000] {processor.py:157} INFO - Started process (PID=1688) to work on /home/airflow/.local/lib/python3.7/site-packages/airflow/example_dags/example_dynamic_task_mapping.py
[2024-11-01T18:35:22.118+0000] {processor.py:826} INFO - Processing file /home/airflow/.local/lib/python3.7/site-packages/airflow/example_dags/example_dynamic_task_mapping.py for tasks to queue
[2024-11-01T18:35:22.119+0000] {logging_mixin.py:150} INFO - [2024-11-01T18:35:22.119+0000] {dagbag.py:541} INFO - Filling up the DagBag from /home/airflow/.local/lib/python3.7/site-packages/airflow/example_dags/example_dynamic_task_mapping.py
[2024-11-01T18:35:22.122+0000] {processor.py:836} INFO - DAG(s) dict_keys(['example_dynamic_task_mapping']) retrieved from /home/airflow/.local/lib/python3.7/site-packages/airflow/example_dags/example_dynamic_task_mapping.py
[2024-11-01T18:35:22.134+0000] {logging_mixin.py:150} INFO - [2024-11-01T18:35:22.134+0000] {dag.py:2742} INFO - Sync 1 DAGs
[2024-11-01T18:35:22.151+0000] {logging_mixin.py:150} INFO - [2024-11-01T18:35:22.151+0000] {dag.py:3508} INFO - Setting next_dagrun for example_dynamic_task_mapping to 2022-03-04T00:00:00+00:00, run_after=2022-03-05T00:00:00+00:00
[2024-11-01T18:35:22.169+0000] {processor.py:179} INFO - Processing /home/airflow/.local/lib/python3.7/site-packages/airflow/example_dags/example_dynamic_task_mapping.py took 0.053 seconds
[2024-11-01T18:35:53.181+0000] {processor.py:157} INFO - Started process (PID=1750) to work on /home/airflow/.local/lib/python3.7/site-packages/airflow/example_dags/example_dynamic_task_mapping.py
[2024-11-01T18:35:53.183+0000] {processor.py:826} INFO - Processing file /home/airflow/.local/lib/python3.7/site-packages/airflow/example_dags/example_dynamic_task_mapping.py for tasks to queue
[2024-11-01T18:35:53.184+0000] {logging_mixin.py:150} INFO - [2024-11-01T18:35:53.184+0000] {dagbag.py:541} INFO - Filling up the DagBag from /home/airflow/.local/lib/python3.7/site-packages/airflow/example_dags/example_dynamic_task_mapping.py
[2024-11-01T18:35:53.217+0000] {processor.py:836} INFO - DAG(s) dict_keys(['example_dynamic_task_mapping']) retrieved from /home/airflow/.local/lib/python3.7/site-packages/airflow/example_dags/example_dynamic_task_mapping.py
[2024-11-01T18:35:53.277+0000] {logging_mixin.py:150} INFO - [2024-11-01T18:35:53.277+0000] {dag.py:2742} INFO - Sync 1 DAGs
[2024-11-01T18:35:53.298+0000] {logging_mixin.py:150} INFO - [2024-11-01T18:35:53.298+0000] {dag.py:3508} INFO - Setting next_dagrun for example_dynamic_task_mapping to 2022-03-04T00:00:00+00:00, run_after=2022-03-05T00:00:00+00:00
[2024-11-01T18:35:53.313+0000] {processor.py:179} INFO - Processing /home/airflow/.local/lib/python3.7/site-packages/airflow/example_dags/example_dynamic_task_mapping.py took 0.136 seconds
[2024-11-01T18:36:25.684+0000] {processor.py:157} INFO - Started process (PID=1812) to work on /home/airflow/.local/lib/python3.7/site-packages/airflow/example_dags/example_dynamic_task_mapping.py
[2024-11-01T18:36:25.684+0000] {processor.py:826} INFO - Processing file /home/airflow/.local/lib/python3.7/site-packages/airflow/example_dags/example_dynamic_task_mapping.py for tasks to queue
[2024-11-01T18:36:25.685+0000] {logging_mixin.py:150} INFO - [2024-11-01T18:36:25.685+0000] {dagbag.py:541} INFO - Filling up the DagBag from /home/airflow/.local/lib/python3.7/site-packages/airflow/example_dags/example_dynamic_task_mapping.py
[2024-11-01T18:36:25.689+0000] {processor.py:836} INFO - DAG(s) dict_keys(['example_dynamic_task_mapping']) retrieved from /home/airflow/.local/lib/python3.7/site-packages/airflow/example_dags/example_dynamic_task_mapping.py
[2024-11-01T18:36:25.706+0000] {logging_mixin.py:150} INFO - [2024-11-01T18:36:25.706+0000] {dag.py:2742} INFO - Sync 1 DAGs
[2024-11-01T18:36:25.721+0000] {logging_mixin.py:150} INFO - [2024-11-01T18:36:25.721+0000] {dag.py:3508} INFO - Setting next_dagrun for example_dynamic_task_mapping to 2022-03-04T00:00:00+00:00, run_after=2022-03-05T00:00:00+00:00
[2024-11-01T18:36:25.734+0000] {processor.py:179} INFO - Processing /home/airflow/.local/lib/python3.7/site-packages/airflow/example_dags/example_dynamic_task_mapping.py took 0.052 seconds
[2024-11-01T18:36:56.304+0000] {processor.py:157} INFO - Started process (PID=1874) to work on /home/airflow/.local/lib/python3.7/site-packages/airflow/example_dags/example_dynamic_task_mapping.py
[2024-11-01T18:36:56.305+0000] {processor.py:826} INFO - Processing file /home/airflow/.local/lib/python3.7/site-packages/airflow/example_dags/example_dynamic_task_mapping.py for tasks to queue
[2024-11-01T18:36:56.306+0000] {logging_mixin.py:150} INFO - [2024-11-01T18:36:56.305+0000] {dagbag.py:541} INFO - Filling up the DagBag from /home/airflow/.local/lib/python3.7/site-packages/airflow/example_dags/example_dynamic_task_mapping.py
[2024-11-01T18:36:56.310+0000] {processor.py:836} INFO - DAG(s) dict_keys(['example_dynamic_task_mapping']) retrieved from /home/airflow/.local/lib/python3.7/site-packages/airflow/example_dags/example_dynamic_task_mapping.py
[2024-11-01T18:36:56.322+0000] {logging_mixin.py:150} INFO - [2024-11-01T18:36:56.322+0000] {dag.py:2742} INFO - Sync 1 DAGs
[2024-11-01T18:36:56.340+0000] {logging_mixin.py:150} INFO - [2024-11-01T18:36:56.340+0000] {dag.py:3508} INFO - Setting next_dagrun for example_dynamic_task_mapping to 2022-03-04T00:00:00+00:00, run_after=2022-03-05T00:00:00+00:00
[2024-11-01T18:36:56.352+0000] {processor.py:179} INFO - Processing /home/airflow/.local/lib/python3.7/site-packages/airflow/example_dags/example_dynamic_task_mapping.py took 0.053 seconds
[2024-11-01T18:37:26.698+0000] {processor.py:157} INFO - Started process (PID=1936) to work on /home/airflow/.local/lib/python3.7/site-packages/airflow/example_dags/example_dynamic_task_mapping.py
[2024-11-01T18:37:26.699+0000] {processor.py:826} INFO - Processing file /home/airflow/.local/lib/python3.7/site-packages/airflow/example_dags/example_dynamic_task_mapping.py for tasks to queue
[2024-11-01T18:37:26.699+0000] {logging_mixin.py:150} INFO - [2024-11-01T18:37:26.699+0000] {dagbag.py:541} INFO - Filling up the DagBag from /home/airflow/.local/lib/python3.7/site-packages/airflow/example_dags/example_dynamic_task_mapping.py
[2024-11-01T18:37:26.703+0000] {processor.py:836} INFO - DAG(s) dict_keys(['example_dynamic_task_mapping']) retrieved from /home/airflow/.local/lib/python3.7/site-packages/airflow/example_dags/example_dynamic_task_mapping.py
[2024-11-01T18:37:26.716+0000] {logging_mixin.py:150} INFO - [2024-11-01T18:37:26.716+0000] {dag.py:2742} INFO - Sync 1 DAGs
[2024-11-01T18:37:26.728+0000] {logging_mixin.py:150} INFO - [2024-11-01T18:37:26.728+0000] {dag.py:3508} INFO - Setting next_dagrun for example_dynamic_task_mapping to 2022-03-04T00:00:00+00:00, run_after=2022-03-05T00:00:00+00:00
[2024-11-01T18:37:26.743+0000] {processor.py:179} INFO - Processing /home/airflow/.local/lib/python3.7/site-packages/airflow/example_dags/example_dynamic_task_mapping.py took 0.049 seconds
[2024-11-01T18:38:01.103+0000] {processor.py:157} INFO - Started process (PID=1998) to work on /home/airflow/.local/lib/python3.7/site-packages/airflow/example_dags/example_dynamic_task_mapping.py
[2024-11-01T18:38:01.109+0000] {processor.py:826} INFO - Processing file /home/airflow/.local/lib/python3.7/site-packages/airflow/example_dags/example_dynamic_task_mapping.py for tasks to queue
[2024-11-01T18:38:01.112+0000] {logging_mixin.py:150} INFO - [2024-11-01T18:38:01.111+0000] {dagbag.py:541} INFO - Filling up the DagBag from /home/airflow/.local/lib/python3.7/site-packages/airflow/example_dags/example_dynamic_task_mapping.py
[2024-11-01T18:38:01.129+0000] {processor.py:836} INFO - DAG(s) dict_keys(['example_dynamic_task_mapping']) retrieved from /home/airflow/.local/lib/python3.7/site-packages/airflow/example_dags/example_dynamic_task_mapping.py
[2024-11-01T18:38:01.182+0000] {logging_mixin.py:150} INFO - [2024-11-01T18:38:01.181+0000] {dag.py:2742} INFO - Sync 1 DAGs
[2024-11-01T18:38:01.241+0000] {logging_mixin.py:150} INFO - [2024-11-01T18:38:01.240+0000] {dag.py:3508} INFO - Setting next_dagrun for example_dynamic_task_mapping to 2022-03-04T00:00:00+00:00, run_after=2022-03-05T00:00:00+00:00
[2024-11-01T18:38:01.287+0000] {processor.py:179} INFO - Processing /home/airflow/.local/lib/python3.7/site-packages/airflow/example_dags/example_dynamic_task_mapping.py took 0.202 seconds
[2024-11-01T18:38:32.145+0000] {processor.py:157} INFO - Started process (PID=2060) to work on /home/airflow/.local/lib/python3.7/site-packages/airflow/example_dags/example_dynamic_task_mapping.py
[2024-11-01T18:38:32.149+0000] {processor.py:826} INFO - Processing file /home/airflow/.local/lib/python3.7/site-packages/airflow/example_dags/example_dynamic_task_mapping.py for tasks to queue
[2024-11-01T18:38:32.153+0000] {logging_mixin.py:150} INFO - [2024-11-01T18:38:32.152+0000] {dagbag.py:541} INFO - Filling up the DagBag from /home/airflow/.local/lib/python3.7/site-packages/airflow/example_dags/example_dynamic_task_mapping.py
[2024-11-01T18:38:32.174+0000] {processor.py:836} INFO - DAG(s) dict_keys(['example_dynamic_task_mapping']) retrieved from /home/airflow/.local/lib/python3.7/site-packages/airflow/example_dags/example_dynamic_task_mapping.py
[2024-11-01T18:38:32.223+0000] {logging_mixin.py:150} INFO - [2024-11-01T18:38:32.223+0000] {dag.py:2742} INFO - Sync 1 DAGs
[2024-11-01T18:38:32.250+0000] {logging_mixin.py:150} INFO - [2024-11-01T18:38:32.249+0000] {dag.py:3508} INFO - Setting next_dagrun for example_dynamic_task_mapping to 2022-03-04T00:00:00+00:00, run_after=2022-03-05T00:00:00+00:00
[2024-11-01T18:38:32.269+0000] {processor.py:179} INFO - Processing /home/airflow/.local/lib/python3.7/site-packages/airflow/example_dags/example_dynamic_task_mapping.py took 0.134 seconds
[2024-11-01T18:39:02.678+0000] {processor.py:157} INFO - Started process (PID=2122) to work on /home/airflow/.local/lib/python3.7/site-packages/airflow/example_dags/example_dynamic_task_mapping.py
[2024-11-01T18:39:02.682+0000] {processor.py:826} INFO - Processing file /home/airflow/.local/lib/python3.7/site-packages/airflow/example_dags/example_dynamic_task_mapping.py for tasks to queue
[2024-11-01T18:39:02.684+0000] {logging_mixin.py:150} INFO - [2024-11-01T18:39:02.684+0000] {dagbag.py:541} INFO - Filling up the DagBag from /home/airflow/.local/lib/python3.7/site-packages/airflow/example_dags/example_dynamic_task_mapping.py
[2024-11-01T18:39:02.691+0000] {processor.py:836} INFO - DAG(s) dict_keys(['example_dynamic_task_mapping']) retrieved from /home/airflow/.local/lib/python3.7/site-packages/airflow/example_dags/example_dynamic_task_mapping.py
[2024-11-01T18:39:02.711+0000] {logging_mixin.py:150} INFO - [2024-11-01T18:39:02.711+0000] {dag.py:2742} INFO - Sync 1 DAGs
[2024-11-01T18:39:02.730+0000] {logging_mixin.py:150} INFO - [2024-11-01T18:39:02.730+0000] {dag.py:3508} INFO - Setting next_dagrun for example_dynamic_task_mapping to 2022-03-04T00:00:00+00:00, run_after=2022-03-05T00:00:00+00:00
[2024-11-01T18:39:02.752+0000] {processor.py:179} INFO - Processing /home/airflow/.local/lib/python3.7/site-packages/airflow/example_dags/example_dynamic_task_mapping.py took 0.077 seconds
[2024-11-01T18:39:33.480+0000] {processor.py:157} INFO - Started process (PID=2183) to work on /home/airflow/.local/lib/python3.7/site-packages/airflow/example_dags/example_dynamic_task_mapping.py
[2024-11-01T18:39:33.482+0000] {processor.py:826} INFO - Processing file /home/airflow/.local/lib/python3.7/site-packages/airflow/example_dags/example_dynamic_task_mapping.py for tasks to queue
[2024-11-01T18:39:33.485+0000] {logging_mixin.py:150} INFO - [2024-11-01T18:39:33.484+0000] {dagbag.py:541} INFO - Filling up the DagBag from /home/airflow/.local/lib/python3.7/site-packages/airflow/example_dags/example_dynamic_task_mapping.py
[2024-11-01T18:39:33.493+0000] {processor.py:836} INFO - DAG(s) dict_keys(['example_dynamic_task_mapping']) retrieved from /home/airflow/.local/lib/python3.7/site-packages/airflow/example_dags/example_dynamic_task_mapping.py
[2024-11-01T18:39:33.517+0000] {logging_mixin.py:150} INFO - [2024-11-01T18:39:33.517+0000] {dag.py:2742} INFO - Sync 1 DAGs
[2024-11-01T18:39:33.540+0000] {logging_mixin.py:150} INFO - [2024-11-01T18:39:33.540+0000] {dag.py:3508} INFO - Setting next_dagrun for example_dynamic_task_mapping to 2022-03-04T00:00:00+00:00, run_after=2022-03-05T00:00:00+00:00
[2024-11-01T18:39:33.554+0000] {processor.py:179} INFO - Processing /home/airflow/.local/lib/python3.7/site-packages/airflow/example_dags/example_dynamic_task_mapping.py took 0.076 seconds
[2024-11-01T18:40:03.711+0000] {processor.py:157} INFO - Started process (PID=2245) to work on /home/airflow/.local/lib/python3.7/site-packages/airflow/example_dags/example_dynamic_task_mapping.py
[2024-11-01T18:40:03.719+0000] {processor.py:826} INFO - Processing file /home/airflow/.local/lib/python3.7/site-packages/airflow/example_dags/example_dynamic_task_mapping.py for tasks to queue
[2024-11-01T18:40:03.722+0000] {logging_mixin.py:150} INFO - [2024-11-01T18:40:03.722+0000] {dagbag.py:541} INFO - Filling up the DagBag from /home/airflow/.local/lib/python3.7/site-packages/airflow/example_dags/example_dynamic_task_mapping.py
[2024-11-01T18:40:03.739+0000] {processor.py:836} INFO - DAG(s) dict_keys(['example_dynamic_task_mapping']) retrieved from /home/airflow/.local/lib/python3.7/site-packages/airflow/example_dags/example_dynamic_task_mapping.py
[2024-11-01T18:40:03.770+0000] {logging_mixin.py:150} INFO - [2024-11-01T18:40:03.770+0000] {dag.py:2742} INFO - Sync 1 DAGs
[2024-11-01T18:40:03.797+0000] {logging_mixin.py:150} INFO - [2024-11-01T18:40:03.797+0000] {dag.py:3508} INFO - Setting next_dagrun for example_dynamic_task_mapping to 2022-03-04T00:00:00+00:00, run_after=2022-03-05T00:00:00+00:00
[2024-11-01T18:40:03.824+0000] {processor.py:179} INFO - Processing /home/airflow/.local/lib/python3.7/site-packages/airflow/example_dags/example_dynamic_task_mapping.py took 0.117 seconds
[2024-11-01T18:40:34.181+0000] {processor.py:157} INFO - Started process (PID=2307) to work on /home/airflow/.local/lib/python3.7/site-packages/airflow/example_dags/example_dynamic_task_mapping.py
[2024-11-01T18:40:34.185+0000] {processor.py:826} INFO - Processing file /home/airflow/.local/lib/python3.7/site-packages/airflow/example_dags/example_dynamic_task_mapping.py for tasks to queue
[2024-11-01T18:40:34.186+0000] {logging_mixin.py:150} INFO - [2024-11-01T18:40:34.186+0000] {dagbag.py:541} INFO - Filling up the DagBag from /home/airflow/.local/lib/python3.7/site-packages/airflow/example_dags/example_dynamic_task_mapping.py
[2024-11-01T18:40:34.192+0000] {processor.py:836} INFO - DAG(s) dict_keys(['example_dynamic_task_mapping']) retrieved from /home/airflow/.local/lib/python3.7/site-packages/airflow/example_dags/example_dynamic_task_mapping.py
[2024-11-01T18:40:34.212+0000] {logging_mixin.py:150} INFO - [2024-11-01T18:40:34.212+0000] {dag.py:2742} INFO - Sync 1 DAGs
[2024-11-01T18:40:34.229+0000] {logging_mixin.py:150} INFO - [2024-11-01T18:40:34.229+0000] {dag.py:3508} INFO - Setting next_dagrun for example_dynamic_task_mapping to 2022-03-04T00:00:00+00:00, run_after=2022-03-05T00:00:00+00:00
[2024-11-01T18:40:34.444+0000] {processor.py:179} INFO - Processing /home/airflow/.local/lib/python3.7/site-packages/airflow/example_dags/example_dynamic_task_mapping.py took 0.266 seconds
[2024-11-01T18:41:04.841+0000] {processor.py:157} INFO - Started process (PID=2369) to work on /home/airflow/.local/lib/python3.7/site-packages/airflow/example_dags/example_dynamic_task_mapping.py
[2024-11-01T18:41:04.842+0000] {processor.py:826} INFO - Processing file /home/airflow/.local/lib/python3.7/site-packages/airflow/example_dags/example_dynamic_task_mapping.py for tasks to queue
[2024-11-01T18:41:04.842+0000] {logging_mixin.py:150} INFO - [2024-11-01T18:41:04.842+0000] {dagbag.py:541} INFO - Filling up the DagBag from /home/airflow/.local/lib/python3.7/site-packages/airflow/example_dags/example_dynamic_task_mapping.py
[2024-11-01T18:41:04.850+0000] {processor.py:836} INFO - DAG(s) dict_keys(['example_dynamic_task_mapping']) retrieved from /home/airflow/.local/lib/python3.7/site-packages/airflow/example_dags/example_dynamic_task_mapping.py
[2024-11-01T18:41:04.878+0000] {logging_mixin.py:150} INFO - [2024-11-01T18:41:04.878+0000] {dag.py:2742} INFO - Sync 1 DAGs
[2024-11-01T18:41:04.905+0000] {logging_mixin.py:150} INFO - [2024-11-01T18:41:04.905+0000] {dag.py:3508} INFO - Setting next_dagrun for example_dynamic_task_mapping to 2022-03-04T00:00:00+00:00, run_after=2022-03-05T00:00:00+00:00
[2024-11-01T18:41:04.919+0000] {processor.py:179} INFO - Processing /home/airflow/.local/lib/python3.7/site-packages/airflow/example_dags/example_dynamic_task_mapping.py took 0.081 seconds
[2024-11-01T18:41:34.971+0000] {processor.py:157} INFO - Started process (PID=2430) to work on /home/airflow/.local/lib/python3.7/site-packages/airflow/example_dags/example_dynamic_task_mapping.py
[2024-11-01T18:41:34.973+0000] {processor.py:826} INFO - Processing file /home/airflow/.local/lib/python3.7/site-packages/airflow/example_dags/example_dynamic_task_mapping.py for tasks to queue
[2024-11-01T18:41:34.974+0000] {logging_mixin.py:150} INFO - [2024-11-01T18:41:34.974+0000] {dagbag.py:541} INFO - Filling up the DagBag from /home/airflow/.local/lib/python3.7/site-packages/airflow/example_dags/example_dynamic_task_mapping.py
[2024-11-01T18:41:34.984+0000] {processor.py:836} INFO - DAG(s) dict_keys(['example_dynamic_task_mapping']) retrieved from /home/airflow/.local/lib/python3.7/site-packages/airflow/example_dags/example_dynamic_task_mapping.py
[2024-11-01T18:41:35.008+0000] {logging_mixin.py:150} INFO - [2024-11-01T18:41:35.008+0000] {dag.py:2742} INFO - Sync 1 DAGs
[2024-11-01T18:41:35.035+0000] {logging_mixin.py:150} INFO - [2024-11-01T18:41:35.035+0000] {dag.py:3508} INFO - Setting next_dagrun for example_dynamic_task_mapping to 2022-03-04T00:00:00+00:00, run_after=2022-03-05T00:00:00+00:00
[2024-11-01T18:41:35.046+0000] {processor.py:179} INFO - Processing /home/airflow/.local/lib/python3.7/site-packages/airflow/example_dags/example_dynamic_task_mapping.py took 0.085 seconds
[2024-11-01T18:42:07.206+0000] {processor.py:157} INFO - Started process (PID=2493) to work on /home/airflow/.local/lib/python3.7/site-packages/airflow/example_dags/example_dynamic_task_mapping.py
[2024-11-01T18:42:07.208+0000] {processor.py:826} INFO - Processing file /home/airflow/.local/lib/python3.7/site-packages/airflow/example_dags/example_dynamic_task_mapping.py for tasks to queue
[2024-11-01T18:42:07.209+0000] {logging_mixin.py:150} INFO - [2024-11-01T18:42:07.209+0000] {dagbag.py:541} INFO - Filling up the DagBag from /home/airflow/.local/lib/python3.7/site-packages/airflow/example_dags/example_dynamic_task_mapping.py
[2024-11-01T18:42:07.216+0000] {processor.py:836} INFO - DAG(s) dict_keys(['example_dynamic_task_mapping']) retrieved from /home/airflow/.local/lib/python3.7/site-packages/airflow/example_dags/example_dynamic_task_mapping.py
[2024-11-01T18:42:07.246+0000] {logging_mixin.py:150} INFO - [2024-11-01T18:42:07.246+0000] {dag.py:2742} INFO - Sync 1 DAGs
[2024-11-01T18:42:07.263+0000] {logging_mixin.py:150} INFO - [2024-11-01T18:42:07.262+0000] {dag.py:3508} INFO - Setting next_dagrun for example_dynamic_task_mapping to 2022-03-04T00:00:00+00:00, run_after=2022-03-05T00:00:00+00:00
[2024-11-01T18:42:07.286+0000] {processor.py:179} INFO - Processing /home/airflow/.local/lib/python3.7/site-packages/airflow/example_dags/example_dynamic_task_mapping.py took 0.089 seconds
[2024-11-01T18:42:37.586+0000] {processor.py:157} INFO - Started process (PID=2555) to work on /home/airflow/.local/lib/python3.7/site-packages/airflow/example_dags/example_dynamic_task_mapping.py
[2024-11-01T18:42:37.587+0000] {processor.py:826} INFO - Processing file /home/airflow/.local/lib/python3.7/site-packages/airflow/example_dags/example_dynamic_task_mapping.py for tasks to queue
[2024-11-01T18:42:37.588+0000] {logging_mixin.py:150} INFO - [2024-11-01T18:42:37.587+0000] {dagbag.py:541} INFO - Filling up the DagBag from /home/airflow/.local/lib/python3.7/site-packages/airflow/example_dags/example_dynamic_task_mapping.py
[2024-11-01T18:42:37.594+0000] {processor.py:836} INFO - DAG(s) dict_keys(['example_dynamic_task_mapping']) retrieved from /home/airflow/.local/lib/python3.7/site-packages/airflow/example_dags/example_dynamic_task_mapping.py
[2024-11-01T18:42:37.611+0000] {logging_mixin.py:150} INFO - [2024-11-01T18:42:37.611+0000] {dag.py:2742} INFO - Sync 1 DAGs
[2024-11-01T18:42:37.626+0000] {logging_mixin.py:150} INFO - [2024-11-01T18:42:37.626+0000] {dag.py:3508} INFO - Setting next_dagrun for example_dynamic_task_mapping to 2022-03-04T00:00:00+00:00, run_after=2022-03-05T00:00:00+00:00
[2024-11-01T18:42:37.967+0000] {processor.py:179} INFO - Processing /home/airflow/.local/lib/python3.7/site-packages/airflow/example_dags/example_dynamic_task_mapping.py took 0.384 seconds
[2024-11-01T18:43:10.995+0000] {processor.py:157} INFO - Started process (PID=2608) to work on /home/airflow/.local/lib/python3.7/site-packages/airflow/example_dags/example_dynamic_task_mapping.py
[2024-11-01T18:43:10.997+0000] {processor.py:826} INFO - Processing file /home/airflow/.local/lib/python3.7/site-packages/airflow/example_dags/example_dynamic_task_mapping.py for tasks to queue
[2024-11-01T18:43:10.999+0000] {logging_mixin.py:150} INFO - [2024-11-01T18:43:10.998+0000] {dagbag.py:541} INFO - Filling up the DagBag from /home/airflow/.local/lib/python3.7/site-packages/airflow/example_dags/example_dynamic_task_mapping.py
[2024-11-01T18:43:11.010+0000] {processor.py:836} INFO - DAG(s) dict_keys(['example_dynamic_task_mapping']) retrieved from /home/airflow/.local/lib/python3.7/site-packages/airflow/example_dags/example_dynamic_task_mapping.py
[2024-11-01T18:43:11.057+0000] {logging_mixin.py:150} INFO - [2024-11-01T18:43:11.057+0000] {dag.py:2742} INFO - Sync 1 DAGs
[2024-11-01T18:43:11.084+0000] {logging_mixin.py:150} INFO - [2024-11-01T18:43:11.084+0000] {dag.py:3508} INFO - Setting next_dagrun for example_dynamic_task_mapping to 2022-03-04T00:00:00+00:00, run_after=2022-03-05T00:00:00+00:00
[2024-11-01T18:43:11.103+0000] {processor.py:179} INFO - Processing /home/airflow/.local/lib/python3.7/site-packages/airflow/example_dags/example_dynamic_task_mapping.py took 0.114 seconds
[2024-11-01T18:43:41.805+0000] {processor.py:157} INFO - Started process (PID=2677) to work on /home/airflow/.local/lib/python3.7/site-packages/airflow/example_dags/example_dynamic_task_mapping.py
[2024-11-01T18:43:41.805+0000] {processor.py:826} INFO - Processing file /home/airflow/.local/lib/python3.7/site-packages/airflow/example_dags/example_dynamic_task_mapping.py for tasks to queue
[2024-11-01T18:43:41.806+0000] {logging_mixin.py:150} INFO - [2024-11-01T18:43:41.806+0000] {dagbag.py:541} INFO - Filling up the DagBag from /home/airflow/.local/lib/python3.7/site-packages/airflow/example_dags/example_dynamic_task_mapping.py
[2024-11-01T18:43:41.810+0000] {processor.py:836} INFO - DAG(s) dict_keys(['example_dynamic_task_mapping']) retrieved from /home/airflow/.local/lib/python3.7/site-packages/airflow/example_dags/example_dynamic_task_mapping.py
[2024-11-01T18:43:41.824+0000] {logging_mixin.py:150} INFO - [2024-11-01T18:43:41.823+0000] {dag.py:2742} INFO - Sync 1 DAGs
[2024-11-01T18:43:41.858+0000] {logging_mixin.py:150} INFO - [2024-11-01T18:43:41.855+0000] {dag.py:3508} INFO - Setting next_dagrun for example_dynamic_task_mapping to 2022-03-04T00:00:00+00:00, run_after=2022-03-05T00:00:00+00:00
[2024-11-01T18:43:41.872+0000] {processor.py:179} INFO - Processing /home/airflow/.local/lib/python3.7/site-packages/airflow/example_dags/example_dynamic_task_mapping.py took 0.070 seconds
[2024-11-01T18:44:11.995+0000] {processor.py:157} INFO - Started process (PID=2738) to work on /home/airflow/.local/lib/python3.7/site-packages/airflow/example_dags/example_dynamic_task_mapping.py
[2024-11-01T18:44:11.996+0000] {processor.py:826} INFO - Processing file /home/airflow/.local/lib/python3.7/site-packages/airflow/example_dags/example_dynamic_task_mapping.py for tasks to queue
[2024-11-01T18:44:11.997+0000] {logging_mixin.py:150} INFO - [2024-11-01T18:44:11.996+0000] {dagbag.py:541} INFO - Filling up the DagBag from /home/airflow/.local/lib/python3.7/site-packages/airflow/example_dags/example_dynamic_task_mapping.py
[2024-11-01T18:44:12.002+0000] {processor.py:836} INFO - DAG(s) dict_keys(['example_dynamic_task_mapping']) retrieved from /home/airflow/.local/lib/python3.7/site-packages/airflow/example_dags/example_dynamic_task_mapping.py
[2024-11-01T18:44:12.018+0000] {logging_mixin.py:150} INFO - [2024-11-01T18:44:12.018+0000] {dag.py:2742} INFO - Sync 1 DAGs
[2024-11-01T18:44:12.035+0000] {logging_mixin.py:150} INFO - [2024-11-01T18:44:12.034+0000] {dag.py:3508} INFO - Setting next_dagrun for example_dynamic_task_mapping to 2022-03-04T00:00:00+00:00, run_after=2022-03-05T00:00:00+00:00
[2024-11-01T18:44:12.047+0000] {processor.py:179} INFO - Processing /home/airflow/.local/lib/python3.7/site-packages/airflow/example_dags/example_dynamic_task_mapping.py took 0.055 seconds
[2024-11-01T18:44:42.254+0000] {processor.py:157} INFO - Started process (PID=2800) to work on /home/airflow/.local/lib/python3.7/site-packages/airflow/example_dags/example_dynamic_task_mapping.py
[2024-11-01T18:44:42.255+0000] {processor.py:826} INFO - Processing file /home/airflow/.local/lib/python3.7/site-packages/airflow/example_dags/example_dynamic_task_mapping.py for tasks to queue
[2024-11-01T18:44:42.256+0000] {logging_mixin.py:150} INFO - [2024-11-01T18:44:42.256+0000] {dagbag.py:541} INFO - Filling up the DagBag from /home/airflow/.local/lib/python3.7/site-packages/airflow/example_dags/example_dynamic_task_mapping.py
[2024-11-01T18:44:42.260+0000] {processor.py:836} INFO - DAG(s) dict_keys(['example_dynamic_task_mapping']) retrieved from /home/airflow/.local/lib/python3.7/site-packages/airflow/example_dags/example_dynamic_task_mapping.py
[2024-11-01T18:44:42.275+0000] {logging_mixin.py:150} INFO - [2024-11-01T18:44:42.275+0000] {dag.py:2742} INFO - Sync 1 DAGs
[2024-11-01T18:44:42.290+0000] {logging_mixin.py:150} INFO - [2024-11-01T18:44:42.290+0000] {dag.py:3508} INFO - Setting next_dagrun for example_dynamic_task_mapping to 2022-03-04T00:00:00+00:00, run_after=2022-03-05T00:00:00+00:00
[2024-11-01T18:44:42.304+0000] {processor.py:179} INFO - Processing /home/airflow/.local/lib/python3.7/site-packages/airflow/example_dags/example_dynamic_task_mapping.py took 0.051 seconds
[2024-11-01T18:45:12.678+0000] {processor.py:157} INFO - Started process (PID=2859) to work on /home/airflow/.local/lib/python3.7/site-packages/airflow/example_dags/example_dynamic_task_mapping.py
[2024-11-01T18:45:12.679+0000] {processor.py:826} INFO - Processing file /home/airflow/.local/lib/python3.7/site-packages/airflow/example_dags/example_dynamic_task_mapping.py for tasks to queue
[2024-11-01T18:45:12.679+0000] {logging_mixin.py:150} INFO - [2024-11-01T18:45:12.679+0000] {dagbag.py:541} INFO - Filling up the DagBag from /home/airflow/.local/lib/python3.7/site-packages/airflow/example_dags/example_dynamic_task_mapping.py
[2024-11-01T18:45:12.683+0000] {processor.py:836} INFO - DAG(s) dict_keys(['example_dynamic_task_mapping']) retrieved from /home/airflow/.local/lib/python3.7/site-packages/airflow/example_dags/example_dynamic_task_mapping.py
[2024-11-01T18:45:12.695+0000] {logging_mixin.py:150} INFO - [2024-11-01T18:45:12.695+0000] {dag.py:2742} INFO - Sync 1 DAGs
[2024-11-01T18:45:12.709+0000] {logging_mixin.py:150} INFO - [2024-11-01T18:45:12.709+0000] {dag.py:3508} INFO - Setting next_dagrun for example_dynamic_task_mapping to 2022-03-04T00:00:00+00:00, run_after=2022-03-05T00:00:00+00:00
[2024-11-01T18:45:12.722+0000] {processor.py:179} INFO - Processing /home/airflow/.local/lib/python3.7/site-packages/airflow/example_dags/example_dynamic_task_mapping.py took 0.046 seconds
[2024-11-01T18:45:43.439+0000] {processor.py:157} INFO - Started process (PID=2921) to work on /home/airflow/.local/lib/python3.7/site-packages/airflow/example_dags/example_dynamic_task_mapping.py
[2024-11-01T18:45:43.439+0000] {processor.py:826} INFO - Processing file /home/airflow/.local/lib/python3.7/site-packages/airflow/example_dags/example_dynamic_task_mapping.py for tasks to queue
[2024-11-01T18:45:43.440+0000] {logging_mixin.py:150} INFO - [2024-11-01T18:45:43.440+0000] {dagbag.py:541} INFO - Filling up the DagBag from /home/airflow/.local/lib/python3.7/site-packages/airflow/example_dags/example_dynamic_task_mapping.py
[2024-11-01T18:45:43.449+0000] {processor.py:836} INFO - DAG(s) dict_keys(['example_dynamic_task_mapping']) retrieved from /home/airflow/.local/lib/python3.7/site-packages/airflow/example_dags/example_dynamic_task_mapping.py
[2024-11-01T18:45:43.465+0000] {logging_mixin.py:150} INFO - [2024-11-01T18:45:43.464+0000] {dag.py:2742} INFO - Sync 1 DAGs
[2024-11-01T18:45:43.483+0000] {logging_mixin.py:150} INFO - [2024-11-01T18:45:43.483+0000] {dag.py:3508} INFO - Setting next_dagrun for example_dynamic_task_mapping to 2022-03-04T00:00:00+00:00, run_after=2022-03-05T00:00:00+00:00
[2024-11-01T18:45:43.498+0000] {processor.py:179} INFO - Processing /home/airflow/.local/lib/python3.7/site-packages/airflow/example_dags/example_dynamic_task_mapping.py took 0.063 seconds
[2024-11-01T18:46:14.118+0000] {processor.py:157} INFO - Started process (PID=2981) to work on /home/airflow/.local/lib/python3.7/site-packages/airflow/example_dags/example_dynamic_task_mapping.py
[2024-11-01T18:46:14.119+0000] {processor.py:826} INFO - Processing file /home/airflow/.local/lib/python3.7/site-packages/airflow/example_dags/example_dynamic_task_mapping.py for tasks to queue
[2024-11-01T18:46:14.119+0000] {logging_mixin.py:150} INFO - [2024-11-01T18:46:14.119+0000] {dagbag.py:541} INFO - Filling up the DagBag from /home/airflow/.local/lib/python3.7/site-packages/airflow/example_dags/example_dynamic_task_mapping.py
[2024-11-01T18:46:14.125+0000] {processor.py:836} INFO - DAG(s) dict_keys(['example_dynamic_task_mapping']) retrieved from /home/airflow/.local/lib/python3.7/site-packages/airflow/example_dags/example_dynamic_task_mapping.py
[2024-11-01T18:46:14.138+0000] {logging_mixin.py:150} INFO - [2024-11-01T18:46:14.137+0000] {dag.py:2742} INFO - Sync 1 DAGs
[2024-11-01T18:46:14.153+0000] {logging_mixin.py:150} INFO - [2024-11-01T18:46:14.153+0000] {dag.py:3508} INFO - Setting next_dagrun for example_dynamic_task_mapping to 2022-03-04T00:00:00+00:00, run_after=2022-03-05T00:00:00+00:00
[2024-11-01T18:46:14.163+0000] {processor.py:179} INFO - Processing /home/airflow/.local/lib/python3.7/site-packages/airflow/example_dags/example_dynamic_task_mapping.py took 0.047 seconds
[2024-11-01T18:46:45.374+0000] {processor.py:157} INFO - Started process (PID=3043) to work on /home/airflow/.local/lib/python3.7/site-packages/airflow/example_dags/example_dynamic_task_mapping.py
[2024-11-01T18:46:45.375+0000] {processor.py:826} INFO - Processing file /home/airflow/.local/lib/python3.7/site-packages/airflow/example_dags/example_dynamic_task_mapping.py for tasks to queue
[2024-11-01T18:46:45.376+0000] {logging_mixin.py:150} INFO - [2024-11-01T18:46:45.375+0000] {dagbag.py:541} INFO - Filling up the DagBag from /home/airflow/.local/lib/python3.7/site-packages/airflow/example_dags/example_dynamic_task_mapping.py
[2024-11-01T18:46:45.381+0000] {processor.py:836} INFO - DAG(s) dict_keys(['example_dynamic_task_mapping']) retrieved from /home/airflow/.local/lib/python3.7/site-packages/airflow/example_dags/example_dynamic_task_mapping.py
[2024-11-01T18:46:45.397+0000] {logging_mixin.py:150} INFO - [2024-11-01T18:46:45.397+0000] {dag.py:2742} INFO - Sync 1 DAGs
[2024-11-01T18:46:45.419+0000] {logging_mixin.py:150} INFO - [2024-11-01T18:46:45.419+0000] {dag.py:3508} INFO - Setting next_dagrun for example_dynamic_task_mapping to 2022-03-04T00:00:00+00:00, run_after=2022-03-05T00:00:00+00:00
[2024-11-01T18:46:45.449+0000] {processor.py:179} INFO - Processing /home/airflow/.local/lib/python3.7/site-packages/airflow/example_dags/example_dynamic_task_mapping.py took 0.077 seconds
[2024-11-01T18:47:15.493+0000] {processor.py:157} INFO - Started process (PID=3104) to work on /home/airflow/.local/lib/python3.7/site-packages/airflow/example_dags/example_dynamic_task_mapping.py
[2024-11-01T18:47:15.494+0000] {processor.py:826} INFO - Processing file /home/airflow/.local/lib/python3.7/site-packages/airflow/example_dags/example_dynamic_task_mapping.py for tasks to queue
[2024-11-01T18:47:15.495+0000] {logging_mixin.py:150} INFO - [2024-11-01T18:47:15.494+0000] {dagbag.py:541} INFO - Filling up the DagBag from /home/airflow/.local/lib/python3.7/site-packages/airflow/example_dags/example_dynamic_task_mapping.py
[2024-11-01T18:47:15.500+0000] {processor.py:836} INFO - DAG(s) dict_keys(['example_dynamic_task_mapping']) retrieved from /home/airflow/.local/lib/python3.7/site-packages/airflow/example_dags/example_dynamic_task_mapping.py
[2024-11-01T18:47:15.516+0000] {logging_mixin.py:150} INFO - [2024-11-01T18:47:15.515+0000] {dag.py:2742} INFO - Sync 1 DAGs
[2024-11-01T18:47:15.533+0000] {logging_mixin.py:150} INFO - [2024-11-01T18:47:15.533+0000] {dag.py:3508} INFO - Setting next_dagrun for example_dynamic_task_mapping to 2022-03-04T00:00:00+00:00, run_after=2022-03-05T00:00:00+00:00
[2024-11-01T18:47:15.541+0000] {processor.py:179} INFO - Processing /home/airflow/.local/lib/python3.7/site-packages/airflow/example_dags/example_dynamic_task_mapping.py took 0.051 seconds
[2024-11-01T18:47:46.783+0000] {processor.py:157} INFO - Started process (PID=3167) to work on /home/airflow/.local/lib/python3.7/site-packages/airflow/example_dags/example_dynamic_task_mapping.py
[2024-11-01T18:47:46.784+0000] {processor.py:826} INFO - Processing file /home/airflow/.local/lib/python3.7/site-packages/airflow/example_dags/example_dynamic_task_mapping.py for tasks to queue
[2024-11-01T18:47:46.785+0000] {logging_mixin.py:150} INFO - [2024-11-01T18:47:46.785+0000] {dagbag.py:541} INFO - Filling up the DagBag from /home/airflow/.local/lib/python3.7/site-packages/airflow/example_dags/example_dynamic_task_mapping.py
[2024-11-01T18:47:46.790+0000] {processor.py:836} INFO - DAG(s) dict_keys(['example_dynamic_task_mapping']) retrieved from /home/airflow/.local/lib/python3.7/site-packages/airflow/example_dags/example_dynamic_task_mapping.py
[2024-11-01T18:47:46.819+0000] {logging_mixin.py:150} INFO - [2024-11-01T18:47:46.819+0000] {dag.py:2742} INFO - Sync 1 DAGs
[2024-11-01T18:47:46.843+0000] {logging_mixin.py:150} INFO - [2024-11-01T18:47:46.843+0000] {dag.py:3508} INFO - Setting next_dagrun for example_dynamic_task_mapping to 2022-03-04T00:00:00+00:00, run_after=2022-03-05T00:00:00+00:00
[2024-11-01T18:47:46.862+0000] {processor.py:179} INFO - Processing /home/airflow/.local/lib/python3.7/site-packages/airflow/example_dags/example_dynamic_task_mapping.py took 0.082 seconds
[2024-11-01T18:48:17.225+0000] {processor.py:157} INFO - Started process (PID=3229) to work on /home/airflow/.local/lib/python3.7/site-packages/airflow/example_dags/example_dynamic_task_mapping.py
[2024-11-01T18:48:17.226+0000] {processor.py:826} INFO - Processing file /home/airflow/.local/lib/python3.7/site-packages/airflow/example_dags/example_dynamic_task_mapping.py for tasks to queue
[2024-11-01T18:48:17.228+0000] {logging_mixin.py:150} INFO - [2024-11-01T18:48:17.228+0000] {dagbag.py:541} INFO - Filling up the DagBag from /home/airflow/.local/lib/python3.7/site-packages/airflow/example_dags/example_dynamic_task_mapping.py
[2024-11-01T18:48:17.242+0000] {processor.py:836} INFO - DAG(s) dict_keys(['example_dynamic_task_mapping']) retrieved from /home/airflow/.local/lib/python3.7/site-packages/airflow/example_dags/example_dynamic_task_mapping.py
[2024-11-01T18:48:17.267+0000] {logging_mixin.py:150} INFO - [2024-11-01T18:48:17.267+0000] {dag.py:2742} INFO - Sync 1 DAGs
[2024-11-01T18:48:17.283+0000] {logging_mixin.py:150} INFO - [2024-11-01T18:48:17.283+0000] {dag.py:3508} INFO - Setting next_dagrun for example_dynamic_task_mapping to 2022-03-04T00:00:00+00:00, run_after=2022-03-05T00:00:00+00:00
[2024-11-01T18:48:17.294+0000] {processor.py:179} INFO - Processing /home/airflow/.local/lib/python3.7/site-packages/airflow/example_dags/example_dynamic_task_mapping.py took 0.072 seconds
[2024-11-01T18:48:48.349+0000] {processor.py:157} INFO - Started process (PID=3292) to work on /home/airflow/.local/lib/python3.7/site-packages/airflow/example_dags/example_dynamic_task_mapping.py
[2024-11-01T18:48:48.352+0000] {processor.py:826} INFO - Processing file /home/airflow/.local/lib/python3.7/site-packages/airflow/example_dags/example_dynamic_task_mapping.py for tasks to queue
[2024-11-01T18:48:48.355+0000] {logging_mixin.py:150} INFO - [2024-11-01T18:48:48.354+0000] {dagbag.py:541} INFO - Filling up the DagBag from /home/airflow/.local/lib/python3.7/site-packages/airflow/example_dags/example_dynamic_task_mapping.py
[2024-11-01T18:48:48.375+0000] {processor.py:836} INFO - DAG(s) dict_keys(['example_dynamic_task_mapping']) retrieved from /home/airflow/.local/lib/python3.7/site-packages/airflow/example_dags/example_dynamic_task_mapping.py
[2024-11-01T18:48:48.414+0000] {logging_mixin.py:150} INFO - [2024-11-01T18:48:48.414+0000] {dag.py:2742} INFO - Sync 1 DAGs
[2024-11-01T18:48:48.462+0000] {logging_mixin.py:150} INFO - [2024-11-01T18:48:48.461+0000] {dag.py:3508} INFO - Setting next_dagrun for example_dynamic_task_mapping to 2022-03-04T00:00:00+00:00, run_after=2022-03-05T00:00:00+00:00
[2024-11-01T18:48:48.475+0000] {processor.py:179} INFO - Processing /home/airflow/.local/lib/python3.7/site-packages/airflow/example_dags/example_dynamic_task_mapping.py took 0.128 seconds
[2024-11-01T18:49:20.167+0000] {processor.py:157} INFO - Started process (PID=3354) to work on /home/airflow/.local/lib/python3.7/site-packages/airflow/example_dags/example_dynamic_task_mapping.py
[2024-11-01T18:49:20.169+0000] {processor.py:826} INFO - Processing file /home/airflow/.local/lib/python3.7/site-packages/airflow/example_dags/example_dynamic_task_mapping.py for tasks to queue
[2024-11-01T18:49:20.170+0000] {logging_mixin.py:150} INFO - [2024-11-01T18:49:20.169+0000] {dagbag.py:541} INFO - Filling up the DagBag from /home/airflow/.local/lib/python3.7/site-packages/airflow/example_dags/example_dynamic_task_mapping.py
[2024-11-01T18:49:20.179+0000] {processor.py:836} INFO - DAG(s) dict_keys(['example_dynamic_task_mapping']) retrieved from /home/airflow/.local/lib/python3.7/site-packages/airflow/example_dags/example_dynamic_task_mapping.py
[2024-11-01T18:49:20.213+0000] {logging_mixin.py:150} INFO - [2024-11-01T18:49:20.213+0000] {dag.py:2742} INFO - Sync 1 DAGs
[2024-11-01T18:49:20.240+0000] {logging_mixin.py:150} INFO - [2024-11-01T18:49:20.240+0000] {dag.py:3508} INFO - Setting next_dagrun for example_dynamic_task_mapping to 2022-03-04T00:00:00+00:00, run_after=2022-03-05T00:00:00+00:00
[2024-11-01T18:49:20.254+0000] {processor.py:179} INFO - Processing /home/airflow/.local/lib/python3.7/site-packages/airflow/example_dags/example_dynamic_task_mapping.py took 0.095 seconds
[2024-11-01T18:49:50.814+0000] {processor.py:157} INFO - Started process (PID=3416) to work on /home/airflow/.local/lib/python3.7/site-packages/airflow/example_dags/example_dynamic_task_mapping.py
[2024-11-01T18:49:50.815+0000] {processor.py:826} INFO - Processing file /home/airflow/.local/lib/python3.7/site-packages/airflow/example_dags/example_dynamic_task_mapping.py for tasks to queue
[2024-11-01T18:49:50.816+0000] {logging_mixin.py:150} INFO - [2024-11-01T18:49:50.815+0000] {dagbag.py:541} INFO - Filling up the DagBag from /home/airflow/.local/lib/python3.7/site-packages/airflow/example_dags/example_dynamic_task_mapping.py
[2024-11-01T18:49:50.820+0000] {processor.py:836} INFO - DAG(s) dict_keys(['example_dynamic_task_mapping']) retrieved from /home/airflow/.local/lib/python3.7/site-packages/airflow/example_dags/example_dynamic_task_mapping.py
[2024-11-01T18:49:50.833+0000] {logging_mixin.py:150} INFO - [2024-11-01T18:49:50.833+0000] {dag.py:2742} INFO - Sync 1 DAGs
[2024-11-01T18:49:50.846+0000] {logging_mixin.py:150} INFO - [2024-11-01T18:49:50.846+0000] {dag.py:3508} INFO - Setting next_dagrun for example_dynamic_task_mapping to 2022-03-04T00:00:00+00:00, run_after=2022-03-05T00:00:00+00:00
[2024-11-01T18:49:50.858+0000] {processor.py:179} INFO - Processing /home/airflow/.local/lib/python3.7/site-packages/airflow/example_dags/example_dynamic_task_mapping.py took 0.046 seconds
[2024-11-01T18:50:21.470+0000] {processor.py:157} INFO - Started process (PID=3478) to work on /home/airflow/.local/lib/python3.7/site-packages/airflow/example_dags/example_dynamic_task_mapping.py
[2024-11-01T18:50:21.471+0000] {processor.py:826} INFO - Processing file /home/airflow/.local/lib/python3.7/site-packages/airflow/example_dags/example_dynamic_task_mapping.py for tasks to queue
[2024-11-01T18:50:21.472+0000] {logging_mixin.py:150} INFO - [2024-11-01T18:50:21.471+0000] {dagbag.py:541} INFO - Filling up the DagBag from /home/airflow/.local/lib/python3.7/site-packages/airflow/example_dags/example_dynamic_task_mapping.py
[2024-11-01T18:50:21.477+0000] {processor.py:836} INFO - DAG(s) dict_keys(['example_dynamic_task_mapping']) retrieved from /home/airflow/.local/lib/python3.7/site-packages/airflow/example_dags/example_dynamic_task_mapping.py
[2024-11-01T18:50:21.491+0000] {logging_mixin.py:150} INFO - [2024-11-01T18:50:21.491+0000] {dag.py:2742} INFO - Sync 1 DAGs
[2024-11-01T18:50:21.507+0000] {logging_mixin.py:150} INFO - [2024-11-01T18:50:21.507+0000] {dag.py:3508} INFO - Setting next_dagrun for example_dynamic_task_mapping to 2022-03-04T00:00:00+00:00, run_after=2022-03-05T00:00:00+00:00
[2024-11-01T18:50:21.527+0000] {processor.py:179} INFO - Processing /home/airflow/.local/lib/python3.7/site-packages/airflow/example_dags/example_dynamic_task_mapping.py took 0.059 seconds
[2024-11-01T18:50:52.290+0000] {processor.py:157} INFO - Started process (PID=3540) to work on /home/airflow/.local/lib/python3.7/site-packages/airflow/example_dags/example_dynamic_task_mapping.py
[2024-11-01T18:50:52.292+0000] {processor.py:826} INFO - Processing file /home/airflow/.local/lib/python3.7/site-packages/airflow/example_dags/example_dynamic_task_mapping.py for tasks to queue
[2024-11-01T18:50:52.294+0000] {logging_mixin.py:150} INFO - [2024-11-01T18:50:52.292+0000] {dagbag.py:541} INFO - Filling up the DagBag from /home/airflow/.local/lib/python3.7/site-packages/airflow/example_dags/example_dynamic_task_mapping.py
[2024-11-01T18:50:52.304+0000] {processor.py:836} INFO - DAG(s) dict_keys(['example_dynamic_task_mapping']) retrieved from /home/airflow/.local/lib/python3.7/site-packages/airflow/example_dags/example_dynamic_task_mapping.py
[2024-11-01T18:50:52.334+0000] {logging_mixin.py:150} INFO - [2024-11-01T18:50:52.333+0000] {dag.py:2742} INFO - Sync 1 DAGs
[2024-11-01T18:50:52.364+0000] {logging_mixin.py:150} INFO - [2024-11-01T18:50:52.364+0000] {dag.py:3508} INFO - Setting next_dagrun for example_dynamic_task_mapping to 2022-03-04T00:00:00+00:00, run_after=2022-03-05T00:00:00+00:00
[2024-11-01T18:50:52.376+0000] {processor.py:179} INFO - Processing /home/airflow/.local/lib/python3.7/site-packages/airflow/example_dags/example_dynamic_task_mapping.py took 0.089 seconds
[2024-11-01T18:51:23.618+0000] {processor.py:157} INFO - Started process (PID=3602) to work on /home/airflow/.local/lib/python3.7/site-packages/airflow/example_dags/example_dynamic_task_mapping.py
[2024-11-01T18:51:23.622+0000] {processor.py:826} INFO - Processing file /home/airflow/.local/lib/python3.7/site-packages/airflow/example_dags/example_dynamic_task_mapping.py for tasks to queue
[2024-11-01T18:51:23.623+0000] {logging_mixin.py:150} INFO - [2024-11-01T18:51:23.623+0000] {dagbag.py:541} INFO - Filling up the DagBag from /home/airflow/.local/lib/python3.7/site-packages/airflow/example_dags/example_dynamic_task_mapping.py
[2024-11-01T18:51:23.632+0000] {processor.py:836} INFO - DAG(s) dict_keys(['example_dynamic_task_mapping']) retrieved from /home/airflow/.local/lib/python3.7/site-packages/airflow/example_dags/example_dynamic_task_mapping.py
[2024-11-01T18:51:23.685+0000] {logging_mixin.py:150} INFO - [2024-11-01T18:51:23.685+0000] {dag.py:2742} INFO - Sync 1 DAGs
[2024-11-01T18:51:23.723+0000] {logging_mixin.py:150} INFO - [2024-11-01T18:51:23.723+0000] {dag.py:3508} INFO - Setting next_dagrun for example_dynamic_task_mapping to 2022-03-04T00:00:00+00:00, run_after=2022-03-05T00:00:00+00:00
[2024-11-01T18:51:23.769+0000] {processor.py:179} INFO - Processing /home/airflow/.local/lib/python3.7/site-packages/airflow/example_dags/example_dynamic_task_mapping.py took 0.159 seconds
[2024-11-01T18:51:54.636+0000] {processor.py:157} INFO - Started process (PID=3664) to work on /home/airflow/.local/lib/python3.7/site-packages/airflow/example_dags/example_dynamic_task_mapping.py
[2024-11-01T18:51:54.638+0000] {processor.py:826} INFO - Processing file /home/airflow/.local/lib/python3.7/site-packages/airflow/example_dags/example_dynamic_task_mapping.py for tasks to queue
[2024-11-01T18:51:54.639+0000] {logging_mixin.py:150} INFO - [2024-11-01T18:51:54.639+0000] {dagbag.py:541} INFO - Filling up the DagBag from /home/airflow/.local/lib/python3.7/site-packages/airflow/example_dags/example_dynamic_task_mapping.py
[2024-11-01T18:51:54.650+0000] {processor.py:836} INFO - DAG(s) dict_keys(['example_dynamic_task_mapping']) retrieved from /home/airflow/.local/lib/python3.7/site-packages/airflow/example_dags/example_dynamic_task_mapping.py
[2024-11-01T18:51:54.678+0000] {logging_mixin.py:150} INFO - [2024-11-01T18:51:54.678+0000] {dag.py:2742} INFO - Sync 1 DAGs
[2024-11-01T18:51:54.703+0000] {logging_mixin.py:150} INFO - [2024-11-01T18:51:54.703+0000] {dag.py:3508} INFO - Setting next_dagrun for example_dynamic_task_mapping to 2022-03-04T00:00:00+00:00, run_after=2022-03-05T00:00:00+00:00
[2024-11-01T18:51:54.716+0000] {processor.py:179} INFO - Processing /home/airflow/.local/lib/python3.7/site-packages/airflow/example_dags/example_dynamic_task_mapping.py took 0.084 seconds
[2024-11-01T18:52:24.831+0000] {processor.py:157} INFO - Started process (PID=3726) to work on /home/airflow/.local/lib/python3.7/site-packages/airflow/example_dags/example_dynamic_task_mapping.py
[2024-11-01T18:52:24.835+0000] {processor.py:826} INFO - Processing file /home/airflow/.local/lib/python3.7/site-packages/airflow/example_dags/example_dynamic_task_mapping.py for tasks to queue
[2024-11-01T18:52:24.837+0000] {logging_mixin.py:150} INFO - [2024-11-01T18:52:24.837+0000] {dagbag.py:541} INFO - Filling up the DagBag from /home/airflow/.local/lib/python3.7/site-packages/airflow/example_dags/example_dynamic_task_mapping.py
[2024-11-01T18:52:24.847+0000] {processor.py:836} INFO - DAG(s) dict_keys(['example_dynamic_task_mapping']) retrieved from /home/airflow/.local/lib/python3.7/site-packages/airflow/example_dags/example_dynamic_task_mapping.py
[2024-11-01T18:52:24.871+0000] {logging_mixin.py:150} INFO - [2024-11-01T18:52:24.871+0000] {dag.py:2742} INFO - Sync 1 DAGs
[2024-11-01T18:52:24.886+0000] {logging_mixin.py:150} INFO - [2024-11-01T18:52:24.886+0000] {dag.py:3508} INFO - Setting next_dagrun for example_dynamic_task_mapping to 2022-03-04T00:00:00+00:00, run_after=2022-03-05T00:00:00+00:00
[2024-11-01T18:52:24.897+0000] {processor.py:179} INFO - Processing /home/airflow/.local/lib/python3.7/site-packages/airflow/example_dags/example_dynamic_task_mapping.py took 0.068 seconds
