[2024-11-01T18:12:07.590+0000] {processor.py:157} INFO - Started process (PID=83) to work on /home/airflow/.local/lib/python3.7/site-packages/airflow/example_dags/example_xcomargs.py
[2024-11-01T18:12:07.596+0000] {processor.py:826} INFO - Processing file /home/airflow/.local/lib/python3.7/site-packages/airflow/example_dags/example_xcomargs.py for tasks to queue
[2024-11-01T18:12:07.596+0000] {logging_mixin.py:150} INFO - [2024-11-01T18:12:07.596+0000] {dagbag.py:541} INFO - Filling up the DagBag from /home/airflow/.local/lib/python3.7/site-packages/airflow/example_dags/example_xcomargs.py
[2024-11-01T18:12:07.602+0000] {processor.py:836} INFO - DAG(s) dict_keys(['example_xcom_args_with_operators', 'example_xcom_args']) retrieved from /home/airflow/.local/lib/python3.7/site-packages/airflow/example_dags/example_xcomargs.py
[2024-11-01T18:12:07.654+0000] {logging_mixin.py:150} INFO - [2024-11-01T18:12:07.654+0000] {dag.py:2742} INFO - Sync 2 DAGs
[2024-11-01T18:12:07.716+0000] {logging_mixin.py:150} INFO - [2024-11-01T18:12:07.716+0000] {dag.py:3508} INFO - Setting next_dagrun for example_xcom_args to None, run_after=None
[2024-11-01T18:12:07.719+0000] {logging_mixin.py:150} INFO - [2024-11-01T18:12:07.719+0000] {dag.py:3508} INFO - Setting next_dagrun for example_xcom_args_with_operators to None, run_after=None
[2024-11-01T18:12:07.743+0000] {processor.py:179} INFO - Processing /home/airflow/.local/lib/python3.7/site-packages/airflow/example_dags/example_xcomargs.py took 0.213 seconds
[2024-11-01T18:12:58.241+0000] {processor.py:157} INFO - Started process (PID=145) to work on /home/airflow/.local/lib/python3.7/site-packages/airflow/example_dags/example_xcomargs.py
[2024-11-01T18:12:58.242+0000] {processor.py:826} INFO - Processing file /home/airflow/.local/lib/python3.7/site-packages/airflow/example_dags/example_xcomargs.py for tasks to queue
[2024-11-01T18:12:58.243+0000] {logging_mixin.py:150} INFO - [2024-11-01T18:12:58.243+0000] {dagbag.py:541} INFO - Filling up the DagBag from /home/airflow/.local/lib/python3.7/site-packages/airflow/example_dags/example_xcomargs.py
[2024-11-01T18:12:58.250+0000] {processor.py:836} INFO - DAG(s) dict_keys(['example_xcom_args', 'example_xcom_args_with_operators']) retrieved from /home/airflow/.local/lib/python3.7/site-packages/airflow/example_dags/example_xcomargs.py
[2024-11-01T18:12:58.269+0000] {logging_mixin.py:150} INFO - [2024-11-01T18:12:58.269+0000] {dag.py:2742} INFO - Sync 2 DAGs
[2024-11-01T18:12:58.296+0000] {logging_mixin.py:150} INFO - [2024-11-01T18:12:58.296+0000] {dag.py:3508} INFO - Setting next_dagrun for example_xcom_args to None, run_after=None
[2024-11-01T18:12:58.299+0000] {logging_mixin.py:150} INFO - [2024-11-01T18:12:58.299+0000] {dag.py:3508} INFO - Setting next_dagrun for example_xcom_args_with_operators to None, run_after=None
[2024-11-01T18:12:58.308+0000] {processor.py:179} INFO - Processing /home/airflow/.local/lib/python3.7/site-packages/airflow/example_dags/example_xcomargs.py took 0.070 seconds
[2024-11-01T18:14:09.025+0000] {processor.py:157} INFO - Started process (PID=226) to work on /home/airflow/.local/lib/python3.7/site-packages/airflow/example_dags/example_xcomargs.py
[2024-11-01T18:14:09.031+0000] {processor.py:826} INFO - Processing file /home/airflow/.local/lib/python3.7/site-packages/airflow/example_dags/example_xcomargs.py for tasks to queue
[2024-11-01T18:14:09.110+0000] {logging_mixin.py:150} INFO - [2024-11-01T18:14:09.064+0000] {dagbag.py:541} INFO - Filling up the DagBag from /home/airflow/.local/lib/python3.7/site-packages/airflow/example_dags/example_xcomargs.py
[2024-11-01T18:14:09.541+0000] {processor.py:836} INFO - DAG(s) dict_keys(['example_xcom_args_with_operators', 'example_xcom_args']) retrieved from /home/airflow/.local/lib/python3.7/site-packages/airflow/example_dags/example_xcomargs.py
[2024-11-01T18:14:13.142+0000] {logging_mixin.py:150} INFO - [2024-11-01T18:14:13.140+0000] {dag.py:2742} INFO - Sync 2 DAGs
[2024-11-01T18:14:14.019+0000] {logging_mixin.py:150} INFO - [2024-11-01T18:14:14.018+0000] {dag.py:3508} INFO - Setting next_dagrun for example_xcom_args to None, run_after=None
[2024-11-01T18:14:14.142+0000] {logging_mixin.py:150} INFO - [2024-11-01T18:14:14.142+0000] {dag.py:3508} INFO - Setting next_dagrun for example_xcom_args_with_operators to None, run_after=None
[2024-11-01T18:14:14.484+0000] {processor.py:179} INFO - Processing /home/airflow/.local/lib/python3.7/site-packages/airflow/example_dags/example_xcomargs.py took 5.463 seconds
[2024-11-01T18:17:39.965+0000] {processor.py:157} INFO - Started process (PID=350) to work on /home/airflow/.local/lib/python3.7/site-packages/airflow/example_dags/example_xcomargs.py
[2024-11-01T18:17:39.979+0000] {processor.py:826} INFO - Processing file /home/airflow/.local/lib/python3.7/site-packages/airflow/example_dags/example_xcomargs.py for tasks to queue
[2024-11-01T18:17:39.983+0000] {logging_mixin.py:150} INFO - [2024-11-01T18:17:39.982+0000] {dagbag.py:541} INFO - Filling up the DagBag from /home/airflow/.local/lib/python3.7/site-packages/airflow/example_dags/example_xcomargs.py
[2024-11-01T18:17:40.052+0000] {processor.py:836} INFO - DAG(s) dict_keys(['example_xcom_args', 'example_xcom_args_with_operators']) retrieved from /home/airflow/.local/lib/python3.7/site-packages/airflow/example_dags/example_xcomargs.py
[2024-11-01T18:17:40.249+0000] {logging_mixin.py:150} INFO - [2024-11-01T18:17:40.248+0000] {dag.py:2742} INFO - Sync 2 DAGs
[2024-11-01T18:17:40.349+0000] {logging_mixin.py:150} INFO - [2024-11-01T18:17:40.348+0000] {dag.py:3508} INFO - Setting next_dagrun for example_xcom_args to None, run_after=None
[2024-11-01T18:17:40.361+0000] {logging_mixin.py:150} INFO - [2024-11-01T18:17:40.361+0000] {dag.py:3508} INFO - Setting next_dagrun for example_xcom_args_with_operators to None, run_after=None
[2024-11-01T18:17:40.893+0000] {processor.py:179} INFO - Processing /home/airflow/.local/lib/python3.7/site-packages/airflow/example_dags/example_xcomargs.py took 0.939 seconds
[2024-11-01T18:18:49.488+0000] {processor.py:157} INFO - Started process (PID=449) to work on /home/airflow/.local/lib/python3.7/site-packages/airflow/example_dags/example_xcomargs.py
[2024-11-01T18:18:49.507+0000] {processor.py:826} INFO - Processing file /home/airflow/.local/lib/python3.7/site-packages/airflow/example_dags/example_xcomargs.py for tasks to queue
[2024-11-01T18:18:49.510+0000] {logging_mixin.py:150} INFO - [2024-11-01T18:18:49.510+0000] {dagbag.py:541} INFO - Filling up the DagBag from /home/airflow/.local/lib/python3.7/site-packages/airflow/example_dags/example_xcomargs.py
[2024-11-01T18:18:49.754+0000] {processor.py:836} INFO - DAG(s) dict_keys(['example_xcom_args', 'example_xcom_args_with_operators']) retrieved from /home/airflow/.local/lib/python3.7/site-packages/airflow/example_dags/example_xcomargs.py
[2024-11-01T18:18:50.613+0000] {logging_mixin.py:150} INFO - [2024-11-01T18:18:50.611+0000] {dag.py:2742} INFO - Sync 2 DAGs
[2024-11-01T18:18:51.203+0000] {logging_mixin.py:150} INFO - [2024-11-01T18:18:51.202+0000] {dag.py:3508} INFO - Setting next_dagrun for example_xcom_args to None, run_after=None
[2024-11-01T18:18:51.384+0000] {logging_mixin.py:150} INFO - [2024-11-01T18:18:51.384+0000] {dag.py:3508} INFO - Setting next_dagrun for example_xcom_args_with_operators to None, run_after=None
[2024-11-01T18:18:51.737+0000] {processor.py:179} INFO - Processing /home/airflow/.local/lib/python3.7/site-packages/airflow/example_dags/example_xcomargs.py took 2.254 seconds
[2024-11-01T18:19:25.532+0000] {processor.py:157} INFO - Started process (PID=510) to work on /home/airflow/.local/lib/python3.7/site-packages/airflow/example_dags/example_xcomargs.py
[2024-11-01T18:19:25.541+0000] {processor.py:826} INFO - Processing file /home/airflow/.local/lib/python3.7/site-packages/airflow/example_dags/example_xcomargs.py for tasks to queue
[2024-11-01T18:19:25.544+0000] {logging_mixin.py:150} INFO - [2024-11-01T18:19:25.544+0000] {dagbag.py:541} INFO - Filling up the DagBag from /home/airflow/.local/lib/python3.7/site-packages/airflow/example_dags/example_xcomargs.py
[2024-11-01T18:19:25.575+0000] {processor.py:836} INFO - DAG(s) dict_keys(['example_xcom_args_with_operators', 'example_xcom_args']) retrieved from /home/airflow/.local/lib/python3.7/site-packages/airflow/example_dags/example_xcomargs.py
[2024-11-01T18:19:25.691+0000] {logging_mixin.py:150} INFO - [2024-11-01T18:19:25.691+0000] {dag.py:2742} INFO - Sync 2 DAGs
[2024-11-01T18:19:25.773+0000] {logging_mixin.py:150} INFO - [2024-11-01T18:19:25.773+0000] {dag.py:3508} INFO - Setting next_dagrun for example_xcom_args to None, run_after=None
[2024-11-01T18:19:25.782+0000] {logging_mixin.py:150} INFO - [2024-11-01T18:19:25.782+0000] {dag.py:3508} INFO - Setting next_dagrun for example_xcom_args_with_operators to None, run_after=None
[2024-11-01T18:19:25.878+0000] {processor.py:179} INFO - Processing /home/airflow/.local/lib/python3.7/site-packages/airflow/example_dags/example_xcomargs.py took 0.351 seconds
[2024-11-01T18:20:24.499+0000] {processor.py:157} INFO - Started process (PID=607) to work on /home/airflow/.local/lib/python3.7/site-packages/airflow/example_dags/example_xcomargs.py
[2024-11-01T18:20:24.536+0000] {processor.py:826} INFO - Processing file /home/airflow/.local/lib/python3.7/site-packages/airflow/example_dags/example_xcomargs.py for tasks to queue
[2024-11-01T18:20:24.543+0000] {logging_mixin.py:150} INFO - [2024-11-01T18:20:24.542+0000] {dagbag.py:541} INFO - Filling up the DagBag from /home/airflow/.local/lib/python3.7/site-packages/airflow/example_dags/example_xcomargs.py
[2024-11-01T18:20:24.630+0000] {processor.py:836} INFO - DAG(s) dict_keys(['example_xcom_args_with_operators', 'example_xcom_args']) retrieved from /home/airflow/.local/lib/python3.7/site-packages/airflow/example_dags/example_xcomargs.py
[2024-11-01T18:20:24.761+0000] {logging_mixin.py:150} INFO - [2024-11-01T18:20:24.760+0000] {dag.py:2742} INFO - Sync 2 DAGs
[2024-11-01T18:20:24.831+0000] {logging_mixin.py:150} INFO - [2024-11-01T18:20:24.831+0000] {dag.py:3508} INFO - Setting next_dagrun for example_xcom_args to None, run_after=None
[2024-11-01T18:20:24.837+0000] {logging_mixin.py:150} INFO - [2024-11-01T18:20:24.837+0000] {dag.py:3508} INFO - Setting next_dagrun for example_xcom_args_with_operators to None, run_after=None
[2024-11-01T18:20:24.883+0000] {processor.py:179} INFO - Processing /home/airflow/.local/lib/python3.7/site-packages/airflow/example_dags/example_xcomargs.py took 0.558 seconds
[2024-11-01T18:23:56.398+0000] {processor.py:157} INFO - Started process (PID=742) to work on /home/airflow/.local/lib/python3.7/site-packages/airflow/example_dags/example_xcomargs.py
[2024-11-01T18:23:56.404+0000] {processor.py:826} INFO - Processing file /home/airflow/.local/lib/python3.7/site-packages/airflow/example_dags/example_xcomargs.py for tasks to queue
[2024-11-01T18:23:56.406+0000] {logging_mixin.py:150} INFO - [2024-11-01T18:23:56.405+0000] {dagbag.py:541} INFO - Filling up the DagBag from /home/airflow/.local/lib/python3.7/site-packages/airflow/example_dags/example_xcomargs.py
[2024-11-01T18:23:56.447+0000] {processor.py:836} INFO - DAG(s) dict_keys(['example_xcom_args', 'example_xcom_args_with_operators']) retrieved from /home/airflow/.local/lib/python3.7/site-packages/airflow/example_dags/example_xcomargs.py
[2024-11-01T18:23:56.958+0000] {logging_mixin.py:150} INFO - [2024-11-01T18:23:56.958+0000] {dag.py:2742} INFO - Sync 2 DAGs
[2024-11-01T18:23:57.409+0000] {logging_mixin.py:150} INFO - [2024-11-01T18:23:57.408+0000] {dag.py:3508} INFO - Setting next_dagrun for example_xcom_args to None, run_after=None
[2024-11-01T18:23:57.430+0000] {logging_mixin.py:150} INFO - [2024-11-01T18:23:57.430+0000] {dag.py:3508} INFO - Setting next_dagrun for example_xcom_args_with_operators to None, run_after=None
[2024-11-01T18:23:57.959+0000] {processor.py:179} INFO - Processing /home/airflow/.local/lib/python3.7/site-packages/airflow/example_dags/example_xcomargs.py took 1.689 seconds
[2024-11-01T18:24:48.519+0000] {processor.py:157} INFO - Started process (PID=808) to work on /home/airflow/.local/lib/python3.7/site-packages/airflow/example_dags/example_xcomargs.py
[2024-11-01T18:24:48.529+0000] {processor.py:826} INFO - Processing file /home/airflow/.local/lib/python3.7/site-packages/airflow/example_dags/example_xcomargs.py for tasks to queue
[2024-11-01T18:24:48.539+0000] {logging_mixin.py:150} INFO - [2024-11-01T18:24:48.535+0000] {dagbag.py:541} INFO - Filling up the DagBag from /home/airflow/.local/lib/python3.7/site-packages/airflow/example_dags/example_xcomargs.py
[2024-11-01T18:24:48.680+0000] {processor.py:836} INFO - DAG(s) dict_keys(['example_xcom_args_with_operators', 'example_xcom_args']) retrieved from /home/airflow/.local/lib/python3.7/site-packages/airflow/example_dags/example_xcomargs.py
[2024-11-01T18:24:49.019+0000] {logging_mixin.py:150} INFO - [2024-11-01T18:24:49.018+0000] {dag.py:2742} INFO - Sync 2 DAGs
[2024-11-01T18:24:49.537+0000] {logging_mixin.py:150} INFO - [2024-11-01T18:24:49.536+0000] {dag.py:3508} INFO - Setting next_dagrun for example_xcom_args to None, run_after=None
[2024-11-01T18:24:49.564+0000] {logging_mixin.py:150} INFO - [2024-11-01T18:24:49.563+0000] {dag.py:3508} INFO - Setting next_dagrun for example_xcom_args_with_operators to None, run_after=None
[2024-11-01T18:24:50.131+0000] {processor.py:179} INFO - Processing /home/airflow/.local/lib/python3.7/site-packages/airflow/example_dags/example_xcomargs.py took 1.666 seconds
[2024-11-01T18:25:50.148+0000] {processor.py:157} INFO - Started process (PID=870) to work on /home/airflow/.local/lib/python3.7/site-packages/airflow/example_dags/example_xcomargs.py
[2024-11-01T18:25:50.155+0000] {processor.py:826} INFO - Processing file /home/airflow/.local/lib/python3.7/site-packages/airflow/example_dags/example_xcomargs.py for tasks to queue
[2024-11-01T18:25:50.158+0000] {logging_mixin.py:150} INFO - [2024-11-01T18:25:50.156+0000] {dagbag.py:541} INFO - Filling up the DagBag from /home/airflow/.local/lib/python3.7/site-packages/airflow/example_dags/example_xcomargs.py
[2024-11-01T18:25:50.271+0000] {processor.py:836} INFO - DAG(s) dict_keys(['example_xcom_args_with_operators', 'example_xcom_args']) retrieved from /home/airflow/.local/lib/python3.7/site-packages/airflow/example_dags/example_xcomargs.py
[2024-11-01T18:25:50.546+0000] {logging_mixin.py:150} INFO - [2024-11-01T18:25:50.546+0000] {dag.py:2742} INFO - Sync 2 DAGs
[2024-11-01T18:25:50.574+0000] {logging_mixin.py:150} INFO - [2024-11-01T18:25:50.573+0000] {dag.py:3508} INFO - Setting next_dagrun for example_xcom_args to None, run_after=None
[2024-11-01T18:25:50.577+0000] {logging_mixin.py:150} INFO - [2024-11-01T18:25:50.577+0000] {dag.py:3508} INFO - Setting next_dagrun for example_xcom_args_with_operators to None, run_after=None
[2024-11-01T18:25:50.628+0000] {processor.py:179} INFO - Processing /home/airflow/.local/lib/python3.7/site-packages/airflow/example_dags/example_xcomargs.py took 0.495 seconds
[2024-11-01T18:26:21.221+0000] {processor.py:157} INFO - Started process (PID=932) to work on /home/airflow/.local/lib/python3.7/site-packages/airflow/example_dags/example_xcomargs.py
[2024-11-01T18:26:21.222+0000] {processor.py:826} INFO - Processing file /home/airflow/.local/lib/python3.7/site-packages/airflow/example_dags/example_xcomargs.py for tasks to queue
[2024-11-01T18:26:21.222+0000] {logging_mixin.py:150} INFO - [2024-11-01T18:26:21.222+0000] {dagbag.py:541} INFO - Filling up the DagBag from /home/airflow/.local/lib/python3.7/site-packages/airflow/example_dags/example_xcomargs.py
[2024-11-01T18:26:21.231+0000] {processor.py:836} INFO - DAG(s) dict_keys(['example_xcom_args', 'example_xcom_args_with_operators']) retrieved from /home/airflow/.local/lib/python3.7/site-packages/airflow/example_dags/example_xcomargs.py
[2024-11-01T18:26:21.263+0000] {logging_mixin.py:150} INFO - [2024-11-01T18:26:21.263+0000] {dag.py:2742} INFO - Sync 2 DAGs
[2024-11-01T18:26:21.280+0000] {logging_mixin.py:150} INFO - [2024-11-01T18:26:21.280+0000] {dag.py:3508} INFO - Setting next_dagrun for example_xcom_args to None, run_after=None
[2024-11-01T18:26:21.283+0000] {logging_mixin.py:150} INFO - [2024-11-01T18:26:21.283+0000] {dag.py:3508} INFO - Setting next_dagrun for example_xcom_args_with_operators to None, run_after=None
[2024-11-01T18:26:21.291+0000] {processor.py:179} INFO - Processing /home/airflow/.local/lib/python3.7/site-packages/airflow/example_dags/example_xcomargs.py took 0.073 seconds
[2024-11-01T18:26:52.006+0000] {processor.py:157} INFO - Started process (PID=994) to work on /home/airflow/.local/lib/python3.7/site-packages/airflow/example_dags/example_xcomargs.py
[2024-11-01T18:26:52.006+0000] {processor.py:826} INFO - Processing file /home/airflow/.local/lib/python3.7/site-packages/airflow/example_dags/example_xcomargs.py for tasks to queue
[2024-11-01T18:26:52.007+0000] {logging_mixin.py:150} INFO - [2024-11-01T18:26:52.006+0000] {dagbag.py:541} INFO - Filling up the DagBag from /home/airflow/.local/lib/python3.7/site-packages/airflow/example_dags/example_xcomargs.py
[2024-11-01T18:26:52.011+0000] {processor.py:836} INFO - DAG(s) dict_keys(['example_xcom_args_with_operators', 'example_xcom_args']) retrieved from /home/airflow/.local/lib/python3.7/site-packages/airflow/example_dags/example_xcomargs.py
[2024-11-01T18:26:52.023+0000] {logging_mixin.py:150} INFO - [2024-11-01T18:26:52.023+0000] {dag.py:2742} INFO - Sync 2 DAGs
[2024-11-01T18:26:52.034+0000] {logging_mixin.py:150} INFO - [2024-11-01T18:26:52.034+0000] {dag.py:3508} INFO - Setting next_dagrun for example_xcom_args to None, run_after=None
[2024-11-01T18:26:52.035+0000] {logging_mixin.py:150} INFO - [2024-11-01T18:26:52.035+0000] {dag.py:3508} INFO - Setting next_dagrun for example_xcom_args_with_operators to None, run_after=None
[2024-11-01T18:26:52.042+0000] {processor.py:179} INFO - Processing /home/airflow/.local/lib/python3.7/site-packages/airflow/example_dags/example_xcomargs.py took 0.038 seconds
[2024-11-01T18:27:23.106+0000] {processor.py:157} INFO - Started process (PID=1056) to work on /home/airflow/.local/lib/python3.7/site-packages/airflow/example_dags/example_xcomargs.py
[2024-11-01T18:27:23.108+0000] {processor.py:826} INFO - Processing file /home/airflow/.local/lib/python3.7/site-packages/airflow/example_dags/example_xcomargs.py for tasks to queue
[2024-11-01T18:27:23.109+0000] {logging_mixin.py:150} INFO - [2024-11-01T18:27:23.109+0000] {dagbag.py:541} INFO - Filling up the DagBag from /home/airflow/.local/lib/python3.7/site-packages/airflow/example_dags/example_xcomargs.py
[2024-11-01T18:27:23.117+0000] {processor.py:836} INFO - DAG(s) dict_keys(['example_xcom_args_with_operators', 'example_xcom_args']) retrieved from /home/airflow/.local/lib/python3.7/site-packages/airflow/example_dags/example_xcomargs.py
[2024-11-01T18:27:23.138+0000] {logging_mixin.py:150} INFO - [2024-11-01T18:27:23.138+0000] {dag.py:2742} INFO - Sync 2 DAGs
[2024-11-01T18:27:23.153+0000] {logging_mixin.py:150} INFO - [2024-11-01T18:27:23.153+0000] {dag.py:3508} INFO - Setting next_dagrun for example_xcom_args to None, run_after=None
[2024-11-01T18:27:23.155+0000] {logging_mixin.py:150} INFO - [2024-11-01T18:27:23.155+0000] {dag.py:3508} INFO - Setting next_dagrun for example_xcom_args_with_operators to None, run_after=None
[2024-11-01T18:27:23.163+0000] {processor.py:179} INFO - Processing /home/airflow/.local/lib/python3.7/site-packages/airflow/example_dags/example_xcomargs.py took 0.069 seconds
[2024-11-01T18:27:53.413+0000] {processor.py:157} INFO - Started process (PID=1118) to work on /home/airflow/.local/lib/python3.7/site-packages/airflow/example_dags/example_xcomargs.py
[2024-11-01T18:27:53.416+0000] {processor.py:826} INFO - Processing file /home/airflow/.local/lib/python3.7/site-packages/airflow/example_dags/example_xcomargs.py for tasks to queue
[2024-11-01T18:27:53.418+0000] {logging_mixin.py:150} INFO - [2024-11-01T18:27:53.417+0000] {dagbag.py:541} INFO - Filling up the DagBag from /home/airflow/.local/lib/python3.7/site-packages/airflow/example_dags/example_xcomargs.py
[2024-11-01T18:27:53.425+0000] {processor.py:836} INFO - DAG(s) dict_keys(['example_xcom_args', 'example_xcom_args_with_operators']) retrieved from /home/airflow/.local/lib/python3.7/site-packages/airflow/example_dags/example_xcomargs.py
[2024-11-01T18:27:53.448+0000] {logging_mixin.py:150} INFO - [2024-11-01T18:27:53.448+0000] {dag.py:2742} INFO - Sync 2 DAGs
[2024-11-01T18:27:53.474+0000] {logging_mixin.py:150} INFO - [2024-11-01T18:27:53.474+0000] {dag.py:3508} INFO - Setting next_dagrun for example_xcom_args to None, run_after=None
[2024-11-01T18:27:53.477+0000] {logging_mixin.py:150} INFO - [2024-11-01T18:27:53.477+0000] {dag.py:3508} INFO - Setting next_dagrun for example_xcom_args_with_operators to None, run_after=None
[2024-11-01T18:27:53.499+0000] {processor.py:179} INFO - Processing /home/airflow/.local/lib/python3.7/site-packages/airflow/example_dags/example_xcomargs.py took 0.093 seconds
[2024-11-01T18:30:54.783+0000] {processor.py:157} INFO - Started process (PID=1156) to work on /home/airflow/.local/lib/python3.7/site-packages/airflow/example_dags/example_xcomargs.py
[2024-11-01T18:30:54.784+0000] {processor.py:826} INFO - Processing file /home/airflow/.local/lib/python3.7/site-packages/airflow/example_dags/example_xcomargs.py for tasks to queue
[2024-11-01T18:30:54.784+0000] {logging_mixin.py:150} INFO - [2024-11-01T18:30:54.784+0000] {dagbag.py:541} INFO - Filling up the DagBag from /home/airflow/.local/lib/python3.7/site-packages/airflow/example_dags/example_xcomargs.py
[2024-11-01T18:30:54.791+0000] {processor.py:836} INFO - DAG(s) dict_keys(['example_xcom_args_with_operators', 'example_xcom_args']) retrieved from /home/airflow/.local/lib/python3.7/site-packages/airflow/example_dags/example_xcomargs.py
[2024-11-01T18:30:54.812+0000] {logging_mixin.py:150} INFO - [2024-11-01T18:30:54.811+0000] {dag.py:2742} INFO - Sync 2 DAGs
[2024-11-01T18:30:54.827+0000] {logging_mixin.py:150} INFO - [2024-11-01T18:30:54.827+0000] {dag.py:3508} INFO - Setting next_dagrun for example_xcom_args to None, run_after=None
[2024-11-01T18:30:54.829+0000] {logging_mixin.py:150} INFO - [2024-11-01T18:30:54.829+0000] {dag.py:3508} INFO - Setting next_dagrun for example_xcom_args_with_operators to None, run_after=None
[2024-11-01T18:30:54.837+0000] {processor.py:179} INFO - Processing /home/airflow/.local/lib/python3.7/site-packages/airflow/example_dags/example_xcomargs.py took 0.061 seconds
[2024-11-01T18:31:25.412+0000] {processor.py:157} INFO - Started process (PID=1218) to work on /home/airflow/.local/lib/python3.7/site-packages/airflow/example_dags/example_xcomargs.py
[2024-11-01T18:31:25.412+0000] {processor.py:826} INFO - Processing file /home/airflow/.local/lib/python3.7/site-packages/airflow/example_dags/example_xcomargs.py for tasks to queue
[2024-11-01T18:31:25.413+0000] {logging_mixin.py:150} INFO - [2024-11-01T18:31:25.413+0000] {dagbag.py:541} INFO - Filling up the DagBag from /home/airflow/.local/lib/python3.7/site-packages/airflow/example_dags/example_xcomargs.py
[2024-11-01T18:31:25.417+0000] {processor.py:836} INFO - DAG(s) dict_keys(['example_xcom_args_with_operators', 'example_xcom_args']) retrieved from /home/airflow/.local/lib/python3.7/site-packages/airflow/example_dags/example_xcomargs.py
[2024-11-01T18:31:25.431+0000] {logging_mixin.py:150} INFO - [2024-11-01T18:31:25.431+0000] {dag.py:2742} INFO - Sync 2 DAGs
[2024-11-01T18:31:25.445+0000] {logging_mixin.py:150} INFO - [2024-11-01T18:31:25.445+0000] {dag.py:3508} INFO - Setting next_dagrun for example_xcom_args to None, run_after=None
[2024-11-01T18:31:25.446+0000] {logging_mixin.py:150} INFO - [2024-11-01T18:31:25.446+0000] {dag.py:3508} INFO - Setting next_dagrun for example_xcom_args_with_operators to None, run_after=None
[2024-11-01T18:31:25.460+0000] {processor.py:179} INFO - Processing /home/airflow/.local/lib/python3.7/site-packages/airflow/example_dags/example_xcomargs.py took 0.050 seconds
[2024-11-01T18:31:55.854+0000] {processor.py:157} INFO - Started process (PID=1280) to work on /home/airflow/.local/lib/python3.7/site-packages/airflow/example_dags/example_xcomargs.py
[2024-11-01T18:31:55.856+0000] {processor.py:826} INFO - Processing file /home/airflow/.local/lib/python3.7/site-packages/airflow/example_dags/example_xcomargs.py for tasks to queue
[2024-11-01T18:31:55.856+0000] {logging_mixin.py:150} INFO - [2024-11-01T18:31:55.856+0000] {dagbag.py:541} INFO - Filling up the DagBag from /home/airflow/.local/lib/python3.7/site-packages/airflow/example_dags/example_xcomargs.py
[2024-11-01T18:31:55.862+0000] {processor.py:836} INFO - DAG(s) dict_keys(['example_xcom_args', 'example_xcom_args_with_operators']) retrieved from /home/airflow/.local/lib/python3.7/site-packages/airflow/example_dags/example_xcomargs.py
[2024-11-01T18:31:55.899+0000] {logging_mixin.py:150} INFO - [2024-11-01T18:31:55.899+0000] {dag.py:2742} INFO - Sync 2 DAGs
[2024-11-01T18:31:55.919+0000] {logging_mixin.py:150} INFO - [2024-11-01T18:31:55.918+0000] {dag.py:3508} INFO - Setting next_dagrun for example_xcom_args to None, run_after=None
[2024-11-01T18:31:55.922+0000] {logging_mixin.py:150} INFO - [2024-11-01T18:31:55.922+0000] {dag.py:3508} INFO - Setting next_dagrun for example_xcom_args_with_operators to None, run_after=None
[2024-11-01T18:31:55.933+0000] {processor.py:179} INFO - Processing /home/airflow/.local/lib/python3.7/site-packages/airflow/example_dags/example_xcomargs.py took 0.081 seconds
[2024-11-01T18:32:25.987+0000] {processor.py:157} INFO - Started process (PID=1342) to work on /home/airflow/.local/lib/python3.7/site-packages/airflow/example_dags/example_xcomargs.py
[2024-11-01T18:32:25.990+0000] {processor.py:826} INFO - Processing file /home/airflow/.local/lib/python3.7/site-packages/airflow/example_dags/example_xcomargs.py for tasks to queue
[2024-11-01T18:32:25.991+0000] {logging_mixin.py:150} INFO - [2024-11-01T18:32:25.991+0000] {dagbag.py:541} INFO - Filling up the DagBag from /home/airflow/.local/lib/python3.7/site-packages/airflow/example_dags/example_xcomargs.py
[2024-11-01T18:32:25.998+0000] {processor.py:836} INFO - DAG(s) dict_keys(['example_xcom_args_with_operators', 'example_xcom_args']) retrieved from /home/airflow/.local/lib/python3.7/site-packages/airflow/example_dags/example_xcomargs.py
[2024-11-01T18:32:26.015+0000] {logging_mixin.py:150} INFO - [2024-11-01T18:32:26.015+0000] {dag.py:2742} INFO - Sync 2 DAGs
[2024-11-01T18:32:26.030+0000] {logging_mixin.py:150} INFO - [2024-11-01T18:32:26.030+0000] {dag.py:3508} INFO - Setting next_dagrun for example_xcom_args to None, run_after=None
[2024-11-01T18:32:26.032+0000] {logging_mixin.py:150} INFO - [2024-11-01T18:32:26.032+0000] {dag.py:3508} INFO - Setting next_dagrun for example_xcom_args_with_operators to None, run_after=None
[2024-11-01T18:32:26.041+0000] {processor.py:179} INFO - Processing /home/airflow/.local/lib/python3.7/site-packages/airflow/example_dags/example_xcomargs.py took 0.056 seconds
[2024-11-01T18:32:56.148+0000] {processor.py:157} INFO - Started process (PID=1402) to work on /home/airflow/.local/lib/python3.7/site-packages/airflow/example_dags/example_xcomargs.py
[2024-11-01T18:32:56.149+0000] {processor.py:826} INFO - Processing file /home/airflow/.local/lib/python3.7/site-packages/airflow/example_dags/example_xcomargs.py for tasks to queue
[2024-11-01T18:32:56.151+0000] {logging_mixin.py:150} INFO - [2024-11-01T18:32:56.150+0000] {dagbag.py:541} INFO - Filling up the DagBag from /home/airflow/.local/lib/python3.7/site-packages/airflow/example_dags/example_xcomargs.py
[2024-11-01T18:32:56.158+0000] {processor.py:836} INFO - DAG(s) dict_keys(['example_xcom_args_with_operators', 'example_xcom_args']) retrieved from /home/airflow/.local/lib/python3.7/site-packages/airflow/example_dags/example_xcomargs.py
[2024-11-01T18:32:56.176+0000] {logging_mixin.py:150} INFO - [2024-11-01T18:32:56.176+0000] {dag.py:2742} INFO - Sync 2 DAGs
[2024-11-01T18:32:56.195+0000] {logging_mixin.py:150} INFO - [2024-11-01T18:32:56.194+0000] {dag.py:3508} INFO - Setting next_dagrun for example_xcom_args to None, run_after=None
[2024-11-01T18:32:56.196+0000] {logging_mixin.py:150} INFO - [2024-11-01T18:32:56.196+0000] {dag.py:3508} INFO - Setting next_dagrun for example_xcom_args_with_operators to None, run_after=None
[2024-11-01T18:32:56.208+0000] {processor.py:179} INFO - Processing /home/airflow/.local/lib/python3.7/site-packages/airflow/example_dags/example_xcomargs.py took 0.067 seconds
[2024-11-01T18:33:26.518+0000] {processor.py:157} INFO - Started process (PID=1464) to work on /home/airflow/.local/lib/python3.7/site-packages/airflow/example_dags/example_xcomargs.py
[2024-11-01T18:33:26.520+0000] {processor.py:826} INFO - Processing file /home/airflow/.local/lib/python3.7/site-packages/airflow/example_dags/example_xcomargs.py for tasks to queue
[2024-11-01T18:33:26.522+0000] {logging_mixin.py:150} INFO - [2024-11-01T18:33:26.521+0000] {dagbag.py:541} INFO - Filling up the DagBag from /home/airflow/.local/lib/python3.7/site-packages/airflow/example_dags/example_xcomargs.py
[2024-11-01T18:33:26.526+0000] {processor.py:836} INFO - DAG(s) dict_keys(['example_xcom_args_with_operators', 'example_xcom_args']) retrieved from /home/airflow/.local/lib/python3.7/site-packages/airflow/example_dags/example_xcomargs.py
[2024-11-01T18:33:26.554+0000] {logging_mixin.py:150} INFO - [2024-11-01T18:33:26.553+0000] {dag.py:2742} INFO - Sync 2 DAGs
[2024-11-01T18:33:26.566+0000] {logging_mixin.py:150} INFO - [2024-11-01T18:33:26.566+0000] {dag.py:3508} INFO - Setting next_dagrun for example_xcom_args to None, run_after=None
[2024-11-01T18:33:26.568+0000] {logging_mixin.py:150} INFO - [2024-11-01T18:33:26.567+0000] {dag.py:3508} INFO - Setting next_dagrun for example_xcom_args_with_operators to None, run_after=None
[2024-11-01T18:33:26.580+0000] {processor.py:179} INFO - Processing /home/airflow/.local/lib/python3.7/site-packages/airflow/example_dags/example_xcomargs.py took 0.063 seconds
[2024-11-01T18:33:57.598+0000] {processor.py:157} INFO - Started process (PID=1526) to work on /home/airflow/.local/lib/python3.7/site-packages/airflow/example_dags/example_xcomargs.py
[2024-11-01T18:33:57.602+0000] {processor.py:826} INFO - Processing file /home/airflow/.local/lib/python3.7/site-packages/airflow/example_dags/example_xcomargs.py for tasks to queue
[2024-11-01T18:33:57.602+0000] {logging_mixin.py:150} INFO - [2024-11-01T18:33:57.602+0000] {dagbag.py:541} INFO - Filling up the DagBag from /home/airflow/.local/lib/python3.7/site-packages/airflow/example_dags/example_xcomargs.py
[2024-11-01T18:33:57.607+0000] {processor.py:836} INFO - DAG(s) dict_keys(['example_xcom_args', 'example_xcom_args_with_operators']) retrieved from /home/airflow/.local/lib/python3.7/site-packages/airflow/example_dags/example_xcomargs.py
[2024-11-01T18:33:57.623+0000] {logging_mixin.py:150} INFO - [2024-11-01T18:33:57.623+0000] {dag.py:2742} INFO - Sync 2 DAGs
[2024-11-01T18:33:57.638+0000] {logging_mixin.py:150} INFO - [2024-11-01T18:33:57.638+0000] {dag.py:3508} INFO - Setting next_dagrun for example_xcom_args to None, run_after=None
[2024-11-01T18:33:57.641+0000] {logging_mixin.py:150} INFO - [2024-11-01T18:33:57.641+0000] {dag.py:3508} INFO - Setting next_dagrun for example_xcom_args_with_operators to None, run_after=None
[2024-11-01T18:33:57.655+0000] {processor.py:179} INFO - Processing /home/airflow/.local/lib/python3.7/site-packages/airflow/example_dags/example_xcomargs.py took 0.058 seconds
[2024-11-01T18:34:28.174+0000] {processor.py:157} INFO - Started process (PID=1588) to work on /home/airflow/.local/lib/python3.7/site-packages/airflow/example_dags/example_xcomargs.py
[2024-11-01T18:34:28.176+0000] {processor.py:826} INFO - Processing file /home/airflow/.local/lib/python3.7/site-packages/airflow/example_dags/example_xcomargs.py for tasks to queue
[2024-11-01T18:34:28.177+0000] {logging_mixin.py:150} INFO - [2024-11-01T18:34:28.176+0000] {dagbag.py:541} INFO - Filling up the DagBag from /home/airflow/.local/lib/python3.7/site-packages/airflow/example_dags/example_xcomargs.py
[2024-11-01T18:34:28.181+0000] {processor.py:836} INFO - DAG(s) dict_keys(['example_xcom_args_with_operators', 'example_xcom_args']) retrieved from /home/airflow/.local/lib/python3.7/site-packages/airflow/example_dags/example_xcomargs.py
[2024-11-01T18:34:28.199+0000] {logging_mixin.py:150} INFO - [2024-11-01T18:34:28.199+0000] {dag.py:2742} INFO - Sync 2 DAGs
[2024-11-01T18:34:28.220+0000] {logging_mixin.py:150} INFO - [2024-11-01T18:34:28.220+0000] {dag.py:3508} INFO - Setting next_dagrun for example_xcom_args to None, run_after=None
[2024-11-01T18:34:28.224+0000] {logging_mixin.py:150} INFO - [2024-11-01T18:34:28.224+0000] {dag.py:3508} INFO - Setting next_dagrun for example_xcom_args_with_operators to None, run_after=None
[2024-11-01T18:34:28.252+0000] {processor.py:179} INFO - Processing /home/airflow/.local/lib/python3.7/site-packages/airflow/example_dags/example_xcomargs.py took 0.079 seconds
[2024-11-01T18:34:58.665+0000] {processor.py:157} INFO - Started process (PID=1650) to work on /home/airflow/.local/lib/python3.7/site-packages/airflow/example_dags/example_xcomargs.py
[2024-11-01T18:34:58.666+0000] {processor.py:826} INFO - Processing file /home/airflow/.local/lib/python3.7/site-packages/airflow/example_dags/example_xcomargs.py for tasks to queue
[2024-11-01T18:34:58.666+0000] {logging_mixin.py:150} INFO - [2024-11-01T18:34:58.666+0000] {dagbag.py:541} INFO - Filling up the DagBag from /home/airflow/.local/lib/python3.7/site-packages/airflow/example_dags/example_xcomargs.py
[2024-11-01T18:34:58.672+0000] {processor.py:836} INFO - DAG(s) dict_keys(['example_xcom_args', 'example_xcom_args_with_operators']) retrieved from /home/airflow/.local/lib/python3.7/site-packages/airflow/example_dags/example_xcomargs.py
[2024-11-01T18:34:58.686+0000] {logging_mixin.py:150} INFO - [2024-11-01T18:34:58.686+0000] {dag.py:2742} INFO - Sync 2 DAGs
[2024-11-01T18:34:58.699+0000] {logging_mixin.py:150} INFO - [2024-11-01T18:34:58.699+0000] {dag.py:3508} INFO - Setting next_dagrun for example_xcom_args to None, run_after=None
[2024-11-01T18:34:58.701+0000] {logging_mixin.py:150} INFO - [2024-11-01T18:34:58.701+0000] {dag.py:3508} INFO - Setting next_dagrun for example_xcom_args_with_operators to None, run_after=None
[2024-11-01T18:34:58.711+0000] {processor.py:179} INFO - Processing /home/airflow/.local/lib/python3.7/site-packages/airflow/example_dags/example_xcomargs.py took 0.048 seconds
[2024-11-01T18:35:29.229+0000] {processor.py:157} INFO - Started process (PID=1712) to work on /home/airflow/.local/lib/python3.7/site-packages/airflow/example_dags/example_xcomargs.py
[2024-11-01T18:35:29.232+0000] {processor.py:826} INFO - Processing file /home/airflow/.local/lib/python3.7/site-packages/airflow/example_dags/example_xcomargs.py for tasks to queue
[2024-11-01T18:35:29.233+0000] {logging_mixin.py:150} INFO - [2024-11-01T18:35:29.233+0000] {dagbag.py:541} INFO - Filling up the DagBag from /home/airflow/.local/lib/python3.7/site-packages/airflow/example_dags/example_xcomargs.py
[2024-11-01T18:35:29.239+0000] {processor.py:836} INFO - DAG(s) dict_keys(['example_xcom_args', 'example_xcom_args_with_operators']) retrieved from /home/airflow/.local/lib/python3.7/site-packages/airflow/example_dags/example_xcomargs.py
[2024-11-01T18:35:29.256+0000] {logging_mixin.py:150} INFO - [2024-11-01T18:35:29.255+0000] {dag.py:2742} INFO - Sync 2 DAGs
[2024-11-01T18:35:29.271+0000] {logging_mixin.py:150} INFO - [2024-11-01T18:35:29.271+0000] {dag.py:3508} INFO - Setting next_dagrun for example_xcom_args to None, run_after=None
[2024-11-01T18:35:29.273+0000] {logging_mixin.py:150} INFO - [2024-11-01T18:35:29.273+0000] {dag.py:3508} INFO - Setting next_dagrun for example_xcom_args_with_operators to None, run_after=None
[2024-11-01T18:35:29.288+0000] {processor.py:179} INFO - Processing /home/airflow/.local/lib/python3.7/site-packages/airflow/example_dags/example_xcomargs.py took 0.062 seconds
[2024-11-01T18:36:00.819+0000] {processor.py:157} INFO - Started process (PID=1774) to work on /home/airflow/.local/lib/python3.7/site-packages/airflow/example_dags/example_xcomargs.py
[2024-11-01T18:36:00.830+0000] {processor.py:826} INFO - Processing file /home/airflow/.local/lib/python3.7/site-packages/airflow/example_dags/example_xcomargs.py for tasks to queue
[2024-11-01T18:36:00.840+0000] {logging_mixin.py:150} INFO - [2024-11-01T18:36:00.838+0000] {dagbag.py:541} INFO - Filling up the DagBag from /home/airflow/.local/lib/python3.7/site-packages/airflow/example_dags/example_xcomargs.py
[2024-11-01T18:36:01.044+0000] {processor.py:836} INFO - DAG(s) dict_keys(['example_xcom_args_with_operators', 'example_xcom_args']) retrieved from /home/airflow/.local/lib/python3.7/site-packages/airflow/example_dags/example_xcomargs.py
[2024-11-01T18:36:01.801+0000] {logging_mixin.py:150} INFO - [2024-11-01T18:36:01.800+0000] {dag.py:2742} INFO - Sync 2 DAGs
[2024-11-01T18:36:01.847+0000] {logging_mixin.py:150} INFO - [2024-11-01T18:36:01.847+0000] {dag.py:3508} INFO - Setting next_dagrun for example_xcom_args to None, run_after=None
[2024-11-01T18:36:01.850+0000] {logging_mixin.py:150} INFO - [2024-11-01T18:36:01.850+0000] {dag.py:3508} INFO - Setting next_dagrun for example_xcom_args_with_operators to None, run_after=None
[2024-11-01T18:36:01.895+0000] {processor.py:179} INFO - Processing /home/airflow/.local/lib/python3.7/site-packages/airflow/example_dags/example_xcomargs.py took 1.119 seconds
[2024-11-01T18:36:32.400+0000] {processor.py:157} INFO - Started process (PID=1836) to work on /home/airflow/.local/lib/python3.7/site-packages/airflow/example_dags/example_xcomargs.py
[2024-11-01T18:36:32.403+0000] {processor.py:826} INFO - Processing file /home/airflow/.local/lib/python3.7/site-packages/airflow/example_dags/example_xcomargs.py for tasks to queue
[2024-11-01T18:36:32.406+0000] {logging_mixin.py:150} INFO - [2024-11-01T18:36:32.405+0000] {dagbag.py:541} INFO - Filling up the DagBag from /home/airflow/.local/lib/python3.7/site-packages/airflow/example_dags/example_xcomargs.py
[2024-11-01T18:36:32.415+0000] {processor.py:836} INFO - DAG(s) dict_keys(['example_xcom_args', 'example_xcom_args_with_operators']) retrieved from /home/airflow/.local/lib/python3.7/site-packages/airflow/example_dags/example_xcomargs.py
[2024-11-01T18:36:32.441+0000] {logging_mixin.py:150} INFO - [2024-11-01T18:36:32.441+0000] {dag.py:2742} INFO - Sync 2 DAGs
[2024-11-01T18:36:32.457+0000] {logging_mixin.py:150} INFO - [2024-11-01T18:36:32.457+0000] {dag.py:3508} INFO - Setting next_dagrun for example_xcom_args to None, run_after=None
[2024-11-01T18:36:32.460+0000] {logging_mixin.py:150} INFO - [2024-11-01T18:36:32.460+0000] {dag.py:3508} INFO - Setting next_dagrun for example_xcom_args_with_operators to None, run_after=None
[2024-11-01T18:36:32.471+0000] {processor.py:179} INFO - Processing /home/airflow/.local/lib/python3.7/site-packages/airflow/example_dags/example_xcomargs.py took 0.075 seconds
[2024-11-01T18:37:02.563+0000] {processor.py:157} INFO - Started process (PID=1898) to work on /home/airflow/.local/lib/python3.7/site-packages/airflow/example_dags/example_xcomargs.py
[2024-11-01T18:37:02.564+0000] {processor.py:826} INFO - Processing file /home/airflow/.local/lib/python3.7/site-packages/airflow/example_dags/example_xcomargs.py for tasks to queue
[2024-11-01T18:37:02.565+0000] {logging_mixin.py:150} INFO - [2024-11-01T18:37:02.565+0000] {dagbag.py:541} INFO - Filling up the DagBag from /home/airflow/.local/lib/python3.7/site-packages/airflow/example_dags/example_xcomargs.py
[2024-11-01T18:37:02.571+0000] {processor.py:836} INFO - DAG(s) dict_keys(['example_xcom_args', 'example_xcom_args_with_operators']) retrieved from /home/airflow/.local/lib/python3.7/site-packages/airflow/example_dags/example_xcomargs.py
[2024-11-01T18:37:02.597+0000] {logging_mixin.py:150} INFO - [2024-11-01T18:37:02.597+0000] {dag.py:2742} INFO - Sync 2 DAGs
[2024-11-01T18:37:02.626+0000] {logging_mixin.py:150} INFO - [2024-11-01T18:37:02.626+0000] {dag.py:3508} INFO - Setting next_dagrun for example_xcom_args to None, run_after=None
[2024-11-01T18:37:02.629+0000] {logging_mixin.py:150} INFO - [2024-11-01T18:37:02.629+0000] {dag.py:3508} INFO - Setting next_dagrun for example_xcom_args_with_operators to None, run_after=None
[2024-11-01T18:37:02.639+0000] {processor.py:179} INFO - Processing /home/airflow/.local/lib/python3.7/site-packages/airflow/example_dags/example_xcomargs.py took 0.080 seconds
[2024-11-01T18:37:33.141+0000] {processor.py:157} INFO - Started process (PID=1959) to work on /home/airflow/.local/lib/python3.7/site-packages/airflow/example_dags/example_xcomargs.py
[2024-11-01T18:37:33.144+0000] {processor.py:826} INFO - Processing file /home/airflow/.local/lib/python3.7/site-packages/airflow/example_dags/example_xcomargs.py for tasks to queue
[2024-11-01T18:37:33.145+0000] {logging_mixin.py:150} INFO - [2024-11-01T18:37:33.144+0000] {dagbag.py:541} INFO - Filling up the DagBag from /home/airflow/.local/lib/python3.7/site-packages/airflow/example_dags/example_xcomargs.py
[2024-11-01T18:37:33.154+0000] {processor.py:836} INFO - DAG(s) dict_keys(['example_xcom_args', 'example_xcom_args_with_operators']) retrieved from /home/airflow/.local/lib/python3.7/site-packages/airflow/example_dags/example_xcomargs.py
[2024-11-01T18:37:33.178+0000] {logging_mixin.py:150} INFO - [2024-11-01T18:37:33.177+0000] {dag.py:2742} INFO - Sync 2 DAGs
[2024-11-01T18:37:33.195+0000] {logging_mixin.py:150} INFO - [2024-11-01T18:37:33.195+0000] {dag.py:3508} INFO - Setting next_dagrun for example_xcom_args to None, run_after=None
[2024-11-01T18:37:33.199+0000] {logging_mixin.py:150} INFO - [2024-11-01T18:37:33.199+0000] {dag.py:3508} INFO - Setting next_dagrun for example_xcom_args_with_operators to None, run_after=None
[2024-11-01T18:37:33.211+0000] {processor.py:179} INFO - Processing /home/airflow/.local/lib/python3.7/site-packages/airflow/example_dags/example_xcomargs.py took 0.074 seconds
[2024-11-01T18:38:08.411+0000] {processor.py:157} INFO - Started process (PID=2021) to work on /home/airflow/.local/lib/python3.7/site-packages/airflow/example_dags/example_xcomargs.py
[2024-11-01T18:38:08.413+0000] {processor.py:826} INFO - Processing file /home/airflow/.local/lib/python3.7/site-packages/airflow/example_dags/example_xcomargs.py for tasks to queue
[2024-11-01T18:38:08.415+0000] {logging_mixin.py:150} INFO - [2024-11-01T18:38:08.414+0000] {dagbag.py:541} INFO - Filling up the DagBag from /home/airflow/.local/lib/python3.7/site-packages/airflow/example_dags/example_xcomargs.py
[2024-11-01T18:38:08.420+0000] {processor.py:836} INFO - DAG(s) dict_keys(['example_xcom_args_with_operators', 'example_xcom_args']) retrieved from /home/airflow/.local/lib/python3.7/site-packages/airflow/example_dags/example_xcomargs.py
[2024-11-01T18:38:08.443+0000] {logging_mixin.py:150} INFO - [2024-11-01T18:38:08.443+0000] {dag.py:2742} INFO - Sync 2 DAGs
[2024-11-01T18:38:08.458+0000] {logging_mixin.py:150} INFO - [2024-11-01T18:38:08.458+0000] {dag.py:3508} INFO - Setting next_dagrun for example_xcom_args to None, run_after=None
[2024-11-01T18:38:08.460+0000] {logging_mixin.py:150} INFO - [2024-11-01T18:38:08.460+0000] {dag.py:3508} INFO - Setting next_dagrun for example_xcom_args_with_operators to None, run_after=None
[2024-11-01T18:38:08.476+0000] {processor.py:179} INFO - Processing /home/airflow/.local/lib/python3.7/site-packages/airflow/example_dags/example_xcomargs.py took 0.067 seconds
[2024-11-01T18:38:38.993+0000] {processor.py:157} INFO - Started process (PID=2083) to work on /home/airflow/.local/lib/python3.7/site-packages/airflow/example_dags/example_xcomargs.py
[2024-11-01T18:38:38.994+0000] {processor.py:826} INFO - Processing file /home/airflow/.local/lib/python3.7/site-packages/airflow/example_dags/example_xcomargs.py for tasks to queue
[2024-11-01T18:38:38.995+0000] {logging_mixin.py:150} INFO - [2024-11-01T18:38:38.995+0000] {dagbag.py:541} INFO - Filling up the DagBag from /home/airflow/.local/lib/python3.7/site-packages/airflow/example_dags/example_xcomargs.py
[2024-11-01T18:38:39.007+0000] {processor.py:836} INFO - DAG(s) dict_keys(['example_xcom_args_with_operators', 'example_xcom_args']) retrieved from /home/airflow/.local/lib/python3.7/site-packages/airflow/example_dags/example_xcomargs.py
[2024-11-01T18:38:39.056+0000] {logging_mixin.py:150} INFO - [2024-11-01T18:38:39.056+0000] {dag.py:2742} INFO - Sync 2 DAGs
[2024-11-01T18:38:39.112+0000] {logging_mixin.py:150} INFO - [2024-11-01T18:38:39.111+0000] {dag.py:3508} INFO - Setting next_dagrun for example_xcom_args to None, run_after=None
[2024-11-01T18:38:39.115+0000] {logging_mixin.py:150} INFO - [2024-11-01T18:38:39.115+0000] {dag.py:3508} INFO - Setting next_dagrun for example_xcom_args_with_operators to None, run_after=None
[2024-11-01T18:38:39.134+0000] {processor.py:179} INFO - Processing /home/airflow/.local/lib/python3.7/site-packages/airflow/example_dags/example_xcomargs.py took 0.143 seconds
[2024-11-01T18:39:09.587+0000] {processor.py:157} INFO - Started process (PID=2145) to work on /home/airflow/.local/lib/python3.7/site-packages/airflow/example_dags/example_xcomargs.py
[2024-11-01T18:39:09.588+0000] {processor.py:826} INFO - Processing file /home/airflow/.local/lib/python3.7/site-packages/airflow/example_dags/example_xcomargs.py for tasks to queue
[2024-11-01T18:39:09.589+0000] {logging_mixin.py:150} INFO - [2024-11-01T18:39:09.588+0000] {dagbag.py:541} INFO - Filling up the DagBag from /home/airflow/.local/lib/python3.7/site-packages/airflow/example_dags/example_xcomargs.py
[2024-11-01T18:39:09.601+0000] {processor.py:836} INFO - DAG(s) dict_keys(['example_xcom_args_with_operators', 'example_xcom_args']) retrieved from /home/airflow/.local/lib/python3.7/site-packages/airflow/example_dags/example_xcomargs.py
[2024-11-01T18:39:09.643+0000] {logging_mixin.py:150} INFO - [2024-11-01T18:39:09.643+0000] {dag.py:2742} INFO - Sync 2 DAGs
[2024-11-01T18:39:09.663+0000] {logging_mixin.py:150} INFO - [2024-11-01T18:39:09.663+0000] {dag.py:3508} INFO - Setting next_dagrun for example_xcom_args to None, run_after=None
[2024-11-01T18:39:09.665+0000] {logging_mixin.py:150} INFO - [2024-11-01T18:39:09.665+0000] {dag.py:3508} INFO - Setting next_dagrun for example_xcom_args_with_operators to None, run_after=None
[2024-11-01T18:39:09.674+0000] {processor.py:179} INFO - Processing /home/airflow/.local/lib/python3.7/site-packages/airflow/example_dags/example_xcomargs.py took 0.093 seconds
[2024-11-01T18:39:40.652+0000] {processor.py:157} INFO - Started process (PID=2212) to work on /home/airflow/.local/lib/python3.7/site-packages/airflow/example_dags/example_xcomargs.py
[2024-11-01T18:39:40.653+0000] {processor.py:826} INFO - Processing file /home/airflow/.local/lib/python3.7/site-packages/airflow/example_dags/example_xcomargs.py for tasks to queue
[2024-11-01T18:39:40.654+0000] {logging_mixin.py:150} INFO - [2024-11-01T18:39:40.654+0000] {dagbag.py:541} INFO - Filling up the DagBag from /home/airflow/.local/lib/python3.7/site-packages/airflow/example_dags/example_xcomargs.py
[2024-11-01T18:39:40.662+0000] {processor.py:836} INFO - DAG(s) dict_keys(['example_xcom_args_with_operators', 'example_xcom_args']) retrieved from /home/airflow/.local/lib/python3.7/site-packages/airflow/example_dags/example_xcomargs.py
[2024-11-01T18:39:40.694+0000] {logging_mixin.py:150} INFO - [2024-11-01T18:39:40.694+0000] {dag.py:2742} INFO - Sync 2 DAGs
[2024-11-01T18:39:40.715+0000] {logging_mixin.py:150} INFO - [2024-11-01T18:39:40.715+0000] {dag.py:3508} INFO - Setting next_dagrun for example_xcom_args to None, run_after=None
[2024-11-01T18:39:40.717+0000] {logging_mixin.py:150} INFO - [2024-11-01T18:39:40.717+0000] {dag.py:3508} INFO - Setting next_dagrun for example_xcom_args_with_operators to None, run_after=None
[2024-11-01T18:39:40.730+0000] {processor.py:179} INFO - Processing /home/airflow/.local/lib/python3.7/site-packages/airflow/example_dags/example_xcomargs.py took 0.080 seconds
[2024-11-01T18:40:10.903+0000] {processor.py:157} INFO - Started process (PID=2274) to work on /home/airflow/.local/lib/python3.7/site-packages/airflow/example_dags/example_xcomargs.py
[2024-11-01T18:40:10.908+0000] {processor.py:826} INFO - Processing file /home/airflow/.local/lib/python3.7/site-packages/airflow/example_dags/example_xcomargs.py for tasks to queue
[2024-11-01T18:40:10.909+0000] {logging_mixin.py:150} INFO - [2024-11-01T18:40:10.909+0000] {dagbag.py:541} INFO - Filling up the DagBag from /home/airflow/.local/lib/python3.7/site-packages/airflow/example_dags/example_xcomargs.py
[2024-11-01T18:40:10.920+0000] {processor.py:836} INFO - DAG(s) dict_keys(['example_xcom_args', 'example_xcom_args_with_operators']) retrieved from /home/airflow/.local/lib/python3.7/site-packages/airflow/example_dags/example_xcomargs.py
[2024-11-01T18:40:10.953+0000] {logging_mixin.py:150} INFO - [2024-11-01T18:40:10.953+0000] {dag.py:2742} INFO - Sync 2 DAGs
[2024-11-01T18:40:10.982+0000] {logging_mixin.py:150} INFO - [2024-11-01T18:40:10.982+0000] {dag.py:3508} INFO - Setting next_dagrun for example_xcom_args to None, run_after=None
[2024-11-01T18:40:10.986+0000] {logging_mixin.py:150} INFO - [2024-11-01T18:40:10.986+0000] {dag.py:3508} INFO - Setting next_dagrun for example_xcom_args_with_operators to None, run_after=None
[2024-11-01T18:40:11.004+0000] {processor.py:179} INFO - Processing /home/airflow/.local/lib/python3.7/site-packages/airflow/example_dags/example_xcomargs.py took 0.104 seconds
[2024-11-01T18:40:41.154+0000] {processor.py:157} INFO - Started process (PID=2336) to work on /home/airflow/.local/lib/python3.7/site-packages/airflow/example_dags/example_xcomargs.py
[2024-11-01T18:40:41.155+0000] {processor.py:826} INFO - Processing file /home/airflow/.local/lib/python3.7/site-packages/airflow/example_dags/example_xcomargs.py for tasks to queue
[2024-11-01T18:40:41.156+0000] {logging_mixin.py:150} INFO - [2024-11-01T18:40:41.156+0000] {dagbag.py:541} INFO - Filling up the DagBag from /home/airflow/.local/lib/python3.7/site-packages/airflow/example_dags/example_xcomargs.py
[2024-11-01T18:40:41.162+0000] {processor.py:836} INFO - DAG(s) dict_keys(['example_xcom_args', 'example_xcom_args_with_operators']) retrieved from /home/airflow/.local/lib/python3.7/site-packages/airflow/example_dags/example_xcomargs.py
[2024-11-01T18:40:41.198+0000] {logging_mixin.py:150} INFO - [2024-11-01T18:40:41.198+0000] {dag.py:2742} INFO - Sync 2 DAGs
[2024-11-01T18:40:41.218+0000] {logging_mixin.py:150} INFO - [2024-11-01T18:40:41.218+0000] {dag.py:3508} INFO - Setting next_dagrun for example_xcom_args to None, run_after=None
[2024-11-01T18:40:41.224+0000] {logging_mixin.py:150} INFO - [2024-11-01T18:40:41.224+0000] {dag.py:3508} INFO - Setting next_dagrun for example_xcom_args_with_operators to None, run_after=None
[2024-11-01T18:40:41.239+0000] {processor.py:179} INFO - Processing /home/airflow/.local/lib/python3.7/site-packages/airflow/example_dags/example_xcomargs.py took 0.088 seconds
[2024-11-01T18:41:11.428+0000] {processor.py:157} INFO - Started process (PID=2398) to work on /home/airflow/.local/lib/python3.7/site-packages/airflow/example_dags/example_xcomargs.py
[2024-11-01T18:41:11.430+0000] {processor.py:826} INFO - Processing file /home/airflow/.local/lib/python3.7/site-packages/airflow/example_dags/example_xcomargs.py for tasks to queue
[2024-11-01T18:41:11.432+0000] {logging_mixin.py:150} INFO - [2024-11-01T18:41:11.431+0000] {dagbag.py:541} INFO - Filling up the DagBag from /home/airflow/.local/lib/python3.7/site-packages/airflow/example_dags/example_xcomargs.py
[2024-11-01T18:41:11.451+0000] {processor.py:836} INFO - DAG(s) dict_keys(['example_xcom_args_with_operators', 'example_xcom_args']) retrieved from /home/airflow/.local/lib/python3.7/site-packages/airflow/example_dags/example_xcomargs.py
[2024-11-01T18:41:11.492+0000] {logging_mixin.py:150} INFO - [2024-11-01T18:41:11.491+0000] {dag.py:2742} INFO - Sync 2 DAGs
[2024-11-01T18:41:11.525+0000] {logging_mixin.py:150} INFO - [2024-11-01T18:41:11.525+0000] {dag.py:3508} INFO - Setting next_dagrun for example_xcom_args to None, run_after=None
[2024-11-01T18:41:11.530+0000] {logging_mixin.py:150} INFO - [2024-11-01T18:41:11.530+0000] {dag.py:3508} INFO - Setting next_dagrun for example_xcom_args_with_operators to None, run_after=None
[2024-11-01T18:41:11.547+0000] {processor.py:179} INFO - Processing /home/airflow/.local/lib/python3.7/site-packages/airflow/example_dags/example_xcomargs.py took 0.128 seconds
[2024-11-01T18:41:42.222+0000] {processor.py:157} INFO - Started process (PID=2460) to work on /home/airflow/.local/lib/python3.7/site-packages/airflow/example_dags/example_xcomargs.py
[2024-11-01T18:41:42.223+0000] {processor.py:826} INFO - Processing file /home/airflow/.local/lib/python3.7/site-packages/airflow/example_dags/example_xcomargs.py for tasks to queue
[2024-11-01T18:41:42.224+0000] {logging_mixin.py:150} INFO - [2024-11-01T18:41:42.223+0000] {dagbag.py:541} INFO - Filling up the DagBag from /home/airflow/.local/lib/python3.7/site-packages/airflow/example_dags/example_xcomargs.py
[2024-11-01T18:41:42.234+0000] {processor.py:836} INFO - DAG(s) dict_keys(['example_xcom_args', 'example_xcom_args_with_operators']) retrieved from /home/airflow/.local/lib/python3.7/site-packages/airflow/example_dags/example_xcomargs.py
[2024-11-01T18:41:42.275+0000] {logging_mixin.py:150} INFO - [2024-11-01T18:41:42.275+0000] {dag.py:2742} INFO - Sync 2 DAGs
[2024-11-01T18:41:42.294+0000] {logging_mixin.py:150} INFO - [2024-11-01T18:41:42.294+0000] {dag.py:3508} INFO - Setting next_dagrun for example_xcom_args to None, run_after=None
[2024-11-01T18:41:42.297+0000] {logging_mixin.py:150} INFO - [2024-11-01T18:41:42.297+0000] {dag.py:3508} INFO - Setting next_dagrun for example_xcom_args_with_operators to None, run_after=None
[2024-11-01T18:41:42.310+0000] {processor.py:179} INFO - Processing /home/airflow/.local/lib/python3.7/site-packages/airflow/example_dags/example_xcomargs.py took 0.091 seconds
[2024-11-01T18:42:12.491+0000] {processor.py:157} INFO - Started process (PID=2522) to work on /home/airflow/.local/lib/python3.7/site-packages/airflow/example_dags/example_xcomargs.py
[2024-11-01T18:42:12.494+0000] {processor.py:826} INFO - Processing file /home/airflow/.local/lib/python3.7/site-packages/airflow/example_dags/example_xcomargs.py for tasks to queue
[2024-11-01T18:42:12.497+0000] {logging_mixin.py:150} INFO - [2024-11-01T18:42:12.496+0000] {dagbag.py:541} INFO - Filling up the DagBag from /home/airflow/.local/lib/python3.7/site-packages/airflow/example_dags/example_xcomargs.py
[2024-11-01T18:42:12.514+0000] {processor.py:836} INFO - DAG(s) dict_keys(['example_xcom_args_with_operators', 'example_xcom_args']) retrieved from /home/airflow/.local/lib/python3.7/site-packages/airflow/example_dags/example_xcomargs.py
[2024-11-01T18:42:12.553+0000] {logging_mixin.py:150} INFO - [2024-11-01T18:42:12.553+0000] {dag.py:2742} INFO - Sync 2 DAGs
[2024-11-01T18:42:12.570+0000] {logging_mixin.py:150} INFO - [2024-11-01T18:42:12.570+0000] {dag.py:3508} INFO - Setting next_dagrun for example_xcom_args to None, run_after=None
[2024-11-01T18:42:12.573+0000] {logging_mixin.py:150} INFO - [2024-11-01T18:42:12.573+0000] {dag.py:3508} INFO - Setting next_dagrun for example_xcom_args_with_operators to None, run_after=None
[2024-11-01T18:42:12.588+0000] {processor.py:179} INFO - Processing /home/airflow/.local/lib/python3.7/site-packages/airflow/example_dags/example_xcomargs.py took 0.105 seconds
[2024-11-01T18:42:43.050+0000] {processor.py:157} INFO - Started process (PID=2584) to work on /home/airflow/.local/lib/python3.7/site-packages/airflow/example_dags/example_xcomargs.py
[2024-11-01T18:42:43.058+0000] {processor.py:826} INFO - Processing file /home/airflow/.local/lib/python3.7/site-packages/airflow/example_dags/example_xcomargs.py for tasks to queue
[2024-11-01T18:42:43.058+0000] {logging_mixin.py:150} INFO - [2024-11-01T18:42:43.058+0000] {dagbag.py:541} INFO - Filling up the DagBag from /home/airflow/.local/lib/python3.7/site-packages/airflow/example_dags/example_xcomargs.py
[2024-11-01T18:42:43.073+0000] {processor.py:836} INFO - DAG(s) dict_keys(['example_xcom_args', 'example_xcom_args_with_operators']) retrieved from /home/airflow/.local/lib/python3.7/site-packages/airflow/example_dags/example_xcomargs.py
[2024-11-01T18:42:43.097+0000] {logging_mixin.py:150} INFO - [2024-11-01T18:42:43.097+0000] {dag.py:2742} INFO - Sync 2 DAGs
[2024-11-01T18:42:43.119+0000] {logging_mixin.py:150} INFO - [2024-11-01T18:42:43.119+0000] {dag.py:3508} INFO - Setting next_dagrun for example_xcom_args to None, run_after=None
[2024-11-01T18:42:43.122+0000] {logging_mixin.py:150} INFO - [2024-11-01T18:42:43.122+0000] {dag.py:3508} INFO - Setting next_dagrun for example_xcom_args_with_operators to None, run_after=None
[2024-11-01T18:42:43.135+0000] {processor.py:179} INFO - Processing /home/airflow/.local/lib/python3.7/site-packages/airflow/example_dags/example_xcomargs.py took 0.093 seconds
[2024-11-01T18:43:13.807+0000] {processor.py:157} INFO - Started process (PID=2646) to work on /home/airflow/.local/lib/python3.7/site-packages/airflow/example_dags/example_xcomargs.py
[2024-11-01T18:43:13.809+0000] {processor.py:826} INFO - Processing file /home/airflow/.local/lib/python3.7/site-packages/airflow/example_dags/example_xcomargs.py for tasks to queue
[2024-11-01T18:43:13.811+0000] {logging_mixin.py:150} INFO - [2024-11-01T18:43:13.810+0000] {dagbag.py:541} INFO - Filling up the DagBag from /home/airflow/.local/lib/python3.7/site-packages/airflow/example_dags/example_xcomargs.py
[2024-11-01T18:43:13.822+0000] {processor.py:836} INFO - DAG(s) dict_keys(['example_xcom_args', 'example_xcom_args_with_operators']) retrieved from /home/airflow/.local/lib/python3.7/site-packages/airflow/example_dags/example_xcomargs.py
[2024-11-01T18:43:13.849+0000] {logging_mixin.py:150} INFO - [2024-11-01T18:43:13.848+0000] {dag.py:2742} INFO - Sync 2 DAGs
[2024-11-01T18:43:13.872+0000] {logging_mixin.py:150} INFO - [2024-11-01T18:43:13.872+0000] {dag.py:3508} INFO - Setting next_dagrun for example_xcom_args to None, run_after=None
[2024-11-01T18:43:13.874+0000] {logging_mixin.py:150} INFO - [2024-11-01T18:43:13.874+0000] {dag.py:3508} INFO - Setting next_dagrun for example_xcom_args_with_operators to None, run_after=None
[2024-11-01T18:43:13.888+0000] {processor.py:179} INFO - Processing /home/airflow/.local/lib/python3.7/site-packages/airflow/example_dags/example_xcomargs.py took 0.094 seconds
[2024-11-01T18:43:44.127+0000] {processor.py:157} INFO - Started process (PID=2708) to work on /home/airflow/.local/lib/python3.7/site-packages/airflow/example_dags/example_xcomargs.py
[2024-11-01T18:43:44.127+0000] {processor.py:826} INFO - Processing file /home/airflow/.local/lib/python3.7/site-packages/airflow/example_dags/example_xcomargs.py for tasks to queue
[2024-11-01T18:43:44.128+0000] {logging_mixin.py:150} INFO - [2024-11-01T18:43:44.128+0000] {dagbag.py:541} INFO - Filling up the DagBag from /home/airflow/.local/lib/python3.7/site-packages/airflow/example_dags/example_xcomargs.py
[2024-11-01T18:43:44.134+0000] {processor.py:836} INFO - DAG(s) dict_keys(['example_xcom_args', 'example_xcom_args_with_operators']) retrieved from /home/airflow/.local/lib/python3.7/site-packages/airflow/example_dags/example_xcomargs.py
[2024-11-01T18:43:44.151+0000] {logging_mixin.py:150} INFO - [2024-11-01T18:43:44.151+0000] {dag.py:2742} INFO - Sync 2 DAGs
[2024-11-01T18:43:44.168+0000] {logging_mixin.py:150} INFO - [2024-11-01T18:43:44.168+0000] {dag.py:3508} INFO - Setting next_dagrun for example_xcom_args to None, run_after=None
[2024-11-01T18:43:44.171+0000] {logging_mixin.py:150} INFO - [2024-11-01T18:43:44.171+0000] {dag.py:3508} INFO - Setting next_dagrun for example_xcom_args_with_operators to None, run_after=None
[2024-11-01T18:43:44.183+0000] {processor.py:179} INFO - Processing /home/airflow/.local/lib/python3.7/site-packages/airflow/example_dags/example_xcomargs.py took 0.059 seconds
[2024-11-01T18:44:15.027+0000] {processor.py:157} INFO - Started process (PID=2761) to work on /home/airflow/.local/lib/python3.7/site-packages/airflow/example_dags/example_xcomargs.py
[2024-11-01T18:44:15.032+0000] {processor.py:826} INFO - Processing file /home/airflow/.local/lib/python3.7/site-packages/airflow/example_dags/example_xcomargs.py for tasks to queue
[2024-11-01T18:44:15.035+0000] {logging_mixin.py:150} INFO - [2024-11-01T18:44:15.034+0000] {dagbag.py:541} INFO - Filling up the DagBag from /home/airflow/.local/lib/python3.7/site-packages/airflow/example_dags/example_xcomargs.py
[2024-11-01T18:44:15.053+0000] {processor.py:836} INFO - DAG(s) dict_keys(['example_xcom_args_with_operators', 'example_xcom_args']) retrieved from /home/airflow/.local/lib/python3.7/site-packages/airflow/example_dags/example_xcomargs.py
[2024-11-01T18:44:15.082+0000] {logging_mixin.py:150} INFO - [2024-11-01T18:44:15.082+0000] {dag.py:2742} INFO - Sync 2 DAGs
[2024-11-01T18:44:15.113+0000] {logging_mixin.py:150} INFO - [2024-11-01T18:44:15.113+0000] {dag.py:3508} INFO - Setting next_dagrun for example_xcom_args to None, run_after=None
[2024-11-01T18:44:15.118+0000] {logging_mixin.py:150} INFO - [2024-11-01T18:44:15.118+0000] {dag.py:3508} INFO - Setting next_dagrun for example_xcom_args_with_operators to None, run_after=None
[2024-11-01T18:44:15.135+0000] {processor.py:179} INFO - Processing /home/airflow/.local/lib/python3.7/site-packages/airflow/example_dags/example_xcomargs.py took 0.118 seconds
[2024-11-01T18:44:46.113+0000] {processor.py:157} INFO - Started process (PID=2823) to work on /home/airflow/.local/lib/python3.7/site-packages/airflow/example_dags/example_xcomargs.py
[2024-11-01T18:44:46.114+0000] {processor.py:826} INFO - Processing file /home/airflow/.local/lib/python3.7/site-packages/airflow/example_dags/example_xcomargs.py for tasks to queue
[2024-11-01T18:44:46.115+0000] {logging_mixin.py:150} INFO - [2024-11-01T18:44:46.115+0000] {dagbag.py:541} INFO - Filling up the DagBag from /home/airflow/.local/lib/python3.7/site-packages/airflow/example_dags/example_xcomargs.py
[2024-11-01T18:44:46.125+0000] {processor.py:836} INFO - DAG(s) dict_keys(['example_xcom_args_with_operators', 'example_xcom_args']) retrieved from /home/airflow/.local/lib/python3.7/site-packages/airflow/example_dags/example_xcomargs.py
[2024-11-01T18:44:46.154+0000] {logging_mixin.py:150} INFO - [2024-11-01T18:44:46.154+0000] {dag.py:2742} INFO - Sync 2 DAGs
[2024-11-01T18:44:46.187+0000] {logging_mixin.py:150} INFO - [2024-11-01T18:44:46.187+0000] {dag.py:3508} INFO - Setting next_dagrun for example_xcom_args to None, run_after=None
[2024-11-01T18:44:46.189+0000] {logging_mixin.py:150} INFO - [2024-11-01T18:44:46.189+0000] {dag.py:3508} INFO - Setting next_dagrun for example_xcom_args_with_operators to None, run_after=None
[2024-11-01T18:44:46.205+0000] {processor.py:179} INFO - Processing /home/airflow/.local/lib/python3.7/site-packages/airflow/example_dags/example_xcomargs.py took 0.096 seconds
[2024-11-01T18:45:16.660+0000] {processor.py:157} INFO - Started process (PID=2885) to work on /home/airflow/.local/lib/python3.7/site-packages/airflow/example_dags/example_xcomargs.py
[2024-11-01T18:45:16.662+0000] {processor.py:826} INFO - Processing file /home/airflow/.local/lib/python3.7/site-packages/airflow/example_dags/example_xcomargs.py for tasks to queue
[2024-11-01T18:45:16.663+0000] {logging_mixin.py:150} INFO - [2024-11-01T18:45:16.663+0000] {dagbag.py:541} INFO - Filling up the DagBag from /home/airflow/.local/lib/python3.7/site-packages/airflow/example_dags/example_xcomargs.py
[2024-11-01T18:45:16.671+0000] {processor.py:836} INFO - DAG(s) dict_keys(['example_xcom_args_with_operators', 'example_xcom_args']) retrieved from /home/airflow/.local/lib/python3.7/site-packages/airflow/example_dags/example_xcomargs.py
[2024-11-01T18:45:16.706+0000] {logging_mixin.py:150} INFO - [2024-11-01T18:45:16.706+0000] {dag.py:2742} INFO - Sync 2 DAGs
[2024-11-01T18:45:16.731+0000] {logging_mixin.py:150} INFO - [2024-11-01T18:45:16.731+0000] {dag.py:3508} INFO - Setting next_dagrun for example_xcom_args to None, run_after=None
[2024-11-01T18:45:16.734+0000] {logging_mixin.py:150} INFO - [2024-11-01T18:45:16.734+0000] {dag.py:3508} INFO - Setting next_dagrun for example_xcom_args_with_operators to None, run_after=None
[2024-11-01T18:45:16.746+0000] {processor.py:179} INFO - Processing /home/airflow/.local/lib/python3.7/site-packages/airflow/example_dags/example_xcomargs.py took 0.091 seconds
[2024-11-01T18:45:47.402+0000] {processor.py:157} INFO - Started process (PID=2947) to work on /home/airflow/.local/lib/python3.7/site-packages/airflow/example_dags/example_xcomargs.py
[2024-11-01T18:45:47.404+0000] {processor.py:826} INFO - Processing file /home/airflow/.local/lib/python3.7/site-packages/airflow/example_dags/example_xcomargs.py for tasks to queue
[2024-11-01T18:45:47.405+0000] {logging_mixin.py:150} INFO - [2024-11-01T18:45:47.405+0000] {dagbag.py:541} INFO - Filling up the DagBag from /home/airflow/.local/lib/python3.7/site-packages/airflow/example_dags/example_xcomargs.py
[2024-11-01T18:45:47.420+0000] {processor.py:836} INFO - DAG(s) dict_keys(['example_xcom_args', 'example_xcom_args_with_operators']) retrieved from /home/airflow/.local/lib/python3.7/site-packages/airflow/example_dags/example_xcomargs.py
[2024-11-01T18:45:47.446+0000] {logging_mixin.py:150} INFO - [2024-11-01T18:45:47.446+0000] {dag.py:2742} INFO - Sync 2 DAGs
[2024-11-01T18:45:47.465+0000] {logging_mixin.py:150} INFO - [2024-11-01T18:45:47.465+0000] {dag.py:3508} INFO - Setting next_dagrun for example_xcom_args to None, run_after=None
[2024-11-01T18:45:47.468+0000] {logging_mixin.py:150} INFO - [2024-11-01T18:45:47.467+0000] {dag.py:3508} INFO - Setting next_dagrun for example_xcom_args_with_operators to None, run_after=None
[2024-11-01T18:45:47.481+0000] {processor.py:179} INFO - Processing /home/airflow/.local/lib/python3.7/site-packages/airflow/example_dags/example_xcomargs.py took 0.086 seconds
[2024-11-01T18:46:18.432+0000] {processor.py:157} INFO - Started process (PID=3009) to work on /home/airflow/.local/lib/python3.7/site-packages/airflow/example_dags/example_xcomargs.py
[2024-11-01T18:46:18.444+0000] {processor.py:826} INFO - Processing file /home/airflow/.local/lib/python3.7/site-packages/airflow/example_dags/example_xcomargs.py for tasks to queue
[2024-11-01T18:46:18.446+0000] {logging_mixin.py:150} INFO - [2024-11-01T18:46:18.446+0000] {dagbag.py:541} INFO - Filling up the DagBag from /home/airflow/.local/lib/python3.7/site-packages/airflow/example_dags/example_xcomargs.py
[2024-11-01T18:46:18.472+0000] {processor.py:836} INFO - DAG(s) dict_keys(['example_xcom_args', 'example_xcom_args_with_operators']) retrieved from /home/airflow/.local/lib/python3.7/site-packages/airflow/example_dags/example_xcomargs.py
[2024-11-01T18:46:18.502+0000] {logging_mixin.py:150} INFO - [2024-11-01T18:46:18.501+0000] {dag.py:2742} INFO - Sync 2 DAGs
[2024-11-01T18:46:18.520+0000] {logging_mixin.py:150} INFO - [2024-11-01T18:46:18.520+0000] {dag.py:3508} INFO - Setting next_dagrun for example_xcom_args to None, run_after=None
[2024-11-01T18:46:18.523+0000] {logging_mixin.py:150} INFO - [2024-11-01T18:46:18.523+0000] {dag.py:3508} INFO - Setting next_dagrun for example_xcom_args_with_operators to None, run_after=None
[2024-11-01T18:46:18.536+0000] {processor.py:179} INFO - Processing /home/airflow/.local/lib/python3.7/site-packages/airflow/example_dags/example_xcomargs.py took 0.111 seconds
[2024-11-01T18:46:54.154+0000] {processor.py:157} INFO - Started process (PID=3071) to work on /home/airflow/.local/lib/python3.7/site-packages/airflow/example_dags/example_xcomargs.py
[2024-11-01T18:46:54.157+0000] {processor.py:826} INFO - Processing file /home/airflow/.local/lib/python3.7/site-packages/airflow/example_dags/example_xcomargs.py for tasks to queue
[2024-11-01T18:46:54.158+0000] {logging_mixin.py:150} INFO - [2024-11-01T18:46:54.158+0000] {dagbag.py:541} INFO - Filling up the DagBag from /home/airflow/.local/lib/python3.7/site-packages/airflow/example_dags/example_xcomargs.py
[2024-11-01T18:46:54.178+0000] {processor.py:836} INFO - DAG(s) dict_keys(['example_xcom_args', 'example_xcom_args_with_operators']) retrieved from /home/airflow/.local/lib/python3.7/site-packages/airflow/example_dags/example_xcomargs.py
[2024-11-01T18:46:54.227+0000] {logging_mixin.py:150} INFO - [2024-11-01T18:46:54.227+0000] {dag.py:2742} INFO - Sync 2 DAGs
[2024-11-01T18:46:54.264+0000] {logging_mixin.py:150} INFO - [2024-11-01T18:46:54.264+0000] {dag.py:3508} INFO - Setting next_dagrun for example_xcom_args to None, run_after=None
[2024-11-01T18:46:54.275+0000] {logging_mixin.py:150} INFO - [2024-11-01T18:46:54.275+0000] {dag.py:3508} INFO - Setting next_dagrun for example_xcom_args_with_operators to None, run_after=None
[2024-11-01T18:46:54.328+0000] {processor.py:179} INFO - Processing /home/airflow/.local/lib/python3.7/site-packages/airflow/example_dags/example_xcomargs.py took 0.191 seconds
[2024-11-01T18:47:24.498+0000] {processor.py:157} INFO - Started process (PID=3133) to work on /home/airflow/.local/lib/python3.7/site-packages/airflow/example_dags/example_xcomargs.py
[2024-11-01T18:47:24.499+0000] {processor.py:826} INFO - Processing file /home/airflow/.local/lib/python3.7/site-packages/airflow/example_dags/example_xcomargs.py for tasks to queue
[2024-11-01T18:47:24.500+0000] {logging_mixin.py:150} INFO - [2024-11-01T18:47:24.499+0000] {dagbag.py:541} INFO - Filling up the DagBag from /home/airflow/.local/lib/python3.7/site-packages/airflow/example_dags/example_xcomargs.py
[2024-11-01T18:47:24.506+0000] {processor.py:836} INFO - DAG(s) dict_keys(['example_xcom_args', 'example_xcom_args_with_operators']) retrieved from /home/airflow/.local/lib/python3.7/site-packages/airflow/example_dags/example_xcomargs.py
[2024-11-01T18:47:24.525+0000] {logging_mixin.py:150} INFO - [2024-11-01T18:47:24.525+0000] {dag.py:2742} INFO - Sync 2 DAGs
[2024-11-01T18:47:24.546+0000] {logging_mixin.py:150} INFO - [2024-11-01T18:47:24.545+0000] {dag.py:3508} INFO - Setting next_dagrun for example_xcom_args to None, run_after=None
[2024-11-01T18:47:24.548+0000] {logging_mixin.py:150} INFO - [2024-11-01T18:47:24.548+0000] {dag.py:3508} INFO - Setting next_dagrun for example_xcom_args_with_operators to None, run_after=None
[2024-11-01T18:47:24.559+0000] {processor.py:179} INFO - Processing /home/airflow/.local/lib/python3.7/site-packages/airflow/example_dags/example_xcomargs.py took 0.063 seconds
[2024-11-01T18:47:58.052+0000] {processor.py:157} INFO - Started process (PID=3195) to work on /home/airflow/.local/lib/python3.7/site-packages/airflow/example_dags/example_xcomargs.py
[2024-11-01T18:47:58.056+0000] {processor.py:826} INFO - Processing file /home/airflow/.local/lib/python3.7/site-packages/airflow/example_dags/example_xcomargs.py for tasks to queue
[2024-11-01T18:47:58.060+0000] {logging_mixin.py:150} INFO - [2024-11-01T18:47:58.060+0000] {dagbag.py:541} INFO - Filling up the DagBag from /home/airflow/.local/lib/python3.7/site-packages/airflow/example_dags/example_xcomargs.py
[2024-11-01T18:47:58.068+0000] {processor.py:836} INFO - DAG(s) dict_keys(['example_xcom_args_with_operators', 'example_xcom_args']) retrieved from /home/airflow/.local/lib/python3.7/site-packages/airflow/example_dags/example_xcomargs.py
[2024-11-01T18:47:58.129+0000] {logging_mixin.py:150} INFO - [2024-11-01T18:47:58.129+0000] {dag.py:2742} INFO - Sync 2 DAGs
[2024-11-01T18:47:58.176+0000] {logging_mixin.py:150} INFO - [2024-11-01T18:47:58.175+0000] {dag.py:3508} INFO - Setting next_dagrun for example_xcom_args to None, run_after=None
[2024-11-01T18:47:58.180+0000] {logging_mixin.py:150} INFO - [2024-11-01T18:47:58.180+0000] {dag.py:3508} INFO - Setting next_dagrun for example_xcom_args_with_operators to None, run_after=None
[2024-11-01T18:47:58.202+0000] {processor.py:179} INFO - Processing /home/airflow/.local/lib/python3.7/site-packages/airflow/example_dags/example_xcomargs.py took 0.156 seconds
[2024-11-01T18:48:29.065+0000] {processor.py:157} INFO - Started process (PID=3257) to work on /home/airflow/.local/lib/python3.7/site-packages/airflow/example_dags/example_xcomargs.py
[2024-11-01T18:48:29.066+0000] {processor.py:826} INFO - Processing file /home/airflow/.local/lib/python3.7/site-packages/airflow/example_dags/example_xcomargs.py for tasks to queue
[2024-11-01T18:48:29.067+0000] {logging_mixin.py:150} INFO - [2024-11-01T18:48:29.067+0000] {dagbag.py:541} INFO - Filling up the DagBag from /home/airflow/.local/lib/python3.7/site-packages/airflow/example_dags/example_xcomargs.py
[2024-11-01T18:48:29.080+0000] {processor.py:836} INFO - DAG(s) dict_keys(['example_xcom_args', 'example_xcom_args_with_operators']) retrieved from /home/airflow/.local/lib/python3.7/site-packages/airflow/example_dags/example_xcomargs.py
[2024-11-01T18:48:29.113+0000] {logging_mixin.py:150} INFO - [2024-11-01T18:48:29.112+0000] {dag.py:2742} INFO - Sync 2 DAGs
[2024-11-01T18:48:29.134+0000] {logging_mixin.py:150} INFO - [2024-11-01T18:48:29.134+0000] {dag.py:3508} INFO - Setting next_dagrun for example_xcom_args to None, run_after=None
[2024-11-01T18:48:29.137+0000] {logging_mixin.py:150} INFO - [2024-11-01T18:48:29.136+0000] {dag.py:3508} INFO - Setting next_dagrun for example_xcom_args_with_operators to None, run_after=None
[2024-11-01T18:48:29.153+0000] {processor.py:179} INFO - Processing /home/airflow/.local/lib/python3.7/site-packages/airflow/example_dags/example_xcomargs.py took 0.091 seconds
[2024-11-01T18:49:00.090+0000] {processor.py:157} INFO - Started process (PID=3319) to work on /home/airflow/.local/lib/python3.7/site-packages/airflow/example_dags/example_xcomargs.py
[2024-11-01T18:49:00.092+0000] {processor.py:826} INFO - Processing file /home/airflow/.local/lib/python3.7/site-packages/airflow/example_dags/example_xcomargs.py for tasks to queue
[2024-11-01T18:49:00.093+0000] {logging_mixin.py:150} INFO - [2024-11-01T18:49:00.093+0000] {dagbag.py:541} INFO - Filling up the DagBag from /home/airflow/.local/lib/python3.7/site-packages/airflow/example_dags/example_xcomargs.py
[2024-11-01T18:49:00.099+0000] {processor.py:836} INFO - DAG(s) dict_keys(['example_xcom_args', 'example_xcom_args_with_operators']) retrieved from /home/airflow/.local/lib/python3.7/site-packages/airflow/example_dags/example_xcomargs.py
[2024-11-01T18:49:00.123+0000] {logging_mixin.py:150} INFO - [2024-11-01T18:49:00.123+0000] {dag.py:2742} INFO - Sync 2 DAGs
[2024-11-01T18:49:00.138+0000] {logging_mixin.py:150} INFO - [2024-11-01T18:49:00.138+0000] {dag.py:3508} INFO - Setting next_dagrun for example_xcom_args to None, run_after=None
[2024-11-01T18:49:00.140+0000] {logging_mixin.py:150} INFO - [2024-11-01T18:49:00.140+0000] {dag.py:3508} INFO - Setting next_dagrun for example_xcom_args_with_operators to None, run_after=None
[2024-11-01T18:49:00.150+0000] {processor.py:179} INFO - Processing /home/airflow/.local/lib/python3.7/site-packages/airflow/example_dags/example_xcomargs.py took 0.065 seconds
[2024-11-01T18:49:30.311+0000] {processor.py:157} INFO - Started process (PID=3381) to work on /home/airflow/.local/lib/python3.7/site-packages/airflow/example_dags/example_xcomargs.py
[2024-11-01T18:49:30.312+0000] {processor.py:826} INFO - Processing file /home/airflow/.local/lib/python3.7/site-packages/airflow/example_dags/example_xcomargs.py for tasks to queue
[2024-11-01T18:49:30.312+0000] {logging_mixin.py:150} INFO - [2024-11-01T18:49:30.312+0000] {dagbag.py:541} INFO - Filling up the DagBag from /home/airflow/.local/lib/python3.7/site-packages/airflow/example_dags/example_xcomargs.py
[2024-11-01T18:49:30.316+0000] {processor.py:836} INFO - DAG(s) dict_keys(['example_xcom_args', 'example_xcom_args_with_operators']) retrieved from /home/airflow/.local/lib/python3.7/site-packages/airflow/example_dags/example_xcomargs.py
[2024-11-01T18:49:30.329+0000] {logging_mixin.py:150} INFO - [2024-11-01T18:49:30.329+0000] {dag.py:2742} INFO - Sync 2 DAGs
[2024-11-01T18:49:30.340+0000] {logging_mixin.py:150} INFO - [2024-11-01T18:49:30.340+0000] {dag.py:3508} INFO - Setting next_dagrun for example_xcom_args to None, run_after=None
[2024-11-01T18:49:30.342+0000] {logging_mixin.py:150} INFO - [2024-11-01T18:49:30.342+0000] {dag.py:3508} INFO - Setting next_dagrun for example_xcom_args_with_operators to None, run_after=None
[2024-11-01T18:49:30.349+0000] {processor.py:179} INFO - Processing /home/airflow/.local/lib/python3.7/site-packages/airflow/example_dags/example_xcomargs.py took 0.039 seconds
[2024-11-01T18:50:00.667+0000] {processor.py:157} INFO - Started process (PID=3443) to work on /home/airflow/.local/lib/python3.7/site-packages/airflow/example_dags/example_xcomargs.py
[2024-11-01T18:50:00.668+0000] {processor.py:826} INFO - Processing file /home/airflow/.local/lib/python3.7/site-packages/airflow/example_dags/example_xcomargs.py for tasks to queue
[2024-11-01T18:50:00.668+0000] {logging_mixin.py:150} INFO - [2024-11-01T18:50:00.668+0000] {dagbag.py:541} INFO - Filling up the DagBag from /home/airflow/.local/lib/python3.7/site-packages/airflow/example_dags/example_xcomargs.py
[2024-11-01T18:50:00.674+0000] {processor.py:836} INFO - DAG(s) dict_keys(['example_xcom_args', 'example_xcom_args_with_operators']) retrieved from /home/airflow/.local/lib/python3.7/site-packages/airflow/example_dags/example_xcomargs.py
[2024-11-01T18:50:00.699+0000] {logging_mixin.py:150} INFO - [2024-11-01T18:50:00.699+0000] {dag.py:2742} INFO - Sync 2 DAGs
[2024-11-01T18:50:00.718+0000] {logging_mixin.py:150} INFO - [2024-11-01T18:50:00.718+0000] {dag.py:3508} INFO - Setting next_dagrun for example_xcom_args to None, run_after=None
[2024-11-01T18:50:00.720+0000] {logging_mixin.py:150} INFO - [2024-11-01T18:50:00.720+0000] {dag.py:3508} INFO - Setting next_dagrun for example_xcom_args_with_operators to None, run_after=None
[2024-11-01T18:50:00.728+0000] {processor.py:179} INFO - Processing /home/airflow/.local/lib/python3.7/site-packages/airflow/example_dags/example_xcomargs.py took 0.062 seconds
[2024-11-01T18:50:30.774+0000] {processor.py:157} INFO - Started process (PID=3505) to work on /home/airflow/.local/lib/python3.7/site-packages/airflow/example_dags/example_xcomargs.py
[2024-11-01T18:50:30.774+0000] {processor.py:826} INFO - Processing file /home/airflow/.local/lib/python3.7/site-packages/airflow/example_dags/example_xcomargs.py for tasks to queue
[2024-11-01T18:50:30.775+0000] {logging_mixin.py:150} INFO - [2024-11-01T18:50:30.775+0000] {dagbag.py:541} INFO - Filling up the DagBag from /home/airflow/.local/lib/python3.7/site-packages/airflow/example_dags/example_xcomargs.py
[2024-11-01T18:50:30.779+0000] {processor.py:836} INFO - DAG(s) dict_keys(['example_xcom_args', 'example_xcom_args_with_operators']) retrieved from /home/airflow/.local/lib/python3.7/site-packages/airflow/example_dags/example_xcomargs.py
[2024-11-01T18:50:30.797+0000] {logging_mixin.py:150} INFO - [2024-11-01T18:50:30.797+0000] {dag.py:2742} INFO - Sync 2 DAGs
[2024-11-01T18:50:30.815+0000] {logging_mixin.py:150} INFO - [2024-11-01T18:50:30.815+0000] {dag.py:3508} INFO - Setting next_dagrun for example_xcom_args to None, run_after=None
[2024-11-01T18:50:30.817+0000] {logging_mixin.py:150} INFO - [2024-11-01T18:50:30.817+0000] {dag.py:3508} INFO - Setting next_dagrun for example_xcom_args_with_operators to None, run_after=None
[2024-11-01T18:50:30.828+0000] {processor.py:179} INFO - Processing /home/airflow/.local/lib/python3.7/site-packages/airflow/example_dags/example_xcomargs.py took 0.056 seconds
[2024-11-01T18:51:01.142+0000] {processor.py:157} INFO - Started process (PID=3567) to work on /home/airflow/.local/lib/python3.7/site-packages/airflow/example_dags/example_xcomargs.py
[2024-11-01T18:51:01.144+0000] {processor.py:826} INFO - Processing file /home/airflow/.local/lib/python3.7/site-packages/airflow/example_dags/example_xcomargs.py for tasks to queue
[2024-11-01T18:51:01.144+0000] {logging_mixin.py:150} INFO - [2024-11-01T18:51:01.144+0000] {dagbag.py:541} INFO - Filling up the DagBag from /home/airflow/.local/lib/python3.7/site-packages/airflow/example_dags/example_xcomargs.py
[2024-11-01T18:51:01.149+0000] {processor.py:836} INFO - DAG(s) dict_keys(['example_xcom_args', 'example_xcom_args_with_operators']) retrieved from /home/airflow/.local/lib/python3.7/site-packages/airflow/example_dags/example_xcomargs.py
[2024-11-01T18:51:01.198+0000] {logging_mixin.py:150} INFO - [2024-11-01T18:51:01.197+0000] {dag.py:2742} INFO - Sync 2 DAGs
[2024-11-01T18:51:01.221+0000] {logging_mixin.py:150} INFO - [2024-11-01T18:51:01.221+0000] {dag.py:3508} INFO - Setting next_dagrun for example_xcom_args to None, run_after=None
[2024-11-01T18:51:01.225+0000] {logging_mixin.py:150} INFO - [2024-11-01T18:51:01.224+0000] {dag.py:3508} INFO - Setting next_dagrun for example_xcom_args_with_operators to None, run_after=None
[2024-11-01T18:51:01.241+0000] {processor.py:179} INFO - Processing /home/airflow/.local/lib/python3.7/site-packages/airflow/example_dags/example_xcomargs.py took 0.107 seconds
[2024-11-01T18:51:32.169+0000] {processor.py:157} INFO - Started process (PID=3629) to work on /home/airflow/.local/lib/python3.7/site-packages/airflow/example_dags/example_xcomargs.py
[2024-11-01T18:51:32.170+0000] {processor.py:826} INFO - Processing file /home/airflow/.local/lib/python3.7/site-packages/airflow/example_dags/example_xcomargs.py for tasks to queue
[2024-11-01T18:51:32.171+0000] {logging_mixin.py:150} INFO - [2024-11-01T18:51:32.170+0000] {dagbag.py:541} INFO - Filling up the DagBag from /home/airflow/.local/lib/python3.7/site-packages/airflow/example_dags/example_xcomargs.py
[2024-11-01T18:51:32.177+0000] {processor.py:836} INFO - DAG(s) dict_keys(['example_xcom_args_with_operators', 'example_xcom_args']) retrieved from /home/airflow/.local/lib/python3.7/site-packages/airflow/example_dags/example_xcomargs.py
[2024-11-01T18:51:32.195+0000] {logging_mixin.py:150} INFO - [2024-11-01T18:51:32.195+0000] {dag.py:2742} INFO - Sync 2 DAGs
[2024-11-01T18:51:32.216+0000] {logging_mixin.py:150} INFO - [2024-11-01T18:51:32.216+0000] {dag.py:3508} INFO - Setting next_dagrun for example_xcom_args to None, run_after=None
[2024-11-01T18:51:32.218+0000] {logging_mixin.py:150} INFO - [2024-11-01T18:51:32.218+0000] {dag.py:3508} INFO - Setting next_dagrun for example_xcom_args_with_operators to None, run_after=None
[2024-11-01T18:51:32.228+0000] {processor.py:179} INFO - Processing /home/airflow/.local/lib/python3.7/site-packages/airflow/example_dags/example_xcomargs.py took 0.062 seconds
[2024-11-01T18:52:02.908+0000] {processor.py:157} INFO - Started process (PID=3691) to work on /home/airflow/.local/lib/python3.7/site-packages/airflow/example_dags/example_xcomargs.py
[2024-11-01T18:52:02.909+0000] {processor.py:826} INFO - Processing file /home/airflow/.local/lib/python3.7/site-packages/airflow/example_dags/example_xcomargs.py for tasks to queue
[2024-11-01T18:52:02.909+0000] {logging_mixin.py:150} INFO - [2024-11-01T18:52:02.909+0000] {dagbag.py:541} INFO - Filling up the DagBag from /home/airflow/.local/lib/python3.7/site-packages/airflow/example_dags/example_xcomargs.py
[2024-11-01T18:52:02.915+0000] {processor.py:836} INFO - DAG(s) dict_keys(['example_xcom_args_with_operators', 'example_xcom_args']) retrieved from /home/airflow/.local/lib/python3.7/site-packages/airflow/example_dags/example_xcomargs.py
[2024-11-01T18:52:02.942+0000] {logging_mixin.py:150} INFO - [2024-11-01T18:52:02.942+0000] {dag.py:2742} INFO - Sync 2 DAGs
[2024-11-01T18:52:02.959+0000] {logging_mixin.py:150} INFO - [2024-11-01T18:52:02.959+0000] {dag.py:3508} INFO - Setting next_dagrun for example_xcom_args to None, run_after=None
[2024-11-01T18:52:02.961+0000] {logging_mixin.py:150} INFO - [2024-11-01T18:52:02.961+0000] {dag.py:3508} INFO - Setting next_dagrun for example_xcom_args_with_operators to None, run_after=None
[2024-11-01T18:52:02.970+0000] {processor.py:179} INFO - Processing /home/airflow/.local/lib/python3.7/site-packages/airflow/example_dags/example_xcomargs.py took 0.064 seconds
[2024-11-01T18:52:33.039+0000] {processor.py:157} INFO - Started process (PID=3752) to work on /home/airflow/.local/lib/python3.7/site-packages/airflow/example_dags/example_xcomargs.py
[2024-11-01T18:52:33.040+0000] {processor.py:826} INFO - Processing file /home/airflow/.local/lib/python3.7/site-packages/airflow/example_dags/example_xcomargs.py for tasks to queue
[2024-11-01T18:52:33.040+0000] {logging_mixin.py:150} INFO - [2024-11-01T18:52:33.040+0000] {dagbag.py:541} INFO - Filling up the DagBag from /home/airflow/.local/lib/python3.7/site-packages/airflow/example_dags/example_xcomargs.py
[2024-11-01T18:52:33.046+0000] {processor.py:836} INFO - DAG(s) dict_keys(['example_xcom_args_with_operators', 'example_xcom_args']) retrieved from /home/airflow/.local/lib/python3.7/site-packages/airflow/example_dags/example_xcomargs.py
[2024-11-01T18:52:33.060+0000] {logging_mixin.py:150} INFO - [2024-11-01T18:52:33.060+0000] {dag.py:2742} INFO - Sync 2 DAGs
[2024-11-01T18:52:33.073+0000] {logging_mixin.py:150} INFO - [2024-11-01T18:52:33.073+0000] {dag.py:3508} INFO - Setting next_dagrun for example_xcom_args to None, run_after=None
[2024-11-01T18:52:33.076+0000] {logging_mixin.py:150} INFO - [2024-11-01T18:52:33.076+0000] {dag.py:3508} INFO - Setting next_dagrun for example_xcom_args_with_operators to None, run_after=None
[2024-11-01T18:52:33.084+0000] {processor.py:179} INFO - Processing /home/airflow/.local/lib/python3.7/site-packages/airflow/example_dags/example_xcomargs.py took 0.048 seconds
