[2024-11-01T18:12:08.037+0000] {processor.py:157} INFO - Started process (PID=87) to work on /home/airflow/.local/lib/python3.7/site-packages/airflow/example_dags/example_short_circuit_operator.py
[2024-11-01T18:12:08.039+0000] {processor.py:826} INFO - Processing file /home/airflow/.local/lib/python3.7/site-packages/airflow/example_dags/example_short_circuit_operator.py for tasks to queue
[2024-11-01T18:12:08.040+0000] {logging_mixin.py:150} INFO - [2024-11-01T18:12:08.040+0000] {dagbag.py:541} INFO - Filling up the DagBag from /home/airflow/.local/lib/python3.7/site-packages/airflow/example_dags/example_short_circuit_operator.py
[2024-11-01T18:12:08.053+0000] {processor.py:836} INFO - DAG(s) dict_keys(['example_short_circuit_operator']) retrieved from /home/airflow/.local/lib/python3.7/site-packages/airflow/example_dags/example_short_circuit_operator.py
[2024-11-01T18:12:08.310+0000] {logging_mixin.py:150} INFO - [2024-11-01T18:12:08.309+0000] {dag.py:2742} INFO - Sync 1 DAGs
[2024-11-01T18:12:08.400+0000] {logging_mixin.py:150} INFO - [2024-11-01T18:12:08.400+0000] {dag.py:3508} INFO - Setting next_dagrun for example_short_circuit_operator to 2024-10-31T18:12:08.393281+00:00, run_after=2024-11-01T18:12:08.393281+00:00
[2024-11-01T18:12:08.434+0000] {processor.py:179} INFO - Processing /home/airflow/.local/lib/python3.7/site-packages/airflow/example_dags/example_short_circuit_operator.py took 0.402 seconds
[2024-11-01T18:12:58.497+0000] {processor.py:157} INFO - Started process (PID=156) to work on /home/airflow/.local/lib/python3.7/site-packages/airflow/example_dags/example_short_circuit_operator.py
[2024-11-01T18:12:58.499+0000] {processor.py:826} INFO - Processing file /home/airflow/.local/lib/python3.7/site-packages/airflow/example_dags/example_short_circuit_operator.py for tasks to queue
[2024-11-01T18:12:58.499+0000] {logging_mixin.py:150} INFO - [2024-11-01T18:12:58.499+0000] {dagbag.py:541} INFO - Filling up the DagBag from /home/airflow/.local/lib/python3.7/site-packages/airflow/example_dags/example_short_circuit_operator.py
[2024-11-01T18:12:58.507+0000] {processor.py:836} INFO - DAG(s) dict_keys(['example_short_circuit_operator']) retrieved from /home/airflow/.local/lib/python3.7/site-packages/airflow/example_dags/example_short_circuit_operator.py
[2024-11-01T18:12:58.526+0000] {logging_mixin.py:150} INFO - [2024-11-01T18:12:58.526+0000] {dag.py:2742} INFO - Sync 1 DAGs
[2024-11-01T18:12:58.540+0000] {logging_mixin.py:150} INFO - [2024-11-01T18:12:58.540+0000] {dag.py:3508} INFO - Setting next_dagrun for example_short_circuit_operator to 2024-10-31T18:12:58.540679+00:00, run_after=2024-11-01T18:12:58.540679+00:00
[2024-11-01T18:12:58.555+0000] {processor.py:179} INFO - Processing /home/airflow/.local/lib/python3.7/site-packages/airflow/example_dags/example_short_circuit_operator.py took 0.060 seconds
[2024-11-01T18:14:16.258+0000] {processor.py:157} INFO - Started process (PID=231) to work on /home/airflow/.local/lib/python3.7/site-packages/airflow/example_dags/example_short_circuit_operator.py
[2024-11-01T18:14:16.312+0000] {processor.py:826} INFO - Processing file /home/airflow/.local/lib/python3.7/site-packages/airflow/example_dags/example_short_circuit_operator.py for tasks to queue
[2024-11-01T18:14:16.408+0000] {logging_mixin.py:150} INFO - [2024-11-01T18:14:16.373+0000] {dagbag.py:541} INFO - Filling up the DagBag from /home/airflow/.local/lib/python3.7/site-packages/airflow/example_dags/example_short_circuit_operator.py
[2024-11-01T18:14:16.459+0000] {processor.py:836} INFO - DAG(s) dict_keys(['example_short_circuit_operator']) retrieved from /home/airflow/.local/lib/python3.7/site-packages/airflow/example_dags/example_short_circuit_operator.py
[2024-11-01T18:14:18.228+0000] {logging_mixin.py:150} INFO - [2024-11-01T18:14:18.227+0000] {dag.py:2742} INFO - Sync 1 DAGs
[2024-11-01T18:14:23.498+0000] {logging_mixin.py:150} INFO - [2024-11-01T18:14:23.466+0000] {dag.py:3508} INFO - Setting next_dagrun for example_short_circuit_operator to 2024-10-31T18:14:23.459223+00:00, run_after=2024-11-01T18:14:23.459223+00:00
[2024-11-01T18:14:23.853+0000] {processor.py:179} INFO - Processing /home/airflow/.local/lib/python3.7/site-packages/airflow/example_dags/example_short_circuit_operator.py took 7.601 seconds
[2024-11-01T18:17:44.185+0000] {processor.py:157} INFO - Started process (PID=354) to work on /home/airflow/.local/lib/python3.7/site-packages/airflow/example_dags/example_short_circuit_operator.py
[2024-11-01T18:17:44.196+0000] {processor.py:826} INFO - Processing file /home/airflow/.local/lib/python3.7/site-packages/airflow/example_dags/example_short_circuit_operator.py for tasks to queue
[2024-11-01T18:17:44.206+0000] {logging_mixin.py:150} INFO - [2024-11-01T18:17:44.205+0000] {dagbag.py:541} INFO - Filling up the DagBag from /home/airflow/.local/lib/python3.7/site-packages/airflow/example_dags/example_short_circuit_operator.py
[2024-11-01T18:17:44.339+0000] {processor.py:836} INFO - DAG(s) dict_keys(['example_short_circuit_operator']) retrieved from /home/airflow/.local/lib/python3.7/site-packages/airflow/example_dags/example_short_circuit_operator.py
[2024-11-01T18:17:45.134+0000] {logging_mixin.py:150} INFO - [2024-11-01T18:17:45.132+0000] {dag.py:2742} INFO - Sync 1 DAGs
[2024-11-01T18:17:45.524+0000] {logging_mixin.py:150} INFO - [2024-11-01T18:17:45.522+0000] {dag.py:3508} INFO - Setting next_dagrun for example_short_circuit_operator to 2024-10-31T18:17:45.516318+00:00, run_after=2024-11-01T18:17:45.516318+00:00
[2024-11-01T18:17:45.835+0000] {processor.py:179} INFO - Processing /home/airflow/.local/lib/python3.7/site-packages/airflow/example_dags/example_short_circuit_operator.py took 1.673 seconds
[2024-11-01T18:18:53.032+0000] {processor.py:157} INFO - Started process (PID=453) to work on /home/airflow/.local/lib/python3.7/site-packages/airflow/example_dags/example_short_circuit_operator.py
[2024-11-01T18:18:53.093+0000] {processor.py:826} INFO - Processing file /home/airflow/.local/lib/python3.7/site-packages/airflow/example_dags/example_short_circuit_operator.py for tasks to queue
[2024-11-01T18:18:53.095+0000] {logging_mixin.py:150} INFO - [2024-11-01T18:18:53.094+0000] {dagbag.py:541} INFO - Filling up the DagBag from /home/airflow/.local/lib/python3.7/site-packages/airflow/example_dags/example_short_circuit_operator.py
[2024-11-01T18:18:53.106+0000] {processor.py:836} INFO - DAG(s) dict_keys(['example_short_circuit_operator']) retrieved from /home/airflow/.local/lib/python3.7/site-packages/airflow/example_dags/example_short_circuit_operator.py
[2024-11-01T18:18:53.310+0000] {logging_mixin.py:150} INFO - [2024-11-01T18:18:53.309+0000] {dag.py:2742} INFO - Sync 1 DAGs
[2024-11-01T18:18:53.454+0000] {logging_mixin.py:150} INFO - [2024-11-01T18:18:53.454+0000] {dag.py:3508} INFO - Setting next_dagrun for example_short_circuit_operator to 2024-10-31T18:18:53.453900+00:00, run_after=2024-11-01T18:18:53.453900+00:00
[2024-11-01T18:18:53.551+0000] {processor.py:179} INFO - Processing /home/airflow/.local/lib/python3.7/site-packages/airflow/example_dags/example_short_circuit_operator.py took 0.562 seconds
[2024-11-01T18:19:28.060+0000] {processor.py:157} INFO - Started process (PID=514) to work on /home/airflow/.local/lib/python3.7/site-packages/airflow/example_dags/example_short_circuit_operator.py
[2024-11-01T18:19:28.065+0000] {processor.py:826} INFO - Processing file /home/airflow/.local/lib/python3.7/site-packages/airflow/example_dags/example_short_circuit_operator.py for tasks to queue
[2024-11-01T18:19:28.067+0000] {logging_mixin.py:150} INFO - [2024-11-01T18:19:28.066+0000] {dagbag.py:541} INFO - Filling up the DagBag from /home/airflow/.local/lib/python3.7/site-packages/airflow/example_dags/example_short_circuit_operator.py
[2024-11-01T18:19:28.079+0000] {processor.py:836} INFO - DAG(s) dict_keys(['example_short_circuit_operator']) retrieved from /home/airflow/.local/lib/python3.7/site-packages/airflow/example_dags/example_short_circuit_operator.py
[2024-11-01T18:19:28.132+0000] {logging_mixin.py:150} INFO - [2024-11-01T18:19:28.132+0000] {dag.py:2742} INFO - Sync 1 DAGs
[2024-11-01T18:19:28.154+0000] {logging_mixin.py:150} INFO - [2024-11-01T18:19:28.154+0000] {dag.py:3508} INFO - Setting next_dagrun for example_short_circuit_operator to 2024-10-31T18:19:28.154100+00:00, run_after=2024-11-01T18:19:28.154100+00:00
[2024-11-01T18:19:28.185+0000] {processor.py:179} INFO - Processing /home/airflow/.local/lib/python3.7/site-packages/airflow/example_dags/example_short_circuit_operator.py took 0.135 seconds
[2024-11-01T18:20:25.586+0000] {processor.py:157} INFO - Started process (PID=611) to work on /home/airflow/.local/lib/python3.7/site-packages/airflow/example_dags/example_short_circuit_operator.py
[2024-11-01T18:20:25.589+0000] {processor.py:826} INFO - Processing file /home/airflow/.local/lib/python3.7/site-packages/airflow/example_dags/example_short_circuit_operator.py for tasks to queue
[2024-11-01T18:20:25.591+0000] {logging_mixin.py:150} INFO - [2024-11-01T18:20:25.591+0000] {dagbag.py:541} INFO - Filling up the DagBag from /home/airflow/.local/lib/python3.7/site-packages/airflow/example_dags/example_short_circuit_operator.py
[2024-11-01T18:20:25.605+0000] {processor.py:836} INFO - DAG(s) dict_keys(['example_short_circuit_operator']) retrieved from /home/airflow/.local/lib/python3.7/site-packages/airflow/example_dags/example_short_circuit_operator.py
[2024-11-01T18:20:25.941+0000] {logging_mixin.py:150} INFO - [2024-11-01T18:20:25.940+0000] {dag.py:2742} INFO - Sync 1 DAGs
[2024-11-01T18:20:26.046+0000] {logging_mixin.py:150} INFO - [2024-11-01T18:20:26.045+0000] {dag.py:3508} INFO - Setting next_dagrun for example_short_circuit_operator to 2024-10-31T18:20:26.045033+00:00, run_after=2024-11-01T18:20:26.045033+00:00
[2024-11-01T18:20:26.119+0000] {processor.py:179} INFO - Processing /home/airflow/.local/lib/python3.7/site-packages/airflow/example_dags/example_short_circuit_operator.py took 0.537 seconds
[2024-11-01T18:24:03.937+0000] {processor.py:157} INFO - Started process (PID=746) to work on /home/airflow/.local/lib/python3.7/site-packages/airflow/example_dags/example_short_circuit_operator.py
[2024-11-01T18:24:03.948+0000] {processor.py:826} INFO - Processing file /home/airflow/.local/lib/python3.7/site-packages/airflow/example_dags/example_short_circuit_operator.py for tasks to queue
[2024-11-01T18:24:03.956+0000] {logging_mixin.py:150} INFO - [2024-11-01T18:24:03.955+0000] {dagbag.py:541} INFO - Filling up the DagBag from /home/airflow/.local/lib/python3.7/site-packages/airflow/example_dags/example_short_circuit_operator.py
[2024-11-01T18:24:03.974+0000] {processor.py:836} INFO - DAG(s) dict_keys(['example_short_circuit_operator']) retrieved from /home/airflow/.local/lib/python3.7/site-packages/airflow/example_dags/example_short_circuit_operator.py
[2024-11-01T18:24:05.150+0000] {logging_mixin.py:150} INFO - [2024-11-01T18:24:05.149+0000] {dag.py:2742} INFO - Sync 1 DAGs
[2024-11-01T18:24:05.527+0000] {logging_mixin.py:150} INFO - [2024-11-01T18:24:05.526+0000] {dag.py:3508} INFO - Setting next_dagrun for example_short_circuit_operator to 2024-10-31T18:24:05.526074+00:00, run_after=2024-11-01T18:24:05.526074+00:00
[2024-11-01T18:24:05.654+0000] {processor.py:179} INFO - Processing /home/airflow/.local/lib/python3.7/site-packages/airflow/example_dags/example_short_circuit_operator.py took 1.729 seconds
[2024-11-01T18:25:22.726+0000] {processor.py:157} INFO - Started process (PID=820) to work on /home/airflow/.local/lib/python3.7/site-packages/airflow/example_dags/example_short_circuit_operator.py
[2024-11-01T18:25:23.245+0000] {processor.py:826} INFO - Processing file /home/airflow/.local/lib/python3.7/site-packages/airflow/example_dags/example_short_circuit_operator.py for tasks to queue
[2024-11-01T18:25:23.258+0000] {logging_mixin.py:150} INFO - [2024-11-01T18:25:23.255+0000] {dagbag.py:541} INFO - Filling up the DagBag from /home/airflow/.local/lib/python3.7/site-packages/airflow/example_dags/example_short_circuit_operator.py
[2024-11-01T18:25:23.553+0000] {processor.py:836} INFO - DAG(s) dict_keys(['example_short_circuit_operator']) retrieved from /home/airflow/.local/lib/python3.7/site-packages/airflow/example_dags/example_short_circuit_operator.py
[2024-11-01T18:25:24.482+0000] {logging_mixin.py:150} INFO - [2024-11-01T18:25:24.469+0000] {dag.py:2742} INFO - Sync 1 DAGs
[2024-11-01T18:25:24.826+0000] {logging_mixin.py:150} INFO - [2024-11-01T18:25:24.819+0000] {dag.py:3508} INFO - Setting next_dagrun for example_short_circuit_operator to 2024-10-31T18:25:24.814559+00:00, run_after=2024-11-01T18:25:24.814559+00:00
[2024-11-01T18:25:25.040+0000] {processor.py:179} INFO - Processing /home/airflow/.local/lib/python3.7/site-packages/airflow/example_dags/example_short_circuit_operator.py took 2.398 seconds
[2024-11-01T18:26:06.883+0000] {processor.py:157} INFO - Started process (PID=898) to work on /home/airflow/.local/lib/python3.7/site-packages/airflow/example_dags/example_short_circuit_operator.py
[2024-11-01T18:26:06.886+0000] {processor.py:826} INFO - Processing file /home/airflow/.local/lib/python3.7/site-packages/airflow/example_dags/example_short_circuit_operator.py for tasks to queue
[2024-11-01T18:26:06.893+0000] {logging_mixin.py:150} INFO - [2024-11-01T18:26:06.888+0000] {dagbag.py:541} INFO - Filling up the DagBag from /home/airflow/.local/lib/python3.7/site-packages/airflow/example_dags/example_short_circuit_operator.py
[2024-11-01T18:26:06.964+0000] {processor.py:836} INFO - DAG(s) dict_keys(['example_short_circuit_operator']) retrieved from /home/airflow/.local/lib/python3.7/site-packages/airflow/example_dags/example_short_circuit_operator.py
[2024-11-01T18:26:06.993+0000] {logging_mixin.py:150} INFO - [2024-11-01T18:26:06.992+0000] {dag.py:2742} INFO - Sync 1 DAGs
[2024-11-01T18:26:07.010+0000] {logging_mixin.py:150} INFO - [2024-11-01T18:26:07.010+0000] {dag.py:3508} INFO - Setting next_dagrun for example_short_circuit_operator to 2024-10-31T18:26:07.010423+00:00, run_after=2024-11-01T18:26:07.010423+00:00
[2024-11-01T18:26:07.040+0000] {processor.py:179} INFO - Processing /home/airflow/.local/lib/python3.7/site-packages/airflow/example_dags/example_short_circuit_operator.py took 0.163 seconds
[2024-11-01T18:26:37.761+0000] {processor.py:157} INFO - Started process (PID=960) to work on /home/airflow/.local/lib/python3.7/site-packages/airflow/example_dags/example_short_circuit_operator.py
[2024-11-01T18:26:37.762+0000] {processor.py:826} INFO - Processing file /home/airflow/.local/lib/python3.7/site-packages/airflow/example_dags/example_short_circuit_operator.py for tasks to queue
[2024-11-01T18:26:37.762+0000] {logging_mixin.py:150} INFO - [2024-11-01T18:26:37.762+0000] {dagbag.py:541} INFO - Filling up the DagBag from /home/airflow/.local/lib/python3.7/site-packages/airflow/example_dags/example_short_circuit_operator.py
[2024-11-01T18:26:37.767+0000] {processor.py:836} INFO - DAG(s) dict_keys(['example_short_circuit_operator']) retrieved from /home/airflow/.local/lib/python3.7/site-packages/airflow/example_dags/example_short_circuit_operator.py
[2024-11-01T18:26:37.785+0000] {logging_mixin.py:150} INFO - [2024-11-01T18:26:37.785+0000] {dag.py:2742} INFO - Sync 1 DAGs
[2024-11-01T18:26:37.803+0000] {logging_mixin.py:150} INFO - [2024-11-01T18:26:37.803+0000] {dag.py:3508} INFO - Setting next_dagrun for example_short_circuit_operator to 2024-10-31T18:26:37.803368+00:00, run_after=2024-11-01T18:26:37.803368+00:00
[2024-11-01T18:26:37.813+0000] {processor.py:179} INFO - Processing /home/airflow/.local/lib/python3.7/site-packages/airflow/example_dags/example_short_circuit_operator.py took 0.053 seconds
[2024-11-01T18:27:08.102+0000] {processor.py:157} INFO - Started process (PID=1022) to work on /home/airflow/.local/lib/python3.7/site-packages/airflow/example_dags/example_short_circuit_operator.py
[2024-11-01T18:27:08.102+0000] {processor.py:826} INFO - Processing file /home/airflow/.local/lib/python3.7/site-packages/airflow/example_dags/example_short_circuit_operator.py for tasks to queue
[2024-11-01T18:27:08.103+0000] {logging_mixin.py:150} INFO - [2024-11-01T18:27:08.103+0000] {dagbag.py:541} INFO - Filling up the DagBag from /home/airflow/.local/lib/python3.7/site-packages/airflow/example_dags/example_short_circuit_operator.py
[2024-11-01T18:27:08.110+0000] {processor.py:836} INFO - DAG(s) dict_keys(['example_short_circuit_operator']) retrieved from /home/airflow/.local/lib/python3.7/site-packages/airflow/example_dags/example_short_circuit_operator.py
[2024-11-01T18:27:08.133+0000] {logging_mixin.py:150} INFO - [2024-11-01T18:27:08.133+0000] {dag.py:2742} INFO - Sync 1 DAGs
[2024-11-01T18:27:08.148+0000] {logging_mixin.py:150} INFO - [2024-11-01T18:27:08.148+0000] {dag.py:3508} INFO - Setting next_dagrun for example_short_circuit_operator to 2024-10-31T18:27:08.147927+00:00, run_after=2024-11-01T18:27:08.147927+00:00
[2024-11-01T18:27:08.157+0000] {processor.py:179} INFO - Processing /home/airflow/.local/lib/python3.7/site-packages/airflow/example_dags/example_short_circuit_operator.py took 0.057 seconds
[2024-11-01T18:27:38.378+0000] {processor.py:157} INFO - Started process (PID=1084) to work on /home/airflow/.local/lib/python3.7/site-packages/airflow/example_dags/example_short_circuit_operator.py
[2024-11-01T18:27:38.379+0000] {processor.py:826} INFO - Processing file /home/airflow/.local/lib/python3.7/site-packages/airflow/example_dags/example_short_circuit_operator.py for tasks to queue
[2024-11-01T18:27:38.379+0000] {logging_mixin.py:150} INFO - [2024-11-01T18:27:38.379+0000] {dagbag.py:541} INFO - Filling up the DagBag from /home/airflow/.local/lib/python3.7/site-packages/airflow/example_dags/example_short_circuit_operator.py
[2024-11-01T18:27:38.386+0000] {processor.py:836} INFO - DAG(s) dict_keys(['example_short_circuit_operator']) retrieved from /home/airflow/.local/lib/python3.7/site-packages/airflow/example_dags/example_short_circuit_operator.py
[2024-11-01T18:27:38.402+0000] {logging_mixin.py:150} INFO - [2024-11-01T18:27:38.402+0000] {dag.py:2742} INFO - Sync 1 DAGs
[2024-11-01T18:27:38.417+0000] {logging_mixin.py:150} INFO - [2024-11-01T18:27:38.417+0000] {dag.py:3508} INFO - Setting next_dagrun for example_short_circuit_operator to 2024-10-31T18:27:38.417362+00:00, run_after=2024-11-01T18:27:38.417362+00:00
[2024-11-01T18:27:38.432+0000] {processor.py:179} INFO - Processing /home/airflow/.local/lib/python3.7/site-packages/airflow/example_dags/example_short_circuit_operator.py took 0.058 seconds
[2024-11-01T18:30:55.098+0000] {processor.py:157} INFO - Started process (PID=1160) to work on /home/airflow/.local/lib/python3.7/site-packages/airflow/example_dags/example_short_circuit_operator.py
[2024-11-01T18:30:55.099+0000] {processor.py:826} INFO - Processing file /home/airflow/.local/lib/python3.7/site-packages/airflow/example_dags/example_short_circuit_operator.py for tasks to queue
[2024-11-01T18:30:55.100+0000] {logging_mixin.py:150} INFO - [2024-11-01T18:30:55.100+0000] {dagbag.py:541} INFO - Filling up the DagBag from /home/airflow/.local/lib/python3.7/site-packages/airflow/example_dags/example_short_circuit_operator.py
[2024-11-01T18:30:55.106+0000] {processor.py:836} INFO - DAG(s) dict_keys(['example_short_circuit_operator']) retrieved from /home/airflow/.local/lib/python3.7/site-packages/airflow/example_dags/example_short_circuit_operator.py
[2024-11-01T18:30:55.130+0000] {logging_mixin.py:150} INFO - [2024-11-01T18:30:55.130+0000] {dag.py:2742} INFO - Sync 1 DAGs
[2024-11-01T18:30:55.152+0000] {logging_mixin.py:150} INFO - [2024-11-01T18:30:55.152+0000] {dag.py:3508} INFO - Setting next_dagrun for example_short_circuit_operator to 2024-10-31T18:30:55.152208+00:00, run_after=2024-11-01T18:30:55.152208+00:00
[2024-11-01T18:30:55.168+0000] {processor.py:179} INFO - Processing /home/airflow/.local/lib/python3.7/site-packages/airflow/example_dags/example_short_circuit_operator.py took 0.072 seconds
[2024-11-01T18:31:25.574+0000] {processor.py:157} INFO - Started process (PID=1222) to work on /home/airflow/.local/lib/python3.7/site-packages/airflow/example_dags/example_short_circuit_operator.py
[2024-11-01T18:31:25.575+0000] {processor.py:826} INFO - Processing file /home/airflow/.local/lib/python3.7/site-packages/airflow/example_dags/example_short_circuit_operator.py for tasks to queue
[2024-11-01T18:31:25.575+0000] {logging_mixin.py:150} INFO - [2024-11-01T18:31:25.575+0000] {dagbag.py:541} INFO - Filling up the DagBag from /home/airflow/.local/lib/python3.7/site-packages/airflow/example_dags/example_short_circuit_operator.py
[2024-11-01T18:31:25.581+0000] {processor.py:836} INFO - DAG(s) dict_keys(['example_short_circuit_operator']) retrieved from /home/airflow/.local/lib/python3.7/site-packages/airflow/example_dags/example_short_circuit_operator.py
[2024-11-01T18:31:25.601+0000] {logging_mixin.py:150} INFO - [2024-11-01T18:31:25.601+0000] {dag.py:2742} INFO - Sync 1 DAGs
[2024-11-01T18:31:25.615+0000] {logging_mixin.py:150} INFO - [2024-11-01T18:31:25.615+0000] {dag.py:3508} INFO - Setting next_dagrun for example_short_circuit_operator to 2024-10-31T18:31:25.615293+00:00, run_after=2024-11-01T18:31:25.615293+00:00
[2024-11-01T18:31:25.624+0000] {processor.py:179} INFO - Processing /home/airflow/.local/lib/python3.7/site-packages/airflow/example_dags/example_short_circuit_operator.py took 0.051 seconds
[2024-11-01T18:31:56.006+0000] {processor.py:157} INFO - Started process (PID=1284) to work on /home/airflow/.local/lib/python3.7/site-packages/airflow/example_dags/example_short_circuit_operator.py
[2024-11-01T18:31:56.006+0000] {processor.py:826} INFO - Processing file /home/airflow/.local/lib/python3.7/site-packages/airflow/example_dags/example_short_circuit_operator.py for tasks to queue
[2024-11-01T18:31:56.007+0000] {logging_mixin.py:150} INFO - [2024-11-01T18:31:56.006+0000] {dagbag.py:541} INFO - Filling up the DagBag from /home/airflow/.local/lib/python3.7/site-packages/airflow/example_dags/example_short_circuit_operator.py
[2024-11-01T18:31:56.012+0000] {processor.py:836} INFO - DAG(s) dict_keys(['example_short_circuit_operator']) retrieved from /home/airflow/.local/lib/python3.7/site-packages/airflow/example_dags/example_short_circuit_operator.py
[2024-11-01T18:31:56.023+0000] {logging_mixin.py:150} INFO - [2024-11-01T18:31:56.023+0000] {dag.py:2742} INFO - Sync 1 DAGs
[2024-11-01T18:31:56.035+0000] {logging_mixin.py:150} INFO - [2024-11-01T18:31:56.035+0000] {dag.py:3508} INFO - Setting next_dagrun for example_short_circuit_operator to 2024-10-31T18:31:56.034909+00:00, run_after=2024-11-01T18:31:56.034909+00:00
[2024-11-01T18:31:56.046+0000] {processor.py:179} INFO - Processing /home/airflow/.local/lib/python3.7/site-packages/airflow/example_dags/example_short_circuit_operator.py took 0.042 seconds
[2024-11-01T18:32:26.171+0000] {processor.py:157} INFO - Started process (PID=1346) to work on /home/airflow/.local/lib/python3.7/site-packages/airflow/example_dags/example_short_circuit_operator.py
[2024-11-01T18:32:26.171+0000] {processor.py:826} INFO - Processing file /home/airflow/.local/lib/python3.7/site-packages/airflow/example_dags/example_short_circuit_operator.py for tasks to queue
[2024-11-01T18:32:26.172+0000] {logging_mixin.py:150} INFO - [2024-11-01T18:32:26.172+0000] {dagbag.py:541} INFO - Filling up the DagBag from /home/airflow/.local/lib/python3.7/site-packages/airflow/example_dags/example_short_circuit_operator.py
[2024-11-01T18:32:26.176+0000] {processor.py:836} INFO - DAG(s) dict_keys(['example_short_circuit_operator']) retrieved from /home/airflow/.local/lib/python3.7/site-packages/airflow/example_dags/example_short_circuit_operator.py
[2024-11-01T18:32:26.193+0000] {logging_mixin.py:150} INFO - [2024-11-01T18:32:26.193+0000] {dag.py:2742} INFO - Sync 1 DAGs
[2024-11-01T18:32:26.206+0000] {logging_mixin.py:150} INFO - [2024-11-01T18:32:26.206+0000] {dag.py:3508} INFO - Setting next_dagrun for example_short_circuit_operator to 2024-10-31T18:32:26.206290+00:00, run_after=2024-11-01T18:32:26.206290+00:00
[2024-11-01T18:32:26.217+0000] {processor.py:179} INFO - Processing /home/airflow/.local/lib/python3.7/site-packages/airflow/example_dags/example_short_circuit_operator.py took 0.048 seconds
[2024-11-01T18:32:56.377+0000] {processor.py:157} INFO - Started process (PID=1407) to work on /home/airflow/.local/lib/python3.7/site-packages/airflow/example_dags/example_short_circuit_operator.py
[2024-11-01T18:32:56.378+0000] {processor.py:826} INFO - Processing file /home/airflow/.local/lib/python3.7/site-packages/airflow/example_dags/example_short_circuit_operator.py for tasks to queue
[2024-11-01T18:32:56.378+0000] {logging_mixin.py:150} INFO - [2024-11-01T18:32:56.378+0000] {dagbag.py:541} INFO - Filling up the DagBag from /home/airflow/.local/lib/python3.7/site-packages/airflow/example_dags/example_short_circuit_operator.py
[2024-11-01T18:32:56.383+0000] {processor.py:836} INFO - DAG(s) dict_keys(['example_short_circuit_operator']) retrieved from /home/airflow/.local/lib/python3.7/site-packages/airflow/example_dags/example_short_circuit_operator.py
[2024-11-01T18:32:56.407+0000] {logging_mixin.py:150} INFO - [2024-11-01T18:32:56.407+0000] {dag.py:2742} INFO - Sync 1 DAGs
[2024-11-01T18:32:56.421+0000] {logging_mixin.py:150} INFO - [2024-11-01T18:32:56.421+0000] {dag.py:3508} INFO - Setting next_dagrun for example_short_circuit_operator to 2024-10-31T18:32:56.420949+00:00, run_after=2024-11-01T18:32:56.420949+00:00
[2024-11-01T18:32:56.430+0000] {processor.py:179} INFO - Processing /home/airflow/.local/lib/python3.7/site-packages/airflow/example_dags/example_short_circuit_operator.py took 0.055 seconds
[2024-11-01T18:33:26.732+0000] {processor.py:157} INFO - Started process (PID=1469) to work on /home/airflow/.local/lib/python3.7/site-packages/airflow/example_dags/example_short_circuit_operator.py
[2024-11-01T18:33:26.733+0000] {processor.py:826} INFO - Processing file /home/airflow/.local/lib/python3.7/site-packages/airflow/example_dags/example_short_circuit_operator.py for tasks to queue
[2024-11-01T18:33:26.733+0000] {logging_mixin.py:150} INFO - [2024-11-01T18:33:26.733+0000] {dagbag.py:541} INFO - Filling up the DagBag from /home/airflow/.local/lib/python3.7/site-packages/airflow/example_dags/example_short_circuit_operator.py
[2024-11-01T18:33:26.740+0000] {processor.py:836} INFO - DAG(s) dict_keys(['example_short_circuit_operator']) retrieved from /home/airflow/.local/lib/python3.7/site-packages/airflow/example_dags/example_short_circuit_operator.py
[2024-11-01T18:33:26.760+0000] {logging_mixin.py:150} INFO - [2024-11-01T18:33:26.759+0000] {dag.py:2742} INFO - Sync 1 DAGs
[2024-11-01T18:33:26.890+0000] {logging_mixin.py:150} INFO - [2024-11-01T18:33:26.890+0000] {dag.py:3508} INFO - Setting next_dagrun for example_short_circuit_operator to 2024-10-31T18:33:26.863145+00:00, run_after=2024-11-01T18:33:26.863145+00:00
[2024-11-01T18:33:27.189+0000] {processor.py:179} INFO - Processing /home/airflow/.local/lib/python3.7/site-packages/airflow/example_dags/example_short_circuit_operator.py took 0.459 seconds
[2024-11-01T18:33:57.739+0000] {processor.py:157} INFO - Started process (PID=1530) to work on /home/airflow/.local/lib/python3.7/site-packages/airflow/example_dags/example_short_circuit_operator.py
[2024-11-01T18:33:57.741+0000] {processor.py:826} INFO - Processing file /home/airflow/.local/lib/python3.7/site-packages/airflow/example_dags/example_short_circuit_operator.py for tasks to queue
[2024-11-01T18:33:57.743+0000] {logging_mixin.py:150} INFO - [2024-11-01T18:33:57.743+0000] {dagbag.py:541} INFO - Filling up the DagBag from /home/airflow/.local/lib/python3.7/site-packages/airflow/example_dags/example_short_circuit_operator.py
[2024-11-01T18:33:57.748+0000] {processor.py:836} INFO - DAG(s) dict_keys(['example_short_circuit_operator']) retrieved from /home/airflow/.local/lib/python3.7/site-packages/airflow/example_dags/example_short_circuit_operator.py
[2024-11-01T18:33:57.765+0000] {logging_mixin.py:150} INFO - [2024-11-01T18:33:57.765+0000] {dag.py:2742} INFO - Sync 1 DAGs
[2024-11-01T18:33:57.780+0000] {logging_mixin.py:150} INFO - [2024-11-01T18:33:57.780+0000] {dag.py:3508} INFO - Setting next_dagrun for example_short_circuit_operator to 2024-10-31T18:33:57.780739+00:00, run_after=2024-11-01T18:33:57.780739+00:00
[2024-11-01T18:33:57.794+0000] {processor.py:179} INFO - Processing /home/airflow/.local/lib/python3.7/site-packages/airflow/example_dags/example_short_circuit_operator.py took 0.057 seconds
[2024-11-01T18:34:28.349+0000] {processor.py:157} INFO - Started process (PID=1592) to work on /home/airflow/.local/lib/python3.7/site-packages/airflow/example_dags/example_short_circuit_operator.py
[2024-11-01T18:34:28.351+0000] {processor.py:826} INFO - Processing file /home/airflow/.local/lib/python3.7/site-packages/airflow/example_dags/example_short_circuit_operator.py for tasks to queue
[2024-11-01T18:34:28.352+0000] {logging_mixin.py:150} INFO - [2024-11-01T18:34:28.351+0000] {dagbag.py:541} INFO - Filling up the DagBag from /home/airflow/.local/lib/python3.7/site-packages/airflow/example_dags/example_short_circuit_operator.py
[2024-11-01T18:34:28.356+0000] {processor.py:836} INFO - DAG(s) dict_keys(['example_short_circuit_operator']) retrieved from /home/airflow/.local/lib/python3.7/site-packages/airflow/example_dags/example_short_circuit_operator.py
[2024-11-01T18:34:28.374+0000] {logging_mixin.py:150} INFO - [2024-11-01T18:34:28.374+0000] {dag.py:2742} INFO - Sync 1 DAGs
[2024-11-01T18:34:28.390+0000] {logging_mixin.py:150} INFO - [2024-11-01T18:34:28.390+0000] {dag.py:3508} INFO - Setting next_dagrun for example_short_circuit_operator to 2024-10-31T18:34:28.390612+00:00, run_after=2024-11-01T18:34:28.390612+00:00
[2024-11-01T18:34:28.405+0000] {processor.py:179} INFO - Processing /home/airflow/.local/lib/python3.7/site-packages/airflow/example_dags/example_short_circuit_operator.py took 0.057 seconds
[2024-11-01T18:34:58.781+0000] {processor.py:157} INFO - Started process (PID=1654) to work on /home/airflow/.local/lib/python3.7/site-packages/airflow/example_dags/example_short_circuit_operator.py
[2024-11-01T18:34:58.785+0000] {processor.py:826} INFO - Processing file /home/airflow/.local/lib/python3.7/site-packages/airflow/example_dags/example_short_circuit_operator.py for tasks to queue
[2024-11-01T18:34:58.786+0000] {logging_mixin.py:150} INFO - [2024-11-01T18:34:58.785+0000] {dagbag.py:541} INFO - Filling up the DagBag from /home/airflow/.local/lib/python3.7/site-packages/airflow/example_dags/example_short_circuit_operator.py
[2024-11-01T18:34:58.790+0000] {processor.py:836} INFO - DAG(s) dict_keys(['example_short_circuit_operator']) retrieved from /home/airflow/.local/lib/python3.7/site-packages/airflow/example_dags/example_short_circuit_operator.py
[2024-11-01T18:34:58.806+0000] {logging_mixin.py:150} INFO - [2024-11-01T18:34:58.806+0000] {dag.py:2742} INFO - Sync 1 DAGs
[2024-11-01T18:34:58.819+0000] {logging_mixin.py:150} INFO - [2024-11-01T18:34:58.819+0000] {dag.py:3508} INFO - Setting next_dagrun for example_short_circuit_operator to 2024-10-31T18:34:58.819665+00:00, run_after=2024-11-01T18:34:58.819665+00:00
[2024-11-01T18:34:58.829+0000] {processor.py:179} INFO - Processing /home/airflow/.local/lib/python3.7/site-packages/airflow/example_dags/example_short_circuit_operator.py took 0.049 seconds
[2024-11-01T18:35:29.358+0000] {processor.py:157} INFO - Started process (PID=1716) to work on /home/airflow/.local/lib/python3.7/site-packages/airflow/example_dags/example_short_circuit_operator.py
[2024-11-01T18:35:29.360+0000] {processor.py:826} INFO - Processing file /home/airflow/.local/lib/python3.7/site-packages/airflow/example_dags/example_short_circuit_operator.py for tasks to queue
[2024-11-01T18:35:29.360+0000] {logging_mixin.py:150} INFO - [2024-11-01T18:35:29.360+0000] {dagbag.py:541} INFO - Filling up the DagBag from /home/airflow/.local/lib/python3.7/site-packages/airflow/example_dags/example_short_circuit_operator.py
[2024-11-01T18:35:29.365+0000] {processor.py:836} INFO - DAG(s) dict_keys(['example_short_circuit_operator']) retrieved from /home/airflow/.local/lib/python3.7/site-packages/airflow/example_dags/example_short_circuit_operator.py
[2024-11-01T18:35:29.380+0000] {logging_mixin.py:150} INFO - [2024-11-01T18:35:29.380+0000] {dag.py:2742} INFO - Sync 1 DAGs
[2024-11-01T18:35:29.392+0000] {logging_mixin.py:150} INFO - [2024-11-01T18:35:29.392+0000] {dag.py:3508} INFO - Setting next_dagrun for example_short_circuit_operator to 2024-10-31T18:35:29.392530+00:00, run_after=2024-11-01T18:35:29.392530+00:00
[2024-11-01T18:35:29.408+0000] {processor.py:179} INFO - Processing /home/airflow/.local/lib/python3.7/site-packages/airflow/example_dags/example_short_circuit_operator.py took 0.052 seconds
[2024-11-01T18:36:02.259+0000] {processor.py:157} INFO - Started process (PID=1778) to work on /home/airflow/.local/lib/python3.7/site-packages/airflow/example_dags/example_short_circuit_operator.py
[2024-11-01T18:36:02.261+0000] {processor.py:826} INFO - Processing file /home/airflow/.local/lib/python3.7/site-packages/airflow/example_dags/example_short_circuit_operator.py for tasks to queue
[2024-11-01T18:36:02.262+0000] {logging_mixin.py:150} INFO - [2024-11-01T18:36:02.262+0000] {dagbag.py:541} INFO - Filling up the DagBag from /home/airflow/.local/lib/python3.7/site-packages/airflow/example_dags/example_short_circuit_operator.py
[2024-11-01T18:36:02.291+0000] {processor.py:836} INFO - DAG(s) dict_keys(['example_short_circuit_operator']) retrieved from /home/airflow/.local/lib/python3.7/site-packages/airflow/example_dags/example_short_circuit_operator.py
[2024-11-01T18:36:02.348+0000] {logging_mixin.py:150} INFO - [2024-11-01T18:36:02.347+0000] {dag.py:2742} INFO - Sync 1 DAGs
[2024-11-01T18:36:02.384+0000] {logging_mixin.py:150} INFO - [2024-11-01T18:36:02.384+0000] {dag.py:3508} INFO - Setting next_dagrun for example_short_circuit_operator to 2024-10-31T18:36:02.384181+00:00, run_after=2024-11-01T18:36:02.384181+00:00
[2024-11-01T18:36:02.432+0000] {processor.py:179} INFO - Processing /home/airflow/.local/lib/python3.7/site-packages/airflow/example_dags/example_short_circuit_operator.py took 0.175 seconds
[2024-11-01T18:36:32.591+0000] {processor.py:157} INFO - Started process (PID=1840) to work on /home/airflow/.local/lib/python3.7/site-packages/airflow/example_dags/example_short_circuit_operator.py
[2024-11-01T18:36:32.592+0000] {processor.py:826} INFO - Processing file /home/airflow/.local/lib/python3.7/site-packages/airflow/example_dags/example_short_circuit_operator.py for tasks to queue
[2024-11-01T18:36:32.593+0000] {logging_mixin.py:150} INFO - [2024-11-01T18:36:32.593+0000] {dagbag.py:541} INFO - Filling up the DagBag from /home/airflow/.local/lib/python3.7/site-packages/airflow/example_dags/example_short_circuit_operator.py
[2024-11-01T18:36:32.597+0000] {processor.py:836} INFO - DAG(s) dict_keys(['example_short_circuit_operator']) retrieved from /home/airflow/.local/lib/python3.7/site-packages/airflow/example_dags/example_short_circuit_operator.py
[2024-11-01T18:36:32.620+0000] {logging_mixin.py:150} INFO - [2024-11-01T18:36:32.620+0000] {dag.py:2742} INFO - Sync 1 DAGs
[2024-11-01T18:36:32.636+0000] {logging_mixin.py:150} INFO - [2024-11-01T18:36:32.636+0000] {dag.py:3508} INFO - Setting next_dagrun for example_short_circuit_operator to 2024-10-31T18:36:32.636528+00:00, run_after=2024-11-01T18:36:32.636528+00:00
[2024-11-01T18:36:32.650+0000] {processor.py:179} INFO - Processing /home/airflow/.local/lib/python3.7/site-packages/airflow/example_dags/example_short_circuit_operator.py took 0.060 seconds
[2024-11-01T18:37:02.722+0000] {processor.py:157} INFO - Started process (PID=1902) to work on /home/airflow/.local/lib/python3.7/site-packages/airflow/example_dags/example_short_circuit_operator.py
[2024-11-01T18:37:02.723+0000] {processor.py:826} INFO - Processing file /home/airflow/.local/lib/python3.7/site-packages/airflow/example_dags/example_short_circuit_operator.py for tasks to queue
[2024-11-01T18:37:02.723+0000] {logging_mixin.py:150} INFO - [2024-11-01T18:37:02.723+0000] {dagbag.py:541} INFO - Filling up the DagBag from /home/airflow/.local/lib/python3.7/site-packages/airflow/example_dags/example_short_circuit_operator.py
[2024-11-01T18:37:02.727+0000] {processor.py:836} INFO - DAG(s) dict_keys(['example_short_circuit_operator']) retrieved from /home/airflow/.local/lib/python3.7/site-packages/airflow/example_dags/example_short_circuit_operator.py
[2024-11-01T18:37:02.740+0000] {logging_mixin.py:150} INFO - [2024-11-01T18:37:02.740+0000] {dag.py:2742} INFO - Sync 1 DAGs
[2024-11-01T18:37:02.758+0000] {logging_mixin.py:150} INFO - [2024-11-01T18:37:02.758+0000] {dag.py:3508} INFO - Setting next_dagrun for example_short_circuit_operator to 2024-10-31T18:37:02.758356+00:00, run_after=2024-11-01T18:37:02.758356+00:00
[2024-11-01T18:37:02.771+0000] {processor.py:179} INFO - Processing /home/airflow/.local/lib/python3.7/site-packages/airflow/example_dags/example_short_circuit_operator.py took 0.051 seconds
[2024-11-01T18:37:33.314+0000] {processor.py:157} INFO - Started process (PID=1963) to work on /home/airflow/.local/lib/python3.7/site-packages/airflow/example_dags/example_short_circuit_operator.py
[2024-11-01T18:37:33.318+0000] {processor.py:826} INFO - Processing file /home/airflow/.local/lib/python3.7/site-packages/airflow/example_dags/example_short_circuit_operator.py for tasks to queue
[2024-11-01T18:37:33.319+0000] {logging_mixin.py:150} INFO - [2024-11-01T18:37:33.319+0000] {dagbag.py:541} INFO - Filling up the DagBag from /home/airflow/.local/lib/python3.7/site-packages/airflow/example_dags/example_short_circuit_operator.py
[2024-11-01T18:37:33.327+0000] {processor.py:836} INFO - DAG(s) dict_keys(['example_short_circuit_operator']) retrieved from /home/airflow/.local/lib/python3.7/site-packages/airflow/example_dags/example_short_circuit_operator.py
[2024-11-01T18:37:33.349+0000] {logging_mixin.py:150} INFO - [2024-11-01T18:37:33.349+0000] {dag.py:2742} INFO - Sync 1 DAGs
[2024-11-01T18:37:33.375+0000] {logging_mixin.py:150} INFO - [2024-11-01T18:37:33.375+0000] {dag.py:3508} INFO - Setting next_dagrun for example_short_circuit_operator to 2024-10-31T18:37:33.375099+00:00, run_after=2024-11-01T18:37:33.375099+00:00
[2024-11-01T18:37:33.389+0000] {processor.py:179} INFO - Processing /home/airflow/.local/lib/python3.7/site-packages/airflow/example_dags/example_short_circuit_operator.py took 0.079 seconds
[2024-11-01T18:38:08.658+0000] {processor.py:157} INFO - Started process (PID=2025) to work on /home/airflow/.local/lib/python3.7/site-packages/airflow/example_dags/example_short_circuit_operator.py
[2024-11-01T18:38:08.659+0000] {processor.py:826} INFO - Processing file /home/airflow/.local/lib/python3.7/site-packages/airflow/example_dags/example_short_circuit_operator.py for tasks to queue
[2024-11-01T18:38:08.660+0000] {logging_mixin.py:150} INFO - [2024-11-01T18:38:08.660+0000] {dagbag.py:541} INFO - Filling up the DagBag from /home/airflow/.local/lib/python3.7/site-packages/airflow/example_dags/example_short_circuit_operator.py
[2024-11-01T18:38:08.668+0000] {processor.py:836} INFO - DAG(s) dict_keys(['example_short_circuit_operator']) retrieved from /home/airflow/.local/lib/python3.7/site-packages/airflow/example_dags/example_short_circuit_operator.py
[2024-11-01T18:38:08.693+0000] {logging_mixin.py:150} INFO - [2024-11-01T18:38:08.693+0000] {dag.py:2742} INFO - Sync 1 DAGs
[2024-11-01T18:38:08.711+0000] {logging_mixin.py:150} INFO - [2024-11-01T18:38:08.711+0000] {dag.py:3508} INFO - Setting next_dagrun for example_short_circuit_operator to 2024-10-31T18:38:08.711146+00:00, run_after=2024-11-01T18:38:08.711146+00:00
[2024-11-01T18:38:08.728+0000] {processor.py:179} INFO - Processing /home/airflow/.local/lib/python3.7/site-packages/airflow/example_dags/example_short_circuit_operator.py took 0.073 seconds
[2024-11-01T18:38:39.319+0000] {processor.py:157} INFO - Started process (PID=2087) to work on /home/airflow/.local/lib/python3.7/site-packages/airflow/example_dags/example_short_circuit_operator.py
[2024-11-01T18:38:39.320+0000] {processor.py:826} INFO - Processing file /home/airflow/.local/lib/python3.7/site-packages/airflow/example_dags/example_short_circuit_operator.py for tasks to queue
[2024-11-01T18:38:39.320+0000] {logging_mixin.py:150} INFO - [2024-11-01T18:38:39.320+0000] {dagbag.py:541} INFO - Filling up the DagBag from /home/airflow/.local/lib/python3.7/site-packages/airflow/example_dags/example_short_circuit_operator.py
[2024-11-01T18:38:39.325+0000] {processor.py:836} INFO - DAG(s) dict_keys(['example_short_circuit_operator']) retrieved from /home/airflow/.local/lib/python3.7/site-packages/airflow/example_dags/example_short_circuit_operator.py
[2024-11-01T18:38:39.341+0000] {logging_mixin.py:150} INFO - [2024-11-01T18:38:39.341+0000] {dag.py:2742} INFO - Sync 1 DAGs
[2024-11-01T18:38:39.362+0000] {logging_mixin.py:150} INFO - [2024-11-01T18:38:39.362+0000] {dag.py:3508} INFO - Setting next_dagrun for example_short_circuit_operator to 2024-10-31T18:38:39.361965+00:00, run_after=2024-11-01T18:38:39.361965+00:00
[2024-11-01T18:38:39.380+0000] {processor.py:179} INFO - Processing /home/airflow/.local/lib/python3.7/site-packages/airflow/example_dags/example_short_circuit_operator.py took 0.064 seconds
[2024-11-01T18:39:12.571+0000] {processor.py:157} INFO - Started process (PID=2155) to work on /home/airflow/.local/lib/python3.7/site-packages/airflow/example_dags/example_short_circuit_operator.py
[2024-11-01T18:39:12.574+0000] {processor.py:826} INFO - Processing file /home/airflow/.local/lib/python3.7/site-packages/airflow/example_dags/example_short_circuit_operator.py for tasks to queue
[2024-11-01T18:39:12.576+0000] {logging_mixin.py:150} INFO - [2024-11-01T18:39:12.575+0000] {dagbag.py:541} INFO - Filling up the DagBag from /home/airflow/.local/lib/python3.7/site-packages/airflow/example_dags/example_short_circuit_operator.py
[2024-11-01T18:39:12.594+0000] {processor.py:836} INFO - DAG(s) dict_keys(['example_short_circuit_operator']) retrieved from /home/airflow/.local/lib/python3.7/site-packages/airflow/example_dags/example_short_circuit_operator.py
[2024-11-01T18:39:12.642+0000] {logging_mixin.py:150} INFO - [2024-11-01T18:39:12.642+0000] {dag.py:2742} INFO - Sync 1 DAGs
[2024-11-01T18:39:12.687+0000] {logging_mixin.py:150} INFO - [2024-11-01T18:39:12.686+0000] {dag.py:3508} INFO - Setting next_dagrun for example_short_circuit_operator to 2024-10-31T18:39:12.686183+00:00, run_after=2024-11-01T18:39:12.686183+00:00
[2024-11-01T18:39:12.707+0000] {processor.py:179} INFO - Processing /home/airflow/.local/lib/python3.7/site-packages/airflow/example_dags/example_short_circuit_operator.py took 0.149 seconds
[2024-11-01T18:39:42.914+0000] {processor.py:157} INFO - Started process (PID=2216) to work on /home/airflow/.local/lib/python3.7/site-packages/airflow/example_dags/example_short_circuit_operator.py
[2024-11-01T18:39:42.915+0000] {processor.py:826} INFO - Processing file /home/airflow/.local/lib/python3.7/site-packages/airflow/example_dags/example_short_circuit_operator.py for tasks to queue
[2024-11-01T18:39:42.915+0000] {logging_mixin.py:150} INFO - [2024-11-01T18:39:42.915+0000] {dagbag.py:541} INFO - Filling up the DagBag from /home/airflow/.local/lib/python3.7/site-packages/airflow/example_dags/example_short_circuit_operator.py
[2024-11-01T18:39:42.920+0000] {processor.py:836} INFO - DAG(s) dict_keys(['example_short_circuit_operator']) retrieved from /home/airflow/.local/lib/python3.7/site-packages/airflow/example_dags/example_short_circuit_operator.py
[2024-11-01T18:39:42.934+0000] {logging_mixin.py:150} INFO - [2024-11-01T18:39:42.934+0000] {dag.py:2742} INFO - Sync 1 DAGs
[2024-11-01T18:39:42.947+0000] {logging_mixin.py:150} INFO - [2024-11-01T18:39:42.947+0000] {dag.py:3508} INFO - Setting next_dagrun for example_short_circuit_operator to 2024-10-31T18:39:42.946859+00:00, run_after=2024-11-01T18:39:42.946859+00:00
[2024-11-01T18:39:42.955+0000] {processor.py:179} INFO - Processing /home/airflow/.local/lib/python3.7/site-packages/airflow/example_dags/example_short_circuit_operator.py took 0.043 seconds
[2024-11-01T18:40:13.179+0000] {processor.py:157} INFO - Started process (PID=2278) to work on /home/airflow/.local/lib/python3.7/site-packages/airflow/example_dags/example_short_circuit_operator.py
[2024-11-01T18:40:13.181+0000] {processor.py:826} INFO - Processing file /home/airflow/.local/lib/python3.7/site-packages/airflow/example_dags/example_short_circuit_operator.py for tasks to queue
[2024-11-01T18:40:13.182+0000] {logging_mixin.py:150} INFO - [2024-11-01T18:40:13.181+0000] {dagbag.py:541} INFO - Filling up the DagBag from /home/airflow/.local/lib/python3.7/site-packages/airflow/example_dags/example_short_circuit_operator.py
[2024-11-01T18:40:13.187+0000] {processor.py:836} INFO - DAG(s) dict_keys(['example_short_circuit_operator']) retrieved from /home/airflow/.local/lib/python3.7/site-packages/airflow/example_dags/example_short_circuit_operator.py
[2024-11-01T18:40:13.203+0000] {logging_mixin.py:150} INFO - [2024-11-01T18:40:13.203+0000] {dag.py:2742} INFO - Sync 1 DAGs
[2024-11-01T18:40:13.217+0000] {logging_mixin.py:150} INFO - [2024-11-01T18:40:13.217+0000] {dag.py:3508} INFO - Setting next_dagrun for example_short_circuit_operator to 2024-10-31T18:40:13.217681+00:00, run_after=2024-11-01T18:40:13.217681+00:00
[2024-11-01T18:40:13.227+0000] {processor.py:179} INFO - Processing /home/airflow/.local/lib/python3.7/site-packages/airflow/example_dags/example_short_circuit_operator.py took 0.051 seconds
[2024-11-01T18:40:43.429+0000] {processor.py:157} INFO - Started process (PID=2340) to work on /home/airflow/.local/lib/python3.7/site-packages/airflow/example_dags/example_short_circuit_operator.py
[2024-11-01T18:40:43.431+0000] {processor.py:826} INFO - Processing file /home/airflow/.local/lib/python3.7/site-packages/airflow/example_dags/example_short_circuit_operator.py for tasks to queue
[2024-11-01T18:40:43.433+0000] {logging_mixin.py:150} INFO - [2024-11-01T18:40:43.433+0000] {dagbag.py:541} INFO - Filling up the DagBag from /home/airflow/.local/lib/python3.7/site-packages/airflow/example_dags/example_short_circuit_operator.py
[2024-11-01T18:40:43.443+0000] {processor.py:836} INFO - DAG(s) dict_keys(['example_short_circuit_operator']) retrieved from /home/airflow/.local/lib/python3.7/site-packages/airflow/example_dags/example_short_circuit_operator.py
[2024-11-01T18:40:43.465+0000] {logging_mixin.py:150} INFO - [2024-11-01T18:40:43.465+0000] {dag.py:2742} INFO - Sync 1 DAGs
[2024-11-01T18:40:43.481+0000] {logging_mixin.py:150} INFO - [2024-11-01T18:40:43.481+0000] {dag.py:3508} INFO - Setting next_dagrun for example_short_circuit_operator to 2024-10-31T18:40:43.481268+00:00, run_after=2024-11-01T18:40:43.481268+00:00
[2024-11-01T18:40:43.492+0000] {processor.py:179} INFO - Processing /home/airflow/.local/lib/python3.7/site-packages/airflow/example_dags/example_short_circuit_operator.py took 0.067 seconds
[2024-11-01T18:41:13.754+0000] {processor.py:157} INFO - Started process (PID=2402) to work on /home/airflow/.local/lib/python3.7/site-packages/airflow/example_dags/example_short_circuit_operator.py
[2024-11-01T18:41:13.755+0000] {processor.py:826} INFO - Processing file /home/airflow/.local/lib/python3.7/site-packages/airflow/example_dags/example_short_circuit_operator.py for tasks to queue
[2024-11-01T18:41:13.756+0000] {logging_mixin.py:150} INFO - [2024-11-01T18:41:13.756+0000] {dagbag.py:541} INFO - Filling up the DagBag from /home/airflow/.local/lib/python3.7/site-packages/airflow/example_dags/example_short_circuit_operator.py
[2024-11-01T18:41:13.763+0000] {processor.py:836} INFO - DAG(s) dict_keys(['example_short_circuit_operator']) retrieved from /home/airflow/.local/lib/python3.7/site-packages/airflow/example_dags/example_short_circuit_operator.py
[2024-11-01T18:41:13.779+0000] {logging_mixin.py:150} INFO - [2024-11-01T18:41:13.779+0000] {dag.py:2742} INFO - Sync 1 DAGs
[2024-11-01T18:41:13.806+0000] {logging_mixin.py:150} INFO - [2024-11-01T18:41:13.806+0000] {dag.py:3508} INFO - Setting next_dagrun for example_short_circuit_operator to 2024-10-31T18:41:13.806359+00:00, run_after=2024-11-01T18:41:13.806359+00:00
[2024-11-01T18:41:13.823+0000] {processor.py:179} INFO - Processing /home/airflow/.local/lib/python3.7/site-packages/airflow/example_dags/example_short_circuit_operator.py took 0.072 seconds
[2024-11-01T18:41:44.524+0000] {processor.py:157} INFO - Started process (PID=2464) to work on /home/airflow/.local/lib/python3.7/site-packages/airflow/example_dags/example_short_circuit_operator.py
[2024-11-01T18:41:44.525+0000] {processor.py:826} INFO - Processing file /home/airflow/.local/lib/python3.7/site-packages/airflow/example_dags/example_short_circuit_operator.py for tasks to queue
[2024-11-01T18:41:44.526+0000] {logging_mixin.py:150} INFO - [2024-11-01T18:41:44.526+0000] {dagbag.py:541} INFO - Filling up the DagBag from /home/airflow/.local/lib/python3.7/site-packages/airflow/example_dags/example_short_circuit_operator.py
[2024-11-01T18:41:44.532+0000] {processor.py:836} INFO - DAG(s) dict_keys(['example_short_circuit_operator']) retrieved from /home/airflow/.local/lib/python3.7/site-packages/airflow/example_dags/example_short_circuit_operator.py
[2024-11-01T18:41:44.548+0000] {logging_mixin.py:150} INFO - [2024-11-01T18:41:44.548+0000] {dag.py:2742} INFO - Sync 1 DAGs
[2024-11-01T18:41:44.561+0000] {logging_mixin.py:150} INFO - [2024-11-01T18:41:44.561+0000] {dag.py:3508} INFO - Setting next_dagrun for example_short_circuit_operator to 2024-10-31T18:41:44.561132+00:00, run_after=2024-11-01T18:41:44.561132+00:00
[2024-11-01T18:41:44.569+0000] {processor.py:179} INFO - Processing /home/airflow/.local/lib/python3.7/site-packages/airflow/example_dags/example_short_circuit_operator.py took 0.050 seconds
[2024-11-01T18:42:14.796+0000] {processor.py:157} INFO - Started process (PID=2526) to work on /home/airflow/.local/lib/python3.7/site-packages/airflow/example_dags/example_short_circuit_operator.py
[2024-11-01T18:42:14.802+0000] {processor.py:826} INFO - Processing file /home/airflow/.local/lib/python3.7/site-packages/airflow/example_dags/example_short_circuit_operator.py for tasks to queue
[2024-11-01T18:42:14.803+0000] {logging_mixin.py:150} INFO - [2024-11-01T18:42:14.803+0000] {dagbag.py:541} INFO - Filling up the DagBag from /home/airflow/.local/lib/python3.7/site-packages/airflow/example_dags/example_short_circuit_operator.py
[2024-11-01T18:42:14.811+0000] {processor.py:836} INFO - DAG(s) dict_keys(['example_short_circuit_operator']) retrieved from /home/airflow/.local/lib/python3.7/site-packages/airflow/example_dags/example_short_circuit_operator.py
[2024-11-01T18:42:14.827+0000] {logging_mixin.py:150} INFO - [2024-11-01T18:42:14.827+0000] {dag.py:2742} INFO - Sync 1 DAGs
[2024-11-01T18:42:14.840+0000] {logging_mixin.py:150} INFO - [2024-11-01T18:42:14.840+0000] {dag.py:3508} INFO - Setting next_dagrun for example_short_circuit_operator to 2024-10-31T18:42:14.840468+00:00, run_after=2024-11-01T18:42:14.840468+00:00
[2024-11-01T18:42:14.849+0000] {processor.py:179} INFO - Processing /home/airflow/.local/lib/python3.7/site-packages/airflow/example_dags/example_short_circuit_operator.py took 0.059 seconds
[2024-11-01T18:42:45.286+0000] {processor.py:157} INFO - Started process (PID=2588) to work on /home/airflow/.local/lib/python3.7/site-packages/airflow/example_dags/example_short_circuit_operator.py
[2024-11-01T18:42:45.287+0000] {processor.py:826} INFO - Processing file /home/airflow/.local/lib/python3.7/site-packages/airflow/example_dags/example_short_circuit_operator.py for tasks to queue
[2024-11-01T18:42:45.288+0000] {logging_mixin.py:150} INFO - [2024-11-01T18:42:45.287+0000] {dagbag.py:541} INFO - Filling up the DagBag from /home/airflow/.local/lib/python3.7/site-packages/airflow/example_dags/example_short_circuit_operator.py
[2024-11-01T18:42:45.292+0000] {processor.py:836} INFO - DAG(s) dict_keys(['example_short_circuit_operator']) retrieved from /home/airflow/.local/lib/python3.7/site-packages/airflow/example_dags/example_short_circuit_operator.py
[2024-11-01T18:42:45.306+0000] {logging_mixin.py:150} INFO - [2024-11-01T18:42:45.306+0000] {dag.py:2742} INFO - Sync 1 DAGs
[2024-11-01T18:42:45.318+0000] {logging_mixin.py:150} INFO - [2024-11-01T18:42:45.318+0000] {dag.py:3508} INFO - Setting next_dagrun for example_short_circuit_operator to 2024-10-31T18:42:45.318175+00:00, run_after=2024-11-01T18:42:45.318175+00:00
[2024-11-01T18:42:45.326+0000] {processor.py:179} INFO - Processing /home/airflow/.local/lib/python3.7/site-packages/airflow/example_dags/example_short_circuit_operator.py took 0.042 seconds
[2024-11-01T18:43:15.994+0000] {processor.py:157} INFO - Started process (PID=2650) to work on /home/airflow/.local/lib/python3.7/site-packages/airflow/example_dags/example_short_circuit_operator.py
[2024-11-01T18:43:15.995+0000] {processor.py:826} INFO - Processing file /home/airflow/.local/lib/python3.7/site-packages/airflow/example_dags/example_short_circuit_operator.py for tasks to queue
[2024-11-01T18:43:15.995+0000] {logging_mixin.py:150} INFO - [2024-11-01T18:43:15.995+0000] {dagbag.py:541} INFO - Filling up the DagBag from /home/airflow/.local/lib/python3.7/site-packages/airflow/example_dags/example_short_circuit_operator.py
[2024-11-01T18:43:15.999+0000] {processor.py:836} INFO - DAG(s) dict_keys(['example_short_circuit_operator']) retrieved from /home/airflow/.local/lib/python3.7/site-packages/airflow/example_dags/example_short_circuit_operator.py
[2024-11-01T18:43:16.012+0000] {logging_mixin.py:150} INFO - [2024-11-01T18:43:16.012+0000] {dag.py:2742} INFO - Sync 1 DAGs
[2024-11-01T18:43:16.026+0000] {logging_mixin.py:150} INFO - [2024-11-01T18:43:16.025+0000] {dag.py:3508} INFO - Setting next_dagrun for example_short_circuit_operator to 2024-10-31T18:43:16.025757+00:00, run_after=2024-11-01T18:43:16.025757+00:00
[2024-11-01T18:43:16.036+0000] {processor.py:179} INFO - Processing /home/airflow/.local/lib/python3.7/site-packages/airflow/example_dags/example_short_circuit_operator.py took 0.046 seconds
[2024-11-01T18:43:46.299+0000] {processor.py:157} INFO - Started process (PID=2712) to work on /home/airflow/.local/lib/python3.7/site-packages/airflow/example_dags/example_short_circuit_operator.py
[2024-11-01T18:43:46.299+0000] {processor.py:826} INFO - Processing file /home/airflow/.local/lib/python3.7/site-packages/airflow/example_dags/example_short_circuit_operator.py for tasks to queue
[2024-11-01T18:43:46.300+0000] {logging_mixin.py:150} INFO - [2024-11-01T18:43:46.300+0000] {dagbag.py:541} INFO - Filling up the DagBag from /home/airflow/.local/lib/python3.7/site-packages/airflow/example_dags/example_short_circuit_operator.py
[2024-11-01T18:43:46.304+0000] {processor.py:836} INFO - DAG(s) dict_keys(['example_short_circuit_operator']) retrieved from /home/airflow/.local/lib/python3.7/site-packages/airflow/example_dags/example_short_circuit_operator.py
[2024-11-01T18:43:46.329+0000] {logging_mixin.py:150} INFO - [2024-11-01T18:43:46.329+0000] {dag.py:2742} INFO - Sync 1 DAGs
[2024-11-01T18:43:46.343+0000] {logging_mixin.py:150} INFO - [2024-11-01T18:43:46.343+0000] {dag.py:3508} INFO - Setting next_dagrun for example_short_circuit_operator to 2024-10-31T18:43:46.342919+00:00, run_after=2024-11-01T18:43:46.342919+00:00
[2024-11-01T18:43:46.352+0000] {processor.py:179} INFO - Processing /home/airflow/.local/lib/python3.7/site-packages/airflow/example_dags/example_short_circuit_operator.py took 0.055 seconds
[2024-11-01T18:44:16.861+0000] {processor.py:157} INFO - Started process (PID=2774) to work on /home/airflow/.local/lib/python3.7/site-packages/airflow/example_dags/example_short_circuit_operator.py
[2024-11-01T18:44:16.862+0000] {processor.py:826} INFO - Processing file /home/airflow/.local/lib/python3.7/site-packages/airflow/example_dags/example_short_circuit_operator.py for tasks to queue
[2024-11-01T18:44:16.863+0000] {logging_mixin.py:150} INFO - [2024-11-01T18:44:16.863+0000] {dagbag.py:541} INFO - Filling up the DagBag from /home/airflow/.local/lib/python3.7/site-packages/airflow/example_dags/example_short_circuit_operator.py
[2024-11-01T18:44:16.873+0000] {processor.py:836} INFO - DAG(s) dict_keys(['example_short_circuit_operator']) retrieved from /home/airflow/.local/lib/python3.7/site-packages/airflow/example_dags/example_short_circuit_operator.py
[2024-11-01T18:44:16.894+0000] {logging_mixin.py:150} INFO - [2024-11-01T18:44:16.894+0000] {dag.py:2742} INFO - Sync 1 DAGs
[2024-11-01T18:44:16.914+0000] {logging_mixin.py:150} INFO - [2024-11-01T18:44:16.914+0000] {dag.py:3508} INFO - Setting next_dagrun for example_short_circuit_operator to 2024-10-31T18:44:16.914288+00:00, run_after=2024-11-01T18:44:16.914288+00:00
[2024-11-01T18:44:16.925+0000] {processor.py:179} INFO - Processing /home/airflow/.local/lib/python3.7/site-packages/airflow/example_dags/example_short_circuit_operator.py took 0.068 seconds
[2024-11-01T18:44:47.329+0000] {processor.py:157} INFO - Started process (PID=2836) to work on /home/airflow/.local/lib/python3.7/site-packages/airflow/example_dags/example_short_circuit_operator.py
[2024-11-01T18:44:47.334+0000] {processor.py:826} INFO - Processing file /home/airflow/.local/lib/python3.7/site-packages/airflow/example_dags/example_short_circuit_operator.py for tasks to queue
[2024-11-01T18:44:47.335+0000] {logging_mixin.py:150} INFO - [2024-11-01T18:44:47.334+0000] {dagbag.py:541} INFO - Filling up the DagBag from /home/airflow/.local/lib/python3.7/site-packages/airflow/example_dags/example_short_circuit_operator.py
[2024-11-01T18:44:47.340+0000] {processor.py:836} INFO - DAG(s) dict_keys(['example_short_circuit_operator']) retrieved from /home/airflow/.local/lib/python3.7/site-packages/airflow/example_dags/example_short_circuit_operator.py
[2024-11-01T18:44:47.356+0000] {logging_mixin.py:150} INFO - [2024-11-01T18:44:47.356+0000] {dag.py:2742} INFO - Sync 1 DAGs
[2024-11-01T18:44:47.369+0000] {logging_mixin.py:150} INFO - [2024-11-01T18:44:47.369+0000] {dag.py:3508} INFO - Setting next_dagrun for example_short_circuit_operator to 2024-10-31T18:44:47.369039+00:00, run_after=2024-11-01T18:44:47.369039+00:00
[2024-11-01T18:44:47.377+0000] {processor.py:179} INFO - Processing /home/airflow/.local/lib/python3.7/site-packages/airflow/example_dags/example_short_circuit_operator.py took 0.052 seconds
[2024-11-01T18:45:17.855+0000] {processor.py:157} INFO - Started process (PID=2898) to work on /home/airflow/.local/lib/python3.7/site-packages/airflow/example_dags/example_short_circuit_operator.py
[2024-11-01T18:45:17.856+0000] {processor.py:826} INFO - Processing file /home/airflow/.local/lib/python3.7/site-packages/airflow/example_dags/example_short_circuit_operator.py for tasks to queue
[2024-11-01T18:45:17.856+0000] {logging_mixin.py:150} INFO - [2024-11-01T18:45:17.856+0000] {dagbag.py:541} INFO - Filling up the DagBag from /home/airflow/.local/lib/python3.7/site-packages/airflow/example_dags/example_short_circuit_operator.py
[2024-11-01T18:45:17.862+0000] {processor.py:836} INFO - DAG(s) dict_keys(['example_short_circuit_operator']) retrieved from /home/airflow/.local/lib/python3.7/site-packages/airflow/example_dags/example_short_circuit_operator.py
[2024-11-01T18:45:17.874+0000] {logging_mixin.py:150} INFO - [2024-11-01T18:45:17.874+0000] {dag.py:2742} INFO - Sync 1 DAGs
[2024-11-01T18:45:17.886+0000] {logging_mixin.py:150} INFO - [2024-11-01T18:45:17.886+0000] {dag.py:3508} INFO - Setting next_dagrun for example_short_circuit_operator to 2024-10-31T18:45:17.886218+00:00, run_after=2024-11-01T18:45:17.886218+00:00
[2024-11-01T18:45:17.895+0000] {processor.py:179} INFO - Processing /home/airflow/.local/lib/python3.7/site-packages/airflow/example_dags/example_short_circuit_operator.py took 0.041 seconds
[2024-11-01T18:45:48.126+0000] {processor.py:157} INFO - Started process (PID=2960) to work on /home/airflow/.local/lib/python3.7/site-packages/airflow/example_dags/example_short_circuit_operator.py
[2024-11-01T18:45:48.127+0000] {processor.py:826} INFO - Processing file /home/airflow/.local/lib/python3.7/site-packages/airflow/example_dags/example_short_circuit_operator.py for tasks to queue
[2024-11-01T18:45:48.127+0000] {logging_mixin.py:150} INFO - [2024-11-01T18:45:48.127+0000] {dagbag.py:541} INFO - Filling up the DagBag from /home/airflow/.local/lib/python3.7/site-packages/airflow/example_dags/example_short_circuit_operator.py
[2024-11-01T18:45:48.131+0000] {processor.py:836} INFO - DAG(s) dict_keys(['example_short_circuit_operator']) retrieved from /home/airflow/.local/lib/python3.7/site-packages/airflow/example_dags/example_short_circuit_operator.py
[2024-11-01T18:45:48.147+0000] {logging_mixin.py:150} INFO - [2024-11-01T18:45:48.147+0000] {dag.py:2742} INFO - Sync 1 DAGs
[2024-11-01T18:45:48.160+0000] {logging_mixin.py:150} INFO - [2024-11-01T18:45:48.160+0000] {dag.py:3508} INFO - Setting next_dagrun for example_short_circuit_operator to 2024-10-31T18:45:48.160381+00:00, run_after=2024-11-01T18:45:48.160381+00:00
[2024-11-01T18:45:48.169+0000] {processor.py:179} INFO - Processing /home/airflow/.local/lib/python3.7/site-packages/airflow/example_dags/example_short_circuit_operator.py took 0.048 seconds
[2024-11-01T18:46:18.615+0000] {processor.py:157} INFO - Started process (PID=3013) to work on /home/airflow/.local/lib/python3.7/site-packages/airflow/example_dags/example_short_circuit_operator.py
[2024-11-01T18:46:18.617+0000] {processor.py:826} INFO - Processing file /home/airflow/.local/lib/python3.7/site-packages/airflow/example_dags/example_short_circuit_operator.py for tasks to queue
[2024-11-01T18:46:18.618+0000] {logging_mixin.py:150} INFO - [2024-11-01T18:46:18.617+0000] {dagbag.py:541} INFO - Filling up the DagBag from /home/airflow/.local/lib/python3.7/site-packages/airflow/example_dags/example_short_circuit_operator.py
[2024-11-01T18:46:18.623+0000] {processor.py:836} INFO - DAG(s) dict_keys(['example_short_circuit_operator']) retrieved from /home/airflow/.local/lib/python3.7/site-packages/airflow/example_dags/example_short_circuit_operator.py
[2024-11-01T18:46:18.643+0000] {logging_mixin.py:150} INFO - [2024-11-01T18:46:18.643+0000] {dag.py:2742} INFO - Sync 1 DAGs
[2024-11-01T18:46:18.656+0000] {logging_mixin.py:150} INFO - [2024-11-01T18:46:18.656+0000] {dag.py:3508} INFO - Setting next_dagrun for example_short_circuit_operator to 2024-10-31T18:46:18.656754+00:00, run_after=2024-11-01T18:46:18.656754+00:00
[2024-11-01T18:46:18.669+0000] {processor.py:179} INFO - Processing /home/airflow/.local/lib/python3.7/site-packages/airflow/example_dags/example_short_circuit_operator.py took 0.057 seconds
[2024-11-01T18:46:55.977+0000] {processor.py:157} INFO - Started process (PID=3075) to work on /home/airflow/.local/lib/python3.7/site-packages/airflow/example_dags/example_short_circuit_operator.py
[2024-11-01T18:46:55.981+0000] {processor.py:826} INFO - Processing file /home/airflow/.local/lib/python3.7/site-packages/airflow/example_dags/example_short_circuit_operator.py for tasks to queue
[2024-11-01T18:46:55.983+0000] {logging_mixin.py:150} INFO - [2024-11-01T18:46:55.983+0000] {dagbag.py:541} INFO - Filling up the DagBag from /home/airflow/.local/lib/python3.7/site-packages/airflow/example_dags/example_short_circuit_operator.py
[2024-11-01T18:46:56.038+0000] {processor.py:836} INFO - DAG(s) dict_keys(['example_short_circuit_operator']) retrieved from /home/airflow/.local/lib/python3.7/site-packages/airflow/example_dags/example_short_circuit_operator.py
[2024-11-01T18:46:56.228+0000] {logging_mixin.py:150} INFO - [2024-11-01T18:46:56.226+0000] {dag.py:2742} INFO - Sync 1 DAGs
[2024-11-01T18:46:56.488+0000] {logging_mixin.py:150} INFO - [2024-11-01T18:46:56.487+0000] {dag.py:3508} INFO - Setting next_dagrun for example_short_circuit_operator to 2024-10-31T18:46:56.486192+00:00, run_after=2024-11-01T18:46:56.486192+00:00
[2024-11-01T18:46:56.541+0000] {processor.py:179} INFO - Processing /home/airflow/.local/lib/python3.7/site-packages/airflow/example_dags/example_short_circuit_operator.py took 0.583 seconds
[2024-11-01T18:47:26.797+0000] {processor.py:157} INFO - Started process (PID=3137) to work on /home/airflow/.local/lib/python3.7/site-packages/airflow/example_dags/example_short_circuit_operator.py
[2024-11-01T18:47:26.798+0000] {processor.py:826} INFO - Processing file /home/airflow/.local/lib/python3.7/site-packages/airflow/example_dags/example_short_circuit_operator.py for tasks to queue
[2024-11-01T18:47:26.799+0000] {logging_mixin.py:150} INFO - [2024-11-01T18:47:26.799+0000] {dagbag.py:541} INFO - Filling up the DagBag from /home/airflow/.local/lib/python3.7/site-packages/airflow/example_dags/example_short_circuit_operator.py
[2024-11-01T18:47:26.809+0000] {processor.py:836} INFO - DAG(s) dict_keys(['example_short_circuit_operator']) retrieved from /home/airflow/.local/lib/python3.7/site-packages/airflow/example_dags/example_short_circuit_operator.py
[2024-11-01T18:47:26.839+0000] {logging_mixin.py:150} INFO - [2024-11-01T18:47:26.838+0000] {dag.py:2742} INFO - Sync 1 DAGs
[2024-11-01T18:47:26.862+0000] {logging_mixin.py:150} INFO - [2024-11-01T18:47:26.862+0000] {dag.py:3508} INFO - Setting next_dagrun for example_short_circuit_operator to 2024-10-31T18:47:26.862229+00:00, run_after=2024-11-01T18:47:26.862229+00:00
[2024-11-01T18:47:26.879+0000] {processor.py:179} INFO - Processing /home/airflow/.local/lib/python3.7/site-packages/airflow/example_dags/example_short_circuit_operator.py took 0.087 seconds
[2024-11-01T18:48:00.084+0000] {processor.py:157} INFO - Started process (PID=3200) to work on /home/airflow/.local/lib/python3.7/site-packages/airflow/example_dags/example_short_circuit_operator.py
[2024-11-01T18:48:00.093+0000] {processor.py:826} INFO - Processing file /home/airflow/.local/lib/python3.7/site-packages/airflow/example_dags/example_short_circuit_operator.py for tasks to queue
[2024-11-01T18:48:00.100+0000] {logging_mixin.py:150} INFO - [2024-11-01T18:48:00.098+0000] {dagbag.py:541} INFO - Filling up the DagBag from /home/airflow/.local/lib/python3.7/site-packages/airflow/example_dags/example_short_circuit_operator.py
[2024-11-01T18:48:00.124+0000] {processor.py:836} INFO - DAG(s) dict_keys(['example_short_circuit_operator']) retrieved from /home/airflow/.local/lib/python3.7/site-packages/airflow/example_dags/example_short_circuit_operator.py
[2024-11-01T18:48:00.212+0000] {logging_mixin.py:150} INFO - [2024-11-01T18:48:00.212+0000] {dag.py:2742} INFO - Sync 1 DAGs
[2024-11-01T18:48:00.287+0000] {logging_mixin.py:150} INFO - [2024-11-01T18:48:00.287+0000] {dag.py:3508} INFO - Setting next_dagrun for example_short_circuit_operator to 2024-10-31T18:48:00.287146+00:00, run_after=2024-11-01T18:48:00.287146+00:00
[2024-11-01T18:48:00.304+0000] {processor.py:179} INFO - Processing /home/airflow/.local/lib/python3.7/site-packages/airflow/example_dags/example_short_circuit_operator.py took 0.252 seconds
[2024-11-01T18:48:30.575+0000] {processor.py:157} INFO - Started process (PID=3261) to work on /home/airflow/.local/lib/python3.7/site-packages/airflow/example_dags/example_short_circuit_operator.py
[2024-11-01T18:48:30.581+0000] {processor.py:826} INFO - Processing file /home/airflow/.local/lib/python3.7/site-packages/airflow/example_dags/example_short_circuit_operator.py for tasks to queue
[2024-11-01T18:48:30.585+0000] {logging_mixin.py:150} INFO - [2024-11-01T18:48:30.583+0000] {dagbag.py:541} INFO - Filling up the DagBag from /home/airflow/.local/lib/python3.7/site-packages/airflow/example_dags/example_short_circuit_operator.py
[2024-11-01T18:48:30.675+0000] {processor.py:836} INFO - DAG(s) dict_keys(['example_short_circuit_operator']) retrieved from /home/airflow/.local/lib/python3.7/site-packages/airflow/example_dags/example_short_circuit_operator.py
[2024-11-01T18:48:30.888+0000] {logging_mixin.py:150} INFO - [2024-11-01T18:48:30.888+0000] {dag.py:2742} INFO - Sync 1 DAGs
[2024-11-01T18:48:30.938+0000] {logging_mixin.py:150} INFO - [2024-11-01T18:48:30.938+0000] {dag.py:3508} INFO - Setting next_dagrun for example_short_circuit_operator to 2024-10-31T18:48:30.938152+00:00, run_after=2024-11-01T18:48:30.938152+00:00
[2024-11-01T18:48:30.957+0000] {processor.py:179} INFO - Processing /home/airflow/.local/lib/python3.7/site-packages/airflow/example_dags/example_short_circuit_operator.py took 0.461 seconds
[2024-11-01T18:49:01.260+0000] {processor.py:157} INFO - Started process (PID=3323) to work on /home/airflow/.local/lib/python3.7/site-packages/airflow/example_dags/example_short_circuit_operator.py
[2024-11-01T18:49:01.262+0000] {processor.py:826} INFO - Processing file /home/airflow/.local/lib/python3.7/site-packages/airflow/example_dags/example_short_circuit_operator.py for tasks to queue
[2024-11-01T18:49:01.263+0000] {logging_mixin.py:150} INFO - [2024-11-01T18:49:01.262+0000] {dagbag.py:541} INFO - Filling up the DagBag from /home/airflow/.local/lib/python3.7/site-packages/airflow/example_dags/example_short_circuit_operator.py
[2024-11-01T18:49:01.271+0000] {processor.py:836} INFO - DAG(s) dict_keys(['example_short_circuit_operator']) retrieved from /home/airflow/.local/lib/python3.7/site-packages/airflow/example_dags/example_short_circuit_operator.py
[2024-11-01T18:49:01.292+0000] {logging_mixin.py:150} INFO - [2024-11-01T18:49:01.292+0000] {dag.py:2742} INFO - Sync 1 DAGs
[2024-11-01T18:49:01.312+0000] {logging_mixin.py:150} INFO - [2024-11-01T18:49:01.312+0000] {dag.py:3508} INFO - Setting next_dagrun for example_short_circuit_operator to 2024-10-31T18:49:01.312385+00:00, run_after=2024-11-01T18:49:01.312385+00:00
[2024-11-01T18:49:01.323+0000] {processor.py:179} INFO - Processing /home/airflow/.local/lib/python3.7/site-packages/airflow/example_dags/example_short_circuit_operator.py took 0.067 seconds
[2024-11-01T18:49:31.471+0000] {processor.py:157} INFO - Started process (PID=3385) to work on /home/airflow/.local/lib/python3.7/site-packages/airflow/example_dags/example_short_circuit_operator.py
[2024-11-01T18:49:31.472+0000] {processor.py:826} INFO - Processing file /home/airflow/.local/lib/python3.7/site-packages/airflow/example_dags/example_short_circuit_operator.py for tasks to queue
[2024-11-01T18:49:31.473+0000] {logging_mixin.py:150} INFO - [2024-11-01T18:49:31.473+0000] {dagbag.py:541} INFO - Filling up the DagBag from /home/airflow/.local/lib/python3.7/site-packages/airflow/example_dags/example_short_circuit_operator.py
[2024-11-01T18:49:31.482+0000] {processor.py:836} INFO - DAG(s) dict_keys(['example_short_circuit_operator']) retrieved from /home/airflow/.local/lib/python3.7/site-packages/airflow/example_dags/example_short_circuit_operator.py
[2024-11-01T18:49:31.500+0000] {logging_mixin.py:150} INFO - [2024-11-01T18:49:31.500+0000] {dag.py:2742} INFO - Sync 1 DAGs
[2024-11-01T18:49:31.514+0000] {logging_mixin.py:150} INFO - [2024-11-01T18:49:31.514+0000] {dag.py:3508} INFO - Setting next_dagrun for example_short_circuit_operator to 2024-10-31T18:49:31.514673+00:00, run_after=2024-11-01T18:49:31.514673+00:00
[2024-11-01T18:49:31.524+0000] {processor.py:179} INFO - Processing /home/airflow/.local/lib/python3.7/site-packages/airflow/example_dags/example_short_circuit_operator.py took 0.056 seconds
[2024-11-01T18:50:01.833+0000] {processor.py:157} INFO - Started process (PID=3447) to work on /home/airflow/.local/lib/python3.7/site-packages/airflow/example_dags/example_short_circuit_operator.py
[2024-11-01T18:50:01.835+0000] {processor.py:826} INFO - Processing file /home/airflow/.local/lib/python3.7/site-packages/airflow/example_dags/example_short_circuit_operator.py for tasks to queue
[2024-11-01T18:50:01.836+0000] {logging_mixin.py:150} INFO - [2024-11-01T18:50:01.836+0000] {dagbag.py:541} INFO - Filling up the DagBag from /home/airflow/.local/lib/python3.7/site-packages/airflow/example_dags/example_short_circuit_operator.py
[2024-11-01T18:50:01.846+0000] {processor.py:836} INFO - DAG(s) dict_keys(['example_short_circuit_operator']) retrieved from /home/airflow/.local/lib/python3.7/site-packages/airflow/example_dags/example_short_circuit_operator.py
[2024-11-01T18:50:01.863+0000] {logging_mixin.py:150} INFO - [2024-11-01T18:50:01.863+0000] {dag.py:2742} INFO - Sync 1 DAGs
[2024-11-01T18:50:01.877+0000] {logging_mixin.py:150} INFO - [2024-11-01T18:50:01.877+0000] {dag.py:3508} INFO - Setting next_dagrun for example_short_circuit_operator to 2024-10-31T18:50:01.877283+00:00, run_after=2024-11-01T18:50:01.877283+00:00
[2024-11-01T18:50:01.886+0000] {processor.py:179} INFO - Processing /home/airflow/.local/lib/python3.7/site-packages/airflow/example_dags/example_short_circuit_operator.py took 0.056 seconds
[2024-11-01T18:50:31.957+0000] {processor.py:157} INFO - Started process (PID=3509) to work on /home/airflow/.local/lib/python3.7/site-packages/airflow/example_dags/example_short_circuit_operator.py
[2024-11-01T18:50:31.959+0000] {processor.py:826} INFO - Processing file /home/airflow/.local/lib/python3.7/site-packages/airflow/example_dags/example_short_circuit_operator.py for tasks to queue
[2024-11-01T18:50:31.960+0000] {logging_mixin.py:150} INFO - [2024-11-01T18:50:31.959+0000] {dagbag.py:541} INFO - Filling up the DagBag from /home/airflow/.local/lib/python3.7/site-packages/airflow/example_dags/example_short_circuit_operator.py
[2024-11-01T18:50:31.968+0000] {processor.py:836} INFO - DAG(s) dict_keys(['example_short_circuit_operator']) retrieved from /home/airflow/.local/lib/python3.7/site-packages/airflow/example_dags/example_short_circuit_operator.py
[2024-11-01T18:50:31.986+0000] {logging_mixin.py:150} INFO - [2024-11-01T18:50:31.986+0000] {dag.py:2742} INFO - Sync 1 DAGs
[2024-11-01T18:50:32.000+0000] {logging_mixin.py:150} INFO - [2024-11-01T18:50:32.000+0000] {dag.py:3508} INFO - Setting next_dagrun for example_short_circuit_operator to 2024-10-31T18:50:31.999968+00:00, run_after=2024-11-01T18:50:31.999968+00:00
[2024-11-01T18:50:32.008+0000] {processor.py:179} INFO - Processing /home/airflow/.local/lib/python3.7/site-packages/airflow/example_dags/example_short_circuit_operator.py took 0.055 seconds
[2024-11-01T18:51:02.472+0000] {processor.py:157} INFO - Started process (PID=3571) to work on /home/airflow/.local/lib/python3.7/site-packages/airflow/example_dags/example_short_circuit_operator.py
[2024-11-01T18:51:02.475+0000] {processor.py:826} INFO - Processing file /home/airflow/.local/lib/python3.7/site-packages/airflow/example_dags/example_short_circuit_operator.py for tasks to queue
[2024-11-01T18:51:02.477+0000] {logging_mixin.py:150} INFO - [2024-11-01T18:51:02.476+0000] {dagbag.py:541} INFO - Filling up the DagBag from /home/airflow/.local/lib/python3.7/site-packages/airflow/example_dags/example_short_circuit_operator.py
[2024-11-01T18:51:02.493+0000] {processor.py:836} INFO - DAG(s) dict_keys(['example_short_circuit_operator']) retrieved from /home/airflow/.local/lib/python3.7/site-packages/airflow/example_dags/example_short_circuit_operator.py
[2024-11-01T18:51:02.532+0000] {logging_mixin.py:150} INFO - [2024-11-01T18:51:02.531+0000] {dag.py:2742} INFO - Sync 1 DAGs
[2024-11-01T18:51:02.555+0000] {logging_mixin.py:150} INFO - [2024-11-01T18:51:02.555+0000] {dag.py:3508} INFO - Setting next_dagrun for example_short_circuit_operator to 2024-10-31T18:51:02.554830+00:00, run_after=2024-11-01T18:51:02.554830+00:00
[2024-11-01T18:51:02.568+0000] {processor.py:179} INFO - Processing /home/airflow/.local/lib/python3.7/site-packages/airflow/example_dags/example_short_circuit_operator.py took 0.111 seconds
[2024-11-01T18:51:33.482+0000] {processor.py:157} INFO - Started process (PID=3633) to work on /home/airflow/.local/lib/python3.7/site-packages/airflow/example_dags/example_short_circuit_operator.py
[2024-11-01T18:51:33.483+0000] {processor.py:826} INFO - Processing file /home/airflow/.local/lib/python3.7/site-packages/airflow/example_dags/example_short_circuit_operator.py for tasks to queue
[2024-11-01T18:51:33.484+0000] {logging_mixin.py:150} INFO - [2024-11-01T18:51:33.483+0000] {dagbag.py:541} INFO - Filling up the DagBag from /home/airflow/.local/lib/python3.7/site-packages/airflow/example_dags/example_short_circuit_operator.py
[2024-11-01T18:51:33.496+0000] {processor.py:836} INFO - DAG(s) dict_keys(['example_short_circuit_operator']) retrieved from /home/airflow/.local/lib/python3.7/site-packages/airflow/example_dags/example_short_circuit_operator.py
[2024-11-01T18:51:33.521+0000] {logging_mixin.py:150} INFO - [2024-11-01T18:51:33.521+0000] {dag.py:2742} INFO - Sync 1 DAGs
[2024-11-01T18:51:33.538+0000] {logging_mixin.py:150} INFO - [2024-11-01T18:51:33.538+0000] {dag.py:3508} INFO - Setting next_dagrun for example_short_circuit_operator to 2024-10-31T18:51:33.538617+00:00, run_after=2024-11-01T18:51:33.538617+00:00
[2024-11-01T18:51:33.551+0000] {processor.py:179} INFO - Processing /home/airflow/.local/lib/python3.7/site-packages/airflow/example_dags/example_short_circuit_operator.py took 0.074 seconds
[2024-11-01T18:52:04.179+0000] {processor.py:157} INFO - Started process (PID=3695) to work on /home/airflow/.local/lib/python3.7/site-packages/airflow/example_dags/example_short_circuit_operator.py
[2024-11-01T18:52:04.183+0000] {processor.py:826} INFO - Processing file /home/airflow/.local/lib/python3.7/site-packages/airflow/example_dags/example_short_circuit_operator.py for tasks to queue
[2024-11-01T18:52:04.185+0000] {logging_mixin.py:150} INFO - [2024-11-01T18:52:04.184+0000] {dagbag.py:541} INFO - Filling up the DagBag from /home/airflow/.local/lib/python3.7/site-packages/airflow/example_dags/example_short_circuit_operator.py
[2024-11-01T18:52:04.198+0000] {processor.py:836} INFO - DAG(s) dict_keys(['example_short_circuit_operator']) retrieved from /home/airflow/.local/lib/python3.7/site-packages/airflow/example_dags/example_short_circuit_operator.py
[2024-11-01T18:52:04.221+0000] {logging_mixin.py:150} INFO - [2024-11-01T18:52:04.221+0000] {dag.py:2742} INFO - Sync 1 DAGs
[2024-11-01T18:52:04.239+0000] {logging_mixin.py:150} INFO - [2024-11-01T18:52:04.238+0000] {dag.py:3508} INFO - Setting next_dagrun for example_short_circuit_operator to 2024-10-31T18:52:04.238762+00:00, run_after=2024-11-01T18:52:04.238762+00:00
[2024-11-01T18:52:04.249+0000] {processor.py:179} INFO - Processing /home/airflow/.local/lib/python3.7/site-packages/airflow/example_dags/example_short_circuit_operator.py took 0.075 seconds
[2024-11-01T18:52:34.583+0000] {processor.py:157} INFO - Started process (PID=3757) to work on /home/airflow/.local/lib/python3.7/site-packages/airflow/example_dags/example_short_circuit_operator.py
[2024-11-01T18:52:34.584+0000] {processor.py:826} INFO - Processing file /home/airflow/.local/lib/python3.7/site-packages/airflow/example_dags/example_short_circuit_operator.py for tasks to queue
[2024-11-01T18:52:34.585+0000] {logging_mixin.py:150} INFO - [2024-11-01T18:52:34.584+0000] {dagbag.py:541} INFO - Filling up the DagBag from /home/airflow/.local/lib/python3.7/site-packages/airflow/example_dags/example_short_circuit_operator.py
[2024-11-01T18:52:34.591+0000] {processor.py:836} INFO - DAG(s) dict_keys(['example_short_circuit_operator']) retrieved from /home/airflow/.local/lib/python3.7/site-packages/airflow/example_dags/example_short_circuit_operator.py
[2024-11-01T18:52:34.606+0000] {logging_mixin.py:150} INFO - [2024-11-01T18:52:34.605+0000] {dag.py:2742} INFO - Sync 1 DAGs
[2024-11-01T18:52:34.619+0000] {logging_mixin.py:150} INFO - [2024-11-01T18:52:34.619+0000] {dag.py:3508} INFO - Setting next_dagrun for example_short_circuit_operator to 2024-10-31T18:52:34.619310+00:00, run_after=2024-11-01T18:52:34.619310+00:00
[2024-11-01T18:52:34.628+0000] {processor.py:179} INFO - Processing /home/airflow/.local/lib/python3.7/site-packages/airflow/example_dags/example_short_circuit_operator.py took 0.047 seconds
