[2024-11-01T18:12:06.673+0000] {processor.py:157} INFO - Started process (PID=78) to work on /home/airflow/.local/lib/python3.7/site-packages/airflow/example_dags/example_xcom.py
[2024-11-01T18:12:06.690+0000] {processor.py:826} INFO - Processing file /home/airflow/.local/lib/python3.7/site-packages/airflow/example_dags/example_xcom.py for tasks to queue
[2024-11-01T18:12:06.691+0000] {logging_mixin.py:150} INFO - [2024-11-01T18:12:06.690+0000] {dagbag.py:541} INFO - Filling up the DagBag from /home/airflow/.local/lib/python3.7/site-packages/airflow/example_dags/example_xcom.py
[2024-11-01T18:12:06.698+0000] {processor.py:836} INFO - DAG(s) dict_keys(['example_xcom']) retrieved from /home/airflow/.local/lib/python3.7/site-packages/airflow/example_dags/example_xcom.py
[2024-11-01T18:12:06.725+0000] {logging_mixin.py:150} INFO - [2024-11-01T18:12:06.725+0000] {dag.py:2742} INFO - Sync 1 DAGs
[2024-11-01T18:12:06.757+0000] {logging_mixin.py:150} INFO - [2024-11-01T18:12:06.756+0000] {dag.py:3508} INFO - Setting next_dagrun for example_xcom to 2021-01-01T00:00:00+00:00, run_after=2021-01-01T00:00:00+00:00
[2024-11-01T18:12:06.795+0000] {processor.py:179} INFO - Processing /home/airflow/.local/lib/python3.7/site-packages/airflow/example_dags/example_xcom.py took 0.126 seconds
[2024-11-01T18:12:55.697+0000] {processor.py:157} INFO - Started process (PID=140) to work on /home/airflow/.local/lib/python3.7/site-packages/airflow/example_dags/example_xcom.py
[2024-11-01T18:12:55.698+0000] {processor.py:826} INFO - Processing file /home/airflow/.local/lib/python3.7/site-packages/airflow/example_dags/example_xcom.py for tasks to queue
[2024-11-01T18:12:55.699+0000] {logging_mixin.py:150} INFO - [2024-11-01T18:12:55.699+0000] {dagbag.py:541} INFO - Filling up the DagBag from /home/airflow/.local/lib/python3.7/site-packages/airflow/example_dags/example_xcom.py
[2024-11-01T18:12:57.619+0000] {processor.py:836} INFO - DAG(s) dict_keys(['example_xcom']) retrieved from /home/airflow/.local/lib/python3.7/site-packages/airflow/example_dags/example_xcom.py
[2024-11-01T18:12:57.676+0000] {logging_mixin.py:150} INFO - [2024-11-01T18:12:57.675+0000] {dag.py:2742} INFO - Sync 1 DAGs
[2024-11-01T18:12:57.707+0000] {logging_mixin.py:150} INFO - [2024-11-01T18:12:57.707+0000] {dag.py:3508} INFO - Setting next_dagrun for example_xcom to 2021-01-01T00:00:00+00:00, run_after=2021-01-01T00:00:00+00:00
[2024-11-01T18:12:57.731+0000] {processor.py:179} INFO - Processing /home/airflow/.local/lib/python3.7/site-packages/airflow/example_dags/example_xcom.py took 2.037 seconds
[2024-11-01T18:13:34.826+0000] {processor.py:157} INFO - Started process (PID=209) to work on /home/airflow/.local/lib/python3.7/site-packages/airflow/example_dags/example_xcom.py
[2024-11-01T18:13:34.828+0000] {processor.py:826} INFO - Processing file /home/airflow/.local/lib/python3.7/site-packages/airflow/example_dags/example_xcom.py for tasks to queue
[2024-11-01T18:13:34.836+0000] {logging_mixin.py:150} INFO - [2024-11-01T18:13:34.836+0000] {dagbag.py:541} INFO - Filling up the DagBag from /home/airflow/.local/lib/python3.7/site-packages/airflow/example_dags/example_xcom.py
[2024-11-01T18:13:35.081+0000] {processor.py:836} INFO - DAG(s) dict_keys(['example_xcom']) retrieved from /home/airflow/.local/lib/python3.7/site-packages/airflow/example_dags/example_xcom.py
[2024-11-01T18:13:38.590+0000] {logging_mixin.py:150} INFO - [2024-11-01T18:13:38.587+0000] {dag.py:2742} INFO - Sync 1 DAGs
[2024-11-01T18:13:41.154+0000] {logging_mixin.py:150} INFO - [2024-11-01T18:13:41.153+0000] {dag.py:3508} INFO - Setting next_dagrun for example_xcom to 2021-01-01T00:00:00+00:00, run_after=2021-01-01T00:00:00+00:00
[2024-11-01T18:13:41.703+0000] {processor.py:179} INFO - Processing /home/airflow/.local/lib/python3.7/site-packages/airflow/example_dags/example_xcom.py took 6.885 seconds
[2024-11-01T18:16:40.712+0000] {processor.py:157} INFO - Started process (PID=294) to work on /home/airflow/.local/lib/python3.7/site-packages/airflow/example_dags/example_xcom.py
[2024-11-01T18:16:40.763+0000] {processor.py:826} INFO - Processing file /home/airflow/.local/lib/python3.7/site-packages/airflow/example_dags/example_xcom.py for tasks to queue
[2024-11-01T18:16:40.783+0000] {logging_mixin.py:150} INFO - [2024-11-01T18:16:40.775+0000] {dagbag.py:541} INFO - Filling up the DagBag from /home/airflow/.local/lib/python3.7/site-packages/airflow/example_dags/example_xcom.py
[2024-11-01T18:16:41.094+0000] {processor.py:836} INFO - DAG(s) dict_keys(['example_xcom']) retrieved from /home/airflow/.local/lib/python3.7/site-packages/airflow/example_dags/example_xcom.py
[2024-11-01T18:16:41.412+0000] {logging_mixin.py:150} INFO - [2024-11-01T18:16:41.411+0000] {dag.py:2742} INFO - Sync 1 DAGs
[2024-11-01T18:16:41.493+0000] {logging_mixin.py:150} INFO - [2024-11-01T18:16:41.493+0000] {dag.py:3508} INFO - Setting next_dagrun for example_xcom to 2021-01-01T00:00:00+00:00, run_after=2021-01-01T00:00:00+00:00
[2024-11-01T18:16:41.547+0000] {processor.py:179} INFO - Processing /home/airflow/.local/lib/python3.7/site-packages/airflow/example_dags/example_xcom.py took 1.376 seconds
[2024-11-01T18:17:59.422+0000] {processor.py:157} INFO - Started process (PID=382) to work on /home/airflow/.local/lib/python3.7/site-packages/airflow/example_dags/example_xcom.py
[2024-11-01T18:17:59.450+0000] {processor.py:826} INFO - Processing file /home/airflow/.local/lib/python3.7/site-packages/airflow/example_dags/example_xcom.py for tasks to queue
[2024-11-01T18:17:59.462+0000] {logging_mixin.py:150} INFO - [2024-11-01T18:17:59.455+0000] {dagbag.py:541} INFO - Filling up the DagBag from /home/airflow/.local/lib/python3.7/site-packages/airflow/example_dags/example_xcom.py
[2024-11-01T18:17:59.713+0000] {processor.py:836} INFO - DAG(s) dict_keys(['example_xcom']) retrieved from /home/airflow/.local/lib/python3.7/site-packages/airflow/example_dags/example_xcom.py
[2024-11-01T18:18:00.728+0000] {logging_mixin.py:150} INFO - [2024-11-01T18:18:00.717+0000] {dag.py:2742} INFO - Sync 1 DAGs
[2024-11-01T18:18:01.864+0000] {logging_mixin.py:150} INFO - [2024-11-01T18:18:01.854+0000] {dag.py:3508} INFO - Setting next_dagrun for example_xcom to 2021-01-01T00:00:00+00:00, run_after=2021-01-01T00:00:00+00:00
[2024-11-01T18:18:02.605+0000] {processor.py:179} INFO - Processing /home/airflow/.local/lib/python3.7/site-packages/airflow/example_dags/example_xcom.py took 3.391 seconds
[2024-11-01T18:19:01.071+0000] {processor.py:157} INFO - Started process (PID=465) to work on /home/airflow/.local/lib/python3.7/site-packages/airflow/example_dags/example_xcom.py
[2024-11-01T18:19:01.077+0000] {processor.py:826} INFO - Processing file /home/airflow/.local/lib/python3.7/site-packages/airflow/example_dags/example_xcom.py for tasks to queue
[2024-11-01T18:19:01.079+0000] {logging_mixin.py:150} INFO - [2024-11-01T18:19:01.078+0000] {dagbag.py:541} INFO - Filling up the DagBag from /home/airflow/.local/lib/python3.7/site-packages/airflow/example_dags/example_xcom.py
[2024-11-01T18:19:01.163+0000] {processor.py:836} INFO - DAG(s) dict_keys(['example_xcom']) retrieved from /home/airflow/.local/lib/python3.7/site-packages/airflow/example_dags/example_xcom.py
[2024-11-01T18:19:01.827+0000] {logging_mixin.py:150} INFO - [2024-11-01T18:19:01.824+0000] {dag.py:2742} INFO - Sync 1 DAGs
[2024-11-01T18:19:02.057+0000] {logging_mixin.py:150} INFO - [2024-11-01T18:19:02.054+0000] {dag.py:3508} INFO - Setting next_dagrun for example_xcom to 2021-01-01T00:00:00+00:00, run_after=2021-01-01T00:00:00+00:00
[2024-11-01T18:19:02.471+0000] {processor.py:179} INFO - Processing /home/airflow/.local/lib/python3.7/site-packages/airflow/example_dags/example_xcom.py took 1.468 seconds
[2024-11-01T18:19:33.268+0000] {processor.py:157} INFO - Started process (PID=526) to work on /home/airflow/.local/lib/python3.7/site-packages/airflow/example_dags/example_xcom.py
[2024-11-01T18:19:33.274+0000] {processor.py:826} INFO - Processing file /home/airflow/.local/lib/python3.7/site-packages/airflow/example_dags/example_xcom.py for tasks to queue
[2024-11-01T18:19:33.279+0000] {logging_mixin.py:150} INFO - [2024-11-01T18:19:33.277+0000] {dagbag.py:541} INFO - Filling up the DagBag from /home/airflow/.local/lib/python3.7/site-packages/airflow/example_dags/example_xcom.py
[2024-11-01T18:19:33.316+0000] {processor.py:836} INFO - DAG(s) dict_keys(['example_xcom']) retrieved from /home/airflow/.local/lib/python3.7/site-packages/airflow/example_dags/example_xcom.py
[2024-11-01T18:19:33.498+0000] {logging_mixin.py:150} INFO - [2024-11-01T18:19:33.497+0000] {dag.py:2742} INFO - Sync 1 DAGs
[2024-11-01T18:19:33.616+0000] {logging_mixin.py:150} INFO - [2024-11-01T18:19:33.615+0000] {dag.py:3508} INFO - Setting next_dagrun for example_xcom to 2021-01-01T00:00:00+00:00, run_after=2021-01-01T00:00:00+00:00
[2024-11-01T18:19:33.689+0000] {processor.py:179} INFO - Processing /home/airflow/.local/lib/python3.7/site-packages/airflow/example_dags/example_xcom.py took 0.467 seconds
[2024-11-01T18:20:20.140+0000] {processor.py:157} INFO - Started process (PID=590) to work on /home/airflow/.local/lib/python3.7/site-packages/airflow/example_dags/example_xcom.py
[2024-11-01T18:20:20.141+0000] {processor.py:826} INFO - Processing file /home/airflow/.local/lib/python3.7/site-packages/airflow/example_dags/example_xcom.py for tasks to queue
[2024-11-01T18:20:20.143+0000] {logging_mixin.py:150} INFO - [2024-11-01T18:20:20.142+0000] {dagbag.py:541} INFO - Filling up the DagBag from /home/airflow/.local/lib/python3.7/site-packages/airflow/example_dags/example_xcom.py
[2024-11-01T18:20:20.200+0000] {processor.py:836} INFO - DAG(s) dict_keys(['example_xcom']) retrieved from /home/airflow/.local/lib/python3.7/site-packages/airflow/example_dags/example_xcom.py
[2024-11-01T18:20:20.477+0000] {logging_mixin.py:150} INFO - [2024-11-01T18:20:20.476+0000] {dag.py:2742} INFO - Sync 1 DAGs
[2024-11-01T18:20:20.707+0000] {logging_mixin.py:150} INFO - [2024-11-01T18:20:20.706+0000] {dag.py:3508} INFO - Setting next_dagrun for example_xcom to 2021-01-01T00:00:00+00:00, run_after=2021-01-01T00:00:00+00:00
[2024-11-01T18:20:20.905+0000] {processor.py:179} INFO - Processing /home/airflow/.local/lib/python3.7/site-packages/airflow/example_dags/example_xcom.py took 0.779 seconds
[2024-11-01T18:21:30.050+0000] {processor.py:157} INFO - Started process (PID=671) to work on /home/airflow/.local/lib/python3.7/site-packages/airflow/example_dags/example_xcom.py
[2024-11-01T18:21:30.058+0000] {processor.py:826} INFO - Processing file /home/airflow/.local/lib/python3.7/site-packages/airflow/example_dags/example_xcom.py for tasks to queue
[2024-11-01T18:21:30.066+0000] {logging_mixin.py:150} INFO - [2024-11-01T18:21:30.064+0000] {dagbag.py:541} INFO - Filling up the DagBag from /home/airflow/.local/lib/python3.7/site-packages/airflow/example_dags/example_xcom.py
[2024-11-01T18:21:30.136+0000] {processor.py:836} INFO - DAG(s) dict_keys(['example_xcom']) retrieved from /home/airflow/.local/lib/python3.7/site-packages/airflow/example_dags/example_xcom.py
[2024-11-01T18:21:30.297+0000] {logging_mixin.py:150} INFO - [2024-11-01T18:21:30.297+0000] {dag.py:2742} INFO - Sync 1 DAGs
[2024-11-01T18:21:30.406+0000] {logging_mixin.py:150} INFO - [2024-11-01T18:21:30.406+0000] {dag.py:3508} INFO - Setting next_dagrun for example_xcom to 2021-01-01T00:00:00+00:00, run_after=2021-01-01T00:00:00+00:00
[2024-11-01T18:21:30.547+0000] {processor.py:179} INFO - Processing /home/airflow/.local/lib/python3.7/site-packages/airflow/example_dags/example_xcom.py took 0.607 seconds
[2024-11-01T18:24:22.111+0000] {processor.py:157} INFO - Started process (PID=782) to work on /home/airflow/.local/lib/python3.7/site-packages/airflow/example_dags/example_xcom.py
[2024-11-01T18:24:22.118+0000] {processor.py:826} INFO - Processing file /home/airflow/.local/lib/python3.7/site-packages/airflow/example_dags/example_xcom.py for tasks to queue
[2024-11-01T18:24:22.118+0000] {logging_mixin.py:150} INFO - [2024-11-01T18:24:22.118+0000] {dagbag.py:541} INFO - Filling up the DagBag from /home/airflow/.local/lib/python3.7/site-packages/airflow/example_dags/example_xcom.py
[2024-11-01T18:24:22.182+0000] {processor.py:836} INFO - DAG(s) dict_keys(['example_xcom']) retrieved from /home/airflow/.local/lib/python3.7/site-packages/airflow/example_dags/example_xcom.py
[2024-11-01T18:24:22.303+0000] {logging_mixin.py:150} INFO - [2024-11-01T18:24:22.303+0000] {dag.py:2742} INFO - Sync 1 DAGs
[2024-11-01T18:24:22.463+0000] {logging_mixin.py:150} INFO - [2024-11-01T18:24:22.462+0000] {dag.py:3508} INFO - Setting next_dagrun for example_xcom to 2021-01-01T00:00:00+00:00, run_after=2021-01-01T00:00:00+00:00
[2024-11-01T18:24:22.542+0000] {processor.py:179} INFO - Processing /home/airflow/.local/lib/python3.7/site-packages/airflow/example_dags/example_xcom.py took 0.443 seconds
[2024-11-01T18:25:49.686+0000] {processor.py:157} INFO - Started process (PID=866) to work on /home/airflow/.local/lib/python3.7/site-packages/airflow/example_dags/example_xcom.py
[2024-11-01T18:25:49.690+0000] {processor.py:826} INFO - Processing file /home/airflow/.local/lib/python3.7/site-packages/airflow/example_dags/example_xcom.py for tasks to queue
[2024-11-01T18:25:49.691+0000] {logging_mixin.py:150} INFO - [2024-11-01T18:25:49.691+0000] {dagbag.py:541} INFO - Filling up the DagBag from /home/airflow/.local/lib/python3.7/site-packages/airflow/example_dags/example_xcom.py
[2024-11-01T18:25:49.717+0000] {processor.py:836} INFO - DAG(s) dict_keys(['example_xcom']) retrieved from /home/airflow/.local/lib/python3.7/site-packages/airflow/example_dags/example_xcom.py
[2024-11-01T18:25:49.765+0000] {logging_mixin.py:150} INFO - [2024-11-01T18:25:49.765+0000] {dag.py:2742} INFO - Sync 1 DAGs
[2024-11-01T18:25:49.785+0000] {logging_mixin.py:150} INFO - [2024-11-01T18:25:49.785+0000] {dag.py:3508} INFO - Setting next_dagrun for example_xcom to 2021-01-01T00:00:00+00:00, run_after=2021-01-01T00:00:00+00:00
[2024-11-01T18:25:49.821+0000] {processor.py:179} INFO - Processing /home/airflow/.local/lib/python3.7/site-packages/airflow/example_dags/example_xcom.py took 0.143 seconds
[2024-11-01T18:26:19.915+0000] {processor.py:157} INFO - Started process (PID=928) to work on /home/airflow/.local/lib/python3.7/site-packages/airflow/example_dags/example_xcom.py
[2024-11-01T18:26:19.921+0000] {processor.py:826} INFO - Processing file /home/airflow/.local/lib/python3.7/site-packages/airflow/example_dags/example_xcom.py for tasks to queue
[2024-11-01T18:26:19.921+0000] {logging_mixin.py:150} INFO - [2024-11-01T18:26:19.921+0000] {dagbag.py:541} INFO - Filling up the DagBag from /home/airflow/.local/lib/python3.7/site-packages/airflow/example_dags/example_xcom.py
[2024-11-01T18:26:19.929+0000] {processor.py:836} INFO - DAG(s) dict_keys(['example_xcom']) retrieved from /home/airflow/.local/lib/python3.7/site-packages/airflow/example_dags/example_xcom.py
[2024-11-01T18:26:19.947+0000] {logging_mixin.py:150} INFO - [2024-11-01T18:26:19.947+0000] {dag.py:2742} INFO - Sync 1 DAGs
[2024-11-01T18:26:19.971+0000] {logging_mixin.py:150} INFO - [2024-11-01T18:26:19.970+0000] {dag.py:3508} INFO - Setting next_dagrun for example_xcom to 2021-01-01T00:00:00+00:00, run_after=2021-01-01T00:00:00+00:00
[2024-11-01T18:26:19.996+0000] {processor.py:179} INFO - Processing /home/airflow/.local/lib/python3.7/site-packages/airflow/example_dags/example_xcom.py took 0.118 seconds
[2024-11-01T18:26:50.873+0000] {processor.py:157} INFO - Started process (PID=990) to work on /home/airflow/.local/lib/python3.7/site-packages/airflow/example_dags/example_xcom.py
[2024-11-01T18:26:50.874+0000] {processor.py:826} INFO - Processing file /home/airflow/.local/lib/python3.7/site-packages/airflow/example_dags/example_xcom.py for tasks to queue
[2024-11-01T18:26:50.874+0000] {logging_mixin.py:150} INFO - [2024-11-01T18:26:50.874+0000] {dagbag.py:541} INFO - Filling up the DagBag from /home/airflow/.local/lib/python3.7/site-packages/airflow/example_dags/example_xcom.py
[2024-11-01T18:26:50.879+0000] {processor.py:836} INFO - DAG(s) dict_keys(['example_xcom']) retrieved from /home/airflow/.local/lib/python3.7/site-packages/airflow/example_dags/example_xcom.py
[2024-11-01T18:26:50.894+0000] {logging_mixin.py:150} INFO - [2024-11-01T18:26:50.894+0000] {dag.py:2742} INFO - Sync 1 DAGs
[2024-11-01T18:26:50.906+0000] {logging_mixin.py:150} INFO - [2024-11-01T18:26:50.906+0000] {dag.py:3508} INFO - Setting next_dagrun for example_xcom to 2021-01-01T00:00:00+00:00, run_after=2021-01-01T00:00:00+00:00
[2024-11-01T18:26:50.914+0000] {processor.py:179} INFO - Processing /home/airflow/.local/lib/python3.7/site-packages/airflow/example_dags/example_xcom.py took 0.044 seconds
[2024-11-01T18:27:21.769+0000] {processor.py:157} INFO - Started process (PID=1052) to work on /home/airflow/.local/lib/python3.7/site-packages/airflow/example_dags/example_xcom.py
[2024-11-01T18:27:21.771+0000] {processor.py:826} INFO - Processing file /home/airflow/.local/lib/python3.7/site-packages/airflow/example_dags/example_xcom.py for tasks to queue
[2024-11-01T18:27:21.771+0000] {logging_mixin.py:150} INFO - [2024-11-01T18:27:21.771+0000] {dagbag.py:541} INFO - Filling up the DagBag from /home/airflow/.local/lib/python3.7/site-packages/airflow/example_dags/example_xcom.py
[2024-11-01T18:27:21.778+0000] {processor.py:836} INFO - DAG(s) dict_keys(['example_xcom']) retrieved from /home/airflow/.local/lib/python3.7/site-packages/airflow/example_dags/example_xcom.py
[2024-11-01T18:27:21.795+0000] {logging_mixin.py:150} INFO - [2024-11-01T18:27:21.795+0000] {dag.py:2742} INFO - Sync 1 DAGs
[2024-11-01T18:27:21.814+0000] {logging_mixin.py:150} INFO - [2024-11-01T18:27:21.814+0000] {dag.py:3508} INFO - Setting next_dagrun for example_xcom to 2021-01-01T00:00:00+00:00, run_after=2021-01-01T00:00:00+00:00
[2024-11-01T18:27:21.826+0000] {processor.py:179} INFO - Processing /home/airflow/.local/lib/python3.7/site-packages/airflow/example_dags/example_xcom.py took 0.075 seconds
[2024-11-01T18:27:52.171+0000] {processor.py:157} INFO - Started process (PID=1114) to work on /home/airflow/.local/lib/python3.7/site-packages/airflow/example_dags/example_xcom.py
[2024-11-01T18:27:52.171+0000] {processor.py:826} INFO - Processing file /home/airflow/.local/lib/python3.7/site-packages/airflow/example_dags/example_xcom.py for tasks to queue
[2024-11-01T18:27:52.172+0000] {logging_mixin.py:150} INFO - [2024-11-01T18:27:52.172+0000] {dagbag.py:541} INFO - Filling up the DagBag from /home/airflow/.local/lib/python3.7/site-packages/airflow/example_dags/example_xcom.py
[2024-11-01T18:27:52.177+0000] {processor.py:836} INFO - DAG(s) dict_keys(['example_xcom']) retrieved from /home/airflow/.local/lib/python3.7/site-packages/airflow/example_dags/example_xcom.py
[2024-11-01T18:27:52.189+0000] {logging_mixin.py:150} INFO - [2024-11-01T18:27:52.189+0000] {dag.py:2742} INFO - Sync 1 DAGs
[2024-11-01T18:27:52.206+0000] {logging_mixin.py:150} INFO - [2024-11-01T18:27:52.205+0000] {dag.py:3508} INFO - Setting next_dagrun for example_xcom to 2021-01-01T00:00:00+00:00, run_after=2021-01-01T00:00:00+00:00
[2024-11-01T18:27:52.214+0000] {processor.py:179} INFO - Processing /home/airflow/.local/lib/python3.7/site-packages/airflow/example_dags/example_xcom.py took 0.045 seconds
[2024-11-01T18:30:50.075+0000] {processor.py:157} INFO - Started process (PID=1151) to work on /home/airflow/.local/lib/python3.7/site-packages/airflow/example_dags/example_xcom.py
[2024-11-01T18:30:50.081+0000] {processor.py:826} INFO - Processing file /home/airflow/.local/lib/python3.7/site-packages/airflow/example_dags/example_xcom.py for tasks to queue
[2024-11-01T18:30:50.095+0000] {logging_mixin.py:150} INFO - [2024-11-01T18:30:50.089+0000] {dagbag.py:541} INFO - Filling up the DagBag from /home/airflow/.local/lib/python3.7/site-packages/airflow/example_dags/example_xcom.py
[2024-11-01T18:30:50.216+0000] {processor.py:836} INFO - DAG(s) dict_keys(['example_xcom']) retrieved from /home/airflow/.local/lib/python3.7/site-packages/airflow/example_dags/example_xcom.py
[2024-11-01T18:30:51.240+0000] {logging_mixin.py:150} INFO - [2024-11-01T18:30:51.239+0000] {dag.py:2742} INFO - Sync 1 DAGs
[2024-11-01T18:30:52.531+0000] {logging_mixin.py:150} INFO - [2024-11-01T18:30:52.529+0000] {dag.py:3508} INFO - Setting next_dagrun for example_xcom to 2021-01-01T00:00:00+00:00, run_after=2021-01-01T00:00:00+00:00
[2024-11-01T18:30:54.164+0000] {processor.py:179} INFO - Processing /home/airflow/.local/lib/python3.7/site-packages/airflow/example_dags/example_xcom.py took 4.157 seconds
[2024-11-01T18:31:24.241+0000] {processor.py:157} INFO - Started process (PID=1213) to work on /home/airflow/.local/lib/python3.7/site-packages/airflow/example_dags/example_xcom.py
[2024-11-01T18:31:24.243+0000] {processor.py:826} INFO - Processing file /home/airflow/.local/lib/python3.7/site-packages/airflow/example_dags/example_xcom.py for tasks to queue
[2024-11-01T18:31:24.244+0000] {logging_mixin.py:150} INFO - [2024-11-01T18:31:24.244+0000] {dagbag.py:541} INFO - Filling up the DagBag from /home/airflow/.local/lib/python3.7/site-packages/airflow/example_dags/example_xcom.py
[2024-11-01T18:31:24.254+0000] {processor.py:836} INFO - DAG(s) dict_keys(['example_xcom']) retrieved from /home/airflow/.local/lib/python3.7/site-packages/airflow/example_dags/example_xcom.py
[2024-11-01T18:31:24.277+0000] {logging_mixin.py:150} INFO - [2024-11-01T18:31:24.277+0000] {dag.py:2742} INFO - Sync 1 DAGs
[2024-11-01T18:31:24.296+0000] {logging_mixin.py:150} INFO - [2024-11-01T18:31:24.296+0000] {dag.py:3508} INFO - Setting next_dagrun for example_xcom to 2021-01-01T00:00:00+00:00, run_after=2021-01-01T00:00:00+00:00
[2024-11-01T18:31:24.312+0000] {processor.py:179} INFO - Processing /home/airflow/.local/lib/python3.7/site-packages/airflow/example_dags/example_xcom.py took 0.074 seconds
[2024-11-01T18:31:54.673+0000] {processor.py:157} INFO - Started process (PID=1275) to work on /home/airflow/.local/lib/python3.7/site-packages/airflow/example_dags/example_xcom.py
[2024-11-01T18:31:54.679+0000] {processor.py:826} INFO - Processing file /home/airflow/.local/lib/python3.7/site-packages/airflow/example_dags/example_xcom.py for tasks to queue
[2024-11-01T18:31:54.679+0000] {logging_mixin.py:150} INFO - [2024-11-01T18:31:54.679+0000] {dagbag.py:541} INFO - Filling up the DagBag from /home/airflow/.local/lib/python3.7/site-packages/airflow/example_dags/example_xcom.py
[2024-11-01T18:31:54.687+0000] {processor.py:836} INFO - DAG(s) dict_keys(['example_xcom']) retrieved from /home/airflow/.local/lib/python3.7/site-packages/airflow/example_dags/example_xcom.py
[2024-11-01T18:31:54.708+0000] {logging_mixin.py:150} INFO - [2024-11-01T18:31:54.708+0000] {dag.py:2742} INFO - Sync 1 DAGs
[2024-11-01T18:31:54.727+0000] {logging_mixin.py:150} INFO - [2024-11-01T18:31:54.727+0000] {dag.py:3508} INFO - Setting next_dagrun for example_xcom to 2021-01-01T00:00:00+00:00, run_after=2021-01-01T00:00:00+00:00
[2024-11-01T18:31:54.741+0000] {processor.py:179} INFO - Processing /home/airflow/.local/lib/python3.7/site-packages/airflow/example_dags/example_xcom.py took 0.072 seconds
[2024-11-01T18:32:24.851+0000] {processor.py:157} INFO - Started process (PID=1337) to work on /home/airflow/.local/lib/python3.7/site-packages/airflow/example_dags/example_xcom.py
[2024-11-01T18:32:24.854+0000] {processor.py:826} INFO - Processing file /home/airflow/.local/lib/python3.7/site-packages/airflow/example_dags/example_xcom.py for tasks to queue
[2024-11-01T18:32:24.856+0000] {logging_mixin.py:150} INFO - [2024-11-01T18:32:24.855+0000] {dagbag.py:541} INFO - Filling up the DagBag from /home/airflow/.local/lib/python3.7/site-packages/airflow/example_dags/example_xcom.py
[2024-11-01T18:32:24.866+0000] {processor.py:836} INFO - DAG(s) dict_keys(['example_xcom']) retrieved from /home/airflow/.local/lib/python3.7/site-packages/airflow/example_dags/example_xcom.py
[2024-11-01T18:32:24.883+0000] {logging_mixin.py:150} INFO - [2024-11-01T18:32:24.883+0000] {dag.py:2742} INFO - Sync 1 DAGs
[2024-11-01T18:32:24.900+0000] {logging_mixin.py:150} INFO - [2024-11-01T18:32:24.900+0000] {dag.py:3508} INFO - Setting next_dagrun for example_xcom to 2021-01-01T00:00:00+00:00, run_after=2021-01-01T00:00:00+00:00
[2024-11-01T18:32:24.914+0000] {processor.py:179} INFO - Processing /home/airflow/.local/lib/python3.7/site-packages/airflow/example_dags/example_xcom.py took 0.070 seconds
[2024-11-01T18:32:55.905+0000] {processor.py:157} INFO - Started process (PID=1398) to work on /home/airflow/.local/lib/python3.7/site-packages/airflow/example_dags/example_xcom.py
[2024-11-01T18:32:55.907+0000] {processor.py:826} INFO - Processing file /home/airflow/.local/lib/python3.7/site-packages/airflow/example_dags/example_xcom.py for tasks to queue
[2024-11-01T18:32:55.915+0000] {logging_mixin.py:150} INFO - [2024-11-01T18:32:55.914+0000] {dagbag.py:541} INFO - Filling up the DagBag from /home/airflow/.local/lib/python3.7/site-packages/airflow/example_dags/example_xcom.py
[2024-11-01T18:32:55.937+0000] {processor.py:836} INFO - DAG(s) dict_keys(['example_xcom']) retrieved from /home/airflow/.local/lib/python3.7/site-packages/airflow/example_dags/example_xcom.py
[2024-11-01T18:32:55.974+0000] {logging_mixin.py:150} INFO - [2024-11-01T18:32:55.973+0000] {dag.py:2742} INFO - Sync 1 DAGs
[2024-11-01T18:32:56.019+0000] {logging_mixin.py:150} INFO - [2024-11-01T18:32:56.019+0000] {dag.py:3508} INFO - Setting next_dagrun for example_xcom to 2021-01-01T00:00:00+00:00, run_after=2021-01-01T00:00:00+00:00
[2024-11-01T18:32:56.035+0000] {processor.py:179} INFO - Processing /home/airflow/.local/lib/python3.7/site-packages/airflow/example_dags/example_xcom.py took 0.135 seconds
[2024-11-01T18:33:26.326+0000] {processor.py:157} INFO - Started process (PID=1460) to work on /home/airflow/.local/lib/python3.7/site-packages/airflow/example_dags/example_xcom.py
[2024-11-01T18:33:26.331+0000] {processor.py:826} INFO - Processing file /home/airflow/.local/lib/python3.7/site-packages/airflow/example_dags/example_xcom.py for tasks to queue
[2024-11-01T18:33:26.332+0000] {logging_mixin.py:150} INFO - [2024-11-01T18:33:26.331+0000] {dagbag.py:541} INFO - Filling up the DagBag from /home/airflow/.local/lib/python3.7/site-packages/airflow/example_dags/example_xcom.py
[2024-11-01T18:33:26.339+0000] {processor.py:836} INFO - DAG(s) dict_keys(['example_xcom']) retrieved from /home/airflow/.local/lib/python3.7/site-packages/airflow/example_dags/example_xcom.py
[2024-11-01T18:33:26.365+0000] {logging_mixin.py:150} INFO - [2024-11-01T18:33:26.365+0000] {dag.py:2742} INFO - Sync 1 DAGs
[2024-11-01T18:33:26.378+0000] {logging_mixin.py:150} INFO - [2024-11-01T18:33:26.378+0000] {dag.py:3508} INFO - Setting next_dagrun for example_xcom to 2021-01-01T00:00:00+00:00, run_after=2021-01-01T00:00:00+00:00
[2024-11-01T18:33:26.393+0000] {processor.py:179} INFO - Processing /home/airflow/.local/lib/python3.7/site-packages/airflow/example_dags/example_xcom.py took 0.071 seconds
[2024-11-01T18:33:57.430+0000] {processor.py:157} INFO - Started process (PID=1522) to work on /home/airflow/.local/lib/python3.7/site-packages/airflow/example_dags/example_xcom.py
[2024-11-01T18:33:57.432+0000] {processor.py:826} INFO - Processing file /home/airflow/.local/lib/python3.7/site-packages/airflow/example_dags/example_xcom.py for tasks to queue
[2024-11-01T18:33:57.434+0000] {logging_mixin.py:150} INFO - [2024-11-01T18:33:57.434+0000] {dagbag.py:541} INFO - Filling up the DagBag from /home/airflow/.local/lib/python3.7/site-packages/airflow/example_dags/example_xcom.py
[2024-11-01T18:33:57.441+0000] {processor.py:836} INFO - DAG(s) dict_keys(['example_xcom']) retrieved from /home/airflow/.local/lib/python3.7/site-packages/airflow/example_dags/example_xcom.py
[2024-11-01T18:33:57.470+0000] {logging_mixin.py:150} INFO - [2024-11-01T18:33:57.469+0000] {dag.py:2742} INFO - Sync 1 DAGs
[2024-11-01T18:33:57.497+0000] {logging_mixin.py:150} INFO - [2024-11-01T18:33:57.497+0000] {dag.py:3508} INFO - Setting next_dagrun for example_xcom to 2021-01-01T00:00:00+00:00, run_after=2021-01-01T00:00:00+00:00
[2024-11-01T18:33:57.512+0000] {processor.py:179} INFO - Processing /home/airflow/.local/lib/python3.7/site-packages/airflow/example_dags/example_xcom.py took 0.087 seconds
[2024-11-01T18:34:27.981+0000] {processor.py:157} INFO - Started process (PID=1584) to work on /home/airflow/.local/lib/python3.7/site-packages/airflow/example_dags/example_xcom.py
[2024-11-01T18:34:27.987+0000] {processor.py:826} INFO - Processing file /home/airflow/.local/lib/python3.7/site-packages/airflow/example_dags/example_xcom.py for tasks to queue
[2024-11-01T18:34:27.990+0000] {logging_mixin.py:150} INFO - [2024-11-01T18:34:27.990+0000] {dagbag.py:541} INFO - Filling up the DagBag from /home/airflow/.local/lib/python3.7/site-packages/airflow/example_dags/example_xcom.py
[2024-11-01T18:34:28.014+0000] {processor.py:836} INFO - DAG(s) dict_keys(['example_xcom']) retrieved from /home/airflow/.local/lib/python3.7/site-packages/airflow/example_dags/example_xcom.py
[2024-11-01T18:34:28.044+0000] {logging_mixin.py:150} INFO - [2024-11-01T18:34:28.044+0000] {dag.py:2742} INFO - Sync 1 DAGs
[2024-11-01T18:34:28.064+0000] {logging_mixin.py:150} INFO - [2024-11-01T18:34:28.064+0000] {dag.py:3508} INFO - Setting next_dagrun for example_xcom to 2021-01-01T00:00:00+00:00, run_after=2021-01-01T00:00:00+00:00
[2024-11-01T18:34:28.088+0000] {processor.py:179} INFO - Processing /home/airflow/.local/lib/python3.7/site-packages/airflow/example_dags/example_xcom.py took 0.113 seconds
[2024-11-01T18:34:58.497+0000] {processor.py:157} INFO - Started process (PID=1646) to work on /home/airflow/.local/lib/python3.7/site-packages/airflow/example_dags/example_xcom.py
[2024-11-01T18:34:58.499+0000] {processor.py:826} INFO - Processing file /home/airflow/.local/lib/python3.7/site-packages/airflow/example_dags/example_xcom.py for tasks to queue
[2024-11-01T18:34:58.500+0000] {logging_mixin.py:150} INFO - [2024-11-01T18:34:58.499+0000] {dagbag.py:541} INFO - Filling up the DagBag from /home/airflow/.local/lib/python3.7/site-packages/airflow/example_dags/example_xcom.py
[2024-11-01T18:34:58.513+0000] {processor.py:836} INFO - DAG(s) dict_keys(['example_xcom']) retrieved from /home/airflow/.local/lib/python3.7/site-packages/airflow/example_dags/example_xcom.py
[2024-11-01T18:34:58.536+0000] {logging_mixin.py:150} INFO - [2024-11-01T18:34:58.536+0000] {dag.py:2742} INFO - Sync 1 DAGs
[2024-11-01T18:34:58.561+0000] {logging_mixin.py:150} INFO - [2024-11-01T18:34:58.561+0000] {dag.py:3508} INFO - Setting next_dagrun for example_xcom to 2021-01-01T00:00:00+00:00, run_after=2021-01-01T00:00:00+00:00
[2024-11-01T18:34:58.575+0000] {processor.py:179} INFO - Processing /home/airflow/.local/lib/python3.7/site-packages/airflow/example_dags/example_xcom.py took 0.084 seconds
[2024-11-01T18:35:29.061+0000] {processor.py:157} INFO - Started process (PID=1708) to work on /home/airflow/.local/lib/python3.7/site-packages/airflow/example_dags/example_xcom.py
[2024-11-01T18:35:29.064+0000] {processor.py:826} INFO - Processing file /home/airflow/.local/lib/python3.7/site-packages/airflow/example_dags/example_xcom.py for tasks to queue
[2024-11-01T18:35:29.065+0000] {logging_mixin.py:150} INFO - [2024-11-01T18:35:29.065+0000] {dagbag.py:541} INFO - Filling up the DagBag from /home/airflow/.local/lib/python3.7/site-packages/airflow/example_dags/example_xcom.py
[2024-11-01T18:35:29.073+0000] {processor.py:836} INFO - DAG(s) dict_keys(['example_xcom']) retrieved from /home/airflow/.local/lib/python3.7/site-packages/airflow/example_dags/example_xcom.py
[2024-11-01T18:35:29.102+0000] {logging_mixin.py:150} INFO - [2024-11-01T18:35:29.102+0000] {dag.py:2742} INFO - Sync 1 DAGs
[2024-11-01T18:35:29.120+0000] {logging_mixin.py:150} INFO - [2024-11-01T18:35:29.120+0000] {dag.py:3508} INFO - Setting next_dagrun for example_xcom to 2021-01-01T00:00:00+00:00, run_after=2021-01-01T00:00:00+00:00
[2024-11-01T18:35:29.134+0000] {processor.py:179} INFO - Processing /home/airflow/.local/lib/python3.7/site-packages/airflow/example_dags/example_xcom.py took 0.077 seconds
[2024-11-01T18:35:59.654+0000] {processor.py:157} INFO - Started process (PID=1770) to work on /home/airflow/.local/lib/python3.7/site-packages/airflow/example_dags/example_xcom.py
[2024-11-01T18:35:59.657+0000] {processor.py:826} INFO - Processing file /home/airflow/.local/lib/python3.7/site-packages/airflow/example_dags/example_xcom.py for tasks to queue
[2024-11-01T18:35:59.661+0000] {logging_mixin.py:150} INFO - [2024-11-01T18:35:59.661+0000] {dagbag.py:541} INFO - Filling up the DagBag from /home/airflow/.local/lib/python3.7/site-packages/airflow/example_dags/example_xcom.py
[2024-11-01T18:35:59.691+0000] {processor.py:836} INFO - DAG(s) dict_keys(['example_xcom']) retrieved from /home/airflow/.local/lib/python3.7/site-packages/airflow/example_dags/example_xcom.py
[2024-11-01T18:35:59.790+0000] {logging_mixin.py:150} INFO - [2024-11-01T18:35:59.790+0000] {dag.py:2742} INFO - Sync 1 DAGs
[2024-11-01T18:35:59.828+0000] {logging_mixin.py:150} INFO - [2024-11-01T18:35:59.828+0000] {dag.py:3508} INFO - Setting next_dagrun for example_xcom to 2021-01-01T00:00:00+00:00, run_after=2021-01-01T00:00:00+00:00
[2024-11-01T18:35:59.873+0000] {processor.py:179} INFO - Processing /home/airflow/.local/lib/python3.7/site-packages/airflow/example_dags/example_xcom.py took 0.223 seconds
[2024-11-01T18:36:30.140+0000] {processor.py:157} INFO - Started process (PID=1832) to work on /home/airflow/.local/lib/python3.7/site-packages/airflow/example_dags/example_xcom.py
[2024-11-01T18:36:30.142+0000] {processor.py:826} INFO - Processing file /home/airflow/.local/lib/python3.7/site-packages/airflow/example_dags/example_xcom.py for tasks to queue
[2024-11-01T18:36:30.143+0000] {logging_mixin.py:150} INFO - [2024-11-01T18:36:30.143+0000] {dagbag.py:541} INFO - Filling up the DagBag from /home/airflow/.local/lib/python3.7/site-packages/airflow/example_dags/example_xcom.py
[2024-11-01T18:36:30.170+0000] {processor.py:836} INFO - DAG(s) dict_keys(['example_xcom']) retrieved from /home/airflow/.local/lib/python3.7/site-packages/airflow/example_dags/example_xcom.py
[2024-11-01T18:36:30.220+0000] {logging_mixin.py:150} INFO - [2024-11-01T18:36:30.220+0000] {dag.py:2742} INFO - Sync 1 DAGs
[2024-11-01T18:36:30.255+0000] {logging_mixin.py:150} INFO - [2024-11-01T18:36:30.254+0000] {dag.py:3508} INFO - Setting next_dagrun for example_xcom to 2021-01-01T00:00:00+00:00, run_after=2021-01-01T00:00:00+00:00
[2024-11-01T18:36:30.274+0000] {processor.py:179} INFO - Processing /home/airflow/.local/lib/python3.7/site-packages/airflow/example_dags/example_xcom.py took 0.138 seconds
[2024-11-01T18:37:00.371+0000] {processor.py:157} INFO - Started process (PID=1894) to work on /home/airflow/.local/lib/python3.7/site-packages/airflow/example_dags/example_xcom.py
[2024-11-01T18:37:00.372+0000] {processor.py:826} INFO - Processing file /home/airflow/.local/lib/python3.7/site-packages/airflow/example_dags/example_xcom.py for tasks to queue
[2024-11-01T18:37:00.373+0000] {logging_mixin.py:150} INFO - [2024-11-01T18:37:00.373+0000] {dagbag.py:541} INFO - Filling up the DagBag from /home/airflow/.local/lib/python3.7/site-packages/airflow/example_dags/example_xcom.py
[2024-11-01T18:37:00.382+0000] {processor.py:836} INFO - DAG(s) dict_keys(['example_xcom']) retrieved from /home/airflow/.local/lib/python3.7/site-packages/airflow/example_dags/example_xcom.py
[2024-11-01T18:37:00.410+0000] {logging_mixin.py:150} INFO - [2024-11-01T18:37:00.410+0000] {dag.py:2742} INFO - Sync 1 DAGs
[2024-11-01T18:37:00.432+0000] {logging_mixin.py:150} INFO - [2024-11-01T18:37:00.432+0000] {dag.py:3508} INFO - Setting next_dagrun for example_xcom to 2021-01-01T00:00:00+00:00, run_after=2021-01-01T00:00:00+00:00
[2024-11-01T18:37:00.448+0000] {processor.py:179} INFO - Processing /home/airflow/.local/lib/python3.7/site-packages/airflow/example_dags/example_xcom.py took 0.079 seconds
[2024-11-01T18:37:30.907+0000] {processor.py:157} INFO - Started process (PID=1955) to work on /home/airflow/.local/lib/python3.7/site-packages/airflow/example_dags/example_xcom.py
[2024-11-01T18:37:30.909+0000] {processor.py:826} INFO - Processing file /home/airflow/.local/lib/python3.7/site-packages/airflow/example_dags/example_xcom.py for tasks to queue
[2024-11-01T18:37:30.910+0000] {logging_mixin.py:150} INFO - [2024-11-01T18:37:30.910+0000] {dagbag.py:541} INFO - Filling up the DagBag from /home/airflow/.local/lib/python3.7/site-packages/airflow/example_dags/example_xcom.py
[2024-11-01T18:37:30.937+0000] {processor.py:836} INFO - DAG(s) dict_keys(['example_xcom']) retrieved from /home/airflow/.local/lib/python3.7/site-packages/airflow/example_dags/example_xcom.py
[2024-11-01T18:37:30.974+0000] {logging_mixin.py:150} INFO - [2024-11-01T18:37:30.974+0000] {dag.py:2742} INFO - Sync 1 DAGs
[2024-11-01T18:37:31.006+0000] {logging_mixin.py:150} INFO - [2024-11-01T18:37:31.006+0000] {dag.py:3508} INFO - Setting next_dagrun for example_xcom to 2021-01-01T00:00:00+00:00, run_after=2021-01-01T00:00:00+00:00
[2024-11-01T18:37:31.023+0000] {processor.py:179} INFO - Processing /home/airflow/.local/lib/python3.7/site-packages/airflow/example_dags/example_xcom.py took 0.120 seconds
[2024-11-01T18:38:06.300+0000] {processor.py:157} INFO - Started process (PID=2017) to work on /home/airflow/.local/lib/python3.7/site-packages/airflow/example_dags/example_xcom.py
[2024-11-01T18:38:06.301+0000] {processor.py:826} INFO - Processing file /home/airflow/.local/lib/python3.7/site-packages/airflow/example_dags/example_xcom.py for tasks to queue
[2024-11-01T18:38:06.302+0000] {logging_mixin.py:150} INFO - [2024-11-01T18:38:06.302+0000] {dagbag.py:541} INFO - Filling up the DagBag from /home/airflow/.local/lib/python3.7/site-packages/airflow/example_dags/example_xcom.py
[2024-11-01T18:38:06.316+0000] {processor.py:836} INFO - DAG(s) dict_keys(['example_xcom']) retrieved from /home/airflow/.local/lib/python3.7/site-packages/airflow/example_dags/example_xcom.py
[2024-11-01T18:38:06.351+0000] {logging_mixin.py:150} INFO - [2024-11-01T18:38:06.351+0000] {dag.py:2742} INFO - Sync 1 DAGs
[2024-11-01T18:38:06.387+0000] {logging_mixin.py:150} INFO - [2024-11-01T18:38:06.386+0000] {dag.py:3508} INFO - Setting next_dagrun for example_xcom to 2021-01-01T00:00:00+00:00, run_after=2021-01-01T00:00:00+00:00
[2024-11-01T18:38:06.675+0000] {processor.py:179} INFO - Processing /home/airflow/.local/lib/python3.7/site-packages/airflow/example_dags/example_xcom.py took 0.379 seconds
[2024-11-01T18:38:37.229+0000] {processor.py:157} INFO - Started process (PID=2078) to work on /home/airflow/.local/lib/python3.7/site-packages/airflow/example_dags/example_xcom.py
[2024-11-01T18:38:37.230+0000] {processor.py:826} INFO - Processing file /home/airflow/.local/lib/python3.7/site-packages/airflow/example_dags/example_xcom.py for tasks to queue
[2024-11-01T18:38:37.230+0000] {logging_mixin.py:150} INFO - [2024-11-01T18:38:37.230+0000] {dagbag.py:541} INFO - Filling up the DagBag from /home/airflow/.local/lib/python3.7/site-packages/airflow/example_dags/example_xcom.py
[2024-11-01T18:38:37.244+0000] {processor.py:836} INFO - DAG(s) dict_keys(['example_xcom']) retrieved from /home/airflow/.local/lib/python3.7/site-packages/airflow/example_dags/example_xcom.py
[2024-11-01T18:38:37.265+0000] {logging_mixin.py:150} INFO - [2024-11-01T18:38:37.265+0000] {dag.py:2742} INFO - Sync 1 DAGs
[2024-11-01T18:38:37.287+0000] {logging_mixin.py:150} INFO - [2024-11-01T18:38:37.287+0000] {dag.py:3508} INFO - Setting next_dagrun for example_xcom to 2021-01-01T00:00:00+00:00, run_after=2021-01-01T00:00:00+00:00
[2024-11-01T18:38:37.320+0000] {processor.py:179} INFO - Processing /home/airflow/.local/lib/python3.7/site-packages/airflow/example_dags/example_xcom.py took 0.093 seconds
[2024-11-01T18:39:08.089+0000] {processor.py:157} INFO - Started process (PID=2140) to work on /home/airflow/.local/lib/python3.7/site-packages/airflow/example_dags/example_xcom.py
[2024-11-01T18:39:08.091+0000] {processor.py:826} INFO - Processing file /home/airflow/.local/lib/python3.7/site-packages/airflow/example_dags/example_xcom.py for tasks to queue
[2024-11-01T18:39:08.093+0000] {logging_mixin.py:150} INFO - [2024-11-01T18:39:08.093+0000] {dagbag.py:541} INFO - Filling up the DagBag from /home/airflow/.local/lib/python3.7/site-packages/airflow/example_dags/example_xcom.py
[2024-11-01T18:39:08.100+0000] {processor.py:836} INFO - DAG(s) dict_keys(['example_xcom']) retrieved from /home/airflow/.local/lib/python3.7/site-packages/airflow/example_dags/example_xcom.py
[2024-11-01T18:39:08.129+0000] {logging_mixin.py:150} INFO - [2024-11-01T18:39:08.129+0000] {dag.py:2742} INFO - Sync 1 DAGs
[2024-11-01T18:39:08.151+0000] {logging_mixin.py:150} INFO - [2024-11-01T18:39:08.151+0000] {dag.py:3508} INFO - Setting next_dagrun for example_xcom to 2021-01-01T00:00:00+00:00, run_after=2021-01-01T00:00:00+00:00
[2024-11-01T18:39:08.170+0000] {processor.py:179} INFO - Processing /home/airflow/.local/lib/python3.7/site-packages/airflow/example_dags/example_xcom.py took 0.087 seconds
[2024-11-01T18:39:38.481+0000] {processor.py:157} INFO - Started process (PID=2201) to work on /home/airflow/.local/lib/python3.7/site-packages/airflow/example_dags/example_xcom.py
[2024-11-01T18:39:38.482+0000] {processor.py:826} INFO - Processing file /home/airflow/.local/lib/python3.7/site-packages/airflow/example_dags/example_xcom.py for tasks to queue
[2024-11-01T18:39:38.483+0000] {logging_mixin.py:150} INFO - [2024-11-01T18:39:38.483+0000] {dagbag.py:541} INFO - Filling up the DagBag from /home/airflow/.local/lib/python3.7/site-packages/airflow/example_dags/example_xcom.py
[2024-11-01T18:39:38.490+0000] {processor.py:836} INFO - DAG(s) dict_keys(['example_xcom']) retrieved from /home/airflow/.local/lib/python3.7/site-packages/airflow/example_dags/example_xcom.py
[2024-11-01T18:39:38.515+0000] {logging_mixin.py:150} INFO - [2024-11-01T18:39:38.515+0000] {dag.py:2742} INFO - Sync 1 DAGs
[2024-11-01T18:39:38.528+0000] {logging_mixin.py:150} INFO - [2024-11-01T18:39:38.528+0000] {dag.py:3508} INFO - Setting next_dagrun for example_xcom to 2021-01-01T00:00:00+00:00, run_after=2021-01-01T00:00:00+00:00
[2024-11-01T18:39:38.537+0000] {processor.py:179} INFO - Processing /home/airflow/.local/lib/python3.7/site-packages/airflow/example_dags/example_xcom.py took 0.058 seconds
[2024-11-01T18:40:08.748+0000] {processor.py:157} INFO - Started process (PID=2263) to work on /home/airflow/.local/lib/python3.7/site-packages/airflow/example_dags/example_xcom.py
[2024-11-01T18:40:08.751+0000] {processor.py:826} INFO - Processing file /home/airflow/.local/lib/python3.7/site-packages/airflow/example_dags/example_xcom.py for tasks to queue
[2024-11-01T18:40:08.752+0000] {logging_mixin.py:150} INFO - [2024-11-01T18:40:08.751+0000] {dagbag.py:541} INFO - Filling up the DagBag from /home/airflow/.local/lib/python3.7/site-packages/airflow/example_dags/example_xcom.py
[2024-11-01T18:40:08.757+0000] {processor.py:836} INFO - DAG(s) dict_keys(['example_xcom']) retrieved from /home/airflow/.local/lib/python3.7/site-packages/airflow/example_dags/example_xcom.py
[2024-11-01T18:40:08.774+0000] {logging_mixin.py:150} INFO - [2024-11-01T18:40:08.773+0000] {dag.py:2742} INFO - Sync 1 DAGs
[2024-11-01T18:40:08.785+0000] {logging_mixin.py:150} INFO - [2024-11-01T18:40:08.785+0000] {dag.py:3508} INFO - Setting next_dagrun for example_xcom to 2021-01-01T00:00:00+00:00, run_after=2021-01-01T00:00:00+00:00
[2024-11-01T18:40:08.793+0000] {processor.py:179} INFO - Processing /home/airflow/.local/lib/python3.7/site-packages/airflow/example_dags/example_xcom.py took 0.048 seconds
[2024-11-01T18:40:38.915+0000] {processor.py:157} INFO - Started process (PID=2325) to work on /home/airflow/.local/lib/python3.7/site-packages/airflow/example_dags/example_xcom.py
[2024-11-01T18:40:38.919+0000] {processor.py:826} INFO - Processing file /home/airflow/.local/lib/python3.7/site-packages/airflow/example_dags/example_xcom.py for tasks to queue
[2024-11-01T18:40:38.920+0000] {logging_mixin.py:150} INFO - [2024-11-01T18:40:38.920+0000] {dagbag.py:541} INFO - Filling up the DagBag from /home/airflow/.local/lib/python3.7/site-packages/airflow/example_dags/example_xcom.py
[2024-11-01T18:40:38.927+0000] {processor.py:836} INFO - DAG(s) dict_keys(['example_xcom']) retrieved from /home/airflow/.local/lib/python3.7/site-packages/airflow/example_dags/example_xcom.py
[2024-11-01T18:40:38.941+0000] {logging_mixin.py:150} INFO - [2024-11-01T18:40:38.941+0000] {dag.py:2742} INFO - Sync 1 DAGs
[2024-11-01T18:40:38.954+0000] {logging_mixin.py:150} INFO - [2024-11-01T18:40:38.953+0000] {dag.py:3508} INFO - Setting next_dagrun for example_xcom to 2021-01-01T00:00:00+00:00, run_after=2021-01-01T00:00:00+00:00
[2024-11-01T18:40:38.962+0000] {processor.py:179} INFO - Processing /home/airflow/.local/lib/python3.7/site-packages/airflow/example_dags/example_xcom.py took 0.048 seconds
[2024-11-01T18:41:09.254+0000] {processor.py:157} INFO - Started process (PID=2387) to work on /home/airflow/.local/lib/python3.7/site-packages/airflow/example_dags/example_xcom.py
[2024-11-01T18:41:09.256+0000] {processor.py:826} INFO - Processing file /home/airflow/.local/lib/python3.7/site-packages/airflow/example_dags/example_xcom.py for tasks to queue
[2024-11-01T18:41:09.256+0000] {logging_mixin.py:150} INFO - [2024-11-01T18:41:09.256+0000] {dagbag.py:541} INFO - Filling up the DagBag from /home/airflow/.local/lib/python3.7/site-packages/airflow/example_dags/example_xcom.py
[2024-11-01T18:41:09.263+0000] {processor.py:836} INFO - DAG(s) dict_keys(['example_xcom']) retrieved from /home/airflow/.local/lib/python3.7/site-packages/airflow/example_dags/example_xcom.py
[2024-11-01T18:41:09.278+0000] {logging_mixin.py:150} INFO - [2024-11-01T18:41:09.278+0000] {dag.py:2742} INFO - Sync 1 DAGs
[2024-11-01T18:41:09.290+0000] {logging_mixin.py:150} INFO - [2024-11-01T18:41:09.290+0000] {dag.py:3508} INFO - Setting next_dagrun for example_xcom to 2021-01-01T00:00:00+00:00, run_after=2021-01-01T00:00:00+00:00
[2024-11-01T18:41:09.298+0000] {processor.py:179} INFO - Processing /home/airflow/.local/lib/python3.7/site-packages/airflow/example_dags/example_xcom.py took 0.046 seconds
[2024-11-01T18:41:39.959+0000] {processor.py:157} INFO - Started process (PID=2449) to work on /home/airflow/.local/lib/python3.7/site-packages/airflow/example_dags/example_xcom.py
[2024-11-01T18:41:39.959+0000] {processor.py:826} INFO - Processing file /home/airflow/.local/lib/python3.7/site-packages/airflow/example_dags/example_xcom.py for tasks to queue
[2024-11-01T18:41:39.961+0000] {logging_mixin.py:150} INFO - [2024-11-01T18:41:39.960+0000] {dagbag.py:541} INFO - Filling up the DagBag from /home/airflow/.local/lib/python3.7/site-packages/airflow/example_dags/example_xcom.py
[2024-11-01T18:41:39.965+0000] {processor.py:836} INFO - DAG(s) dict_keys(['example_xcom']) retrieved from /home/airflow/.local/lib/python3.7/site-packages/airflow/example_dags/example_xcom.py
[2024-11-01T18:41:39.977+0000] {logging_mixin.py:150} INFO - [2024-11-01T18:41:39.977+0000] {dag.py:2742} INFO - Sync 1 DAGs
[2024-11-01T18:41:39.989+0000] {logging_mixin.py:150} INFO - [2024-11-01T18:41:39.989+0000] {dag.py:3508} INFO - Setting next_dagrun for example_xcom to 2021-01-01T00:00:00+00:00, run_after=2021-01-01T00:00:00+00:00
[2024-11-01T18:41:39.997+0000] {processor.py:179} INFO - Processing /home/airflow/.local/lib/python3.7/site-packages/airflow/example_dags/example_xcom.py took 0.041 seconds
[2024-11-01T18:42:10.282+0000] {processor.py:157} INFO - Started process (PID=2511) to work on /home/airflow/.local/lib/python3.7/site-packages/airflow/example_dags/example_xcom.py
[2024-11-01T18:42:10.284+0000] {processor.py:826} INFO - Processing file /home/airflow/.local/lib/python3.7/site-packages/airflow/example_dags/example_xcom.py for tasks to queue
[2024-11-01T18:42:10.285+0000] {logging_mixin.py:150} INFO - [2024-11-01T18:42:10.284+0000] {dagbag.py:541} INFO - Filling up the DagBag from /home/airflow/.local/lib/python3.7/site-packages/airflow/example_dags/example_xcom.py
[2024-11-01T18:42:10.288+0000] {processor.py:836} INFO - DAG(s) dict_keys(['example_xcom']) retrieved from /home/airflow/.local/lib/python3.7/site-packages/airflow/example_dags/example_xcom.py
[2024-11-01T18:42:10.320+0000] {logging_mixin.py:150} INFO - [2024-11-01T18:42:10.320+0000] {dag.py:2742} INFO - Sync 1 DAGs
[2024-11-01T18:42:10.333+0000] {logging_mixin.py:150} INFO - [2024-11-01T18:42:10.333+0000] {dag.py:3508} INFO - Setting next_dagrun for example_xcom to 2021-01-01T00:00:00+00:00, run_after=2021-01-01T00:00:00+00:00
[2024-11-01T18:42:10.342+0000] {processor.py:179} INFO - Processing /home/airflow/.local/lib/python3.7/site-packages/airflow/example_dags/example_xcom.py took 0.062 seconds
[2024-11-01T18:42:40.870+0000] {processor.py:157} INFO - Started process (PID=2573) to work on /home/airflow/.local/lib/python3.7/site-packages/airflow/example_dags/example_xcom.py
[2024-11-01T18:42:40.874+0000] {processor.py:826} INFO - Processing file /home/airflow/.local/lib/python3.7/site-packages/airflow/example_dags/example_xcom.py for tasks to queue
[2024-11-01T18:42:40.874+0000] {logging_mixin.py:150} INFO - [2024-11-01T18:42:40.874+0000] {dagbag.py:541} INFO - Filling up the DagBag from /home/airflow/.local/lib/python3.7/site-packages/airflow/example_dags/example_xcom.py
[2024-11-01T18:42:40.878+0000] {processor.py:836} INFO - DAG(s) dict_keys(['example_xcom']) retrieved from /home/airflow/.local/lib/python3.7/site-packages/airflow/example_dags/example_xcom.py
[2024-11-01T18:42:40.894+0000] {logging_mixin.py:150} INFO - [2024-11-01T18:42:40.894+0000] {dag.py:2742} INFO - Sync 1 DAGs
[2024-11-01T18:42:40.906+0000] {logging_mixin.py:150} INFO - [2024-11-01T18:42:40.906+0000] {dag.py:3508} INFO - Setting next_dagrun for example_xcom to 2021-01-01T00:00:00+00:00, run_after=2021-01-01T00:00:00+00:00
[2024-11-01T18:42:40.915+0000] {processor.py:179} INFO - Processing /home/airflow/.local/lib/python3.7/site-packages/airflow/example_dags/example_xcom.py took 0.048 seconds
[2024-11-01T18:43:12.654+0000] {processor.py:157} INFO - Started process (PID=2642) to work on /home/airflow/.local/lib/python3.7/site-packages/airflow/example_dags/example_xcom.py
[2024-11-01T18:43:12.655+0000] {processor.py:826} INFO - Processing file /home/airflow/.local/lib/python3.7/site-packages/airflow/example_dags/example_xcom.py for tasks to queue
[2024-11-01T18:43:12.656+0000] {logging_mixin.py:150} INFO - [2024-11-01T18:43:12.656+0000] {dagbag.py:541} INFO - Filling up the DagBag from /home/airflow/.local/lib/python3.7/site-packages/airflow/example_dags/example_xcom.py
[2024-11-01T18:43:12.666+0000] {processor.py:836} INFO - DAG(s) dict_keys(['example_xcom']) retrieved from /home/airflow/.local/lib/python3.7/site-packages/airflow/example_dags/example_xcom.py
[2024-11-01T18:43:12.688+0000] {logging_mixin.py:150} INFO - [2024-11-01T18:43:12.687+0000] {dag.py:2742} INFO - Sync 1 DAGs
[2024-11-01T18:43:12.705+0000] {logging_mixin.py:150} INFO - [2024-11-01T18:43:12.705+0000] {dag.py:3508} INFO - Setting next_dagrun for example_xcom to 2021-01-01T00:00:00+00:00, run_after=2021-01-01T00:00:00+00:00
[2024-11-01T18:43:12.718+0000] {processor.py:179} INFO - Processing /home/airflow/.local/lib/python3.7/site-packages/airflow/example_dags/example_xcom.py took 0.065 seconds
[2024-11-01T18:43:43.570+0000] {processor.py:157} INFO - Started process (PID=2695) to work on /home/airflow/.local/lib/python3.7/site-packages/airflow/example_dags/example_xcom.py
[2024-11-01T18:43:43.571+0000] {processor.py:826} INFO - Processing file /home/airflow/.local/lib/python3.7/site-packages/airflow/example_dags/example_xcom.py for tasks to queue
[2024-11-01T18:43:43.571+0000] {logging_mixin.py:150} INFO - [2024-11-01T18:43:43.571+0000] {dagbag.py:541} INFO - Filling up the DagBag from /home/airflow/.local/lib/python3.7/site-packages/airflow/example_dags/example_xcom.py
[2024-11-01T18:43:43.577+0000] {processor.py:836} INFO - DAG(s) dict_keys(['example_xcom']) retrieved from /home/airflow/.local/lib/python3.7/site-packages/airflow/example_dags/example_xcom.py
[2024-11-01T18:43:43.588+0000] {logging_mixin.py:150} INFO - [2024-11-01T18:43:43.588+0000] {dag.py:2742} INFO - Sync 1 DAGs
[2024-11-01T18:43:43.599+0000] {logging_mixin.py:150} INFO - [2024-11-01T18:43:43.599+0000] {dag.py:3508} INFO - Setting next_dagrun for example_xcom to 2021-01-01T00:00:00+00:00, run_after=2021-01-01T00:00:00+00:00
[2024-11-01T18:43:43.607+0000] {processor.py:179} INFO - Processing /home/airflow/.local/lib/python3.7/site-packages/airflow/example_dags/example_xcom.py took 0.038 seconds
[2024-11-01T18:44:13.871+0000] {processor.py:157} INFO - Started process (PID=2757) to work on /home/airflow/.local/lib/python3.7/site-packages/airflow/example_dags/example_xcom.py
[2024-11-01T18:44:13.873+0000] {processor.py:826} INFO - Processing file /home/airflow/.local/lib/python3.7/site-packages/airflow/example_dags/example_xcom.py for tasks to queue
[2024-11-01T18:44:13.873+0000] {logging_mixin.py:150} INFO - [2024-11-01T18:44:13.873+0000] {dagbag.py:541} INFO - Filling up the DagBag from /home/airflow/.local/lib/python3.7/site-packages/airflow/example_dags/example_xcom.py
[2024-11-01T18:44:13.878+0000] {processor.py:836} INFO - DAG(s) dict_keys(['example_xcom']) retrieved from /home/airflow/.local/lib/python3.7/site-packages/airflow/example_dags/example_xcom.py
[2024-11-01T18:44:13.900+0000] {logging_mixin.py:150} INFO - [2024-11-01T18:44:13.900+0000] {dag.py:2742} INFO - Sync 1 DAGs
[2024-11-01T18:44:13.919+0000] {logging_mixin.py:150} INFO - [2024-11-01T18:44:13.918+0000] {dag.py:3508} INFO - Setting next_dagrun for example_xcom to 2021-01-01T00:00:00+00:00, run_after=2021-01-01T00:00:00+00:00
[2024-11-01T18:44:13.934+0000] {processor.py:179} INFO - Processing /home/airflow/.local/lib/python3.7/site-packages/airflow/example_dags/example_xcom.py took 0.068 seconds
[2024-11-01T18:44:44.007+0000] {processor.py:157} INFO - Started process (PID=2819) to work on /home/airflow/.local/lib/python3.7/site-packages/airflow/example_dags/example_xcom.py
[2024-11-01T18:44:44.007+0000] {processor.py:826} INFO - Processing file /home/airflow/.local/lib/python3.7/site-packages/airflow/example_dags/example_xcom.py for tasks to queue
[2024-11-01T18:44:44.008+0000] {logging_mixin.py:150} INFO - [2024-11-01T18:44:44.008+0000] {dagbag.py:541} INFO - Filling up the DagBag from /home/airflow/.local/lib/python3.7/site-packages/airflow/example_dags/example_xcom.py
[2024-11-01T18:44:44.013+0000] {processor.py:836} INFO - DAG(s) dict_keys(['example_xcom']) retrieved from /home/airflow/.local/lib/python3.7/site-packages/airflow/example_dags/example_xcom.py
[2024-11-01T18:44:44.032+0000] {logging_mixin.py:150} INFO - [2024-11-01T18:44:44.032+0000] {dag.py:2742} INFO - Sync 1 DAGs
[2024-11-01T18:44:44.048+0000] {logging_mixin.py:150} INFO - [2024-11-01T18:44:44.048+0000] {dag.py:3508} INFO - Setting next_dagrun for example_xcom to 2021-01-01T00:00:00+00:00, run_after=2021-01-01T00:00:00+00:00
[2024-11-01T18:44:44.059+0000] {processor.py:179} INFO - Processing /home/airflow/.local/lib/python3.7/site-packages/airflow/example_dags/example_xcom.py took 0.054 seconds
[2024-11-01T18:45:14.539+0000] {processor.py:157} INFO - Started process (PID=2881) to work on /home/airflow/.local/lib/python3.7/site-packages/airflow/example_dags/example_xcom.py
[2024-11-01T18:45:14.540+0000] {processor.py:826} INFO - Processing file /home/airflow/.local/lib/python3.7/site-packages/airflow/example_dags/example_xcom.py for tasks to queue
[2024-11-01T18:45:14.540+0000] {logging_mixin.py:150} INFO - [2024-11-01T18:45:14.540+0000] {dagbag.py:541} INFO - Filling up the DagBag from /home/airflow/.local/lib/python3.7/site-packages/airflow/example_dags/example_xcom.py
[2024-11-01T18:45:14.547+0000] {processor.py:836} INFO - DAG(s) dict_keys(['example_xcom']) retrieved from /home/airflow/.local/lib/python3.7/site-packages/airflow/example_dags/example_xcom.py
[2024-11-01T18:45:14.565+0000] {logging_mixin.py:150} INFO - [2024-11-01T18:45:14.565+0000] {dag.py:2742} INFO - Sync 1 DAGs
[2024-11-01T18:45:14.580+0000] {logging_mixin.py:150} INFO - [2024-11-01T18:45:14.580+0000] {dag.py:3508} INFO - Setting next_dagrun for example_xcom to 2021-01-01T00:00:00+00:00, run_after=2021-01-01T00:00:00+00:00
[2024-11-01T18:45:14.595+0000] {processor.py:179} INFO - Processing /home/airflow/.local/lib/python3.7/site-packages/airflow/example_dags/example_xcom.py took 0.059 seconds
[2024-11-01T18:45:45.264+0000] {processor.py:157} INFO - Started process (PID=2943) to work on /home/airflow/.local/lib/python3.7/site-packages/airflow/example_dags/example_xcom.py
[2024-11-01T18:45:45.265+0000] {processor.py:826} INFO - Processing file /home/airflow/.local/lib/python3.7/site-packages/airflow/example_dags/example_xcom.py for tasks to queue
[2024-11-01T18:45:45.266+0000] {logging_mixin.py:150} INFO - [2024-11-01T18:45:45.266+0000] {dagbag.py:541} INFO - Filling up the DagBag from /home/airflow/.local/lib/python3.7/site-packages/airflow/example_dags/example_xcom.py
[2024-11-01T18:45:45.275+0000] {processor.py:836} INFO - DAG(s) dict_keys(['example_xcom']) retrieved from /home/airflow/.local/lib/python3.7/site-packages/airflow/example_dags/example_xcom.py
[2024-11-01T18:45:45.291+0000] {logging_mixin.py:150} INFO - [2024-11-01T18:45:45.291+0000] {dag.py:2742} INFO - Sync 1 DAGs
[2024-11-01T18:45:45.306+0000] {logging_mixin.py:150} INFO - [2024-11-01T18:45:45.306+0000] {dag.py:3508} INFO - Setting next_dagrun for example_xcom to 2021-01-01T00:00:00+00:00, run_after=2021-01-01T00:00:00+00:00
[2024-11-01T18:45:45.320+0000] {processor.py:179} INFO - Processing /home/airflow/.local/lib/python3.7/site-packages/airflow/example_dags/example_xcom.py took 0.059 seconds
[2024-11-01T18:46:16.249+0000] {processor.py:157} INFO - Started process (PID=3005) to work on /home/airflow/.local/lib/python3.7/site-packages/airflow/example_dags/example_xcom.py
[2024-11-01T18:46:16.250+0000] {processor.py:826} INFO - Processing file /home/airflow/.local/lib/python3.7/site-packages/airflow/example_dags/example_xcom.py for tasks to queue
[2024-11-01T18:46:16.252+0000] {logging_mixin.py:150} INFO - [2024-11-01T18:46:16.251+0000] {dagbag.py:541} INFO - Filling up the DagBag from /home/airflow/.local/lib/python3.7/site-packages/airflow/example_dags/example_xcom.py
[2024-11-01T18:46:16.257+0000] {processor.py:836} INFO - DAG(s) dict_keys(['example_xcom']) retrieved from /home/airflow/.local/lib/python3.7/site-packages/airflow/example_dags/example_xcom.py
[2024-11-01T18:46:16.270+0000] {logging_mixin.py:150} INFO - [2024-11-01T18:46:16.270+0000] {dag.py:2742} INFO - Sync 1 DAGs
[2024-11-01T18:46:16.282+0000] {logging_mixin.py:150} INFO - [2024-11-01T18:46:16.282+0000] {dag.py:3508} INFO - Setting next_dagrun for example_xcom to 2021-01-01T00:00:00+00:00, run_after=2021-01-01T00:00:00+00:00
[2024-11-01T18:46:16.292+0000] {processor.py:179} INFO - Processing /home/airflow/.local/lib/python3.7/site-packages/airflow/example_dags/example_xcom.py took 0.045 seconds
[2024-11-01T18:46:53.712+0000] {processor.py:157} INFO - Started process (PID=3067) to work on /home/airflow/.local/lib/python3.7/site-packages/airflow/example_dags/example_xcom.py
[2024-11-01T18:46:53.713+0000] {processor.py:826} INFO - Processing file /home/airflow/.local/lib/python3.7/site-packages/airflow/example_dags/example_xcom.py for tasks to queue
[2024-11-01T18:46:53.714+0000] {logging_mixin.py:150} INFO - [2024-11-01T18:46:53.714+0000] {dagbag.py:541} INFO - Filling up the DagBag from /home/airflow/.local/lib/python3.7/site-packages/airflow/example_dags/example_xcom.py
[2024-11-01T18:46:53.723+0000] {processor.py:836} INFO - DAG(s) dict_keys(['example_xcom']) retrieved from /home/airflow/.local/lib/python3.7/site-packages/airflow/example_dags/example_xcom.py
[2024-11-01T18:46:53.818+0000] {logging_mixin.py:150} INFO - [2024-11-01T18:46:53.817+0000] {dag.py:2742} INFO - Sync 1 DAGs
[2024-11-01T18:46:53.894+0000] {logging_mixin.py:150} INFO - [2024-11-01T18:46:53.894+0000] {dag.py:3508} INFO - Setting next_dagrun for example_xcom to 2021-01-01T00:00:00+00:00, run_after=2021-01-01T00:00:00+00:00
[2024-11-01T18:46:53.927+0000] {processor.py:179} INFO - Processing /home/airflow/.local/lib/python3.7/site-packages/airflow/example_dags/example_xcom.py took 0.222 seconds
[2024-11-01T18:47:24.171+0000] {processor.py:157} INFO - Started process (PID=3129) to work on /home/airflow/.local/lib/python3.7/site-packages/airflow/example_dags/example_xcom.py
[2024-11-01T18:47:24.172+0000] {processor.py:826} INFO - Processing file /home/airflow/.local/lib/python3.7/site-packages/airflow/example_dags/example_xcom.py for tasks to queue
[2024-11-01T18:47:24.172+0000] {logging_mixin.py:150} INFO - [2024-11-01T18:47:24.172+0000] {dagbag.py:541} INFO - Filling up the DagBag from /home/airflow/.local/lib/python3.7/site-packages/airflow/example_dags/example_xcom.py
[2024-11-01T18:47:24.179+0000] {processor.py:836} INFO - DAG(s) dict_keys(['example_xcom']) retrieved from /home/airflow/.local/lib/python3.7/site-packages/airflow/example_dags/example_xcom.py
[2024-11-01T18:47:24.205+0000] {logging_mixin.py:150} INFO - [2024-11-01T18:47:24.204+0000] {dag.py:2742} INFO - Sync 1 DAGs
[2024-11-01T18:47:24.235+0000] {logging_mixin.py:150} INFO - [2024-11-01T18:47:24.235+0000] {dag.py:3508} INFO - Setting next_dagrun for example_xcom to 2021-01-01T00:00:00+00:00, run_after=2021-01-01T00:00:00+00:00
[2024-11-01T18:47:24.247+0000] {processor.py:179} INFO - Processing /home/airflow/.local/lib/python3.7/site-packages/airflow/example_dags/example_xcom.py took 0.079 seconds
[2024-11-01T18:47:57.434+0000] {processor.py:157} INFO - Started process (PID=3191) to work on /home/airflow/.local/lib/python3.7/site-packages/airflow/example_dags/example_xcom.py
[2024-11-01T18:47:57.436+0000] {processor.py:826} INFO - Processing file /home/airflow/.local/lib/python3.7/site-packages/airflow/example_dags/example_xcom.py for tasks to queue
[2024-11-01T18:47:57.439+0000] {logging_mixin.py:150} INFO - [2024-11-01T18:47:57.438+0000] {dagbag.py:541} INFO - Filling up the DagBag from /home/airflow/.local/lib/python3.7/site-packages/airflow/example_dags/example_xcom.py
[2024-11-01T18:47:57.458+0000] {processor.py:836} INFO - DAG(s) dict_keys(['example_xcom']) retrieved from /home/airflow/.local/lib/python3.7/site-packages/airflow/example_dags/example_xcom.py
[2024-11-01T18:47:57.515+0000] {logging_mixin.py:150} INFO - [2024-11-01T18:47:57.515+0000] {dag.py:2742} INFO - Sync 1 DAGs
[2024-11-01T18:47:57.622+0000] {logging_mixin.py:150} INFO - [2024-11-01T18:47:57.621+0000] {dag.py:3508} INFO - Setting next_dagrun for example_xcom to 2021-01-01T00:00:00+00:00, run_after=2021-01-01T00:00:00+00:00
[2024-11-01T18:47:57.750+0000] {processor.py:179} INFO - Processing /home/airflow/.local/lib/python3.7/site-packages/airflow/example_dags/example_xcom.py took 0.321 seconds
[2024-11-01T18:48:28.881+0000] {processor.py:157} INFO - Started process (PID=3253) to work on /home/airflow/.local/lib/python3.7/site-packages/airflow/example_dags/example_xcom.py
[2024-11-01T18:48:28.885+0000] {processor.py:826} INFO - Processing file /home/airflow/.local/lib/python3.7/site-packages/airflow/example_dags/example_xcom.py for tasks to queue
[2024-11-01T18:48:28.888+0000] {logging_mixin.py:150} INFO - [2024-11-01T18:48:28.888+0000] {dagbag.py:541} INFO - Filling up the DagBag from /home/airflow/.local/lib/python3.7/site-packages/airflow/example_dags/example_xcom.py
[2024-11-01T18:48:28.894+0000] {processor.py:836} INFO - DAG(s) dict_keys(['example_xcom']) retrieved from /home/airflow/.local/lib/python3.7/site-packages/airflow/example_dags/example_xcom.py
[2024-11-01T18:48:28.923+0000] {logging_mixin.py:150} INFO - [2024-11-01T18:48:28.923+0000] {dag.py:2742} INFO - Sync 1 DAGs
[2024-11-01T18:48:28.958+0000] {logging_mixin.py:150} INFO - [2024-11-01T18:48:28.958+0000] {dag.py:3508} INFO - Setting next_dagrun for example_xcom to 2021-01-01T00:00:00+00:00, run_after=2021-01-01T00:00:00+00:00
[2024-11-01T18:48:28.972+0000] {processor.py:179} INFO - Processing /home/airflow/.local/lib/python3.7/site-packages/airflow/example_dags/example_xcom.py took 0.106 seconds
[2024-11-01T18:48:59.901+0000] {processor.py:157} INFO - Started process (PID=3315) to work on /home/airflow/.local/lib/python3.7/site-packages/airflow/example_dags/example_xcom.py
[2024-11-01T18:48:59.902+0000] {processor.py:826} INFO - Processing file /home/airflow/.local/lib/python3.7/site-packages/airflow/example_dags/example_xcom.py for tasks to queue
[2024-11-01T18:48:59.903+0000] {logging_mixin.py:150} INFO - [2024-11-01T18:48:59.902+0000] {dagbag.py:541} INFO - Filling up the DagBag from /home/airflow/.local/lib/python3.7/site-packages/airflow/example_dags/example_xcom.py
[2024-11-01T18:48:59.909+0000] {processor.py:836} INFO - DAG(s) dict_keys(['example_xcom']) retrieved from /home/airflow/.local/lib/python3.7/site-packages/airflow/example_dags/example_xcom.py
[2024-11-01T18:48:59.942+0000] {logging_mixin.py:150} INFO - [2024-11-01T18:48:59.942+0000] {dag.py:2742} INFO - Sync 1 DAGs
[2024-11-01T18:48:59.970+0000] {logging_mixin.py:150} INFO - [2024-11-01T18:48:59.970+0000] {dag.py:3508} INFO - Setting next_dagrun for example_xcom to 2021-01-01T00:00:00+00:00, run_after=2021-01-01T00:00:00+00:00
[2024-11-01T18:48:59.982+0000] {processor.py:179} INFO - Processing /home/airflow/.local/lib/python3.7/site-packages/airflow/example_dags/example_xcom.py took 0.084 seconds
[2024-11-01T18:49:30.091+0000] {processor.py:157} INFO - Started process (PID=3377) to work on /home/airflow/.local/lib/python3.7/site-packages/airflow/example_dags/example_xcom.py
[2024-11-01T18:49:30.093+0000] {processor.py:826} INFO - Processing file /home/airflow/.local/lib/python3.7/site-packages/airflow/example_dags/example_xcom.py for tasks to queue
[2024-11-01T18:49:30.094+0000] {logging_mixin.py:150} INFO - [2024-11-01T18:49:30.094+0000] {dagbag.py:541} INFO - Filling up the DagBag from /home/airflow/.local/lib/python3.7/site-packages/airflow/example_dags/example_xcom.py
[2024-11-01T18:49:30.103+0000] {processor.py:836} INFO - DAG(s) dict_keys(['example_xcom']) retrieved from /home/airflow/.local/lib/python3.7/site-packages/airflow/example_dags/example_xcom.py
[2024-11-01T18:49:30.149+0000] {logging_mixin.py:150} INFO - [2024-11-01T18:49:30.149+0000] {dag.py:2742} INFO - Sync 1 DAGs
[2024-11-01T18:49:30.175+0000] {logging_mixin.py:150} INFO - [2024-11-01T18:49:30.175+0000] {dag.py:3508} INFO - Setting next_dagrun for example_xcom to 2021-01-01T00:00:00+00:00, run_after=2021-01-01T00:00:00+00:00
[2024-11-01T18:49:30.199+0000] {processor.py:179} INFO - Processing /home/airflow/.local/lib/python3.7/site-packages/airflow/example_dags/example_xcom.py took 0.113 seconds
[2024-11-01T18:50:00.540+0000] {processor.py:157} INFO - Started process (PID=3439) to work on /home/airflow/.local/lib/python3.7/site-packages/airflow/example_dags/example_xcom.py
[2024-11-01T18:50:00.541+0000] {processor.py:826} INFO - Processing file /home/airflow/.local/lib/python3.7/site-packages/airflow/example_dags/example_xcom.py for tasks to queue
[2024-11-01T18:50:00.543+0000] {logging_mixin.py:150} INFO - [2024-11-01T18:50:00.543+0000] {dagbag.py:541} INFO - Filling up the DagBag from /home/airflow/.local/lib/python3.7/site-packages/airflow/example_dags/example_xcom.py
[2024-11-01T18:50:00.550+0000] {processor.py:836} INFO - DAG(s) dict_keys(['example_xcom']) retrieved from /home/airflow/.local/lib/python3.7/site-packages/airflow/example_dags/example_xcom.py
[2024-11-01T18:50:00.578+0000] {logging_mixin.py:150} INFO - [2024-11-01T18:50:00.578+0000] {dag.py:2742} INFO - Sync 1 DAGs
[2024-11-01T18:50:00.603+0000] {logging_mixin.py:150} INFO - [2024-11-01T18:50:00.603+0000] {dag.py:3508} INFO - Setting next_dagrun for example_xcom to 2021-01-01T00:00:00+00:00, run_after=2021-01-01T00:00:00+00:00
[2024-11-01T18:50:00.614+0000] {processor.py:179} INFO - Processing /home/airflow/.local/lib/python3.7/site-packages/airflow/example_dags/example_xcom.py took 0.079 seconds
[2024-11-01T18:50:30.675+0000] {processor.py:157} INFO - Started process (PID=3501) to work on /home/airflow/.local/lib/python3.7/site-packages/airflow/example_dags/example_xcom.py
[2024-11-01T18:50:30.675+0000] {processor.py:826} INFO - Processing file /home/airflow/.local/lib/python3.7/site-packages/airflow/example_dags/example_xcom.py for tasks to queue
[2024-11-01T18:50:30.676+0000] {logging_mixin.py:150} INFO - [2024-11-01T18:50:30.676+0000] {dagbag.py:541} INFO - Filling up the DagBag from /home/airflow/.local/lib/python3.7/site-packages/airflow/example_dags/example_xcom.py
[2024-11-01T18:50:30.682+0000] {processor.py:836} INFO - DAG(s) dict_keys(['example_xcom']) retrieved from /home/airflow/.local/lib/python3.7/site-packages/airflow/example_dags/example_xcom.py
[2024-11-01T18:50:30.698+0000] {logging_mixin.py:150} INFO - [2024-11-01T18:50:30.698+0000] {dag.py:2742} INFO - Sync 1 DAGs
[2024-11-01T18:50:30.719+0000] {logging_mixin.py:150} INFO - [2024-11-01T18:50:30.719+0000] {dag.py:3508} INFO - Setting next_dagrun for example_xcom to 2021-01-01T00:00:00+00:00, run_after=2021-01-01T00:00:00+00:00
[2024-11-01T18:50:30.736+0000] {processor.py:179} INFO - Processing /home/airflow/.local/lib/python3.7/site-packages/airflow/example_dags/example_xcom.py took 0.064 seconds
[2024-11-01T18:51:00.807+0000] {processor.py:157} INFO - Started process (PID=3563) to work on /home/airflow/.local/lib/python3.7/site-packages/airflow/example_dags/example_xcom.py
[2024-11-01T18:51:00.808+0000] {processor.py:826} INFO - Processing file /home/airflow/.local/lib/python3.7/site-packages/airflow/example_dags/example_xcom.py for tasks to queue
[2024-11-01T18:51:00.809+0000] {logging_mixin.py:150} INFO - [2024-11-01T18:51:00.808+0000] {dagbag.py:541} INFO - Filling up the DagBag from /home/airflow/.local/lib/python3.7/site-packages/airflow/example_dags/example_xcom.py
[2024-11-01T18:51:00.816+0000] {processor.py:836} INFO - DAG(s) dict_keys(['example_xcom']) retrieved from /home/airflow/.local/lib/python3.7/site-packages/airflow/example_dags/example_xcom.py
[2024-11-01T18:51:00.852+0000] {logging_mixin.py:150} INFO - [2024-11-01T18:51:00.852+0000] {dag.py:2742} INFO - Sync 1 DAGs
[2024-11-01T18:51:00.881+0000] {logging_mixin.py:150} INFO - [2024-11-01T18:51:00.880+0000] {dag.py:3508} INFO - Setting next_dagrun for example_xcom to 2021-01-01T00:00:00+00:00, run_after=2021-01-01T00:00:00+00:00
[2024-11-01T18:51:00.896+0000] {processor.py:179} INFO - Processing /home/airflow/.local/lib/python3.7/site-packages/airflow/example_dags/example_xcom.py took 0.094 seconds
[2024-11-01T18:51:30.910+0000] {processor.py:157} INFO - Started process (PID=3624) to work on /home/airflow/.local/lib/python3.7/site-packages/airflow/example_dags/example_xcom.py
[2024-11-01T18:51:30.911+0000] {processor.py:826} INFO - Processing file /home/airflow/.local/lib/python3.7/site-packages/airflow/example_dags/example_xcom.py for tasks to queue
[2024-11-01T18:51:30.911+0000] {logging_mixin.py:150} INFO - [2024-11-01T18:51:30.911+0000] {dagbag.py:541} INFO - Filling up the DagBag from /home/airflow/.local/lib/python3.7/site-packages/airflow/example_dags/example_xcom.py
[2024-11-01T18:51:30.917+0000] {processor.py:836} INFO - DAG(s) dict_keys(['example_xcom']) retrieved from /home/airflow/.local/lib/python3.7/site-packages/airflow/example_dags/example_xcom.py
[2024-11-01T18:51:30.931+0000] {logging_mixin.py:150} INFO - [2024-11-01T18:51:30.931+0000] {dag.py:2742} INFO - Sync 1 DAGs
[2024-11-01T18:51:30.944+0000] {logging_mixin.py:150} INFO - [2024-11-01T18:51:30.944+0000] {dag.py:3508} INFO - Setting next_dagrun for example_xcom to 2021-01-01T00:00:00+00:00, run_after=2021-01-01T00:00:00+00:00
[2024-11-01T18:51:30.952+0000] {processor.py:179} INFO - Processing /home/airflow/.local/lib/python3.7/site-packages/airflow/example_dags/example_xcom.py took 0.045 seconds
[2024-11-01T18:52:01.659+0000] {processor.py:157} INFO - Started process (PID=3686) to work on /home/airflow/.local/lib/python3.7/site-packages/airflow/example_dags/example_xcom.py
[2024-11-01T18:52:01.661+0000] {processor.py:826} INFO - Processing file /home/airflow/.local/lib/python3.7/site-packages/airflow/example_dags/example_xcom.py for tasks to queue
[2024-11-01T18:52:01.662+0000] {logging_mixin.py:150} INFO - [2024-11-01T18:52:01.662+0000] {dagbag.py:541} INFO - Filling up the DagBag from /home/airflow/.local/lib/python3.7/site-packages/airflow/example_dags/example_xcom.py
[2024-11-01T18:52:01.666+0000] {processor.py:836} INFO - DAG(s) dict_keys(['example_xcom']) retrieved from /home/airflow/.local/lib/python3.7/site-packages/airflow/example_dags/example_xcom.py
[2024-11-01T18:52:01.680+0000] {logging_mixin.py:150} INFO - [2024-11-01T18:52:01.680+0000] {dag.py:2742} INFO - Sync 1 DAGs
[2024-11-01T18:52:01.694+0000] {logging_mixin.py:150} INFO - [2024-11-01T18:52:01.694+0000] {dag.py:3508} INFO - Setting next_dagrun for example_xcom to 2021-01-01T00:00:00+00:00, run_after=2021-01-01T00:00:00+00:00
[2024-11-01T18:52:01.705+0000] {processor.py:179} INFO - Processing /home/airflow/.local/lib/python3.7/site-packages/airflow/example_dags/example_xcom.py took 0.048 seconds
[2024-11-01T18:52:31.875+0000] {processor.py:157} INFO - Started process (PID=3748) to work on /home/airflow/.local/lib/python3.7/site-packages/airflow/example_dags/example_xcom.py
[2024-11-01T18:52:31.877+0000] {processor.py:826} INFO - Processing file /home/airflow/.local/lib/python3.7/site-packages/airflow/example_dags/example_xcom.py for tasks to queue
[2024-11-01T18:52:31.880+0000] {logging_mixin.py:150} INFO - [2024-11-01T18:52:31.880+0000] {dagbag.py:541} INFO - Filling up the DagBag from /home/airflow/.local/lib/python3.7/site-packages/airflow/example_dags/example_xcom.py
[2024-11-01T18:52:31.886+0000] {processor.py:836} INFO - DAG(s) dict_keys(['example_xcom']) retrieved from /home/airflow/.local/lib/python3.7/site-packages/airflow/example_dags/example_xcom.py
[2024-11-01T18:52:31.904+0000] {logging_mixin.py:150} INFO - [2024-11-01T18:52:31.904+0000] {dag.py:2742} INFO - Sync 1 DAGs
[2024-11-01T18:52:31.916+0000] {logging_mixin.py:150} INFO - [2024-11-01T18:52:31.916+0000] {dag.py:3508} INFO - Setting next_dagrun for example_xcom to 2021-01-01T00:00:00+00:00, run_after=2021-01-01T00:00:00+00:00
[2024-11-01T18:52:31.924+0000] {processor.py:179} INFO - Processing /home/airflow/.local/lib/python3.7/site-packages/airflow/example_dags/example_xcom.py took 0.062 seconds
