[2024-11-01T18:12:04.087+0000] {processor.py:157} INFO - Started process (PID=65) to work on /home/airflow/.local/lib/python3.7/site-packages/airflow/example_dags/example_external_task_marker_dag.py
[2024-11-01T18:12:04.100+0000] {processor.py:826} INFO - Processing file /home/airflow/.local/lib/python3.7/site-packages/airflow/example_dags/example_external_task_marker_dag.py for tasks to queue
[2024-11-01T18:12:04.101+0000] {logging_mixin.py:150} INFO - [2024-11-01T18:12:04.101+0000] {dagbag.py:541} INFO - Filling up the DagBag from /home/airflow/.local/lib/python3.7/site-packages/airflow/example_dags/example_external_task_marker_dag.py
[2024-11-01T18:12:04.115+0000] {processor.py:836} INFO - DAG(s) dict_keys(['example_external_task_marker_parent', 'example_external_task_marker_child']) retrieved from /home/airflow/.local/lib/python3.7/site-packages/airflow/example_dags/example_external_task_marker_dag.py
[2024-11-01T18:12:04.376+0000] {logging_mixin.py:150} INFO - [2024-11-01T18:12:04.375+0000] {dag.py:2742} INFO - Sync 2 DAGs
[2024-11-01T18:12:04.412+0000] {logging_mixin.py:150} INFO - [2024-11-01T18:12:04.412+0000] {dag.py:3508} INFO - Setting next_dagrun for example_external_task_marker_child to None, run_after=None
[2024-11-01T18:12:04.416+0000] {logging_mixin.py:150} INFO - [2024-11-01T18:12:04.416+0000] {dag.py:3508} INFO - Setting next_dagrun for example_external_task_marker_parent to None, run_after=None
[2024-11-01T18:12:04.429+0000] {processor.py:179} INFO - Processing /home/airflow/.local/lib/python3.7/site-packages/airflow/example_dags/example_external_task_marker_dag.py took 0.417 seconds
[2024-11-01T18:12:38.206+0000] {processor.py:157} INFO - Started process (PID=126) to work on /home/airflow/.local/lib/python3.7/site-packages/airflow/example_dags/example_external_task_marker_dag.py
[2024-11-01T18:12:38.213+0000] {processor.py:826} INFO - Processing file /home/airflow/.local/lib/python3.7/site-packages/airflow/example_dags/example_external_task_marker_dag.py for tasks to queue
[2024-11-01T18:12:38.214+0000] {logging_mixin.py:150} INFO - [2024-11-01T18:12:38.214+0000] {dagbag.py:541} INFO - Filling up the DagBag from /home/airflow/.local/lib/python3.7/site-packages/airflow/example_dags/example_external_task_marker_dag.py
[2024-11-01T18:12:38.229+0000] {processor.py:836} INFO - DAG(s) dict_keys(['example_external_task_marker_parent', 'example_external_task_marker_child']) retrieved from /home/airflow/.local/lib/python3.7/site-packages/airflow/example_dags/example_external_task_marker_dag.py
[2024-11-01T18:12:38.288+0000] {logging_mixin.py:150} INFO - [2024-11-01T18:12:38.288+0000] {dag.py:2742} INFO - Sync 2 DAGs
[2024-11-01T18:12:38.353+0000] {logging_mixin.py:150} INFO - [2024-11-01T18:12:38.352+0000] {dag.py:3508} INFO - Setting next_dagrun for example_external_task_marker_child to None, run_after=None
[2024-11-01T18:12:38.366+0000] {logging_mixin.py:150} INFO - [2024-11-01T18:12:38.366+0000] {dag.py:3508} INFO - Setting next_dagrun for example_external_task_marker_parent to None, run_after=None
[2024-11-01T18:12:38.438+0000] {processor.py:179} INFO - Processing /home/airflow/.local/lib/python3.7/site-packages/airflow/example_dags/example_external_task_marker_dag.py took 0.248 seconds
[2024-11-01T18:13:09.383+0000] {processor.py:157} INFO - Started process (PID=188) to work on /home/airflow/.local/lib/python3.7/site-packages/airflow/example_dags/example_external_task_marker_dag.py
[2024-11-01T18:13:09.387+0000] {processor.py:826} INFO - Processing file /home/airflow/.local/lib/python3.7/site-packages/airflow/example_dags/example_external_task_marker_dag.py for tasks to queue
[2024-11-01T18:13:09.388+0000] {logging_mixin.py:150} INFO - [2024-11-01T18:13:09.387+0000] {dagbag.py:541} INFO - Filling up the DagBag from /home/airflow/.local/lib/python3.7/site-packages/airflow/example_dags/example_external_task_marker_dag.py
[2024-11-01T18:13:09.391+0000] {processor.py:836} INFO - DAG(s) dict_keys(['example_external_task_marker_child', 'example_external_task_marker_parent']) retrieved from /home/airflow/.local/lib/python3.7/site-packages/airflow/example_dags/example_external_task_marker_dag.py
[2024-11-01T18:13:09.407+0000] {logging_mixin.py:150} INFO - [2024-11-01T18:13:09.406+0000] {dag.py:2742} INFO - Sync 2 DAGs
[2024-11-01T18:13:09.418+0000] {logging_mixin.py:150} INFO - [2024-11-01T18:13:09.418+0000] {dag.py:3508} INFO - Setting next_dagrun for example_external_task_marker_child to None, run_after=None
[2024-11-01T18:13:09.420+0000] {logging_mixin.py:150} INFO - [2024-11-01T18:13:09.420+0000] {dag.py:3508} INFO - Setting next_dagrun for example_external_task_marker_parent to None, run_after=None
[2024-11-01T18:13:09.428+0000] {processor.py:179} INFO - Processing /home/airflow/.local/lib/python3.7/site-packages/airflow/example_dags/example_external_task_marker_dag.py took 0.048 seconds
[2024-11-01T18:15:59.341+0000] {processor.py:157} INFO - Started process (PID=275) to work on /home/airflow/.local/lib/python3.7/site-packages/airflow/example_dags/example_external_task_marker_dag.py
[2024-11-01T18:15:59.349+0000] {processor.py:826} INFO - Processing file /home/airflow/.local/lib/python3.7/site-packages/airflow/example_dags/example_external_task_marker_dag.py for tasks to queue
[2024-11-01T18:15:59.358+0000] {logging_mixin.py:150} INFO - [2024-11-01T18:15:59.354+0000] {dagbag.py:541} INFO - Filling up the DagBag from /home/airflow/.local/lib/python3.7/site-packages/airflow/example_dags/example_external_task_marker_dag.py
[2024-11-01T18:15:59.508+0000] {processor.py:836} INFO - DAG(s) dict_keys(['example_external_task_marker_parent', 'example_external_task_marker_child']) retrieved from /home/airflow/.local/lib/python3.7/site-packages/airflow/example_dags/example_external_task_marker_dag.py
[2024-11-01T18:16:00.023+0000] {logging_mixin.py:150} INFO - [2024-11-01T18:16:00.022+0000] {dag.py:2742} INFO - Sync 2 DAGs
[2024-11-01T18:16:00.312+0000] {logging_mixin.py:150} INFO - [2024-11-01T18:16:00.311+0000] {dag.py:3508} INFO - Setting next_dagrun for example_external_task_marker_child to None, run_after=None
[2024-11-01T18:16:00.341+0000] {logging_mixin.py:150} INFO - [2024-11-01T18:16:00.340+0000] {dag.py:3508} INFO - Setting next_dagrun for example_external_task_marker_parent to None, run_after=None
[2024-11-01T18:16:00.473+0000] {processor.py:179} INFO - Processing /home/airflow/.local/lib/python3.7/site-packages/airflow/example_dags/example_external_task_marker_dag.py took 1.162 seconds
[2024-11-01T18:17:34.609+0000] {processor.py:157} INFO - Started process (PID=342) to work on /home/airflow/.local/lib/python3.7/site-packages/airflow/example_dags/example_external_task_marker_dag.py
[2024-11-01T18:17:34.629+0000] {processor.py:826} INFO - Processing file /home/airflow/.local/lib/python3.7/site-packages/airflow/example_dags/example_external_task_marker_dag.py for tasks to queue
[2024-11-01T18:17:34.632+0000] {logging_mixin.py:150} INFO - [2024-11-01T18:17:34.631+0000] {dagbag.py:541} INFO - Filling up the DagBag from /home/airflow/.local/lib/python3.7/site-packages/airflow/example_dags/example_external_task_marker_dag.py
[2024-11-01T18:17:34.698+0000] {processor.py:836} INFO - DAG(s) dict_keys(['example_external_task_marker_parent', 'example_external_task_marker_child']) retrieved from /home/airflow/.local/lib/python3.7/site-packages/airflow/example_dags/example_external_task_marker_dag.py
[2024-11-01T18:17:35.033+0000] {logging_mixin.py:150} INFO - [2024-11-01T18:17:35.032+0000] {dag.py:2742} INFO - Sync 2 DAGs
[2024-11-01T18:17:35.176+0000] {logging_mixin.py:150} INFO - [2024-11-01T18:17:35.172+0000] {dag.py:3508} INFO - Setting next_dagrun for example_external_task_marker_child to None, run_after=None
[2024-11-01T18:17:35.199+0000] {logging_mixin.py:150} INFO - [2024-11-01T18:17:35.199+0000] {dag.py:3508} INFO - Setting next_dagrun for example_external_task_marker_parent to None, run_after=None
[2024-11-01T18:17:35.350+0000] {processor.py:179} INFO - Processing /home/airflow/.local/lib/python3.7/site-packages/airflow/example_dags/example_external_task_marker_dag.py took 0.784 seconds
[2024-11-01T18:18:37.949+0000] {processor.py:157} INFO - Started process (PID=434) to work on /home/airflow/.local/lib/python3.7/site-packages/airflow/example_dags/example_external_task_marker_dag.py
[2024-11-01T18:18:37.954+0000] {processor.py:826} INFO - Processing file /home/airflow/.local/lib/python3.7/site-packages/airflow/example_dags/example_external_task_marker_dag.py for tasks to queue
[2024-11-01T18:18:37.959+0000] {logging_mixin.py:150} INFO - [2024-11-01T18:18:37.956+0000] {dagbag.py:541} INFO - Filling up the DagBag from /home/airflow/.local/lib/python3.7/site-packages/airflow/example_dags/example_external_task_marker_dag.py
[2024-11-01T18:18:38.057+0000] {processor.py:836} INFO - DAG(s) dict_keys(['example_external_task_marker_parent', 'example_external_task_marker_child']) retrieved from /home/airflow/.local/lib/python3.7/site-packages/airflow/example_dags/example_external_task_marker_dag.py
[2024-11-01T18:18:39.015+0000] {logging_mixin.py:150} INFO - [2024-11-01T18:18:39.013+0000] {dag.py:2742} INFO - Sync 2 DAGs
[2024-11-01T18:18:39.136+0000] {logging_mixin.py:150} INFO - [2024-11-01T18:18:39.136+0000] {dag.py:3508} INFO - Setting next_dagrun for example_external_task_marker_child to None, run_after=None
[2024-11-01T18:18:39.157+0000] {logging_mixin.py:150} INFO - [2024-11-01T18:18:39.157+0000] {dag.py:3508} INFO - Setting next_dagrun for example_external_task_marker_parent to None, run_after=None
[2024-11-01T18:18:39.271+0000] {processor.py:179} INFO - Processing /home/airflow/.local/lib/python3.7/site-packages/airflow/example_dags/example_external_task_marker_dag.py took 1.350 seconds
[2024-11-01T18:19:19.892+0000] {processor.py:157} INFO - Started process (PID=495) to work on /home/airflow/.local/lib/python3.7/site-packages/airflow/example_dags/example_external_task_marker_dag.py
[2024-11-01T18:19:19.907+0000] {processor.py:826} INFO - Processing file /home/airflow/.local/lib/python3.7/site-packages/airflow/example_dags/example_external_task_marker_dag.py for tasks to queue
[2024-11-01T18:19:19.914+0000] {logging_mixin.py:150} INFO - [2024-11-01T18:19:19.914+0000] {dagbag.py:541} INFO - Filling up the DagBag from /home/airflow/.local/lib/python3.7/site-packages/airflow/example_dags/example_external_task_marker_dag.py
[2024-11-01T18:19:20.055+0000] {processor.py:836} INFO - DAG(s) dict_keys(['example_external_task_marker_child', 'example_external_task_marker_parent']) retrieved from /home/airflow/.local/lib/python3.7/site-packages/airflow/example_dags/example_external_task_marker_dag.py
[2024-11-01T18:19:20.503+0000] {logging_mixin.py:150} INFO - [2024-11-01T18:19:20.503+0000] {dag.py:2742} INFO - Sync 2 DAGs
[2024-11-01T18:19:20.784+0000] {logging_mixin.py:150} INFO - [2024-11-01T18:19:20.783+0000] {dag.py:3508} INFO - Setting next_dagrun for example_external_task_marker_child to None, run_after=None
[2024-11-01T18:19:20.794+0000] {logging_mixin.py:150} INFO - [2024-11-01T18:19:20.794+0000] {dag.py:3508} INFO - Setting next_dagrun for example_external_task_marker_parent to None, run_after=None
[2024-11-01T18:19:20.882+0000] {processor.py:179} INFO - Processing /home/airflow/.local/lib/python3.7/site-packages/airflow/example_dags/example_external_task_marker_dag.py took 1.009 seconds
[2024-11-01T18:20:01.901+0000] {processor.py:157} INFO - Started process (PID=557) to work on /home/airflow/.local/lib/python3.7/site-packages/airflow/example_dags/example_external_task_marker_dag.py
[2024-11-01T18:20:01.907+0000] {processor.py:826} INFO - Processing file /home/airflow/.local/lib/python3.7/site-packages/airflow/example_dags/example_external_task_marker_dag.py for tasks to queue
[2024-11-01T18:20:01.909+0000] {logging_mixin.py:150} INFO - [2024-11-01T18:20:01.909+0000] {dagbag.py:541} INFO - Filling up the DagBag from /home/airflow/.local/lib/python3.7/site-packages/airflow/example_dags/example_external_task_marker_dag.py
[2024-11-01T18:20:01.955+0000] {processor.py:836} INFO - DAG(s) dict_keys(['example_external_task_marker_child', 'example_external_task_marker_parent']) retrieved from /home/airflow/.local/lib/python3.7/site-packages/airflow/example_dags/example_external_task_marker_dag.py
[2024-11-01T18:20:02.047+0000] {logging_mixin.py:150} INFO - [2024-11-01T18:20:02.046+0000] {dag.py:2742} INFO - Sync 2 DAGs
[2024-11-01T18:20:02.101+0000] {logging_mixin.py:150} INFO - [2024-11-01T18:20:02.101+0000] {dag.py:3508} INFO - Setting next_dagrun for example_external_task_marker_child to None, run_after=None
[2024-11-01T18:20:02.104+0000] {logging_mixin.py:150} INFO - [2024-11-01T18:20:02.104+0000] {dag.py:3508} INFO - Setting next_dagrun for example_external_task_marker_parent to None, run_after=None
[2024-11-01T18:20:02.138+0000] {processor.py:179} INFO - Processing /home/airflow/.local/lib/python3.7/site-packages/airflow/example_dags/example_external_task_marker_dag.py took 0.249 seconds
[2024-11-01T18:20:48.036+0000] {processor.py:157} INFO - Started process (PID=642) to work on /home/airflow/.local/lib/python3.7/site-packages/airflow/example_dags/example_external_task_marker_dag.py
[2024-11-01T18:20:48.045+0000] {processor.py:826} INFO - Processing file /home/airflow/.local/lib/python3.7/site-packages/airflow/example_dags/example_external_task_marker_dag.py for tasks to queue
[2024-11-01T18:20:48.046+0000] {logging_mixin.py:150} INFO - [2024-11-01T18:20:48.046+0000] {dagbag.py:541} INFO - Filling up the DagBag from /home/airflow/.local/lib/python3.7/site-packages/airflow/example_dags/example_external_task_marker_dag.py
[2024-11-01T18:20:48.078+0000] {processor.py:836} INFO - DAG(s) dict_keys(['example_external_task_marker_parent', 'example_external_task_marker_child']) retrieved from /home/airflow/.local/lib/python3.7/site-packages/airflow/example_dags/example_external_task_marker_dag.py
[2024-11-01T18:20:49.644+0000] {logging_mixin.py:150} INFO - [2024-11-01T18:20:49.643+0000] {dag.py:2742} INFO - Sync 2 DAGs
[2024-11-01T18:20:49.718+0000] {logging_mixin.py:150} INFO - [2024-11-01T18:20:49.717+0000] {dag.py:3508} INFO - Setting next_dagrun for example_external_task_marker_child to None, run_after=None
[2024-11-01T18:20:49.728+0000] {logging_mixin.py:150} INFO - [2024-11-01T18:20:49.727+0000] {dag.py:3508} INFO - Setting next_dagrun for example_external_task_marker_parent to None, run_after=None
[2024-11-01T18:20:49.916+0000] {processor.py:179} INFO - Processing /home/airflow/.local/lib/python3.7/site-packages/airflow/example_dags/example_external_task_marker_dag.py took 1.886 seconds
[2024-11-01T18:23:35.719+0000] {processor.py:157} INFO - Started process (PID=727) to work on /home/airflow/.local/lib/python3.7/site-packages/airflow/example_dags/example_external_task_marker_dag.py
[2024-11-01T18:23:35.842+0000] {processor.py:826} INFO - Processing file /home/airflow/.local/lib/python3.7/site-packages/airflow/example_dags/example_external_task_marker_dag.py for tasks to queue
[2024-11-01T18:23:35.846+0000] {logging_mixin.py:150} INFO - [2024-11-01T18:23:35.844+0000] {dagbag.py:541} INFO - Filling up the DagBag from /home/airflow/.local/lib/python3.7/site-packages/airflow/example_dags/example_external_task_marker_dag.py
[2024-11-01T18:23:36.289+0000] {processor.py:836} INFO - DAG(s) dict_keys(['example_external_task_marker_child', 'example_external_task_marker_parent']) retrieved from /home/airflow/.local/lib/python3.7/site-packages/airflow/example_dags/example_external_task_marker_dag.py
[2024-11-01T18:23:38.803+0000] {logging_mixin.py:150} INFO - [2024-11-01T18:23:38.796+0000] {dag.py:2742} INFO - Sync 2 DAGs
[2024-11-01T18:23:42.589+0000] {logging_mixin.py:150} INFO - [2024-11-01T18:23:42.578+0000] {dag.py:3508} INFO - Setting next_dagrun for example_external_task_marker_child to None, run_after=None
[2024-11-01T18:23:42.663+0000] {logging_mixin.py:150} INFO - [2024-11-01T18:23:42.662+0000] {dag.py:3508} INFO - Setting next_dagrun for example_external_task_marker_parent to None, run_after=None
[2024-11-01T18:23:47.075+0000] {processor.py:179} INFO - Processing /home/airflow/.local/lib/python3.7/site-packages/airflow/example_dags/example_external_task_marker_dag.py took 15.674 seconds
[2024-11-01T18:24:37.866+0000] {processor.py:157} INFO - Started process (PID=795) to work on /home/airflow/.local/lib/python3.7/site-packages/airflow/example_dags/example_external_task_marker_dag.py
[2024-11-01T18:24:37.880+0000] {processor.py:826} INFO - Processing file /home/airflow/.local/lib/python3.7/site-packages/airflow/example_dags/example_external_task_marker_dag.py for tasks to queue
[2024-11-01T18:24:37.891+0000] {logging_mixin.py:150} INFO - [2024-11-01T18:24:37.887+0000] {dagbag.py:541} INFO - Filling up the DagBag from /home/airflow/.local/lib/python3.7/site-packages/airflow/example_dags/example_external_task_marker_dag.py
[2024-11-01T18:24:37.983+0000] {processor.py:836} INFO - DAG(s) dict_keys(['example_external_task_marker_child', 'example_external_task_marker_parent']) retrieved from /home/airflow/.local/lib/python3.7/site-packages/airflow/example_dags/example_external_task_marker_dag.py
[2024-11-01T18:24:38.428+0000] {logging_mixin.py:150} INFO - [2024-11-01T18:24:38.420+0000] {dag.py:2742} INFO - Sync 2 DAGs
[2024-11-01T18:24:38.837+0000] {logging_mixin.py:150} INFO - [2024-11-01T18:24:38.830+0000] {dag.py:3508} INFO - Setting next_dagrun for example_external_task_marker_child to None, run_after=None
[2024-11-01T18:24:38.867+0000] {logging_mixin.py:150} INFO - [2024-11-01T18:24:38.867+0000] {dag.py:3508} INFO - Setting next_dagrun for example_external_task_marker_parent to None, run_after=None
[2024-11-01T18:24:39.063+0000] {processor.py:179} INFO - Processing /home/airflow/.local/lib/python3.7/site-packages/airflow/example_dags/example_external_task_marker_dag.py took 1.279 seconds
[2024-11-01T18:25:42.881+0000] {processor.py:157} INFO - Started process (PID=847) to work on /home/airflow/.local/lib/python3.7/site-packages/airflow/example_dags/example_external_task_marker_dag.py
[2024-11-01T18:25:42.913+0000] {processor.py:826} INFO - Processing file /home/airflow/.local/lib/python3.7/site-packages/airflow/example_dags/example_external_task_marker_dag.py for tasks to queue
[2024-11-01T18:25:42.947+0000] {logging_mixin.py:150} INFO - [2024-11-01T18:25:42.940+0000] {dagbag.py:541} INFO - Filling up the DagBag from /home/airflow/.local/lib/python3.7/site-packages/airflow/example_dags/example_external_task_marker_dag.py
[2024-11-01T18:25:43.116+0000] {processor.py:836} INFO - DAG(s) dict_keys(['example_external_task_marker_child', 'example_external_task_marker_parent']) retrieved from /home/airflow/.local/lib/python3.7/site-packages/airflow/example_dags/example_external_task_marker_dag.py
[2024-11-01T18:25:43.535+0000] {logging_mixin.py:150} INFO - [2024-11-01T18:25:43.534+0000] {dag.py:2742} INFO - Sync 2 DAGs
[2024-11-01T18:25:43.681+0000] {logging_mixin.py:150} INFO - [2024-11-01T18:25:43.680+0000] {dag.py:3508} INFO - Setting next_dagrun for example_external_task_marker_child to None, run_after=None
[2024-11-01T18:25:43.693+0000] {logging_mixin.py:150} INFO - [2024-11-01T18:25:43.693+0000] {dag.py:3508} INFO - Setting next_dagrun for example_external_task_marker_parent to None, run_after=None
[2024-11-01T18:25:43.781+0000] {processor.py:179} INFO - Processing /home/airflow/.local/lib/python3.7/site-packages/airflow/example_dags/example_external_task_marker_dag.py took 1.069 seconds
[2024-11-01T18:26:13.914+0000] {processor.py:157} INFO - Started process (PID=907) to work on /home/airflow/.local/lib/python3.7/site-packages/airflow/example_dags/example_external_task_marker_dag.py
[2024-11-01T18:26:13.918+0000] {processor.py:826} INFO - Processing file /home/airflow/.local/lib/python3.7/site-packages/airflow/example_dags/example_external_task_marker_dag.py for tasks to queue
[2024-11-01T18:26:13.919+0000] {logging_mixin.py:150} INFO - [2024-11-01T18:26:13.919+0000] {dagbag.py:541} INFO - Filling up the DagBag from /home/airflow/.local/lib/python3.7/site-packages/airflow/example_dags/example_external_task_marker_dag.py
[2024-11-01T18:26:14.080+0000] {processor.py:836} INFO - DAG(s) dict_keys(['example_external_task_marker_parent', 'example_external_task_marker_child']) retrieved from /home/airflow/.local/lib/python3.7/site-packages/airflow/example_dags/example_external_task_marker_dag.py
[2024-11-01T18:26:14.439+0000] {logging_mixin.py:150} INFO - [2024-11-01T18:26:14.439+0000] {dag.py:2742} INFO - Sync 2 DAGs
[2024-11-01T18:26:14.471+0000] {logging_mixin.py:150} INFO - [2024-11-01T18:26:14.471+0000] {dag.py:3508} INFO - Setting next_dagrun for example_external_task_marker_child to None, run_after=None
[2024-11-01T18:26:14.474+0000] {logging_mixin.py:150} INFO - [2024-11-01T18:26:14.474+0000] {dag.py:3508} INFO - Setting next_dagrun for example_external_task_marker_parent to None, run_after=None
[2024-11-01T18:26:14.486+0000] {processor.py:179} INFO - Processing /home/airflow/.local/lib/python3.7/site-packages/airflow/example_dags/example_external_task_marker_dag.py took 0.629 seconds
[2024-11-01T18:26:45.141+0000] {processor.py:157} INFO - Started process (PID=969) to work on /home/airflow/.local/lib/python3.7/site-packages/airflow/example_dags/example_external_task_marker_dag.py
[2024-11-01T18:26:45.143+0000] {processor.py:826} INFO - Processing file /home/airflow/.local/lib/python3.7/site-packages/airflow/example_dags/example_external_task_marker_dag.py for tasks to queue
[2024-11-01T18:26:45.144+0000] {logging_mixin.py:150} INFO - [2024-11-01T18:26:45.144+0000] {dagbag.py:541} INFO - Filling up the DagBag from /home/airflow/.local/lib/python3.7/site-packages/airflow/example_dags/example_external_task_marker_dag.py
[2024-11-01T18:26:45.157+0000] {processor.py:836} INFO - DAG(s) dict_keys(['example_external_task_marker_child', 'example_external_task_marker_parent']) retrieved from /home/airflow/.local/lib/python3.7/site-packages/airflow/example_dags/example_external_task_marker_dag.py
[2024-11-01T18:26:45.203+0000] {logging_mixin.py:150} INFO - [2024-11-01T18:26:45.203+0000] {dag.py:2742} INFO - Sync 2 DAGs
[2024-11-01T18:26:45.243+0000] {logging_mixin.py:150} INFO - [2024-11-01T18:26:45.243+0000] {dag.py:3508} INFO - Setting next_dagrun for example_external_task_marker_child to None, run_after=None
[2024-11-01T18:26:45.246+0000] {logging_mixin.py:150} INFO - [2024-11-01T18:26:45.246+0000] {dag.py:3508} INFO - Setting next_dagrun for example_external_task_marker_parent to None, run_after=None
[2024-11-01T18:26:45.266+0000] {processor.py:179} INFO - Processing /home/airflow/.local/lib/python3.7/site-packages/airflow/example_dags/example_external_task_marker_dag.py took 0.145 seconds
[2024-11-01T18:27:15.562+0000] {processor.py:157} INFO - Started process (PID=1031) to work on /home/airflow/.local/lib/python3.7/site-packages/airflow/example_dags/example_external_task_marker_dag.py
[2024-11-01T18:27:15.564+0000] {processor.py:826} INFO - Processing file /home/airflow/.local/lib/python3.7/site-packages/airflow/example_dags/example_external_task_marker_dag.py for tasks to queue
[2024-11-01T18:27:15.565+0000] {logging_mixin.py:150} INFO - [2024-11-01T18:27:15.565+0000] {dagbag.py:541} INFO - Filling up the DagBag from /home/airflow/.local/lib/python3.7/site-packages/airflow/example_dags/example_external_task_marker_dag.py
[2024-11-01T18:27:15.580+0000] {processor.py:836} INFO - DAG(s) dict_keys(['example_external_task_marker_parent', 'example_external_task_marker_child']) retrieved from /home/airflow/.local/lib/python3.7/site-packages/airflow/example_dags/example_external_task_marker_dag.py
[2024-11-01T18:27:15.639+0000] {logging_mixin.py:150} INFO - [2024-11-01T18:27:15.639+0000] {dag.py:2742} INFO - Sync 2 DAGs
[2024-11-01T18:27:15.694+0000] {logging_mixin.py:150} INFO - [2024-11-01T18:27:15.693+0000] {dag.py:3508} INFO - Setting next_dagrun for example_external_task_marker_child to None, run_after=None
[2024-11-01T18:27:15.698+0000] {logging_mixin.py:150} INFO - [2024-11-01T18:27:15.698+0000] {dag.py:3508} INFO - Setting next_dagrun for example_external_task_marker_parent to None, run_after=None
[2024-11-01T18:27:15.726+0000] {processor.py:179} INFO - Processing /home/airflow/.local/lib/python3.7/site-packages/airflow/example_dags/example_external_task_marker_dag.py took 0.170 seconds
[2024-11-01T18:27:46.125+0000] {processor.py:157} INFO - Started process (PID=1093) to work on /home/airflow/.local/lib/python3.7/site-packages/airflow/example_dags/example_external_task_marker_dag.py
[2024-11-01T18:27:46.129+0000] {processor.py:826} INFO - Processing file /home/airflow/.local/lib/python3.7/site-packages/airflow/example_dags/example_external_task_marker_dag.py for tasks to queue
[2024-11-01T18:27:46.130+0000] {logging_mixin.py:150} INFO - [2024-11-01T18:27:46.129+0000] {dagbag.py:541} INFO - Filling up the DagBag from /home/airflow/.local/lib/python3.7/site-packages/airflow/example_dags/example_external_task_marker_dag.py
[2024-11-01T18:27:46.140+0000] {processor.py:836} INFO - DAG(s) dict_keys(['example_external_task_marker_parent', 'example_external_task_marker_child']) retrieved from /home/airflow/.local/lib/python3.7/site-packages/airflow/example_dags/example_external_task_marker_dag.py
[2024-11-01T18:27:46.191+0000] {logging_mixin.py:150} INFO - [2024-11-01T18:27:46.191+0000] {dag.py:2742} INFO - Sync 2 DAGs
[2024-11-01T18:27:46.216+0000] {logging_mixin.py:150} INFO - [2024-11-01T18:27:46.216+0000] {dag.py:3508} INFO - Setting next_dagrun for example_external_task_marker_child to None, run_after=None
[2024-11-01T18:27:46.218+0000] {logging_mixin.py:150} INFO - [2024-11-01T18:27:46.218+0000] {dag.py:3508} INFO - Setting next_dagrun for example_external_task_marker_parent to None, run_after=None
[2024-11-01T18:27:46.237+0000] {processor.py:179} INFO - Processing /home/airflow/.local/lib/python3.7/site-packages/airflow/example_dags/example_external_task_marker_dag.py took 0.117 seconds
[2024-11-01T18:30:48.155+0000] {processor.py:157} INFO - Started process (PID=1138) to work on /home/airflow/.local/lib/python3.7/site-packages/airflow/example_dags/example_external_task_marker_dag.py
[2024-11-01T18:30:48.156+0000] {processor.py:826} INFO - Processing file /home/airflow/.local/lib/python3.7/site-packages/airflow/example_dags/example_external_task_marker_dag.py for tasks to queue
[2024-11-01T18:30:48.157+0000] {logging_mixin.py:150} INFO - [2024-11-01T18:30:48.156+0000] {dagbag.py:541} INFO - Filling up the DagBag from /home/airflow/.local/lib/python3.7/site-packages/airflow/example_dags/example_external_task_marker_dag.py
[2024-11-01T18:30:48.160+0000] {processor.py:836} INFO - DAG(s) dict_keys(['example_external_task_marker_child', 'example_external_task_marker_parent']) retrieved from /home/airflow/.local/lib/python3.7/site-packages/airflow/example_dags/example_external_task_marker_dag.py
[2024-11-01T18:30:48.177+0000] {logging_mixin.py:150} INFO - [2024-11-01T18:30:48.177+0000] {dag.py:2742} INFO - Sync 2 DAGs
[2024-11-01T18:30:48.191+0000] {logging_mixin.py:150} INFO - [2024-11-01T18:30:48.191+0000] {dag.py:3508} INFO - Setting next_dagrun for example_external_task_marker_child to None, run_after=None
[2024-11-01T18:30:48.193+0000] {logging_mixin.py:150} INFO - [2024-11-01T18:30:48.193+0000] {dag.py:3508} INFO - Setting next_dagrun for example_external_task_marker_parent to None, run_after=None
[2024-11-01T18:30:48.208+0000] {processor.py:179} INFO - Processing /home/airflow/.local/lib/python3.7/site-packages/airflow/example_dags/example_external_task_marker_dag.py took 0.055 seconds
[2024-11-01T18:31:18.413+0000] {processor.py:157} INFO - Started process (PID=1199) to work on /home/airflow/.local/lib/python3.7/site-packages/airflow/example_dags/example_external_task_marker_dag.py
[2024-11-01T18:31:18.413+0000] {processor.py:826} INFO - Processing file /home/airflow/.local/lib/python3.7/site-packages/airflow/example_dags/example_external_task_marker_dag.py for tasks to queue
[2024-11-01T18:31:18.414+0000] {logging_mixin.py:150} INFO - [2024-11-01T18:31:18.413+0000] {dagbag.py:541} INFO - Filling up the DagBag from /home/airflow/.local/lib/python3.7/site-packages/airflow/example_dags/example_external_task_marker_dag.py
[2024-11-01T18:31:18.416+0000] {processor.py:836} INFO - DAG(s) dict_keys(['example_external_task_marker_parent', 'example_external_task_marker_child']) retrieved from /home/airflow/.local/lib/python3.7/site-packages/airflow/example_dags/example_external_task_marker_dag.py
[2024-11-01T18:31:18.432+0000] {logging_mixin.py:150} INFO - [2024-11-01T18:31:18.432+0000] {dag.py:2742} INFO - Sync 2 DAGs
[2024-11-01T18:31:18.446+0000] {logging_mixin.py:150} INFO - [2024-11-01T18:31:18.446+0000] {dag.py:3508} INFO - Setting next_dagrun for example_external_task_marker_child to None, run_after=None
[2024-11-01T18:31:18.449+0000] {logging_mixin.py:150} INFO - [2024-11-01T18:31:18.449+0000] {dag.py:3508} INFO - Setting next_dagrun for example_external_task_marker_parent to None, run_after=None
[2024-11-01T18:31:18.458+0000] {processor.py:179} INFO - Processing /home/airflow/.local/lib/python3.7/site-packages/airflow/example_dags/example_external_task_marker_dag.py took 0.047 seconds
[2024-11-01T18:31:49.115+0000] {processor.py:157} INFO - Started process (PID=1262) to work on /home/airflow/.local/lib/python3.7/site-packages/airflow/example_dags/example_external_task_marker_dag.py
[2024-11-01T18:31:49.116+0000] {processor.py:826} INFO - Processing file /home/airflow/.local/lib/python3.7/site-packages/airflow/example_dags/example_external_task_marker_dag.py for tasks to queue
[2024-11-01T18:31:49.117+0000] {logging_mixin.py:150} INFO - [2024-11-01T18:31:49.117+0000] {dagbag.py:541} INFO - Filling up the DagBag from /home/airflow/.local/lib/python3.7/site-packages/airflow/example_dags/example_external_task_marker_dag.py
[2024-11-01T18:31:49.123+0000] {processor.py:836} INFO - DAG(s) dict_keys(['example_external_task_marker_child', 'example_external_task_marker_parent']) retrieved from /home/airflow/.local/lib/python3.7/site-packages/airflow/example_dags/example_external_task_marker_dag.py
[2024-11-01T18:31:49.149+0000] {logging_mixin.py:150} INFO - [2024-11-01T18:31:49.148+0000] {dag.py:2742} INFO - Sync 2 DAGs
[2024-11-01T18:31:49.163+0000] {logging_mixin.py:150} INFO - [2024-11-01T18:31:49.163+0000] {dag.py:3508} INFO - Setting next_dagrun for example_external_task_marker_child to None, run_after=None
[2024-11-01T18:31:49.166+0000] {logging_mixin.py:150} INFO - [2024-11-01T18:31:49.166+0000] {dag.py:3508} INFO - Setting next_dagrun for example_external_task_marker_parent to None, run_after=None
[2024-11-01T18:31:49.178+0000] {processor.py:179} INFO - Processing /home/airflow/.local/lib/python3.7/site-packages/airflow/example_dags/example_external_task_marker_dag.py took 0.065 seconds
[2024-11-01T18:32:19.301+0000] {processor.py:157} INFO - Started process (PID=1324) to work on /home/airflow/.local/lib/python3.7/site-packages/airflow/example_dags/example_external_task_marker_dag.py
[2024-11-01T18:32:19.302+0000] {processor.py:826} INFO - Processing file /home/airflow/.local/lib/python3.7/site-packages/airflow/example_dags/example_external_task_marker_dag.py for tasks to queue
[2024-11-01T18:32:19.303+0000] {logging_mixin.py:150} INFO - [2024-11-01T18:32:19.302+0000] {dagbag.py:541} INFO - Filling up the DagBag from /home/airflow/.local/lib/python3.7/site-packages/airflow/example_dags/example_external_task_marker_dag.py
[2024-11-01T18:32:19.307+0000] {processor.py:836} INFO - DAG(s) dict_keys(['example_external_task_marker_child', 'example_external_task_marker_parent']) retrieved from /home/airflow/.local/lib/python3.7/site-packages/airflow/example_dags/example_external_task_marker_dag.py
[2024-11-01T18:32:19.324+0000] {logging_mixin.py:150} INFO - [2024-11-01T18:32:19.324+0000] {dag.py:2742} INFO - Sync 2 DAGs
[2024-11-01T18:32:19.339+0000] {logging_mixin.py:150} INFO - [2024-11-01T18:32:19.339+0000] {dag.py:3508} INFO - Setting next_dagrun for example_external_task_marker_child to None, run_after=None
[2024-11-01T18:32:19.341+0000] {logging_mixin.py:150} INFO - [2024-11-01T18:32:19.341+0000] {dag.py:3508} INFO - Setting next_dagrun for example_external_task_marker_parent to None, run_after=None
[2024-11-01T18:32:19.351+0000] {processor.py:179} INFO - Processing /home/airflow/.local/lib/python3.7/site-packages/airflow/example_dags/example_external_task_marker_dag.py took 0.054 seconds
[2024-11-01T18:32:50.136+0000] {processor.py:157} INFO - Started process (PID=1385) to work on /home/airflow/.local/lib/python3.7/site-packages/airflow/example_dags/example_external_task_marker_dag.py
[2024-11-01T18:32:50.137+0000] {processor.py:826} INFO - Processing file /home/airflow/.local/lib/python3.7/site-packages/airflow/example_dags/example_external_task_marker_dag.py for tasks to queue
[2024-11-01T18:32:50.138+0000] {logging_mixin.py:150} INFO - [2024-11-01T18:32:50.138+0000] {dagbag.py:541} INFO - Filling up the DagBag from /home/airflow/.local/lib/python3.7/site-packages/airflow/example_dags/example_external_task_marker_dag.py
[2024-11-01T18:32:50.145+0000] {processor.py:836} INFO - DAG(s) dict_keys(['example_external_task_marker_parent', 'example_external_task_marker_child']) retrieved from /home/airflow/.local/lib/python3.7/site-packages/airflow/example_dags/example_external_task_marker_dag.py
[2024-11-01T18:32:50.198+0000] {logging_mixin.py:150} INFO - [2024-11-01T18:32:50.198+0000] {dag.py:2742} INFO - Sync 2 DAGs
[2024-11-01T18:32:50.231+0000] {logging_mixin.py:150} INFO - [2024-11-01T18:32:50.231+0000] {dag.py:3508} INFO - Setting next_dagrun for example_external_task_marker_child to None, run_after=None
[2024-11-01T18:32:50.233+0000] {logging_mixin.py:150} INFO - [2024-11-01T18:32:50.233+0000] {dag.py:3508} INFO - Setting next_dagrun for example_external_task_marker_parent to None, run_after=None
[2024-11-01T18:32:50.256+0000] {processor.py:179} INFO - Processing /home/airflow/.local/lib/python3.7/site-packages/airflow/example_dags/example_external_task_marker_dag.py took 0.124 seconds
[2024-11-01T18:33:20.686+0000] {processor.py:157} INFO - Started process (PID=1447) to work on /home/airflow/.local/lib/python3.7/site-packages/airflow/example_dags/example_external_task_marker_dag.py
[2024-11-01T18:33:20.686+0000] {processor.py:826} INFO - Processing file /home/airflow/.local/lib/python3.7/site-packages/airflow/example_dags/example_external_task_marker_dag.py for tasks to queue
[2024-11-01T18:33:20.687+0000] {logging_mixin.py:150} INFO - [2024-11-01T18:33:20.687+0000] {dagbag.py:541} INFO - Filling up the DagBag from /home/airflow/.local/lib/python3.7/site-packages/airflow/example_dags/example_external_task_marker_dag.py
[2024-11-01T18:33:20.690+0000] {processor.py:836} INFO - DAG(s) dict_keys(['example_external_task_marker_child', 'example_external_task_marker_parent']) retrieved from /home/airflow/.local/lib/python3.7/site-packages/airflow/example_dags/example_external_task_marker_dag.py
[2024-11-01T18:33:20.708+0000] {logging_mixin.py:150} INFO - [2024-11-01T18:33:20.707+0000] {dag.py:2742} INFO - Sync 2 DAGs
[2024-11-01T18:33:20.721+0000] {logging_mixin.py:150} INFO - [2024-11-01T18:33:20.721+0000] {dag.py:3508} INFO - Setting next_dagrun for example_external_task_marker_child to None, run_after=None
[2024-11-01T18:33:20.723+0000] {logging_mixin.py:150} INFO - [2024-11-01T18:33:20.723+0000] {dag.py:3508} INFO - Setting next_dagrun for example_external_task_marker_parent to None, run_after=None
[2024-11-01T18:33:20.732+0000] {processor.py:179} INFO - Processing /home/airflow/.local/lib/python3.7/site-packages/airflow/example_dags/example_external_task_marker_dag.py took 0.048 seconds
[2024-11-01T18:33:51.408+0000] {processor.py:157} INFO - Started process (PID=1509) to work on /home/airflow/.local/lib/python3.7/site-packages/airflow/example_dags/example_external_task_marker_dag.py
[2024-11-01T18:33:51.410+0000] {processor.py:826} INFO - Processing file /home/airflow/.local/lib/python3.7/site-packages/airflow/example_dags/example_external_task_marker_dag.py for tasks to queue
[2024-11-01T18:33:51.412+0000] {logging_mixin.py:150} INFO - [2024-11-01T18:33:51.411+0000] {dagbag.py:541} INFO - Filling up the DagBag from /home/airflow/.local/lib/python3.7/site-packages/airflow/example_dags/example_external_task_marker_dag.py
[2024-11-01T18:33:51.426+0000] {processor.py:836} INFO - DAG(s) dict_keys(['example_external_task_marker_parent', 'example_external_task_marker_child']) retrieved from /home/airflow/.local/lib/python3.7/site-packages/airflow/example_dags/example_external_task_marker_dag.py
[2024-11-01T18:33:51.456+0000] {logging_mixin.py:150} INFO - [2024-11-01T18:33:51.456+0000] {dag.py:2742} INFO - Sync 2 DAGs
[2024-11-01T18:33:51.491+0000] {logging_mixin.py:150} INFO - [2024-11-01T18:33:51.491+0000] {dag.py:3508} INFO - Setting next_dagrun for example_external_task_marker_child to None, run_after=None
[2024-11-01T18:33:51.493+0000] {logging_mixin.py:150} INFO - [2024-11-01T18:33:51.493+0000] {dag.py:3508} INFO - Setting next_dagrun for example_external_task_marker_parent to None, run_after=None
[2024-11-01T18:33:51.505+0000] {processor.py:179} INFO - Processing /home/airflow/.local/lib/python3.7/site-packages/airflow/example_dags/example_external_task_marker_dag.py took 0.101 seconds
[2024-11-01T18:34:22.293+0000] {processor.py:157} INFO - Started process (PID=1571) to work on /home/airflow/.local/lib/python3.7/site-packages/airflow/example_dags/example_external_task_marker_dag.py
[2024-11-01T18:34:22.294+0000] {processor.py:826} INFO - Processing file /home/airflow/.local/lib/python3.7/site-packages/airflow/example_dags/example_external_task_marker_dag.py for tasks to queue
[2024-11-01T18:34:22.295+0000] {logging_mixin.py:150} INFO - [2024-11-01T18:34:22.295+0000] {dagbag.py:541} INFO - Filling up the DagBag from /home/airflow/.local/lib/python3.7/site-packages/airflow/example_dags/example_external_task_marker_dag.py
[2024-11-01T18:34:22.302+0000] {processor.py:836} INFO - DAG(s) dict_keys(['example_external_task_marker_child', 'example_external_task_marker_parent']) retrieved from /home/airflow/.local/lib/python3.7/site-packages/airflow/example_dags/example_external_task_marker_dag.py
[2024-11-01T18:34:22.327+0000] {logging_mixin.py:150} INFO - [2024-11-01T18:34:22.327+0000] {dag.py:2742} INFO - Sync 2 DAGs
[2024-11-01T18:34:22.349+0000] {logging_mixin.py:150} INFO - [2024-11-01T18:34:22.349+0000] {dag.py:3508} INFO - Setting next_dagrun for example_external_task_marker_child to None, run_after=None
[2024-11-01T18:34:22.351+0000] {logging_mixin.py:150} INFO - [2024-11-01T18:34:22.351+0000] {dag.py:3508} INFO - Setting next_dagrun for example_external_task_marker_parent to None, run_after=None
[2024-11-01T18:34:22.373+0000] {processor.py:179} INFO - Processing /home/airflow/.local/lib/python3.7/site-packages/airflow/example_dags/example_external_task_marker_dag.py took 0.084 seconds
[2024-11-01T18:34:52.766+0000] {processor.py:157} INFO - Started process (PID=1632) to work on /home/airflow/.local/lib/python3.7/site-packages/airflow/example_dags/example_external_task_marker_dag.py
[2024-11-01T18:34:52.766+0000] {processor.py:826} INFO - Processing file /home/airflow/.local/lib/python3.7/site-packages/airflow/example_dags/example_external_task_marker_dag.py for tasks to queue
[2024-11-01T18:34:52.767+0000] {logging_mixin.py:150} INFO - [2024-11-01T18:34:52.767+0000] {dagbag.py:541} INFO - Filling up the DagBag from /home/airflow/.local/lib/python3.7/site-packages/airflow/example_dags/example_external_task_marker_dag.py
[2024-11-01T18:34:52.770+0000] {processor.py:836} INFO - DAG(s) dict_keys(['example_external_task_marker_child', 'example_external_task_marker_parent']) retrieved from /home/airflow/.local/lib/python3.7/site-packages/airflow/example_dags/example_external_task_marker_dag.py
[2024-11-01T18:34:52.800+0000] {logging_mixin.py:150} INFO - [2024-11-01T18:34:52.800+0000] {dag.py:2742} INFO - Sync 2 DAGs
[2024-11-01T18:34:52.817+0000] {logging_mixin.py:150} INFO - [2024-11-01T18:34:52.817+0000] {dag.py:3508} INFO - Setting next_dagrun for example_external_task_marker_child to None, run_after=None
[2024-11-01T18:34:52.819+0000] {logging_mixin.py:150} INFO - [2024-11-01T18:34:52.819+0000] {dag.py:3508} INFO - Setting next_dagrun for example_external_task_marker_parent to None, run_after=None
[2024-11-01T18:34:52.830+0000] {processor.py:179} INFO - Processing /home/airflow/.local/lib/python3.7/site-packages/airflow/example_dags/example_external_task_marker_dag.py took 0.066 seconds
[2024-11-01T18:35:23.375+0000] {processor.py:157} INFO - Started process (PID=1694) to work on /home/airflow/.local/lib/python3.7/site-packages/airflow/example_dags/example_external_task_marker_dag.py
[2024-11-01T18:35:23.377+0000] {processor.py:826} INFO - Processing file /home/airflow/.local/lib/python3.7/site-packages/airflow/example_dags/example_external_task_marker_dag.py for tasks to queue
[2024-11-01T18:35:23.380+0000] {logging_mixin.py:150} INFO - [2024-11-01T18:35:23.380+0000] {dagbag.py:541} INFO - Filling up the DagBag from /home/airflow/.local/lib/python3.7/site-packages/airflow/example_dags/example_external_task_marker_dag.py
[2024-11-01T18:35:23.384+0000] {processor.py:836} INFO - DAG(s) dict_keys(['example_external_task_marker_child', 'example_external_task_marker_parent']) retrieved from /home/airflow/.local/lib/python3.7/site-packages/airflow/example_dags/example_external_task_marker_dag.py
[2024-11-01T18:35:23.405+0000] {logging_mixin.py:150} INFO - [2024-11-01T18:35:23.405+0000] {dag.py:2742} INFO - Sync 2 DAGs
[2024-11-01T18:35:23.420+0000] {logging_mixin.py:150} INFO - [2024-11-01T18:35:23.420+0000] {dag.py:3508} INFO - Setting next_dagrun for example_external_task_marker_child to None, run_after=None
[2024-11-01T18:35:23.423+0000] {logging_mixin.py:150} INFO - [2024-11-01T18:35:23.423+0000] {dag.py:3508} INFO - Setting next_dagrun for example_external_task_marker_parent to None, run_after=None
[2024-11-01T18:35:23.437+0000] {processor.py:179} INFO - Processing /home/airflow/.local/lib/python3.7/site-packages/airflow/example_dags/example_external_task_marker_dag.py took 0.063 seconds
[2024-11-01T18:35:54.745+0000] {processor.py:157} INFO - Started process (PID=1756) to work on /home/airflow/.local/lib/python3.7/site-packages/airflow/example_dags/example_external_task_marker_dag.py
[2024-11-01T18:35:54.746+0000] {processor.py:826} INFO - Processing file /home/airflow/.local/lib/python3.7/site-packages/airflow/example_dags/example_external_task_marker_dag.py for tasks to queue
[2024-11-01T18:35:54.748+0000] {logging_mixin.py:150} INFO - [2024-11-01T18:35:54.748+0000] {dagbag.py:541} INFO - Filling up the DagBag from /home/airflow/.local/lib/python3.7/site-packages/airflow/example_dags/example_external_task_marker_dag.py
[2024-11-01T18:35:54.753+0000] {processor.py:836} INFO - DAG(s) dict_keys(['example_external_task_marker_parent', 'example_external_task_marker_child']) retrieved from /home/airflow/.local/lib/python3.7/site-packages/airflow/example_dags/example_external_task_marker_dag.py
[2024-11-01T18:35:54.784+0000] {logging_mixin.py:150} INFO - [2024-11-01T18:35:54.784+0000] {dag.py:2742} INFO - Sync 2 DAGs
[2024-11-01T18:35:54.813+0000] {logging_mixin.py:150} INFO - [2024-11-01T18:35:54.813+0000] {dag.py:3508} INFO - Setting next_dagrun for example_external_task_marker_child to None, run_after=None
[2024-11-01T18:35:54.817+0000] {logging_mixin.py:150} INFO - [2024-11-01T18:35:54.817+0000] {dag.py:3508} INFO - Setting next_dagrun for example_external_task_marker_parent to None, run_after=None
[2024-11-01T18:35:54.833+0000] {processor.py:179} INFO - Processing /home/airflow/.local/lib/python3.7/site-packages/airflow/example_dags/example_external_task_marker_dag.py took 0.091 seconds
[2024-11-01T18:36:26.097+0000] {processor.py:157} INFO - Started process (PID=1819) to work on /home/airflow/.local/lib/python3.7/site-packages/airflow/example_dags/example_external_task_marker_dag.py
[2024-11-01T18:36:26.098+0000] {processor.py:826} INFO - Processing file /home/airflow/.local/lib/python3.7/site-packages/airflow/example_dags/example_external_task_marker_dag.py for tasks to queue
[2024-11-01T18:36:26.098+0000] {logging_mixin.py:150} INFO - [2024-11-01T18:36:26.098+0000] {dagbag.py:541} INFO - Filling up the DagBag from /home/airflow/.local/lib/python3.7/site-packages/airflow/example_dags/example_external_task_marker_dag.py
[2024-11-01T18:36:26.102+0000] {processor.py:836} INFO - DAG(s) dict_keys(['example_external_task_marker_child', 'example_external_task_marker_parent']) retrieved from /home/airflow/.local/lib/python3.7/site-packages/airflow/example_dags/example_external_task_marker_dag.py
[2024-11-01T18:36:26.120+0000] {logging_mixin.py:150} INFO - [2024-11-01T18:36:26.120+0000] {dag.py:2742} INFO - Sync 2 DAGs
[2024-11-01T18:36:26.139+0000] {logging_mixin.py:150} INFO - [2024-11-01T18:36:26.139+0000] {dag.py:3508} INFO - Setting next_dagrun for example_external_task_marker_child to None, run_after=None
[2024-11-01T18:36:26.141+0000] {logging_mixin.py:150} INFO - [2024-11-01T18:36:26.141+0000] {dag.py:3508} INFO - Setting next_dagrun for example_external_task_marker_parent to None, run_after=None
[2024-11-01T18:36:26.149+0000] {processor.py:179} INFO - Processing /home/airflow/.local/lib/python3.7/site-packages/airflow/example_dags/example_external_task_marker_dag.py took 0.054 seconds
[2024-11-01T18:36:56.654+0000] {processor.py:157} INFO - Started process (PID=1880) to work on /home/airflow/.local/lib/python3.7/site-packages/airflow/example_dags/example_external_task_marker_dag.py
[2024-11-01T18:36:56.659+0000] {processor.py:826} INFO - Processing file /home/airflow/.local/lib/python3.7/site-packages/airflow/example_dags/example_external_task_marker_dag.py for tasks to queue
[2024-11-01T18:36:56.660+0000] {logging_mixin.py:150} INFO - [2024-11-01T18:36:56.660+0000] {dagbag.py:541} INFO - Filling up the DagBag from /home/airflow/.local/lib/python3.7/site-packages/airflow/example_dags/example_external_task_marker_dag.py
[2024-11-01T18:36:56.669+0000] {processor.py:836} INFO - DAG(s) dict_keys(['example_external_task_marker_child', 'example_external_task_marker_parent']) retrieved from /home/airflow/.local/lib/python3.7/site-packages/airflow/example_dags/example_external_task_marker_dag.py
[2024-11-01T18:36:56.697+0000] {logging_mixin.py:150} INFO - [2024-11-01T18:36:56.697+0000] {dag.py:2742} INFO - Sync 2 DAGs
[2024-11-01T18:36:56.721+0000] {logging_mixin.py:150} INFO - [2024-11-01T18:36:56.721+0000] {dag.py:3508} INFO - Setting next_dagrun for example_external_task_marker_child to None, run_after=None
[2024-11-01T18:36:56.724+0000] {logging_mixin.py:150} INFO - [2024-11-01T18:36:56.724+0000] {dag.py:3508} INFO - Setting next_dagrun for example_external_task_marker_parent to None, run_after=None
[2024-11-01T18:36:56.739+0000] {processor.py:179} INFO - Processing /home/airflow/.local/lib/python3.7/site-packages/airflow/example_dags/example_external_task_marker_dag.py took 0.089 seconds
[2024-11-01T18:37:26.913+0000] {processor.py:157} INFO - Started process (PID=1941) to work on /home/airflow/.local/lib/python3.7/site-packages/airflow/example_dags/example_external_task_marker_dag.py
[2024-11-01T18:37:26.914+0000] {processor.py:826} INFO - Processing file /home/airflow/.local/lib/python3.7/site-packages/airflow/example_dags/example_external_task_marker_dag.py for tasks to queue
[2024-11-01T18:37:26.915+0000] {logging_mixin.py:150} INFO - [2024-11-01T18:37:26.915+0000] {dagbag.py:541} INFO - Filling up the DagBag from /home/airflow/.local/lib/python3.7/site-packages/airflow/example_dags/example_external_task_marker_dag.py
[2024-11-01T18:37:26.918+0000] {processor.py:836} INFO - DAG(s) dict_keys(['example_external_task_marker_child', 'example_external_task_marker_parent']) retrieved from /home/airflow/.local/lib/python3.7/site-packages/airflow/example_dags/example_external_task_marker_dag.py
[2024-11-01T18:37:26.939+0000] {logging_mixin.py:150} INFO - [2024-11-01T18:37:26.939+0000] {dag.py:2742} INFO - Sync 2 DAGs
[2024-11-01T18:37:26.952+0000] {logging_mixin.py:150} INFO - [2024-11-01T18:37:26.952+0000] {dag.py:3508} INFO - Setting next_dagrun for example_external_task_marker_child to None, run_after=None
[2024-11-01T18:37:26.956+0000] {logging_mixin.py:150} INFO - [2024-11-01T18:37:26.956+0000] {dag.py:3508} INFO - Setting next_dagrun for example_external_task_marker_parent to None, run_after=None
[2024-11-01T18:37:26.970+0000] {processor.py:179} INFO - Processing /home/airflow/.local/lib/python3.7/site-packages/airflow/example_dags/example_external_task_marker_dag.py took 0.061 seconds
[2024-11-01T18:38:01.953+0000] {processor.py:157} INFO - Started process (PID=2003) to work on /home/airflow/.local/lib/python3.7/site-packages/airflow/example_dags/example_external_task_marker_dag.py
[2024-11-01T18:38:01.961+0000] {processor.py:826} INFO - Processing file /home/airflow/.local/lib/python3.7/site-packages/airflow/example_dags/example_external_task_marker_dag.py for tasks to queue
[2024-11-01T18:38:01.963+0000] {logging_mixin.py:150} INFO - [2024-11-01T18:38:01.962+0000] {dagbag.py:541} INFO - Filling up the DagBag from /home/airflow/.local/lib/python3.7/site-packages/airflow/example_dags/example_external_task_marker_dag.py
[2024-11-01T18:38:01.970+0000] {processor.py:836} INFO - DAG(s) dict_keys(['example_external_task_marker_child', 'example_external_task_marker_parent']) retrieved from /home/airflow/.local/lib/python3.7/site-packages/airflow/example_dags/example_external_task_marker_dag.py
[2024-11-01T18:38:02.070+0000] {logging_mixin.py:150} INFO - [2024-11-01T18:38:02.069+0000] {dag.py:2742} INFO - Sync 2 DAGs
[2024-11-01T18:38:02.137+0000] {logging_mixin.py:150} INFO - [2024-11-01T18:38:02.137+0000] {dag.py:3508} INFO - Setting next_dagrun for example_external_task_marker_child to None, run_after=None
[2024-11-01T18:38:02.156+0000] {logging_mixin.py:150} INFO - [2024-11-01T18:38:02.155+0000] {dag.py:3508} INFO - Setting next_dagrun for example_external_task_marker_parent to None, run_after=None
[2024-11-01T18:38:02.213+0000] {processor.py:179} INFO - Processing /home/airflow/.local/lib/python3.7/site-packages/airflow/example_dags/example_external_task_marker_dag.py took 0.265 seconds
[2024-11-01T18:38:32.483+0000] {processor.py:157} INFO - Started process (PID=2065) to work on /home/airflow/.local/lib/python3.7/site-packages/airflow/example_dags/example_external_task_marker_dag.py
[2024-11-01T18:38:32.483+0000] {processor.py:826} INFO - Processing file /home/airflow/.local/lib/python3.7/site-packages/airflow/example_dags/example_external_task_marker_dag.py for tasks to queue
[2024-11-01T18:38:32.485+0000] {logging_mixin.py:150} INFO - [2024-11-01T18:38:32.485+0000] {dagbag.py:541} INFO - Filling up the DagBag from /home/airflow/.local/lib/python3.7/site-packages/airflow/example_dags/example_external_task_marker_dag.py
[2024-11-01T18:38:32.490+0000] {processor.py:836} INFO - DAG(s) dict_keys(['example_external_task_marker_child', 'example_external_task_marker_parent']) retrieved from /home/airflow/.local/lib/python3.7/site-packages/airflow/example_dags/example_external_task_marker_dag.py
[2024-11-01T18:38:32.510+0000] {logging_mixin.py:150} INFO - [2024-11-01T18:38:32.510+0000] {dag.py:2742} INFO - Sync 2 DAGs
[2024-11-01T18:38:32.524+0000] {logging_mixin.py:150} INFO - [2024-11-01T18:38:32.524+0000] {dag.py:3508} INFO - Setting next_dagrun for example_external_task_marker_child to None, run_after=None
[2024-11-01T18:38:32.526+0000] {logging_mixin.py:150} INFO - [2024-11-01T18:38:32.526+0000] {dag.py:3508} INFO - Setting next_dagrun for example_external_task_marker_parent to None, run_after=None
[2024-11-01T18:38:32.538+0000] {processor.py:179} INFO - Processing /home/airflow/.local/lib/python3.7/site-packages/airflow/example_dags/example_external_task_marker_dag.py took 0.057 seconds
[2024-11-01T18:39:02.954+0000] {processor.py:157} INFO - Started process (PID=2127) to work on /home/airflow/.local/lib/python3.7/site-packages/airflow/example_dags/example_external_task_marker_dag.py
[2024-11-01T18:39:02.955+0000] {processor.py:826} INFO - Processing file /home/airflow/.local/lib/python3.7/site-packages/airflow/example_dags/example_external_task_marker_dag.py for tasks to queue
[2024-11-01T18:39:02.955+0000] {logging_mixin.py:150} INFO - [2024-11-01T18:39:02.955+0000] {dagbag.py:541} INFO - Filling up the DagBag from /home/airflow/.local/lib/python3.7/site-packages/airflow/example_dags/example_external_task_marker_dag.py
[2024-11-01T18:39:02.958+0000] {processor.py:836} INFO - DAG(s) dict_keys(['example_external_task_marker_parent', 'example_external_task_marker_child']) retrieved from /home/airflow/.local/lib/python3.7/site-packages/airflow/example_dags/example_external_task_marker_dag.py
[2024-11-01T18:39:02.982+0000] {logging_mixin.py:150} INFO - [2024-11-01T18:39:02.982+0000] {dag.py:2742} INFO - Sync 2 DAGs
[2024-11-01T18:39:02.998+0000] {logging_mixin.py:150} INFO - [2024-11-01T18:39:02.998+0000] {dag.py:3508} INFO - Setting next_dagrun for example_external_task_marker_child to None, run_after=None
[2024-11-01T18:39:03.000+0000] {logging_mixin.py:150} INFO - [2024-11-01T18:39:03.000+0000] {dag.py:3508} INFO - Setting next_dagrun for example_external_task_marker_parent to None, run_after=None
[2024-11-01T18:39:03.007+0000] {processor.py:179} INFO - Processing /home/airflow/.local/lib/python3.7/site-packages/airflow/example_dags/example_external_task_marker_dag.py took 0.055 seconds
[2024-11-01T18:39:33.730+0000] {processor.py:157} INFO - Started process (PID=2188) to work on /home/airflow/.local/lib/python3.7/site-packages/airflow/example_dags/example_external_task_marker_dag.py
[2024-11-01T18:39:33.731+0000] {processor.py:826} INFO - Processing file /home/airflow/.local/lib/python3.7/site-packages/airflow/example_dags/example_external_task_marker_dag.py for tasks to queue
[2024-11-01T18:39:33.731+0000] {logging_mixin.py:150} INFO - [2024-11-01T18:39:33.731+0000] {dagbag.py:541} INFO - Filling up the DagBag from /home/airflow/.local/lib/python3.7/site-packages/airflow/example_dags/example_external_task_marker_dag.py
[2024-11-01T18:39:33.735+0000] {processor.py:836} INFO - DAG(s) dict_keys(['example_external_task_marker_parent', 'example_external_task_marker_child']) retrieved from /home/airflow/.local/lib/python3.7/site-packages/airflow/example_dags/example_external_task_marker_dag.py
[2024-11-01T18:39:33.749+0000] {logging_mixin.py:150} INFO - [2024-11-01T18:39:33.749+0000] {dag.py:2742} INFO - Sync 2 DAGs
[2024-11-01T18:39:33.771+0000] {logging_mixin.py:150} INFO - [2024-11-01T18:39:33.771+0000] {dag.py:3508} INFO - Setting next_dagrun for example_external_task_marker_child to None, run_after=None
[2024-11-01T18:39:33.773+0000] {logging_mixin.py:150} INFO - [2024-11-01T18:39:33.773+0000] {dag.py:3508} INFO - Setting next_dagrun for example_external_task_marker_parent to None, run_after=None
[2024-11-01T18:39:33.780+0000] {processor.py:179} INFO - Processing /home/airflow/.local/lib/python3.7/site-packages/airflow/example_dags/example_external_task_marker_dag.py took 0.053 seconds
[2024-11-01T18:40:04.045+0000] {processor.py:157} INFO - Started process (PID=2250) to work on /home/airflow/.local/lib/python3.7/site-packages/airflow/example_dags/example_external_task_marker_dag.py
[2024-11-01T18:40:04.048+0000] {processor.py:826} INFO - Processing file /home/airflow/.local/lib/python3.7/site-packages/airflow/example_dags/example_external_task_marker_dag.py for tasks to queue
[2024-11-01T18:40:04.049+0000] {logging_mixin.py:150} INFO - [2024-11-01T18:40:04.049+0000] {dagbag.py:541} INFO - Filling up the DagBag from /home/airflow/.local/lib/python3.7/site-packages/airflow/example_dags/example_external_task_marker_dag.py
[2024-11-01T18:40:04.052+0000] {processor.py:836} INFO - DAG(s) dict_keys(['example_external_task_marker_child', 'example_external_task_marker_parent']) retrieved from /home/airflow/.local/lib/python3.7/site-packages/airflow/example_dags/example_external_task_marker_dag.py
[2024-11-01T18:40:04.071+0000] {logging_mixin.py:150} INFO - [2024-11-01T18:40:04.071+0000] {dag.py:2742} INFO - Sync 2 DAGs
[2024-11-01T18:40:04.089+0000] {logging_mixin.py:150} INFO - [2024-11-01T18:40:04.089+0000] {dag.py:3508} INFO - Setting next_dagrun for example_external_task_marker_child to None, run_after=None
[2024-11-01T18:40:04.091+0000] {logging_mixin.py:150} INFO - [2024-11-01T18:40:04.091+0000] {dag.py:3508} INFO - Setting next_dagrun for example_external_task_marker_parent to None, run_after=None
[2024-11-01T18:40:04.099+0000] {processor.py:179} INFO - Processing /home/airflow/.local/lib/python3.7/site-packages/airflow/example_dags/example_external_task_marker_dag.py took 0.056 seconds
[2024-11-01T18:40:34.860+0000] {processor.py:157} INFO - Started process (PID=2312) to work on /home/airflow/.local/lib/python3.7/site-packages/airflow/example_dags/example_external_task_marker_dag.py
[2024-11-01T18:40:34.864+0000] {processor.py:826} INFO - Processing file /home/airflow/.local/lib/python3.7/site-packages/airflow/example_dags/example_external_task_marker_dag.py for tasks to queue
[2024-11-01T18:40:34.867+0000] {logging_mixin.py:150} INFO - [2024-11-01T18:40:34.867+0000] {dagbag.py:541} INFO - Filling up the DagBag from /home/airflow/.local/lib/python3.7/site-packages/airflow/example_dags/example_external_task_marker_dag.py
[2024-11-01T18:40:34.872+0000] {processor.py:836} INFO - DAG(s) dict_keys(['example_external_task_marker_child', 'example_external_task_marker_parent']) retrieved from /home/airflow/.local/lib/python3.7/site-packages/airflow/example_dags/example_external_task_marker_dag.py
[2024-11-01T18:40:34.892+0000] {logging_mixin.py:150} INFO - [2024-11-01T18:40:34.892+0000] {dag.py:2742} INFO - Sync 2 DAGs
[2024-11-01T18:40:34.905+0000] {logging_mixin.py:150} INFO - [2024-11-01T18:40:34.905+0000] {dag.py:3508} INFO - Setting next_dagrun for example_external_task_marker_child to None, run_after=None
[2024-11-01T18:40:34.906+0000] {logging_mixin.py:150} INFO - [2024-11-01T18:40:34.906+0000] {dag.py:3508} INFO - Setting next_dagrun for example_external_task_marker_parent to None, run_after=None
[2024-11-01T18:40:34.914+0000] {processor.py:179} INFO - Processing /home/airflow/.local/lib/python3.7/site-packages/airflow/example_dags/example_external_task_marker_dag.py took 0.055 seconds
[2024-11-01T18:41:05.308+0000] {processor.py:157} INFO - Started process (PID=2374) to work on /home/airflow/.local/lib/python3.7/site-packages/airflow/example_dags/example_external_task_marker_dag.py
[2024-11-01T18:41:05.310+0000] {processor.py:826} INFO - Processing file /home/airflow/.local/lib/python3.7/site-packages/airflow/example_dags/example_external_task_marker_dag.py for tasks to queue
[2024-11-01T18:41:05.310+0000] {logging_mixin.py:150} INFO - [2024-11-01T18:41:05.310+0000] {dagbag.py:541} INFO - Filling up the DagBag from /home/airflow/.local/lib/python3.7/site-packages/airflow/example_dags/example_external_task_marker_dag.py
[2024-11-01T18:41:05.315+0000] {processor.py:836} INFO - DAG(s) dict_keys(['example_external_task_marker_child', 'example_external_task_marker_parent']) retrieved from /home/airflow/.local/lib/python3.7/site-packages/airflow/example_dags/example_external_task_marker_dag.py
[2024-11-01T18:41:05.329+0000] {logging_mixin.py:150} INFO - [2024-11-01T18:41:05.329+0000] {dag.py:2742} INFO - Sync 2 DAGs
[2024-11-01T18:41:05.341+0000] {logging_mixin.py:150} INFO - [2024-11-01T18:41:05.341+0000] {dag.py:3508} INFO - Setting next_dagrun for example_external_task_marker_child to None, run_after=None
[2024-11-01T18:41:05.342+0000] {logging_mixin.py:150} INFO - [2024-11-01T18:41:05.342+0000] {dag.py:3508} INFO - Setting next_dagrun for example_external_task_marker_parent to None, run_after=None
[2024-11-01T18:41:05.512+0000] {processor.py:179} INFO - Processing /home/airflow/.local/lib/python3.7/site-packages/airflow/example_dags/example_external_task_marker_dag.py took 0.206 seconds
[2024-11-01T18:41:36.313+0000] {processor.py:157} INFO - Started process (PID=2436) to work on /home/airflow/.local/lib/python3.7/site-packages/airflow/example_dags/example_external_task_marker_dag.py
[2024-11-01T18:41:36.314+0000] {processor.py:826} INFO - Processing file /home/airflow/.local/lib/python3.7/site-packages/airflow/example_dags/example_external_task_marker_dag.py for tasks to queue
[2024-11-01T18:41:36.315+0000] {logging_mixin.py:150} INFO - [2024-11-01T18:41:36.315+0000] {dagbag.py:541} INFO - Filling up the DagBag from /home/airflow/.local/lib/python3.7/site-packages/airflow/example_dags/example_external_task_marker_dag.py
[2024-11-01T18:41:36.319+0000] {processor.py:836} INFO - DAG(s) dict_keys(['example_external_task_marker_child', 'example_external_task_marker_parent']) retrieved from /home/airflow/.local/lib/python3.7/site-packages/airflow/example_dags/example_external_task_marker_dag.py
[2024-11-01T18:41:36.345+0000] {logging_mixin.py:150} INFO - [2024-11-01T18:41:36.345+0000] {dag.py:2742} INFO - Sync 2 DAGs
[2024-11-01T18:41:36.361+0000] {logging_mixin.py:150} INFO - [2024-11-01T18:41:36.361+0000] {dag.py:3508} INFO - Setting next_dagrun for example_external_task_marker_child to None, run_after=None
[2024-11-01T18:41:36.363+0000] {logging_mixin.py:150} INFO - [2024-11-01T18:41:36.363+0000] {dag.py:3508} INFO - Setting next_dagrun for example_external_task_marker_parent to None, run_after=None
[2024-11-01T18:41:36.373+0000] {processor.py:179} INFO - Processing /home/airflow/.local/lib/python3.7/site-packages/airflow/example_dags/example_external_task_marker_dag.py took 0.066 seconds
[2024-11-01T18:42:07.526+0000] {processor.py:157} INFO - Started process (PID=2498) to work on /home/airflow/.local/lib/python3.7/site-packages/airflow/example_dags/example_external_task_marker_dag.py
[2024-11-01T18:42:07.531+0000] {processor.py:826} INFO - Processing file /home/airflow/.local/lib/python3.7/site-packages/airflow/example_dags/example_external_task_marker_dag.py for tasks to queue
[2024-11-01T18:42:07.532+0000] {logging_mixin.py:150} INFO - [2024-11-01T18:42:07.532+0000] {dagbag.py:541} INFO - Filling up the DagBag from /home/airflow/.local/lib/python3.7/site-packages/airflow/example_dags/example_external_task_marker_dag.py
[2024-11-01T18:42:07.536+0000] {processor.py:836} INFO - DAG(s) dict_keys(['example_external_task_marker_parent', 'example_external_task_marker_child']) retrieved from /home/airflow/.local/lib/python3.7/site-packages/airflow/example_dags/example_external_task_marker_dag.py
[2024-11-01T18:42:07.556+0000] {logging_mixin.py:150} INFO - [2024-11-01T18:42:07.556+0000] {dag.py:2742} INFO - Sync 2 DAGs
[2024-11-01T18:42:07.570+0000] {logging_mixin.py:150} INFO - [2024-11-01T18:42:07.570+0000] {dag.py:3508} INFO - Setting next_dagrun for example_external_task_marker_child to None, run_after=None
[2024-11-01T18:42:07.572+0000] {logging_mixin.py:150} INFO - [2024-11-01T18:42:07.572+0000] {dag.py:3508} INFO - Setting next_dagrun for example_external_task_marker_parent to None, run_after=None
[2024-11-01T18:42:07.579+0000] {processor.py:179} INFO - Processing /home/airflow/.local/lib/python3.7/site-packages/airflow/example_dags/example_external_task_marker_dag.py took 0.064 seconds
[2024-11-01T18:42:38.180+0000] {processor.py:157} INFO - Started process (PID=2560) to work on /home/airflow/.local/lib/python3.7/site-packages/airflow/example_dags/example_external_task_marker_dag.py
[2024-11-01T18:42:38.182+0000] {processor.py:826} INFO - Processing file /home/airflow/.local/lib/python3.7/site-packages/airflow/example_dags/example_external_task_marker_dag.py for tasks to queue
[2024-11-01T18:42:38.182+0000] {logging_mixin.py:150} INFO - [2024-11-01T18:42:38.182+0000] {dagbag.py:541} INFO - Filling up the DagBag from /home/airflow/.local/lib/python3.7/site-packages/airflow/example_dags/example_external_task_marker_dag.py
[2024-11-01T18:42:38.186+0000] {processor.py:836} INFO - DAG(s) dict_keys(['example_external_task_marker_child', 'example_external_task_marker_parent']) retrieved from /home/airflow/.local/lib/python3.7/site-packages/airflow/example_dags/example_external_task_marker_dag.py
[2024-11-01T18:42:38.210+0000] {logging_mixin.py:150} INFO - [2024-11-01T18:42:38.210+0000] {dag.py:2742} INFO - Sync 2 DAGs
[2024-11-01T18:42:38.224+0000] {logging_mixin.py:150} INFO - [2024-11-01T18:42:38.224+0000] {dag.py:3508} INFO - Setting next_dagrun for example_external_task_marker_child to None, run_after=None
[2024-11-01T18:42:38.229+0000] {logging_mixin.py:150} INFO - [2024-11-01T18:42:38.229+0000] {dag.py:3508} INFO - Setting next_dagrun for example_external_task_marker_parent to None, run_after=None
[2024-11-01T18:42:38.240+0000] {processor.py:179} INFO - Processing /home/airflow/.local/lib/python3.7/site-packages/airflow/example_dags/example_external_task_marker_dag.py took 0.063 seconds
[2024-11-01T18:43:11.413+0000] {processor.py:157} INFO - Started process (PID=2620) to work on /home/airflow/.local/lib/python3.7/site-packages/airflow/example_dags/example_external_task_marker_dag.py
[2024-11-01T18:43:11.414+0000] {processor.py:826} INFO - Processing file /home/airflow/.local/lib/python3.7/site-packages/airflow/example_dags/example_external_task_marker_dag.py for tasks to queue
[2024-11-01T18:43:11.417+0000] {logging_mixin.py:150} INFO - [2024-11-01T18:43:11.416+0000] {dagbag.py:541} INFO - Filling up the DagBag from /home/airflow/.local/lib/python3.7/site-packages/airflow/example_dags/example_external_task_marker_dag.py
[2024-11-01T18:43:11.421+0000] {processor.py:836} INFO - DAG(s) dict_keys(['example_external_task_marker_parent', 'example_external_task_marker_child']) retrieved from /home/airflow/.local/lib/python3.7/site-packages/airflow/example_dags/example_external_task_marker_dag.py
[2024-11-01T18:43:11.448+0000] {logging_mixin.py:150} INFO - [2024-11-01T18:43:11.447+0000] {dag.py:2742} INFO - Sync 2 DAGs
[2024-11-01T18:43:11.468+0000] {logging_mixin.py:150} INFO - [2024-11-01T18:43:11.467+0000] {dag.py:3508} INFO - Setting next_dagrun for example_external_task_marker_child to None, run_after=None
[2024-11-01T18:43:11.473+0000] {logging_mixin.py:150} INFO - [2024-11-01T18:43:11.473+0000] {dag.py:3508} INFO - Setting next_dagrun for example_external_task_marker_parent to None, run_after=None
[2024-11-01T18:43:11.489+0000] {processor.py:179} INFO - Processing /home/airflow/.local/lib/python3.7/site-packages/airflow/example_dags/example_external_task_marker_dag.py took 0.079 seconds
[2024-11-01T18:43:42.045+0000] {processor.py:157} INFO - Started process (PID=2682) to work on /home/airflow/.local/lib/python3.7/site-packages/airflow/example_dags/example_external_task_marker_dag.py
[2024-11-01T18:43:42.046+0000] {processor.py:826} INFO - Processing file /home/airflow/.local/lib/python3.7/site-packages/airflow/example_dags/example_external_task_marker_dag.py for tasks to queue
[2024-11-01T18:43:42.046+0000] {logging_mixin.py:150} INFO - [2024-11-01T18:43:42.046+0000] {dagbag.py:541} INFO - Filling up the DagBag from /home/airflow/.local/lib/python3.7/site-packages/airflow/example_dags/example_external_task_marker_dag.py
[2024-11-01T18:43:42.049+0000] {processor.py:836} INFO - DAG(s) dict_keys(['example_external_task_marker_parent', 'example_external_task_marker_child']) retrieved from /home/airflow/.local/lib/python3.7/site-packages/airflow/example_dags/example_external_task_marker_dag.py
[2024-11-01T18:43:42.068+0000] {logging_mixin.py:150} INFO - [2024-11-01T18:43:42.068+0000] {dag.py:2742} INFO - Sync 2 DAGs
[2024-11-01T18:43:42.084+0000] {logging_mixin.py:150} INFO - [2024-11-01T18:43:42.084+0000] {dag.py:3508} INFO - Setting next_dagrun for example_external_task_marker_child to None, run_after=None
[2024-11-01T18:43:42.088+0000] {logging_mixin.py:150} INFO - [2024-11-01T18:43:42.088+0000] {dag.py:3508} INFO - Setting next_dagrun for example_external_task_marker_parent to None, run_after=None
[2024-11-01T18:43:42.097+0000] {processor.py:179} INFO - Processing /home/airflow/.local/lib/python3.7/site-packages/airflow/example_dags/example_external_task_marker_dag.py took 0.054 seconds
[2024-11-01T18:44:12.304+0000] {processor.py:157} INFO - Started process (PID=2744) to work on /home/airflow/.local/lib/python3.7/site-packages/airflow/example_dags/example_external_task_marker_dag.py
[2024-11-01T18:44:12.306+0000] {processor.py:826} INFO - Processing file /home/airflow/.local/lib/python3.7/site-packages/airflow/example_dags/example_external_task_marker_dag.py for tasks to queue
[2024-11-01T18:44:12.308+0000] {logging_mixin.py:150} INFO - [2024-11-01T18:44:12.307+0000] {dagbag.py:541} INFO - Filling up the DagBag from /home/airflow/.local/lib/python3.7/site-packages/airflow/example_dags/example_external_task_marker_dag.py
[2024-11-01T18:44:12.318+0000] {processor.py:836} INFO - DAG(s) dict_keys(['example_external_task_marker_parent', 'example_external_task_marker_child']) retrieved from /home/airflow/.local/lib/python3.7/site-packages/airflow/example_dags/example_external_task_marker_dag.py
[2024-11-01T18:44:12.347+0000] {logging_mixin.py:150} INFO - [2024-11-01T18:44:12.347+0000] {dag.py:2742} INFO - Sync 2 DAGs
[2024-11-01T18:44:12.364+0000] {logging_mixin.py:150} INFO - [2024-11-01T18:44:12.364+0000] {dag.py:3508} INFO - Setting next_dagrun for example_external_task_marker_child to None, run_after=None
[2024-11-01T18:44:12.367+0000] {logging_mixin.py:150} INFO - [2024-11-01T18:44:12.367+0000] {dag.py:3508} INFO - Setting next_dagrun for example_external_task_marker_parent to None, run_after=None
[2024-11-01T18:44:12.376+0000] {processor.py:179} INFO - Processing /home/airflow/.local/lib/python3.7/site-packages/airflow/example_dags/example_external_task_marker_dag.py took 0.077 seconds
[2024-11-01T18:44:42.534+0000] {processor.py:157} INFO - Started process (PID=2806) to work on /home/airflow/.local/lib/python3.7/site-packages/airflow/example_dags/example_external_task_marker_dag.py
[2024-11-01T18:44:42.536+0000] {processor.py:826} INFO - Processing file /home/airflow/.local/lib/python3.7/site-packages/airflow/example_dags/example_external_task_marker_dag.py for tasks to queue
[2024-11-01T18:44:42.536+0000] {logging_mixin.py:150} INFO - [2024-11-01T18:44:42.536+0000] {dagbag.py:541} INFO - Filling up the DagBag from /home/airflow/.local/lib/python3.7/site-packages/airflow/example_dags/example_external_task_marker_dag.py
[2024-11-01T18:44:42.539+0000] {processor.py:836} INFO - DAG(s) dict_keys(['example_external_task_marker_parent', 'example_external_task_marker_child']) retrieved from /home/airflow/.local/lib/python3.7/site-packages/airflow/example_dags/example_external_task_marker_dag.py
[2024-11-01T18:44:42.552+0000] {logging_mixin.py:150} INFO - [2024-11-01T18:44:42.552+0000] {dag.py:2742} INFO - Sync 2 DAGs
[2024-11-01T18:44:42.565+0000] {logging_mixin.py:150} INFO - [2024-11-01T18:44:42.565+0000] {dag.py:3508} INFO - Setting next_dagrun for example_external_task_marker_child to None, run_after=None
[2024-11-01T18:44:42.567+0000] {logging_mixin.py:150} INFO - [2024-11-01T18:44:42.567+0000] {dag.py:3508} INFO - Setting next_dagrun for example_external_task_marker_parent to None, run_after=None
[2024-11-01T18:44:42.587+0000] {processor.py:179} INFO - Processing /home/airflow/.local/lib/python3.7/site-packages/airflow/example_dags/example_external_task_marker_dag.py took 0.054 seconds
[2024-11-01T18:45:13.026+0000] {processor.py:157} INFO - Started process (PID=2868) to work on /home/airflow/.local/lib/python3.7/site-packages/airflow/example_dags/example_external_task_marker_dag.py
[2024-11-01T18:45:13.027+0000] {processor.py:826} INFO - Processing file /home/airflow/.local/lib/python3.7/site-packages/airflow/example_dags/example_external_task_marker_dag.py for tasks to queue
[2024-11-01T18:45:13.027+0000] {logging_mixin.py:150} INFO - [2024-11-01T18:45:13.027+0000] {dagbag.py:541} INFO - Filling up the DagBag from /home/airflow/.local/lib/python3.7/site-packages/airflow/example_dags/example_external_task_marker_dag.py
[2024-11-01T18:45:13.030+0000] {processor.py:836} INFO - DAG(s) dict_keys(['example_external_task_marker_child', 'example_external_task_marker_parent']) retrieved from /home/airflow/.local/lib/python3.7/site-packages/airflow/example_dags/example_external_task_marker_dag.py
[2024-11-01T18:45:13.043+0000] {logging_mixin.py:150} INFO - [2024-11-01T18:45:13.042+0000] {dag.py:2742} INFO - Sync 2 DAGs
[2024-11-01T18:45:13.054+0000] {logging_mixin.py:150} INFO - [2024-11-01T18:45:13.054+0000] {dag.py:3508} INFO - Setting next_dagrun for example_external_task_marker_child to None, run_after=None
[2024-11-01T18:45:13.055+0000] {logging_mixin.py:150} INFO - [2024-11-01T18:45:13.055+0000] {dag.py:3508} INFO - Setting next_dagrun for example_external_task_marker_parent to None, run_after=None
[2024-11-01T18:45:13.062+0000] {processor.py:179} INFO - Processing /home/airflow/.local/lib/python3.7/site-packages/airflow/example_dags/example_external_task_marker_dag.py took 0.038 seconds
[2024-11-01T18:45:43.665+0000] {processor.py:157} INFO - Started process (PID=2926) to work on /home/airflow/.local/lib/python3.7/site-packages/airflow/example_dags/example_external_task_marker_dag.py
[2024-11-01T18:45:43.667+0000] {processor.py:826} INFO - Processing file /home/airflow/.local/lib/python3.7/site-packages/airflow/example_dags/example_external_task_marker_dag.py for tasks to queue
[2024-11-01T18:45:43.668+0000] {logging_mixin.py:150} INFO - [2024-11-01T18:45:43.668+0000] {dagbag.py:541} INFO - Filling up the DagBag from /home/airflow/.local/lib/python3.7/site-packages/airflow/example_dags/example_external_task_marker_dag.py
[2024-11-01T18:45:43.672+0000] {processor.py:836} INFO - DAG(s) dict_keys(['example_external_task_marker_child', 'example_external_task_marker_parent']) retrieved from /home/airflow/.local/lib/python3.7/site-packages/airflow/example_dags/example_external_task_marker_dag.py
[2024-11-01T18:45:43.689+0000] {logging_mixin.py:150} INFO - [2024-11-01T18:45:43.689+0000] {dag.py:2742} INFO - Sync 2 DAGs
[2024-11-01T18:45:43.704+0000] {logging_mixin.py:150} INFO - [2024-11-01T18:45:43.704+0000] {dag.py:3508} INFO - Setting next_dagrun for example_external_task_marker_child to None, run_after=None
[2024-11-01T18:45:43.707+0000] {logging_mixin.py:150} INFO - [2024-11-01T18:45:43.707+0000] {dag.py:3508} INFO - Setting next_dagrun for example_external_task_marker_parent to None, run_after=None
[2024-11-01T18:45:43.720+0000] {processor.py:179} INFO - Processing /home/airflow/.local/lib/python3.7/site-packages/airflow/example_dags/example_external_task_marker_dag.py took 0.057 seconds
[2024-11-01T18:46:14.471+0000] {processor.py:157} INFO - Started process (PID=2987) to work on /home/airflow/.local/lib/python3.7/site-packages/airflow/example_dags/example_external_task_marker_dag.py
[2024-11-01T18:46:14.472+0000] {processor.py:826} INFO - Processing file /home/airflow/.local/lib/python3.7/site-packages/airflow/example_dags/example_external_task_marker_dag.py for tasks to queue
[2024-11-01T18:46:14.473+0000] {logging_mixin.py:150} INFO - [2024-11-01T18:46:14.473+0000] {dagbag.py:541} INFO - Filling up the DagBag from /home/airflow/.local/lib/python3.7/site-packages/airflow/example_dags/example_external_task_marker_dag.py
[2024-11-01T18:46:14.479+0000] {processor.py:836} INFO - DAG(s) dict_keys(['example_external_task_marker_parent', 'example_external_task_marker_child']) retrieved from /home/airflow/.local/lib/python3.7/site-packages/airflow/example_dags/example_external_task_marker_dag.py
[2024-11-01T18:46:14.502+0000] {logging_mixin.py:150} INFO - [2024-11-01T18:46:14.502+0000] {dag.py:2742} INFO - Sync 2 DAGs
[2024-11-01T18:46:14.519+0000] {logging_mixin.py:150} INFO - [2024-11-01T18:46:14.519+0000] {dag.py:3508} INFO - Setting next_dagrun for example_external_task_marker_child to None, run_after=None
[2024-11-01T18:46:14.521+0000] {logging_mixin.py:150} INFO - [2024-11-01T18:46:14.521+0000] {dag.py:3508} INFO - Setting next_dagrun for example_external_task_marker_parent to None, run_after=None
[2024-11-01T18:46:14.532+0000] {processor.py:179} INFO - Processing /home/airflow/.local/lib/python3.7/site-packages/airflow/example_dags/example_external_task_marker_dag.py took 0.064 seconds
[2024-11-01T18:46:47.287+0000] {processor.py:157} INFO - Started process (PID=3049) to work on /home/airflow/.local/lib/python3.7/site-packages/airflow/example_dags/example_external_task_marker_dag.py
[2024-11-01T18:46:47.291+0000] {processor.py:826} INFO - Processing file /home/airflow/.local/lib/python3.7/site-packages/airflow/example_dags/example_external_task_marker_dag.py for tasks to queue
[2024-11-01T18:46:47.292+0000] {logging_mixin.py:150} INFO - [2024-11-01T18:46:47.291+0000] {dagbag.py:541} INFO - Filling up the DagBag from /home/airflow/.local/lib/python3.7/site-packages/airflow/example_dags/example_external_task_marker_dag.py
[2024-11-01T18:46:47.297+0000] {processor.py:836} INFO - DAG(s) dict_keys(['example_external_task_marker_child', 'example_external_task_marker_parent']) retrieved from /home/airflow/.local/lib/python3.7/site-packages/airflow/example_dags/example_external_task_marker_dag.py
[2024-11-01T18:46:47.320+0000] {logging_mixin.py:150} INFO - [2024-11-01T18:46:47.320+0000] {dag.py:2742} INFO - Sync 2 DAGs
[2024-11-01T18:46:47.357+0000] {logging_mixin.py:150} INFO - [2024-11-01T18:46:47.356+0000] {dag.py:3508} INFO - Setting next_dagrun for example_external_task_marker_child to None, run_after=None
[2024-11-01T18:46:47.366+0000] {logging_mixin.py:150} INFO - [2024-11-01T18:46:47.366+0000] {dag.py:3508} INFO - Setting next_dagrun for example_external_task_marker_parent to None, run_after=None
[2024-11-01T18:46:47.403+0000] {processor.py:179} INFO - Processing /home/airflow/.local/lib/python3.7/site-packages/airflow/example_dags/example_external_task_marker_dag.py took 0.140 seconds
[2024-11-01T18:47:17.849+0000] {processor.py:157} INFO - Started process (PID=3110) to work on /home/airflow/.local/lib/python3.7/site-packages/airflow/example_dags/example_external_task_marker_dag.py
[2024-11-01T18:47:17.850+0000] {processor.py:826} INFO - Processing file /home/airflow/.local/lib/python3.7/site-packages/airflow/example_dags/example_external_task_marker_dag.py for tasks to queue
[2024-11-01T18:47:17.850+0000] {logging_mixin.py:150} INFO - [2024-11-01T18:47:17.850+0000] {dagbag.py:541} INFO - Filling up the DagBag from /home/airflow/.local/lib/python3.7/site-packages/airflow/example_dags/example_external_task_marker_dag.py
[2024-11-01T18:47:17.853+0000] {processor.py:836} INFO - DAG(s) dict_keys(['example_external_task_marker_child', 'example_external_task_marker_parent']) retrieved from /home/airflow/.local/lib/python3.7/site-packages/airflow/example_dags/example_external_task_marker_dag.py
[2024-11-01T18:47:17.869+0000] {logging_mixin.py:150} INFO - [2024-11-01T18:47:17.869+0000] {dag.py:2742} INFO - Sync 2 DAGs
[2024-11-01T18:47:17.884+0000] {logging_mixin.py:150} INFO - [2024-11-01T18:47:17.884+0000] {dag.py:3508} INFO - Setting next_dagrun for example_external_task_marker_child to None, run_after=None
[2024-11-01T18:47:17.886+0000] {logging_mixin.py:150} INFO - [2024-11-01T18:47:17.886+0000] {dag.py:3508} INFO - Setting next_dagrun for example_external_task_marker_parent to None, run_after=None
[2024-11-01T18:47:17.893+0000] {processor.py:179} INFO - Processing /home/airflow/.local/lib/python3.7/site-packages/airflow/example_dags/example_external_task_marker_dag.py took 0.046 seconds
[2024-11-01T18:47:48.650+0000] {processor.py:157} INFO - Started process (PID=3173) to work on /home/airflow/.local/lib/python3.7/site-packages/airflow/example_dags/example_external_task_marker_dag.py
[2024-11-01T18:47:48.656+0000] {processor.py:826} INFO - Processing file /home/airflow/.local/lib/python3.7/site-packages/airflow/example_dags/example_external_task_marker_dag.py for tasks to queue
[2024-11-01T18:47:48.659+0000] {logging_mixin.py:150} INFO - [2024-11-01T18:47:48.658+0000] {dagbag.py:541} INFO - Filling up the DagBag from /home/airflow/.local/lib/python3.7/site-packages/airflow/example_dags/example_external_task_marker_dag.py
[2024-11-01T18:47:48.691+0000] {processor.py:836} INFO - DAG(s) dict_keys(['example_external_task_marker_parent', 'example_external_task_marker_child']) retrieved from /home/airflow/.local/lib/python3.7/site-packages/airflow/example_dags/example_external_task_marker_dag.py
[2024-11-01T18:47:48.834+0000] {logging_mixin.py:150} INFO - [2024-11-01T18:47:48.834+0000] {dag.py:2742} INFO - Sync 2 DAGs
[2024-11-01T18:47:48.888+0000] {logging_mixin.py:150} INFO - [2024-11-01T18:47:48.888+0000] {dag.py:3508} INFO - Setting next_dagrun for example_external_task_marker_child to None, run_after=None
[2024-11-01T18:47:48.893+0000] {logging_mixin.py:150} INFO - [2024-11-01T18:47:48.892+0000] {dag.py:3508} INFO - Setting next_dagrun for example_external_task_marker_parent to None, run_after=None
[2024-11-01T18:47:48.914+0000] {processor.py:179} INFO - Processing /home/airflow/.local/lib/python3.7/site-packages/airflow/example_dags/example_external_task_marker_dag.py took 0.278 seconds
[2024-11-01T18:48:19.497+0000] {processor.py:157} INFO - Started process (PID=3235) to work on /home/airflow/.local/lib/python3.7/site-packages/airflow/example_dags/example_external_task_marker_dag.py
[2024-11-01T18:48:19.499+0000] {processor.py:826} INFO - Processing file /home/airflow/.local/lib/python3.7/site-packages/airflow/example_dags/example_external_task_marker_dag.py for tasks to queue
[2024-11-01T18:48:19.501+0000] {logging_mixin.py:150} INFO - [2024-11-01T18:48:19.500+0000] {dagbag.py:541} INFO - Filling up the DagBag from /home/airflow/.local/lib/python3.7/site-packages/airflow/example_dags/example_external_task_marker_dag.py
[2024-11-01T18:48:19.515+0000] {processor.py:836} INFO - DAG(s) dict_keys(['example_external_task_marker_parent', 'example_external_task_marker_child']) retrieved from /home/airflow/.local/lib/python3.7/site-packages/airflow/example_dags/example_external_task_marker_dag.py
[2024-11-01T18:48:19.576+0000] {logging_mixin.py:150} INFO - [2024-11-01T18:48:19.576+0000] {dag.py:2742} INFO - Sync 2 DAGs
[2024-11-01T18:48:19.595+0000] {logging_mixin.py:150} INFO - [2024-11-01T18:48:19.595+0000] {dag.py:3508} INFO - Setting next_dagrun for example_external_task_marker_child to None, run_after=None
[2024-11-01T18:48:19.597+0000] {logging_mixin.py:150} INFO - [2024-11-01T18:48:19.597+0000] {dag.py:3508} INFO - Setting next_dagrun for example_external_task_marker_parent to None, run_after=None
[2024-11-01T18:48:19.608+0000] {processor.py:179} INFO - Processing /home/airflow/.local/lib/python3.7/site-packages/airflow/example_dags/example_external_task_marker_dag.py took 0.127 seconds
[2024-11-01T18:48:49.731+0000] {processor.py:157} INFO - Started process (PID=3297) to work on /home/airflow/.local/lib/python3.7/site-packages/airflow/example_dags/example_external_task_marker_dag.py
[2024-11-01T18:48:49.732+0000] {processor.py:826} INFO - Processing file /home/airflow/.local/lib/python3.7/site-packages/airflow/example_dags/example_external_task_marker_dag.py for tasks to queue
[2024-11-01T18:48:49.732+0000] {logging_mixin.py:150} INFO - [2024-11-01T18:48:49.732+0000] {dagbag.py:541} INFO - Filling up the DagBag from /home/airflow/.local/lib/python3.7/site-packages/airflow/example_dags/example_external_task_marker_dag.py
[2024-11-01T18:48:49.740+0000] {processor.py:836} INFO - DAG(s) dict_keys(['example_external_task_marker_child', 'example_external_task_marker_parent']) retrieved from /home/airflow/.local/lib/python3.7/site-packages/airflow/example_dags/example_external_task_marker_dag.py
[2024-11-01T18:48:49.759+0000] {logging_mixin.py:150} INFO - [2024-11-01T18:48:49.759+0000] {dag.py:2742} INFO - Sync 2 DAGs
[2024-11-01T18:48:49.771+0000] {logging_mixin.py:150} INFO - [2024-11-01T18:48:49.771+0000] {dag.py:3508} INFO - Setting next_dagrun for example_external_task_marker_child to None, run_after=None
[2024-11-01T18:48:49.773+0000] {logging_mixin.py:150} INFO - [2024-11-01T18:48:49.773+0000] {dag.py:3508} INFO - Setting next_dagrun for example_external_task_marker_parent to None, run_after=None
[2024-11-01T18:48:49.780+0000] {processor.py:179} INFO - Processing /home/airflow/.local/lib/python3.7/site-packages/airflow/example_dags/example_external_task_marker_dag.py took 0.052 seconds
[2024-11-01T18:49:20.542+0000] {processor.py:157} INFO - Started process (PID=3359) to work on /home/airflow/.local/lib/python3.7/site-packages/airflow/example_dags/example_external_task_marker_dag.py
[2024-11-01T18:49:20.543+0000] {processor.py:826} INFO - Processing file /home/airflow/.local/lib/python3.7/site-packages/airflow/example_dags/example_external_task_marker_dag.py for tasks to queue
[2024-11-01T18:49:20.544+0000] {logging_mixin.py:150} INFO - [2024-11-01T18:49:20.544+0000] {dagbag.py:541} INFO - Filling up the DagBag from /home/airflow/.local/lib/python3.7/site-packages/airflow/example_dags/example_external_task_marker_dag.py
[2024-11-01T18:49:20.552+0000] {processor.py:836} INFO - DAG(s) dict_keys(['example_external_task_marker_child', 'example_external_task_marker_parent']) retrieved from /home/airflow/.local/lib/python3.7/site-packages/airflow/example_dags/example_external_task_marker_dag.py
[2024-11-01T18:49:20.596+0000] {logging_mixin.py:150} INFO - [2024-11-01T18:49:20.596+0000] {dag.py:2742} INFO - Sync 2 DAGs
[2024-11-01T18:49:20.617+0000] {logging_mixin.py:150} INFO - [2024-11-01T18:49:20.617+0000] {dag.py:3508} INFO - Setting next_dagrun for example_external_task_marker_child to None, run_after=None
[2024-11-01T18:49:20.619+0000] {logging_mixin.py:150} INFO - [2024-11-01T18:49:20.619+0000] {dag.py:3508} INFO - Setting next_dagrun for example_external_task_marker_parent to None, run_after=None
[2024-11-01T18:49:20.632+0000] {processor.py:179} INFO - Processing /home/airflow/.local/lib/python3.7/site-packages/airflow/example_dags/example_external_task_marker_dag.py took 0.093 seconds
[2024-11-01T18:49:51.087+0000] {processor.py:157} INFO - Started process (PID=3421) to work on /home/airflow/.local/lib/python3.7/site-packages/airflow/example_dags/example_external_task_marker_dag.py
[2024-11-01T18:49:51.088+0000] {processor.py:826} INFO - Processing file /home/airflow/.local/lib/python3.7/site-packages/airflow/example_dags/example_external_task_marker_dag.py for tasks to queue
[2024-11-01T18:49:51.089+0000] {logging_mixin.py:150} INFO - [2024-11-01T18:49:51.089+0000] {dagbag.py:541} INFO - Filling up the DagBag from /home/airflow/.local/lib/python3.7/site-packages/airflow/example_dags/example_external_task_marker_dag.py
[2024-11-01T18:49:51.093+0000] {processor.py:836} INFO - DAG(s) dict_keys(['example_external_task_marker_child', 'example_external_task_marker_parent']) retrieved from /home/airflow/.local/lib/python3.7/site-packages/airflow/example_dags/example_external_task_marker_dag.py
[2024-11-01T18:49:51.114+0000] {logging_mixin.py:150} INFO - [2024-11-01T18:49:51.114+0000] {dag.py:2742} INFO - Sync 2 DAGs
[2024-11-01T18:49:51.128+0000] {logging_mixin.py:150} INFO - [2024-11-01T18:49:51.128+0000] {dag.py:3508} INFO - Setting next_dagrun for example_external_task_marker_child to None, run_after=None
[2024-11-01T18:49:51.133+0000] {logging_mixin.py:150} INFO - [2024-11-01T18:49:51.133+0000] {dag.py:3508} INFO - Setting next_dagrun for example_external_task_marker_parent to None, run_after=None
[2024-11-01T18:49:51.146+0000] {processor.py:179} INFO - Processing /home/airflow/.local/lib/python3.7/site-packages/airflow/example_dags/example_external_task_marker_dag.py took 0.062 seconds
[2024-11-01T18:50:21.730+0000] {processor.py:157} INFO - Started process (PID=3483) to work on /home/airflow/.local/lib/python3.7/site-packages/airflow/example_dags/example_external_task_marker_dag.py
[2024-11-01T18:50:21.731+0000] {processor.py:826} INFO - Processing file /home/airflow/.local/lib/python3.7/site-packages/airflow/example_dags/example_external_task_marker_dag.py for tasks to queue
[2024-11-01T18:50:21.732+0000] {logging_mixin.py:150} INFO - [2024-11-01T18:50:21.732+0000] {dagbag.py:541} INFO - Filling up the DagBag from /home/airflow/.local/lib/python3.7/site-packages/airflow/example_dags/example_external_task_marker_dag.py
[2024-11-01T18:50:21.738+0000] {processor.py:836} INFO - DAG(s) dict_keys(['example_external_task_marker_parent', 'example_external_task_marker_child']) retrieved from /home/airflow/.local/lib/python3.7/site-packages/airflow/example_dags/example_external_task_marker_dag.py
[2024-11-01T18:50:21.763+0000] {logging_mixin.py:150} INFO - [2024-11-01T18:50:21.763+0000] {dag.py:2742} INFO - Sync 2 DAGs
[2024-11-01T18:50:21.783+0000] {logging_mixin.py:150} INFO - [2024-11-01T18:50:21.783+0000] {dag.py:3508} INFO - Setting next_dagrun for example_external_task_marker_child to None, run_after=None
[2024-11-01T18:50:21.787+0000] {logging_mixin.py:150} INFO - [2024-11-01T18:50:21.787+0000] {dag.py:3508} INFO - Setting next_dagrun for example_external_task_marker_parent to None, run_after=None
[2024-11-01T18:50:21.804+0000] {processor.py:179} INFO - Processing /home/airflow/.local/lib/python3.7/site-packages/airflow/example_dags/example_external_task_marker_dag.py took 0.076 seconds
[2024-11-01T18:50:52.677+0000] {processor.py:157} INFO - Started process (PID=3545) to work on /home/airflow/.local/lib/python3.7/site-packages/airflow/example_dags/example_external_task_marker_dag.py
[2024-11-01T18:50:52.678+0000] {processor.py:826} INFO - Processing file /home/airflow/.local/lib/python3.7/site-packages/airflow/example_dags/example_external_task_marker_dag.py for tasks to queue
[2024-11-01T18:50:52.678+0000] {logging_mixin.py:150} INFO - [2024-11-01T18:50:52.678+0000] {dagbag.py:541} INFO - Filling up the DagBag from /home/airflow/.local/lib/python3.7/site-packages/airflow/example_dags/example_external_task_marker_dag.py
[2024-11-01T18:50:52.683+0000] {processor.py:836} INFO - DAG(s) dict_keys(['example_external_task_marker_parent', 'example_external_task_marker_child']) retrieved from /home/airflow/.local/lib/python3.7/site-packages/airflow/example_dags/example_external_task_marker_dag.py
[2024-11-01T18:50:52.702+0000] {logging_mixin.py:150} INFO - [2024-11-01T18:50:52.702+0000] {dag.py:2742} INFO - Sync 2 DAGs
[2024-11-01T18:50:52.722+0000] {logging_mixin.py:150} INFO - [2024-11-01T18:50:52.722+0000] {dag.py:3508} INFO - Setting next_dagrun for example_external_task_marker_child to None, run_after=None
[2024-11-01T18:50:52.725+0000] {logging_mixin.py:150} INFO - [2024-11-01T18:50:52.725+0000] {dag.py:3508} INFO - Setting next_dagrun for example_external_task_marker_parent to None, run_after=None
[2024-11-01T18:50:52.744+0000] {processor.py:179} INFO - Processing /home/airflow/.local/lib/python3.7/site-packages/airflow/example_dags/example_external_task_marker_dag.py took 0.069 seconds
[2024-11-01T18:51:23.992+0000] {processor.py:157} INFO - Started process (PID=3607) to work on /home/airflow/.local/lib/python3.7/site-packages/airflow/example_dags/example_external_task_marker_dag.py
[2024-11-01T18:51:23.993+0000] {processor.py:826} INFO - Processing file /home/airflow/.local/lib/python3.7/site-packages/airflow/example_dags/example_external_task_marker_dag.py for tasks to queue
[2024-11-01T18:51:23.993+0000] {logging_mixin.py:150} INFO - [2024-11-01T18:51:23.993+0000] {dagbag.py:541} INFO - Filling up the DagBag from /home/airflow/.local/lib/python3.7/site-packages/airflow/example_dags/example_external_task_marker_dag.py
[2024-11-01T18:51:24.002+0000] {processor.py:836} INFO - DAG(s) dict_keys(['example_external_task_marker_child', 'example_external_task_marker_parent']) retrieved from /home/airflow/.local/lib/python3.7/site-packages/airflow/example_dags/example_external_task_marker_dag.py
[2024-11-01T18:51:24.018+0000] {logging_mixin.py:150} INFO - [2024-11-01T18:51:24.018+0000] {dag.py:2742} INFO - Sync 2 DAGs
[2024-11-01T18:51:24.039+0000] {logging_mixin.py:150} INFO - [2024-11-01T18:51:24.039+0000] {dag.py:3508} INFO - Setting next_dagrun for example_external_task_marker_child to None, run_after=None
[2024-11-01T18:51:24.046+0000] {logging_mixin.py:150} INFO - [2024-11-01T18:51:24.046+0000] {dag.py:3508} INFO - Setting next_dagrun for example_external_task_marker_parent to None, run_after=None
[2024-11-01T18:51:24.063+0000] {processor.py:179} INFO - Processing /home/airflow/.local/lib/python3.7/site-packages/airflow/example_dags/example_external_task_marker_dag.py took 0.074 seconds
[2024-11-01T18:51:54.931+0000] {processor.py:157} INFO - Started process (PID=3669) to work on /home/airflow/.local/lib/python3.7/site-packages/airflow/example_dags/example_external_task_marker_dag.py
[2024-11-01T18:51:54.932+0000] {processor.py:826} INFO - Processing file /home/airflow/.local/lib/python3.7/site-packages/airflow/example_dags/example_external_task_marker_dag.py for tasks to queue
[2024-11-01T18:51:54.932+0000] {logging_mixin.py:150} INFO - [2024-11-01T18:51:54.932+0000] {dagbag.py:541} INFO - Filling up the DagBag from /home/airflow/.local/lib/python3.7/site-packages/airflow/example_dags/example_external_task_marker_dag.py
[2024-11-01T18:51:54.936+0000] {processor.py:836} INFO - DAG(s) dict_keys(['example_external_task_marker_parent', 'example_external_task_marker_child']) retrieved from /home/airflow/.local/lib/python3.7/site-packages/airflow/example_dags/example_external_task_marker_dag.py
[2024-11-01T18:51:54.961+0000] {logging_mixin.py:150} INFO - [2024-11-01T18:51:54.961+0000] {dag.py:2742} INFO - Sync 2 DAGs
[2024-11-01T18:51:54.977+0000] {logging_mixin.py:150} INFO - [2024-11-01T18:51:54.977+0000] {dag.py:3508} INFO - Setting next_dagrun for example_external_task_marker_child to None, run_after=None
[2024-11-01T18:51:54.981+0000] {logging_mixin.py:150} INFO - [2024-11-01T18:51:54.981+0000] {dag.py:3508} INFO - Setting next_dagrun for example_external_task_marker_parent to None, run_after=None
[2024-11-01T18:51:54.994+0000] {processor.py:179} INFO - Processing /home/airflow/.local/lib/python3.7/site-packages/airflow/example_dags/example_external_task_marker_dag.py took 0.068 seconds
[2024-11-01T18:52:25.086+0000] {processor.py:157} INFO - Started process (PID=3731) to work on /home/airflow/.local/lib/python3.7/site-packages/airflow/example_dags/example_external_task_marker_dag.py
[2024-11-01T18:52:25.087+0000] {processor.py:826} INFO - Processing file /home/airflow/.local/lib/python3.7/site-packages/airflow/example_dags/example_external_task_marker_dag.py for tasks to queue
[2024-11-01T18:52:25.087+0000] {logging_mixin.py:150} INFO - [2024-11-01T18:52:25.087+0000] {dagbag.py:541} INFO - Filling up the DagBag from /home/airflow/.local/lib/python3.7/site-packages/airflow/example_dags/example_external_task_marker_dag.py
[2024-11-01T18:52:25.091+0000] {processor.py:836} INFO - DAG(s) dict_keys(['example_external_task_marker_parent', 'example_external_task_marker_child']) retrieved from /home/airflow/.local/lib/python3.7/site-packages/airflow/example_dags/example_external_task_marker_dag.py
[2024-11-01T18:52:25.105+0000] {logging_mixin.py:150} INFO - [2024-11-01T18:52:25.105+0000] {dag.py:2742} INFO - Sync 2 DAGs
[2024-11-01T18:52:25.118+0000] {logging_mixin.py:150} INFO - [2024-11-01T18:52:25.118+0000] {dag.py:3508} INFO - Setting next_dagrun for example_external_task_marker_child to None, run_after=None
[2024-11-01T18:52:25.123+0000] {logging_mixin.py:150} INFO - [2024-11-01T18:52:25.123+0000] {dag.py:3508} INFO - Setting next_dagrun for example_external_task_marker_parent to None, run_after=None
[2024-11-01T18:52:25.137+0000] {processor.py:179} INFO - Processing /home/airflow/.local/lib/python3.7/site-packages/airflow/example_dags/example_external_task_marker_dag.py took 0.052 seconds
