[2024-11-01T18:12:04.858+0000] {processor.py:157} INFO - Started process (PID=68) to work on /home/airflow/.local/lib/python3.7/site-packages/airflow/example_dags/example_task_group_decorator.py
[2024-11-01T18:12:04.859+0000] {processor.py:826} INFO - Processing file /home/airflow/.local/lib/python3.7/site-packages/airflow/example_dags/example_task_group_decorator.py for tasks to queue
[2024-11-01T18:12:04.859+0000] {logging_mixin.py:150} INFO - [2024-11-01T18:12:04.859+0000] {dagbag.py:541} INFO - Filling up the DagBag from /home/airflow/.local/lib/python3.7/site-packages/airflow/example_dags/example_task_group_decorator.py
[2024-11-01T18:12:04.875+0000] {processor.py:836} INFO - DAG(s) dict_keys(['example_task_group_decorator']) retrieved from /home/airflow/.local/lib/python3.7/site-packages/airflow/example_dags/example_task_group_decorator.py
[2024-11-01T18:12:04.910+0000] {logging_mixin.py:150} INFO - [2024-11-01T18:12:04.910+0000] {dag.py:2742} INFO - Sync 1 DAGs
[2024-11-01T18:12:04.927+0000] {logging_mixin.py:150} INFO - [2024-11-01T18:12:04.927+0000] {dag.py:3508} INFO - Setting next_dagrun for example_task_group_decorator to 2024-10-31T18:12:04.927203+00:00, run_after=2024-11-01T18:12:04.927203+00:00
[2024-11-01T18:12:04.940+0000] {processor.py:179} INFO - Processing /home/airflow/.local/lib/python3.7/site-packages/airflow/example_dags/example_task_group_decorator.py took 0.085 seconds
[2024-11-01T18:12:38.678+0000] {processor.py:157} INFO - Started process (PID=129) to work on /home/airflow/.local/lib/python3.7/site-packages/airflow/example_dags/example_task_group_decorator.py
[2024-11-01T18:12:38.680+0000] {processor.py:826} INFO - Processing file /home/airflow/.local/lib/python3.7/site-packages/airflow/example_dags/example_task_group_decorator.py for tasks to queue
[2024-11-01T18:12:38.681+0000] {logging_mixin.py:150} INFO - [2024-11-01T18:12:38.681+0000] {dagbag.py:541} INFO - Filling up the DagBag from /home/airflow/.local/lib/python3.7/site-packages/airflow/example_dags/example_task_group_decorator.py
[2024-11-01T18:12:38.697+0000] {processor.py:836} INFO - DAG(s) dict_keys(['example_task_group_decorator']) retrieved from /home/airflow/.local/lib/python3.7/site-packages/airflow/example_dags/example_task_group_decorator.py
[2024-11-01T18:12:38.731+0000] {logging_mixin.py:150} INFO - [2024-11-01T18:12:38.731+0000] {dag.py:2742} INFO - Sync 1 DAGs
[2024-11-01T18:12:38.755+0000] {logging_mixin.py:150} INFO - [2024-11-01T18:12:38.755+0000] {dag.py:3508} INFO - Setting next_dagrun for example_task_group_decorator to 2024-10-31T18:12:38.755305+00:00, run_after=2024-11-01T18:12:38.755305+00:00
[2024-11-01T18:12:38.768+0000] {processor.py:179} INFO - Processing /home/airflow/.local/lib/python3.7/site-packages/airflow/example_dags/example_task_group_decorator.py took 0.092 seconds
[2024-11-01T18:13:09.632+0000] {processor.py:157} INFO - Started process (PID=191) to work on /home/airflow/.local/lib/python3.7/site-packages/airflow/example_dags/example_task_group_decorator.py
[2024-11-01T18:13:09.636+0000] {processor.py:826} INFO - Processing file /home/airflow/.local/lib/python3.7/site-packages/airflow/example_dags/example_task_group_decorator.py for tasks to queue
[2024-11-01T18:13:09.636+0000] {logging_mixin.py:150} INFO - [2024-11-01T18:13:09.636+0000] {dagbag.py:541} INFO - Filling up the DagBag from /home/airflow/.local/lib/python3.7/site-packages/airflow/example_dags/example_task_group_decorator.py
[2024-11-01T18:13:09.644+0000] {processor.py:836} INFO - DAG(s) dict_keys(['example_task_group_decorator']) retrieved from /home/airflow/.local/lib/python3.7/site-packages/airflow/example_dags/example_task_group_decorator.py
[2024-11-01T18:13:09.669+0000] {logging_mixin.py:150} INFO - [2024-11-01T18:13:09.669+0000] {dag.py:2742} INFO - Sync 1 DAGs
[2024-11-01T18:13:09.685+0000] {logging_mixin.py:150} INFO - [2024-11-01T18:13:09.685+0000] {dag.py:3508} INFO - Setting next_dagrun for example_task_group_decorator to 2024-10-31T18:13:09.684773+00:00, run_after=2024-11-01T18:13:09.684773+00:00
[2024-11-01T18:13:09.696+0000] {processor.py:179} INFO - Processing /home/airflow/.local/lib/python3.7/site-packages/airflow/example_dags/example_task_group_decorator.py took 0.066 seconds
[2024-11-01T18:16:03.552+0000] {processor.py:157} INFO - Started process (PID=278) to work on /home/airflow/.local/lib/python3.7/site-packages/airflow/example_dags/example_task_group_decorator.py
[2024-11-01T18:16:03.578+0000] {processor.py:826} INFO - Processing file /home/airflow/.local/lib/python3.7/site-packages/airflow/example_dags/example_task_group_decorator.py for tasks to queue
[2024-11-01T18:16:03.582+0000] {logging_mixin.py:150} INFO - [2024-11-01T18:16:03.581+0000] {dagbag.py:541} INFO - Filling up the DagBag from /home/airflow/.local/lib/python3.7/site-packages/airflow/example_dags/example_task_group_decorator.py
[2024-11-01T18:16:03.944+0000] {processor.py:836} INFO - DAG(s) dict_keys(['example_task_group_decorator']) retrieved from /home/airflow/.local/lib/python3.7/site-packages/airflow/example_dags/example_task_group_decorator.py
[2024-11-01T18:16:07.573+0000] {logging_mixin.py:150} INFO - [2024-11-01T18:16:07.535+0000] {dag.py:2742} INFO - Sync 1 DAGs
[2024-11-01T18:16:08.016+0000] {logging_mixin.py:150} INFO - [2024-11-01T18:16:08.015+0000] {dag.py:3508} INFO - Setting next_dagrun for example_task_group_decorator to 2024-10-31T18:16:08.002100+00:00, run_after=2024-11-01T18:16:08.002100+00:00
[2024-11-01T18:16:08.140+0000] {processor.py:179} INFO - Processing /home/airflow/.local/lib/python3.7/site-packages/airflow/example_dags/example_task_group_decorator.py took 4.611 seconds
[2024-11-01T18:17:37.699+0000] {processor.py:157} INFO - Started process (PID=345) to work on /home/airflow/.local/lib/python3.7/site-packages/airflow/example_dags/example_task_group_decorator.py
[2024-11-01T18:17:37.719+0000] {processor.py:826} INFO - Processing file /home/airflow/.local/lib/python3.7/site-packages/airflow/example_dags/example_task_group_decorator.py for tasks to queue
[2024-11-01T18:17:37.734+0000] {logging_mixin.py:150} INFO - [2024-11-01T18:17:37.733+0000] {dagbag.py:541} INFO - Filling up the DagBag from /home/airflow/.local/lib/python3.7/site-packages/airflow/example_dags/example_task_group_decorator.py
[2024-11-01T18:17:37.830+0000] {processor.py:836} INFO - DAG(s) dict_keys(['example_task_group_decorator']) retrieved from /home/airflow/.local/lib/python3.7/site-packages/airflow/example_dags/example_task_group_decorator.py
[2024-11-01T18:17:38.056+0000] {logging_mixin.py:150} INFO - [2024-11-01T18:17:38.054+0000] {dag.py:2742} INFO - Sync 1 DAGs
[2024-11-01T18:17:38.276+0000] {logging_mixin.py:150} INFO - [2024-11-01T18:17:38.275+0000] {dag.py:3508} INFO - Setting next_dagrun for example_task_group_decorator to 2024-10-31T18:17:38.271906+00:00, run_after=2024-11-01T18:17:38.271906+00:00
[2024-11-01T18:17:38.513+0000] {processor.py:179} INFO - Processing /home/airflow/.local/lib/python3.7/site-packages/airflow/example_dags/example_task_group_decorator.py took 0.882 seconds
[2024-11-01T18:18:40.678+0000] {processor.py:157} INFO - Started process (PID=437) to work on /home/airflow/.local/lib/python3.7/site-packages/airflow/example_dags/example_task_group_decorator.py
[2024-11-01T18:18:40.692+0000] {processor.py:826} INFO - Processing file /home/airflow/.local/lib/python3.7/site-packages/airflow/example_dags/example_task_group_decorator.py for tasks to queue
[2024-11-01T18:18:40.706+0000] {logging_mixin.py:150} INFO - [2024-11-01T18:18:40.705+0000] {dagbag.py:541} INFO - Filling up the DagBag from /home/airflow/.local/lib/python3.7/site-packages/airflow/example_dags/example_task_group_decorator.py
[2024-11-01T18:18:40.795+0000] {processor.py:836} INFO - DAG(s) dict_keys(['example_task_group_decorator']) retrieved from /home/airflow/.local/lib/python3.7/site-packages/airflow/example_dags/example_task_group_decorator.py
[2024-11-01T18:18:41.064+0000] {logging_mixin.py:150} INFO - [2024-11-01T18:18:41.062+0000] {dag.py:2742} INFO - Sync 1 DAGs
[2024-11-01T18:18:41.161+0000] {logging_mixin.py:150} INFO - [2024-11-01T18:18:41.160+0000] {dag.py:3508} INFO - Setting next_dagrun for example_task_group_decorator to 2024-10-31T18:18:41.157148+00:00, run_after=2024-11-01T18:18:41.157148+00:00
[2024-11-01T18:18:41.257+0000] {processor.py:179} INFO - Processing /home/airflow/.local/lib/python3.7/site-packages/airflow/example_dags/example_task_group_decorator.py took 0.604 seconds
[2024-11-01T18:19:21.857+0000] {processor.py:157} INFO - Started process (PID=498) to work on /home/airflow/.local/lib/python3.7/site-packages/airflow/example_dags/example_task_group_decorator.py
[2024-11-01T18:19:21.868+0000] {processor.py:826} INFO - Processing file /home/airflow/.local/lib/python3.7/site-packages/airflow/example_dags/example_task_group_decorator.py for tasks to queue
[2024-11-01T18:19:21.890+0000] {logging_mixin.py:150} INFO - [2024-11-01T18:19:21.887+0000] {dagbag.py:541} INFO - Filling up the DagBag from /home/airflow/.local/lib/python3.7/site-packages/airflow/example_dags/example_task_group_decorator.py
[2024-11-01T18:19:21.942+0000] {processor.py:836} INFO - DAG(s) dict_keys(['example_task_group_decorator']) retrieved from /home/airflow/.local/lib/python3.7/site-packages/airflow/example_dags/example_task_group_decorator.py
[2024-11-01T18:19:22.089+0000] {logging_mixin.py:150} INFO - [2024-11-01T18:19:22.089+0000] {dag.py:2742} INFO - Sync 1 DAGs
[2024-11-01T18:19:22.190+0000] {logging_mixin.py:150} INFO - [2024-11-01T18:19:22.189+0000] {dag.py:3508} INFO - Setting next_dagrun for example_task_group_decorator to 2024-10-31T18:19:22.184235+00:00, run_after=2024-11-01T18:19:22.184235+00:00
[2024-11-01T18:19:22.254+0000] {processor.py:179} INFO - Processing /home/airflow/.local/lib/python3.7/site-packages/airflow/example_dags/example_task_group_decorator.py took 0.456 seconds
[2024-11-01T18:20:03.564+0000] {processor.py:157} INFO - Started process (PID=560) to work on /home/airflow/.local/lib/python3.7/site-packages/airflow/example_dags/example_task_group_decorator.py
[2024-11-01T18:20:03.590+0000] {processor.py:826} INFO - Processing file /home/airflow/.local/lib/python3.7/site-packages/airflow/example_dags/example_task_group_decorator.py for tasks to queue
[2024-11-01T18:20:03.600+0000] {logging_mixin.py:150} INFO - [2024-11-01T18:20:03.597+0000] {dagbag.py:541} INFO - Filling up the DagBag from /home/airflow/.local/lib/python3.7/site-packages/airflow/example_dags/example_task_group_decorator.py
[2024-11-01T18:20:03.835+0000] {processor.py:836} INFO - DAG(s) dict_keys(['example_task_group_decorator']) retrieved from /home/airflow/.local/lib/python3.7/site-packages/airflow/example_dags/example_task_group_decorator.py
[2024-11-01T18:20:04.337+0000] {logging_mixin.py:150} INFO - [2024-11-01T18:20:04.336+0000] {dag.py:2742} INFO - Sync 1 DAGs
[2024-11-01T18:20:05.393+0000] {logging_mixin.py:150} INFO - [2024-11-01T18:20:05.392+0000] {dag.py:3508} INFO - Setting next_dagrun for example_task_group_decorator to 2024-10-31T18:20:05.374009+00:00, run_after=2024-11-01T18:20:05.374009+00:00
[2024-11-01T18:20:05.714+0000] {processor.py:179} INFO - Processing /home/airflow/.local/lib/python3.7/site-packages/airflow/example_dags/example_task_group_decorator.py took 2.196 seconds
[2024-11-01T18:20:51.356+0000] {processor.py:157} INFO - Started process (PID=645) to work on /home/airflow/.local/lib/python3.7/site-packages/airflow/example_dags/example_task_group_decorator.py
[2024-11-01T18:20:51.393+0000] {processor.py:826} INFO - Processing file /home/airflow/.local/lib/python3.7/site-packages/airflow/example_dags/example_task_group_decorator.py for tasks to queue
[2024-11-01T18:20:51.408+0000] {logging_mixin.py:150} INFO - [2024-11-01T18:20:51.400+0000] {dagbag.py:541} INFO - Filling up the DagBag from /home/airflow/.local/lib/python3.7/site-packages/airflow/example_dags/example_task_group_decorator.py
[2024-11-01T18:20:51.727+0000] {processor.py:836} INFO - DAG(s) dict_keys(['example_task_group_decorator']) retrieved from /home/airflow/.local/lib/python3.7/site-packages/airflow/example_dags/example_task_group_decorator.py
[2024-11-01T18:20:52.121+0000] {logging_mixin.py:150} INFO - [2024-11-01T18:20:52.119+0000] {dag.py:2742} INFO - Sync 1 DAGs
[2024-11-01T18:20:52.309+0000] {logging_mixin.py:150} INFO - [2024-11-01T18:20:52.309+0000] {dag.py:3508} INFO - Setting next_dagrun for example_task_group_decorator to 2024-10-31T18:20:52.308733+00:00, run_after=2024-11-01T18:20:52.308733+00:00
[2024-11-01T18:20:52.421+0000] {processor.py:179} INFO - Processing /home/airflow/.local/lib/python3.7/site-packages/airflow/example_dags/example_task_group_decorator.py took 1.141 seconds
[2024-11-01T18:23:47.952+0000] {processor.py:157} INFO - Started process (PID=730) to work on /home/airflow/.local/lib/python3.7/site-packages/airflow/example_dags/example_task_group_decorator.py
[2024-11-01T18:23:47.978+0000] {processor.py:826} INFO - Processing file /home/airflow/.local/lib/python3.7/site-packages/airflow/example_dags/example_task_group_decorator.py for tasks to queue
[2024-11-01T18:23:47.992+0000] {logging_mixin.py:150} INFO - [2024-11-01T18:23:47.987+0000] {dagbag.py:541} INFO - Filling up the DagBag from /home/airflow/.local/lib/python3.7/site-packages/airflow/example_dags/example_task_group_decorator.py
[2024-11-01T18:23:48.229+0000] {processor.py:836} INFO - DAG(s) dict_keys(['example_task_group_decorator']) retrieved from /home/airflow/.local/lib/python3.7/site-packages/airflow/example_dags/example_task_group_decorator.py
[2024-11-01T18:23:48.397+0000] {logging_mixin.py:150} INFO - [2024-11-01T18:23:48.397+0000] {dag.py:2742} INFO - Sync 1 DAGs
[2024-11-01T18:23:48.437+0000] {logging_mixin.py:150} INFO - [2024-11-01T18:23:48.436+0000] {dag.py:3508} INFO - Setting next_dagrun for example_task_group_decorator to 2024-10-31T18:23:48.428422+00:00, run_after=2024-11-01T18:23:48.428422+00:00
[2024-11-01T18:23:48.554+0000] {processor.py:179} INFO - Processing /home/airflow/.local/lib/python3.7/site-packages/airflow/example_dags/example_task_group_decorator.py took 0.627 seconds
[2024-11-01T18:24:41.538+0000] {processor.py:157} INFO - Started process (PID=798) to work on /home/airflow/.local/lib/python3.7/site-packages/airflow/example_dags/example_task_group_decorator.py
[2024-11-01T18:24:41.553+0000] {processor.py:826} INFO - Processing file /home/airflow/.local/lib/python3.7/site-packages/airflow/example_dags/example_task_group_decorator.py for tasks to queue
[2024-11-01T18:24:41.570+0000] {logging_mixin.py:150} INFO - [2024-11-01T18:24:41.566+0000] {dagbag.py:541} INFO - Filling up the DagBag from /home/airflow/.local/lib/python3.7/site-packages/airflow/example_dags/example_task_group_decorator.py
[2024-11-01T18:24:41.780+0000] {processor.py:836} INFO - DAG(s) dict_keys(['example_task_group_decorator']) retrieved from /home/airflow/.local/lib/python3.7/site-packages/airflow/example_dags/example_task_group_decorator.py
[2024-11-01T18:24:42.016+0000] {logging_mixin.py:150} INFO - [2024-11-01T18:24:42.013+0000] {dag.py:2742} INFO - Sync 1 DAGs
[2024-11-01T18:24:42.231+0000] {logging_mixin.py:150} INFO - [2024-11-01T18:24:42.229+0000] {dag.py:3508} INFO - Setting next_dagrun for example_task_group_decorator to 2024-10-31T18:24:42.225931+00:00, run_after=2024-11-01T18:24:42.225931+00:00
[2024-11-01T18:24:42.438+0000] {processor.py:179} INFO - Processing /home/airflow/.local/lib/python3.7/site-packages/airflow/example_dags/example_task_group_decorator.py took 0.950 seconds
[2024-11-01T18:25:44.742+0000] {processor.py:157} INFO - Started process (PID=850) to work on /home/airflow/.local/lib/python3.7/site-packages/airflow/example_dags/example_task_group_decorator.py
[2024-11-01T18:25:44.756+0000] {processor.py:826} INFO - Processing file /home/airflow/.local/lib/python3.7/site-packages/airflow/example_dags/example_task_group_decorator.py for tasks to queue
[2024-11-01T18:25:44.763+0000] {logging_mixin.py:150} INFO - [2024-11-01T18:25:44.761+0000] {dagbag.py:541} INFO - Filling up the DagBag from /home/airflow/.local/lib/python3.7/site-packages/airflow/example_dags/example_task_group_decorator.py
[2024-11-01T18:25:44.899+0000] {processor.py:836} INFO - DAG(s) dict_keys(['example_task_group_decorator']) retrieved from /home/airflow/.local/lib/python3.7/site-packages/airflow/example_dags/example_task_group_decorator.py
[2024-11-01T18:25:45.090+0000] {logging_mixin.py:150} INFO - [2024-11-01T18:25:45.089+0000] {dag.py:2742} INFO - Sync 1 DAGs
[2024-11-01T18:25:45.146+0000] {logging_mixin.py:150} INFO - [2024-11-01T18:25:45.145+0000] {dag.py:3508} INFO - Setting next_dagrun for example_task_group_decorator to 2024-10-31T18:25:45.139294+00:00, run_after=2024-11-01T18:25:45.139294+00:00
[2024-11-01T18:25:45.254+0000] {processor.py:179} INFO - Processing /home/airflow/.local/lib/python3.7/site-packages/airflow/example_dags/example_task_group_decorator.py took 0.563 seconds
[2024-11-01T18:26:15.794+0000] {processor.py:157} INFO - Started process (PID=911) to work on /home/airflow/.local/lib/python3.7/site-packages/airflow/example_dags/example_task_group_decorator.py
[2024-11-01T18:26:15.796+0000] {processor.py:826} INFO - Processing file /home/airflow/.local/lib/python3.7/site-packages/airflow/example_dags/example_task_group_decorator.py for tasks to queue
[2024-11-01T18:26:15.796+0000] {logging_mixin.py:150} INFO - [2024-11-01T18:26:15.796+0000] {dagbag.py:541} INFO - Filling up the DagBag from /home/airflow/.local/lib/python3.7/site-packages/airflow/example_dags/example_task_group_decorator.py
[2024-11-01T18:26:15.834+0000] {processor.py:836} INFO - DAG(s) dict_keys(['example_task_group_decorator']) retrieved from /home/airflow/.local/lib/python3.7/site-packages/airflow/example_dags/example_task_group_decorator.py
[2024-11-01T18:26:15.877+0000] {logging_mixin.py:150} INFO - [2024-11-01T18:26:15.877+0000] {dag.py:2742} INFO - Sync 1 DAGs
[2024-11-01T18:26:15.926+0000] {logging_mixin.py:150} INFO - [2024-11-01T18:26:15.919+0000] {dag.py:3508} INFO - Setting next_dagrun for example_task_group_decorator to 2024-10-31T18:26:15.917449+00:00, run_after=2024-11-01T18:26:15.917449+00:00
[2024-11-01T18:26:15.943+0000] {processor.py:179} INFO - Processing /home/airflow/.local/lib/python3.7/site-packages/airflow/example_dags/example_task_group_decorator.py took 0.152 seconds
[2024-11-01T18:26:46.279+0000] {processor.py:157} INFO - Started process (PID=973) to work on /home/airflow/.local/lib/python3.7/site-packages/airflow/example_dags/example_task_group_decorator.py
[2024-11-01T18:26:46.282+0000] {processor.py:826} INFO - Processing file /home/airflow/.local/lib/python3.7/site-packages/airflow/example_dags/example_task_group_decorator.py for tasks to queue
[2024-11-01T18:26:46.283+0000] {logging_mixin.py:150} INFO - [2024-11-01T18:26:46.282+0000] {dagbag.py:541} INFO - Filling up the DagBag from /home/airflow/.local/lib/python3.7/site-packages/airflow/example_dags/example_task_group_decorator.py
[2024-11-01T18:26:46.305+0000] {processor.py:836} INFO - DAG(s) dict_keys(['example_task_group_decorator']) retrieved from /home/airflow/.local/lib/python3.7/site-packages/airflow/example_dags/example_task_group_decorator.py
[2024-11-01T18:26:46.332+0000] {logging_mixin.py:150} INFO - [2024-11-01T18:26:46.332+0000] {dag.py:2742} INFO - Sync 1 DAGs
[2024-11-01T18:26:46.349+0000] {logging_mixin.py:150} INFO - [2024-11-01T18:26:46.349+0000] {dag.py:3508} INFO - Setting next_dagrun for example_task_group_decorator to 2024-10-31T18:26:46.348764+00:00, run_after=2024-11-01T18:26:46.348764+00:00
[2024-11-01T18:26:46.359+0000] {processor.py:179} INFO - Processing /home/airflow/.local/lib/python3.7/site-packages/airflow/example_dags/example_task_group_decorator.py took 0.083 seconds
[2024-11-01T18:27:16.903+0000] {processor.py:157} INFO - Started process (PID=1035) to work on /home/airflow/.local/lib/python3.7/site-packages/airflow/example_dags/example_task_group_decorator.py
[2024-11-01T18:27:16.905+0000] {processor.py:826} INFO - Processing file /home/airflow/.local/lib/python3.7/site-packages/airflow/example_dags/example_task_group_decorator.py for tasks to queue
[2024-11-01T18:27:16.907+0000] {logging_mixin.py:150} INFO - [2024-11-01T18:27:16.906+0000] {dagbag.py:541} INFO - Filling up the DagBag from /home/airflow/.local/lib/python3.7/site-packages/airflow/example_dags/example_task_group_decorator.py
[2024-11-01T18:27:16.924+0000] {processor.py:836} INFO - DAG(s) dict_keys(['example_task_group_decorator']) retrieved from /home/airflow/.local/lib/python3.7/site-packages/airflow/example_dags/example_task_group_decorator.py
[2024-11-01T18:27:16.947+0000] {logging_mixin.py:150} INFO - [2024-11-01T18:27:16.947+0000] {dag.py:2742} INFO - Sync 1 DAGs
[2024-11-01T18:27:16.967+0000] {logging_mixin.py:150} INFO - [2024-11-01T18:27:16.967+0000] {dag.py:3508} INFO - Setting next_dagrun for example_task_group_decorator to 2024-10-31T18:27:16.966171+00:00, run_after=2024-11-01T18:27:16.966171+00:00
[2024-11-01T18:27:16.983+0000] {processor.py:179} INFO - Processing /home/airflow/.local/lib/python3.7/site-packages/airflow/example_dags/example_task_group_decorator.py took 0.092 seconds
[2024-11-01T18:27:47.524+0000] {processor.py:157} INFO - Started process (PID=1097) to work on /home/airflow/.local/lib/python3.7/site-packages/airflow/example_dags/example_task_group_decorator.py
[2024-11-01T18:27:47.525+0000] {processor.py:826} INFO - Processing file /home/airflow/.local/lib/python3.7/site-packages/airflow/example_dags/example_task_group_decorator.py for tasks to queue
[2024-11-01T18:27:47.526+0000] {logging_mixin.py:150} INFO - [2024-11-01T18:27:47.526+0000] {dagbag.py:541} INFO - Filling up the DagBag from /home/airflow/.local/lib/python3.7/site-packages/airflow/example_dags/example_task_group_decorator.py
[2024-11-01T18:27:47.544+0000] {processor.py:836} INFO - DAG(s) dict_keys(['example_task_group_decorator']) retrieved from /home/airflow/.local/lib/python3.7/site-packages/airflow/example_dags/example_task_group_decorator.py
[2024-11-01T18:27:47.570+0000] {logging_mixin.py:150} INFO - [2024-11-01T18:27:47.570+0000] {dag.py:2742} INFO - Sync 1 DAGs
[2024-11-01T18:27:47.589+0000] {logging_mixin.py:150} INFO - [2024-11-01T18:27:47.589+0000] {dag.py:3508} INFO - Setting next_dagrun for example_task_group_decorator to 2024-10-31T18:27:47.588757+00:00, run_after=2024-11-01T18:27:47.588757+00:00
[2024-11-01T18:27:47.598+0000] {processor.py:179} INFO - Processing /home/airflow/.local/lib/python3.7/site-packages/airflow/example_dags/example_task_group_decorator.py took 0.079 seconds
[2024-11-01T18:30:48.651+0000] {processor.py:157} INFO - Started process (PID=1141) to work on /home/airflow/.local/lib/python3.7/site-packages/airflow/example_dags/example_task_group_decorator.py
[2024-11-01T18:30:48.654+0000] {processor.py:826} INFO - Processing file /home/airflow/.local/lib/python3.7/site-packages/airflow/example_dags/example_task_group_decorator.py for tasks to queue
[2024-11-01T18:30:48.656+0000] {logging_mixin.py:150} INFO - [2024-11-01T18:30:48.655+0000] {dagbag.py:541} INFO - Filling up the DagBag from /home/airflow/.local/lib/python3.7/site-packages/airflow/example_dags/example_task_group_decorator.py
[2024-11-01T18:30:48.709+0000] {processor.py:836} INFO - DAG(s) dict_keys(['example_task_group_decorator']) retrieved from /home/airflow/.local/lib/python3.7/site-packages/airflow/example_dags/example_task_group_decorator.py
[2024-11-01T18:30:48.785+0000] {logging_mixin.py:150} INFO - [2024-11-01T18:30:48.784+0000] {dag.py:2742} INFO - Sync 1 DAGs
[2024-11-01T18:30:48.847+0000] {logging_mixin.py:150} INFO - [2024-11-01T18:30:48.846+0000] {dag.py:3508} INFO - Setting next_dagrun for example_task_group_decorator to 2024-10-31T18:30:48.845484+00:00, run_after=2024-11-01T18:30:48.845484+00:00
[2024-11-01T18:30:48.972+0000] {processor.py:179} INFO - Processing /home/airflow/.local/lib/python3.7/site-packages/airflow/example_dags/example_task_group_decorator.py took 0.332 seconds
[2024-11-01T18:31:19.589+0000] {processor.py:157} INFO - Started process (PID=1203) to work on /home/airflow/.local/lib/python3.7/site-packages/airflow/example_dags/example_task_group_decorator.py
[2024-11-01T18:31:19.595+0000] {processor.py:826} INFO - Processing file /home/airflow/.local/lib/python3.7/site-packages/airflow/example_dags/example_task_group_decorator.py for tasks to queue
[2024-11-01T18:31:19.596+0000] {logging_mixin.py:150} INFO - [2024-11-01T18:31:19.596+0000] {dagbag.py:541} INFO - Filling up the DagBag from /home/airflow/.local/lib/python3.7/site-packages/airflow/example_dags/example_task_group_decorator.py
[2024-11-01T18:31:19.614+0000] {processor.py:836} INFO - DAG(s) dict_keys(['example_task_group_decorator']) retrieved from /home/airflow/.local/lib/python3.7/site-packages/airflow/example_dags/example_task_group_decorator.py
[2024-11-01T18:31:19.686+0000] {logging_mixin.py:150} INFO - [2024-11-01T18:31:19.686+0000] {dag.py:2742} INFO - Sync 1 DAGs
[2024-11-01T18:31:19.779+0000] {logging_mixin.py:150} INFO - [2024-11-01T18:31:19.779+0000] {dag.py:3508} INFO - Setting next_dagrun for example_task_group_decorator to 2024-10-31T18:31:19.778309+00:00, run_after=2024-11-01T18:31:19.778309+00:00
[2024-11-01T18:31:19.799+0000] {processor.py:179} INFO - Processing /home/airflow/.local/lib/python3.7/site-packages/airflow/example_dags/example_task_group_decorator.py took 0.215 seconds
[2024-11-01T18:31:50.213+0000] {processor.py:157} INFO - Started process (PID=1265) to work on /home/airflow/.local/lib/python3.7/site-packages/airflow/example_dags/example_task_group_decorator.py
[2024-11-01T18:31:50.214+0000] {processor.py:826} INFO - Processing file /home/airflow/.local/lib/python3.7/site-packages/airflow/example_dags/example_task_group_decorator.py for tasks to queue
[2024-11-01T18:31:50.215+0000] {logging_mixin.py:150} INFO - [2024-11-01T18:31:50.214+0000] {dagbag.py:541} INFO - Filling up the DagBag from /home/airflow/.local/lib/python3.7/site-packages/airflow/example_dags/example_task_group_decorator.py
[2024-11-01T18:31:50.225+0000] {processor.py:836} INFO - DAG(s) dict_keys(['example_task_group_decorator']) retrieved from /home/airflow/.local/lib/python3.7/site-packages/airflow/example_dags/example_task_group_decorator.py
[2024-11-01T18:31:50.244+0000] {logging_mixin.py:150} INFO - [2024-11-01T18:31:50.244+0000] {dag.py:2742} INFO - Sync 1 DAGs
[2024-11-01T18:31:50.257+0000] {logging_mixin.py:150} INFO - [2024-11-01T18:31:50.257+0000] {dag.py:3508} INFO - Setting next_dagrun for example_task_group_decorator to 2024-10-31T18:31:50.257246+00:00, run_after=2024-11-01T18:31:50.257246+00:00
[2024-11-01T18:31:50.267+0000] {processor.py:179} INFO - Processing /home/airflow/.local/lib/python3.7/site-packages/airflow/example_dags/example_task_group_decorator.py took 0.056 seconds
[2024-11-01T18:32:20.463+0000] {processor.py:157} INFO - Started process (PID=1327) to work on /home/airflow/.local/lib/python3.7/site-packages/airflow/example_dags/example_task_group_decorator.py
[2024-11-01T18:32:20.467+0000] {processor.py:826} INFO - Processing file /home/airflow/.local/lib/python3.7/site-packages/airflow/example_dags/example_task_group_decorator.py for tasks to queue
[2024-11-01T18:32:20.469+0000] {logging_mixin.py:150} INFO - [2024-11-01T18:32:20.468+0000] {dagbag.py:541} INFO - Filling up the DagBag from /home/airflow/.local/lib/python3.7/site-packages/airflow/example_dags/example_task_group_decorator.py
[2024-11-01T18:32:20.485+0000] {processor.py:836} INFO - DAG(s) dict_keys(['example_task_group_decorator']) retrieved from /home/airflow/.local/lib/python3.7/site-packages/airflow/example_dags/example_task_group_decorator.py
[2024-11-01T18:32:20.505+0000] {logging_mixin.py:150} INFO - [2024-11-01T18:32:20.505+0000] {dag.py:2742} INFO - Sync 1 DAGs
[2024-11-01T18:32:20.521+0000] {logging_mixin.py:150} INFO - [2024-11-01T18:32:20.521+0000] {dag.py:3508} INFO - Setting next_dagrun for example_task_group_decorator to 2024-10-31T18:32:20.521623+00:00, run_after=2024-11-01T18:32:20.521623+00:00
[2024-11-01T18:32:20.532+0000] {processor.py:179} INFO - Processing /home/airflow/.local/lib/python3.7/site-packages/airflow/example_dags/example_task_group_decorator.py took 0.073 seconds
[2024-11-01T18:32:51.421+0000] {processor.py:157} INFO - Started process (PID=1388) to work on /home/airflow/.local/lib/python3.7/site-packages/airflow/example_dags/example_task_group_decorator.py
[2024-11-01T18:32:51.427+0000] {processor.py:826} INFO - Processing file /home/airflow/.local/lib/python3.7/site-packages/airflow/example_dags/example_task_group_decorator.py for tasks to queue
[2024-11-01T18:32:51.432+0000] {logging_mixin.py:150} INFO - [2024-11-01T18:32:51.432+0000] {dagbag.py:541} INFO - Filling up the DagBag from /home/airflow/.local/lib/python3.7/site-packages/airflow/example_dags/example_task_group_decorator.py
[2024-11-01T18:32:51.452+0000] {processor.py:836} INFO - DAG(s) dict_keys(['example_task_group_decorator']) retrieved from /home/airflow/.local/lib/python3.7/site-packages/airflow/example_dags/example_task_group_decorator.py
[2024-11-01T18:32:51.474+0000] {logging_mixin.py:150} INFO - [2024-11-01T18:32:51.474+0000] {dag.py:2742} INFO - Sync 1 DAGs
[2024-11-01T18:32:51.490+0000] {logging_mixin.py:150} INFO - [2024-11-01T18:32:51.490+0000] {dag.py:3508} INFO - Setting next_dagrun for example_task_group_decorator to 2024-10-31T18:32:51.490424+00:00, run_after=2024-11-01T18:32:51.490424+00:00
[2024-11-01T18:32:51.503+0000] {processor.py:179} INFO - Processing /home/airflow/.local/lib/python3.7/site-packages/airflow/example_dags/example_task_group_decorator.py took 0.089 seconds
[2024-11-01T18:33:21.842+0000] {processor.py:157} INFO - Started process (PID=1450) to work on /home/airflow/.local/lib/python3.7/site-packages/airflow/example_dags/example_task_group_decorator.py
[2024-11-01T18:33:21.844+0000] {processor.py:826} INFO - Processing file /home/airflow/.local/lib/python3.7/site-packages/airflow/example_dags/example_task_group_decorator.py for tasks to queue
[2024-11-01T18:33:21.845+0000] {logging_mixin.py:150} INFO - [2024-11-01T18:33:21.844+0000] {dagbag.py:541} INFO - Filling up the DagBag from /home/airflow/.local/lib/python3.7/site-packages/airflow/example_dags/example_task_group_decorator.py
[2024-11-01T18:33:21.864+0000] {processor.py:836} INFO - DAG(s) dict_keys(['example_task_group_decorator']) retrieved from /home/airflow/.local/lib/python3.7/site-packages/airflow/example_dags/example_task_group_decorator.py
[2024-11-01T18:33:21.886+0000] {logging_mixin.py:150} INFO - [2024-11-01T18:33:21.886+0000] {dag.py:2742} INFO - Sync 1 DAGs
[2024-11-01T18:33:21.902+0000] {logging_mixin.py:150} INFO - [2024-11-01T18:33:21.902+0000] {dag.py:3508} INFO - Setting next_dagrun for example_task_group_decorator to 2024-10-31T18:33:21.902664+00:00, run_after=2024-11-01T18:33:21.902664+00:00
[2024-11-01T18:33:21.920+0000] {processor.py:179} INFO - Processing /home/airflow/.local/lib/python3.7/site-packages/airflow/example_dags/example_task_group_decorator.py took 0.083 seconds
[2024-11-01T18:33:51.981+0000] {processor.py:157} INFO - Started process (PID=1512) to work on /home/airflow/.local/lib/python3.7/site-packages/airflow/example_dags/example_task_group_decorator.py
[2024-11-01T18:33:51.982+0000] {processor.py:826} INFO - Processing file /home/airflow/.local/lib/python3.7/site-packages/airflow/example_dags/example_task_group_decorator.py for tasks to queue
[2024-11-01T18:33:51.983+0000] {logging_mixin.py:150} INFO - [2024-11-01T18:33:51.982+0000] {dagbag.py:541} INFO - Filling up the DagBag from /home/airflow/.local/lib/python3.7/site-packages/airflow/example_dags/example_task_group_decorator.py
[2024-11-01T18:33:51.996+0000] {processor.py:836} INFO - DAG(s) dict_keys(['example_task_group_decorator']) retrieved from /home/airflow/.local/lib/python3.7/site-packages/airflow/example_dags/example_task_group_decorator.py
[2024-11-01T18:33:52.013+0000] {logging_mixin.py:150} INFO - [2024-11-01T18:33:52.013+0000] {dag.py:2742} INFO - Sync 1 DAGs
[2024-11-01T18:33:52.031+0000] {logging_mixin.py:150} INFO - [2024-11-01T18:33:52.031+0000] {dag.py:3508} INFO - Setting next_dagrun for example_task_group_decorator to 2024-10-31T18:33:52.031082+00:00, run_after=2024-11-01T18:33:52.031082+00:00
[2024-11-01T18:33:52.040+0000] {processor.py:179} INFO - Processing /home/airflow/.local/lib/python3.7/site-packages/airflow/example_dags/example_task_group_decorator.py took 0.061 seconds
[2024-11-01T18:34:23.040+0000] {processor.py:157} INFO - Started process (PID=1574) to work on /home/airflow/.local/lib/python3.7/site-packages/airflow/example_dags/example_task_group_decorator.py
[2024-11-01T18:34:23.067+0000] {processor.py:826} INFO - Processing file /home/airflow/.local/lib/python3.7/site-packages/airflow/example_dags/example_task_group_decorator.py for tasks to queue
[2024-11-01T18:34:23.068+0000] {logging_mixin.py:150} INFO - [2024-11-01T18:34:23.068+0000] {dagbag.py:541} INFO - Filling up the DagBag from /home/airflow/.local/lib/python3.7/site-packages/airflow/example_dags/example_task_group_decorator.py
[2024-11-01T18:34:23.084+0000] {processor.py:836} INFO - DAG(s) dict_keys(['example_task_group_decorator']) retrieved from /home/airflow/.local/lib/python3.7/site-packages/airflow/example_dags/example_task_group_decorator.py
[2024-11-01T18:34:23.111+0000] {logging_mixin.py:150} INFO - [2024-11-01T18:34:23.111+0000] {dag.py:2742} INFO - Sync 1 DAGs
[2024-11-01T18:34:23.129+0000] {logging_mixin.py:150} INFO - [2024-11-01T18:34:23.128+0000] {dag.py:3508} INFO - Setting next_dagrun for example_task_group_decorator to 2024-10-31T18:34:23.128711+00:00, run_after=2024-11-01T18:34:23.128711+00:00
[2024-11-01T18:34:23.139+0000] {processor.py:179} INFO - Processing /home/airflow/.local/lib/python3.7/site-packages/airflow/example_dags/example_task_group_decorator.py took 0.304 seconds
[2024-11-01T18:34:53.922+0000] {processor.py:157} INFO - Started process (PID=1636) to work on /home/airflow/.local/lib/python3.7/site-packages/airflow/example_dags/example_task_group_decorator.py
[2024-11-01T18:34:53.925+0000] {processor.py:826} INFO - Processing file /home/airflow/.local/lib/python3.7/site-packages/airflow/example_dags/example_task_group_decorator.py for tasks to queue
[2024-11-01T18:34:53.927+0000] {logging_mixin.py:150} INFO - [2024-11-01T18:34:53.926+0000] {dagbag.py:541} INFO - Filling up the DagBag from /home/airflow/.local/lib/python3.7/site-packages/airflow/example_dags/example_task_group_decorator.py
[2024-11-01T18:34:53.940+0000] {processor.py:836} INFO - DAG(s) dict_keys(['example_task_group_decorator']) retrieved from /home/airflow/.local/lib/python3.7/site-packages/airflow/example_dags/example_task_group_decorator.py
[2024-11-01T18:34:53.964+0000] {logging_mixin.py:150} INFO - [2024-11-01T18:34:53.963+0000] {dag.py:2742} INFO - Sync 1 DAGs
[2024-11-01T18:34:53.980+0000] {logging_mixin.py:150} INFO - [2024-11-01T18:34:53.979+0000] {dag.py:3508} INFO - Setting next_dagrun for example_task_group_decorator to 2024-10-31T18:34:53.979755+00:00, run_after=2024-11-01T18:34:53.979755+00:00
[2024-11-01T18:34:53.989+0000] {processor.py:179} INFO - Processing /home/airflow/.local/lib/python3.7/site-packages/airflow/example_dags/example_task_group_decorator.py took 0.070 seconds
[2024-11-01T18:35:24.528+0000] {processor.py:157} INFO - Started process (PID=1698) to work on /home/airflow/.local/lib/python3.7/site-packages/airflow/example_dags/example_task_group_decorator.py
[2024-11-01T18:35:24.531+0000] {processor.py:826} INFO - Processing file /home/airflow/.local/lib/python3.7/site-packages/airflow/example_dags/example_task_group_decorator.py for tasks to queue
[2024-11-01T18:35:24.535+0000] {logging_mixin.py:150} INFO - [2024-11-01T18:35:24.535+0000] {dagbag.py:541} INFO - Filling up the DagBag from /home/airflow/.local/lib/python3.7/site-packages/airflow/example_dags/example_task_group_decorator.py
[2024-11-01T18:35:24.554+0000] {processor.py:836} INFO - DAG(s) dict_keys(['example_task_group_decorator']) retrieved from /home/airflow/.local/lib/python3.7/site-packages/airflow/example_dags/example_task_group_decorator.py
[2024-11-01T18:35:24.578+0000] {logging_mixin.py:150} INFO - [2024-11-01T18:35:24.578+0000] {dag.py:2742} INFO - Sync 1 DAGs
[2024-11-01T18:35:24.594+0000] {logging_mixin.py:150} INFO - [2024-11-01T18:35:24.594+0000] {dag.py:3508} INFO - Setting next_dagrun for example_task_group_decorator to 2024-10-31T18:35:24.594241+00:00, run_after=2024-11-01T18:35:24.594241+00:00
[2024-11-01T18:35:24.604+0000] {processor.py:179} INFO - Processing /home/airflow/.local/lib/python3.7/site-packages/airflow/example_dags/example_task_group_decorator.py took 0.081 seconds
[2024-11-01T18:35:54.947+0000] {processor.py:157} INFO - Started process (PID=1760) to work on /home/airflow/.local/lib/python3.7/site-packages/airflow/example_dags/example_task_group_decorator.py
[2024-11-01T18:35:54.949+0000] {processor.py:826} INFO - Processing file /home/airflow/.local/lib/python3.7/site-packages/airflow/example_dags/example_task_group_decorator.py for tasks to queue
[2024-11-01T18:35:54.951+0000] {logging_mixin.py:150} INFO - [2024-11-01T18:35:54.951+0000] {dagbag.py:541} INFO - Filling up the DagBag from /home/airflow/.local/lib/python3.7/site-packages/airflow/example_dags/example_task_group_decorator.py
[2024-11-01T18:35:54.971+0000] {processor.py:836} INFO - DAG(s) dict_keys(['example_task_group_decorator']) retrieved from /home/airflow/.local/lib/python3.7/site-packages/airflow/example_dags/example_task_group_decorator.py
[2024-11-01T18:35:54.998+0000] {logging_mixin.py:150} INFO - [2024-11-01T18:35:54.998+0000] {dag.py:2742} INFO - Sync 1 DAGs
[2024-11-01T18:35:55.016+0000] {logging_mixin.py:150} INFO - [2024-11-01T18:35:55.016+0000] {dag.py:3508} INFO - Setting next_dagrun for example_task_group_decorator to 2024-10-31T18:35:55.016278+00:00, run_after=2024-11-01T18:35:55.016278+00:00
[2024-11-01T18:35:55.046+0000] {processor.py:179} INFO - Processing /home/airflow/.local/lib/python3.7/site-packages/airflow/example_dags/example_task_group_decorator.py took 0.101 seconds
[2024-11-01T18:36:26.363+0000] {processor.py:157} INFO - Started process (PID=1822) to work on /home/airflow/.local/lib/python3.7/site-packages/airflow/example_dags/example_task_group_decorator.py
[2024-11-01T18:36:26.386+0000] {processor.py:826} INFO - Processing file /home/airflow/.local/lib/python3.7/site-packages/airflow/example_dags/example_task_group_decorator.py for tasks to queue
[2024-11-01T18:36:26.396+0000] {logging_mixin.py:150} INFO - [2024-11-01T18:36:26.393+0000] {dagbag.py:541} INFO - Filling up the DagBag from /home/airflow/.local/lib/python3.7/site-packages/airflow/example_dags/example_task_group_decorator.py
[2024-11-01T18:36:26.475+0000] {processor.py:836} INFO - DAG(s) dict_keys(['example_task_group_decorator']) retrieved from /home/airflow/.local/lib/python3.7/site-packages/airflow/example_dags/example_task_group_decorator.py
[2024-11-01T18:36:26.498+0000] {logging_mixin.py:150} INFO - [2024-11-01T18:36:26.498+0000] {dag.py:2742} INFO - Sync 1 DAGs
[2024-11-01T18:36:26.515+0000] {logging_mixin.py:150} INFO - [2024-11-01T18:36:26.515+0000] {dag.py:3508} INFO - Setting next_dagrun for example_task_group_decorator to 2024-10-31T18:36:26.515088+00:00, run_after=2024-11-01T18:36:26.515088+00:00
[2024-11-01T18:36:26.524+0000] {processor.py:179} INFO - Processing /home/airflow/.local/lib/python3.7/site-packages/airflow/example_dags/example_task_group_decorator.py took 0.170 seconds
[2024-11-01T18:36:56.786+0000] {processor.py:157} INFO - Started process (PID=1883) to work on /home/airflow/.local/lib/python3.7/site-packages/airflow/example_dags/example_task_group_decorator.py
[2024-11-01T18:36:56.787+0000] {processor.py:826} INFO - Processing file /home/airflow/.local/lib/python3.7/site-packages/airflow/example_dags/example_task_group_decorator.py for tasks to queue
[2024-11-01T18:36:56.787+0000] {logging_mixin.py:150} INFO - [2024-11-01T18:36:56.787+0000] {dagbag.py:541} INFO - Filling up the DagBag from /home/airflow/.local/lib/python3.7/site-packages/airflow/example_dags/example_task_group_decorator.py
[2024-11-01T18:36:56.798+0000] {processor.py:836} INFO - DAG(s) dict_keys(['example_task_group_decorator']) retrieved from /home/airflow/.local/lib/python3.7/site-packages/airflow/example_dags/example_task_group_decorator.py
[2024-11-01T18:36:56.823+0000] {logging_mixin.py:150} INFO - [2024-11-01T18:36:56.823+0000] {dag.py:2742} INFO - Sync 1 DAGs
[2024-11-01T18:36:56.839+0000] {logging_mixin.py:150} INFO - [2024-11-01T18:36:56.839+0000] {dag.py:3508} INFO - Setting next_dagrun for example_task_group_decorator to 2024-10-31T18:36:56.839373+00:00, run_after=2024-11-01T18:36:56.839373+00:00
[2024-11-01T18:36:56.858+0000] {processor.py:179} INFO - Processing /home/airflow/.local/lib/python3.7/site-packages/airflow/example_dags/example_task_group_decorator.py took 0.076 seconds
[2024-11-01T18:37:27.021+0000] {processor.py:157} INFO - Started process (PID=1944) to work on /home/airflow/.local/lib/python3.7/site-packages/airflow/example_dags/example_task_group_decorator.py
[2024-11-01T18:37:27.022+0000] {processor.py:826} INFO - Processing file /home/airflow/.local/lib/python3.7/site-packages/airflow/example_dags/example_task_group_decorator.py for tasks to queue
[2024-11-01T18:37:27.023+0000] {logging_mixin.py:150} INFO - [2024-11-01T18:37:27.022+0000] {dagbag.py:541} INFO - Filling up the DagBag from /home/airflow/.local/lib/python3.7/site-packages/airflow/example_dags/example_task_group_decorator.py
[2024-11-01T18:37:27.032+0000] {processor.py:836} INFO - DAG(s) dict_keys(['example_task_group_decorator']) retrieved from /home/airflow/.local/lib/python3.7/site-packages/airflow/example_dags/example_task_group_decorator.py
[2024-11-01T18:37:27.051+0000] {logging_mixin.py:150} INFO - [2024-11-01T18:37:27.051+0000] {dag.py:2742} INFO - Sync 1 DAGs
[2024-11-01T18:37:27.074+0000] {logging_mixin.py:150} INFO - [2024-11-01T18:37:27.074+0000] {dag.py:3508} INFO - Setting next_dagrun for example_task_group_decorator to 2024-10-31T18:37:27.074346+00:00, run_after=2024-11-01T18:37:27.074346+00:00
[2024-11-01T18:37:27.090+0000] {processor.py:179} INFO - Processing /home/airflow/.local/lib/python3.7/site-packages/airflow/example_dags/example_task_group_decorator.py took 0.070 seconds
[2024-11-01T18:38:03.232+0000] {processor.py:157} INFO - Started process (PID=2006) to work on /home/airflow/.local/lib/python3.7/site-packages/airflow/example_dags/example_task_group_decorator.py
[2024-11-01T18:38:03.252+0000] {processor.py:826} INFO - Processing file /home/airflow/.local/lib/python3.7/site-packages/airflow/example_dags/example_task_group_decorator.py for tasks to queue
[2024-11-01T18:38:03.263+0000] {logging_mixin.py:150} INFO - [2024-11-01T18:38:03.259+0000] {dagbag.py:541} INFO - Filling up the DagBag from /home/airflow/.local/lib/python3.7/site-packages/airflow/example_dags/example_task_group_decorator.py
[2024-11-01T18:38:03.425+0000] {processor.py:836} INFO - DAG(s) dict_keys(['example_task_group_decorator']) retrieved from /home/airflow/.local/lib/python3.7/site-packages/airflow/example_dags/example_task_group_decorator.py
[2024-11-01T18:38:04.264+0000] {logging_mixin.py:150} INFO - [2024-11-01T18:38:04.251+0000] {dag.py:2742} INFO - Sync 1 DAGs
[2024-11-01T18:38:04.324+0000] {logging_mixin.py:150} INFO - [2024-11-01T18:38:04.324+0000] {dag.py:3508} INFO - Setting next_dagrun for example_task_group_decorator to 2024-10-31T18:38:04.324233+00:00, run_after=2024-11-01T18:38:04.324233+00:00
[2024-11-01T18:38:04.354+0000] {processor.py:179} INFO - Processing /home/airflow/.local/lib/python3.7/site-packages/airflow/example_dags/example_task_group_decorator.py took 1.177 seconds
[2024-11-01T18:38:34.590+0000] {processor.py:157} INFO - Started process (PID=2068) to work on /home/airflow/.local/lib/python3.7/site-packages/airflow/example_dags/example_task_group_decorator.py
[2024-11-01T18:38:34.593+0000] {processor.py:826} INFO - Processing file /home/airflow/.local/lib/python3.7/site-packages/airflow/example_dags/example_task_group_decorator.py for tasks to queue
[2024-11-01T18:38:34.594+0000] {logging_mixin.py:150} INFO - [2024-11-01T18:38:34.594+0000] {dagbag.py:541} INFO - Filling up the DagBag from /home/airflow/.local/lib/python3.7/site-packages/airflow/example_dags/example_task_group_decorator.py
[2024-11-01T18:38:34.609+0000] {processor.py:836} INFO - DAG(s) dict_keys(['example_task_group_decorator']) retrieved from /home/airflow/.local/lib/python3.7/site-packages/airflow/example_dags/example_task_group_decorator.py
[2024-11-01T18:38:34.632+0000] {logging_mixin.py:150} INFO - [2024-11-01T18:38:34.631+0000] {dag.py:2742} INFO - Sync 1 DAGs
[2024-11-01T18:38:34.651+0000] {logging_mixin.py:150} INFO - [2024-11-01T18:38:34.650+0000] {dag.py:3508} INFO - Setting next_dagrun for example_task_group_decorator to 2024-10-31T18:38:34.650766+00:00, run_after=2024-11-01T18:38:34.650766+00:00
[2024-11-01T18:38:34.667+0000] {processor.py:179} INFO - Processing /home/airflow/.local/lib/python3.7/site-packages/airflow/example_dags/example_task_group_decorator.py took 0.082 seconds
[2024-11-01T18:39:05.331+0000] {processor.py:157} INFO - Started process (PID=2130) to work on /home/airflow/.local/lib/python3.7/site-packages/airflow/example_dags/example_task_group_decorator.py
[2024-11-01T18:39:05.337+0000] {processor.py:826} INFO - Processing file /home/airflow/.local/lib/python3.7/site-packages/airflow/example_dags/example_task_group_decorator.py for tasks to queue
[2024-11-01T18:39:05.340+0000] {logging_mixin.py:150} INFO - [2024-11-01T18:39:05.339+0000] {dagbag.py:541} INFO - Filling up the DagBag from /home/airflow/.local/lib/python3.7/site-packages/airflow/example_dags/example_task_group_decorator.py
[2024-11-01T18:39:05.371+0000] {processor.py:836} INFO - DAG(s) dict_keys(['example_task_group_decorator']) retrieved from /home/airflow/.local/lib/python3.7/site-packages/airflow/example_dags/example_task_group_decorator.py
[2024-11-01T18:39:05.414+0000] {logging_mixin.py:150} INFO - [2024-11-01T18:39:05.414+0000] {dag.py:2742} INFO - Sync 1 DAGs
[2024-11-01T18:39:05.498+0000] {logging_mixin.py:150} INFO - [2024-11-01T18:39:05.498+0000] {dag.py:3508} INFO - Setting next_dagrun for example_task_group_decorator to 2024-10-31T18:39:05.496959+00:00, run_after=2024-11-01T18:39:05.496959+00:00
[2024-11-01T18:39:05.562+0000] {processor.py:179} INFO - Processing /home/airflow/.local/lib/python3.7/site-packages/airflow/example_dags/example_task_group_decorator.py took 0.248 seconds
[2024-11-01T18:39:35.850+0000] {processor.py:157} INFO - Started process (PID=2191) to work on /home/airflow/.local/lib/python3.7/site-packages/airflow/example_dags/example_task_group_decorator.py
[2024-11-01T18:39:35.855+0000] {processor.py:826} INFO - Processing file /home/airflow/.local/lib/python3.7/site-packages/airflow/example_dags/example_task_group_decorator.py for tasks to queue
[2024-11-01T18:39:35.859+0000] {logging_mixin.py:150} INFO - [2024-11-01T18:39:35.859+0000] {dagbag.py:541} INFO - Filling up the DagBag from /home/airflow/.local/lib/python3.7/site-packages/airflow/example_dags/example_task_group_decorator.py
[2024-11-01T18:39:35.881+0000] {processor.py:836} INFO - DAG(s) dict_keys(['example_task_group_decorator']) retrieved from /home/airflow/.local/lib/python3.7/site-packages/airflow/example_dags/example_task_group_decorator.py
[2024-11-01T18:39:35.909+0000] {logging_mixin.py:150} INFO - [2024-11-01T18:39:35.909+0000] {dag.py:2742} INFO - Sync 1 DAGs
[2024-11-01T18:39:35.929+0000] {logging_mixin.py:150} INFO - [2024-11-01T18:39:35.929+0000] {dag.py:3508} INFO - Setting next_dagrun for example_task_group_decorator to 2024-10-31T18:39:35.928942+00:00, run_after=2024-11-01T18:39:35.928942+00:00
[2024-11-01T18:39:35.948+0000] {processor.py:179} INFO - Processing /home/airflow/.local/lib/python3.7/site-packages/airflow/example_dags/example_task_group_decorator.py took 0.102 seconds
[2024-11-01T18:40:06.157+0000] {processor.py:157} INFO - Started process (PID=2253) to work on /home/airflow/.local/lib/python3.7/site-packages/airflow/example_dags/example_task_group_decorator.py
[2024-11-01T18:40:06.161+0000] {processor.py:826} INFO - Processing file /home/airflow/.local/lib/python3.7/site-packages/airflow/example_dags/example_task_group_decorator.py for tasks to queue
[2024-11-01T18:40:06.162+0000] {logging_mixin.py:150} INFO - [2024-11-01T18:40:06.162+0000] {dagbag.py:541} INFO - Filling up the DagBag from /home/airflow/.local/lib/python3.7/site-packages/airflow/example_dags/example_task_group_decorator.py
[2024-11-01T18:40:06.178+0000] {processor.py:836} INFO - DAG(s) dict_keys(['example_task_group_decorator']) retrieved from /home/airflow/.local/lib/python3.7/site-packages/airflow/example_dags/example_task_group_decorator.py
[2024-11-01T18:40:06.201+0000] {logging_mixin.py:150} INFO - [2024-11-01T18:40:06.201+0000] {dag.py:2742} INFO - Sync 1 DAGs
[2024-11-01T18:40:06.221+0000] {logging_mixin.py:150} INFO - [2024-11-01T18:40:06.221+0000] {dag.py:3508} INFO - Setting next_dagrun for example_task_group_decorator to 2024-10-31T18:40:06.221068+00:00, run_after=2024-11-01T18:40:06.221068+00:00
[2024-11-01T18:40:06.237+0000] {processor.py:179} INFO - Processing /home/airflow/.local/lib/python3.7/site-packages/airflow/example_dags/example_task_group_decorator.py took 0.084 seconds
[2024-11-01T18:40:36.976+0000] {processor.py:157} INFO - Started process (PID=2315) to work on /home/airflow/.local/lib/python3.7/site-packages/airflow/example_dags/example_task_group_decorator.py
[2024-11-01T18:40:37.082+0000] {processor.py:826} INFO - Processing file /home/airflow/.local/lib/python3.7/site-packages/airflow/example_dags/example_task_group_decorator.py for tasks to queue
[2024-11-01T18:40:37.083+0000] {logging_mixin.py:150} INFO - [2024-11-01T18:40:37.082+0000] {dagbag.py:541} INFO - Filling up the DagBag from /home/airflow/.local/lib/python3.7/site-packages/airflow/example_dags/example_task_group_decorator.py
[2024-11-01T18:40:37.114+0000] {processor.py:836} INFO - DAG(s) dict_keys(['example_task_group_decorator']) retrieved from /home/airflow/.local/lib/python3.7/site-packages/airflow/example_dags/example_task_group_decorator.py
[2024-11-01T18:40:37.142+0000] {logging_mixin.py:150} INFO - [2024-11-01T18:40:37.142+0000] {dag.py:2742} INFO - Sync 1 DAGs
[2024-11-01T18:40:37.161+0000] {logging_mixin.py:150} INFO - [2024-11-01T18:40:37.161+0000] {dag.py:3508} INFO - Setting next_dagrun for example_task_group_decorator to 2024-10-31T18:40:37.161407+00:00, run_after=2024-11-01T18:40:37.161407+00:00
[2024-11-01T18:40:37.179+0000] {processor.py:179} INFO - Processing /home/airflow/.local/lib/python3.7/site-packages/airflow/example_dags/example_task_group_decorator.py took 0.206 seconds
[2024-11-01T18:41:07.410+0000] {processor.py:157} INFO - Started process (PID=2377) to work on /home/airflow/.local/lib/python3.7/site-packages/airflow/example_dags/example_task_group_decorator.py
[2024-11-01T18:41:07.418+0000] {processor.py:826} INFO - Processing file /home/airflow/.local/lib/python3.7/site-packages/airflow/example_dags/example_task_group_decorator.py for tasks to queue
[2024-11-01T18:41:07.420+0000] {logging_mixin.py:150} INFO - [2024-11-01T18:41:07.419+0000] {dagbag.py:541} INFO - Filling up the DagBag from /home/airflow/.local/lib/python3.7/site-packages/airflow/example_dags/example_task_group_decorator.py
[2024-11-01T18:41:07.437+0000] {processor.py:836} INFO - DAG(s) dict_keys(['example_task_group_decorator']) retrieved from /home/airflow/.local/lib/python3.7/site-packages/airflow/example_dags/example_task_group_decorator.py
[2024-11-01T18:41:07.488+0000] {logging_mixin.py:150} INFO - [2024-11-01T18:41:07.487+0000] {dag.py:2742} INFO - Sync 1 DAGs
[2024-11-01T18:41:07.546+0000] {logging_mixin.py:150} INFO - [2024-11-01T18:41:07.546+0000] {dag.py:3508} INFO - Setting next_dagrun for example_task_group_decorator to 2024-10-31T18:41:07.545984+00:00, run_after=2024-11-01T18:41:07.545984+00:00
[2024-11-01T18:41:07.568+0000] {processor.py:179} INFO - Processing /home/airflow/.local/lib/python3.7/site-packages/airflow/example_dags/example_task_group_decorator.py took 0.165 seconds
[2024-11-01T18:41:38.412+0000] {processor.py:157} INFO - Started process (PID=2439) to work on /home/airflow/.local/lib/python3.7/site-packages/airflow/example_dags/example_task_group_decorator.py
[2024-11-01T18:41:38.413+0000] {processor.py:826} INFO - Processing file /home/airflow/.local/lib/python3.7/site-packages/airflow/example_dags/example_task_group_decorator.py for tasks to queue
[2024-11-01T18:41:38.414+0000] {logging_mixin.py:150} INFO - [2024-11-01T18:41:38.414+0000] {dagbag.py:541} INFO - Filling up the DagBag from /home/airflow/.local/lib/python3.7/site-packages/airflow/example_dags/example_task_group_decorator.py
[2024-11-01T18:41:38.434+0000] {processor.py:836} INFO - DAG(s) dict_keys(['example_task_group_decorator']) retrieved from /home/airflow/.local/lib/python3.7/site-packages/airflow/example_dags/example_task_group_decorator.py
[2024-11-01T18:41:38.458+0000] {logging_mixin.py:150} INFO - [2024-11-01T18:41:38.458+0000] {dag.py:2742} INFO - Sync 1 DAGs
[2024-11-01T18:41:38.475+0000] {logging_mixin.py:150} INFO - [2024-11-01T18:41:38.475+0000] {dag.py:3508} INFO - Setting next_dagrun for example_task_group_decorator to 2024-10-31T18:41:38.475176+00:00, run_after=2024-11-01T18:41:38.475176+00:00
[2024-11-01T18:41:38.489+0000] {processor.py:179} INFO - Processing /home/airflow/.local/lib/python3.7/site-packages/airflow/example_dags/example_task_group_decorator.py took 0.081 seconds
[2024-11-01T18:42:08.618+0000] {processor.py:157} INFO - Started process (PID=2501) to work on /home/airflow/.local/lib/python3.7/site-packages/airflow/example_dags/example_task_group_decorator.py
[2024-11-01T18:42:08.620+0000] {processor.py:826} INFO - Processing file /home/airflow/.local/lib/python3.7/site-packages/airflow/example_dags/example_task_group_decorator.py for tasks to queue
[2024-11-01T18:42:08.620+0000] {logging_mixin.py:150} INFO - [2024-11-01T18:42:08.620+0000] {dagbag.py:541} INFO - Filling up the DagBag from /home/airflow/.local/lib/python3.7/site-packages/airflow/example_dags/example_task_group_decorator.py
[2024-11-01T18:42:08.642+0000] {processor.py:836} INFO - DAG(s) dict_keys(['example_task_group_decorator']) retrieved from /home/airflow/.local/lib/python3.7/site-packages/airflow/example_dags/example_task_group_decorator.py
[2024-11-01T18:42:08.667+0000] {logging_mixin.py:150} INFO - [2024-11-01T18:42:08.667+0000] {dag.py:2742} INFO - Sync 1 DAGs
[2024-11-01T18:42:08.684+0000] {logging_mixin.py:150} INFO - [2024-11-01T18:42:08.684+0000] {dag.py:3508} INFO - Setting next_dagrun for example_task_group_decorator to 2024-10-31T18:42:08.684513+00:00, run_after=2024-11-01T18:42:08.684513+00:00
[2024-11-01T18:42:08.700+0000] {processor.py:179} INFO - Processing /home/airflow/.local/lib/python3.7/site-packages/airflow/example_dags/example_task_group_decorator.py took 0.085 seconds
[2024-11-01T18:42:39.297+0000] {processor.py:157} INFO - Started process (PID=2563) to work on /home/airflow/.local/lib/python3.7/site-packages/airflow/example_dags/example_task_group_decorator.py
[2024-11-01T18:42:39.300+0000] {processor.py:826} INFO - Processing file /home/airflow/.local/lib/python3.7/site-packages/airflow/example_dags/example_task_group_decorator.py for tasks to queue
[2024-11-01T18:42:39.302+0000] {logging_mixin.py:150} INFO - [2024-11-01T18:42:39.302+0000] {dagbag.py:541} INFO - Filling up the DagBag from /home/airflow/.local/lib/python3.7/site-packages/airflow/example_dags/example_task_group_decorator.py
[2024-11-01T18:42:39.323+0000] {processor.py:836} INFO - DAG(s) dict_keys(['example_task_group_decorator']) retrieved from /home/airflow/.local/lib/python3.7/site-packages/airflow/example_dags/example_task_group_decorator.py
[2024-11-01T18:42:39.357+0000] {logging_mixin.py:150} INFO - [2024-11-01T18:42:39.357+0000] {dag.py:2742} INFO - Sync 1 DAGs
[2024-11-01T18:42:39.380+0000] {logging_mixin.py:150} INFO - [2024-11-01T18:42:39.380+0000] {dag.py:3508} INFO - Setting next_dagrun for example_task_group_decorator to 2024-10-31T18:42:39.379647+00:00, run_after=2024-11-01T18:42:39.379647+00:00
[2024-11-01T18:42:39.401+0000] {processor.py:179} INFO - Processing /home/airflow/.local/lib/python3.7/site-packages/airflow/example_dags/example_task_group_decorator.py took 0.109 seconds
[2024-11-01T18:43:11.663+0000] {processor.py:157} INFO - Started process (PID=2631) to work on /home/airflow/.local/lib/python3.7/site-packages/airflow/example_dags/example_task_group_decorator.py
[2024-11-01T18:43:11.664+0000] {processor.py:826} INFO - Processing file /home/airflow/.local/lib/python3.7/site-packages/airflow/example_dags/example_task_group_decorator.py for tasks to queue
[2024-11-01T18:43:11.665+0000] {logging_mixin.py:150} INFO - [2024-11-01T18:43:11.665+0000] {dagbag.py:541} INFO - Filling up the DagBag from /home/airflow/.local/lib/python3.7/site-packages/airflow/example_dags/example_task_group_decorator.py
[2024-11-01T18:43:11.682+0000] {processor.py:836} INFO - DAG(s) dict_keys(['example_task_group_decorator']) retrieved from /home/airflow/.local/lib/python3.7/site-packages/airflow/example_dags/example_task_group_decorator.py
[2024-11-01T18:43:11.719+0000] {logging_mixin.py:150} INFO - [2024-11-01T18:43:11.718+0000] {dag.py:2742} INFO - Sync 1 DAGs
[2024-11-01T18:43:11.761+0000] {logging_mixin.py:150} INFO - [2024-11-01T18:43:11.761+0000] {dag.py:3508} INFO - Setting next_dagrun for example_task_group_decorator to 2024-10-31T18:43:11.759301+00:00, run_after=2024-11-01T18:43:11.759301+00:00
[2024-11-01T18:43:11.777+0000] {processor.py:179} INFO - Processing /home/airflow/.local/lib/python3.7/site-packages/airflow/example_dags/example_task_group_decorator.py took 0.117 seconds
[2024-11-01T18:43:42.131+0000] {processor.py:157} INFO - Started process (PID=2685) to work on /home/airflow/.local/lib/python3.7/site-packages/airflow/example_dags/example_task_group_decorator.py
[2024-11-01T18:43:42.132+0000] {processor.py:826} INFO - Processing file /home/airflow/.local/lib/python3.7/site-packages/airflow/example_dags/example_task_group_decorator.py for tasks to queue
[2024-11-01T18:43:42.133+0000] {logging_mixin.py:150} INFO - [2024-11-01T18:43:42.133+0000] {dagbag.py:541} INFO - Filling up the DagBag from /home/airflow/.local/lib/python3.7/site-packages/airflow/example_dags/example_task_group_decorator.py
[2024-11-01T18:43:42.144+0000] {processor.py:836} INFO - DAG(s) dict_keys(['example_task_group_decorator']) retrieved from /home/airflow/.local/lib/python3.7/site-packages/airflow/example_dags/example_task_group_decorator.py
[2024-11-01T18:43:42.160+0000] {logging_mixin.py:150} INFO - [2024-11-01T18:43:42.160+0000] {dag.py:2742} INFO - Sync 1 DAGs
[2024-11-01T18:43:42.173+0000] {logging_mixin.py:150} INFO - [2024-11-01T18:43:42.173+0000] {dag.py:3508} INFO - Setting next_dagrun for example_task_group_decorator to 2024-10-31T18:43:42.173574+00:00, run_after=2024-11-01T18:43:42.173574+00:00
[2024-11-01T18:43:42.188+0000] {processor.py:179} INFO - Processing /home/airflow/.local/lib/python3.7/site-packages/airflow/example_dags/example_task_group_decorator.py took 0.059 seconds
[2024-11-01T18:44:12.456+0000] {processor.py:157} INFO - Started process (PID=2747) to work on /home/airflow/.local/lib/python3.7/site-packages/airflow/example_dags/example_task_group_decorator.py
[2024-11-01T18:44:12.457+0000] {processor.py:826} INFO - Processing file /home/airflow/.local/lib/python3.7/site-packages/airflow/example_dags/example_task_group_decorator.py for tasks to queue
[2024-11-01T18:44:12.458+0000] {logging_mixin.py:150} INFO - [2024-11-01T18:44:12.457+0000] {dagbag.py:541} INFO - Filling up the DagBag from /home/airflow/.local/lib/python3.7/site-packages/airflow/example_dags/example_task_group_decorator.py
[2024-11-01T18:44:12.468+0000] {processor.py:836} INFO - DAG(s) dict_keys(['example_task_group_decorator']) retrieved from /home/airflow/.local/lib/python3.7/site-packages/airflow/example_dags/example_task_group_decorator.py
[2024-11-01T18:44:12.488+0000] {logging_mixin.py:150} INFO - [2024-11-01T18:44:12.488+0000] {dag.py:2742} INFO - Sync 1 DAGs
[2024-11-01T18:44:12.504+0000] {logging_mixin.py:150} INFO - [2024-11-01T18:44:12.504+0000] {dag.py:3508} INFO - Setting next_dagrun for example_task_group_decorator to 2024-10-31T18:44:12.504226+00:00, run_after=2024-11-01T18:44:12.504226+00:00
[2024-11-01T18:44:12.519+0000] {processor.py:179} INFO - Processing /home/airflow/.local/lib/python3.7/site-packages/airflow/example_dags/example_task_group_decorator.py took 0.066 seconds
[2024-11-01T18:44:42.640+0000] {processor.py:157} INFO - Started process (PID=2809) to work on /home/airflow/.local/lib/python3.7/site-packages/airflow/example_dags/example_task_group_decorator.py
[2024-11-01T18:44:42.641+0000] {processor.py:826} INFO - Processing file /home/airflow/.local/lib/python3.7/site-packages/airflow/example_dags/example_task_group_decorator.py for tasks to queue
[2024-11-01T18:44:42.643+0000] {logging_mixin.py:150} INFO - [2024-11-01T18:44:42.643+0000] {dagbag.py:541} INFO - Filling up the DagBag from /home/airflow/.local/lib/python3.7/site-packages/airflow/example_dags/example_task_group_decorator.py
[2024-11-01T18:44:42.651+0000] {processor.py:836} INFO - DAG(s) dict_keys(['example_task_group_decorator']) retrieved from /home/airflow/.local/lib/python3.7/site-packages/airflow/example_dags/example_task_group_decorator.py
[2024-11-01T18:44:42.664+0000] {logging_mixin.py:150} INFO - [2024-11-01T18:44:42.664+0000] {dag.py:2742} INFO - Sync 1 DAGs
[2024-11-01T18:44:42.677+0000] {logging_mixin.py:150} INFO - [2024-11-01T18:44:42.677+0000] {dag.py:3508} INFO - Setting next_dagrun for example_task_group_decorator to 2024-10-31T18:44:42.677141+00:00, run_after=2024-11-01T18:44:42.677141+00:00
[2024-11-01T18:44:42.686+0000] {processor.py:179} INFO - Processing /home/airflow/.local/lib/python3.7/site-packages/airflow/example_dags/example_task_group_decorator.py took 0.047 seconds
[2024-11-01T18:45:13.138+0000] {processor.py:157} INFO - Started process (PID=2871) to work on /home/airflow/.local/lib/python3.7/site-packages/airflow/example_dags/example_task_group_decorator.py
[2024-11-01T18:45:13.139+0000] {processor.py:826} INFO - Processing file /home/airflow/.local/lib/python3.7/site-packages/airflow/example_dags/example_task_group_decorator.py for tasks to queue
[2024-11-01T18:45:13.139+0000] {logging_mixin.py:150} INFO - [2024-11-01T18:45:13.139+0000] {dagbag.py:541} INFO - Filling up the DagBag from /home/airflow/.local/lib/python3.7/site-packages/airflow/example_dags/example_task_group_decorator.py
[2024-11-01T18:45:13.146+0000] {processor.py:836} INFO - DAG(s) dict_keys(['example_task_group_decorator']) retrieved from /home/airflow/.local/lib/python3.7/site-packages/airflow/example_dags/example_task_group_decorator.py
[2024-11-01T18:45:13.159+0000] {logging_mixin.py:150} INFO - [2024-11-01T18:45:13.159+0000] {dag.py:2742} INFO - Sync 1 DAGs
[2024-11-01T18:45:13.170+0000] {logging_mixin.py:150} INFO - [2024-11-01T18:45:13.170+0000] {dag.py:3508} INFO - Setting next_dagrun for example_task_group_decorator to 2024-10-31T18:45:13.169988+00:00, run_after=2024-11-01T18:45:13.169988+00:00
[2024-11-01T18:45:13.177+0000] {processor.py:179} INFO - Processing /home/airflow/.local/lib/python3.7/site-packages/airflow/example_dags/example_task_group_decorator.py took 0.041 seconds
[2024-11-01T18:45:43.768+0000] {processor.py:157} INFO - Started process (PID=2929) to work on /home/airflow/.local/lib/python3.7/site-packages/airflow/example_dags/example_task_group_decorator.py
[2024-11-01T18:45:43.770+0000] {processor.py:826} INFO - Processing file /home/airflow/.local/lib/python3.7/site-packages/airflow/example_dags/example_task_group_decorator.py for tasks to queue
[2024-11-01T18:45:43.771+0000] {logging_mixin.py:150} INFO - [2024-11-01T18:45:43.771+0000] {dagbag.py:541} INFO - Filling up the DagBag from /home/airflow/.local/lib/python3.7/site-packages/airflow/example_dags/example_task_group_decorator.py
[2024-11-01T18:45:43.779+0000] {processor.py:836} INFO - DAG(s) dict_keys(['example_task_group_decorator']) retrieved from /home/airflow/.local/lib/python3.7/site-packages/airflow/example_dags/example_task_group_decorator.py
[2024-11-01T18:45:43.798+0000] {logging_mixin.py:150} INFO - [2024-11-01T18:45:43.797+0000] {dag.py:2742} INFO - Sync 1 DAGs
[2024-11-01T18:45:43.813+0000] {logging_mixin.py:150} INFO - [2024-11-01T18:45:43.813+0000] {dag.py:3508} INFO - Setting next_dagrun for example_task_group_decorator to 2024-10-31T18:45:43.812972+00:00, run_after=2024-11-01T18:45:43.812972+00:00
[2024-11-01T18:45:43.825+0000] {processor.py:179} INFO - Processing /home/airflow/.local/lib/python3.7/site-packages/airflow/example_dags/example_task_group_decorator.py took 0.060 seconds
[2024-11-01T18:46:14.701+0000] {processor.py:157} INFO - Started process (PID=2990) to work on /home/airflow/.local/lib/python3.7/site-packages/airflow/example_dags/example_task_group_decorator.py
[2024-11-01T18:46:14.701+0000] {processor.py:826} INFO - Processing file /home/airflow/.local/lib/python3.7/site-packages/airflow/example_dags/example_task_group_decorator.py for tasks to queue
[2024-11-01T18:46:14.702+0000] {logging_mixin.py:150} INFO - [2024-11-01T18:46:14.702+0000] {dagbag.py:541} INFO - Filling up the DagBag from /home/airflow/.local/lib/python3.7/site-packages/airflow/example_dags/example_task_group_decorator.py
[2024-11-01T18:46:14.710+0000] {processor.py:836} INFO - DAG(s) dict_keys(['example_task_group_decorator']) retrieved from /home/airflow/.local/lib/python3.7/site-packages/airflow/example_dags/example_task_group_decorator.py
[2024-11-01T18:46:14.727+0000] {logging_mixin.py:150} INFO - [2024-11-01T18:46:14.727+0000] {dag.py:2742} INFO - Sync 1 DAGs
[2024-11-01T18:46:14.743+0000] {logging_mixin.py:150} INFO - [2024-11-01T18:46:14.743+0000] {dag.py:3508} INFO - Setting next_dagrun for example_task_group_decorator to 2024-10-31T18:46:14.742822+00:00, run_after=2024-11-01T18:46:14.742822+00:00
[2024-11-01T18:46:14.757+0000] {processor.py:179} INFO - Processing /home/airflow/.local/lib/python3.7/site-packages/airflow/example_dags/example_task_group_decorator.py took 0.058 seconds
[2024-11-01T18:46:47.821+0000] {processor.py:157} INFO - Started process (PID=3052) to work on /home/airflow/.local/lib/python3.7/site-packages/airflow/example_dags/example_task_group_decorator.py
[2024-11-01T18:46:47.824+0000] {processor.py:826} INFO - Processing file /home/airflow/.local/lib/python3.7/site-packages/airflow/example_dags/example_task_group_decorator.py for tasks to queue
[2024-11-01T18:46:47.825+0000] {logging_mixin.py:150} INFO - [2024-11-01T18:46:47.825+0000] {dagbag.py:541} INFO - Filling up the DagBag from /home/airflow/.local/lib/python3.7/site-packages/airflow/example_dags/example_task_group_decorator.py
[2024-11-01T18:46:47.844+0000] {processor.py:836} INFO - DAG(s) dict_keys(['example_task_group_decorator']) retrieved from /home/airflow/.local/lib/python3.7/site-packages/airflow/example_dags/example_task_group_decorator.py
[2024-11-01T18:46:47.897+0000] {logging_mixin.py:150} INFO - [2024-11-01T18:46:47.897+0000] {dag.py:2742} INFO - Sync 1 DAGs
[2024-11-01T18:46:47.923+0000] {logging_mixin.py:150} INFO - [2024-11-01T18:46:47.923+0000] {dag.py:3508} INFO - Setting next_dagrun for example_task_group_decorator to 2024-10-31T18:46:47.923350+00:00, run_after=2024-11-01T18:46:47.923350+00:00
[2024-11-01T18:46:47.955+0000] {processor.py:179} INFO - Processing /home/airflow/.local/lib/python3.7/site-packages/airflow/example_dags/example_task_group_decorator.py took 0.147 seconds
[2024-11-01T18:47:18.970+0000] {processor.py:157} INFO - Started process (PID=3113) to work on /home/airflow/.local/lib/python3.7/site-packages/airflow/example_dags/example_task_group_decorator.py
[2024-11-01T18:47:18.971+0000] {processor.py:826} INFO - Processing file /home/airflow/.local/lib/python3.7/site-packages/airflow/example_dags/example_task_group_decorator.py for tasks to queue
[2024-11-01T18:47:18.972+0000] {logging_mixin.py:150} INFO - [2024-11-01T18:47:18.971+0000] {dagbag.py:541} INFO - Filling up the DagBag from /home/airflow/.local/lib/python3.7/site-packages/airflow/example_dags/example_task_group_decorator.py
[2024-11-01T18:47:18.984+0000] {processor.py:836} INFO - DAG(s) dict_keys(['example_task_group_decorator']) retrieved from /home/airflow/.local/lib/python3.7/site-packages/airflow/example_dags/example_task_group_decorator.py
[2024-11-01T18:47:19.020+0000] {logging_mixin.py:150} INFO - [2024-11-01T18:47:19.019+0000] {dag.py:2742} INFO - Sync 1 DAGs
[2024-11-01T18:47:19.036+0000] {logging_mixin.py:150} INFO - [2024-11-01T18:47:19.036+0000] {dag.py:3508} INFO - Setting next_dagrun for example_task_group_decorator to 2024-10-31T18:47:19.036367+00:00, run_after=2024-11-01T18:47:19.036367+00:00
[2024-11-01T18:47:19.046+0000] {processor.py:179} INFO - Processing /home/airflow/.local/lib/python3.7/site-packages/airflow/example_dags/example_task_group_decorator.py took 0.086 seconds
[2024-11-01T18:47:50.139+0000] {processor.py:157} INFO - Started process (PID=3176) to work on /home/airflow/.local/lib/python3.7/site-packages/airflow/example_dags/example_task_group_decorator.py
[2024-11-01T18:47:50.149+0000] {processor.py:826} INFO - Processing file /home/airflow/.local/lib/python3.7/site-packages/airflow/example_dags/example_task_group_decorator.py for tasks to queue
[2024-11-01T18:47:50.151+0000] {logging_mixin.py:150} INFO - [2024-11-01T18:47:50.150+0000] {dagbag.py:541} INFO - Filling up the DagBag from /home/airflow/.local/lib/python3.7/site-packages/airflow/example_dags/example_task_group_decorator.py
[2024-11-01T18:47:50.204+0000] {processor.py:836} INFO - DAG(s) dict_keys(['example_task_group_decorator']) retrieved from /home/airflow/.local/lib/python3.7/site-packages/airflow/example_dags/example_task_group_decorator.py
[2024-11-01T18:47:50.300+0000] {logging_mixin.py:150} INFO - [2024-11-01T18:47:50.300+0000] {dag.py:2742} INFO - Sync 1 DAGs
[2024-11-01T18:47:50.344+0000] {logging_mixin.py:150} INFO - [2024-11-01T18:47:50.344+0000] {dag.py:3508} INFO - Setting next_dagrun for example_task_group_decorator to 2024-10-31T18:47:50.343469+00:00, run_after=2024-11-01T18:47:50.343469+00:00
[2024-11-01T18:47:50.359+0000] {processor.py:179} INFO - Processing /home/airflow/.local/lib/python3.7/site-packages/airflow/example_dags/example_task_group_decorator.py took 0.258 seconds
[2024-11-01T18:48:20.844+0000] {processor.py:157} INFO - Started process (PID=3238) to work on /home/airflow/.local/lib/python3.7/site-packages/airflow/example_dags/example_task_group_decorator.py
[2024-11-01T18:48:20.849+0000] {processor.py:826} INFO - Processing file /home/airflow/.local/lib/python3.7/site-packages/airflow/example_dags/example_task_group_decorator.py for tasks to queue
[2024-11-01T18:48:20.851+0000] {logging_mixin.py:150} INFO - [2024-11-01T18:48:20.850+0000] {dagbag.py:541} INFO - Filling up the DagBag from /home/airflow/.local/lib/python3.7/site-packages/airflow/example_dags/example_task_group_decorator.py
[2024-11-01T18:48:20.877+0000] {processor.py:836} INFO - DAG(s) dict_keys(['example_task_group_decorator']) retrieved from /home/airflow/.local/lib/python3.7/site-packages/airflow/example_dags/example_task_group_decorator.py
[2024-11-01T18:48:20.926+0000] {logging_mixin.py:150} INFO - [2024-11-01T18:48:20.925+0000] {dag.py:2742} INFO - Sync 1 DAGs
[2024-11-01T18:48:20.948+0000] {logging_mixin.py:150} INFO - [2024-11-01T18:48:20.948+0000] {dag.py:3508} INFO - Setting next_dagrun for example_task_group_decorator to 2024-10-31T18:48:20.947813+00:00, run_after=2024-11-01T18:48:20.947813+00:00
[2024-11-01T18:48:20.965+0000] {processor.py:179} INFO - Processing /home/airflow/.local/lib/python3.7/site-packages/airflow/example_dags/example_task_group_decorator.py took 0.132 seconds
[2024-11-01T18:48:51.909+0000] {processor.py:157} INFO - Started process (PID=3300) to work on /home/airflow/.local/lib/python3.7/site-packages/airflow/example_dags/example_task_group_decorator.py
[2024-11-01T18:48:51.910+0000] {processor.py:826} INFO - Processing file /home/airflow/.local/lib/python3.7/site-packages/airflow/example_dags/example_task_group_decorator.py for tasks to queue
[2024-11-01T18:48:51.911+0000] {logging_mixin.py:150} INFO - [2024-11-01T18:48:51.911+0000] {dagbag.py:541} INFO - Filling up the DagBag from /home/airflow/.local/lib/python3.7/site-packages/airflow/example_dags/example_task_group_decorator.py
[2024-11-01T18:48:51.934+0000] {processor.py:836} INFO - DAG(s) dict_keys(['example_task_group_decorator']) retrieved from /home/airflow/.local/lib/python3.7/site-packages/airflow/example_dags/example_task_group_decorator.py
[2024-11-01T18:48:51.993+0000] {logging_mixin.py:150} INFO - [2024-11-01T18:48:51.993+0000] {dag.py:2742} INFO - Sync 1 DAGs
[2024-11-01T18:48:52.018+0000] {logging_mixin.py:150} INFO - [2024-11-01T18:48:52.018+0000] {dag.py:3508} INFO - Setting next_dagrun for example_task_group_decorator to 2024-10-31T18:48:52.018237+00:00, run_after=2024-11-01T18:48:52.018237+00:00
[2024-11-01T18:48:52.048+0000] {processor.py:179} INFO - Processing /home/airflow/.local/lib/python3.7/site-packages/airflow/example_dags/example_task_group_decorator.py took 0.148 seconds
[2024-11-01T18:49:22.878+0000] {processor.py:157} INFO - Started process (PID=3362) to work on /home/airflow/.local/lib/python3.7/site-packages/airflow/example_dags/example_task_group_decorator.py
[2024-11-01T18:49:22.883+0000] {processor.py:826} INFO - Processing file /home/airflow/.local/lib/python3.7/site-packages/airflow/example_dags/example_task_group_decorator.py for tasks to queue
[2024-11-01T18:49:22.885+0000] {logging_mixin.py:150} INFO - [2024-11-01T18:49:22.884+0000] {dagbag.py:541} INFO - Filling up the DagBag from /home/airflow/.local/lib/python3.7/site-packages/airflow/example_dags/example_task_group_decorator.py
[2024-11-01T18:49:22.931+0000] {processor.py:836} INFO - DAG(s) dict_keys(['example_task_group_decorator']) retrieved from /home/airflow/.local/lib/python3.7/site-packages/airflow/example_dags/example_task_group_decorator.py
[2024-11-01T18:49:22.991+0000] {logging_mixin.py:150} INFO - [2024-11-01T18:49:22.991+0000] {dag.py:2742} INFO - Sync 1 DAGs
[2024-11-01T18:49:23.026+0000] {logging_mixin.py:150} INFO - [2024-11-01T18:49:23.026+0000] {dag.py:3508} INFO - Setting next_dagrun for example_task_group_decorator to 2024-10-31T18:49:23.024974+00:00, run_after=2024-11-01T18:49:23.024974+00:00
[2024-11-01T18:49:23.050+0000] {processor.py:179} INFO - Processing /home/airflow/.local/lib/python3.7/site-packages/airflow/example_dags/example_task_group_decorator.py took 0.187 seconds
[2024-11-01T18:49:53.298+0000] {processor.py:157} INFO - Started process (PID=3424) to work on /home/airflow/.local/lib/python3.7/site-packages/airflow/example_dags/example_task_group_decorator.py
[2024-11-01T18:49:53.300+0000] {processor.py:826} INFO - Processing file /home/airflow/.local/lib/python3.7/site-packages/airflow/example_dags/example_task_group_decorator.py for tasks to queue
[2024-11-01T18:49:53.305+0000] {logging_mixin.py:150} INFO - [2024-11-01T18:49:53.303+0000] {dagbag.py:541} INFO - Filling up the DagBag from /home/airflow/.local/lib/python3.7/site-packages/airflow/example_dags/example_task_group_decorator.py
[2024-11-01T18:49:53.339+0000] {processor.py:836} INFO - DAG(s) dict_keys(['example_task_group_decorator']) retrieved from /home/airflow/.local/lib/python3.7/site-packages/airflow/example_dags/example_task_group_decorator.py
[2024-11-01T18:49:53.391+0000] {logging_mixin.py:150} INFO - [2024-11-01T18:49:53.391+0000] {dag.py:2742} INFO - Sync 1 DAGs
[2024-11-01T18:49:53.430+0000] {logging_mixin.py:150} INFO - [2024-11-01T18:49:53.430+0000] {dag.py:3508} INFO - Setting next_dagrun for example_task_group_decorator to 2024-10-31T18:49:53.428849+00:00, run_after=2024-11-01T18:49:53.428849+00:00
[2024-11-01T18:49:53.459+0000] {processor.py:179} INFO - Processing /home/airflow/.local/lib/python3.7/site-packages/airflow/example_dags/example_task_group_decorator.py took 0.173 seconds
[2024-11-01T18:50:23.993+0000] {processor.py:157} INFO - Started process (PID=3486) to work on /home/airflow/.local/lib/python3.7/site-packages/airflow/example_dags/example_task_group_decorator.py
[2024-11-01T18:50:23.996+0000] {processor.py:826} INFO - Processing file /home/airflow/.local/lib/python3.7/site-packages/airflow/example_dags/example_task_group_decorator.py for tasks to queue
[2024-11-01T18:50:23.997+0000] {logging_mixin.py:150} INFO - [2024-11-01T18:50:23.996+0000] {dagbag.py:541} INFO - Filling up the DagBag from /home/airflow/.local/lib/python3.7/site-packages/airflow/example_dags/example_task_group_decorator.py
[2024-11-01T18:50:24.019+0000] {processor.py:836} INFO - DAG(s) dict_keys(['example_task_group_decorator']) retrieved from /home/airflow/.local/lib/python3.7/site-packages/airflow/example_dags/example_task_group_decorator.py
[2024-11-01T18:50:24.069+0000] {logging_mixin.py:150} INFO - [2024-11-01T18:50:24.069+0000] {dag.py:2742} INFO - Sync 1 DAGs
[2024-11-01T18:50:24.097+0000] {logging_mixin.py:150} INFO - [2024-11-01T18:50:24.097+0000] {dag.py:3508} INFO - Setting next_dagrun for example_task_group_decorator to 2024-10-31T18:50:24.097223+00:00, run_after=2024-11-01T18:50:24.097223+00:00
[2024-11-01T18:50:24.121+0000] {processor.py:179} INFO - Processing /home/airflow/.local/lib/python3.7/site-packages/airflow/example_dags/example_task_group_decorator.py took 0.141 seconds
[2024-11-01T18:50:54.860+0000] {processor.py:157} INFO - Started process (PID=3548) to work on /home/airflow/.local/lib/python3.7/site-packages/airflow/example_dags/example_task_group_decorator.py
[2024-11-01T18:50:54.863+0000] {processor.py:826} INFO - Processing file /home/airflow/.local/lib/python3.7/site-packages/airflow/example_dags/example_task_group_decorator.py for tasks to queue
[2024-11-01T18:50:54.864+0000] {logging_mixin.py:150} INFO - [2024-11-01T18:50:54.864+0000] {dagbag.py:541} INFO - Filling up the DagBag from /home/airflow/.local/lib/python3.7/site-packages/airflow/example_dags/example_task_group_decorator.py
[2024-11-01T18:50:54.884+0000] {processor.py:836} INFO - DAG(s) dict_keys(['example_task_group_decorator']) retrieved from /home/airflow/.local/lib/python3.7/site-packages/airflow/example_dags/example_task_group_decorator.py
[2024-11-01T18:50:54.931+0000] {logging_mixin.py:150} INFO - [2024-11-01T18:50:54.931+0000] {dag.py:2742} INFO - Sync 1 DAGs
[2024-11-01T18:50:54.956+0000] {logging_mixin.py:150} INFO - [2024-11-01T18:50:54.956+0000] {dag.py:3508} INFO - Setting next_dagrun for example_task_group_decorator to 2024-10-31T18:50:54.956142+00:00, run_after=2024-11-01T18:50:54.956142+00:00
[2024-11-01T18:50:54.990+0000] {processor.py:179} INFO - Processing /home/airflow/.local/lib/python3.7/site-packages/airflow/example_dags/example_task_group_decorator.py took 0.136 seconds
[2024-11-01T18:51:25.094+0000] {processor.py:157} INFO - Started process (PID=3610) to work on /home/airflow/.local/lib/python3.7/site-packages/airflow/example_dags/example_task_group_decorator.py
[2024-11-01T18:51:25.095+0000] {processor.py:826} INFO - Processing file /home/airflow/.local/lib/python3.7/site-packages/airflow/example_dags/example_task_group_decorator.py for tasks to queue
[2024-11-01T18:51:25.095+0000] {logging_mixin.py:150} INFO - [2024-11-01T18:51:25.095+0000] {dagbag.py:541} INFO - Filling up the DagBag from /home/airflow/.local/lib/python3.7/site-packages/airflow/example_dags/example_task_group_decorator.py
[2024-11-01T18:51:25.106+0000] {processor.py:836} INFO - DAG(s) dict_keys(['example_task_group_decorator']) retrieved from /home/airflow/.local/lib/python3.7/site-packages/airflow/example_dags/example_task_group_decorator.py
[2024-11-01T18:51:25.148+0000] {logging_mixin.py:150} INFO - [2024-11-01T18:51:25.148+0000] {dag.py:2742} INFO - Sync 1 DAGs
[2024-11-01T18:51:25.172+0000] {logging_mixin.py:150} INFO - [2024-11-01T18:51:25.172+0000] {dag.py:3508} INFO - Setting next_dagrun for example_task_group_decorator to 2024-10-31T18:51:25.172123+00:00, run_after=2024-11-01T18:51:25.172123+00:00
[2024-11-01T18:51:25.190+0000] {processor.py:179} INFO - Processing /home/airflow/.local/lib/python3.7/site-packages/airflow/example_dags/example_task_group_decorator.py took 0.098 seconds
[2024-11-01T18:51:56.082+0000] {processor.py:157} INFO - Started process (PID=3672) to work on /home/airflow/.local/lib/python3.7/site-packages/airflow/example_dags/example_task_group_decorator.py
[2024-11-01T18:51:56.082+0000] {processor.py:826} INFO - Processing file /home/airflow/.local/lib/python3.7/site-packages/airflow/example_dags/example_task_group_decorator.py for tasks to queue
[2024-11-01T18:51:56.083+0000] {logging_mixin.py:150} INFO - [2024-11-01T18:51:56.083+0000] {dagbag.py:541} INFO - Filling up the DagBag from /home/airflow/.local/lib/python3.7/site-packages/airflow/example_dags/example_task_group_decorator.py
[2024-11-01T18:51:56.101+0000] {processor.py:836} INFO - DAG(s) dict_keys(['example_task_group_decorator']) retrieved from /home/airflow/.local/lib/python3.7/site-packages/airflow/example_dags/example_task_group_decorator.py
[2024-11-01T18:51:56.130+0000] {logging_mixin.py:150} INFO - [2024-11-01T18:51:56.130+0000] {dag.py:2742} INFO - Sync 1 DAGs
[2024-11-01T18:51:56.151+0000] {logging_mixin.py:150} INFO - [2024-11-01T18:51:56.151+0000] {dag.py:3508} INFO - Setting next_dagrun for example_task_group_decorator to 2024-10-31T18:51:56.151024+00:00, run_after=2024-11-01T18:51:56.151024+00:00
[2024-11-01T18:51:56.164+0000] {processor.py:179} INFO - Processing /home/airflow/.local/lib/python3.7/site-packages/airflow/example_dags/example_task_group_decorator.py took 0.085 seconds
[2024-11-01T18:52:26.200+0000] {processor.py:157} INFO - Started process (PID=3734) to work on /home/airflow/.local/lib/python3.7/site-packages/airflow/example_dags/example_task_group_decorator.py
[2024-11-01T18:52:26.202+0000] {processor.py:826} INFO - Processing file /home/airflow/.local/lib/python3.7/site-packages/airflow/example_dags/example_task_group_decorator.py for tasks to queue
[2024-11-01T18:52:26.203+0000] {logging_mixin.py:150} INFO - [2024-11-01T18:52:26.203+0000] {dagbag.py:541} INFO - Filling up the DagBag from /home/airflow/.local/lib/python3.7/site-packages/airflow/example_dags/example_task_group_decorator.py
[2024-11-01T18:52:26.215+0000] {processor.py:836} INFO - DAG(s) dict_keys(['example_task_group_decorator']) retrieved from /home/airflow/.local/lib/python3.7/site-packages/airflow/example_dags/example_task_group_decorator.py
[2024-11-01T18:52:26.237+0000] {logging_mixin.py:150} INFO - [2024-11-01T18:52:26.237+0000] {dag.py:2742} INFO - Sync 1 DAGs
[2024-11-01T18:52:26.253+0000] {logging_mixin.py:150} INFO - [2024-11-01T18:52:26.253+0000] {dag.py:3508} INFO - Setting next_dagrun for example_task_group_decorator to 2024-10-31T18:52:26.253429+00:00, run_after=2024-11-01T18:52:26.253429+00:00
[2024-11-01T18:52:26.265+0000] {processor.py:179} INFO - Processing /home/airflow/.local/lib/python3.7/site-packages/airflow/example_dags/example_task_group_decorator.py took 0.067 seconds
