[2024-11-01T18:12:06.063+0000] {processor.py:157} INFO - Started process (PID=75) to work on /home/airflow/.local/lib/python3.7/site-packages/airflow/example_dags/example_sensors.py
[2024-11-01T18:12:06.083+0000] {processor.py:826} INFO - Processing file /home/airflow/.local/lib/python3.7/site-packages/airflow/example_dags/example_sensors.py for tasks to queue
[2024-11-01T18:12:06.084+0000] {logging_mixin.py:150} INFO - [2024-11-01T18:12:06.084+0000] {dagbag.py:541} INFO - Filling up the DagBag from /home/airflow/.local/lib/python3.7/site-packages/airflow/example_dags/example_sensors.py
[2024-11-01T18:12:06.102+0000] {processor.py:836} INFO - DAG(s) dict_keys(['example_sensors']) retrieved from /home/airflow/.local/lib/python3.7/site-packages/airflow/example_dags/example_sensors.py
[2024-11-01T18:12:06.207+0000] {logging_mixin.py:150} INFO - [2024-11-01T18:12:06.207+0000] {dag.py:2742} INFO - Sync 1 DAGs
[2024-11-01T18:12:06.231+0000] {logging_mixin.py:150} INFO - [2024-11-01T18:12:06.231+0000] {dag.py:3508} INFO - Setting next_dagrun for example_sensors to None, run_after=None
[2024-11-01T18:12:06.246+0000] {processor.py:179} INFO - Processing /home/airflow/.local/lib/python3.7/site-packages/airflow/example_dags/example_sensors.py took 0.276 seconds
[2024-11-01T18:12:43.952+0000] {processor.py:157} INFO - Started process (PID=137) to work on /home/airflow/.local/lib/python3.7/site-packages/airflow/example_dags/example_sensors.py
[2024-11-01T18:12:43.984+0000] {processor.py:826} INFO - Processing file /home/airflow/.local/lib/python3.7/site-packages/airflow/example_dags/example_sensors.py for tasks to queue
[2024-11-01T18:12:43.989+0000] {logging_mixin.py:150} INFO - [2024-11-01T18:12:43.987+0000] {dagbag.py:541} INFO - Filling up the DagBag from /home/airflow/.local/lib/python3.7/site-packages/airflow/example_dags/example_sensors.py
[2024-11-01T18:12:44.027+0000] {processor.py:836} INFO - DAG(s) dict_keys(['example_sensors']) retrieved from /home/airflow/.local/lib/python3.7/site-packages/airflow/example_dags/example_sensors.py
[2024-11-01T18:12:47.442+0000] {logging_mixin.py:150} INFO - [2024-11-01T18:12:47.437+0000] {dag.py:2742} INFO - Sync 1 DAGs
[2024-11-01T18:12:48.601+0000] {logging_mixin.py:150} INFO - [2024-11-01T18:12:48.600+0000] {dag.py:3508} INFO - Setting next_dagrun for example_sensors to None, run_after=None
[2024-11-01T18:12:55.581+0000] {processor.py:179} INFO - Processing /home/airflow/.local/lib/python3.7/site-packages/airflow/example_dags/example_sensors.py took 11.809 seconds
[2024-11-01T18:13:27.603+0000] {processor.py:157} INFO - Started process (PID=199) to work on /home/airflow/.local/lib/python3.7/site-packages/airflow/example_dags/example_sensors.py
[2024-11-01T18:13:27.747+0000] {processor.py:826} INFO - Processing file /home/airflow/.local/lib/python3.7/site-packages/airflow/example_dags/example_sensors.py for tasks to queue
[2024-11-01T18:13:27.921+0000] {logging_mixin.py:150} INFO - [2024-11-01T18:13:27.812+0000] {dagbag.py:541} INFO - Filling up the DagBag from /home/airflow/.local/lib/python3.7/site-packages/airflow/example_dags/example_sensors.py
[2024-11-01T18:13:28.950+0000] {processor.py:836} INFO - DAG(s) dict_keys(['example_sensors']) retrieved from /home/airflow/.local/lib/python3.7/site-packages/airflow/example_dags/example_sensors.py
[2024-11-01T18:13:31.041+0000] {logging_mixin.py:150} INFO - [2024-11-01T18:13:31.039+0000] {dag.py:2742} INFO - Sync 1 DAGs
[2024-11-01T18:13:32.116+0000] {logging_mixin.py:150} INFO - [2024-11-01T18:13:32.114+0000] {dag.py:3508} INFO - Setting next_dagrun for example_sensors to None, run_after=None
[2024-11-01T18:13:33.892+0000] {processor.py:179} INFO - Processing /home/airflow/.local/lib/python3.7/site-packages/airflow/example_dags/example_sensors.py took 6.621 seconds
[2024-11-01T18:16:25.688+0000] {processor.py:157} INFO - Started process (PID=290) to work on /home/airflow/.local/lib/python3.7/site-packages/airflow/example_dags/example_sensors.py
[2024-11-01T18:16:25.715+0000] {processor.py:826} INFO - Processing file /home/airflow/.local/lib/python3.7/site-packages/airflow/example_dags/example_sensors.py for tasks to queue
[2024-11-01T18:16:25.735+0000] {logging_mixin.py:150} INFO - [2024-11-01T18:16:25.733+0000] {dagbag.py:541} INFO - Filling up the DagBag from /home/airflow/.local/lib/python3.7/site-packages/airflow/example_dags/example_sensors.py
[2024-11-01T18:16:26.340+0000] {processor.py:836} INFO - DAG(s) dict_keys(['example_sensors']) retrieved from /home/airflow/.local/lib/python3.7/site-packages/airflow/example_dags/example_sensors.py
[2024-11-01T18:16:26.509+0000] {logging_mixin.py:150} INFO - [2024-11-01T18:16:26.508+0000] {dag.py:2742} INFO - Sync 1 DAGs
[2024-11-01T18:16:27.876+0000] {logging_mixin.py:150} INFO - [2024-11-01T18:16:27.874+0000] {dag.py:3508} INFO - Setting next_dagrun for example_sensors to None, run_after=None
[2024-11-01T18:16:28.426+0000] {processor.py:179} INFO - Processing /home/airflow/.local/lib/python3.7/site-packages/airflow/example_dags/example_sensors.py took 2.808 seconds
[2024-11-01T18:17:55.804+0000] {processor.py:157} INFO - Started process (PID=375) to work on /home/airflow/.local/lib/python3.7/site-packages/airflow/example_dags/example_sensors.py
[2024-11-01T18:17:55.808+0000] {processor.py:826} INFO - Processing file /home/airflow/.local/lib/python3.7/site-packages/airflow/example_dags/example_sensors.py for tasks to queue
[2024-11-01T18:17:55.827+0000] {logging_mixin.py:150} INFO - [2024-11-01T18:17:55.821+0000] {dagbag.py:541} INFO - Filling up the DagBag from /home/airflow/.local/lib/python3.7/site-packages/airflow/example_dags/example_sensors.py
[2024-11-01T18:17:55.916+0000] {processor.py:836} INFO - DAG(s) dict_keys(['example_sensors']) retrieved from /home/airflow/.local/lib/python3.7/site-packages/airflow/example_dags/example_sensors.py
[2024-11-01T18:17:56.030+0000] {logging_mixin.py:150} INFO - [2024-11-01T18:17:56.028+0000] {dag.py:2742} INFO - Sync 1 DAGs
[2024-11-01T18:17:56.153+0000] {logging_mixin.py:150} INFO - [2024-11-01T18:17:56.144+0000] {dag.py:3508} INFO - Setting next_dagrun for example_sensors to None, run_after=None
[2024-11-01T18:17:56.495+0000] {processor.py:179} INFO - Processing /home/airflow/.local/lib/python3.7/site-packages/airflow/example_dags/example_sensors.py took 0.708 seconds
[2024-11-01T18:18:43.225+0000] {processor.py:157} INFO - Started process (PID=444) to work on /home/airflow/.local/lib/python3.7/site-packages/airflow/example_dags/example_sensors.py
[2024-11-01T18:18:43.230+0000] {processor.py:826} INFO - Processing file /home/airflow/.local/lib/python3.7/site-packages/airflow/example_dags/example_sensors.py for tasks to queue
[2024-11-01T18:18:43.231+0000] {logging_mixin.py:150} INFO - [2024-11-01T18:18:43.231+0000] {dagbag.py:541} INFO - Filling up the DagBag from /home/airflow/.local/lib/python3.7/site-packages/airflow/example_dags/example_sensors.py
[2024-11-01T18:18:43.264+0000] {processor.py:836} INFO - DAG(s) dict_keys(['example_sensors']) retrieved from /home/airflow/.local/lib/python3.7/site-packages/airflow/example_dags/example_sensors.py
[2024-11-01T18:18:43.340+0000] {logging_mixin.py:150} INFO - [2024-11-01T18:18:43.340+0000] {dag.py:2742} INFO - Sync 1 DAGs
[2024-11-01T18:18:43.396+0000] {logging_mixin.py:150} INFO - [2024-11-01T18:18:43.396+0000] {dag.py:3508} INFO - Setting next_dagrun for example_sensors to None, run_after=None
[2024-11-01T18:18:43.454+0000] {processor.py:179} INFO - Processing /home/airflow/.local/lib/python3.7/site-packages/airflow/example_dags/example_sensors.py took 0.234 seconds
[2024-11-01T18:19:24.078+0000] {processor.py:157} INFO - Started process (PID=505) to work on /home/airflow/.local/lib/python3.7/site-packages/airflow/example_dags/example_sensors.py
[2024-11-01T18:19:24.093+0000] {processor.py:826} INFO - Processing file /home/airflow/.local/lib/python3.7/site-packages/airflow/example_dags/example_sensors.py for tasks to queue
[2024-11-01T18:19:24.094+0000] {logging_mixin.py:150} INFO - [2024-11-01T18:19:24.094+0000] {dagbag.py:541} INFO - Filling up the DagBag from /home/airflow/.local/lib/python3.7/site-packages/airflow/example_dags/example_sensors.py
[2024-11-01T18:19:24.166+0000] {processor.py:836} INFO - DAG(s) dict_keys(['example_sensors']) retrieved from /home/airflow/.local/lib/python3.7/site-packages/airflow/example_dags/example_sensors.py
[2024-11-01T18:19:24.309+0000] {logging_mixin.py:150} INFO - [2024-11-01T18:19:24.308+0000] {dag.py:2742} INFO - Sync 1 DAGs
[2024-11-01T18:19:24.391+0000] {logging_mixin.py:150} INFO - [2024-11-01T18:19:24.390+0000] {dag.py:3508} INFO - Setting next_dagrun for example_sensors to None, run_after=None
[2024-11-01T18:19:24.497+0000] {processor.py:179} INFO - Processing /home/airflow/.local/lib/python3.7/site-packages/airflow/example_dags/example_sensors.py took 0.422 seconds
[2024-11-01T18:20:16.614+0000] {processor.py:157} INFO - Started process (PID=583) to work on /home/airflow/.local/lib/python3.7/site-packages/airflow/example_dags/example_sensors.py
[2024-11-01T18:20:16.623+0000] {processor.py:826} INFO - Processing file /home/airflow/.local/lib/python3.7/site-packages/airflow/example_dags/example_sensors.py for tasks to queue
[2024-11-01T18:20:16.650+0000] {logging_mixin.py:150} INFO - [2024-11-01T18:20:16.649+0000] {dagbag.py:541} INFO - Filling up the DagBag from /home/airflow/.local/lib/python3.7/site-packages/airflow/example_dags/example_sensors.py
[2024-11-01T18:20:16.837+0000] {processor.py:836} INFO - DAG(s) dict_keys(['example_sensors']) retrieved from /home/airflow/.local/lib/python3.7/site-packages/airflow/example_dags/example_sensors.py
[2024-11-01T18:20:17.993+0000] {logging_mixin.py:150} INFO - [2024-11-01T18:20:17.991+0000] {dag.py:2742} INFO - Sync 1 DAGs
[2024-11-01T18:20:18.188+0000] {logging_mixin.py:150} INFO - [2024-11-01T18:20:18.187+0000] {dag.py:3508} INFO - Setting next_dagrun for example_sensors to None, run_after=None
[2024-11-01T18:20:18.651+0000] {processor.py:179} INFO - Processing /home/airflow/.local/lib/python3.7/site-packages/airflow/example_dags/example_sensors.py took 2.036 seconds
[2024-11-01T18:21:27.806+0000] {processor.py:157} INFO - Started process (PID=668) to work on /home/airflow/.local/lib/python3.7/site-packages/airflow/example_dags/example_sensors.py
[2024-11-01T18:21:27.857+0000] {processor.py:826} INFO - Processing file /home/airflow/.local/lib/python3.7/site-packages/airflow/example_dags/example_sensors.py for tasks to queue
[2024-11-01T18:21:27.885+0000] {logging_mixin.py:150} INFO - [2024-11-01T18:21:27.883+0000] {dagbag.py:541} INFO - Filling up the DagBag from /home/airflow/.local/lib/python3.7/site-packages/airflow/example_dags/example_sensors.py
[2024-11-01T18:21:28.370+0000] {processor.py:836} INFO - DAG(s) dict_keys(['example_sensors']) retrieved from /home/airflow/.local/lib/python3.7/site-packages/airflow/example_dags/example_sensors.py
[2024-11-01T18:21:28.929+0000] {logging_mixin.py:150} INFO - [2024-11-01T18:21:28.929+0000] {dag.py:2742} INFO - Sync 1 DAGs
[2024-11-01T18:21:29.038+0000] {logging_mixin.py:150} INFO - [2024-11-01T18:21:29.038+0000] {dag.py:3508} INFO - Setting next_dagrun for example_sensors to None, run_after=None
[2024-11-01T18:21:29.180+0000] {processor.py:179} INFO - Processing /home/airflow/.local/lib/python3.7/site-packages/airflow/example_dags/example_sensors.py took 1.446 seconds
[2024-11-01T18:24:21.100+0000] {processor.py:157} INFO - Started process (PID=774) to work on /home/airflow/.local/lib/python3.7/site-packages/airflow/example_dags/example_sensors.py
[2024-11-01T18:24:21.108+0000] {processor.py:826} INFO - Processing file /home/airflow/.local/lib/python3.7/site-packages/airflow/example_dags/example_sensors.py for tasks to queue
[2024-11-01T18:24:21.110+0000] {logging_mixin.py:150} INFO - [2024-11-01T18:24:21.109+0000] {dagbag.py:541} INFO - Filling up the DagBag from /home/airflow/.local/lib/python3.7/site-packages/airflow/example_dags/example_sensors.py
[2024-11-01T18:24:21.154+0000] {processor.py:836} INFO - DAG(s) dict_keys(['example_sensors']) retrieved from /home/airflow/.local/lib/python3.7/site-packages/airflow/example_dags/example_sensors.py
[2024-11-01T18:24:21.616+0000] {logging_mixin.py:150} INFO - [2024-11-01T18:24:21.615+0000] {dag.py:2742} INFO - Sync 1 DAGs
[2024-11-01T18:24:21.787+0000] {logging_mixin.py:150} INFO - [2024-11-01T18:24:21.787+0000] {dag.py:3508} INFO - Setting next_dagrun for example_sensors to None, run_after=None
[2024-11-01T18:24:21.868+0000] {processor.py:179} INFO - Processing /home/airflow/.local/lib/python3.7/site-packages/airflow/example_dags/example_sensors.py took 0.793 seconds
[2024-11-01T18:25:48.999+0000] {processor.py:157} INFO - Started process (PID=863) to work on /home/airflow/.local/lib/python3.7/site-packages/airflow/example_dags/example_sensors.py
[2024-11-01T18:25:49.016+0000] {processor.py:826} INFO - Processing file /home/airflow/.local/lib/python3.7/site-packages/airflow/example_dags/example_sensors.py for tasks to queue
[2024-11-01T18:25:49.019+0000] {logging_mixin.py:150} INFO - [2024-11-01T18:25:49.019+0000] {dagbag.py:541} INFO - Filling up the DagBag from /home/airflow/.local/lib/python3.7/site-packages/airflow/example_dags/example_sensors.py
[2024-11-01T18:25:49.083+0000] {processor.py:836} INFO - DAG(s) dict_keys(['example_sensors']) retrieved from /home/airflow/.local/lib/python3.7/site-packages/airflow/example_dags/example_sensors.py
[2024-11-01T18:25:49.200+0000] {logging_mixin.py:150} INFO - [2024-11-01T18:25:49.199+0000] {dag.py:2742} INFO - Sync 1 DAGs
[2024-11-01T18:25:49.307+0000] {logging_mixin.py:150} INFO - [2024-11-01T18:25:49.307+0000] {dag.py:3508} INFO - Setting next_dagrun for example_sensors to None, run_after=None
[2024-11-01T18:25:49.350+0000] {processor.py:179} INFO - Processing /home/airflow/.local/lib/python3.7/site-packages/airflow/example_dags/example_sensors.py took 0.387 seconds
[2024-11-01T18:26:19.666+0000] {processor.py:157} INFO - Started process (PID=925) to work on /home/airflow/.local/lib/python3.7/site-packages/airflow/example_dags/example_sensors.py
[2024-11-01T18:26:19.672+0000] {processor.py:826} INFO - Processing file /home/airflow/.local/lib/python3.7/site-packages/airflow/example_dags/example_sensors.py for tasks to queue
[2024-11-01T18:26:19.673+0000] {logging_mixin.py:150} INFO - [2024-11-01T18:26:19.672+0000] {dagbag.py:541} INFO - Filling up the DagBag from /home/airflow/.local/lib/python3.7/site-packages/airflow/example_dags/example_sensors.py
[2024-11-01T18:26:19.683+0000] {processor.py:836} INFO - DAG(s) dict_keys(['example_sensors']) retrieved from /home/airflow/.local/lib/python3.7/site-packages/airflow/example_dags/example_sensors.py
[2024-11-01T18:26:19.749+0000] {logging_mixin.py:150} INFO - [2024-11-01T18:26:19.749+0000] {dag.py:2742} INFO - Sync 1 DAGs
[2024-11-01T18:26:19.779+0000] {logging_mixin.py:150} INFO - [2024-11-01T18:26:19.779+0000] {dag.py:3508} INFO - Setting next_dagrun for example_sensors to None, run_after=None
[2024-11-01T18:26:19.815+0000] {processor.py:179} INFO - Processing /home/airflow/.local/lib/python3.7/site-packages/airflow/example_dags/example_sensors.py took 0.189 seconds
[2024-11-01T18:26:50.684+0000] {processor.py:157} INFO - Started process (PID=987) to work on /home/airflow/.local/lib/python3.7/site-packages/airflow/example_dags/example_sensors.py
[2024-11-01T18:26:50.685+0000] {processor.py:826} INFO - Processing file /home/airflow/.local/lib/python3.7/site-packages/airflow/example_dags/example_sensors.py for tasks to queue
[2024-11-01T18:26:50.685+0000] {logging_mixin.py:150} INFO - [2024-11-01T18:26:50.685+0000] {dagbag.py:541} INFO - Filling up the DagBag from /home/airflow/.local/lib/python3.7/site-packages/airflow/example_dags/example_sensors.py
[2024-11-01T18:26:50.707+0000] {processor.py:836} INFO - DAG(s) dict_keys(['example_sensors']) retrieved from /home/airflow/.local/lib/python3.7/site-packages/airflow/example_dags/example_sensors.py
[2024-11-01T18:26:50.737+0000] {logging_mixin.py:150} INFO - [2024-11-01T18:26:50.737+0000] {dag.py:2742} INFO - Sync 1 DAGs
[2024-11-01T18:26:50.759+0000] {logging_mixin.py:150} INFO - [2024-11-01T18:26:50.759+0000] {dag.py:3508} INFO - Setting next_dagrun for example_sensors to None, run_after=None
[2024-11-01T18:26:50.780+0000] {processor.py:179} INFO - Processing /home/airflow/.local/lib/python3.7/site-packages/airflow/example_dags/example_sensors.py took 0.099 seconds
[2024-11-01T18:27:21.512+0000] {processor.py:157} INFO - Started process (PID=1049) to work on /home/airflow/.local/lib/python3.7/site-packages/airflow/example_dags/example_sensors.py
[2024-11-01T18:27:21.519+0000] {processor.py:826} INFO - Processing file /home/airflow/.local/lib/python3.7/site-packages/airflow/example_dags/example_sensors.py for tasks to queue
[2024-11-01T18:27:21.523+0000] {logging_mixin.py:150} INFO - [2024-11-01T18:27:21.521+0000] {dagbag.py:541} INFO - Filling up the DagBag from /home/airflow/.local/lib/python3.7/site-packages/airflow/example_dags/example_sensors.py
[2024-11-01T18:27:21.557+0000] {processor.py:836} INFO - DAG(s) dict_keys(['example_sensors']) retrieved from /home/airflow/.local/lib/python3.7/site-packages/airflow/example_dags/example_sensors.py
[2024-11-01T18:27:21.585+0000] {logging_mixin.py:150} INFO - [2024-11-01T18:27:21.585+0000] {dag.py:2742} INFO - Sync 1 DAGs
[2024-11-01T18:27:21.609+0000] {logging_mixin.py:150} INFO - [2024-11-01T18:27:21.609+0000] {dag.py:3508} INFO - Setting next_dagrun for example_sensors to None, run_after=None
[2024-11-01T18:27:21.644+0000] {processor.py:179} INFO - Processing /home/airflow/.local/lib/python3.7/site-packages/airflow/example_dags/example_sensors.py took 0.148 seconds
[2024-11-01T18:27:52.046+0000] {processor.py:157} INFO - Started process (PID=1111) to work on /home/airflow/.local/lib/python3.7/site-packages/airflow/example_dags/example_sensors.py
[2024-11-01T18:27:52.046+0000] {processor.py:826} INFO - Processing file /home/airflow/.local/lib/python3.7/site-packages/airflow/example_dags/example_sensors.py for tasks to queue
[2024-11-01T18:27:52.047+0000] {logging_mixin.py:150} INFO - [2024-11-01T18:27:52.046+0000] {dagbag.py:541} INFO - Filling up the DagBag from /home/airflow/.local/lib/python3.7/site-packages/airflow/example_dags/example_sensors.py
[2024-11-01T18:27:52.053+0000] {processor.py:836} INFO - DAG(s) dict_keys(['example_sensors']) retrieved from /home/airflow/.local/lib/python3.7/site-packages/airflow/example_dags/example_sensors.py
[2024-11-01T18:27:52.073+0000] {logging_mixin.py:150} INFO - [2024-11-01T18:27:52.073+0000] {dag.py:2742} INFO - Sync 1 DAGs
[2024-11-01T18:27:52.092+0000] {logging_mixin.py:150} INFO - [2024-11-01T18:27:52.092+0000] {dag.py:3508} INFO - Setting next_dagrun for example_sensors to None, run_after=None
[2024-11-01T18:27:52.105+0000] {processor.py:179} INFO - Processing /home/airflow/.local/lib/python3.7/site-packages/airflow/example_dags/example_sensors.py took 0.061 seconds
[2024-11-01T18:30:49.763+0000] {processor.py:157} INFO - Started process (PID=1148) to work on /home/airflow/.local/lib/python3.7/site-packages/airflow/example_dags/example_sensors.py
[2024-11-01T18:30:49.767+0000] {processor.py:826} INFO - Processing file /home/airflow/.local/lib/python3.7/site-packages/airflow/example_dags/example_sensors.py for tasks to queue
[2024-11-01T18:30:49.768+0000] {logging_mixin.py:150} INFO - [2024-11-01T18:30:49.768+0000] {dagbag.py:541} INFO - Filling up the DagBag from /home/airflow/.local/lib/python3.7/site-packages/airflow/example_dags/example_sensors.py
[2024-11-01T18:30:49.782+0000] {processor.py:836} INFO - DAG(s) dict_keys(['example_sensors']) retrieved from /home/airflow/.local/lib/python3.7/site-packages/airflow/example_dags/example_sensors.py
[2024-11-01T18:30:49.830+0000] {logging_mixin.py:150} INFO - [2024-11-01T18:30:49.830+0000] {dag.py:2742} INFO - Sync 1 DAGs
[2024-11-01T18:30:49.854+0000] {logging_mixin.py:150} INFO - [2024-11-01T18:30:49.854+0000] {dag.py:3508} INFO - Setting next_dagrun for example_sensors to None, run_after=None
[2024-11-01T18:30:49.873+0000] {processor.py:179} INFO - Processing /home/airflow/.local/lib/python3.7/site-packages/airflow/example_dags/example_sensors.py took 0.124 seconds
[2024-11-01T18:31:20.111+0000] {processor.py:157} INFO - Started process (PID=1210) to work on /home/airflow/.local/lib/python3.7/site-packages/airflow/example_dags/example_sensors.py
[2024-11-01T18:31:20.111+0000] {processor.py:826} INFO - Processing file /home/airflow/.local/lib/python3.7/site-packages/airflow/example_dags/example_sensors.py for tasks to queue
[2024-11-01T18:31:20.112+0000] {logging_mixin.py:150} INFO - [2024-11-01T18:31:20.112+0000] {dagbag.py:541} INFO - Filling up the DagBag from /home/airflow/.local/lib/python3.7/site-packages/airflow/example_dags/example_sensors.py
[2024-11-01T18:31:20.117+0000] {processor.py:836} INFO - DAG(s) dict_keys(['example_sensors']) retrieved from /home/airflow/.local/lib/python3.7/site-packages/airflow/example_dags/example_sensors.py
[2024-11-01T18:31:20.139+0000] {logging_mixin.py:150} INFO - [2024-11-01T18:31:20.139+0000] {dag.py:2742} INFO - Sync 1 DAGs
[2024-11-01T18:31:20.154+0000] {logging_mixin.py:150} INFO - [2024-11-01T18:31:20.154+0000] {dag.py:3508} INFO - Setting next_dagrun for example_sensors to None, run_after=None
[2024-11-01T18:31:20.165+0000] {processor.py:179} INFO - Processing /home/airflow/.local/lib/python3.7/site-packages/airflow/example_dags/example_sensors.py took 0.057 seconds
[2024-11-01T18:31:50.569+0000] {processor.py:157} INFO - Started process (PID=1272) to work on /home/airflow/.local/lib/python3.7/site-packages/airflow/example_dags/example_sensors.py
[2024-11-01T18:31:50.570+0000] {processor.py:826} INFO - Processing file /home/airflow/.local/lib/python3.7/site-packages/airflow/example_dags/example_sensors.py for tasks to queue
[2024-11-01T18:31:50.570+0000] {logging_mixin.py:150} INFO - [2024-11-01T18:31:50.570+0000] {dagbag.py:541} INFO - Filling up the DagBag from /home/airflow/.local/lib/python3.7/site-packages/airflow/example_dags/example_sensors.py
[2024-11-01T18:31:50.577+0000] {processor.py:836} INFO - DAG(s) dict_keys(['example_sensors']) retrieved from /home/airflow/.local/lib/python3.7/site-packages/airflow/example_dags/example_sensors.py
[2024-11-01T18:31:50.591+0000] {logging_mixin.py:150} INFO - [2024-11-01T18:31:50.591+0000] {dag.py:2742} INFO - Sync 1 DAGs
[2024-11-01T18:31:50.602+0000] {logging_mixin.py:150} INFO - [2024-11-01T18:31:50.602+0000] {dag.py:3508} INFO - Setting next_dagrun for example_sensors to None, run_after=None
[2024-11-01T18:31:50.610+0000] {processor.py:179} INFO - Processing /home/airflow/.local/lib/python3.7/site-packages/airflow/example_dags/example_sensors.py took 0.042 seconds
[2024-11-01T18:32:20.774+0000] {processor.py:157} INFO - Started process (PID=1335) to work on /home/airflow/.local/lib/python3.7/site-packages/airflow/example_dags/example_sensors.py
[2024-11-01T18:32:20.775+0000] {processor.py:826} INFO - Processing file /home/airflow/.local/lib/python3.7/site-packages/airflow/example_dags/example_sensors.py for tasks to queue
[2024-11-01T18:32:20.775+0000] {logging_mixin.py:150} INFO - [2024-11-01T18:32:20.775+0000] {dagbag.py:541} INFO - Filling up the DagBag from /home/airflow/.local/lib/python3.7/site-packages/airflow/example_dags/example_sensors.py
[2024-11-01T18:32:20.780+0000] {processor.py:836} INFO - DAG(s) dict_keys(['example_sensors']) retrieved from /home/airflow/.local/lib/python3.7/site-packages/airflow/example_dags/example_sensors.py
[2024-11-01T18:32:20.792+0000] {logging_mixin.py:150} INFO - [2024-11-01T18:32:20.792+0000] {dag.py:2742} INFO - Sync 1 DAGs
[2024-11-01T18:32:20.803+0000] {logging_mixin.py:150} INFO - [2024-11-01T18:32:20.803+0000] {dag.py:3508} INFO - Setting next_dagrun for example_sensors to None, run_after=None
[2024-11-01T18:32:20.811+0000] {processor.py:179} INFO - Processing /home/airflow/.local/lib/python3.7/site-packages/airflow/example_dags/example_sensors.py took 0.038 seconds
[2024-11-01T18:32:51.746+0000] {processor.py:157} INFO - Started process (PID=1395) to work on /home/airflow/.local/lib/python3.7/site-packages/airflow/example_dags/example_sensors.py
[2024-11-01T18:32:51.746+0000] {processor.py:826} INFO - Processing file /home/airflow/.local/lib/python3.7/site-packages/airflow/example_dags/example_sensors.py for tasks to queue
[2024-11-01T18:32:51.747+0000] {logging_mixin.py:150} INFO - [2024-11-01T18:32:51.746+0000] {dagbag.py:541} INFO - Filling up the DagBag from /home/airflow/.local/lib/python3.7/site-packages/airflow/example_dags/example_sensors.py
[2024-11-01T18:32:51.752+0000] {processor.py:836} INFO - DAG(s) dict_keys(['example_sensors']) retrieved from /home/airflow/.local/lib/python3.7/site-packages/airflow/example_dags/example_sensors.py
[2024-11-01T18:32:51.769+0000] {logging_mixin.py:150} INFO - [2024-11-01T18:32:51.769+0000] {dag.py:2742} INFO - Sync 1 DAGs
[2024-11-01T18:32:51.782+0000] {logging_mixin.py:150} INFO - [2024-11-01T18:32:51.782+0000] {dag.py:3508} INFO - Setting next_dagrun for example_sensors to None, run_after=None
[2024-11-01T18:32:51.791+0000] {processor.py:179} INFO - Processing /home/airflow/.local/lib/python3.7/site-packages/airflow/example_dags/example_sensors.py took 0.047 seconds
[2024-11-01T18:33:22.153+0000] {processor.py:157} INFO - Started process (PID=1457) to work on /home/airflow/.local/lib/python3.7/site-packages/airflow/example_dags/example_sensors.py
[2024-11-01T18:33:22.154+0000] {processor.py:826} INFO - Processing file /home/airflow/.local/lib/python3.7/site-packages/airflow/example_dags/example_sensors.py for tasks to queue
[2024-11-01T18:33:22.155+0000] {logging_mixin.py:150} INFO - [2024-11-01T18:33:22.155+0000] {dagbag.py:541} INFO - Filling up the DagBag from /home/airflow/.local/lib/python3.7/site-packages/airflow/example_dags/example_sensors.py
[2024-11-01T18:33:22.163+0000] {processor.py:836} INFO - DAG(s) dict_keys(['example_sensors']) retrieved from /home/airflow/.local/lib/python3.7/site-packages/airflow/example_dags/example_sensors.py
[2024-11-01T18:33:22.181+0000] {logging_mixin.py:150} INFO - [2024-11-01T18:33:22.181+0000] {dag.py:2742} INFO - Sync 1 DAGs
[2024-11-01T18:33:22.201+0000] {logging_mixin.py:150} INFO - [2024-11-01T18:33:22.201+0000] {dag.py:3508} INFO - Setting next_dagrun for example_sensors to None, run_after=None
[2024-11-01T18:33:22.214+0000] {processor.py:179} INFO - Processing /home/airflow/.local/lib/python3.7/site-packages/airflow/example_dags/example_sensors.py took 0.062 seconds
[2024-11-01T18:33:52.233+0000] {processor.py:157} INFO - Started process (PID=1518) to work on /home/airflow/.local/lib/python3.7/site-packages/airflow/example_dags/example_sensors.py
[2024-11-01T18:33:52.234+0000] {processor.py:826} INFO - Processing file /home/airflow/.local/lib/python3.7/site-packages/airflow/example_dags/example_sensors.py for tasks to queue
[2024-11-01T18:33:52.235+0000] {logging_mixin.py:150} INFO - [2024-11-01T18:33:52.235+0000] {dagbag.py:541} INFO - Filling up the DagBag from /home/airflow/.local/lib/python3.7/site-packages/airflow/example_dags/example_sensors.py
[2024-11-01T18:33:52.241+0000] {processor.py:836} INFO - DAG(s) dict_keys(['example_sensors']) retrieved from /home/airflow/.local/lib/python3.7/site-packages/airflow/example_dags/example_sensors.py
[2024-11-01T18:33:52.257+0000] {logging_mixin.py:150} INFO - [2024-11-01T18:33:52.257+0000] {dag.py:2742} INFO - Sync 1 DAGs
[2024-11-01T18:33:52.271+0000] {logging_mixin.py:150} INFO - [2024-11-01T18:33:52.271+0000] {dag.py:3508} INFO - Setting next_dagrun for example_sensors to None, run_after=None
[2024-11-01T18:33:52.280+0000] {processor.py:179} INFO - Processing /home/airflow/.local/lib/python3.7/site-packages/airflow/example_dags/example_sensors.py took 0.048 seconds
[2024-11-01T18:34:23.791+0000] {processor.py:157} INFO - Started process (PID=1581) to work on /home/airflow/.local/lib/python3.7/site-packages/airflow/example_dags/example_sensors.py
[2024-11-01T18:34:23.792+0000] {processor.py:826} INFO - Processing file /home/airflow/.local/lib/python3.7/site-packages/airflow/example_dags/example_sensors.py for tasks to queue
[2024-11-01T18:34:23.793+0000] {logging_mixin.py:150} INFO - [2024-11-01T18:34:23.793+0000] {dagbag.py:541} INFO - Filling up the DagBag from /home/airflow/.local/lib/python3.7/site-packages/airflow/example_dags/example_sensors.py
[2024-11-01T18:34:23.799+0000] {processor.py:836} INFO - DAG(s) dict_keys(['example_sensors']) retrieved from /home/airflow/.local/lib/python3.7/site-packages/airflow/example_dags/example_sensors.py
[2024-11-01T18:34:23.816+0000] {logging_mixin.py:150} INFO - [2024-11-01T18:34:23.816+0000] {dag.py:2742} INFO - Sync 1 DAGs
[2024-11-01T18:34:23.858+0000] {logging_mixin.py:150} INFO - [2024-11-01T18:34:23.858+0000] {dag.py:3508} INFO - Setting next_dagrun for example_sensors to None, run_after=None
[2024-11-01T18:34:23.873+0000] {processor.py:179} INFO - Processing /home/airflow/.local/lib/python3.7/site-packages/airflow/example_dags/example_sensors.py took 0.085 seconds
[2024-11-01T18:34:54.385+0000] {processor.py:157} INFO - Started process (PID=1643) to work on /home/airflow/.local/lib/python3.7/site-packages/airflow/example_dags/example_sensors.py
[2024-11-01T18:34:54.386+0000] {processor.py:826} INFO - Processing file /home/airflow/.local/lib/python3.7/site-packages/airflow/example_dags/example_sensors.py for tasks to queue
[2024-11-01T18:34:54.386+0000] {logging_mixin.py:150} INFO - [2024-11-01T18:34:54.386+0000] {dagbag.py:541} INFO - Filling up the DagBag from /home/airflow/.local/lib/python3.7/site-packages/airflow/example_dags/example_sensors.py
[2024-11-01T18:34:54.394+0000] {processor.py:836} INFO - DAG(s) dict_keys(['example_sensors']) retrieved from /home/airflow/.local/lib/python3.7/site-packages/airflow/example_dags/example_sensors.py
[2024-11-01T18:34:54.414+0000] {logging_mixin.py:150} INFO - [2024-11-01T18:34:54.414+0000] {dag.py:2742} INFO - Sync 1 DAGs
[2024-11-01T18:34:54.428+0000] {logging_mixin.py:150} INFO - [2024-11-01T18:34:54.427+0000] {dag.py:3508} INFO - Setting next_dagrun for example_sensors to None, run_after=None
[2024-11-01T18:34:54.437+0000] {processor.py:179} INFO - Processing /home/airflow/.local/lib/python3.7/site-packages/airflow/example_dags/example_sensors.py took 0.053 seconds
[2024-11-01T18:35:24.917+0000] {processor.py:157} INFO - Started process (PID=1705) to work on /home/airflow/.local/lib/python3.7/site-packages/airflow/example_dags/example_sensors.py
[2024-11-01T18:35:24.919+0000] {processor.py:826} INFO - Processing file /home/airflow/.local/lib/python3.7/site-packages/airflow/example_dags/example_sensors.py for tasks to queue
[2024-11-01T18:35:24.919+0000] {logging_mixin.py:150} INFO - [2024-11-01T18:35:24.919+0000] {dagbag.py:541} INFO - Filling up the DagBag from /home/airflow/.local/lib/python3.7/site-packages/airflow/example_dags/example_sensors.py
[2024-11-01T18:35:24.926+0000] {processor.py:836} INFO - DAG(s) dict_keys(['example_sensors']) retrieved from /home/airflow/.local/lib/python3.7/site-packages/airflow/example_dags/example_sensors.py
[2024-11-01T18:35:24.942+0000] {logging_mixin.py:150} INFO - [2024-11-01T18:35:24.942+0000] {dag.py:2742} INFO - Sync 1 DAGs
[2024-11-01T18:35:24.955+0000] {logging_mixin.py:150} INFO - [2024-11-01T18:35:24.955+0000] {dag.py:3508} INFO - Setting next_dagrun for example_sensors to None, run_after=None
[2024-11-01T18:35:24.964+0000] {processor.py:179} INFO - Processing /home/airflow/.local/lib/python3.7/site-packages/airflow/example_dags/example_sensors.py took 0.048 seconds
[2024-11-01T18:35:57.361+0000] {processor.py:157} INFO - Started process (PID=1767) to work on /home/airflow/.local/lib/python3.7/site-packages/airflow/example_dags/example_sensors.py
[2024-11-01T18:35:57.367+0000] {processor.py:826} INFO - Processing file /home/airflow/.local/lib/python3.7/site-packages/airflow/example_dags/example_sensors.py for tasks to queue
[2024-11-01T18:35:57.367+0000] {logging_mixin.py:150} INFO - [2024-11-01T18:35:57.367+0000] {dagbag.py:541} INFO - Filling up the DagBag from /home/airflow/.local/lib/python3.7/site-packages/airflow/example_dags/example_sensors.py
[2024-11-01T18:35:57.383+0000] {processor.py:836} INFO - DAG(s) dict_keys(['example_sensors']) retrieved from /home/airflow/.local/lib/python3.7/site-packages/airflow/example_dags/example_sensors.py
[2024-11-01T18:35:57.407+0000] {logging_mixin.py:150} INFO - [2024-11-01T18:35:57.407+0000] {dag.py:2742} INFO - Sync 1 DAGs
[2024-11-01T18:35:57.421+0000] {logging_mixin.py:150} INFO - [2024-11-01T18:35:57.421+0000] {dag.py:3508} INFO - Setting next_dagrun for example_sensors to None, run_after=None
[2024-11-01T18:35:57.430+0000] {processor.py:179} INFO - Processing /home/airflow/.local/lib/python3.7/site-packages/airflow/example_dags/example_sensors.py took 0.077 seconds
[2024-11-01T18:36:27.925+0000] {processor.py:157} INFO - Started process (PID=1829) to work on /home/airflow/.local/lib/python3.7/site-packages/airflow/example_dags/example_sensors.py
[2024-11-01T18:36:27.934+0000] {processor.py:826} INFO - Processing file /home/airflow/.local/lib/python3.7/site-packages/airflow/example_dags/example_sensors.py for tasks to queue
[2024-11-01T18:36:27.938+0000] {logging_mixin.py:150} INFO - [2024-11-01T18:36:27.937+0000] {dagbag.py:541} INFO - Filling up the DagBag from /home/airflow/.local/lib/python3.7/site-packages/airflow/example_dags/example_sensors.py
[2024-11-01T18:36:27.948+0000] {processor.py:836} INFO - DAG(s) dict_keys(['example_sensors']) retrieved from /home/airflow/.local/lib/python3.7/site-packages/airflow/example_dags/example_sensors.py
[2024-11-01T18:36:27.974+0000] {logging_mixin.py:150} INFO - [2024-11-01T18:36:27.974+0000] {dag.py:2742} INFO - Sync 1 DAGs
[2024-11-01T18:36:27.992+0000] {logging_mixin.py:150} INFO - [2024-11-01T18:36:27.991+0000] {dag.py:3508} INFO - Setting next_dagrun for example_sensors to None, run_after=None
[2024-11-01T18:36:28.001+0000] {processor.py:179} INFO - Processing /home/airflow/.local/lib/python3.7/site-packages/airflow/example_dags/example_sensors.py took 0.107 seconds
[2024-11-01T18:36:58.184+0000] {processor.py:157} INFO - Started process (PID=1891) to work on /home/airflow/.local/lib/python3.7/site-packages/airflow/example_dags/example_sensors.py
[2024-11-01T18:36:58.185+0000] {processor.py:826} INFO - Processing file /home/airflow/.local/lib/python3.7/site-packages/airflow/example_dags/example_sensors.py for tasks to queue
[2024-11-01T18:36:58.185+0000] {logging_mixin.py:150} INFO - [2024-11-01T18:36:58.185+0000] {dagbag.py:541} INFO - Filling up the DagBag from /home/airflow/.local/lib/python3.7/site-packages/airflow/example_dags/example_sensors.py
[2024-11-01T18:36:58.194+0000] {processor.py:836} INFO - DAG(s) dict_keys(['example_sensors']) retrieved from /home/airflow/.local/lib/python3.7/site-packages/airflow/example_dags/example_sensors.py
[2024-11-01T18:36:58.214+0000] {logging_mixin.py:150} INFO - [2024-11-01T18:36:58.214+0000] {dag.py:2742} INFO - Sync 1 DAGs
[2024-11-01T18:36:58.231+0000] {logging_mixin.py:150} INFO - [2024-11-01T18:36:58.231+0000] {dag.py:3508} INFO - Setting next_dagrun for example_sensors to None, run_after=None
[2024-11-01T18:36:58.242+0000] {processor.py:179} INFO - Processing /home/airflow/.local/lib/python3.7/site-packages/airflow/example_dags/example_sensors.py took 0.060 seconds
[2024-11-01T18:37:28.307+0000] {processor.py:157} INFO - Started process (PID=1951) to work on /home/airflow/.local/lib/python3.7/site-packages/airflow/example_dags/example_sensors.py
[2024-11-01T18:37:28.307+0000] {processor.py:826} INFO - Processing file /home/airflow/.local/lib/python3.7/site-packages/airflow/example_dags/example_sensors.py for tasks to queue
[2024-11-01T18:37:28.309+0000] {logging_mixin.py:150} INFO - [2024-11-01T18:37:28.309+0000] {dagbag.py:541} INFO - Filling up the DagBag from /home/airflow/.local/lib/python3.7/site-packages/airflow/example_dags/example_sensors.py
[2024-11-01T18:37:28.315+0000] {processor.py:836} INFO - DAG(s) dict_keys(['example_sensors']) retrieved from /home/airflow/.local/lib/python3.7/site-packages/airflow/example_dags/example_sensors.py
[2024-11-01T18:37:28.340+0000] {logging_mixin.py:150} INFO - [2024-11-01T18:37:28.340+0000] {dag.py:2742} INFO - Sync 1 DAGs
[2024-11-01T18:37:28.356+0000] {logging_mixin.py:150} INFO - [2024-11-01T18:37:28.355+0000] {dag.py:3508} INFO - Setting next_dagrun for example_sensors to None, run_after=None
[2024-11-01T18:37:28.371+0000] {processor.py:179} INFO - Processing /home/airflow/.local/lib/python3.7/site-packages/airflow/example_dags/example_sensors.py took 0.066 seconds
[2024-11-01T18:38:05.986+0000] {processor.py:157} INFO - Started process (PID=2014) to work on /home/airflow/.local/lib/python3.7/site-packages/airflow/example_dags/example_sensors.py
[2024-11-01T18:38:05.987+0000] {processor.py:826} INFO - Processing file /home/airflow/.local/lib/python3.7/site-packages/airflow/example_dags/example_sensors.py for tasks to queue
[2024-11-01T18:38:05.988+0000] {logging_mixin.py:150} INFO - [2024-11-01T18:38:05.988+0000] {dagbag.py:541} INFO - Filling up the DagBag from /home/airflow/.local/lib/python3.7/site-packages/airflow/example_dags/example_sensors.py
[2024-11-01T18:38:05.999+0000] {processor.py:836} INFO - DAG(s) dict_keys(['example_sensors']) retrieved from /home/airflow/.local/lib/python3.7/site-packages/airflow/example_dags/example_sensors.py
[2024-11-01T18:38:06.030+0000] {logging_mixin.py:150} INFO - [2024-11-01T18:38:06.029+0000] {dag.py:2742} INFO - Sync 1 DAGs
[2024-11-01T18:38:06.060+0000] {logging_mixin.py:150} INFO - [2024-11-01T18:38:06.059+0000] {dag.py:3508} INFO - Setting next_dagrun for example_sensors to None, run_after=None
[2024-11-01T18:38:06.074+0000] {processor.py:179} INFO - Processing /home/airflow/.local/lib/python3.7/site-packages/airflow/example_dags/example_sensors.py took 0.092 seconds
[2024-11-01T18:38:36.144+0000] {processor.py:157} INFO - Started process (PID=2075) to work on /home/airflow/.local/lib/python3.7/site-packages/airflow/example_dags/example_sensors.py
[2024-11-01T18:38:36.145+0000] {processor.py:826} INFO - Processing file /home/airflow/.local/lib/python3.7/site-packages/airflow/example_dags/example_sensors.py for tasks to queue
[2024-11-01T18:38:36.145+0000] {logging_mixin.py:150} INFO - [2024-11-01T18:38:36.145+0000] {dagbag.py:541} INFO - Filling up the DagBag from /home/airflow/.local/lib/python3.7/site-packages/airflow/example_dags/example_sensors.py
[2024-11-01T18:38:36.152+0000] {processor.py:836} INFO - DAG(s) dict_keys(['example_sensors']) retrieved from /home/airflow/.local/lib/python3.7/site-packages/airflow/example_dags/example_sensors.py
[2024-11-01T18:38:36.167+0000] {logging_mixin.py:150} INFO - [2024-11-01T18:38:36.167+0000] {dag.py:2742} INFO - Sync 1 DAGs
[2024-11-01T18:38:36.181+0000] {logging_mixin.py:150} INFO - [2024-11-01T18:38:36.180+0000] {dag.py:3508} INFO - Setting next_dagrun for example_sensors to None, run_after=None
[2024-11-01T18:38:36.190+0000] {processor.py:179} INFO - Processing /home/airflow/.local/lib/python3.7/site-packages/airflow/example_dags/example_sensors.py took 0.049 seconds
[2024-11-01T18:39:06.964+0000] {processor.py:157} INFO - Started process (PID=2137) to work on /home/airflow/.local/lib/python3.7/site-packages/airflow/example_dags/example_sensors.py
[2024-11-01T18:39:06.965+0000] {processor.py:826} INFO - Processing file /home/airflow/.local/lib/python3.7/site-packages/airflow/example_dags/example_sensors.py for tasks to queue
[2024-11-01T18:39:06.965+0000] {logging_mixin.py:150} INFO - [2024-11-01T18:39:06.965+0000] {dagbag.py:541} INFO - Filling up the DagBag from /home/airflow/.local/lib/python3.7/site-packages/airflow/example_dags/example_sensors.py
[2024-11-01T18:39:06.971+0000] {processor.py:836} INFO - DAG(s) dict_keys(['example_sensors']) retrieved from /home/airflow/.local/lib/python3.7/site-packages/airflow/example_dags/example_sensors.py
[2024-11-01T18:39:06.987+0000] {logging_mixin.py:150} INFO - [2024-11-01T18:39:06.987+0000] {dag.py:2742} INFO - Sync 1 DAGs
[2024-11-01T18:39:07.013+0000] {logging_mixin.py:150} INFO - [2024-11-01T18:39:07.012+0000] {dag.py:3508} INFO - Setting next_dagrun for example_sensors to None, run_after=None
[2024-11-01T18:39:07.021+0000] {processor.py:179} INFO - Processing /home/airflow/.local/lib/python3.7/site-packages/airflow/example_dags/example_sensors.py took 0.059 seconds
[2024-11-01T18:39:37.306+0000] {processor.py:157} INFO - Started process (PID=2198) to work on /home/airflow/.local/lib/python3.7/site-packages/airflow/example_dags/example_sensors.py
[2024-11-01T18:39:37.309+0000] {processor.py:826} INFO - Processing file /home/airflow/.local/lib/python3.7/site-packages/airflow/example_dags/example_sensors.py for tasks to queue
[2024-11-01T18:39:37.313+0000] {logging_mixin.py:150} INFO - [2024-11-01T18:39:37.313+0000] {dagbag.py:541} INFO - Filling up the DagBag from /home/airflow/.local/lib/python3.7/site-packages/airflow/example_dags/example_sensors.py
[2024-11-01T18:39:37.326+0000] {processor.py:836} INFO - DAG(s) dict_keys(['example_sensors']) retrieved from /home/airflow/.local/lib/python3.7/site-packages/airflow/example_dags/example_sensors.py
[2024-11-01T18:39:37.351+0000] {logging_mixin.py:150} INFO - [2024-11-01T18:39:37.351+0000] {dag.py:2742} INFO - Sync 1 DAGs
[2024-11-01T18:39:37.368+0000] {logging_mixin.py:150} INFO - [2024-11-01T18:39:37.368+0000] {dag.py:3508} INFO - Setting next_dagrun for example_sensors to None, run_after=None
[2024-11-01T18:39:37.382+0000] {processor.py:179} INFO - Processing /home/airflow/.local/lib/python3.7/site-packages/airflow/example_dags/example_sensors.py took 0.082 seconds
[2024-11-01T18:40:07.619+0000] {processor.py:157} INFO - Started process (PID=2260) to work on /home/airflow/.local/lib/python3.7/site-packages/airflow/example_dags/example_sensors.py
[2024-11-01T18:40:07.621+0000] {processor.py:826} INFO - Processing file /home/airflow/.local/lib/python3.7/site-packages/airflow/example_dags/example_sensors.py for tasks to queue
[2024-11-01T18:40:07.622+0000] {logging_mixin.py:150} INFO - [2024-11-01T18:40:07.622+0000] {dagbag.py:541} INFO - Filling up the DagBag from /home/airflow/.local/lib/python3.7/site-packages/airflow/example_dags/example_sensors.py
[2024-11-01T18:40:07.628+0000] {processor.py:836} INFO - DAG(s) dict_keys(['example_sensors']) retrieved from /home/airflow/.local/lib/python3.7/site-packages/airflow/example_dags/example_sensors.py
[2024-11-01T18:40:07.646+0000] {logging_mixin.py:150} INFO - [2024-11-01T18:40:07.646+0000] {dag.py:2742} INFO - Sync 1 DAGs
[2024-11-01T18:40:07.660+0000] {logging_mixin.py:150} INFO - [2024-11-01T18:40:07.660+0000] {dag.py:3508} INFO - Setting next_dagrun for example_sensors to None, run_after=None
[2024-11-01T18:40:07.668+0000] {processor.py:179} INFO - Processing /home/airflow/.local/lib/python3.7/site-packages/airflow/example_dags/example_sensors.py took 0.054 seconds
[2024-11-01T18:40:38.601+0000] {processor.py:157} INFO - Started process (PID=2322) to work on /home/airflow/.local/lib/python3.7/site-packages/airflow/example_dags/example_sensors.py
[2024-11-01T18:40:38.606+0000] {processor.py:826} INFO - Processing file /home/airflow/.local/lib/python3.7/site-packages/airflow/example_dags/example_sensors.py for tasks to queue
[2024-11-01T18:40:38.609+0000] {logging_mixin.py:150} INFO - [2024-11-01T18:40:38.607+0000] {dagbag.py:541} INFO - Filling up the DagBag from /home/airflow/.local/lib/python3.7/site-packages/airflow/example_dags/example_sensors.py
[2024-11-01T18:40:38.619+0000] {processor.py:836} INFO - DAG(s) dict_keys(['example_sensors']) retrieved from /home/airflow/.local/lib/python3.7/site-packages/airflow/example_dags/example_sensors.py
[2024-11-01T18:40:38.641+0000] {logging_mixin.py:150} INFO - [2024-11-01T18:40:38.641+0000] {dag.py:2742} INFO - Sync 1 DAGs
[2024-11-01T18:40:38.797+0000] {logging_mixin.py:150} INFO - [2024-11-01T18:40:38.797+0000] {dag.py:3508} INFO - Setting next_dagrun for example_sensors to None, run_after=None
[2024-11-01T18:40:38.816+0000] {processor.py:179} INFO - Processing /home/airflow/.local/lib/python3.7/site-packages/airflow/example_dags/example_sensors.py took 0.217 seconds
[2024-11-01T18:41:09.148+0000] {processor.py:157} INFO - Started process (PID=2384) to work on /home/airflow/.local/lib/python3.7/site-packages/airflow/example_dags/example_sensors.py
[2024-11-01T18:41:09.150+0000] {processor.py:826} INFO - Processing file /home/airflow/.local/lib/python3.7/site-packages/airflow/example_dags/example_sensors.py for tasks to queue
[2024-11-01T18:41:09.150+0000] {logging_mixin.py:150} INFO - [2024-11-01T18:41:09.150+0000] {dagbag.py:541} INFO - Filling up the DagBag from /home/airflow/.local/lib/python3.7/site-packages/airflow/example_dags/example_sensors.py
[2024-11-01T18:41:09.158+0000] {processor.py:836} INFO - DAG(s) dict_keys(['example_sensors']) retrieved from /home/airflow/.local/lib/python3.7/site-packages/airflow/example_dags/example_sensors.py
[2024-11-01T18:41:09.181+0000] {logging_mixin.py:150} INFO - [2024-11-01T18:41:09.181+0000] {dag.py:2742} INFO - Sync 1 DAGs
[2024-11-01T18:41:09.196+0000] {logging_mixin.py:150} INFO - [2024-11-01T18:41:09.196+0000] {dag.py:3508} INFO - Setting next_dagrun for example_sensors to None, run_after=None
[2024-11-01T18:41:09.207+0000] {processor.py:179} INFO - Processing /home/airflow/.local/lib/python3.7/site-packages/airflow/example_dags/example_sensors.py took 0.064 seconds
[2024-11-01T18:41:39.814+0000] {processor.py:157} INFO - Started process (PID=2446) to work on /home/airflow/.local/lib/python3.7/site-packages/airflow/example_dags/example_sensors.py
[2024-11-01T18:41:39.816+0000] {processor.py:826} INFO - Processing file /home/airflow/.local/lib/python3.7/site-packages/airflow/example_dags/example_sensors.py for tasks to queue
[2024-11-01T18:41:39.818+0000] {logging_mixin.py:150} INFO - [2024-11-01T18:41:39.817+0000] {dagbag.py:541} INFO - Filling up the DagBag from /home/airflow/.local/lib/python3.7/site-packages/airflow/example_dags/example_sensors.py
[2024-11-01T18:41:39.831+0000] {processor.py:836} INFO - DAG(s) dict_keys(['example_sensors']) retrieved from /home/airflow/.local/lib/python3.7/site-packages/airflow/example_dags/example_sensors.py
[2024-11-01T18:41:39.854+0000] {logging_mixin.py:150} INFO - [2024-11-01T18:41:39.854+0000] {dag.py:2742} INFO - Sync 1 DAGs
[2024-11-01T18:41:39.876+0000] {logging_mixin.py:150} INFO - [2024-11-01T18:41:39.875+0000] {dag.py:3508} INFO - Setting next_dagrun for example_sensors to None, run_after=None
[2024-11-01T18:41:39.890+0000] {processor.py:179} INFO - Processing /home/airflow/.local/lib/python3.7/site-packages/airflow/example_dags/example_sensors.py took 0.087 seconds
[2024-11-01T18:42:10.165+0000] {processor.py:157} INFO - Started process (PID=2508) to work on /home/airflow/.local/lib/python3.7/site-packages/airflow/example_dags/example_sensors.py
[2024-11-01T18:42:10.167+0000] {processor.py:826} INFO - Processing file /home/airflow/.local/lib/python3.7/site-packages/airflow/example_dags/example_sensors.py for tasks to queue
[2024-11-01T18:42:10.168+0000] {logging_mixin.py:150} INFO - [2024-11-01T18:42:10.167+0000] {dagbag.py:541} INFO - Filling up the DagBag from /home/airflow/.local/lib/python3.7/site-packages/airflow/example_dags/example_sensors.py
[2024-11-01T18:42:10.177+0000] {processor.py:836} INFO - DAG(s) dict_keys(['example_sensors']) retrieved from /home/airflow/.local/lib/python3.7/site-packages/airflow/example_dags/example_sensors.py
[2024-11-01T18:42:10.211+0000] {logging_mixin.py:150} INFO - [2024-11-01T18:42:10.211+0000] {dag.py:2742} INFO - Sync 1 DAGs
[2024-11-01T18:42:10.230+0000] {logging_mixin.py:150} INFO - [2024-11-01T18:42:10.230+0000] {dag.py:3508} INFO - Setting next_dagrun for example_sensors to None, run_after=None
[2024-11-01T18:42:10.241+0000] {processor.py:179} INFO - Processing /home/airflow/.local/lib/python3.7/site-packages/airflow/example_dags/example_sensors.py took 0.078 seconds
[2024-11-01T18:42:40.712+0000] {processor.py:157} INFO - Started process (PID=2570) to work on /home/airflow/.local/lib/python3.7/site-packages/airflow/example_dags/example_sensors.py
[2024-11-01T18:42:40.719+0000] {processor.py:826} INFO - Processing file /home/airflow/.local/lib/python3.7/site-packages/airflow/example_dags/example_sensors.py for tasks to queue
[2024-11-01T18:42:40.723+0000] {logging_mixin.py:150} INFO - [2024-11-01T18:42:40.723+0000] {dagbag.py:541} INFO - Filling up the DagBag from /home/airflow/.local/lib/python3.7/site-packages/airflow/example_dags/example_sensors.py
[2024-11-01T18:42:40.734+0000] {processor.py:836} INFO - DAG(s) dict_keys(['example_sensors']) retrieved from /home/airflow/.local/lib/python3.7/site-packages/airflow/example_dags/example_sensors.py
[2024-11-01T18:42:40.760+0000] {logging_mixin.py:150} INFO - [2024-11-01T18:42:40.760+0000] {dag.py:2742} INFO - Sync 1 DAGs
[2024-11-01T18:42:40.773+0000] {logging_mixin.py:150} INFO - [2024-11-01T18:42:40.773+0000] {dag.py:3508} INFO - Setting next_dagrun for example_sensors to None, run_after=None
[2024-11-01T18:42:40.784+0000] {processor.py:179} INFO - Processing /home/airflow/.local/lib/python3.7/site-packages/airflow/example_dags/example_sensors.py took 0.077 seconds
[2024-11-01T18:43:12.531+0000] {processor.py:157} INFO - Started process (PID=2639) to work on /home/airflow/.local/lib/python3.7/site-packages/airflow/example_dags/example_sensors.py
[2024-11-01T18:43:12.532+0000] {processor.py:826} INFO - Processing file /home/airflow/.local/lib/python3.7/site-packages/airflow/example_dags/example_sensors.py for tasks to queue
[2024-11-01T18:43:12.532+0000] {logging_mixin.py:150} INFO - [2024-11-01T18:43:12.532+0000] {dagbag.py:541} INFO - Filling up the DagBag from /home/airflow/.local/lib/python3.7/site-packages/airflow/example_dags/example_sensors.py
[2024-11-01T18:43:12.538+0000] {processor.py:836} INFO - DAG(s) dict_keys(['example_sensors']) retrieved from /home/airflow/.local/lib/python3.7/site-packages/airflow/example_dags/example_sensors.py
[2024-11-01T18:43:12.560+0000] {logging_mixin.py:150} INFO - [2024-11-01T18:43:12.559+0000] {dag.py:2742} INFO - Sync 1 DAGs
[2024-11-01T18:43:12.581+0000] {logging_mixin.py:150} INFO - [2024-11-01T18:43:12.581+0000] {dag.py:3508} INFO - Setting next_dagrun for example_sensors to None, run_after=None
[2024-11-01T18:43:12.592+0000] {processor.py:179} INFO - Processing /home/airflow/.local/lib/python3.7/site-packages/airflow/example_dags/example_sensors.py took 0.063 seconds
[2024-11-01T18:43:43.477+0000] {processor.py:157} INFO - Started process (PID=2692) to work on /home/airflow/.local/lib/python3.7/site-packages/airflow/example_dags/example_sensors.py
[2024-11-01T18:43:43.478+0000] {processor.py:826} INFO - Processing file /home/airflow/.local/lib/python3.7/site-packages/airflow/example_dags/example_sensors.py for tasks to queue
[2024-11-01T18:43:43.479+0000] {logging_mixin.py:150} INFO - [2024-11-01T18:43:43.478+0000] {dagbag.py:541} INFO - Filling up the DagBag from /home/airflow/.local/lib/python3.7/site-packages/airflow/example_dags/example_sensors.py
[2024-11-01T18:43:43.484+0000] {processor.py:836} INFO - DAG(s) dict_keys(['example_sensors']) retrieved from /home/airflow/.local/lib/python3.7/site-packages/airflow/example_dags/example_sensors.py
[2024-11-01T18:43:43.498+0000] {logging_mixin.py:150} INFO - [2024-11-01T18:43:43.498+0000] {dag.py:2742} INFO - Sync 1 DAGs
[2024-11-01T18:43:43.510+0000] {logging_mixin.py:150} INFO - [2024-11-01T18:43:43.510+0000] {dag.py:3508} INFO - Setting next_dagrun for example_sensors to None, run_after=None
[2024-11-01T18:43:43.520+0000] {processor.py:179} INFO - Processing /home/airflow/.local/lib/python3.7/site-packages/airflow/example_dags/example_sensors.py took 0.045 seconds
[2024-11-01T18:44:13.760+0000] {processor.py:157} INFO - Started process (PID=2754) to work on /home/airflow/.local/lib/python3.7/site-packages/airflow/example_dags/example_sensors.py
[2024-11-01T18:44:13.761+0000] {processor.py:826} INFO - Processing file /home/airflow/.local/lib/python3.7/site-packages/airflow/example_dags/example_sensors.py for tasks to queue
[2024-11-01T18:44:13.761+0000] {logging_mixin.py:150} INFO - [2024-11-01T18:44:13.761+0000] {dagbag.py:541} INFO - Filling up the DagBag from /home/airflow/.local/lib/python3.7/site-packages/airflow/example_dags/example_sensors.py
[2024-11-01T18:44:13.767+0000] {processor.py:836} INFO - DAG(s) dict_keys(['example_sensors']) retrieved from /home/airflow/.local/lib/python3.7/site-packages/airflow/example_dags/example_sensors.py
[2024-11-01T18:44:13.791+0000] {logging_mixin.py:150} INFO - [2024-11-01T18:44:13.791+0000] {dag.py:2742} INFO - Sync 1 DAGs
[2024-11-01T18:44:13.808+0000] {logging_mixin.py:150} INFO - [2024-11-01T18:44:13.808+0000] {dag.py:3508} INFO - Setting next_dagrun for example_sensors to None, run_after=None
[2024-11-01T18:44:13.819+0000] {processor.py:179} INFO - Processing /home/airflow/.local/lib/python3.7/site-packages/airflow/example_dags/example_sensors.py took 0.061 seconds
[2024-11-01T18:44:43.912+0000] {processor.py:157} INFO - Started process (PID=2816) to work on /home/airflow/.local/lib/python3.7/site-packages/airflow/example_dags/example_sensors.py
[2024-11-01T18:44:43.913+0000] {processor.py:826} INFO - Processing file /home/airflow/.local/lib/python3.7/site-packages/airflow/example_dags/example_sensors.py for tasks to queue
[2024-11-01T18:44:43.913+0000] {logging_mixin.py:150} INFO - [2024-11-01T18:44:43.913+0000] {dagbag.py:541} INFO - Filling up the DagBag from /home/airflow/.local/lib/python3.7/site-packages/airflow/example_dags/example_sensors.py
[2024-11-01T18:44:43.920+0000] {processor.py:836} INFO - DAG(s) dict_keys(['example_sensors']) retrieved from /home/airflow/.local/lib/python3.7/site-packages/airflow/example_dags/example_sensors.py
[2024-11-01T18:44:43.938+0000] {logging_mixin.py:150} INFO - [2024-11-01T18:44:43.938+0000] {dag.py:2742} INFO - Sync 1 DAGs
[2024-11-01T18:44:43.952+0000] {logging_mixin.py:150} INFO - [2024-11-01T18:44:43.952+0000] {dag.py:3508} INFO - Setting next_dagrun for example_sensors to None, run_after=None
[2024-11-01T18:44:43.969+0000] {processor.py:179} INFO - Processing /home/airflow/.local/lib/python3.7/site-packages/airflow/example_dags/example_sensors.py took 0.059 seconds
[2024-11-01T18:45:14.455+0000] {processor.py:157} INFO - Started process (PID=2878) to work on /home/airflow/.local/lib/python3.7/site-packages/airflow/example_dags/example_sensors.py
[2024-11-01T18:45:14.456+0000] {processor.py:826} INFO - Processing file /home/airflow/.local/lib/python3.7/site-packages/airflow/example_dags/example_sensors.py for tasks to queue
[2024-11-01T18:45:14.457+0000] {logging_mixin.py:150} INFO - [2024-11-01T18:45:14.457+0000] {dagbag.py:541} INFO - Filling up the DagBag from /home/airflow/.local/lib/python3.7/site-packages/airflow/example_dags/example_sensors.py
[2024-11-01T18:45:14.463+0000] {processor.py:836} INFO - DAG(s) dict_keys(['example_sensors']) retrieved from /home/airflow/.local/lib/python3.7/site-packages/airflow/example_dags/example_sensors.py
[2024-11-01T18:45:14.478+0000] {logging_mixin.py:150} INFO - [2024-11-01T18:45:14.478+0000] {dag.py:2742} INFO - Sync 1 DAGs
[2024-11-01T18:45:14.496+0000] {logging_mixin.py:150} INFO - [2024-11-01T18:45:14.496+0000] {dag.py:3508} INFO - Setting next_dagrun for example_sensors to None, run_after=None
[2024-11-01T18:45:14.509+0000] {processor.py:179} INFO - Processing /home/airflow/.local/lib/python3.7/site-packages/airflow/example_dags/example_sensors.py took 0.056 seconds
[2024-11-01T18:45:45.161+0000] {processor.py:157} INFO - Started process (PID=2940) to work on /home/airflow/.local/lib/python3.7/site-packages/airflow/example_dags/example_sensors.py
[2024-11-01T18:45:45.161+0000] {processor.py:826} INFO - Processing file /home/airflow/.local/lib/python3.7/site-packages/airflow/example_dags/example_sensors.py for tasks to queue
[2024-11-01T18:45:45.162+0000] {logging_mixin.py:150} INFO - [2024-11-01T18:45:45.162+0000] {dagbag.py:541} INFO - Filling up the DagBag from /home/airflow/.local/lib/python3.7/site-packages/airflow/example_dags/example_sensors.py
[2024-11-01T18:45:45.167+0000] {processor.py:836} INFO - DAG(s) dict_keys(['example_sensors']) retrieved from /home/airflow/.local/lib/python3.7/site-packages/airflow/example_dags/example_sensors.py
[2024-11-01T18:45:45.184+0000] {logging_mixin.py:150} INFO - [2024-11-01T18:45:45.184+0000] {dag.py:2742} INFO - Sync 1 DAGs
[2024-11-01T18:45:45.198+0000] {logging_mixin.py:150} INFO - [2024-11-01T18:45:45.197+0000] {dag.py:3508} INFO - Setting next_dagrun for example_sensors to None, run_after=None
[2024-11-01T18:45:45.206+0000] {processor.py:179} INFO - Processing /home/airflow/.local/lib/python3.7/site-packages/airflow/example_dags/example_sensors.py took 0.047 seconds
[2024-11-01T18:46:16.172+0000] {processor.py:157} INFO - Started process (PID=3002) to work on /home/airflow/.local/lib/python3.7/site-packages/airflow/example_dags/example_sensors.py
[2024-11-01T18:46:16.172+0000] {processor.py:826} INFO - Processing file /home/airflow/.local/lib/python3.7/site-packages/airflow/example_dags/example_sensors.py for tasks to queue
[2024-11-01T18:46:16.173+0000] {logging_mixin.py:150} INFO - [2024-11-01T18:46:16.173+0000] {dagbag.py:541} INFO - Filling up the DagBag from /home/airflow/.local/lib/python3.7/site-packages/airflow/example_dags/example_sensors.py
[2024-11-01T18:46:16.177+0000] {processor.py:836} INFO - DAG(s) dict_keys(['example_sensors']) retrieved from /home/airflow/.local/lib/python3.7/site-packages/airflow/example_dags/example_sensors.py
[2024-11-01T18:46:16.192+0000] {logging_mixin.py:150} INFO - [2024-11-01T18:46:16.192+0000] {dag.py:2742} INFO - Sync 1 DAGs
[2024-11-01T18:46:16.206+0000] {logging_mixin.py:150} INFO - [2024-11-01T18:46:16.206+0000] {dag.py:3508} INFO - Setting next_dagrun for example_sensors to None, run_after=None
[2024-11-01T18:46:16.215+0000] {processor.py:179} INFO - Processing /home/airflow/.local/lib/python3.7/site-packages/airflow/example_dags/example_sensors.py took 0.045 seconds
[2024-11-01T18:46:52.998+0000] {processor.py:157} INFO - Started process (PID=3064) to work on /home/airflow/.local/lib/python3.7/site-packages/airflow/example_dags/example_sensors.py
[2024-11-01T18:46:53.004+0000] {processor.py:826} INFO - Processing file /home/airflow/.local/lib/python3.7/site-packages/airflow/example_dags/example_sensors.py for tasks to queue
[2024-11-01T18:46:53.008+0000] {logging_mixin.py:150} INFO - [2024-11-01T18:46:53.006+0000] {dagbag.py:541} INFO - Filling up the DagBag from /home/airflow/.local/lib/python3.7/site-packages/airflow/example_dags/example_sensors.py
[2024-11-01T18:46:53.073+0000] {processor.py:836} INFO - DAG(s) dict_keys(['example_sensors']) retrieved from /home/airflow/.local/lib/python3.7/site-packages/airflow/example_dags/example_sensors.py
[2024-11-01T18:46:53.230+0000] {logging_mixin.py:150} INFO - [2024-11-01T18:46:53.229+0000] {dag.py:2742} INFO - Sync 1 DAGs
[2024-11-01T18:46:53.339+0000] {logging_mixin.py:150} INFO - [2024-11-01T18:46:53.338+0000] {dag.py:3508} INFO - Setting next_dagrun for example_sensors to None, run_after=None
[2024-11-01T18:46:53.393+0000] {processor.py:179} INFO - Processing /home/airflow/.local/lib/python3.7/site-packages/airflow/example_dags/example_sensors.py took 0.434 seconds
[2024-11-01T18:47:23.743+0000] {processor.py:157} INFO - Started process (PID=3125) to work on /home/airflow/.local/lib/python3.7/site-packages/airflow/example_dags/example_sensors.py
[2024-11-01T18:47:23.750+0000] {processor.py:826} INFO - Processing file /home/airflow/.local/lib/python3.7/site-packages/airflow/example_dags/example_sensors.py for tasks to queue
[2024-11-01T18:47:23.760+0000] {logging_mixin.py:150} INFO - [2024-11-01T18:47:23.756+0000] {dagbag.py:541} INFO - Filling up the DagBag from /home/airflow/.local/lib/python3.7/site-packages/airflow/example_dags/example_sensors.py
[2024-11-01T18:47:23.785+0000] {processor.py:836} INFO - DAG(s) dict_keys(['example_sensors']) retrieved from /home/airflow/.local/lib/python3.7/site-packages/airflow/example_dags/example_sensors.py
[2024-11-01T18:47:23.828+0000] {logging_mixin.py:150} INFO - [2024-11-01T18:47:23.828+0000] {dag.py:2742} INFO - Sync 1 DAGs
[2024-11-01T18:47:23.932+0000] {logging_mixin.py:150} INFO - [2024-11-01T18:47:23.932+0000] {dag.py:3508} INFO - Setting next_dagrun for example_sensors to None, run_after=None
[2024-11-01T18:47:23.974+0000] {processor.py:179} INFO - Processing /home/airflow/.local/lib/python3.7/site-packages/airflow/example_dags/example_sensors.py took 0.237 seconds
[2024-11-01T18:47:54.972+0000] {processor.py:157} INFO - Started process (PID=3188) to work on /home/airflow/.local/lib/python3.7/site-packages/airflow/example_dags/example_sensors.py
[2024-11-01T18:47:54.984+0000] {processor.py:826} INFO - Processing file /home/airflow/.local/lib/python3.7/site-packages/airflow/example_dags/example_sensors.py for tasks to queue
[2024-11-01T18:47:54.994+0000] {logging_mixin.py:150} INFO - [2024-11-01T18:47:54.989+0000] {dagbag.py:541} INFO - Filling up the DagBag from /home/airflow/.local/lib/python3.7/site-packages/airflow/example_dags/example_sensors.py
[2024-11-01T18:47:55.074+0000] {processor.py:836} INFO - DAG(s) dict_keys(['example_sensors']) retrieved from /home/airflow/.local/lib/python3.7/site-packages/airflow/example_dags/example_sensors.py
[2024-11-01T18:47:55.618+0000] {logging_mixin.py:150} INFO - [2024-11-01T18:47:55.611+0000] {dag.py:2742} INFO - Sync 1 DAGs
[2024-11-01T18:47:56.003+0000] {logging_mixin.py:150} INFO - [2024-11-01T18:47:56.001+0000] {dag.py:3508} INFO - Setting next_dagrun for example_sensors to None, run_after=None
[2024-11-01T18:47:56.282+0000] {processor.py:179} INFO - Processing /home/airflow/.local/lib/python3.7/site-packages/airflow/example_dags/example_sensors.py took 1.363 seconds
[2024-11-01T18:48:26.765+0000] {processor.py:157} INFO - Started process (PID=3250) to work on /home/airflow/.local/lib/python3.7/site-packages/airflow/example_dags/example_sensors.py
[2024-11-01T18:48:26.805+0000] {processor.py:826} INFO - Processing file /home/airflow/.local/lib/python3.7/site-packages/airflow/example_dags/example_sensors.py for tasks to queue
[2024-11-01T18:48:26.810+0000] {logging_mixin.py:150} INFO - [2024-11-01T18:48:26.810+0000] {dagbag.py:541} INFO - Filling up the DagBag from /home/airflow/.local/lib/python3.7/site-packages/airflow/example_dags/example_sensors.py
[2024-11-01T18:48:26.876+0000] {processor.py:836} INFO - DAG(s) dict_keys(['example_sensors']) retrieved from /home/airflow/.local/lib/python3.7/site-packages/airflow/example_dags/example_sensors.py
[2024-11-01T18:48:26.958+0000] {logging_mixin.py:150} INFO - [2024-11-01T18:48:26.958+0000] {dag.py:2742} INFO - Sync 1 DAGs
[2024-11-01T18:48:26.988+0000] {logging_mixin.py:150} INFO - [2024-11-01T18:48:26.987+0000] {dag.py:3508} INFO - Setting next_dagrun for example_sensors to None, run_after=None
[2024-11-01T18:48:27.047+0000] {processor.py:179} INFO - Processing /home/airflow/.local/lib/python3.7/site-packages/airflow/example_dags/example_sensors.py took 0.300 seconds
[2024-11-01T18:48:57.590+0000] {processor.py:157} INFO - Started process (PID=3312) to work on /home/airflow/.local/lib/python3.7/site-packages/airflow/example_dags/example_sensors.py
[2024-11-01T18:48:57.592+0000] {processor.py:826} INFO - Processing file /home/airflow/.local/lib/python3.7/site-packages/airflow/example_dags/example_sensors.py for tasks to queue
[2024-11-01T18:48:57.593+0000] {logging_mixin.py:150} INFO - [2024-11-01T18:48:57.593+0000] {dagbag.py:541} INFO - Filling up the DagBag from /home/airflow/.local/lib/python3.7/site-packages/airflow/example_dags/example_sensors.py
[2024-11-01T18:48:57.603+0000] {processor.py:836} INFO - DAG(s) dict_keys(['example_sensors']) retrieved from /home/airflow/.local/lib/python3.7/site-packages/airflow/example_dags/example_sensors.py
[2024-11-01T18:48:57.623+0000] {logging_mixin.py:150} INFO - [2024-11-01T18:48:57.623+0000] {dag.py:2742} INFO - Sync 1 DAGs
[2024-11-01T18:48:57.643+0000] {logging_mixin.py:150} INFO - [2024-11-01T18:48:57.643+0000] {dag.py:3508} INFO - Setting next_dagrun for example_sensors to None, run_after=None
[2024-11-01T18:48:57.661+0000] {processor.py:179} INFO - Processing /home/airflow/.local/lib/python3.7/site-packages/airflow/example_dags/example_sensors.py took 0.075 seconds
[2024-11-01T18:49:27.691+0000] {processor.py:157} INFO - Started process (PID=3373) to work on /home/airflow/.local/lib/python3.7/site-packages/airflow/example_dags/example_sensors.py
[2024-11-01T18:49:27.694+0000] {processor.py:826} INFO - Processing file /home/airflow/.local/lib/python3.7/site-packages/airflow/example_dags/example_sensors.py for tasks to queue
[2024-11-01T18:49:27.696+0000] {logging_mixin.py:150} INFO - [2024-11-01T18:49:27.695+0000] {dagbag.py:541} INFO - Filling up the DagBag from /home/airflow/.local/lib/python3.7/site-packages/airflow/example_dags/example_sensors.py
[2024-11-01T18:49:27.725+0000] {processor.py:836} INFO - DAG(s) dict_keys(['example_sensors']) retrieved from /home/airflow/.local/lib/python3.7/site-packages/airflow/example_dags/example_sensors.py
[2024-11-01T18:49:27.767+0000] {logging_mixin.py:150} INFO - [2024-11-01T18:49:27.766+0000] {dag.py:2742} INFO - Sync 1 DAGs
[2024-11-01T18:49:27.790+0000] {logging_mixin.py:150} INFO - [2024-11-01T18:49:27.790+0000] {dag.py:3508} INFO - Setting next_dagrun for example_sensors to None, run_after=None
[2024-11-01T18:49:27.816+0000] {processor.py:179} INFO - Processing /home/airflow/.local/lib/python3.7/site-packages/airflow/example_dags/example_sensors.py took 0.130 seconds
[2024-11-01T18:49:58.355+0000] {processor.py:157} INFO - Started process (PID=3436) to work on /home/airflow/.local/lib/python3.7/site-packages/airflow/example_dags/example_sensors.py
[2024-11-01T18:49:58.356+0000] {processor.py:826} INFO - Processing file /home/airflow/.local/lib/python3.7/site-packages/airflow/example_dags/example_sensors.py for tasks to queue
[2024-11-01T18:49:58.357+0000] {logging_mixin.py:150} INFO - [2024-11-01T18:49:58.356+0000] {dagbag.py:541} INFO - Filling up the DagBag from /home/airflow/.local/lib/python3.7/site-packages/airflow/example_dags/example_sensors.py
[2024-11-01T18:49:58.365+0000] {processor.py:836} INFO - DAG(s) dict_keys(['example_sensors']) retrieved from /home/airflow/.local/lib/python3.7/site-packages/airflow/example_dags/example_sensors.py
[2024-11-01T18:49:58.383+0000] {logging_mixin.py:150} INFO - [2024-11-01T18:49:58.383+0000] {dag.py:2742} INFO - Sync 1 DAGs
[2024-11-01T18:49:58.401+0000] {logging_mixin.py:150} INFO - [2024-11-01T18:49:58.400+0000] {dag.py:3508} INFO - Setting next_dagrun for example_sensors to None, run_after=None
[2024-11-01T18:49:58.411+0000] {processor.py:179} INFO - Processing /home/airflow/.local/lib/python3.7/site-packages/airflow/example_dags/example_sensors.py took 0.058 seconds
[2024-11-01T18:50:28.448+0000] {processor.py:157} INFO - Started process (PID=3497) to work on /home/airflow/.local/lib/python3.7/site-packages/airflow/example_dags/example_sensors.py
[2024-11-01T18:50:28.449+0000] {processor.py:826} INFO - Processing file /home/airflow/.local/lib/python3.7/site-packages/airflow/example_dags/example_sensors.py for tasks to queue
[2024-11-01T18:50:28.449+0000] {logging_mixin.py:150} INFO - [2024-11-01T18:50:28.449+0000] {dagbag.py:541} INFO - Filling up the DagBag from /home/airflow/.local/lib/python3.7/site-packages/airflow/example_dags/example_sensors.py
[2024-11-01T18:50:28.457+0000] {processor.py:836} INFO - DAG(s) dict_keys(['example_sensors']) retrieved from /home/airflow/.local/lib/python3.7/site-packages/airflow/example_dags/example_sensors.py
[2024-11-01T18:50:28.476+0000] {logging_mixin.py:150} INFO - [2024-11-01T18:50:28.476+0000] {dag.py:2742} INFO - Sync 1 DAGs
[2024-11-01T18:50:28.489+0000] {logging_mixin.py:150} INFO - [2024-11-01T18:50:28.489+0000] {dag.py:3508} INFO - Setting next_dagrun for example_sensors to None, run_after=None
[2024-11-01T18:50:28.498+0000] {processor.py:179} INFO - Processing /home/airflow/.local/lib/python3.7/site-packages/airflow/example_dags/example_sensors.py took 0.052 seconds
[2024-11-01T18:50:59.450+0000] {processor.py:157} INFO - Started process (PID=3559) to work on /home/airflow/.local/lib/python3.7/site-packages/airflow/example_dags/example_sensors.py
[2024-11-01T18:50:59.453+0000] {processor.py:826} INFO - Processing file /home/airflow/.local/lib/python3.7/site-packages/airflow/example_dags/example_sensors.py for tasks to queue
[2024-11-01T18:50:59.454+0000] {logging_mixin.py:150} INFO - [2024-11-01T18:50:59.453+0000] {dagbag.py:541} INFO - Filling up the DagBag from /home/airflow/.local/lib/python3.7/site-packages/airflow/example_dags/example_sensors.py
[2024-11-01T18:50:59.481+0000] {processor.py:836} INFO - DAG(s) dict_keys(['example_sensors']) retrieved from /home/airflow/.local/lib/python3.7/site-packages/airflow/example_dags/example_sensors.py
[2024-11-01T18:50:59.524+0000] {logging_mixin.py:150} INFO - [2024-11-01T18:50:59.524+0000] {dag.py:2742} INFO - Sync 1 DAGs
[2024-11-01T18:50:59.557+0000] {logging_mixin.py:150} INFO - [2024-11-01T18:50:59.557+0000] {dag.py:3508} INFO - Setting next_dagrun for example_sensors to None, run_after=None
[2024-11-01T18:50:59.573+0000] {processor.py:179} INFO - Processing /home/airflow/.local/lib/python3.7/site-packages/airflow/example_dags/example_sensors.py took 0.127 seconds
[2024-11-01T18:51:29.701+0000] {processor.py:157} INFO - Started process (PID=3621) to work on /home/airflow/.local/lib/python3.7/site-packages/airflow/example_dags/example_sensors.py
[2024-11-01T18:51:29.703+0000] {processor.py:826} INFO - Processing file /home/airflow/.local/lib/python3.7/site-packages/airflow/example_dags/example_sensors.py for tasks to queue
[2024-11-01T18:51:29.707+0000] {logging_mixin.py:150} INFO - [2024-11-01T18:51:29.706+0000] {dagbag.py:541} INFO - Filling up the DagBag from /home/airflow/.local/lib/python3.7/site-packages/airflow/example_dags/example_sensors.py
[2024-11-01T18:51:29.716+0000] {processor.py:836} INFO - DAG(s) dict_keys(['example_sensors']) retrieved from /home/airflow/.local/lib/python3.7/site-packages/airflow/example_dags/example_sensors.py
[2024-11-01T18:51:29.740+0000] {logging_mixin.py:150} INFO - [2024-11-01T18:51:29.740+0000] {dag.py:2742} INFO - Sync 1 DAGs
[2024-11-01T18:51:29.770+0000] {logging_mixin.py:150} INFO - [2024-11-01T18:51:29.770+0000] {dag.py:3508} INFO - Setting next_dagrun for example_sensors to None, run_after=None
[2024-11-01T18:51:29.787+0000] {processor.py:179} INFO - Processing /home/airflow/.local/lib/python3.7/site-packages/airflow/example_dags/example_sensors.py took 0.096 seconds
[2024-11-01T18:52:00.474+0000] {processor.py:157} INFO - Started process (PID=3683) to work on /home/airflow/.local/lib/python3.7/site-packages/airflow/example_dags/example_sensors.py
[2024-11-01T18:52:00.475+0000] {processor.py:826} INFO - Processing file /home/airflow/.local/lib/python3.7/site-packages/airflow/example_dags/example_sensors.py for tasks to queue
[2024-11-01T18:52:00.475+0000] {logging_mixin.py:150} INFO - [2024-11-01T18:52:00.475+0000] {dagbag.py:541} INFO - Filling up the DagBag from /home/airflow/.local/lib/python3.7/site-packages/airflow/example_dags/example_sensors.py
[2024-11-01T18:52:00.489+0000] {processor.py:836} INFO - DAG(s) dict_keys(['example_sensors']) retrieved from /home/airflow/.local/lib/python3.7/site-packages/airflow/example_dags/example_sensors.py
[2024-11-01T18:52:00.513+0000] {logging_mixin.py:150} INFO - [2024-11-01T18:52:00.513+0000] {dag.py:2742} INFO - Sync 1 DAGs
[2024-11-01T18:52:00.534+0000] {logging_mixin.py:150} INFO - [2024-11-01T18:52:00.534+0000] {dag.py:3508} INFO - Setting next_dagrun for example_sensors to None, run_after=None
[2024-11-01T18:52:00.545+0000] {processor.py:179} INFO - Processing /home/airflow/.local/lib/python3.7/site-packages/airflow/example_dags/example_sensors.py took 0.073 seconds
[2024-11-01T18:52:30.695+0000] {processor.py:157} INFO - Started process (PID=3745) to work on /home/airflow/.local/lib/python3.7/site-packages/airflow/example_dags/example_sensors.py
[2024-11-01T18:52:30.696+0000] {processor.py:826} INFO - Processing file /home/airflow/.local/lib/python3.7/site-packages/airflow/example_dags/example_sensors.py for tasks to queue
[2024-11-01T18:52:30.697+0000] {logging_mixin.py:150} INFO - [2024-11-01T18:52:30.697+0000] {dagbag.py:541} INFO - Filling up the DagBag from /home/airflow/.local/lib/python3.7/site-packages/airflow/example_dags/example_sensors.py
[2024-11-01T18:52:30.726+0000] {processor.py:836} INFO - DAG(s) dict_keys(['example_sensors']) retrieved from /home/airflow/.local/lib/python3.7/site-packages/airflow/example_dags/example_sensors.py
[2024-11-01T18:52:30.759+0000] {logging_mixin.py:150} INFO - [2024-11-01T18:52:30.758+0000] {dag.py:2742} INFO - Sync 1 DAGs
[2024-11-01T18:52:30.778+0000] {logging_mixin.py:150} INFO - [2024-11-01T18:52:30.778+0000] {dag.py:3508} INFO - Setting next_dagrun for example_sensors to None, run_after=None
[2024-11-01T18:52:30.790+0000] {processor.py:179} INFO - Processing /home/airflow/.local/lib/python3.7/site-packages/airflow/example_dags/example_sensors.py took 0.102 seconds
