[2024-11-01T18:12:08.010+0000] {processor.py:157} INFO - Started process (PID=86) to work on /home/airflow/.local/lib/python3.7/site-packages/airflow/example_dags/example_latest_only.py
[2024-11-01T18:12:08.012+0000] {processor.py:826} INFO - Processing file /home/airflow/.local/lib/python3.7/site-packages/airflow/example_dags/example_latest_only.py for tasks to queue
[2024-11-01T18:12:08.013+0000] {logging_mixin.py:150} INFO - [2024-11-01T18:12:08.013+0000] {dagbag.py:541} INFO - Filling up the DagBag from /home/airflow/.local/lib/python3.7/site-packages/airflow/example_dags/example_latest_only.py
[2024-11-01T18:12:08.022+0000] {processor.py:836} INFO - DAG(s) dict_keys(['latest_only']) retrieved from /home/airflow/.local/lib/python3.7/site-packages/airflow/example_dags/example_latest_only.py
[2024-11-01T18:12:08.080+0000] {logging_mixin.py:150} INFO - [2024-11-01T18:12:08.080+0000] {dag.py:2742} INFO - Sync 1 DAGs
[2024-11-01T18:12:08.125+0000] {logging_mixin.py:150} INFO - [2024-11-01T18:12:08.125+0000] {dag.py:3508} INFO - Setting next_dagrun for latest_only to 2024-11-01T14:12:08.124911+00:00, run_after=2024-11-01T18:12:08.124911+00:00
[2024-11-01T18:12:08.171+0000] {processor.py:179} INFO - Processing /home/airflow/.local/lib/python3.7/site-packages/airflow/example_dags/example_latest_only.py took 0.169 seconds
[2024-11-01T18:12:58.422+0000] {processor.py:157} INFO - Started process (PID=155) to work on /home/airflow/.local/lib/python3.7/site-packages/airflow/example_dags/example_latest_only.py
[2024-11-01T18:12:58.423+0000] {processor.py:826} INFO - Processing file /home/airflow/.local/lib/python3.7/site-packages/airflow/example_dags/example_latest_only.py for tasks to queue
[2024-11-01T18:12:58.423+0000] {logging_mixin.py:150} INFO - [2024-11-01T18:12:58.423+0000] {dagbag.py:541} INFO - Filling up the DagBag from /home/airflow/.local/lib/python3.7/site-packages/airflow/example_dags/example_latest_only.py
[2024-11-01T18:12:58.429+0000] {processor.py:836} INFO - DAG(s) dict_keys(['latest_only']) retrieved from /home/airflow/.local/lib/python3.7/site-packages/airflow/example_dags/example_latest_only.py
[2024-11-01T18:12:58.445+0000] {logging_mixin.py:150} INFO - [2024-11-01T18:12:58.444+0000] {dag.py:2742} INFO - Sync 1 DAGs
[2024-11-01T18:12:58.457+0000] {logging_mixin.py:150} INFO - [2024-11-01T18:12:58.457+0000] {dag.py:3508} INFO - Setting next_dagrun for latest_only to 2024-11-01T14:12:58.457684+00:00, run_after=2024-11-01T18:12:58.457684+00:00
[2024-11-01T18:12:58.466+0000] {processor.py:179} INFO - Processing /home/airflow/.local/lib/python3.7/site-packages/airflow/example_dags/example_latest_only.py took 0.046 seconds
[2024-11-01T18:14:15.472+0000] {processor.py:157} INFO - Started process (PID=230) to work on /home/airflow/.local/lib/python3.7/site-packages/airflow/example_dags/example_latest_only.py
[2024-11-01T18:14:15.475+0000] {processor.py:826} INFO - Processing file /home/airflow/.local/lib/python3.7/site-packages/airflow/example_dags/example_latest_only.py for tasks to queue
[2024-11-01T18:14:15.476+0000] {logging_mixin.py:150} INFO - [2024-11-01T18:14:15.475+0000] {dagbag.py:541} INFO - Filling up the DagBag from /home/airflow/.local/lib/python3.7/site-packages/airflow/example_dags/example_latest_only.py
[2024-11-01T18:14:15.512+0000] {processor.py:836} INFO - DAG(s) dict_keys(['latest_only']) retrieved from /home/airflow/.local/lib/python3.7/site-packages/airflow/example_dags/example_latest_only.py
[2024-11-01T18:14:15.668+0000] {logging_mixin.py:150} INFO - [2024-11-01T18:14:15.668+0000] {dag.py:2742} INFO - Sync 1 DAGs
[2024-11-01T18:14:15.818+0000] {logging_mixin.py:150} INFO - [2024-11-01T18:14:15.818+0000] {dag.py:3508} INFO - Setting next_dagrun for latest_only to 2024-11-01T14:14:15.818073+00:00, run_after=2024-11-01T18:14:15.818073+00:00
[2024-11-01T18:14:16.104+0000] {processor.py:179} INFO - Processing /home/airflow/.local/lib/python3.7/site-packages/airflow/example_dags/example_latest_only.py took 0.646 seconds
[2024-11-01T18:17:44.109+0000] {processor.py:157} INFO - Started process (PID=353) to work on /home/airflow/.local/lib/python3.7/site-packages/airflow/example_dags/example_latest_only.py
[2024-11-01T18:17:44.138+0000] {processor.py:826} INFO - Processing file /home/airflow/.local/lib/python3.7/site-packages/airflow/example_dags/example_latest_only.py for tasks to queue
[2024-11-01T18:17:44.148+0000] {logging_mixin.py:150} INFO - [2024-11-01T18:17:44.146+0000] {dagbag.py:541} INFO - Filling up the DagBag from /home/airflow/.local/lib/python3.7/site-packages/airflow/example_dags/example_latest_only.py
[2024-11-01T18:17:44.176+0000] {processor.py:836} INFO - DAG(s) dict_keys(['latest_only']) retrieved from /home/airflow/.local/lib/python3.7/site-packages/airflow/example_dags/example_latest_only.py
[2024-11-01T18:17:44.596+0000] {logging_mixin.py:150} INFO - [2024-11-01T18:17:44.590+0000] {dag.py:2742} INFO - Sync 1 DAGs
[2024-11-01T18:17:44.883+0000] {logging_mixin.py:150} INFO - [2024-11-01T18:17:44.880+0000] {dag.py:3508} INFO - Setting next_dagrun for latest_only to 2024-11-01T14:17:44.871832+00:00, run_after=2024-11-01T18:17:44.871832+00:00
[2024-11-01T18:17:45.358+0000] {processor.py:179} INFO - Processing /home/airflow/.local/lib/python3.7/site-packages/airflow/example_dags/example_latest_only.py took 1.280 seconds
[2024-11-01T18:18:52.597+0000] {processor.py:157} INFO - Started process (PID=452) to work on /home/airflow/.local/lib/python3.7/site-packages/airflow/example_dags/example_latest_only.py
[2024-11-01T18:18:52.603+0000] {processor.py:826} INFO - Processing file /home/airflow/.local/lib/python3.7/site-packages/airflow/example_dags/example_latest_only.py for tasks to queue
[2024-11-01T18:18:52.607+0000] {logging_mixin.py:150} INFO - [2024-11-01T18:18:52.606+0000] {dagbag.py:541} INFO - Filling up the DagBag from /home/airflow/.local/lib/python3.7/site-packages/airflow/example_dags/example_latest_only.py
[2024-11-01T18:18:52.662+0000] {processor.py:836} INFO - DAG(s) dict_keys(['latest_only']) retrieved from /home/airflow/.local/lib/python3.7/site-packages/airflow/example_dags/example_latest_only.py
[2024-11-01T18:18:52.976+0000] {logging_mixin.py:150} INFO - [2024-11-01T18:18:52.975+0000] {dag.py:2742} INFO - Sync 1 DAGs
[2024-11-01T18:18:53.030+0000] {logging_mixin.py:150} INFO - [2024-11-01T18:18:53.030+0000] {dag.py:3508} INFO - Setting next_dagrun for latest_only to 2024-11-01T14:18:53.029364+00:00, run_after=2024-11-01T18:18:53.029364+00:00
[2024-11-01T18:18:53.096+0000] {processor.py:179} INFO - Processing /home/airflow/.local/lib/python3.7/site-packages/airflow/example_dags/example_latest_only.py took 0.544 seconds
[2024-11-01T18:19:27.673+0000] {processor.py:157} INFO - Started process (PID=513) to work on /home/airflow/.local/lib/python3.7/site-packages/airflow/example_dags/example_latest_only.py
[2024-11-01T18:19:27.678+0000] {processor.py:826} INFO - Processing file /home/airflow/.local/lib/python3.7/site-packages/airflow/example_dags/example_latest_only.py for tasks to queue
[2024-11-01T18:19:27.681+0000] {logging_mixin.py:150} INFO - [2024-11-01T18:19:27.681+0000] {dagbag.py:541} INFO - Filling up the DagBag from /home/airflow/.local/lib/python3.7/site-packages/airflow/example_dags/example_latest_only.py
[2024-11-01T18:19:27.699+0000] {processor.py:836} INFO - DAG(s) dict_keys(['latest_only']) retrieved from /home/airflow/.local/lib/python3.7/site-packages/airflow/example_dags/example_latest_only.py
[2024-11-01T18:19:27.899+0000] {logging_mixin.py:150} INFO - [2024-11-01T18:19:27.899+0000] {dag.py:2742} INFO - Sync 1 DAGs
[2024-11-01T18:19:27.970+0000] {logging_mixin.py:150} INFO - [2024-11-01T18:19:27.969+0000] {dag.py:3508} INFO - Setting next_dagrun for latest_only to 2024-11-01T14:19:27.969485+00:00, run_after=2024-11-01T18:19:27.969485+00:00
[2024-11-01T18:19:28.015+0000] {processor.py:179} INFO - Processing /home/airflow/.local/lib/python3.7/site-packages/airflow/example_dags/example_latest_only.py took 0.453 seconds
[2024-11-01T18:20:25.427+0000] {processor.py:157} INFO - Started process (PID=610) to work on /home/airflow/.local/lib/python3.7/site-packages/airflow/example_dags/example_latest_only.py
[2024-11-01T18:20:25.435+0000] {processor.py:826} INFO - Processing file /home/airflow/.local/lib/python3.7/site-packages/airflow/example_dags/example_latest_only.py for tasks to queue
[2024-11-01T18:20:25.435+0000] {logging_mixin.py:150} INFO - [2024-11-01T18:20:25.435+0000] {dagbag.py:541} INFO - Filling up the DagBag from /home/airflow/.local/lib/python3.7/site-packages/airflow/example_dags/example_latest_only.py
[2024-11-01T18:20:25.459+0000] {processor.py:836} INFO - DAG(s) dict_keys(['latest_only']) retrieved from /home/airflow/.local/lib/python3.7/site-packages/airflow/example_dags/example_latest_only.py
[2024-11-01T18:20:25.605+0000] {logging_mixin.py:150} INFO - [2024-11-01T18:20:25.605+0000] {dag.py:2742} INFO - Sync 1 DAGs
[2024-11-01T18:20:25.804+0000] {logging_mixin.py:150} INFO - [2024-11-01T18:20:25.804+0000] {dag.py:3508} INFO - Setting next_dagrun for latest_only to 2024-11-01T14:20:25.804082+00:00, run_after=2024-11-01T18:20:25.804082+00:00
[2024-11-01T18:20:25.868+0000] {processor.py:179} INFO - Processing /home/airflow/.local/lib/python3.7/site-packages/airflow/example_dags/example_latest_only.py took 0.486 seconds
[2024-11-01T18:24:03.692+0000] {processor.py:157} INFO - Started process (PID=745) to work on /home/airflow/.local/lib/python3.7/site-packages/airflow/example_dags/example_latest_only.py
[2024-11-01T18:24:03.700+0000] {processor.py:826} INFO - Processing file /home/airflow/.local/lib/python3.7/site-packages/airflow/example_dags/example_latest_only.py for tasks to queue
[2024-11-01T18:24:03.708+0000] {logging_mixin.py:150} INFO - [2024-11-01T18:24:03.708+0000] {dagbag.py:541} INFO - Filling up the DagBag from /home/airflow/.local/lib/python3.7/site-packages/airflow/example_dags/example_latest_only.py
[2024-11-01T18:24:03.915+0000] {processor.py:836} INFO - DAG(s) dict_keys(['latest_only']) retrieved from /home/airflow/.local/lib/python3.7/site-packages/airflow/example_dags/example_latest_only.py
[2024-11-01T18:24:04.285+0000] {logging_mixin.py:150} INFO - [2024-11-01T18:24:04.285+0000] {dag.py:2742} INFO - Sync 1 DAGs
[2024-11-01T18:24:04.925+0000] {logging_mixin.py:150} INFO - [2024-11-01T18:24:04.915+0000] {dag.py:3508} INFO - Setting next_dagrun for latest_only to 2024-11-01T14:24:04.909822+00:00, run_after=2024-11-01T18:24:04.909822+00:00
[2024-11-01T18:24:05.442+0000] {processor.py:179} INFO - Processing /home/airflow/.local/lib/python3.7/site-packages/airflow/example_dags/example_latest_only.py took 1.781 seconds
[2024-11-01T18:25:18.991+0000] {processor.py:157} INFO - Started process (PID=819) to work on /home/airflow/.local/lib/python3.7/site-packages/airflow/example_dags/example_latest_only.py
[2024-11-01T18:25:19.789+0000] {processor.py:826} INFO - Processing file /home/airflow/.local/lib/python3.7/site-packages/airflow/example_dags/example_latest_only.py for tasks to queue
[2024-11-01T18:25:19.792+0000] {logging_mixin.py:150} INFO - [2024-11-01T18:25:19.791+0000] {dagbag.py:541} INFO - Filling up the DagBag from /home/airflow/.local/lib/python3.7/site-packages/airflow/example_dags/example_latest_only.py
[2024-11-01T18:25:19.852+0000] {processor.py:836} INFO - DAG(s) dict_keys(['latest_only']) retrieved from /home/airflow/.local/lib/python3.7/site-packages/airflow/example_dags/example_latest_only.py
[2024-11-01T18:25:19.947+0000] {logging_mixin.py:150} INFO - [2024-11-01T18:25:19.946+0000] {dag.py:2742} INFO - Sync 1 DAGs
[2024-11-01T18:25:20.994+0000] {logging_mixin.py:150} INFO - [2024-11-01T18:25:20.986+0000] {dag.py:3508} INFO - Setting next_dagrun for latest_only to 2024-11-01T14:25:20.978732+00:00, run_after=2024-11-01T18:25:20.978732+00:00
[2024-11-01T18:25:21.186+0000] {processor.py:179} INFO - Processing /home/airflow/.local/lib/python3.7/site-packages/airflow/example_dags/example_latest_only.py took 2.207 seconds
[2024-11-01T18:26:06.528+0000] {processor.py:157} INFO - Started process (PID=897) to work on /home/airflow/.local/lib/python3.7/site-packages/airflow/example_dags/example_latest_only.py
[2024-11-01T18:26:06.530+0000] {processor.py:826} INFO - Processing file /home/airflow/.local/lib/python3.7/site-packages/airflow/example_dags/example_latest_only.py for tasks to queue
[2024-11-01T18:26:06.533+0000] {logging_mixin.py:150} INFO - [2024-11-01T18:26:06.533+0000] {dagbag.py:541} INFO - Filling up the DagBag from /home/airflow/.local/lib/python3.7/site-packages/airflow/example_dags/example_latest_only.py
[2024-11-01T18:26:06.569+0000] {processor.py:836} INFO - DAG(s) dict_keys(['latest_only']) retrieved from /home/airflow/.local/lib/python3.7/site-packages/airflow/example_dags/example_latest_only.py
[2024-11-01T18:26:06.709+0000] {logging_mixin.py:150} INFO - [2024-11-01T18:26:06.708+0000] {dag.py:2742} INFO - Sync 1 DAGs
[2024-11-01T18:26:06.760+0000] {logging_mixin.py:150} INFO - [2024-11-01T18:26:06.760+0000] {dag.py:3508} INFO - Setting next_dagrun for latest_only to 2024-11-01T14:26:06.758968+00:00, run_after=2024-11-01T18:26:06.758968+00:00
[2024-11-01T18:26:06.810+0000] {processor.py:179} INFO - Processing /home/airflow/.local/lib/python3.7/site-packages/airflow/example_dags/example_latest_only.py took 0.286 seconds
[2024-11-01T18:26:37.687+0000] {processor.py:157} INFO - Started process (PID=959) to work on /home/airflow/.local/lib/python3.7/site-packages/airflow/example_dags/example_latest_only.py
[2024-11-01T18:26:37.692+0000] {processor.py:826} INFO - Processing file /home/airflow/.local/lib/python3.7/site-packages/airflow/example_dags/example_latest_only.py for tasks to queue
[2024-11-01T18:26:37.694+0000] {logging_mixin.py:150} INFO - [2024-11-01T18:26:37.694+0000] {dagbag.py:541} INFO - Filling up the DagBag from /home/airflow/.local/lib/python3.7/site-packages/airflow/example_dags/example_latest_only.py
[2024-11-01T18:26:37.702+0000] {processor.py:836} INFO - DAG(s) dict_keys(['latest_only']) retrieved from /home/airflow/.local/lib/python3.7/site-packages/airflow/example_dags/example_latest_only.py
[2024-11-01T18:26:37.724+0000] {logging_mixin.py:150} INFO - [2024-11-01T18:26:37.724+0000] {dag.py:2742} INFO - Sync 1 DAGs
[2024-11-01T18:26:37.740+0000] {logging_mixin.py:150} INFO - [2024-11-01T18:26:37.740+0000] {dag.py:3508} INFO - Setting next_dagrun for latest_only to 2024-11-01T14:26:37.740345+00:00, run_after=2024-11-01T18:26:37.740345+00:00
[2024-11-01T18:26:37.752+0000] {processor.py:179} INFO - Processing /home/airflow/.local/lib/python3.7/site-packages/airflow/example_dags/example_latest_only.py took 0.070 seconds
[2024-11-01T18:27:07.973+0000] {processor.py:157} INFO - Started process (PID=1021) to work on /home/airflow/.local/lib/python3.7/site-packages/airflow/example_dags/example_latest_only.py
[2024-11-01T18:27:07.987+0000] {processor.py:826} INFO - Processing file /home/airflow/.local/lib/python3.7/site-packages/airflow/example_dags/example_latest_only.py for tasks to queue
[2024-11-01T18:27:07.988+0000] {logging_mixin.py:150} INFO - [2024-11-01T18:27:07.987+0000] {dagbag.py:541} INFO - Filling up the DagBag from /home/airflow/.local/lib/python3.7/site-packages/airflow/example_dags/example_latest_only.py
[2024-11-01T18:27:07.997+0000] {processor.py:836} INFO - DAG(s) dict_keys(['latest_only']) retrieved from /home/airflow/.local/lib/python3.7/site-packages/airflow/example_dags/example_latest_only.py
[2024-11-01T18:27:08.041+0000] {logging_mixin.py:150} INFO - [2024-11-01T18:27:08.041+0000] {dag.py:2742} INFO - Sync 1 DAGs
[2024-11-01T18:27:08.072+0000] {logging_mixin.py:150} INFO - [2024-11-01T18:27:08.072+0000] {dag.py:3508} INFO - Setting next_dagrun for latest_only to 2024-11-01T14:27:08.071813+00:00, run_after=2024-11-01T18:27:08.071813+00:00
[2024-11-01T18:27:08.091+0000] {processor.py:179} INFO - Processing /home/airflow/.local/lib/python3.7/site-packages/airflow/example_dags/example_latest_only.py took 0.129 seconds
[2024-11-01T18:27:38.279+0000] {processor.py:157} INFO - Started process (PID=1083) to work on /home/airflow/.local/lib/python3.7/site-packages/airflow/example_dags/example_latest_only.py
[2024-11-01T18:27:38.284+0000] {processor.py:826} INFO - Processing file /home/airflow/.local/lib/python3.7/site-packages/airflow/example_dags/example_latest_only.py for tasks to queue
[2024-11-01T18:27:38.288+0000] {logging_mixin.py:150} INFO - [2024-11-01T18:27:38.288+0000] {dagbag.py:541} INFO - Filling up the DagBag from /home/airflow/.local/lib/python3.7/site-packages/airflow/example_dags/example_latest_only.py
[2024-11-01T18:27:38.292+0000] {processor.py:836} INFO - DAG(s) dict_keys(['latest_only']) retrieved from /home/airflow/.local/lib/python3.7/site-packages/airflow/example_dags/example_latest_only.py
[2024-11-01T18:27:38.312+0000] {logging_mixin.py:150} INFO - [2024-11-01T18:27:38.312+0000] {dag.py:2742} INFO - Sync 1 DAGs
[2024-11-01T18:27:38.335+0000] {logging_mixin.py:150} INFO - [2024-11-01T18:27:38.335+0000] {dag.py:3508} INFO - Setting next_dagrun for latest_only to 2024-11-01T14:27:38.334824+00:00, run_after=2024-11-01T18:27:38.334824+00:00
[2024-11-01T18:27:38.350+0000] {processor.py:179} INFO - Processing /home/airflow/.local/lib/python3.7/site-packages/airflow/example_dags/example_latest_only.py took 0.074 seconds
[2024-11-01T18:30:55.016+0000] {processor.py:157} INFO - Started process (PID=1159) to work on /home/airflow/.local/lib/python3.7/site-packages/airflow/example_dags/example_latest_only.py
[2024-11-01T18:30:55.017+0000] {processor.py:826} INFO - Processing file /home/airflow/.local/lib/python3.7/site-packages/airflow/example_dags/example_latest_only.py for tasks to queue
[2024-11-01T18:30:55.018+0000] {logging_mixin.py:150} INFO - [2024-11-01T18:30:55.017+0000] {dagbag.py:541} INFO - Filling up the DagBag from /home/airflow/.local/lib/python3.7/site-packages/airflow/example_dags/example_latest_only.py
[2024-11-01T18:30:55.021+0000] {processor.py:836} INFO - DAG(s) dict_keys(['latest_only']) retrieved from /home/airflow/.local/lib/python3.7/site-packages/airflow/example_dags/example_latest_only.py
[2024-11-01T18:30:55.034+0000] {logging_mixin.py:150} INFO - [2024-11-01T18:30:55.034+0000] {dag.py:2742} INFO - Sync 1 DAGs
[2024-11-01T18:30:55.065+0000] {logging_mixin.py:150} INFO - [2024-11-01T18:30:55.065+0000] {dag.py:3508} INFO - Setting next_dagrun for latest_only to 2024-11-01T14:30:55.065373+00:00, run_after=2024-11-01T18:30:55.065373+00:00
[2024-11-01T18:30:55.076+0000] {processor.py:179} INFO - Processing /home/airflow/.local/lib/python3.7/site-packages/airflow/example_dags/example_latest_only.py took 0.062 seconds
[2024-11-01T18:31:25.568+0000] {processor.py:157} INFO - Started process (PID=1221) to work on /home/airflow/.local/lib/python3.7/site-packages/airflow/example_dags/example_latest_only.py
[2024-11-01T18:31:25.568+0000] {processor.py:826} INFO - Processing file /home/airflow/.local/lib/python3.7/site-packages/airflow/example_dags/example_latest_only.py for tasks to queue
[2024-11-01T18:31:25.569+0000] {logging_mixin.py:150} INFO - [2024-11-01T18:31:25.569+0000] {dagbag.py:541} INFO - Filling up the DagBag from /home/airflow/.local/lib/python3.7/site-packages/airflow/example_dags/example_latest_only.py
[2024-11-01T18:31:25.572+0000] {processor.py:836} INFO - DAG(s) dict_keys(['latest_only']) retrieved from /home/airflow/.local/lib/python3.7/site-packages/airflow/example_dags/example_latest_only.py
[2024-11-01T18:31:25.585+0000] {logging_mixin.py:150} INFO - [2024-11-01T18:31:25.585+0000] {dag.py:2742} INFO - Sync 1 DAGs
[2024-11-01T18:31:25.601+0000] {logging_mixin.py:150} INFO - [2024-11-01T18:31:25.601+0000] {dag.py:3508} INFO - Setting next_dagrun for latest_only to 2024-11-01T14:31:25.600872+00:00, run_after=2024-11-01T18:31:25.600872+00:00
[2024-11-01T18:31:25.611+0000] {processor.py:179} INFO - Processing /home/airflow/.local/lib/python3.7/site-packages/airflow/example_dags/example_latest_only.py took 0.045 seconds
[2024-11-01T18:31:55.999+0000] {processor.py:157} INFO - Started process (PID=1283) to work on /home/airflow/.local/lib/python3.7/site-packages/airflow/example_dags/example_latest_only.py
[2024-11-01T18:31:56.000+0000] {processor.py:826} INFO - Processing file /home/airflow/.local/lib/python3.7/site-packages/airflow/example_dags/example_latest_only.py for tasks to queue
[2024-11-01T18:31:56.000+0000] {logging_mixin.py:150} INFO - [2024-11-01T18:31:56.000+0000] {dagbag.py:541} INFO - Filling up the DagBag from /home/airflow/.local/lib/python3.7/site-packages/airflow/example_dags/example_latest_only.py
[2024-11-01T18:31:56.003+0000] {processor.py:836} INFO - DAG(s) dict_keys(['latest_only']) retrieved from /home/airflow/.local/lib/python3.7/site-packages/airflow/example_dags/example_latest_only.py
[2024-11-01T18:31:56.019+0000] {logging_mixin.py:150} INFO - [2024-11-01T18:31:56.019+0000] {dag.py:2742} INFO - Sync 1 DAGs
[2024-11-01T18:31:56.034+0000] {logging_mixin.py:150} INFO - [2024-11-01T18:31:56.034+0000] {dag.py:3508} INFO - Setting next_dagrun for latest_only to 2024-11-01T14:31:56.034217+00:00, run_after=2024-11-01T18:31:56.034217+00:00
[2024-11-01T18:31:56.045+0000] {processor.py:179} INFO - Processing /home/airflow/.local/lib/python3.7/site-packages/airflow/example_dags/example_latest_only.py took 0.048 seconds
[2024-11-01T18:32:26.164+0000] {processor.py:157} INFO - Started process (PID=1345) to work on /home/airflow/.local/lib/python3.7/site-packages/airflow/example_dags/example_latest_only.py
[2024-11-01T18:32:26.165+0000] {processor.py:826} INFO - Processing file /home/airflow/.local/lib/python3.7/site-packages/airflow/example_dags/example_latest_only.py for tasks to queue
[2024-11-01T18:32:26.165+0000] {logging_mixin.py:150} INFO - [2024-11-01T18:32:26.165+0000] {dagbag.py:541} INFO - Filling up the DagBag from /home/airflow/.local/lib/python3.7/site-packages/airflow/example_dags/example_latest_only.py
[2024-11-01T18:32:26.168+0000] {processor.py:836} INFO - DAG(s) dict_keys(['latest_only']) retrieved from /home/airflow/.local/lib/python3.7/site-packages/airflow/example_dags/example_latest_only.py
[2024-11-01T18:32:26.186+0000] {logging_mixin.py:150} INFO - [2024-11-01T18:32:26.186+0000] {dag.py:2742} INFO - Sync 1 DAGs
[2024-11-01T18:32:26.201+0000] {logging_mixin.py:150} INFO - [2024-11-01T18:32:26.201+0000] {dag.py:3508} INFO - Setting next_dagrun for latest_only to 2024-11-01T14:32:26.200935+00:00, run_after=2024-11-01T18:32:26.200935+00:00
[2024-11-01T18:32:26.212+0000] {processor.py:179} INFO - Processing /home/airflow/.local/lib/python3.7/site-packages/airflow/example_dags/example_latest_only.py took 0.049 seconds
[2024-11-01T18:32:56.319+0000] {processor.py:157} INFO - Started process (PID=1406) to work on /home/airflow/.local/lib/python3.7/site-packages/airflow/example_dags/example_latest_only.py
[2024-11-01T18:32:56.319+0000] {processor.py:826} INFO - Processing file /home/airflow/.local/lib/python3.7/site-packages/airflow/example_dags/example_latest_only.py for tasks to queue
[2024-11-01T18:32:56.320+0000] {logging_mixin.py:150} INFO - [2024-11-01T18:32:56.320+0000] {dagbag.py:541} INFO - Filling up the DagBag from /home/airflow/.local/lib/python3.7/site-packages/airflow/example_dags/example_latest_only.py
[2024-11-01T18:32:56.324+0000] {processor.py:836} INFO - DAG(s) dict_keys(['latest_only']) retrieved from /home/airflow/.local/lib/python3.7/site-packages/airflow/example_dags/example_latest_only.py
[2024-11-01T18:32:56.338+0000] {logging_mixin.py:150} INFO - [2024-11-01T18:32:56.338+0000] {dag.py:2742} INFO - Sync 1 DAGs
[2024-11-01T18:32:56.355+0000] {logging_mixin.py:150} INFO - [2024-11-01T18:32:56.354+0000] {dag.py:3508} INFO - Setting next_dagrun for latest_only to 2024-11-01T14:32:56.354826+00:00, run_after=2024-11-01T18:32:56.354826+00:00
[2024-11-01T18:32:56.365+0000] {processor.py:179} INFO - Processing /home/airflow/.local/lib/python3.7/site-packages/airflow/example_dags/example_latest_only.py took 0.049 seconds
[2024-11-01T18:33:26.679+0000] {processor.py:157} INFO - Started process (PID=1468) to work on /home/airflow/.local/lib/python3.7/site-packages/airflow/example_dags/example_latest_only.py
[2024-11-01T18:33:26.682+0000] {processor.py:826} INFO - Processing file /home/airflow/.local/lib/python3.7/site-packages/airflow/example_dags/example_latest_only.py for tasks to queue
[2024-11-01T18:33:26.682+0000] {logging_mixin.py:150} INFO - [2024-11-01T18:33:26.682+0000] {dagbag.py:541} INFO - Filling up the DagBag from /home/airflow/.local/lib/python3.7/site-packages/airflow/example_dags/example_latest_only.py
[2024-11-01T18:33:26.685+0000] {processor.py:836} INFO - DAG(s) dict_keys(['latest_only']) retrieved from /home/airflow/.local/lib/python3.7/site-packages/airflow/example_dags/example_latest_only.py
[2024-11-01T18:33:26.698+0000] {logging_mixin.py:150} INFO - [2024-11-01T18:33:26.698+0000] {dag.py:2742} INFO - Sync 1 DAGs
[2024-11-01T18:33:26.711+0000] {logging_mixin.py:150} INFO - [2024-11-01T18:33:26.711+0000] {dag.py:3508} INFO - Setting next_dagrun for latest_only to 2024-11-01T14:33:26.711319+00:00, run_after=2024-11-01T18:33:26.711319+00:00
[2024-11-01T18:33:26.720+0000] {processor.py:179} INFO - Processing /home/airflow/.local/lib/python3.7/site-packages/airflow/example_dags/example_latest_only.py took 0.043 seconds
[2024-11-01T18:33:57.699+0000] {processor.py:157} INFO - Started process (PID=1529) to work on /home/airflow/.local/lib/python3.7/site-packages/airflow/example_dags/example_latest_only.py
[2024-11-01T18:33:57.701+0000] {processor.py:826} INFO - Processing file /home/airflow/.local/lib/python3.7/site-packages/airflow/example_dags/example_latest_only.py for tasks to queue
[2024-11-01T18:33:57.701+0000] {logging_mixin.py:150} INFO - [2024-11-01T18:33:57.701+0000] {dagbag.py:541} INFO - Filling up the DagBag from /home/airflow/.local/lib/python3.7/site-packages/airflow/example_dags/example_latest_only.py
[2024-11-01T18:33:57.706+0000] {processor.py:836} INFO - DAG(s) dict_keys(['latest_only']) retrieved from /home/airflow/.local/lib/python3.7/site-packages/airflow/example_dags/example_latest_only.py
[2024-11-01T18:33:57.725+0000] {logging_mixin.py:150} INFO - [2024-11-01T18:33:57.725+0000] {dag.py:2742} INFO - Sync 1 DAGs
[2024-11-01T18:33:57.745+0000] {logging_mixin.py:150} INFO - [2024-11-01T18:33:57.745+0000] {dag.py:3508} INFO - Setting next_dagrun for latest_only to 2024-11-01T14:33:57.745551+00:00, run_after=2024-11-01T18:33:57.745551+00:00
[2024-11-01T18:33:57.758+0000] {processor.py:179} INFO - Processing /home/airflow/.local/lib/python3.7/site-packages/airflow/example_dags/example_latest_only.py took 0.062 seconds
[2024-11-01T18:34:28.312+0000] {processor.py:157} INFO - Started process (PID=1591) to work on /home/airflow/.local/lib/python3.7/site-packages/airflow/example_dags/example_latest_only.py
[2024-11-01T18:34:28.313+0000] {processor.py:826} INFO - Processing file /home/airflow/.local/lib/python3.7/site-packages/airflow/example_dags/example_latest_only.py for tasks to queue
[2024-11-01T18:34:28.313+0000] {logging_mixin.py:150} INFO - [2024-11-01T18:34:28.313+0000] {dagbag.py:541} INFO - Filling up the DagBag from /home/airflow/.local/lib/python3.7/site-packages/airflow/example_dags/example_latest_only.py
[2024-11-01T18:34:28.318+0000] {processor.py:836} INFO - DAG(s) dict_keys(['latest_only']) retrieved from /home/airflow/.local/lib/python3.7/site-packages/airflow/example_dags/example_latest_only.py
[2024-11-01T18:34:28.340+0000] {logging_mixin.py:150} INFO - [2024-11-01T18:34:28.340+0000] {dag.py:2742} INFO - Sync 1 DAGs
[2024-11-01T18:34:28.354+0000] {logging_mixin.py:150} INFO - [2024-11-01T18:34:28.354+0000] {dag.py:3508} INFO - Setting next_dagrun for latest_only to 2024-11-01T14:34:28.354478+00:00, run_after=2024-11-01T18:34:28.354478+00:00
[2024-11-01T18:34:28.371+0000] {processor.py:179} INFO - Processing /home/airflow/.local/lib/python3.7/site-packages/airflow/example_dags/example_latest_only.py took 0.061 seconds
[2024-11-01T18:34:58.762+0000] {processor.py:157} INFO - Started process (PID=1653) to work on /home/airflow/.local/lib/python3.7/site-packages/airflow/example_dags/example_latest_only.py
[2024-11-01T18:34:58.764+0000] {processor.py:826} INFO - Processing file /home/airflow/.local/lib/python3.7/site-packages/airflow/example_dags/example_latest_only.py for tasks to queue
[2024-11-01T18:34:58.764+0000] {logging_mixin.py:150} INFO - [2024-11-01T18:34:58.764+0000] {dagbag.py:541} INFO - Filling up the DagBag from /home/airflow/.local/lib/python3.7/site-packages/airflow/example_dags/example_latest_only.py
[2024-11-01T18:34:58.768+0000] {processor.py:836} INFO - DAG(s) dict_keys(['latest_only']) retrieved from /home/airflow/.local/lib/python3.7/site-packages/airflow/example_dags/example_latest_only.py
[2024-11-01T18:34:58.781+0000] {logging_mixin.py:150} INFO - [2024-11-01T18:34:58.781+0000] {dag.py:2742} INFO - Sync 1 DAGs
[2024-11-01T18:34:58.794+0000] {logging_mixin.py:150} INFO - [2024-11-01T18:34:58.794+0000] {dag.py:3508} INFO - Setting next_dagrun for latest_only to 2024-11-01T14:34:58.794405+00:00, run_after=2024-11-01T18:34:58.794405+00:00
[2024-11-01T18:34:58.810+0000] {processor.py:179} INFO - Processing /home/airflow/.local/lib/python3.7/site-packages/airflow/example_dags/example_latest_only.py took 0.049 seconds
[2024-11-01T18:35:29.332+0000] {processor.py:157} INFO - Started process (PID=1715) to work on /home/airflow/.local/lib/python3.7/site-packages/airflow/example_dags/example_latest_only.py
[2024-11-01T18:35:29.333+0000] {processor.py:826} INFO - Processing file /home/airflow/.local/lib/python3.7/site-packages/airflow/example_dags/example_latest_only.py for tasks to queue
[2024-11-01T18:35:29.334+0000] {logging_mixin.py:150} INFO - [2024-11-01T18:35:29.334+0000] {dagbag.py:541} INFO - Filling up the DagBag from /home/airflow/.local/lib/python3.7/site-packages/airflow/example_dags/example_latest_only.py
[2024-11-01T18:35:29.337+0000] {processor.py:836} INFO - DAG(s) dict_keys(['latest_only']) retrieved from /home/airflow/.local/lib/python3.7/site-packages/airflow/example_dags/example_latest_only.py
[2024-11-01T18:35:29.349+0000] {logging_mixin.py:150} INFO - [2024-11-01T18:35:29.349+0000] {dag.py:2742} INFO - Sync 1 DAGs
[2024-11-01T18:35:29.366+0000] {logging_mixin.py:150} INFO - [2024-11-01T18:35:29.366+0000] {dag.py:3508} INFO - Setting next_dagrun for latest_only to 2024-11-01T14:35:29.365906+00:00, run_after=2024-11-01T18:35:29.365906+00:00
[2024-11-01T18:35:29.375+0000] {processor.py:179} INFO - Processing /home/airflow/.local/lib/python3.7/site-packages/airflow/example_dags/example_latest_only.py took 0.046 seconds
[2024-11-01T18:36:02.169+0000] {processor.py:157} INFO - Started process (PID=1777) to work on /home/airflow/.local/lib/python3.7/site-packages/airflow/example_dags/example_latest_only.py
[2024-11-01T18:36:02.174+0000] {processor.py:826} INFO - Processing file /home/airflow/.local/lib/python3.7/site-packages/airflow/example_dags/example_latest_only.py for tasks to queue
[2024-11-01T18:36:02.175+0000] {logging_mixin.py:150} INFO - [2024-11-01T18:36:02.175+0000] {dagbag.py:541} INFO - Filling up the DagBag from /home/airflow/.local/lib/python3.7/site-packages/airflow/example_dags/example_latest_only.py
[2024-11-01T18:36:02.192+0000] {processor.py:836} INFO - DAG(s) dict_keys(['latest_only']) retrieved from /home/airflow/.local/lib/python3.7/site-packages/airflow/example_dags/example_latest_only.py
[2024-11-01T18:36:02.262+0000] {logging_mixin.py:150} INFO - [2024-11-01T18:36:02.262+0000] {dag.py:2742} INFO - Sync 1 DAGs
[2024-11-01T18:36:02.298+0000] {logging_mixin.py:150} INFO - [2024-11-01T18:36:02.298+0000] {dag.py:3508} INFO - Setting next_dagrun for latest_only to 2024-11-01T14:36:02.297926+00:00, run_after=2024-11-01T18:36:02.297926+00:00
[2024-11-01T18:36:02.327+0000] {processor.py:179} INFO - Processing /home/airflow/.local/lib/python3.7/site-packages/airflow/example_dags/example_latest_only.py took 0.168 seconds
[2024-11-01T18:36:32.628+0000] {processor.py:157} INFO - Started process (PID=1839) to work on /home/airflow/.local/lib/python3.7/site-packages/airflow/example_dags/example_latest_only.py
[2024-11-01T18:36:32.633+0000] {processor.py:826} INFO - Processing file /home/airflow/.local/lib/python3.7/site-packages/airflow/example_dags/example_latest_only.py for tasks to queue
[2024-11-01T18:36:32.634+0000] {logging_mixin.py:150} INFO - [2024-11-01T18:36:32.634+0000] {dagbag.py:541} INFO - Filling up the DagBag from /home/airflow/.local/lib/python3.7/site-packages/airflow/example_dags/example_latest_only.py
[2024-11-01T18:36:32.638+0000] {processor.py:836} INFO - DAG(s) dict_keys(['latest_only']) retrieved from /home/airflow/.local/lib/python3.7/site-packages/airflow/example_dags/example_latest_only.py
[2024-11-01T18:36:32.666+0000] {logging_mixin.py:150} INFO - [2024-11-01T18:36:32.666+0000] {dag.py:2742} INFO - Sync 1 DAGs
[2024-11-01T18:36:32.682+0000] {logging_mixin.py:150} INFO - [2024-11-01T18:36:32.682+0000] {dag.py:3508} INFO - Setting next_dagrun for latest_only to 2024-11-01T14:36:32.682308+00:00, run_after=2024-11-01T18:36:32.682308+00:00
[2024-11-01T18:36:32.693+0000] {processor.py:179} INFO - Processing /home/airflow/.local/lib/python3.7/site-packages/airflow/example_dags/example_latest_only.py took 0.094 seconds
[2024-11-01T18:37:02.710+0000] {processor.py:157} INFO - Started process (PID=1901) to work on /home/airflow/.local/lib/python3.7/site-packages/airflow/example_dags/example_latest_only.py
[2024-11-01T18:37:02.712+0000] {processor.py:826} INFO - Processing file /home/airflow/.local/lib/python3.7/site-packages/airflow/example_dags/example_latest_only.py for tasks to queue
[2024-11-01T18:37:02.713+0000] {logging_mixin.py:150} INFO - [2024-11-01T18:37:02.713+0000] {dagbag.py:541} INFO - Filling up the DagBag from /home/airflow/.local/lib/python3.7/site-packages/airflow/example_dags/example_latest_only.py
[2024-11-01T18:37:02.716+0000] {processor.py:836} INFO - DAG(s) dict_keys(['latest_only']) retrieved from /home/airflow/.local/lib/python3.7/site-packages/airflow/example_dags/example_latest_only.py
[2024-11-01T18:37:02.734+0000] {logging_mixin.py:150} INFO - [2024-11-01T18:37:02.734+0000] {dag.py:2742} INFO - Sync 1 DAGs
[2024-11-01T18:37:02.754+0000] {logging_mixin.py:150} INFO - [2024-11-01T18:37:02.754+0000] {dag.py:3508} INFO - Setting next_dagrun for latest_only to 2024-11-01T14:37:02.754682+00:00, run_after=2024-11-01T18:37:02.754682+00:00
[2024-11-01T18:37:02.768+0000] {processor.py:179} INFO - Processing /home/airflow/.local/lib/python3.7/site-packages/airflow/example_dags/example_latest_only.py took 0.061 seconds
[2024-11-01T18:37:33.291+0000] {processor.py:157} INFO - Started process (PID=1962) to work on /home/airflow/.local/lib/python3.7/site-packages/airflow/example_dags/example_latest_only.py
[2024-11-01T18:37:33.293+0000] {processor.py:826} INFO - Processing file /home/airflow/.local/lib/python3.7/site-packages/airflow/example_dags/example_latest_only.py for tasks to queue
[2024-11-01T18:37:33.294+0000] {logging_mixin.py:150} INFO - [2024-11-01T18:37:33.294+0000] {dagbag.py:541} INFO - Filling up the DagBag from /home/airflow/.local/lib/python3.7/site-packages/airflow/example_dags/example_latest_only.py
[2024-11-01T18:37:33.298+0000] {processor.py:836} INFO - DAG(s) dict_keys(['latest_only']) retrieved from /home/airflow/.local/lib/python3.7/site-packages/airflow/example_dags/example_latest_only.py
[2024-11-01T18:37:33.312+0000] {logging_mixin.py:150} INFO - [2024-11-01T18:37:33.312+0000] {dag.py:2742} INFO - Sync 1 DAGs
[2024-11-01T18:37:33.327+0000] {logging_mixin.py:150} INFO - [2024-11-01T18:37:33.327+0000] {dag.py:3508} INFO - Setting next_dagrun for latest_only to 2024-11-01T14:37:33.327559+00:00, run_after=2024-11-01T18:37:33.327559+00:00
[2024-11-01T18:37:33.339+0000] {processor.py:179} INFO - Processing /home/airflow/.local/lib/python3.7/site-packages/airflow/example_dags/example_latest_only.py took 0.054 seconds
[2024-11-01T18:38:08.568+0000] {processor.py:157} INFO - Started process (PID=2024) to work on /home/airflow/.local/lib/python3.7/site-packages/airflow/example_dags/example_latest_only.py
[2024-11-01T18:38:08.572+0000] {processor.py:826} INFO - Processing file /home/airflow/.local/lib/python3.7/site-packages/airflow/example_dags/example_latest_only.py for tasks to queue
[2024-11-01T18:38:08.576+0000] {logging_mixin.py:150} INFO - [2024-11-01T18:38:08.575+0000] {dagbag.py:541} INFO - Filling up the DagBag from /home/airflow/.local/lib/python3.7/site-packages/airflow/example_dags/example_latest_only.py
[2024-11-01T18:38:08.589+0000] {processor.py:836} INFO - DAG(s) dict_keys(['latest_only']) retrieved from /home/airflow/.local/lib/python3.7/site-packages/airflow/example_dags/example_latest_only.py
[2024-11-01T18:38:08.641+0000] {logging_mixin.py:150} INFO - [2024-11-01T18:38:08.641+0000] {dag.py:2742} INFO - Sync 1 DAGs
[2024-11-01T18:38:08.669+0000] {logging_mixin.py:150} INFO - [2024-11-01T18:38:08.669+0000] {dag.py:3508} INFO - Setting next_dagrun for latest_only to 2024-11-01T14:38:08.669260+00:00, run_after=2024-11-01T18:38:08.669260+00:00
[2024-11-01T18:38:08.683+0000] {processor.py:179} INFO - Processing /home/airflow/.local/lib/python3.7/site-packages/airflow/example_dags/example_latest_only.py took 0.119 seconds
[2024-11-01T18:38:39.220+0000] {processor.py:157} INFO - Started process (PID=2086) to work on /home/airflow/.local/lib/python3.7/site-packages/airflow/example_dags/example_latest_only.py
[2024-11-01T18:38:39.220+0000] {processor.py:826} INFO - Processing file /home/airflow/.local/lib/python3.7/site-packages/airflow/example_dags/example_latest_only.py for tasks to queue
[2024-11-01T18:38:39.222+0000] {logging_mixin.py:150} INFO - [2024-11-01T18:38:39.222+0000] {dagbag.py:541} INFO - Filling up the DagBag from /home/airflow/.local/lib/python3.7/site-packages/airflow/example_dags/example_latest_only.py
[2024-11-01T18:38:39.228+0000] {processor.py:836} INFO - DAG(s) dict_keys(['latest_only']) retrieved from /home/airflow/.local/lib/python3.7/site-packages/airflow/example_dags/example_latest_only.py
[2024-11-01T18:38:39.262+0000] {logging_mixin.py:150} INFO - [2024-11-01T18:38:39.262+0000] {dag.py:2742} INFO - Sync 1 DAGs
[2024-11-01T18:38:39.296+0000] {logging_mixin.py:150} INFO - [2024-11-01T18:38:39.296+0000] {dag.py:3508} INFO - Setting next_dagrun for latest_only to 2024-11-01T14:38:39.295863+00:00, run_after=2024-11-01T18:38:39.295863+00:00
[2024-11-01T18:38:39.310+0000] {processor.py:179} INFO - Processing /home/airflow/.local/lib/python3.7/site-packages/airflow/example_dags/example_latest_only.py took 0.094 seconds
[2024-11-01T18:39:12.232+0000] {processor.py:157} INFO - Started process (PID=2154) to work on /home/airflow/.local/lib/python3.7/site-packages/airflow/example_dags/example_latest_only.py
[2024-11-01T18:39:12.236+0000] {processor.py:826} INFO - Processing file /home/airflow/.local/lib/python3.7/site-packages/airflow/example_dags/example_latest_only.py for tasks to queue
[2024-11-01T18:39:12.238+0000] {logging_mixin.py:150} INFO - [2024-11-01T18:39:12.237+0000] {dagbag.py:541} INFO - Filling up the DagBag from /home/airflow/.local/lib/python3.7/site-packages/airflow/example_dags/example_latest_only.py
[2024-11-01T18:39:12.269+0000] {processor.py:836} INFO - DAG(s) dict_keys(['latest_only']) retrieved from /home/airflow/.local/lib/python3.7/site-packages/airflow/example_dags/example_latest_only.py
[2024-11-01T18:39:12.351+0000] {logging_mixin.py:150} INFO - [2024-11-01T18:39:12.350+0000] {dag.py:2742} INFO - Sync 1 DAGs
[2024-11-01T18:39:12.421+0000] {logging_mixin.py:150} INFO - [2024-11-01T18:39:12.421+0000] {dag.py:3508} INFO - Setting next_dagrun for latest_only to 2024-11-01T14:39:12.418789+00:00, run_after=2024-11-01T18:39:12.418789+00:00
[2024-11-01T18:39:12.482+0000] {processor.py:179} INFO - Processing /home/airflow/.local/lib/python3.7/site-packages/airflow/example_dags/example_latest_only.py took 0.287 seconds
[2024-11-01T18:39:42.787+0000] {processor.py:157} INFO - Started process (PID=2215) to work on /home/airflow/.local/lib/python3.7/site-packages/airflow/example_dags/example_latest_only.py
[2024-11-01T18:39:42.790+0000] {processor.py:826} INFO - Processing file /home/airflow/.local/lib/python3.7/site-packages/airflow/example_dags/example_latest_only.py for tasks to queue
[2024-11-01T18:39:42.792+0000] {logging_mixin.py:150} INFO - [2024-11-01T18:39:42.792+0000] {dagbag.py:541} INFO - Filling up the DagBag from /home/airflow/.local/lib/python3.7/site-packages/airflow/example_dags/example_latest_only.py
[2024-11-01T18:39:42.817+0000] {processor.py:836} INFO - DAG(s) dict_keys(['latest_only']) retrieved from /home/airflow/.local/lib/python3.7/site-packages/airflow/example_dags/example_latest_only.py
[2024-11-01T18:39:42.845+0000] {logging_mixin.py:150} INFO - [2024-11-01T18:39:42.845+0000] {dag.py:2742} INFO - Sync 1 DAGs
[2024-11-01T18:39:42.884+0000] {logging_mixin.py:150} INFO - [2024-11-01T18:39:42.883+0000] {dag.py:3508} INFO - Setting next_dagrun for latest_only to 2024-11-01T14:39:42.883309+00:00, run_after=2024-11-01T18:39:42.883309+00:00
[2024-11-01T18:39:42.901+0000] {processor.py:179} INFO - Processing /home/airflow/.local/lib/python3.7/site-packages/airflow/example_dags/example_latest_only.py took 0.119 seconds
[2024-11-01T18:40:13.044+0000] {processor.py:157} INFO - Started process (PID=2277) to work on /home/airflow/.local/lib/python3.7/site-packages/airflow/example_dags/example_latest_only.py
[2024-11-01T18:40:13.047+0000] {processor.py:826} INFO - Processing file /home/airflow/.local/lib/python3.7/site-packages/airflow/example_dags/example_latest_only.py for tasks to queue
[2024-11-01T18:40:13.050+0000] {logging_mixin.py:150} INFO - [2024-11-01T18:40:13.049+0000] {dagbag.py:541} INFO - Filling up the DagBag from /home/airflow/.local/lib/python3.7/site-packages/airflow/example_dags/example_latest_only.py
[2024-11-01T18:40:13.065+0000] {processor.py:836} INFO - DAG(s) dict_keys(['latest_only']) retrieved from /home/airflow/.local/lib/python3.7/site-packages/airflow/example_dags/example_latest_only.py
[2024-11-01T18:40:13.108+0000] {logging_mixin.py:150} INFO - [2024-11-01T18:40:13.108+0000] {dag.py:2742} INFO - Sync 1 DAGs
[2024-11-01T18:40:13.134+0000] {logging_mixin.py:150} INFO - [2024-11-01T18:40:13.134+0000] {dag.py:3508} INFO - Setting next_dagrun for latest_only to 2024-11-01T14:40:13.133329+00:00, run_after=2024-11-01T18:40:13.133329+00:00
[2024-11-01T18:40:13.161+0000] {processor.py:179} INFO - Processing /home/airflow/.local/lib/python3.7/site-packages/airflow/example_dags/example_latest_only.py took 0.120 seconds
[2024-11-01T18:40:43.234+0000] {processor.py:157} INFO - Started process (PID=2339) to work on /home/airflow/.local/lib/python3.7/site-packages/airflow/example_dags/example_latest_only.py
[2024-11-01T18:40:43.242+0000] {processor.py:826} INFO - Processing file /home/airflow/.local/lib/python3.7/site-packages/airflow/example_dags/example_latest_only.py for tasks to queue
[2024-11-01T18:40:43.247+0000] {logging_mixin.py:150} INFO - [2024-11-01T18:40:43.246+0000] {dagbag.py:541} INFO - Filling up the DagBag from /home/airflow/.local/lib/python3.7/site-packages/airflow/example_dags/example_latest_only.py
[2024-11-01T18:40:43.260+0000] {processor.py:836} INFO - DAG(s) dict_keys(['latest_only']) retrieved from /home/airflow/.local/lib/python3.7/site-packages/airflow/example_dags/example_latest_only.py
[2024-11-01T18:40:43.308+0000] {logging_mixin.py:150} INFO - [2024-11-01T18:40:43.308+0000] {dag.py:2742} INFO - Sync 1 DAGs
[2024-11-01T18:40:43.334+0000] {logging_mixin.py:150} INFO - [2024-11-01T18:40:43.334+0000] {dag.py:3508} INFO - Setting next_dagrun for latest_only to 2024-11-01T14:40:43.333882+00:00, run_after=2024-11-01T18:40:43.333882+00:00
[2024-11-01T18:40:43.401+0000] {processor.py:179} INFO - Processing /home/airflow/.local/lib/python3.7/site-packages/airflow/example_dags/example_latest_only.py took 0.174 seconds
[2024-11-01T18:41:13.622+0000] {processor.py:157} INFO - Started process (PID=2401) to work on /home/airflow/.local/lib/python3.7/site-packages/airflow/example_dags/example_latest_only.py
[2024-11-01T18:41:13.626+0000] {processor.py:826} INFO - Processing file /home/airflow/.local/lib/python3.7/site-packages/airflow/example_dags/example_latest_only.py for tasks to queue
[2024-11-01T18:41:13.627+0000] {logging_mixin.py:150} INFO - [2024-11-01T18:41:13.626+0000] {dagbag.py:541} INFO - Filling up the DagBag from /home/airflow/.local/lib/python3.7/site-packages/airflow/example_dags/example_latest_only.py
[2024-11-01T18:41:13.635+0000] {processor.py:836} INFO - DAG(s) dict_keys(['latest_only']) retrieved from /home/airflow/.local/lib/python3.7/site-packages/airflow/example_dags/example_latest_only.py
[2024-11-01T18:41:13.671+0000] {logging_mixin.py:150} INFO - [2024-11-01T18:41:13.671+0000] {dag.py:2742} INFO - Sync 1 DAGs
[2024-11-01T18:41:13.706+0000] {logging_mixin.py:150} INFO - [2024-11-01T18:41:13.706+0000] {dag.py:3508} INFO - Setting next_dagrun for latest_only to 2024-11-01T14:41:13.706354+00:00, run_after=2024-11-01T18:41:13.706354+00:00
[2024-11-01T18:41:13.731+0000] {processor.py:179} INFO - Processing /home/airflow/.local/lib/python3.7/site-packages/airflow/example_dags/example_latest_only.py took 0.115 seconds
[2024-11-01T18:41:44.389+0000] {processor.py:157} INFO - Started process (PID=2463) to work on /home/airflow/.local/lib/python3.7/site-packages/airflow/example_dags/example_latest_only.py
[2024-11-01T18:41:44.395+0000] {processor.py:826} INFO - Processing file /home/airflow/.local/lib/python3.7/site-packages/airflow/example_dags/example_latest_only.py for tasks to queue
[2024-11-01T18:41:44.397+0000] {logging_mixin.py:150} INFO - [2024-11-01T18:41:44.396+0000] {dagbag.py:541} INFO - Filling up the DagBag from /home/airflow/.local/lib/python3.7/site-packages/airflow/example_dags/example_latest_only.py
[2024-11-01T18:41:44.407+0000] {processor.py:836} INFO - DAG(s) dict_keys(['latest_only']) retrieved from /home/airflow/.local/lib/python3.7/site-packages/airflow/example_dags/example_latest_only.py
[2024-11-01T18:41:44.453+0000] {logging_mixin.py:150} INFO - [2024-11-01T18:41:44.453+0000] {dag.py:2742} INFO - Sync 1 DAGs
[2024-11-01T18:41:44.482+0000] {logging_mixin.py:150} INFO - [2024-11-01T18:41:44.481+0000] {dag.py:3508} INFO - Setting next_dagrun for latest_only to 2024-11-01T14:41:44.480711+00:00, run_after=2024-11-01T18:41:44.480711+00:00
[2024-11-01T18:41:44.500+0000] {processor.py:179} INFO - Processing /home/airflow/.local/lib/python3.7/site-packages/airflow/example_dags/example_latest_only.py took 0.118 seconds
[2024-11-01T18:42:14.663+0000] {processor.py:157} INFO - Started process (PID=2525) to work on /home/airflow/.local/lib/python3.7/site-packages/airflow/example_dags/example_latest_only.py
[2024-11-01T18:42:14.666+0000] {processor.py:826} INFO - Processing file /home/airflow/.local/lib/python3.7/site-packages/airflow/example_dags/example_latest_only.py for tasks to queue
[2024-11-01T18:42:14.668+0000] {logging_mixin.py:150} INFO - [2024-11-01T18:42:14.668+0000] {dagbag.py:541} INFO - Filling up the DagBag from /home/airflow/.local/lib/python3.7/site-packages/airflow/example_dags/example_latest_only.py
[2024-11-01T18:42:14.684+0000] {processor.py:836} INFO - DAG(s) dict_keys(['latest_only']) retrieved from /home/airflow/.local/lib/python3.7/site-packages/airflow/example_dags/example_latest_only.py
[2024-11-01T18:42:14.716+0000] {logging_mixin.py:150} INFO - [2024-11-01T18:42:14.716+0000] {dag.py:2742} INFO - Sync 1 DAGs
[2024-11-01T18:42:14.758+0000] {logging_mixin.py:150} INFO - [2024-11-01T18:42:14.757+0000] {dag.py:3508} INFO - Setting next_dagrun for latest_only to 2024-11-01T14:42:14.757262+00:00, run_after=2024-11-01T18:42:14.757262+00:00
[2024-11-01T18:42:14.775+0000] {processor.py:179} INFO - Processing /home/airflow/.local/lib/python3.7/site-packages/airflow/example_dags/example_latest_only.py took 0.123 seconds
[2024-11-01T18:42:45.197+0000] {processor.py:157} INFO - Started process (PID=2587) to work on /home/airflow/.local/lib/python3.7/site-packages/airflow/example_dags/example_latest_only.py
[2024-11-01T18:42:45.199+0000] {processor.py:826} INFO - Processing file /home/airflow/.local/lib/python3.7/site-packages/airflow/example_dags/example_latest_only.py for tasks to queue
[2024-11-01T18:42:45.200+0000] {logging_mixin.py:150} INFO - [2024-11-01T18:42:45.199+0000] {dagbag.py:541} INFO - Filling up the DagBag from /home/airflow/.local/lib/python3.7/site-packages/airflow/example_dags/example_latest_only.py
[2024-11-01T18:42:45.211+0000] {processor.py:836} INFO - DAG(s) dict_keys(['latest_only']) retrieved from /home/airflow/.local/lib/python3.7/site-packages/airflow/example_dags/example_latest_only.py
[2024-11-01T18:42:45.237+0000] {logging_mixin.py:150} INFO - [2024-11-01T18:42:45.237+0000] {dag.py:2742} INFO - Sync 1 DAGs
[2024-11-01T18:42:45.259+0000] {logging_mixin.py:150} INFO - [2024-11-01T18:42:45.259+0000] {dag.py:3508} INFO - Setting next_dagrun for latest_only to 2024-11-01T14:42:45.259290+00:00, run_after=2024-11-01T18:42:45.259290+00:00
[2024-11-01T18:42:45.275+0000] {processor.py:179} INFO - Processing /home/airflow/.local/lib/python3.7/site-packages/airflow/example_dags/example_latest_only.py took 0.082 seconds
[2024-11-01T18:43:15.895+0000] {processor.py:157} INFO - Started process (PID=2649) to work on /home/airflow/.local/lib/python3.7/site-packages/airflow/example_dags/example_latest_only.py
[2024-11-01T18:43:15.904+0000] {processor.py:826} INFO - Processing file /home/airflow/.local/lib/python3.7/site-packages/airflow/example_dags/example_latest_only.py for tasks to queue
[2024-11-01T18:43:15.905+0000] {logging_mixin.py:150} INFO - [2024-11-01T18:43:15.905+0000] {dagbag.py:541} INFO - Filling up the DagBag from /home/airflow/.local/lib/python3.7/site-packages/airflow/example_dags/example_latest_only.py
[2024-11-01T18:43:15.916+0000] {processor.py:836} INFO - DAG(s) dict_keys(['latest_only']) retrieved from /home/airflow/.local/lib/python3.7/site-packages/airflow/example_dags/example_latest_only.py
[2024-11-01T18:43:15.942+0000] {logging_mixin.py:150} INFO - [2024-11-01T18:43:15.942+0000] {dag.py:2742} INFO - Sync 1 DAGs
[2024-11-01T18:43:15.963+0000] {logging_mixin.py:150} INFO - [2024-11-01T18:43:15.963+0000] {dag.py:3508} INFO - Setting next_dagrun for latest_only to 2024-11-01T14:43:15.963385+00:00, run_after=2024-11-01T18:43:15.963385+00:00
[2024-11-01T18:43:15.979+0000] {processor.py:179} INFO - Processing /home/airflow/.local/lib/python3.7/site-packages/airflow/example_dags/example_latest_only.py took 0.092 seconds
[2024-11-01T18:43:46.228+0000] {processor.py:157} INFO - Started process (PID=2711) to work on /home/airflow/.local/lib/python3.7/site-packages/airflow/example_dags/example_latest_only.py
[2024-11-01T18:43:46.232+0000] {processor.py:826} INFO - Processing file /home/airflow/.local/lib/python3.7/site-packages/airflow/example_dags/example_latest_only.py for tasks to queue
[2024-11-01T18:43:46.234+0000] {logging_mixin.py:150} INFO - [2024-11-01T18:43:46.234+0000] {dagbag.py:541} INFO - Filling up the DagBag from /home/airflow/.local/lib/python3.7/site-packages/airflow/example_dags/example_latest_only.py
[2024-11-01T18:43:46.239+0000] {processor.py:836} INFO - DAG(s) dict_keys(['latest_only']) retrieved from /home/airflow/.local/lib/python3.7/site-packages/airflow/example_dags/example_latest_only.py
[2024-11-01T18:43:46.260+0000] {logging_mixin.py:150} INFO - [2024-11-01T18:43:46.259+0000] {dag.py:2742} INFO - Sync 1 DAGs
[2024-11-01T18:43:46.276+0000] {logging_mixin.py:150} INFO - [2024-11-01T18:43:46.276+0000] {dag.py:3508} INFO - Setting next_dagrun for latest_only to 2024-11-01T14:43:46.275783+00:00, run_after=2024-11-01T18:43:46.275783+00:00
[2024-11-01T18:43:46.292+0000] {processor.py:179} INFO - Processing /home/airflow/.local/lib/python3.7/site-packages/airflow/example_dags/example_latest_only.py took 0.067 seconds
[2024-11-01T18:44:16.757+0000] {processor.py:157} INFO - Started process (PID=2773) to work on /home/airflow/.local/lib/python3.7/site-packages/airflow/example_dags/example_latest_only.py
[2024-11-01T18:44:16.759+0000] {processor.py:826} INFO - Processing file /home/airflow/.local/lib/python3.7/site-packages/airflow/example_dags/example_latest_only.py for tasks to queue
[2024-11-01T18:44:16.760+0000] {logging_mixin.py:150} INFO - [2024-11-01T18:44:16.760+0000] {dagbag.py:541} INFO - Filling up the DagBag from /home/airflow/.local/lib/python3.7/site-packages/airflow/example_dags/example_latest_only.py
[2024-11-01T18:44:16.772+0000] {processor.py:836} INFO - DAG(s) dict_keys(['latest_only']) retrieved from /home/airflow/.local/lib/python3.7/site-packages/airflow/example_dags/example_latest_only.py
[2024-11-01T18:44:16.800+0000] {logging_mixin.py:150} INFO - [2024-11-01T18:44:16.800+0000] {dag.py:2742} INFO - Sync 1 DAGs
[2024-11-01T18:44:16.819+0000] {logging_mixin.py:150} INFO - [2024-11-01T18:44:16.819+0000] {dag.py:3508} INFO - Setting next_dagrun for latest_only to 2024-11-01T14:44:16.819220+00:00, run_after=2024-11-01T18:44:16.819220+00:00
[2024-11-01T18:44:16.839+0000] {processor.py:179} INFO - Processing /home/airflow/.local/lib/python3.7/site-packages/airflow/example_dags/example_latest_only.py took 0.086 seconds
[2024-11-01T18:44:47.260+0000] {processor.py:157} INFO - Started process (PID=2835) to work on /home/airflow/.local/lib/python3.7/site-packages/airflow/example_dags/example_latest_only.py
[2024-11-01T18:44:47.261+0000] {processor.py:826} INFO - Processing file /home/airflow/.local/lib/python3.7/site-packages/airflow/example_dags/example_latest_only.py for tasks to queue
[2024-11-01T18:44:47.261+0000] {logging_mixin.py:150} INFO - [2024-11-01T18:44:47.261+0000] {dagbag.py:541} INFO - Filling up the DagBag from /home/airflow/.local/lib/python3.7/site-packages/airflow/example_dags/example_latest_only.py
[2024-11-01T18:44:47.267+0000] {processor.py:836} INFO - DAG(s) dict_keys(['latest_only']) retrieved from /home/airflow/.local/lib/python3.7/site-packages/airflow/example_dags/example_latest_only.py
[2024-11-01T18:44:47.287+0000] {logging_mixin.py:150} INFO - [2024-11-01T18:44:47.287+0000] {dag.py:2742} INFO - Sync 1 DAGs
[2024-11-01T18:44:47.302+0000] {logging_mixin.py:150} INFO - [2024-11-01T18:44:47.302+0000] {dag.py:3508} INFO - Setting next_dagrun for latest_only to 2024-11-01T14:44:47.302249+00:00, run_after=2024-11-01T18:44:47.302249+00:00
[2024-11-01T18:44:47.314+0000] {processor.py:179} INFO - Processing /home/airflow/.local/lib/python3.7/site-packages/airflow/example_dags/example_latest_only.py took 0.058 seconds
[2024-11-01T18:45:17.778+0000] {processor.py:157} INFO - Started process (PID=2897) to work on /home/airflow/.local/lib/python3.7/site-packages/airflow/example_dags/example_latest_only.py
[2024-11-01T18:45:17.779+0000] {processor.py:826} INFO - Processing file /home/airflow/.local/lib/python3.7/site-packages/airflow/example_dags/example_latest_only.py for tasks to queue
[2024-11-01T18:45:17.780+0000] {logging_mixin.py:150} INFO - [2024-11-01T18:45:17.780+0000] {dagbag.py:541} INFO - Filling up the DagBag from /home/airflow/.local/lib/python3.7/site-packages/airflow/example_dags/example_latest_only.py
[2024-11-01T18:45:17.791+0000] {processor.py:836} INFO - DAG(s) dict_keys(['latest_only']) retrieved from /home/airflow/.local/lib/python3.7/site-packages/airflow/example_dags/example_latest_only.py
[2024-11-01T18:45:17.815+0000] {logging_mixin.py:150} INFO - [2024-11-01T18:45:17.815+0000] {dag.py:2742} INFO - Sync 1 DAGs
[2024-11-01T18:45:17.832+0000] {logging_mixin.py:150} INFO - [2024-11-01T18:45:17.832+0000] {dag.py:3508} INFO - Setting next_dagrun for latest_only to 2024-11-01T14:45:17.831968+00:00, run_after=2024-11-01T18:45:17.831968+00:00
[2024-11-01T18:45:17.846+0000] {processor.py:179} INFO - Processing /home/airflow/.local/lib/python3.7/site-packages/airflow/example_dags/example_latest_only.py took 0.070 seconds
[2024-11-01T18:45:48.046+0000] {processor.py:157} INFO - Started process (PID=2959) to work on /home/airflow/.local/lib/python3.7/site-packages/airflow/example_dags/example_latest_only.py
[2024-11-01T18:45:48.049+0000] {processor.py:826} INFO - Processing file /home/airflow/.local/lib/python3.7/site-packages/airflow/example_dags/example_latest_only.py for tasks to queue
[2024-11-01T18:45:48.049+0000] {logging_mixin.py:150} INFO - [2024-11-01T18:45:48.049+0000] {dagbag.py:541} INFO - Filling up the DagBag from /home/airflow/.local/lib/python3.7/site-packages/airflow/example_dags/example_latest_only.py
[2024-11-01T18:45:48.053+0000] {processor.py:836} INFO - DAG(s) dict_keys(['latest_only']) retrieved from /home/airflow/.local/lib/python3.7/site-packages/airflow/example_dags/example_latest_only.py
[2024-11-01T18:45:48.080+0000] {logging_mixin.py:150} INFO - [2024-11-01T18:45:48.079+0000] {dag.py:2742} INFO - Sync 1 DAGs
[2024-11-01T18:45:48.097+0000] {logging_mixin.py:150} INFO - [2024-11-01T18:45:48.097+0000] {dag.py:3508} INFO - Setting next_dagrun for latest_only to 2024-11-01T14:45:48.096939+00:00, run_after=2024-11-01T18:45:48.096939+00:00
[2024-11-01T18:45:48.114+0000] {processor.py:179} INFO - Processing /home/airflow/.local/lib/python3.7/site-packages/airflow/example_dags/example_latest_only.py took 0.073 seconds
[2024-11-01T18:46:18.610+0000] {processor.py:157} INFO - Started process (PID=3012) to work on /home/airflow/.local/lib/python3.7/site-packages/airflow/example_dags/example_latest_only.py
[2024-11-01T18:46:18.610+0000] {processor.py:826} INFO - Processing file /home/airflow/.local/lib/python3.7/site-packages/airflow/example_dags/example_latest_only.py for tasks to queue
[2024-11-01T18:46:18.611+0000] {logging_mixin.py:150} INFO - [2024-11-01T18:46:18.611+0000] {dagbag.py:541} INFO - Filling up the DagBag from /home/airflow/.local/lib/python3.7/site-packages/airflow/example_dags/example_latest_only.py
[2024-11-01T18:46:18.615+0000] {processor.py:836} INFO - DAG(s) dict_keys(['latest_only']) retrieved from /home/airflow/.local/lib/python3.7/site-packages/airflow/example_dags/example_latest_only.py
[2024-11-01T18:46:18.632+0000] {logging_mixin.py:150} INFO - [2024-11-01T18:46:18.632+0000] {dag.py:2742} INFO - Sync 1 DAGs
[2024-11-01T18:46:18.647+0000] {logging_mixin.py:150} INFO - [2024-11-01T18:46:18.647+0000] {dag.py:3508} INFO - Setting next_dagrun for latest_only to 2024-11-01T14:46:18.647119+00:00, run_after=2024-11-01T18:46:18.647119+00:00
[2024-11-01T18:46:18.661+0000] {processor.py:179} INFO - Processing /home/airflow/.local/lib/python3.7/site-packages/airflow/example_dags/example_latest_only.py took 0.054 seconds
[2024-11-01T18:46:54.576+0000] {processor.py:157} INFO - Started process (PID=3074) to work on /home/airflow/.local/lib/python3.7/site-packages/airflow/example_dags/example_latest_only.py
[2024-11-01T18:46:54.578+0000] {processor.py:826} INFO - Processing file /home/airflow/.local/lib/python3.7/site-packages/airflow/example_dags/example_latest_only.py for tasks to queue
[2024-11-01T18:46:54.579+0000] {logging_mixin.py:150} INFO - [2024-11-01T18:46:54.579+0000] {dagbag.py:541} INFO - Filling up the DagBag from /home/airflow/.local/lib/python3.7/site-packages/airflow/example_dags/example_latest_only.py
[2024-11-01T18:46:54.597+0000] {processor.py:836} INFO - DAG(s) dict_keys(['latest_only']) retrieved from /home/airflow/.local/lib/python3.7/site-packages/airflow/example_dags/example_latest_only.py
[2024-11-01T18:46:55.387+0000] {logging_mixin.py:150} INFO - [2024-11-01T18:46:55.376+0000] {dag.py:2742} INFO - Sync 1 DAGs
[2024-11-01T18:46:55.923+0000] {logging_mixin.py:150} INFO - [2024-11-01T18:46:55.920+0000] {dag.py:3508} INFO - Setting next_dagrun for latest_only to 2024-11-01T14:46:55.918099+00:00, run_after=2024-11-01T18:46:55.918099+00:00
[2024-11-01T18:46:55.999+0000] {processor.py:179} INFO - Processing /home/airflow/.local/lib/python3.7/site-packages/airflow/example_dags/example_latest_only.py took 1.429 seconds
[2024-11-01T18:47:26.801+0000] {processor.py:157} INFO - Started process (PID=3136) to work on /home/airflow/.local/lib/python3.7/site-packages/airflow/example_dags/example_latest_only.py
[2024-11-01T18:47:26.807+0000] {processor.py:826} INFO - Processing file /home/airflow/.local/lib/python3.7/site-packages/airflow/example_dags/example_latest_only.py for tasks to queue
[2024-11-01T18:47:26.808+0000] {logging_mixin.py:150} INFO - [2024-11-01T18:47:26.808+0000] {dagbag.py:541} INFO - Filling up the DagBag from /home/airflow/.local/lib/python3.7/site-packages/airflow/example_dags/example_latest_only.py
[2024-11-01T18:47:26.814+0000] {processor.py:836} INFO - DAG(s) dict_keys(['latest_only']) retrieved from /home/airflow/.local/lib/python3.7/site-packages/airflow/example_dags/example_latest_only.py
[2024-11-01T18:47:26.837+0000] {logging_mixin.py:150} INFO - [2024-11-01T18:47:26.836+0000] {dag.py:2742} INFO - Sync 1 DAGs
[2024-11-01T18:47:26.852+0000] {logging_mixin.py:150} INFO - [2024-11-01T18:47:26.852+0000] {dag.py:3508} INFO - Setting next_dagrun for latest_only to 2024-11-01T14:47:26.851908+00:00, run_after=2024-11-01T18:47:26.851908+00:00
[2024-11-01T18:47:26.872+0000] {processor.py:179} INFO - Processing /home/airflow/.local/lib/python3.7/site-packages/airflow/example_dags/example_latest_only.py took 0.095 seconds
[2024-11-01T18:47:58.532+0000] {processor.py:157} INFO - Started process (PID=3199) to work on /home/airflow/.local/lib/python3.7/site-packages/airflow/example_dags/example_latest_only.py
[2024-11-01T18:47:58.535+0000] {processor.py:826} INFO - Processing file /home/airflow/.local/lib/python3.7/site-packages/airflow/example_dags/example_latest_only.py for tasks to queue
[2024-11-01T18:47:58.536+0000] {logging_mixin.py:150} INFO - [2024-11-01T18:47:58.536+0000] {dagbag.py:541} INFO - Filling up the DagBag from /home/airflow/.local/lib/python3.7/site-packages/airflow/example_dags/example_latest_only.py
[2024-11-01T18:47:58.545+0000] {processor.py:836} INFO - DAG(s) dict_keys(['latest_only']) retrieved from /home/airflow/.local/lib/python3.7/site-packages/airflow/example_dags/example_latest_only.py
[2024-11-01T18:47:58.566+0000] {logging_mixin.py:150} INFO - [2024-11-01T18:47:58.566+0000] {dag.py:2742} INFO - Sync 1 DAGs
[2024-11-01T18:47:58.594+0000] {logging_mixin.py:150} INFO - [2024-11-01T18:47:58.594+0000] {dag.py:3508} INFO - Setting next_dagrun for latest_only to 2024-11-01T14:47:58.594282+00:00, run_after=2024-11-01T18:47:58.594282+00:00
[2024-11-01T18:47:58.905+0000] {processor.py:179} INFO - Processing /home/airflow/.local/lib/python3.7/site-packages/airflow/example_dags/example_latest_only.py took 0.382 seconds
[2024-11-01T18:48:29.278+0000] {processor.py:157} INFO - Started process (PID=3260) to work on /home/airflow/.local/lib/python3.7/site-packages/airflow/example_dags/example_latest_only.py
[2024-11-01T18:48:29.279+0000] {processor.py:826} INFO - Processing file /home/airflow/.local/lib/python3.7/site-packages/airflow/example_dags/example_latest_only.py for tasks to queue
[2024-11-01T18:48:29.280+0000] {logging_mixin.py:150} INFO - [2024-11-01T18:48:29.280+0000] {dagbag.py:541} INFO - Filling up the DagBag from /home/airflow/.local/lib/python3.7/site-packages/airflow/example_dags/example_latest_only.py
[2024-11-01T18:48:29.285+0000] {processor.py:836} INFO - DAG(s) dict_keys(['latest_only']) retrieved from /home/airflow/.local/lib/python3.7/site-packages/airflow/example_dags/example_latest_only.py
[2024-11-01T18:48:29.328+0000] {logging_mixin.py:150} INFO - [2024-11-01T18:48:29.328+0000] {dag.py:2742} INFO - Sync 1 DAGs
[2024-11-01T18:48:29.346+0000] {logging_mixin.py:150} INFO - [2024-11-01T18:48:29.346+0000] {dag.py:3508} INFO - Setting next_dagrun for latest_only to 2024-11-01T14:48:29.346162+00:00, run_after=2024-11-01T18:48:29.346162+00:00
[2024-11-01T18:48:29.357+0000] {processor.py:179} INFO - Processing /home/airflow/.local/lib/python3.7/site-packages/airflow/example_dags/example_latest_only.py took 0.083 seconds
[2024-11-01T18:49:00.220+0000] {processor.py:157} INFO - Started process (PID=3322) to work on /home/airflow/.local/lib/python3.7/site-packages/airflow/example_dags/example_latest_only.py
[2024-11-01T18:49:00.222+0000] {processor.py:826} INFO - Processing file /home/airflow/.local/lib/python3.7/site-packages/airflow/example_dags/example_latest_only.py for tasks to queue
[2024-11-01T18:49:00.222+0000] {logging_mixin.py:150} INFO - [2024-11-01T18:49:00.222+0000] {dagbag.py:541} INFO - Filling up the DagBag from /home/airflow/.local/lib/python3.7/site-packages/airflow/example_dags/example_latest_only.py
[2024-11-01T18:49:00.226+0000] {processor.py:836} INFO - DAG(s) dict_keys(['latest_only']) retrieved from /home/airflow/.local/lib/python3.7/site-packages/airflow/example_dags/example_latest_only.py
[2024-11-01T18:49:00.236+0000] {logging_mixin.py:150} INFO - [2024-11-01T18:49:00.236+0000] {dag.py:2742} INFO - Sync 1 DAGs
[2024-11-01T18:49:00.247+0000] {logging_mixin.py:150} INFO - [2024-11-01T18:49:00.247+0000] {dag.py:3508} INFO - Setting next_dagrun for latest_only to 2024-11-01T14:49:00.247104+00:00, run_after=2024-11-01T18:49:00.247104+00:00
[2024-11-01T18:49:00.254+0000] {processor.py:179} INFO - Processing /home/airflow/.local/lib/python3.7/site-packages/airflow/example_dags/example_latest_only.py took 0.039 seconds
[2024-11-01T18:49:30.435+0000] {processor.py:157} INFO - Started process (PID=3384) to work on /home/airflow/.local/lib/python3.7/site-packages/airflow/example_dags/example_latest_only.py
[2024-11-01T18:49:30.436+0000] {processor.py:826} INFO - Processing file /home/airflow/.local/lib/python3.7/site-packages/airflow/example_dags/example_latest_only.py for tasks to queue
[2024-11-01T18:49:30.436+0000] {logging_mixin.py:150} INFO - [2024-11-01T18:49:30.436+0000] {dagbag.py:541} INFO - Filling up the DagBag from /home/airflow/.local/lib/python3.7/site-packages/airflow/example_dags/example_latest_only.py
[2024-11-01T18:49:30.439+0000] {processor.py:836} INFO - DAG(s) dict_keys(['latest_only']) retrieved from /home/airflow/.local/lib/python3.7/site-packages/airflow/example_dags/example_latest_only.py
[2024-11-01T18:49:30.450+0000] {logging_mixin.py:150} INFO - [2024-11-01T18:49:30.450+0000] {dag.py:2742} INFO - Sync 1 DAGs
[2024-11-01T18:49:30.461+0000] {logging_mixin.py:150} INFO - [2024-11-01T18:49:30.461+0000] {dag.py:3508} INFO - Setting next_dagrun for latest_only to 2024-11-01T14:49:30.461712+00:00, run_after=2024-11-01T18:49:30.461712+00:00
[2024-11-01T18:49:30.469+0000] {processor.py:179} INFO - Processing /home/airflow/.local/lib/python3.7/site-packages/airflow/example_dags/example_latest_only.py took 0.036 seconds
[2024-11-01T18:50:00.799+0000] {processor.py:157} INFO - Started process (PID=3446) to work on /home/airflow/.local/lib/python3.7/site-packages/airflow/example_dags/example_latest_only.py
[2024-11-01T18:50:00.800+0000] {processor.py:826} INFO - Processing file /home/airflow/.local/lib/python3.7/site-packages/airflow/example_dags/example_latest_only.py for tasks to queue
[2024-11-01T18:50:00.800+0000] {logging_mixin.py:150} INFO - [2024-11-01T18:50:00.800+0000] {dagbag.py:541} INFO - Filling up the DagBag from /home/airflow/.local/lib/python3.7/site-packages/airflow/example_dags/example_latest_only.py
[2024-11-01T18:50:00.803+0000] {processor.py:836} INFO - DAG(s) dict_keys(['latest_only']) retrieved from /home/airflow/.local/lib/python3.7/site-packages/airflow/example_dags/example_latest_only.py
[2024-11-01T18:50:00.814+0000] {logging_mixin.py:150} INFO - [2024-11-01T18:50:00.814+0000] {dag.py:2742} INFO - Sync 1 DAGs
[2024-11-01T18:50:00.825+0000] {logging_mixin.py:150} INFO - [2024-11-01T18:50:00.825+0000] {dag.py:3508} INFO - Setting next_dagrun for latest_only to 2024-11-01T14:50:00.825558+00:00, run_after=2024-11-01T18:50:00.825558+00:00
[2024-11-01T18:50:00.833+0000] {processor.py:179} INFO - Processing /home/airflow/.local/lib/python3.7/site-packages/airflow/example_dags/example_latest_only.py took 0.036 seconds
[2024-11-01T18:50:30.929+0000] {processor.py:157} INFO - Started process (PID=3508) to work on /home/airflow/.local/lib/python3.7/site-packages/airflow/example_dags/example_latest_only.py
[2024-11-01T18:50:30.930+0000] {processor.py:826} INFO - Processing file /home/airflow/.local/lib/python3.7/site-packages/airflow/example_dags/example_latest_only.py for tasks to queue
[2024-11-01T18:50:30.930+0000] {logging_mixin.py:150} INFO - [2024-11-01T18:50:30.930+0000] {dagbag.py:541} INFO - Filling up the DagBag from /home/airflow/.local/lib/python3.7/site-packages/airflow/example_dags/example_latest_only.py
[2024-11-01T18:50:30.933+0000] {processor.py:836} INFO - DAG(s) dict_keys(['latest_only']) retrieved from /home/airflow/.local/lib/python3.7/site-packages/airflow/example_dags/example_latest_only.py
[2024-11-01T18:50:30.944+0000] {logging_mixin.py:150} INFO - [2024-11-01T18:50:30.943+0000] {dag.py:2742} INFO - Sync 1 DAGs
[2024-11-01T18:50:30.955+0000] {logging_mixin.py:150} INFO - [2024-11-01T18:50:30.955+0000] {dag.py:3508} INFO - Setting next_dagrun for latest_only to 2024-11-01T14:50:30.955173+00:00, run_after=2024-11-01T18:50:30.955173+00:00
[2024-11-01T18:50:30.962+0000] {processor.py:179} INFO - Processing /home/airflow/.local/lib/python3.7/site-packages/airflow/example_dags/example_latest_only.py took 0.035 seconds
[2024-11-01T18:51:01.406+0000] {processor.py:157} INFO - Started process (PID=3570) to work on /home/airflow/.local/lib/python3.7/site-packages/airflow/example_dags/example_latest_only.py
[2024-11-01T18:51:01.409+0000] {processor.py:826} INFO - Processing file /home/airflow/.local/lib/python3.7/site-packages/airflow/example_dags/example_latest_only.py for tasks to queue
[2024-11-01T18:51:01.410+0000] {logging_mixin.py:150} INFO - [2024-11-01T18:51:01.410+0000] {dagbag.py:541} INFO - Filling up the DagBag from /home/airflow/.local/lib/python3.7/site-packages/airflow/example_dags/example_latest_only.py
[2024-11-01T18:51:01.417+0000] {processor.py:836} INFO - DAG(s) dict_keys(['latest_only']) retrieved from /home/airflow/.local/lib/python3.7/site-packages/airflow/example_dags/example_latest_only.py
[2024-11-01T18:51:01.439+0000] {logging_mixin.py:150} INFO - [2024-11-01T18:51:01.439+0000] {dag.py:2742} INFO - Sync 1 DAGs
[2024-11-01T18:51:01.456+0000] {logging_mixin.py:150} INFO - [2024-11-01T18:51:01.456+0000] {dag.py:3508} INFO - Setting next_dagrun for latest_only to 2024-11-01T14:51:01.456263+00:00, run_after=2024-11-01T18:51:01.456263+00:00
[2024-11-01T18:51:01.466+0000] {processor.py:179} INFO - Processing /home/airflow/.local/lib/python3.7/site-packages/airflow/example_dags/example_latest_only.py took 0.069 seconds
[2024-11-01T18:51:32.383+0000] {processor.py:157} INFO - Started process (PID=3632) to work on /home/airflow/.local/lib/python3.7/site-packages/airflow/example_dags/example_latest_only.py
[2024-11-01T18:51:32.383+0000] {processor.py:826} INFO - Processing file /home/airflow/.local/lib/python3.7/site-packages/airflow/example_dags/example_latest_only.py for tasks to queue
[2024-11-01T18:51:32.384+0000] {logging_mixin.py:150} INFO - [2024-11-01T18:51:32.384+0000] {dagbag.py:541} INFO - Filling up the DagBag from /home/airflow/.local/lib/python3.7/site-packages/airflow/example_dags/example_latest_only.py
[2024-11-01T18:51:32.387+0000] {processor.py:836} INFO - DAG(s) dict_keys(['latest_only']) retrieved from /home/airflow/.local/lib/python3.7/site-packages/airflow/example_dags/example_latest_only.py
[2024-11-01T18:51:32.402+0000] {logging_mixin.py:150} INFO - [2024-11-01T18:51:32.402+0000] {dag.py:2742} INFO - Sync 1 DAGs
[2024-11-01T18:51:32.416+0000] {logging_mixin.py:150} INFO - [2024-11-01T18:51:32.416+0000] {dag.py:3508} INFO - Setting next_dagrun for latest_only to 2024-11-01T14:51:32.416619+00:00, run_after=2024-11-01T18:51:32.416619+00:00
[2024-11-01T18:51:32.433+0000] {processor.py:179} INFO - Processing /home/airflow/.local/lib/python3.7/site-packages/airflow/example_dags/example_latest_only.py took 0.052 seconds
[2024-11-01T18:52:03.096+0000] {processor.py:157} INFO - Started process (PID=3694) to work on /home/airflow/.local/lib/python3.7/site-packages/airflow/example_dags/example_latest_only.py
[2024-11-01T18:52:03.097+0000] {processor.py:826} INFO - Processing file /home/airflow/.local/lib/python3.7/site-packages/airflow/example_dags/example_latest_only.py for tasks to queue
[2024-11-01T18:52:03.097+0000] {logging_mixin.py:150} INFO - [2024-11-01T18:52:03.097+0000] {dagbag.py:541} INFO - Filling up the DagBag from /home/airflow/.local/lib/python3.7/site-packages/airflow/example_dags/example_latest_only.py
[2024-11-01T18:52:03.100+0000] {processor.py:836} INFO - DAG(s) dict_keys(['latest_only']) retrieved from /home/airflow/.local/lib/python3.7/site-packages/airflow/example_dags/example_latest_only.py
[2024-11-01T18:52:03.114+0000] {logging_mixin.py:150} INFO - [2024-11-01T18:52:03.113+0000] {dag.py:2742} INFO - Sync 1 DAGs
[2024-11-01T18:52:03.131+0000] {logging_mixin.py:150} INFO - [2024-11-01T18:52:03.131+0000] {dag.py:3508} INFO - Setting next_dagrun for latest_only to 2024-11-01T14:52:03.131227+00:00, run_after=2024-11-01T18:52:03.131227+00:00
[2024-11-01T18:52:03.142+0000] {processor.py:179} INFO - Processing /home/airflow/.local/lib/python3.7/site-packages/airflow/example_dags/example_latest_only.py took 0.048 seconds
[2024-11-01T18:52:33.155+0000] {processor.py:157} INFO - Started process (PID=3755) to work on /home/airflow/.local/lib/python3.7/site-packages/airflow/example_dags/example_latest_only.py
[2024-11-01T18:52:33.155+0000] {processor.py:826} INFO - Processing file /home/airflow/.local/lib/python3.7/site-packages/airflow/example_dags/example_latest_only.py for tasks to queue
[2024-11-01T18:52:33.155+0000] {logging_mixin.py:150} INFO - [2024-11-01T18:52:33.155+0000] {dagbag.py:541} INFO - Filling up the DagBag from /home/airflow/.local/lib/python3.7/site-packages/airflow/example_dags/example_latest_only.py
[2024-11-01T18:52:33.158+0000] {processor.py:836} INFO - DAG(s) dict_keys(['latest_only']) retrieved from /home/airflow/.local/lib/python3.7/site-packages/airflow/example_dags/example_latest_only.py
[2024-11-01T18:52:33.171+0000] {logging_mixin.py:150} INFO - [2024-11-01T18:52:33.170+0000] {dag.py:2742} INFO - Sync 1 DAGs
[2024-11-01T18:52:33.182+0000] {logging_mixin.py:150} INFO - [2024-11-01T18:52:33.182+0000] {dag.py:3508} INFO - Setting next_dagrun for latest_only to 2024-11-01T14:52:33.182770+00:00, run_after=2024-11-01T18:52:33.182770+00:00
[2024-11-01T18:52:33.191+0000] {processor.py:179} INFO - Processing /home/airflow/.local/lib/python3.7/site-packages/airflow/example_dags/example_latest_only.py took 0.038 seconds
