[2024-11-01T18:12:00.644+0000] {processor.py:157} INFO - Started process (PID=51) to work on /home/airflow/.local/lib/python3.7/site-packages/airflow/example_dags/example_dynamic_task_mapping_with_no_taskflow_operators.py
[2024-11-01T18:12:00.644+0000] {processor.py:826} INFO - Processing file /home/airflow/.local/lib/python3.7/site-packages/airflow/example_dags/example_dynamic_task_mapping_with_no_taskflow_operators.py for tasks to queue
[2024-11-01T18:12:00.645+0000] {logging_mixin.py:150} INFO - [2024-11-01T18:12:00.644+0000] {dagbag.py:541} INFO - Filling up the DagBag from /home/airflow/.local/lib/python3.7/site-packages/airflow/example_dags/example_dynamic_task_mapping_with_no_taskflow_operators.py
[2024-11-01T18:12:00.651+0000] {processor.py:836} INFO - DAG(s) dict_keys(['example_dynamic_task_mapping_with_no_taskflow_operators']) retrieved from /home/airflow/.local/lib/python3.7/site-packages/airflow/example_dags/example_dynamic_task_mapping_with_no_taskflow_operators.py
[2024-11-01T18:12:01.322+0000] {logging_mixin.py:150} INFO - [2024-11-01T18:12:01.321+0000] {dag.py:2742} INFO - Sync 1 DAGs
[2024-11-01T18:12:01.404+0000] {logging_mixin.py:150} INFO - [2024-11-01T18:12:01.403+0000] {dag.py:3508} INFO - Setting next_dagrun for example_dynamic_task_mapping_with_no_taskflow_operators to 2024-10-31T18:12:01.399975+00:00, run_after=2024-11-01T18:12:01.399975+00:00
[2024-11-01T18:12:01.455+0000] {processor.py:179} INFO - Processing /home/airflow/.local/lib/python3.7/site-packages/airflow/example_dags/example_dynamic_task_mapping_with_no_taskflow_operators.py took 0.814 seconds
[2024-11-01T18:12:32.044+0000] {processor.py:157} INFO - Started process (PID=113) to work on /home/airflow/.local/lib/python3.7/site-packages/airflow/example_dags/example_dynamic_task_mapping_with_no_taskflow_operators.py
[2024-11-01T18:12:32.047+0000] {processor.py:826} INFO - Processing file /home/airflow/.local/lib/python3.7/site-packages/airflow/example_dags/example_dynamic_task_mapping_with_no_taskflow_operators.py for tasks to queue
[2024-11-01T18:12:32.051+0000] {logging_mixin.py:150} INFO - [2024-11-01T18:12:32.050+0000] {dagbag.py:541} INFO - Filling up the DagBag from /home/airflow/.local/lib/python3.7/site-packages/airflow/example_dags/example_dynamic_task_mapping_with_no_taskflow_operators.py
[2024-11-01T18:12:32.153+0000] {processor.py:836} INFO - DAG(s) dict_keys(['example_dynamic_task_mapping_with_no_taskflow_operators']) retrieved from /home/airflow/.local/lib/python3.7/site-packages/airflow/example_dags/example_dynamic_task_mapping_with_no_taskflow_operators.py
[2024-11-01T18:12:32.199+0000] {logging_mixin.py:150} INFO - [2024-11-01T18:12:32.199+0000] {dag.py:2742} INFO - Sync 1 DAGs
[2024-11-01T18:12:32.227+0000] {logging_mixin.py:150} INFO - [2024-11-01T18:12:32.227+0000] {dag.py:3508} INFO - Setting next_dagrun for example_dynamic_task_mapping_with_no_taskflow_operators to 2024-10-31T18:12:32.227271+00:00, run_after=2024-11-01T18:12:32.227271+00:00
[2024-11-01T18:12:32.245+0000] {processor.py:179} INFO - Processing /home/airflow/.local/lib/python3.7/site-packages/airflow/example_dags/example_dynamic_task_mapping_with_no_taskflow_operators.py took 0.211 seconds
[2024-11-01T18:13:04.210+0000] {processor.py:157} INFO - Started process (PID=174) to work on /home/airflow/.local/lib/python3.7/site-packages/airflow/example_dags/example_dynamic_task_mapping_with_no_taskflow_operators.py
[2024-11-01T18:13:04.221+0000] {processor.py:826} INFO - Processing file /home/airflow/.local/lib/python3.7/site-packages/airflow/example_dags/example_dynamic_task_mapping_with_no_taskflow_operators.py for tasks to queue
[2024-11-01T18:13:04.222+0000] {logging_mixin.py:150} INFO - [2024-11-01T18:13:04.222+0000] {dagbag.py:541} INFO - Filling up the DagBag from /home/airflow/.local/lib/python3.7/site-packages/airflow/example_dags/example_dynamic_task_mapping_with_no_taskflow_operators.py
[2024-11-01T18:13:04.247+0000] {processor.py:836} INFO - DAG(s) dict_keys(['example_dynamic_task_mapping_with_no_taskflow_operators']) retrieved from /home/airflow/.local/lib/python3.7/site-packages/airflow/example_dags/example_dynamic_task_mapping_with_no_taskflow_operators.py
[2024-11-01T18:13:04.301+0000] {logging_mixin.py:150} INFO - [2024-11-01T18:13:04.300+0000] {dag.py:2742} INFO - Sync 1 DAGs
[2024-11-01T18:13:04.322+0000] {logging_mixin.py:150} INFO - [2024-11-01T18:13:04.321+0000] {dag.py:3508} INFO - Setting next_dagrun for example_dynamic_task_mapping_with_no_taskflow_operators to 2024-10-31T18:13:04.321722+00:00, run_after=2024-11-01T18:13:04.321722+00:00
[2024-11-01T18:13:04.332+0000] {processor.py:179} INFO - Processing /home/airflow/.local/lib/python3.7/site-packages/airflow/example_dags/example_dynamic_task_mapping_with_no_taskflow_operators.py took 0.125 seconds
[2024-11-01T18:13:44.913+0000] {processor.py:157} INFO - Started process (PID=215) to work on /home/airflow/.local/lib/python3.7/site-packages/airflow/example_dags/example_dynamic_task_mapping_with_no_taskflow_operators.py
[2024-11-01T18:13:44.918+0000] {processor.py:826} INFO - Processing file /home/airflow/.local/lib/python3.7/site-packages/airflow/example_dags/example_dynamic_task_mapping_with_no_taskflow_operators.py for tasks to queue
[2024-11-01T18:13:44.920+0000] {logging_mixin.py:150} INFO - [2024-11-01T18:13:44.919+0000] {dagbag.py:541} INFO - Filling up the DagBag from /home/airflow/.local/lib/python3.7/site-packages/airflow/example_dags/example_dynamic_task_mapping_with_no_taskflow_operators.py
[2024-11-01T18:13:44.946+0000] {processor.py:836} INFO - DAG(s) dict_keys(['example_dynamic_task_mapping_with_no_taskflow_operators']) retrieved from /home/airflow/.local/lib/python3.7/site-packages/airflow/example_dags/example_dynamic_task_mapping_with_no_taskflow_operators.py
[2024-11-01T18:13:45.005+0000] {logging_mixin.py:150} INFO - [2024-11-01T18:13:45.004+0000] {dag.py:2742} INFO - Sync 1 DAGs
[2024-11-01T18:13:45.086+0000] {logging_mixin.py:150} INFO - [2024-11-01T18:13:45.085+0000] {dag.py:3508} INFO - Setting next_dagrun for example_dynamic_task_mapping_with_no_taskflow_operators to 2024-10-31T18:13:45.084877+00:00, run_after=2024-11-01T18:13:45.084877+00:00
[2024-11-01T18:13:45.172+0000] {processor.py:179} INFO - Processing /home/airflow/.local/lib/python3.7/site-packages/airflow/example_dags/example_dynamic_task_mapping_with_no_taskflow_operators.py took 0.286 seconds
[2024-11-01T18:15:40.207+0000] {processor.py:157} INFO - Started process (PID=255) to work on /home/airflow/.local/lib/python3.7/site-packages/airflow/example_dags/example_dynamic_task_mapping_with_no_taskflow_operators.py
[2024-11-01T18:15:40.211+0000] {processor.py:826} INFO - Processing file /home/airflow/.local/lib/python3.7/site-packages/airflow/example_dags/example_dynamic_task_mapping_with_no_taskflow_operators.py for tasks to queue
[2024-11-01T18:15:40.255+0000] {logging_mixin.py:150} INFO - [2024-11-01T18:15:40.242+0000] {dagbag.py:541} INFO - Filling up the DagBag from /home/airflow/.local/lib/python3.7/site-packages/airflow/example_dags/example_dynamic_task_mapping_with_no_taskflow_operators.py
[2024-11-01T18:15:40.541+0000] {processor.py:836} INFO - DAG(s) dict_keys(['example_dynamic_task_mapping_with_no_taskflow_operators']) retrieved from /home/airflow/.local/lib/python3.7/site-packages/airflow/example_dags/example_dynamic_task_mapping_with_no_taskflow_operators.py
[2024-11-01T18:15:41.195+0000] {logging_mixin.py:150} INFO - [2024-11-01T18:15:41.194+0000] {dag.py:2742} INFO - Sync 1 DAGs
[2024-11-01T18:15:42.109+0000] {logging_mixin.py:150} INFO - [2024-11-01T18:15:42.101+0000] {dag.py:3508} INFO - Setting next_dagrun for example_dynamic_task_mapping_with_no_taskflow_operators to 2024-10-31T18:15:42.073707+00:00, run_after=2024-11-01T18:15:42.073707+00:00
[2024-11-01T18:15:43.258+0000] {processor.py:179} INFO - Processing /home/airflow/.local/lib/python3.7/site-packages/airflow/example_dags/example_dynamic_task_mapping_with_no_taskflow_operators.py took 3.068 seconds
[2024-11-01T18:17:19.112+0000] {processor.py:157} INFO - Started process (PID=321) to work on /home/airflow/.local/lib/python3.7/site-packages/airflow/example_dags/example_dynamic_task_mapping_with_no_taskflow_operators.py
[2024-11-01T18:17:19.311+0000] {processor.py:826} INFO - Processing file /home/airflow/.local/lib/python3.7/site-packages/airflow/example_dags/example_dynamic_task_mapping_with_no_taskflow_operators.py for tasks to queue
[2024-11-01T18:17:19.355+0000] {logging_mixin.py:150} INFO - [2024-11-01T18:17:19.355+0000] {dagbag.py:541} INFO - Filling up the DagBag from /home/airflow/.local/lib/python3.7/site-packages/airflow/example_dags/example_dynamic_task_mapping_with_no_taskflow_operators.py
[2024-11-01T18:17:19.648+0000] {processor.py:836} INFO - DAG(s) dict_keys(['example_dynamic_task_mapping_with_no_taskflow_operators']) retrieved from /home/airflow/.local/lib/python3.7/site-packages/airflow/example_dags/example_dynamic_task_mapping_with_no_taskflow_operators.py
[2024-11-01T18:17:20.167+0000] {logging_mixin.py:150} INFO - [2024-11-01T18:17:20.167+0000] {dag.py:2742} INFO - Sync 1 DAGs
[2024-11-01T18:17:20.237+0000] {logging_mixin.py:150} INFO - [2024-11-01T18:17:20.237+0000] {dag.py:3508} INFO - Setting next_dagrun for example_dynamic_task_mapping_with_no_taskflow_operators to 2024-10-31T18:17:20.229965+00:00, run_after=2024-11-01T18:17:20.229965+00:00
[2024-11-01T18:17:20.395+0000] {processor.py:179} INFO - Processing /home/airflow/.local/lib/python3.7/site-packages/airflow/example_dags/example_dynamic_task_mapping_with_no_taskflow_operators.py took 1.287 seconds
[2024-11-01T18:18:08.048+0000] {processor.py:157} INFO - Started process (PID=401) to work on /home/airflow/.local/lib/python3.7/site-packages/airflow/example_dags/example_dynamic_task_mapping_with_no_taskflow_operators.py
[2024-11-01T18:18:08.129+0000] {processor.py:826} INFO - Processing file /home/airflow/.local/lib/python3.7/site-packages/airflow/example_dags/example_dynamic_task_mapping_with_no_taskflow_operators.py for tasks to queue
[2024-11-01T18:18:08.168+0000] {logging_mixin.py:150} INFO - [2024-11-01T18:18:08.144+0000] {dagbag.py:541} INFO - Filling up the DagBag from /home/airflow/.local/lib/python3.7/site-packages/airflow/example_dags/example_dynamic_task_mapping_with_no_taskflow_operators.py
[2024-11-01T18:18:08.719+0000] {processor.py:836} INFO - DAG(s) dict_keys(['example_dynamic_task_mapping_with_no_taskflow_operators']) retrieved from /home/airflow/.local/lib/python3.7/site-packages/airflow/example_dags/example_dynamic_task_mapping_with_no_taskflow_operators.py
[2024-11-01T18:18:09.254+0000] {logging_mixin.py:150} INFO - [2024-11-01T18:18:09.250+0000] {dag.py:2742} INFO - Sync 1 DAGs
[2024-11-01T18:18:09.792+0000] {logging_mixin.py:150} INFO - [2024-11-01T18:18:09.747+0000] {dag.py:3508} INFO - Setting next_dagrun for example_dynamic_task_mapping_with_no_taskflow_operators to 2024-10-31T18:18:09.730455+00:00, run_after=2024-11-01T18:18:09.730455+00:00
[2024-11-01T18:18:13.760+0000] {processor.py:179} INFO - Processing /home/airflow/.local/lib/python3.7/site-packages/airflow/example_dags/example_dynamic_task_mapping_with_no_taskflow_operators.py took 6.019 seconds
[2024-11-01T18:18:58.303+0000] {processor.py:157} INFO - Started process (PID=460) to work on /home/airflow/.local/lib/python3.7/site-packages/airflow/example_dags/example_dynamic_task_mapping_with_no_taskflow_operators.py
[2024-11-01T18:18:58.378+0000] {processor.py:826} INFO - Processing file /home/airflow/.local/lib/python3.7/site-packages/airflow/example_dags/example_dynamic_task_mapping_with_no_taskflow_operators.py for tasks to queue
[2024-11-01T18:18:58.694+0000] {logging_mixin.py:150} INFO - [2024-11-01T18:18:58.686+0000] {dagbag.py:541} INFO - Filling up the DagBag from /home/airflow/.local/lib/python3.7/site-packages/airflow/example_dags/example_dynamic_task_mapping_with_no_taskflow_operators.py
[2024-11-01T18:18:58.827+0000] {processor.py:836} INFO - DAG(s) dict_keys(['example_dynamic_task_mapping_with_no_taskflow_operators']) retrieved from /home/airflow/.local/lib/python3.7/site-packages/airflow/example_dags/example_dynamic_task_mapping_with_no_taskflow_operators.py
[2024-11-01T18:18:59.097+0000] {logging_mixin.py:150} INFO - [2024-11-01T18:18:59.097+0000] {dag.py:2742} INFO - Sync 1 DAGs
[2024-11-01T18:18:59.285+0000] {logging_mixin.py:150} INFO - [2024-11-01T18:18:59.282+0000] {dag.py:3508} INFO - Setting next_dagrun for example_dynamic_task_mapping_with_no_taskflow_operators to 2024-10-31T18:18:59.274598+00:00, run_after=2024-11-01T18:18:59.274598+00:00
[2024-11-01T18:18:59.404+0000] {processor.py:179} INFO - Processing /home/airflow/.local/lib/python3.7/site-packages/airflow/example_dags/example_dynamic_task_mapping_with_no_taskflow_operators.py took 1.230 seconds
[2024-11-01T18:19:30.283+0000] {processor.py:157} INFO - Started process (PID=521) to work on /home/airflow/.local/lib/python3.7/site-packages/airflow/example_dags/example_dynamic_task_mapping_with_no_taskflow_operators.py
[2024-11-01T18:19:30.302+0000] {processor.py:826} INFO - Processing file /home/airflow/.local/lib/python3.7/site-packages/airflow/example_dags/example_dynamic_task_mapping_with_no_taskflow_operators.py for tasks to queue
[2024-11-01T18:19:30.311+0000] {logging_mixin.py:150} INFO - [2024-11-01T18:19:30.310+0000] {dagbag.py:541} INFO - Filling up the DagBag from /home/airflow/.local/lib/python3.7/site-packages/airflow/example_dags/example_dynamic_task_mapping_with_no_taskflow_operators.py
[2024-11-01T18:19:30.424+0000] {processor.py:836} INFO - DAG(s) dict_keys(['example_dynamic_task_mapping_with_no_taskflow_operators']) retrieved from /home/airflow/.local/lib/python3.7/site-packages/airflow/example_dags/example_dynamic_task_mapping_with_no_taskflow_operators.py
[2024-11-01T18:19:30.791+0000] {logging_mixin.py:150} INFO - [2024-11-01T18:19:30.788+0000] {dag.py:2742} INFO - Sync 1 DAGs
[2024-11-01T18:19:31.060+0000] {logging_mixin.py:150} INFO - [2024-11-01T18:19:31.026+0000] {dag.py:3508} INFO - Setting next_dagrun for example_dynamic_task_mapping_with_no_taskflow_operators to 2024-10-31T18:19:31.015222+00:00, run_after=2024-11-01T18:19:31.015222+00:00
[2024-11-01T18:19:31.243+0000] {processor.py:179} INFO - Processing /home/airflow/.local/lib/python3.7/site-packages/airflow/example_dags/example_dynamic_task_mapping_with_no_taskflow_operators.py took 1.027 seconds
[2024-11-01T18:20:12.721+0000] {processor.py:157} INFO - Started process (PID=575) to work on /home/airflow/.local/lib/python3.7/site-packages/airflow/example_dags/example_dynamic_task_mapping_with_no_taskflow_operators.py
[2024-11-01T18:20:12.724+0000] {processor.py:826} INFO - Processing file /home/airflow/.local/lib/python3.7/site-packages/airflow/example_dags/example_dynamic_task_mapping_with_no_taskflow_operators.py for tasks to queue
[2024-11-01T18:20:12.727+0000] {logging_mixin.py:150} INFO - [2024-11-01T18:20:12.725+0000] {dagbag.py:541} INFO - Filling up the DagBag from /home/airflow/.local/lib/python3.7/site-packages/airflow/example_dags/example_dynamic_task_mapping_with_no_taskflow_operators.py
[2024-11-01T18:20:12.866+0000] {processor.py:836} INFO - DAG(s) dict_keys(['example_dynamic_task_mapping_with_no_taskflow_operators']) retrieved from /home/airflow/.local/lib/python3.7/site-packages/airflow/example_dags/example_dynamic_task_mapping_with_no_taskflow_operators.py
[2024-11-01T18:20:12.982+0000] {logging_mixin.py:150} INFO - [2024-11-01T18:20:12.980+0000] {dag.py:2742} INFO - Sync 1 DAGs
[2024-11-01T18:20:13.640+0000] {logging_mixin.py:150} INFO - [2024-11-01T18:20:13.640+0000] {dag.py:3508} INFO - Setting next_dagrun for example_dynamic_task_mapping_with_no_taskflow_operators to 2024-10-31T18:20:13.638994+00:00, run_after=2024-11-01T18:20:13.638994+00:00
[2024-11-01T18:20:13.753+0000] {processor.py:179} INFO - Processing /home/airflow/.local/lib/python3.7/site-packages/airflow/example_dags/example_dynamic_task_mapping_with_no_taskflow_operators.py took 0.529 seconds
[2024-11-01T18:21:00.462+0000] {processor.py:157} INFO - Started process (PID=649) to work on /home/airflow/.local/lib/python3.7/site-packages/airflow/example_dags/example_dynamic_task_mapping_with_no_taskflow_operators.py
[2024-11-01T18:21:00.471+0000] {processor.py:826} INFO - Processing file /home/airflow/.local/lib/python3.7/site-packages/airflow/example_dags/example_dynamic_task_mapping_with_no_taskflow_operators.py for tasks to queue
[2024-11-01T18:21:00.483+0000] {logging_mixin.py:150} INFO - [2024-11-01T18:21:00.482+0000] {dagbag.py:541} INFO - Filling up the DagBag from /home/airflow/.local/lib/python3.7/site-packages/airflow/example_dags/example_dynamic_task_mapping_with_no_taskflow_operators.py
[2024-11-01T18:21:00.507+0000] {processor.py:836} INFO - DAG(s) dict_keys(['example_dynamic_task_mapping_with_no_taskflow_operators']) retrieved from /home/airflow/.local/lib/python3.7/site-packages/airflow/example_dags/example_dynamic_task_mapping_with_no_taskflow_operators.py
[2024-11-01T18:21:00.587+0000] {logging_mixin.py:150} INFO - [2024-11-01T18:21:00.586+0000] {dag.py:2742} INFO - Sync 1 DAGs
[2024-11-01T18:21:00.667+0000] {logging_mixin.py:150} INFO - [2024-11-01T18:21:00.667+0000] {dag.py:3508} INFO - Setting next_dagrun for example_dynamic_task_mapping_with_no_taskflow_operators to 2024-10-31T18:21:00.660416+00:00, run_after=2024-11-01T18:21:00.660416+00:00
[2024-11-01T18:21:00.943+0000] {processor.py:179} INFO - Processing /home/airflow/.local/lib/python3.7/site-packages/airflow/example_dags/example_dynamic_task_mapping_with_no_taskflow_operators.py took 0.487 seconds
[2024-11-01T18:24:13.568+0000] {processor.py:157} INFO - Started process (PID=756) to work on /home/airflow/.local/lib/python3.7/site-packages/airflow/example_dags/example_dynamic_task_mapping_with_no_taskflow_operators.py
[2024-11-01T18:24:13.577+0000] {processor.py:826} INFO - Processing file /home/airflow/.local/lib/python3.7/site-packages/airflow/example_dags/example_dynamic_task_mapping_with_no_taskflow_operators.py for tasks to queue
[2024-11-01T18:24:13.581+0000] {logging_mixin.py:150} INFO - [2024-11-01T18:24:13.581+0000] {dagbag.py:541} INFO - Filling up the DagBag from /home/airflow/.local/lib/python3.7/site-packages/airflow/example_dags/example_dynamic_task_mapping_with_no_taskflow_operators.py
[2024-11-01T18:24:13.638+0000] {processor.py:836} INFO - DAG(s) dict_keys(['example_dynamic_task_mapping_with_no_taskflow_operators']) retrieved from /home/airflow/.local/lib/python3.7/site-packages/airflow/example_dags/example_dynamic_task_mapping_with_no_taskflow_operators.py
[2024-11-01T18:24:13.721+0000] {logging_mixin.py:150} INFO - [2024-11-01T18:24:13.721+0000] {dag.py:2742} INFO - Sync 1 DAGs
[2024-11-01T18:24:13.782+0000] {logging_mixin.py:150} INFO - [2024-11-01T18:24:13.781+0000] {dag.py:3508} INFO - Setting next_dagrun for example_dynamic_task_mapping_with_no_taskflow_operators to 2024-10-31T18:24:13.781139+00:00, run_after=2024-11-01T18:24:13.781139+00:00
[2024-11-01T18:24:13.837+0000] {processor.py:179} INFO - Processing /home/airflow/.local/lib/python3.7/site-packages/airflow/example_dags/example_dynamic_task_mapping_with_no_taskflow_operators.py took 0.281 seconds
[2024-11-01T18:25:27.991+0000] {processor.py:157} INFO - Started process (PID=833) to work on /home/airflow/.local/lib/python3.7/site-packages/airflow/example_dags/example_dynamic_task_mapping_with_no_taskflow_operators.py
[2024-11-01T18:25:28.008+0000] {processor.py:826} INFO - Processing file /home/airflow/.local/lib/python3.7/site-packages/airflow/example_dags/example_dynamic_task_mapping_with_no_taskflow_operators.py for tasks to queue
[2024-11-01T18:25:28.008+0000] {logging_mixin.py:150} INFO - [2024-11-01T18:25:28.008+0000] {dagbag.py:541} INFO - Filling up the DagBag from /home/airflow/.local/lib/python3.7/site-packages/airflow/example_dags/example_dynamic_task_mapping_with_no_taskflow_operators.py
[2024-11-01T18:25:28.022+0000] {processor.py:836} INFO - DAG(s) dict_keys(['example_dynamic_task_mapping_with_no_taskflow_operators']) retrieved from /home/airflow/.local/lib/python3.7/site-packages/airflow/example_dags/example_dynamic_task_mapping_with_no_taskflow_operators.py
[2024-11-01T18:25:28.142+0000] {logging_mixin.py:150} INFO - [2024-11-01T18:25:28.142+0000] {dag.py:2742} INFO - Sync 1 DAGs
[2024-11-01T18:25:28.233+0000] {logging_mixin.py:150} INFO - [2024-11-01T18:25:28.233+0000] {dag.py:3508} INFO - Setting next_dagrun for example_dynamic_task_mapping_with_no_taskflow_operators to 2024-10-31T18:25:28.233375+00:00, run_after=2024-11-01T18:25:28.233375+00:00
[2024-11-01T18:25:28.264+0000] {processor.py:179} INFO - Processing /home/airflow/.local/lib/python3.7/site-packages/airflow/example_dags/example_dynamic_task_mapping_with_no_taskflow_operators.py took 0.289 seconds
[2024-11-01T18:26:05.299+0000] {processor.py:157} INFO - Started process (PID=888) to work on /home/airflow/.local/lib/python3.7/site-packages/airflow/example_dags/example_dynamic_task_mapping_with_no_taskflow_operators.py
[2024-11-01T18:26:05.301+0000] {processor.py:826} INFO - Processing file /home/airflow/.local/lib/python3.7/site-packages/airflow/example_dags/example_dynamic_task_mapping_with_no_taskflow_operators.py for tasks to queue
[2024-11-01T18:26:05.302+0000] {logging_mixin.py:150} INFO - [2024-11-01T18:26:05.301+0000] {dagbag.py:541} INFO - Filling up the DagBag from /home/airflow/.local/lib/python3.7/site-packages/airflow/example_dags/example_dynamic_task_mapping_with_no_taskflow_operators.py
[2024-11-01T18:26:05.312+0000] {processor.py:836} INFO - DAG(s) dict_keys(['example_dynamic_task_mapping_with_no_taskflow_operators']) retrieved from /home/airflow/.local/lib/python3.7/site-packages/airflow/example_dags/example_dynamic_task_mapping_with_no_taskflow_operators.py
[2024-11-01T18:26:05.399+0000] {logging_mixin.py:150} INFO - [2024-11-01T18:26:05.399+0000] {dag.py:2742} INFO - Sync 1 DAGs
[2024-11-01T18:26:05.444+0000] {logging_mixin.py:150} INFO - [2024-11-01T18:26:05.443+0000] {dag.py:3508} INFO - Setting next_dagrun for example_dynamic_task_mapping_with_no_taskflow_operators to 2024-10-31T18:26:05.441734+00:00, run_after=2024-11-01T18:26:05.441734+00:00
[2024-11-01T18:26:05.539+0000] {processor.py:179} INFO - Processing /home/airflow/.local/lib/python3.7/site-packages/airflow/example_dags/example_dynamic_task_mapping_with_no_taskflow_operators.py took 0.244 seconds
[2024-11-01T18:26:36.357+0000] {processor.py:157} INFO - Started process (PID=950) to work on /home/airflow/.local/lib/python3.7/site-packages/airflow/example_dags/example_dynamic_task_mapping_with_no_taskflow_operators.py
[2024-11-01T18:26:36.358+0000] {processor.py:826} INFO - Processing file /home/airflow/.local/lib/python3.7/site-packages/airflow/example_dags/example_dynamic_task_mapping_with_no_taskflow_operators.py for tasks to queue
[2024-11-01T18:26:36.359+0000] {logging_mixin.py:150} INFO - [2024-11-01T18:26:36.358+0000] {dagbag.py:541} INFO - Filling up the DagBag from /home/airflow/.local/lib/python3.7/site-packages/airflow/example_dags/example_dynamic_task_mapping_with_no_taskflow_operators.py
[2024-11-01T18:26:36.369+0000] {processor.py:836} INFO - DAG(s) dict_keys(['example_dynamic_task_mapping_with_no_taskflow_operators']) retrieved from /home/airflow/.local/lib/python3.7/site-packages/airflow/example_dags/example_dynamic_task_mapping_with_no_taskflow_operators.py
[2024-11-01T18:26:36.389+0000] {logging_mixin.py:150} INFO - [2024-11-01T18:26:36.389+0000] {dag.py:2742} INFO - Sync 1 DAGs
[2024-11-01T18:26:36.409+0000] {logging_mixin.py:150} INFO - [2024-11-01T18:26:36.408+0000] {dag.py:3508} INFO - Setting next_dagrun for example_dynamic_task_mapping_with_no_taskflow_operators to 2024-10-31T18:26:36.408713+00:00, run_after=2024-11-01T18:26:36.408713+00:00
[2024-11-01T18:26:36.423+0000] {processor.py:179} INFO - Processing /home/airflow/.local/lib/python3.7/site-packages/airflow/example_dags/example_dynamic_task_mapping_with_no_taskflow_operators.py took 0.070 seconds
[2024-11-01T18:27:06.636+0000] {processor.py:157} INFO - Started process (PID=1012) to work on /home/airflow/.local/lib/python3.7/site-packages/airflow/example_dags/example_dynamic_task_mapping_with_no_taskflow_operators.py
[2024-11-01T18:27:06.639+0000] {processor.py:826} INFO - Processing file /home/airflow/.local/lib/python3.7/site-packages/airflow/example_dags/example_dynamic_task_mapping_with_no_taskflow_operators.py for tasks to queue
[2024-11-01T18:27:06.640+0000] {logging_mixin.py:150} INFO - [2024-11-01T18:27:06.640+0000] {dagbag.py:541} INFO - Filling up the DagBag from /home/airflow/.local/lib/python3.7/site-packages/airflow/example_dags/example_dynamic_task_mapping_with_no_taskflow_operators.py
[2024-11-01T18:27:06.655+0000] {processor.py:836} INFO - DAG(s) dict_keys(['example_dynamic_task_mapping_with_no_taskflow_operators']) retrieved from /home/airflow/.local/lib/python3.7/site-packages/airflow/example_dags/example_dynamic_task_mapping_with_no_taskflow_operators.py
[2024-11-01T18:27:06.686+0000] {logging_mixin.py:150} INFO - [2024-11-01T18:27:06.686+0000] {dag.py:2742} INFO - Sync 1 DAGs
[2024-11-01T18:27:06.705+0000] {logging_mixin.py:150} INFO - [2024-11-01T18:27:06.705+0000] {dag.py:3508} INFO - Setting next_dagrun for example_dynamic_task_mapping_with_no_taskflow_operators to 2024-10-31T18:27:06.705610+00:00, run_after=2024-11-01T18:27:06.705610+00:00
[2024-11-01T18:27:06.720+0000] {processor.py:179} INFO - Processing /home/airflow/.local/lib/python3.7/site-packages/airflow/example_dags/example_dynamic_task_mapping_with_no_taskflow_operators.py took 0.093 seconds
[2024-11-01T18:27:36.919+0000] {processor.py:157} INFO - Started process (PID=1074) to work on /home/airflow/.local/lib/python3.7/site-packages/airflow/example_dags/example_dynamic_task_mapping_with_no_taskflow_operators.py
[2024-11-01T18:27:36.921+0000] {processor.py:826} INFO - Processing file /home/airflow/.local/lib/python3.7/site-packages/airflow/example_dags/example_dynamic_task_mapping_with_no_taskflow_operators.py for tasks to queue
[2024-11-01T18:27:36.922+0000] {logging_mixin.py:150} INFO - [2024-11-01T18:27:36.922+0000] {dagbag.py:541} INFO - Filling up the DagBag from /home/airflow/.local/lib/python3.7/site-packages/airflow/example_dags/example_dynamic_task_mapping_with_no_taskflow_operators.py
[2024-11-01T18:27:36.928+0000] {processor.py:836} INFO - DAG(s) dict_keys(['example_dynamic_task_mapping_with_no_taskflow_operators']) retrieved from /home/airflow/.local/lib/python3.7/site-packages/airflow/example_dags/example_dynamic_task_mapping_with_no_taskflow_operators.py
[2024-11-01T18:27:36.995+0000] {logging_mixin.py:150} INFO - [2024-11-01T18:27:36.995+0000] {dag.py:2742} INFO - Sync 1 DAGs
[2024-11-01T18:27:37.008+0000] {logging_mixin.py:150} INFO - [2024-11-01T18:27:37.008+0000] {dag.py:3508} INFO - Setting next_dagrun for example_dynamic_task_mapping_with_no_taskflow_operators to 2024-10-31T18:27:37.008082+00:00, run_after=2024-11-01T18:27:37.008082+00:00
[2024-11-01T18:27:37.026+0000] {processor.py:179} INFO - Processing /home/airflow/.local/lib/python3.7/site-packages/airflow/example_dags/example_dynamic_task_mapping_with_no_taskflow_operators.py took 0.109 seconds
[2024-11-01T18:30:47.420+0000] {processor.py:157} INFO - Started process (PID=1124) to work on /home/airflow/.local/lib/python3.7/site-packages/airflow/example_dags/example_dynamic_task_mapping_with_no_taskflow_operators.py
[2024-11-01T18:30:47.426+0000] {processor.py:826} INFO - Processing file /home/airflow/.local/lib/python3.7/site-packages/airflow/example_dags/example_dynamic_task_mapping_with_no_taskflow_operators.py for tasks to queue
[2024-11-01T18:30:47.429+0000] {logging_mixin.py:150} INFO - [2024-11-01T18:30:47.428+0000] {dagbag.py:541} INFO - Filling up the DagBag from /home/airflow/.local/lib/python3.7/site-packages/airflow/example_dags/example_dynamic_task_mapping_with_no_taskflow_operators.py
[2024-11-01T18:30:47.437+0000] {processor.py:836} INFO - DAG(s) dict_keys(['example_dynamic_task_mapping_with_no_taskflow_operators']) retrieved from /home/airflow/.local/lib/python3.7/site-packages/airflow/example_dags/example_dynamic_task_mapping_with_no_taskflow_operators.py
[2024-11-01T18:30:47.457+0000] {logging_mixin.py:150} INFO - [2024-11-01T18:30:47.457+0000] {dag.py:2742} INFO - Sync 1 DAGs
[2024-11-01T18:30:47.476+0000] {logging_mixin.py:150} INFO - [2024-11-01T18:30:47.475+0000] {dag.py:3508} INFO - Setting next_dagrun for example_dynamic_task_mapping_with_no_taskflow_operators to 2024-10-31T18:30:47.475351+00:00, run_after=2024-11-01T18:30:47.475351+00:00
[2024-11-01T18:30:47.497+0000] {processor.py:179} INFO - Processing /home/airflow/.local/lib/python3.7/site-packages/airflow/example_dags/example_dynamic_task_mapping_with_no_taskflow_operators.py took 0.089 seconds
[2024-11-01T18:31:17.875+0000] {processor.py:157} INFO - Started process (PID=1186) to work on /home/airflow/.local/lib/python3.7/site-packages/airflow/example_dags/example_dynamic_task_mapping_with_no_taskflow_operators.py
[2024-11-01T18:31:17.876+0000] {processor.py:826} INFO - Processing file /home/airflow/.local/lib/python3.7/site-packages/airflow/example_dags/example_dynamic_task_mapping_with_no_taskflow_operators.py for tasks to queue
[2024-11-01T18:31:17.876+0000] {logging_mixin.py:150} INFO - [2024-11-01T18:31:17.876+0000] {dagbag.py:541} INFO - Filling up the DagBag from /home/airflow/.local/lib/python3.7/site-packages/airflow/example_dags/example_dynamic_task_mapping_with_no_taskflow_operators.py
[2024-11-01T18:31:17.880+0000] {processor.py:836} INFO - DAG(s) dict_keys(['example_dynamic_task_mapping_with_no_taskflow_operators']) retrieved from /home/airflow/.local/lib/python3.7/site-packages/airflow/example_dags/example_dynamic_task_mapping_with_no_taskflow_operators.py
[2024-11-01T18:31:17.903+0000] {logging_mixin.py:150} INFO - [2024-11-01T18:31:17.903+0000] {dag.py:2742} INFO - Sync 1 DAGs
[2024-11-01T18:31:17.916+0000] {logging_mixin.py:150} INFO - [2024-11-01T18:31:17.915+0000] {dag.py:3508} INFO - Setting next_dagrun for example_dynamic_task_mapping_with_no_taskflow_operators to 2024-10-31T18:31:17.915832+00:00, run_after=2024-11-01T18:31:17.915832+00:00
[2024-11-01T18:31:17.928+0000] {processor.py:179} INFO - Processing /home/airflow/.local/lib/python3.7/site-packages/airflow/example_dags/example_dynamic_task_mapping_with_no_taskflow_operators.py took 0.055 seconds
[2024-11-01T18:31:48.430+0000] {processor.py:157} INFO - Started process (PID=1248) to work on /home/airflow/.local/lib/python3.7/site-packages/airflow/example_dags/example_dynamic_task_mapping_with_no_taskflow_operators.py
[2024-11-01T18:31:48.431+0000] {processor.py:826} INFO - Processing file /home/airflow/.local/lib/python3.7/site-packages/airflow/example_dags/example_dynamic_task_mapping_with_no_taskflow_operators.py for tasks to queue
[2024-11-01T18:31:48.431+0000] {logging_mixin.py:150} INFO - [2024-11-01T18:31:48.431+0000] {dagbag.py:541} INFO - Filling up the DagBag from /home/airflow/.local/lib/python3.7/site-packages/airflow/example_dags/example_dynamic_task_mapping_with_no_taskflow_operators.py
[2024-11-01T18:31:48.435+0000] {processor.py:836} INFO - DAG(s) dict_keys(['example_dynamic_task_mapping_with_no_taskflow_operators']) retrieved from /home/airflow/.local/lib/python3.7/site-packages/airflow/example_dags/example_dynamic_task_mapping_with_no_taskflow_operators.py
[2024-11-01T18:31:48.446+0000] {logging_mixin.py:150} INFO - [2024-11-01T18:31:48.446+0000] {dag.py:2742} INFO - Sync 1 DAGs
[2024-11-01T18:31:48.458+0000] {logging_mixin.py:150} INFO - [2024-11-01T18:31:48.458+0000] {dag.py:3508} INFO - Setting next_dagrun for example_dynamic_task_mapping_with_no_taskflow_operators to 2024-10-31T18:31:48.458137+00:00, run_after=2024-11-01T18:31:48.458137+00:00
[2024-11-01T18:31:48.465+0000] {processor.py:179} INFO - Processing /home/airflow/.local/lib/python3.7/site-packages/airflow/example_dags/example_dynamic_task_mapping_with_no_taskflow_operators.py took 0.038 seconds
[2024-11-01T18:32:18.757+0000] {processor.py:157} INFO - Started process (PID=1310) to work on /home/airflow/.local/lib/python3.7/site-packages/airflow/example_dags/example_dynamic_task_mapping_with_no_taskflow_operators.py
[2024-11-01T18:32:18.757+0000] {processor.py:826} INFO - Processing file /home/airflow/.local/lib/python3.7/site-packages/airflow/example_dags/example_dynamic_task_mapping_with_no_taskflow_operators.py for tasks to queue
[2024-11-01T18:32:18.758+0000] {logging_mixin.py:150} INFO - [2024-11-01T18:32:18.758+0000] {dagbag.py:541} INFO - Filling up the DagBag from /home/airflow/.local/lib/python3.7/site-packages/airflow/example_dags/example_dynamic_task_mapping_with_no_taskflow_operators.py
[2024-11-01T18:32:18.762+0000] {processor.py:836} INFO - DAG(s) dict_keys(['example_dynamic_task_mapping_with_no_taskflow_operators']) retrieved from /home/airflow/.local/lib/python3.7/site-packages/airflow/example_dags/example_dynamic_task_mapping_with_no_taskflow_operators.py
[2024-11-01T18:32:18.775+0000] {logging_mixin.py:150} INFO - [2024-11-01T18:32:18.775+0000] {dag.py:2742} INFO - Sync 1 DAGs
[2024-11-01T18:32:18.788+0000] {logging_mixin.py:150} INFO - [2024-11-01T18:32:18.788+0000] {dag.py:3508} INFO - Setting next_dagrun for example_dynamic_task_mapping_with_no_taskflow_operators to 2024-10-31T18:32:18.788191+00:00, run_after=2024-11-01T18:32:18.788191+00:00
[2024-11-01T18:32:18.802+0000] {processor.py:179} INFO - Processing /home/airflow/.local/lib/python3.7/site-packages/airflow/example_dags/example_dynamic_task_mapping_with_no_taskflow_operators.py took 0.047 seconds
[2024-11-01T18:32:49.324+0000] {processor.py:157} INFO - Started process (PID=1371) to work on /home/airflow/.local/lib/python3.7/site-packages/airflow/example_dags/example_dynamic_task_mapping_with_no_taskflow_operators.py
[2024-11-01T18:32:49.325+0000] {processor.py:826} INFO - Processing file /home/airflow/.local/lib/python3.7/site-packages/airflow/example_dags/example_dynamic_task_mapping_with_no_taskflow_operators.py for tasks to queue
[2024-11-01T18:32:49.326+0000] {logging_mixin.py:150} INFO - [2024-11-01T18:32:49.326+0000] {dagbag.py:541} INFO - Filling up the DagBag from /home/airflow/.local/lib/python3.7/site-packages/airflow/example_dags/example_dynamic_task_mapping_with_no_taskflow_operators.py
[2024-11-01T18:32:49.332+0000] {processor.py:836} INFO - DAG(s) dict_keys(['example_dynamic_task_mapping_with_no_taskflow_operators']) retrieved from /home/airflow/.local/lib/python3.7/site-packages/airflow/example_dags/example_dynamic_task_mapping_with_no_taskflow_operators.py
[2024-11-01T18:32:49.356+0000] {logging_mixin.py:150} INFO - [2024-11-01T18:32:49.356+0000] {dag.py:2742} INFO - Sync 1 DAGs
[2024-11-01T18:32:49.375+0000] {logging_mixin.py:150} INFO - [2024-11-01T18:32:49.374+0000] {dag.py:3508} INFO - Setting next_dagrun for example_dynamic_task_mapping_with_no_taskflow_operators to 2024-10-31T18:32:49.374801+00:00, run_after=2024-11-01T18:32:49.374801+00:00
[2024-11-01T18:32:49.383+0000] {processor.py:179} INFO - Processing /home/airflow/.local/lib/python3.7/site-packages/airflow/example_dags/example_dynamic_task_mapping_with_no_taskflow_operators.py took 0.061 seconds
[2024-11-01T18:33:20.090+0000] {processor.py:157} INFO - Started process (PID=1433) to work on /home/airflow/.local/lib/python3.7/site-packages/airflow/example_dags/example_dynamic_task_mapping_with_no_taskflow_operators.py
[2024-11-01T18:33:20.092+0000] {processor.py:826} INFO - Processing file /home/airflow/.local/lib/python3.7/site-packages/airflow/example_dags/example_dynamic_task_mapping_with_no_taskflow_operators.py for tasks to queue
[2024-11-01T18:33:20.092+0000] {logging_mixin.py:150} INFO - [2024-11-01T18:33:20.092+0000] {dagbag.py:541} INFO - Filling up the DagBag from /home/airflow/.local/lib/python3.7/site-packages/airflow/example_dags/example_dynamic_task_mapping_with_no_taskflow_operators.py
[2024-11-01T18:33:20.100+0000] {processor.py:836} INFO - DAG(s) dict_keys(['example_dynamic_task_mapping_with_no_taskflow_operators']) retrieved from /home/airflow/.local/lib/python3.7/site-packages/airflow/example_dags/example_dynamic_task_mapping_with_no_taskflow_operators.py
[2024-11-01T18:33:20.118+0000] {logging_mixin.py:150} INFO - [2024-11-01T18:33:20.118+0000] {dag.py:2742} INFO - Sync 1 DAGs
[2024-11-01T18:33:20.136+0000] {logging_mixin.py:150} INFO - [2024-11-01T18:33:20.136+0000] {dag.py:3508} INFO - Setting next_dagrun for example_dynamic_task_mapping_with_no_taskflow_operators to 2024-10-31T18:33:20.136619+00:00, run_after=2024-11-01T18:33:20.136619+00:00
[2024-11-01T18:33:20.150+0000] {processor.py:179} INFO - Processing /home/airflow/.local/lib/python3.7/site-packages/airflow/example_dags/example_dynamic_task_mapping_with_no_taskflow_operators.py took 0.062 seconds
[2024-11-01T18:33:50.263+0000] {processor.py:157} INFO - Started process (PID=1495) to work on /home/airflow/.local/lib/python3.7/site-packages/airflow/example_dags/example_dynamic_task_mapping_with_no_taskflow_operators.py
[2024-11-01T18:33:50.265+0000] {processor.py:826} INFO - Processing file /home/airflow/.local/lib/python3.7/site-packages/airflow/example_dags/example_dynamic_task_mapping_with_no_taskflow_operators.py for tasks to queue
[2024-11-01T18:33:50.265+0000] {logging_mixin.py:150} INFO - [2024-11-01T18:33:50.265+0000] {dagbag.py:541} INFO - Filling up the DagBag from /home/airflow/.local/lib/python3.7/site-packages/airflow/example_dags/example_dynamic_task_mapping_with_no_taskflow_operators.py
[2024-11-01T18:33:50.272+0000] {processor.py:836} INFO - DAG(s) dict_keys(['example_dynamic_task_mapping_with_no_taskflow_operators']) retrieved from /home/airflow/.local/lib/python3.7/site-packages/airflow/example_dags/example_dynamic_task_mapping_with_no_taskflow_operators.py
[2024-11-01T18:33:50.289+0000] {logging_mixin.py:150} INFO - [2024-11-01T18:33:50.289+0000] {dag.py:2742} INFO - Sync 1 DAGs
[2024-11-01T18:33:50.303+0000] {logging_mixin.py:150} INFO - [2024-11-01T18:33:50.303+0000] {dag.py:3508} INFO - Setting next_dagrun for example_dynamic_task_mapping_with_no_taskflow_operators to 2024-10-31T18:33:50.303009+00:00, run_after=2024-11-01T18:33:50.303009+00:00
[2024-11-01T18:33:50.314+0000] {processor.py:179} INFO - Processing /home/airflow/.local/lib/python3.7/site-packages/airflow/example_dags/example_dynamic_task_mapping_with_no_taskflow_operators.py took 0.053 seconds
[2024-11-01T18:34:20.698+0000] {processor.py:157} INFO - Started process (PID=1557) to work on /home/airflow/.local/lib/python3.7/site-packages/airflow/example_dags/example_dynamic_task_mapping_with_no_taskflow_operators.py
[2024-11-01T18:34:20.699+0000] {processor.py:826} INFO - Processing file /home/airflow/.local/lib/python3.7/site-packages/airflow/example_dags/example_dynamic_task_mapping_with_no_taskflow_operators.py for tasks to queue
[2024-11-01T18:34:20.700+0000] {logging_mixin.py:150} INFO - [2024-11-01T18:34:20.700+0000] {dagbag.py:541} INFO - Filling up the DagBag from /home/airflow/.local/lib/python3.7/site-packages/airflow/example_dags/example_dynamic_task_mapping_with_no_taskflow_operators.py
[2024-11-01T18:34:20.706+0000] {processor.py:836} INFO - DAG(s) dict_keys(['example_dynamic_task_mapping_with_no_taskflow_operators']) retrieved from /home/airflow/.local/lib/python3.7/site-packages/airflow/example_dags/example_dynamic_task_mapping_with_no_taskflow_operators.py
[2024-11-01T18:34:20.718+0000] {logging_mixin.py:150} INFO - [2024-11-01T18:34:20.718+0000] {dag.py:2742} INFO - Sync 1 DAGs
[2024-11-01T18:34:20.733+0000] {logging_mixin.py:150} INFO - [2024-11-01T18:34:20.733+0000] {dag.py:3508} INFO - Setting next_dagrun for example_dynamic_task_mapping_with_no_taskflow_operators to 2024-10-31T18:34:20.733131+00:00, run_after=2024-11-01T18:34:20.733131+00:00
[2024-11-01T18:34:20.743+0000] {processor.py:179} INFO - Processing /home/airflow/.local/lib/python3.7/site-packages/airflow/example_dags/example_dynamic_task_mapping_with_no_taskflow_operators.py took 0.047 seconds
[2024-11-01T18:34:51.303+0000] {processor.py:157} INFO - Started process (PID=1619) to work on /home/airflow/.local/lib/python3.7/site-packages/airflow/example_dags/example_dynamic_task_mapping_with_no_taskflow_operators.py
[2024-11-01T18:34:51.306+0000] {processor.py:826} INFO - Processing file /home/airflow/.local/lib/python3.7/site-packages/airflow/example_dags/example_dynamic_task_mapping_with_no_taskflow_operators.py for tasks to queue
[2024-11-01T18:34:51.306+0000] {logging_mixin.py:150} INFO - [2024-11-01T18:34:51.306+0000] {dagbag.py:541} INFO - Filling up the DagBag from /home/airflow/.local/lib/python3.7/site-packages/airflow/example_dags/example_dynamic_task_mapping_with_no_taskflow_operators.py
[2024-11-01T18:34:51.310+0000] {processor.py:836} INFO - DAG(s) dict_keys(['example_dynamic_task_mapping_with_no_taskflow_operators']) retrieved from /home/airflow/.local/lib/python3.7/site-packages/airflow/example_dags/example_dynamic_task_mapping_with_no_taskflow_operators.py
[2024-11-01T18:34:51.326+0000] {logging_mixin.py:150} INFO - [2024-11-01T18:34:51.326+0000] {dag.py:2742} INFO - Sync 1 DAGs
[2024-11-01T18:34:51.346+0000] {logging_mixin.py:150} INFO - [2024-11-01T18:34:51.346+0000] {dag.py:3508} INFO - Setting next_dagrun for example_dynamic_task_mapping_with_no_taskflow_operators to 2024-10-31T18:34:51.345895+00:00, run_after=2024-11-01T18:34:51.345895+00:00
[2024-11-01T18:34:51.364+0000] {processor.py:179} INFO - Processing /home/airflow/.local/lib/python3.7/site-packages/airflow/example_dags/example_dynamic_task_mapping_with_no_taskflow_operators.py took 0.062 seconds
[2024-11-01T18:35:21.867+0000] {processor.py:157} INFO - Started process (PID=1681) to work on /home/airflow/.local/lib/python3.7/site-packages/airflow/example_dags/example_dynamic_task_mapping_with_no_taskflow_operators.py
[2024-11-01T18:35:21.870+0000] {processor.py:826} INFO - Processing file /home/airflow/.local/lib/python3.7/site-packages/airflow/example_dags/example_dynamic_task_mapping_with_no_taskflow_operators.py for tasks to queue
[2024-11-01T18:35:21.871+0000] {logging_mixin.py:150} INFO - [2024-11-01T18:35:21.870+0000] {dagbag.py:541} INFO - Filling up the DagBag from /home/airflow/.local/lib/python3.7/site-packages/airflow/example_dags/example_dynamic_task_mapping_with_no_taskflow_operators.py
[2024-11-01T18:35:21.878+0000] {processor.py:836} INFO - DAG(s) dict_keys(['example_dynamic_task_mapping_with_no_taskflow_operators']) retrieved from /home/airflow/.local/lib/python3.7/site-packages/airflow/example_dags/example_dynamic_task_mapping_with_no_taskflow_operators.py
[2024-11-01T18:35:21.892+0000] {logging_mixin.py:150} INFO - [2024-11-01T18:35:21.892+0000] {dag.py:2742} INFO - Sync 1 DAGs
[2024-11-01T18:35:21.908+0000] {logging_mixin.py:150} INFO - [2024-11-01T18:35:21.908+0000] {dag.py:3508} INFO - Setting next_dagrun for example_dynamic_task_mapping_with_no_taskflow_operators to 2024-10-31T18:35:21.908653+00:00, run_after=2024-11-01T18:35:21.908653+00:00
[2024-11-01T18:35:21.920+0000] {processor.py:179} INFO - Processing /home/airflow/.local/lib/python3.7/site-packages/airflow/example_dags/example_dynamic_task_mapping_with_no_taskflow_operators.py took 0.056 seconds
[2024-11-01T18:35:52.735+0000] {processor.py:157} INFO - Started process (PID=1743) to work on /home/airflow/.local/lib/python3.7/site-packages/airflow/example_dags/example_dynamic_task_mapping_with_no_taskflow_operators.py
[2024-11-01T18:35:52.736+0000] {processor.py:826} INFO - Processing file /home/airflow/.local/lib/python3.7/site-packages/airflow/example_dags/example_dynamic_task_mapping_with_no_taskflow_operators.py for tasks to queue
[2024-11-01T18:35:52.737+0000] {logging_mixin.py:150} INFO - [2024-11-01T18:35:52.737+0000] {dagbag.py:541} INFO - Filling up the DagBag from /home/airflow/.local/lib/python3.7/site-packages/airflow/example_dags/example_dynamic_task_mapping_with_no_taskflow_operators.py
[2024-11-01T18:35:52.743+0000] {processor.py:836} INFO - DAG(s) dict_keys(['example_dynamic_task_mapping_with_no_taskflow_operators']) retrieved from /home/airflow/.local/lib/python3.7/site-packages/airflow/example_dags/example_dynamic_task_mapping_with_no_taskflow_operators.py
[2024-11-01T18:35:52.789+0000] {logging_mixin.py:150} INFO - [2024-11-01T18:35:52.789+0000] {dag.py:2742} INFO - Sync 1 DAGs
[2024-11-01T18:35:52.817+0000] {logging_mixin.py:150} INFO - [2024-11-01T18:35:52.817+0000] {dag.py:3508} INFO - Setting next_dagrun for example_dynamic_task_mapping_with_no_taskflow_operators to 2024-10-31T18:35:52.816960+00:00, run_after=2024-11-01T18:35:52.816960+00:00
[2024-11-01T18:35:52.832+0000] {processor.py:179} INFO - Processing /home/airflow/.local/lib/python3.7/site-packages/airflow/example_dags/example_dynamic_task_mapping_with_no_taskflow_operators.py took 0.099 seconds
[2024-11-01T18:36:25.330+0000] {processor.py:157} INFO - Started process (PID=1805) to work on /home/airflow/.local/lib/python3.7/site-packages/airflow/example_dags/example_dynamic_task_mapping_with_no_taskflow_operators.py
[2024-11-01T18:36:25.332+0000] {processor.py:826} INFO - Processing file /home/airflow/.local/lib/python3.7/site-packages/airflow/example_dags/example_dynamic_task_mapping_with_no_taskflow_operators.py for tasks to queue
[2024-11-01T18:36:25.333+0000] {logging_mixin.py:150} INFO - [2024-11-01T18:36:25.332+0000] {dagbag.py:541} INFO - Filling up the DagBag from /home/airflow/.local/lib/python3.7/site-packages/airflow/example_dags/example_dynamic_task_mapping_with_no_taskflow_operators.py
[2024-11-01T18:36:25.347+0000] {processor.py:836} INFO - DAG(s) dict_keys(['example_dynamic_task_mapping_with_no_taskflow_operators']) retrieved from /home/airflow/.local/lib/python3.7/site-packages/airflow/example_dags/example_dynamic_task_mapping_with_no_taskflow_operators.py
[2024-11-01T18:36:25.362+0000] {logging_mixin.py:150} INFO - [2024-11-01T18:36:25.362+0000] {dag.py:2742} INFO - Sync 1 DAGs
[2024-11-01T18:36:25.377+0000] {logging_mixin.py:150} INFO - [2024-11-01T18:36:25.377+0000] {dag.py:3508} INFO - Setting next_dagrun for example_dynamic_task_mapping_with_no_taskflow_operators to 2024-10-31T18:36:25.377110+00:00, run_after=2024-11-01T18:36:25.377110+00:00
[2024-11-01T18:36:25.386+0000] {processor.py:179} INFO - Processing /home/airflow/.local/lib/python3.7/site-packages/airflow/example_dags/example_dynamic_task_mapping_with_no_taskflow_operators.py took 0.059 seconds
[2024-11-01T18:36:56.000+0000] {processor.py:157} INFO - Started process (PID=1867) to work on /home/airflow/.local/lib/python3.7/site-packages/airflow/example_dags/example_dynamic_task_mapping_with_no_taskflow_operators.py
[2024-11-01T18:36:56.001+0000] {processor.py:826} INFO - Processing file /home/airflow/.local/lib/python3.7/site-packages/airflow/example_dags/example_dynamic_task_mapping_with_no_taskflow_operators.py for tasks to queue
[2024-11-01T18:36:56.002+0000] {logging_mixin.py:150} INFO - [2024-11-01T18:36:56.002+0000] {dagbag.py:541} INFO - Filling up the DagBag from /home/airflow/.local/lib/python3.7/site-packages/airflow/example_dags/example_dynamic_task_mapping_with_no_taskflow_operators.py
[2024-11-01T18:36:56.007+0000] {processor.py:836} INFO - DAG(s) dict_keys(['example_dynamic_task_mapping_with_no_taskflow_operators']) retrieved from /home/airflow/.local/lib/python3.7/site-packages/airflow/example_dags/example_dynamic_task_mapping_with_no_taskflow_operators.py
[2024-11-01T18:36:56.024+0000] {logging_mixin.py:150} INFO - [2024-11-01T18:36:56.024+0000] {dag.py:2742} INFO - Sync 1 DAGs
[2024-11-01T18:36:56.044+0000] {logging_mixin.py:150} INFO - [2024-11-01T18:36:56.044+0000] {dag.py:3508} INFO - Setting next_dagrun for example_dynamic_task_mapping_with_no_taskflow_operators to 2024-10-31T18:36:56.043671+00:00, run_after=2024-11-01T18:36:56.043671+00:00
[2024-11-01T18:36:56.057+0000] {processor.py:179} INFO - Processing /home/airflow/.local/lib/python3.7/site-packages/airflow/example_dags/example_dynamic_task_mapping_with_no_taskflow_operators.py took 0.066 seconds
[2024-11-01T18:37:26.393+0000] {processor.py:157} INFO - Started process (PID=1928) to work on /home/airflow/.local/lib/python3.7/site-packages/airflow/example_dags/example_dynamic_task_mapping_with_no_taskflow_operators.py
[2024-11-01T18:37:26.401+0000] {processor.py:826} INFO - Processing file /home/airflow/.local/lib/python3.7/site-packages/airflow/example_dags/example_dynamic_task_mapping_with_no_taskflow_operators.py for tasks to queue
[2024-11-01T18:37:26.402+0000] {logging_mixin.py:150} INFO - [2024-11-01T18:37:26.402+0000] {dagbag.py:541} INFO - Filling up the DagBag from /home/airflow/.local/lib/python3.7/site-packages/airflow/example_dags/example_dynamic_task_mapping_with_no_taskflow_operators.py
[2024-11-01T18:37:26.426+0000] {processor.py:836} INFO - DAG(s) dict_keys(['example_dynamic_task_mapping_with_no_taskflow_operators']) retrieved from /home/airflow/.local/lib/python3.7/site-packages/airflow/example_dags/example_dynamic_task_mapping_with_no_taskflow_operators.py
[2024-11-01T18:37:26.446+0000] {logging_mixin.py:150} INFO - [2024-11-01T18:37:26.446+0000] {dag.py:2742} INFO - Sync 1 DAGs
[2024-11-01T18:37:26.463+0000] {logging_mixin.py:150} INFO - [2024-11-01T18:37:26.463+0000] {dag.py:3508} INFO - Setting next_dagrun for example_dynamic_task_mapping_with_no_taskflow_operators to 2024-10-31T18:37:26.463405+00:00, run_after=2024-11-01T18:37:26.463405+00:00
[2024-11-01T18:37:26.479+0000] {processor.py:179} INFO - Processing /home/airflow/.local/lib/python3.7/site-packages/airflow/example_dags/example_dynamic_task_mapping_with_no_taskflow_operators.py took 0.094 seconds
[2024-11-01T18:37:58.464+0000] {processor.py:157} INFO - Started process (PID=1990) to work on /home/airflow/.local/lib/python3.7/site-packages/airflow/example_dags/example_dynamic_task_mapping_with_no_taskflow_operators.py
[2024-11-01T18:37:58.465+0000] {processor.py:826} INFO - Processing file /home/airflow/.local/lib/python3.7/site-packages/airflow/example_dags/example_dynamic_task_mapping_with_no_taskflow_operators.py for tasks to queue
[2024-11-01T18:37:58.466+0000] {logging_mixin.py:150} INFO - [2024-11-01T18:37:58.466+0000] {dagbag.py:541} INFO - Filling up the DagBag from /home/airflow/.local/lib/python3.7/site-packages/airflow/example_dags/example_dynamic_task_mapping_with_no_taskflow_operators.py
[2024-11-01T18:37:58.478+0000] {processor.py:836} INFO - DAG(s) dict_keys(['example_dynamic_task_mapping_with_no_taskflow_operators']) retrieved from /home/airflow/.local/lib/python3.7/site-packages/airflow/example_dags/example_dynamic_task_mapping_with_no_taskflow_operators.py
[2024-11-01T18:37:58.538+0000] {logging_mixin.py:150} INFO - [2024-11-01T18:37:58.538+0000] {dag.py:2742} INFO - Sync 1 DAGs
[2024-11-01T18:37:58.596+0000] {logging_mixin.py:150} INFO - [2024-11-01T18:37:58.596+0000] {dag.py:3508} INFO - Setting next_dagrun for example_dynamic_task_mapping_with_no_taskflow_operators to 2024-10-31T18:37:58.595612+00:00, run_after=2024-11-01T18:37:58.595612+00:00
[2024-11-01T18:37:58.618+0000] {processor.py:179} INFO - Processing /home/airflow/.local/lib/python3.7/site-packages/airflow/example_dags/example_dynamic_task_mapping_with_no_taskflow_operators.py took 0.161 seconds
[2024-11-01T18:38:28.796+0000] {processor.py:157} INFO - Started process (PID=2052) to work on /home/airflow/.local/lib/python3.7/site-packages/airflow/example_dags/example_dynamic_task_mapping_with_no_taskflow_operators.py
[2024-11-01T18:38:28.797+0000] {processor.py:826} INFO - Processing file /home/airflow/.local/lib/python3.7/site-packages/airflow/example_dags/example_dynamic_task_mapping_with_no_taskflow_operators.py for tasks to queue
[2024-11-01T18:38:28.797+0000] {logging_mixin.py:150} INFO - [2024-11-01T18:38:28.797+0000] {dagbag.py:541} INFO - Filling up the DagBag from /home/airflow/.local/lib/python3.7/site-packages/airflow/example_dags/example_dynamic_task_mapping_with_no_taskflow_operators.py
[2024-11-01T18:38:28.801+0000] {processor.py:836} INFO - DAG(s) dict_keys(['example_dynamic_task_mapping_with_no_taskflow_operators']) retrieved from /home/airflow/.local/lib/python3.7/site-packages/airflow/example_dags/example_dynamic_task_mapping_with_no_taskflow_operators.py
[2024-11-01T18:38:28.814+0000] {logging_mixin.py:150} INFO - [2024-11-01T18:38:28.813+0000] {dag.py:2742} INFO - Sync 1 DAGs
[2024-11-01T18:38:28.831+0000] {logging_mixin.py:150} INFO - [2024-11-01T18:38:28.831+0000] {dag.py:3508} INFO - Setting next_dagrun for example_dynamic_task_mapping_with_no_taskflow_operators to 2024-10-31T18:38:28.831181+00:00, run_after=2024-11-01T18:38:28.831181+00:00
[2024-11-01T18:38:28.849+0000] {processor.py:179} INFO - Processing /home/airflow/.local/lib/python3.7/site-packages/airflow/example_dags/example_dynamic_task_mapping_with_no_taskflow_operators.py took 0.057 seconds
[2024-11-01T18:38:59.254+0000] {processor.py:157} INFO - Started process (PID=2114) to work on /home/airflow/.local/lib/python3.7/site-packages/airflow/example_dags/example_dynamic_task_mapping_with_no_taskflow_operators.py
[2024-11-01T18:38:59.255+0000] {processor.py:826} INFO - Processing file /home/airflow/.local/lib/python3.7/site-packages/airflow/example_dags/example_dynamic_task_mapping_with_no_taskflow_operators.py for tasks to queue
[2024-11-01T18:38:59.256+0000] {logging_mixin.py:150} INFO - [2024-11-01T18:38:59.255+0000] {dagbag.py:541} INFO - Filling up the DagBag from /home/airflow/.local/lib/python3.7/site-packages/airflow/example_dags/example_dynamic_task_mapping_with_no_taskflow_operators.py
[2024-11-01T18:38:59.261+0000] {processor.py:836} INFO - DAG(s) dict_keys(['example_dynamic_task_mapping_with_no_taskflow_operators']) retrieved from /home/airflow/.local/lib/python3.7/site-packages/airflow/example_dags/example_dynamic_task_mapping_with_no_taskflow_operators.py
[2024-11-01T18:38:59.274+0000] {logging_mixin.py:150} INFO - [2024-11-01T18:38:59.274+0000] {dag.py:2742} INFO - Sync 1 DAGs
[2024-11-01T18:38:59.293+0000] {logging_mixin.py:150} INFO - [2024-11-01T18:38:59.293+0000] {dag.py:3508} INFO - Setting next_dagrun for example_dynamic_task_mapping_with_no_taskflow_operators to 2024-10-31T18:38:59.293280+00:00, run_after=2024-11-01T18:38:59.293280+00:00
[2024-11-01T18:38:59.304+0000] {processor.py:179} INFO - Processing /home/airflow/.local/lib/python3.7/site-packages/airflow/example_dags/example_dynamic_task_mapping_with_no_taskflow_operators.py took 0.051 seconds
[2024-11-01T18:39:30.111+0000] {processor.py:157} INFO - Started process (PID=2175) to work on /home/airflow/.local/lib/python3.7/site-packages/airflow/example_dags/example_dynamic_task_mapping_with_no_taskflow_operators.py
[2024-11-01T18:39:30.114+0000] {processor.py:826} INFO - Processing file /home/airflow/.local/lib/python3.7/site-packages/airflow/example_dags/example_dynamic_task_mapping_with_no_taskflow_operators.py for tasks to queue
[2024-11-01T18:39:30.115+0000] {logging_mixin.py:150} INFO - [2024-11-01T18:39:30.114+0000] {dagbag.py:541} INFO - Filling up the DagBag from /home/airflow/.local/lib/python3.7/site-packages/airflow/example_dags/example_dynamic_task_mapping_with_no_taskflow_operators.py
[2024-11-01T18:39:30.119+0000] {processor.py:836} INFO - DAG(s) dict_keys(['example_dynamic_task_mapping_with_no_taskflow_operators']) retrieved from /home/airflow/.local/lib/python3.7/site-packages/airflow/example_dags/example_dynamic_task_mapping_with_no_taskflow_operators.py
[2024-11-01T18:39:30.140+0000] {logging_mixin.py:150} INFO - [2024-11-01T18:39:30.140+0000] {dag.py:2742} INFO - Sync 1 DAGs
[2024-11-01T18:39:30.159+0000] {logging_mixin.py:150} INFO - [2024-11-01T18:39:30.159+0000] {dag.py:3508} INFO - Setting next_dagrun for example_dynamic_task_mapping_with_no_taskflow_operators to 2024-10-31T18:39:30.159435+00:00, run_after=2024-11-01T18:39:30.159435+00:00
[2024-11-01T18:39:30.169+0000] {processor.py:179} INFO - Processing /home/airflow/.local/lib/python3.7/site-packages/airflow/example_dags/example_dynamic_task_mapping_with_no_taskflow_operators.py took 0.060 seconds
[2024-11-01T18:40:00.271+0000] {processor.py:157} INFO - Started process (PID=2237) to work on /home/airflow/.local/lib/python3.7/site-packages/airflow/example_dags/example_dynamic_task_mapping_with_no_taskflow_operators.py
[2024-11-01T18:40:00.272+0000] {processor.py:826} INFO - Processing file /home/airflow/.local/lib/python3.7/site-packages/airflow/example_dags/example_dynamic_task_mapping_with_no_taskflow_operators.py for tasks to queue
[2024-11-01T18:40:00.273+0000] {logging_mixin.py:150} INFO - [2024-11-01T18:40:00.272+0000] {dagbag.py:541} INFO - Filling up the DagBag from /home/airflow/.local/lib/python3.7/site-packages/airflow/example_dags/example_dynamic_task_mapping_with_no_taskflow_operators.py
[2024-11-01T18:40:00.278+0000] {processor.py:836} INFO - DAG(s) dict_keys(['example_dynamic_task_mapping_with_no_taskflow_operators']) retrieved from /home/airflow/.local/lib/python3.7/site-packages/airflow/example_dags/example_dynamic_task_mapping_with_no_taskflow_operators.py
[2024-11-01T18:40:00.315+0000] {logging_mixin.py:150} INFO - [2024-11-01T18:40:00.315+0000] {dag.py:2742} INFO - Sync 1 DAGs
[2024-11-01T18:40:00.332+0000] {logging_mixin.py:150} INFO - [2024-11-01T18:40:00.332+0000] {dag.py:3508} INFO - Setting next_dagrun for example_dynamic_task_mapping_with_no_taskflow_operators to 2024-10-31T18:40:00.332253+00:00, run_after=2024-11-01T18:40:00.332253+00:00
[2024-11-01T18:40:00.342+0000] {processor.py:179} INFO - Processing /home/airflow/.local/lib/python3.7/site-packages/airflow/example_dags/example_dynamic_task_mapping_with_no_taskflow_operators.py took 0.076 seconds
[2024-11-01T18:40:31.322+0000] {processor.py:157} INFO - Started process (PID=2299) to work on /home/airflow/.local/lib/python3.7/site-packages/airflow/example_dags/example_dynamic_task_mapping_with_no_taskflow_operators.py
[2024-11-01T18:40:31.326+0000] {processor.py:826} INFO - Processing file /home/airflow/.local/lib/python3.7/site-packages/airflow/example_dags/example_dynamic_task_mapping_with_no_taskflow_operators.py for tasks to queue
[2024-11-01T18:40:31.326+0000] {logging_mixin.py:150} INFO - [2024-11-01T18:40:31.326+0000] {dagbag.py:541} INFO - Filling up the DagBag from /home/airflow/.local/lib/python3.7/site-packages/airflow/example_dags/example_dynamic_task_mapping_with_no_taskflow_operators.py
[2024-11-01T18:40:31.332+0000] {processor.py:836} INFO - DAG(s) dict_keys(['example_dynamic_task_mapping_with_no_taskflow_operators']) retrieved from /home/airflow/.local/lib/python3.7/site-packages/airflow/example_dags/example_dynamic_task_mapping_with_no_taskflow_operators.py
[2024-11-01T18:40:31.348+0000] {logging_mixin.py:150} INFO - [2024-11-01T18:40:31.348+0000] {dag.py:2742} INFO - Sync 1 DAGs
[2024-11-01T18:40:31.374+0000] {logging_mixin.py:150} INFO - [2024-11-01T18:40:31.374+0000] {dag.py:3508} INFO - Setting next_dagrun for example_dynamic_task_mapping_with_no_taskflow_operators to 2024-10-31T18:40:31.374429+00:00, run_after=2024-11-01T18:40:31.374429+00:00
[2024-11-01T18:40:31.429+0000] {processor.py:179} INFO - Processing /home/airflow/.local/lib/python3.7/site-packages/airflow/example_dags/example_dynamic_task_mapping_with_no_taskflow_operators.py took 0.110 seconds
[2024-11-01T18:41:02.311+0000] {processor.py:157} INFO - Started process (PID=2361) to work on /home/airflow/.local/lib/python3.7/site-packages/airflow/example_dags/example_dynamic_task_mapping_with_no_taskflow_operators.py
[2024-11-01T18:41:02.320+0000] {processor.py:826} INFO - Processing file /home/airflow/.local/lib/python3.7/site-packages/airflow/example_dags/example_dynamic_task_mapping_with_no_taskflow_operators.py for tasks to queue
[2024-11-01T18:41:02.323+0000] {logging_mixin.py:150} INFO - [2024-11-01T18:41:02.322+0000] {dagbag.py:541} INFO - Filling up the DagBag from /home/airflow/.local/lib/python3.7/site-packages/airflow/example_dags/example_dynamic_task_mapping_with_no_taskflow_operators.py
[2024-11-01T18:41:02.334+0000] {processor.py:836} INFO - DAG(s) dict_keys(['example_dynamic_task_mapping_with_no_taskflow_operators']) retrieved from /home/airflow/.local/lib/python3.7/site-packages/airflow/example_dags/example_dynamic_task_mapping_with_no_taskflow_operators.py
[2024-11-01T18:41:02.357+0000] {logging_mixin.py:150} INFO - [2024-11-01T18:41:02.356+0000] {dag.py:2742} INFO - Sync 1 DAGs
[2024-11-01T18:41:02.388+0000] {logging_mixin.py:150} INFO - [2024-11-01T18:41:02.388+0000] {dag.py:3508} INFO - Setting next_dagrun for example_dynamic_task_mapping_with_no_taskflow_operators to 2024-10-31T18:41:02.387927+00:00, run_after=2024-11-01T18:41:02.387927+00:00
[2024-11-01T18:41:02.403+0000] {processor.py:179} INFO - Processing /home/airflow/.local/lib/python3.7/site-packages/airflow/example_dags/example_dynamic_task_mapping_with_no_taskflow_operators.py took 0.121 seconds
[2024-11-01T18:41:32.577+0000] {processor.py:157} INFO - Started process (PID=2423) to work on /home/airflow/.local/lib/python3.7/site-packages/airflow/example_dags/example_dynamic_task_mapping_with_no_taskflow_operators.py
[2024-11-01T18:41:32.578+0000] {processor.py:826} INFO - Processing file /home/airflow/.local/lib/python3.7/site-packages/airflow/example_dags/example_dynamic_task_mapping_with_no_taskflow_operators.py for tasks to queue
[2024-11-01T18:41:32.578+0000] {logging_mixin.py:150} INFO - [2024-11-01T18:41:32.578+0000] {dagbag.py:541} INFO - Filling up the DagBag from /home/airflow/.local/lib/python3.7/site-packages/airflow/example_dags/example_dynamic_task_mapping_with_no_taskflow_operators.py
[2024-11-01T18:41:32.587+0000] {processor.py:836} INFO - DAG(s) dict_keys(['example_dynamic_task_mapping_with_no_taskflow_operators']) retrieved from /home/airflow/.local/lib/python3.7/site-packages/airflow/example_dags/example_dynamic_task_mapping_with_no_taskflow_operators.py
[2024-11-01T18:41:32.603+0000] {logging_mixin.py:150} INFO - [2024-11-01T18:41:32.602+0000] {dag.py:2742} INFO - Sync 1 DAGs
[2024-11-01T18:41:32.615+0000] {logging_mixin.py:150} INFO - [2024-11-01T18:41:32.615+0000] {dag.py:3508} INFO - Setting next_dagrun for example_dynamic_task_mapping_with_no_taskflow_operators to 2024-10-31T18:41:32.615674+00:00, run_after=2024-11-01T18:41:32.615674+00:00
[2024-11-01T18:41:32.624+0000] {processor.py:179} INFO - Processing /home/airflow/.local/lib/python3.7/site-packages/airflow/example_dags/example_dynamic_task_mapping_with_no_taskflow_operators.py took 0.049 seconds
[2024-11-01T18:42:03.507+0000] {processor.py:157} INFO - Started process (PID=2485) to work on /home/airflow/.local/lib/python3.7/site-packages/airflow/example_dags/example_dynamic_task_mapping_with_no_taskflow_operators.py
[2024-11-01T18:42:03.515+0000] {processor.py:826} INFO - Processing file /home/airflow/.local/lib/python3.7/site-packages/airflow/example_dags/example_dynamic_task_mapping_with_no_taskflow_operators.py for tasks to queue
[2024-11-01T18:42:03.517+0000] {logging_mixin.py:150} INFO - [2024-11-01T18:42:03.516+0000] {dagbag.py:541} INFO - Filling up the DagBag from /home/airflow/.local/lib/python3.7/site-packages/airflow/example_dags/example_dynamic_task_mapping_with_no_taskflow_operators.py
[2024-11-01T18:42:03.523+0000] {processor.py:836} INFO - DAG(s) dict_keys(['example_dynamic_task_mapping_with_no_taskflow_operators']) retrieved from /home/airflow/.local/lib/python3.7/site-packages/airflow/example_dags/example_dynamic_task_mapping_with_no_taskflow_operators.py
[2024-11-01T18:42:03.549+0000] {logging_mixin.py:150} INFO - [2024-11-01T18:42:03.549+0000] {dag.py:2742} INFO - Sync 1 DAGs
[2024-11-01T18:42:03.573+0000] {logging_mixin.py:150} INFO - [2024-11-01T18:42:03.573+0000] {dag.py:3508} INFO - Setting next_dagrun for example_dynamic_task_mapping_with_no_taskflow_operators to 2024-10-31T18:42:03.573323+00:00, run_after=2024-11-01T18:42:03.573323+00:00
[2024-11-01T18:42:03.584+0000] {processor.py:179} INFO - Processing /home/airflow/.local/lib/python3.7/site-packages/airflow/example_dags/example_dynamic_task_mapping_with_no_taskflow_operators.py took 0.082 seconds
[2024-11-01T18:42:34.469+0000] {processor.py:157} INFO - Started process (PID=2547) to work on /home/airflow/.local/lib/python3.7/site-packages/airflow/example_dags/example_dynamic_task_mapping_with_no_taskflow_operators.py
[2024-11-01T18:42:34.471+0000] {processor.py:826} INFO - Processing file /home/airflow/.local/lib/python3.7/site-packages/airflow/example_dags/example_dynamic_task_mapping_with_no_taskflow_operators.py for tasks to queue
[2024-11-01T18:42:34.472+0000] {logging_mixin.py:150} INFO - [2024-11-01T18:42:34.471+0000] {dagbag.py:541} INFO - Filling up the DagBag from /home/airflow/.local/lib/python3.7/site-packages/airflow/example_dags/example_dynamic_task_mapping_with_no_taskflow_operators.py
[2024-11-01T18:42:34.481+0000] {processor.py:836} INFO - DAG(s) dict_keys(['example_dynamic_task_mapping_with_no_taskflow_operators']) retrieved from /home/airflow/.local/lib/python3.7/site-packages/airflow/example_dags/example_dynamic_task_mapping_with_no_taskflow_operators.py
[2024-11-01T18:42:34.543+0000] {logging_mixin.py:150} INFO - [2024-11-01T18:42:34.542+0000] {dag.py:2742} INFO - Sync 1 DAGs
[2024-11-01T18:42:34.590+0000] {logging_mixin.py:150} INFO - [2024-11-01T18:42:34.590+0000] {dag.py:3508} INFO - Setting next_dagrun for example_dynamic_task_mapping_with_no_taskflow_operators to 2024-10-31T18:42:34.589812+00:00, run_after=2024-11-01T18:42:34.589812+00:00
[2024-11-01T18:42:34.612+0000] {processor.py:179} INFO - Processing /home/airflow/.local/lib/python3.7/site-packages/airflow/example_dags/example_dynamic_task_mapping_with_no_taskflow_operators.py took 0.150 seconds
[2024-11-01T18:43:10.347+0000] {processor.py:157} INFO - Started process (PID=2600) to work on /home/airflow/.local/lib/python3.7/site-packages/airflow/example_dags/example_dynamic_task_mapping_with_no_taskflow_operators.py
[2024-11-01T18:43:10.349+0000] {processor.py:826} INFO - Processing file /home/airflow/.local/lib/python3.7/site-packages/airflow/example_dags/example_dynamic_task_mapping_with_no_taskflow_operators.py for tasks to queue
[2024-11-01T18:43:10.352+0000] {logging_mixin.py:150} INFO - [2024-11-01T18:43:10.351+0000] {dagbag.py:541} INFO - Filling up the DagBag from /home/airflow/.local/lib/python3.7/site-packages/airflow/example_dags/example_dynamic_task_mapping_with_no_taskflow_operators.py
[2024-11-01T18:43:10.359+0000] {processor.py:836} INFO - DAG(s) dict_keys(['example_dynamic_task_mapping_with_no_taskflow_operators']) retrieved from /home/airflow/.local/lib/python3.7/site-packages/airflow/example_dags/example_dynamic_task_mapping_with_no_taskflow_operators.py
[2024-11-01T18:43:10.385+0000] {logging_mixin.py:150} INFO - [2024-11-01T18:43:10.385+0000] {dag.py:2742} INFO - Sync 1 DAGs
[2024-11-01T18:43:10.422+0000] {logging_mixin.py:150} INFO - [2024-11-01T18:43:10.422+0000] {dag.py:3508} INFO - Setting next_dagrun for example_dynamic_task_mapping_with_no_taskflow_operators to 2024-10-31T18:43:10.422089+00:00, run_after=2024-11-01T18:43:10.422089+00:00
[2024-11-01T18:43:10.445+0000] {processor.py:179} INFO - Processing /home/airflow/.local/lib/python3.7/site-packages/airflow/example_dags/example_dynamic_task_mapping_with_no_taskflow_operators.py took 0.103 seconds
[2024-11-01T18:43:40.518+0000] {processor.py:157} INFO - Started process (PID=2662) to work on /home/airflow/.local/lib/python3.7/site-packages/airflow/example_dags/example_dynamic_task_mapping_with_no_taskflow_operators.py
[2024-11-01T18:43:40.519+0000] {processor.py:826} INFO - Processing file /home/airflow/.local/lib/python3.7/site-packages/airflow/example_dags/example_dynamic_task_mapping_with_no_taskflow_operators.py for tasks to queue
[2024-11-01T18:43:40.520+0000] {logging_mixin.py:150} INFO - [2024-11-01T18:43:40.520+0000] {dagbag.py:541} INFO - Filling up the DagBag from /home/airflow/.local/lib/python3.7/site-packages/airflow/example_dags/example_dynamic_task_mapping_with_no_taskflow_operators.py
[2024-11-01T18:43:40.527+0000] {processor.py:836} INFO - DAG(s) dict_keys(['example_dynamic_task_mapping_with_no_taskflow_operators']) retrieved from /home/airflow/.local/lib/python3.7/site-packages/airflow/example_dags/example_dynamic_task_mapping_with_no_taskflow_operators.py
[2024-11-01T18:43:40.545+0000] {logging_mixin.py:150} INFO - [2024-11-01T18:43:40.545+0000] {dag.py:2742} INFO - Sync 1 DAGs
[2024-11-01T18:43:40.562+0000] {logging_mixin.py:150} INFO - [2024-11-01T18:43:40.562+0000] {dag.py:3508} INFO - Setting next_dagrun for example_dynamic_task_mapping_with_no_taskflow_operators to 2024-10-31T18:43:40.562303+00:00, run_after=2024-11-01T18:43:40.562303+00:00
[2024-11-01T18:43:40.578+0000] {processor.py:179} INFO - Processing /home/airflow/.local/lib/python3.7/site-packages/airflow/example_dags/example_dynamic_task_mapping_with_no_taskflow_operators.py took 0.063 seconds
[2024-11-01T18:44:10.675+0000] {processor.py:157} INFO - Started process (PID=2724) to work on /home/airflow/.local/lib/python3.7/site-packages/airflow/example_dags/example_dynamic_task_mapping_with_no_taskflow_operators.py
[2024-11-01T18:44:10.676+0000] {processor.py:826} INFO - Processing file /home/airflow/.local/lib/python3.7/site-packages/airflow/example_dags/example_dynamic_task_mapping_with_no_taskflow_operators.py for tasks to queue
[2024-11-01T18:44:10.678+0000] {logging_mixin.py:150} INFO - [2024-11-01T18:44:10.678+0000] {dagbag.py:541} INFO - Filling up the DagBag from /home/airflow/.local/lib/python3.7/site-packages/airflow/example_dags/example_dynamic_task_mapping_with_no_taskflow_operators.py
[2024-11-01T18:44:10.682+0000] {processor.py:836} INFO - DAG(s) dict_keys(['example_dynamic_task_mapping_with_no_taskflow_operators']) retrieved from /home/airflow/.local/lib/python3.7/site-packages/airflow/example_dags/example_dynamic_task_mapping_with_no_taskflow_operators.py
[2024-11-01T18:44:10.701+0000] {logging_mixin.py:150} INFO - [2024-11-01T18:44:10.700+0000] {dag.py:2742} INFO - Sync 1 DAGs
[2024-11-01T18:44:10.718+0000] {logging_mixin.py:150} INFO - [2024-11-01T18:44:10.718+0000] {dag.py:3508} INFO - Setting next_dagrun for example_dynamic_task_mapping_with_no_taskflow_operators to 2024-10-31T18:44:10.717560+00:00, run_after=2024-11-01T18:44:10.717560+00:00
[2024-11-01T18:44:10.734+0000] {processor.py:179} INFO - Processing /home/airflow/.local/lib/python3.7/site-packages/airflow/example_dags/example_dynamic_task_mapping_with_no_taskflow_operators.py took 0.061 seconds
[2024-11-01T18:44:41.513+0000] {processor.py:157} INFO - Started process (PID=2780) to work on /home/airflow/.local/lib/python3.7/site-packages/airflow/example_dags/example_dynamic_task_mapping_with_no_taskflow_operators.py
[2024-11-01T18:44:41.514+0000] {processor.py:826} INFO - Processing file /home/airflow/.local/lib/python3.7/site-packages/airflow/example_dags/example_dynamic_task_mapping_with_no_taskflow_operators.py for tasks to queue
[2024-11-01T18:44:41.515+0000] {logging_mixin.py:150} INFO - [2024-11-01T18:44:41.514+0000] {dagbag.py:541} INFO - Filling up the DagBag from /home/airflow/.local/lib/python3.7/site-packages/airflow/example_dags/example_dynamic_task_mapping_with_no_taskflow_operators.py
[2024-11-01T18:44:41.519+0000] {processor.py:836} INFO - DAG(s) dict_keys(['example_dynamic_task_mapping_with_no_taskflow_operators']) retrieved from /home/airflow/.local/lib/python3.7/site-packages/airflow/example_dags/example_dynamic_task_mapping_with_no_taskflow_operators.py
[2024-11-01T18:44:41.531+0000] {logging_mixin.py:150} INFO - [2024-11-01T18:44:41.531+0000] {dag.py:2742} INFO - Sync 1 DAGs
[2024-11-01T18:44:41.547+0000] {logging_mixin.py:150} INFO - [2024-11-01T18:44:41.547+0000] {dag.py:3508} INFO - Setting next_dagrun for example_dynamic_task_mapping_with_no_taskflow_operators to 2024-10-31T18:44:41.547209+00:00, run_after=2024-11-01T18:44:41.547209+00:00
[2024-11-01T18:44:41.562+0000] {processor.py:179} INFO - Processing /home/airflow/.local/lib/python3.7/site-packages/airflow/example_dags/example_dynamic_task_mapping_with_no_taskflow_operators.py took 0.054 seconds
[2024-11-01T18:45:11.971+0000] {processor.py:157} INFO - Started process (PID=2849) to work on /home/airflow/.local/lib/python3.7/site-packages/airflow/example_dags/example_dynamic_task_mapping_with_no_taskflow_operators.py
[2024-11-01T18:45:11.973+0000] {processor.py:826} INFO - Processing file /home/airflow/.local/lib/python3.7/site-packages/airflow/example_dags/example_dynamic_task_mapping_with_no_taskflow_operators.py for tasks to queue
[2024-11-01T18:45:11.973+0000] {logging_mixin.py:150} INFO - [2024-11-01T18:45:11.973+0000] {dagbag.py:541} INFO - Filling up the DagBag from /home/airflow/.local/lib/python3.7/site-packages/airflow/example_dags/example_dynamic_task_mapping_with_no_taskflow_operators.py
[2024-11-01T18:45:11.977+0000] {processor.py:836} INFO - DAG(s) dict_keys(['example_dynamic_task_mapping_with_no_taskflow_operators']) retrieved from /home/airflow/.local/lib/python3.7/site-packages/airflow/example_dags/example_dynamic_task_mapping_with_no_taskflow_operators.py
[2024-11-01T18:45:11.991+0000] {logging_mixin.py:150} INFO - [2024-11-01T18:45:11.991+0000] {dag.py:2742} INFO - Sync 1 DAGs
[2024-11-01T18:45:12.010+0000] {logging_mixin.py:150} INFO - [2024-11-01T18:45:12.010+0000] {dag.py:3508} INFO - Setting next_dagrun for example_dynamic_task_mapping_with_no_taskflow_operators to 2024-10-31T18:45:12.010090+00:00, run_after=2024-11-01T18:45:12.010090+00:00
[2024-11-01T18:45:12.022+0000] {processor.py:179} INFO - Processing /home/airflow/.local/lib/python3.7/site-packages/airflow/example_dags/example_dynamic_task_mapping_with_no_taskflow_operators.py took 0.052 seconds
[2024-11-01T18:45:42.490+0000] {processor.py:157} INFO - Started process (PID=2911) to work on /home/airflow/.local/lib/python3.7/site-packages/airflow/example_dags/example_dynamic_task_mapping_with_no_taskflow_operators.py
[2024-11-01T18:45:42.492+0000] {processor.py:826} INFO - Processing file /home/airflow/.local/lib/python3.7/site-packages/airflow/example_dags/example_dynamic_task_mapping_with_no_taskflow_operators.py for tasks to queue
[2024-11-01T18:45:42.493+0000] {logging_mixin.py:150} INFO - [2024-11-01T18:45:42.493+0000] {dagbag.py:541} INFO - Filling up the DagBag from /home/airflow/.local/lib/python3.7/site-packages/airflow/example_dags/example_dynamic_task_mapping_with_no_taskflow_operators.py
[2024-11-01T18:45:42.502+0000] {processor.py:836} INFO - DAG(s) dict_keys(['example_dynamic_task_mapping_with_no_taskflow_operators']) retrieved from /home/airflow/.local/lib/python3.7/site-packages/airflow/example_dags/example_dynamic_task_mapping_with_no_taskflow_operators.py
[2024-11-01T18:45:42.516+0000] {logging_mixin.py:150} INFO - [2024-11-01T18:45:42.516+0000] {dag.py:2742} INFO - Sync 1 DAGs
[2024-11-01T18:45:42.532+0000] {logging_mixin.py:150} INFO - [2024-11-01T18:45:42.532+0000] {dag.py:3508} INFO - Setting next_dagrun for example_dynamic_task_mapping_with_no_taskflow_operators to 2024-10-31T18:45:42.531998+00:00, run_after=2024-11-01T18:45:42.531998+00:00
[2024-11-01T18:45:42.543+0000] {processor.py:179} INFO - Processing /home/airflow/.local/lib/python3.7/site-packages/airflow/example_dags/example_dynamic_task_mapping_with_no_taskflow_operators.py took 0.054 seconds
[2024-11-01T18:46:12.835+0000] {processor.py:157} INFO - Started process (PID=2973) to work on /home/airflow/.local/lib/python3.7/site-packages/airflow/example_dags/example_dynamic_task_mapping_with_no_taskflow_operators.py
[2024-11-01T18:46:12.836+0000] {processor.py:826} INFO - Processing file /home/airflow/.local/lib/python3.7/site-packages/airflow/example_dags/example_dynamic_task_mapping_with_no_taskflow_operators.py for tasks to queue
[2024-11-01T18:46:12.837+0000] {logging_mixin.py:150} INFO - [2024-11-01T18:46:12.837+0000] {dagbag.py:541} INFO - Filling up the DagBag from /home/airflow/.local/lib/python3.7/site-packages/airflow/example_dags/example_dynamic_task_mapping_with_no_taskflow_operators.py
[2024-11-01T18:46:12.841+0000] {processor.py:836} INFO - DAG(s) dict_keys(['example_dynamic_task_mapping_with_no_taskflow_operators']) retrieved from /home/airflow/.local/lib/python3.7/site-packages/airflow/example_dags/example_dynamic_task_mapping_with_no_taskflow_operators.py
[2024-11-01T18:46:12.853+0000] {logging_mixin.py:150} INFO - [2024-11-01T18:46:12.853+0000] {dag.py:2742} INFO - Sync 1 DAGs
[2024-11-01T18:46:12.868+0000] {logging_mixin.py:150} INFO - [2024-11-01T18:46:12.867+0000] {dag.py:3508} INFO - Setting next_dagrun for example_dynamic_task_mapping_with_no_taskflow_operators to 2024-10-31T18:46:12.867719+00:00, run_after=2024-11-01T18:46:12.867719+00:00
[2024-11-01T18:46:12.881+0000] {processor.py:179} INFO - Processing /home/airflow/.local/lib/python3.7/site-packages/airflow/example_dags/example_dynamic_task_mapping_with_no_taskflow_operators.py took 0.048 seconds
[2024-11-01T18:46:43.669+0000] {processor.py:157} INFO - Started process (PID=3035) to work on /home/airflow/.local/lib/python3.7/site-packages/airflow/example_dags/example_dynamic_task_mapping_with_no_taskflow_operators.py
[2024-11-01T18:46:43.670+0000] {processor.py:826} INFO - Processing file /home/airflow/.local/lib/python3.7/site-packages/airflow/example_dags/example_dynamic_task_mapping_with_no_taskflow_operators.py for tasks to queue
[2024-11-01T18:46:43.671+0000] {logging_mixin.py:150} INFO - [2024-11-01T18:46:43.671+0000] {dagbag.py:541} INFO - Filling up the DagBag from /home/airflow/.local/lib/python3.7/site-packages/airflow/example_dags/example_dynamic_task_mapping_with_no_taskflow_operators.py
[2024-11-01T18:46:43.683+0000] {processor.py:836} INFO - DAG(s) dict_keys(['example_dynamic_task_mapping_with_no_taskflow_operators']) retrieved from /home/airflow/.local/lib/python3.7/site-packages/airflow/example_dags/example_dynamic_task_mapping_with_no_taskflow_operators.py
[2024-11-01T18:46:44.921+0000] {logging_mixin.py:150} INFO - [2024-11-01T18:46:44.920+0000] {dag.py:2742} INFO - Sync 1 DAGs
[2024-11-01T18:46:44.959+0000] {logging_mixin.py:150} INFO - [2024-11-01T18:46:44.959+0000] {dag.py:3508} INFO - Setting next_dagrun for example_dynamic_task_mapping_with_no_taskflow_operators to 2024-10-31T18:46:44.958276+00:00, run_after=2024-11-01T18:46:44.958276+00:00
[2024-11-01T18:46:44.992+0000] {processor.py:179} INFO - Processing /home/airflow/.local/lib/python3.7/site-packages/airflow/example_dags/example_dynamic_task_mapping_with_no_taskflow_operators.py took 1.329 seconds
[2024-11-01T18:47:15.163+0000] {processor.py:157} INFO - Started process (PID=3097) to work on /home/airflow/.local/lib/python3.7/site-packages/airflow/example_dags/example_dynamic_task_mapping_with_no_taskflow_operators.py
[2024-11-01T18:47:15.164+0000] {processor.py:826} INFO - Processing file /home/airflow/.local/lib/python3.7/site-packages/airflow/example_dags/example_dynamic_task_mapping_with_no_taskflow_operators.py for tasks to queue
[2024-11-01T18:47:15.165+0000] {logging_mixin.py:150} INFO - [2024-11-01T18:47:15.165+0000] {dagbag.py:541} INFO - Filling up the DagBag from /home/airflow/.local/lib/python3.7/site-packages/airflow/example_dags/example_dynamic_task_mapping_with_no_taskflow_operators.py
[2024-11-01T18:47:15.171+0000] {processor.py:836} INFO - DAG(s) dict_keys(['example_dynamic_task_mapping_with_no_taskflow_operators']) retrieved from /home/airflow/.local/lib/python3.7/site-packages/airflow/example_dags/example_dynamic_task_mapping_with_no_taskflow_operators.py
[2024-11-01T18:47:15.187+0000] {logging_mixin.py:150} INFO - [2024-11-01T18:47:15.187+0000] {dag.py:2742} INFO - Sync 1 DAGs
[2024-11-01T18:47:15.207+0000] {logging_mixin.py:150} INFO - [2024-11-01T18:47:15.207+0000] {dag.py:3508} INFO - Setting next_dagrun for example_dynamic_task_mapping_with_no_taskflow_operators to 2024-10-31T18:47:15.207010+00:00, run_after=2024-11-01T18:47:15.207010+00:00
[2024-11-01T18:47:15.231+0000] {processor.py:179} INFO - Processing /home/airflow/.local/lib/python3.7/site-packages/airflow/example_dags/example_dynamic_task_mapping_with_no_taskflow_operators.py took 0.076 seconds
[2024-11-01T18:47:46.081+0000] {processor.py:157} INFO - Started process (PID=3160) to work on /home/airflow/.local/lib/python3.7/site-packages/airflow/example_dags/example_dynamic_task_mapping_with_no_taskflow_operators.py
[2024-11-01T18:47:46.095+0000] {processor.py:826} INFO - Processing file /home/airflow/.local/lib/python3.7/site-packages/airflow/example_dags/example_dynamic_task_mapping_with_no_taskflow_operators.py for tasks to queue
[2024-11-01T18:47:46.097+0000] {logging_mixin.py:150} INFO - [2024-11-01T18:47:46.097+0000] {dagbag.py:541} INFO - Filling up the DagBag from /home/airflow/.local/lib/python3.7/site-packages/airflow/example_dags/example_dynamic_task_mapping_with_no_taskflow_operators.py
[2024-11-01T18:47:46.149+0000] {processor.py:836} INFO - DAG(s) dict_keys(['example_dynamic_task_mapping_with_no_taskflow_operators']) retrieved from /home/airflow/.local/lib/python3.7/site-packages/airflow/example_dags/example_dynamic_task_mapping_with_no_taskflow_operators.py
[2024-11-01T18:47:46.208+0000] {logging_mixin.py:150} INFO - [2024-11-01T18:47:46.208+0000] {dag.py:2742} INFO - Sync 1 DAGs
[2024-11-01T18:47:46.235+0000] {logging_mixin.py:150} INFO - [2024-11-01T18:47:46.235+0000] {dag.py:3508} INFO - Setting next_dagrun for example_dynamic_task_mapping_with_no_taskflow_operators to 2024-10-31T18:47:46.235219+00:00, run_after=2024-11-01T18:47:46.235219+00:00
[2024-11-01T18:47:46.266+0000] {processor.py:179} INFO - Processing /home/airflow/.local/lib/python3.7/site-packages/airflow/example_dags/example_dynamic_task_mapping_with_no_taskflow_operators.py took 0.238 seconds
[2024-11-01T18:48:16.636+0000] {processor.py:157} INFO - Started process (PID=3222) to work on /home/airflow/.local/lib/python3.7/site-packages/airflow/example_dags/example_dynamic_task_mapping_with_no_taskflow_operators.py
[2024-11-01T18:48:16.640+0000] {processor.py:826} INFO - Processing file /home/airflow/.local/lib/python3.7/site-packages/airflow/example_dags/example_dynamic_task_mapping_with_no_taskflow_operators.py for tasks to queue
[2024-11-01T18:48:16.642+0000] {logging_mixin.py:150} INFO - [2024-11-01T18:48:16.642+0000] {dagbag.py:541} INFO - Filling up the DagBag from /home/airflow/.local/lib/python3.7/site-packages/airflow/example_dags/example_dynamic_task_mapping_with_no_taskflow_operators.py
[2024-11-01T18:48:16.659+0000] {processor.py:836} INFO - DAG(s) dict_keys(['example_dynamic_task_mapping_with_no_taskflow_operators']) retrieved from /home/airflow/.local/lib/python3.7/site-packages/airflow/example_dags/example_dynamic_task_mapping_with_no_taskflow_operators.py
[2024-11-01T18:48:16.747+0000] {logging_mixin.py:150} INFO - [2024-11-01T18:48:16.747+0000] {dag.py:2742} INFO - Sync 1 DAGs
[2024-11-01T18:48:16.779+0000] {logging_mixin.py:150} INFO - [2024-11-01T18:48:16.778+0000] {dag.py:3508} INFO - Setting next_dagrun for example_dynamic_task_mapping_with_no_taskflow_operators to 2024-10-31T18:48:16.778407+00:00, run_after=2024-11-01T18:48:16.778407+00:00
[2024-11-01T18:48:16.799+0000] {processor.py:179} INFO - Processing /home/airflow/.local/lib/python3.7/site-packages/airflow/example_dags/example_dynamic_task_mapping_with_no_taskflow_operators.py took 0.173 seconds
[2024-11-01T18:48:46.877+0000] {processor.py:157} INFO - Started process (PID=3284) to work on /home/airflow/.local/lib/python3.7/site-packages/airflow/example_dags/example_dynamic_task_mapping_with_no_taskflow_operators.py
[2024-11-01T18:48:46.879+0000] {processor.py:826} INFO - Processing file /home/airflow/.local/lib/python3.7/site-packages/airflow/example_dags/example_dynamic_task_mapping_with_no_taskflow_operators.py for tasks to queue
[2024-11-01T18:48:46.880+0000] {logging_mixin.py:150} INFO - [2024-11-01T18:48:46.880+0000] {dagbag.py:541} INFO - Filling up the DagBag from /home/airflow/.local/lib/python3.7/site-packages/airflow/example_dags/example_dynamic_task_mapping_with_no_taskflow_operators.py
[2024-11-01T18:48:46.889+0000] {processor.py:836} INFO - DAG(s) dict_keys(['example_dynamic_task_mapping_with_no_taskflow_operators']) retrieved from /home/airflow/.local/lib/python3.7/site-packages/airflow/example_dags/example_dynamic_task_mapping_with_no_taskflow_operators.py
[2024-11-01T18:48:46.907+0000] {logging_mixin.py:150} INFO - [2024-11-01T18:48:46.907+0000] {dag.py:2742} INFO - Sync 1 DAGs
[2024-11-01T18:48:46.923+0000] {logging_mixin.py:150} INFO - [2024-11-01T18:48:46.923+0000] {dag.py:3508} INFO - Setting next_dagrun for example_dynamic_task_mapping_with_no_taskflow_operators to 2024-10-31T18:48:46.923066+00:00, run_after=2024-11-01T18:48:46.923066+00:00
[2024-11-01T18:48:46.935+0000] {processor.py:179} INFO - Processing /home/airflow/.local/lib/python3.7/site-packages/airflow/example_dags/example_dynamic_task_mapping_with_no_taskflow_operators.py took 0.061 seconds
[2024-11-01T18:49:18.061+0000] {processor.py:157} INFO - Started process (PID=3346) to work on /home/airflow/.local/lib/python3.7/site-packages/airflow/example_dags/example_dynamic_task_mapping_with_no_taskflow_operators.py
[2024-11-01T18:49:18.065+0000] {processor.py:826} INFO - Processing file /home/airflow/.local/lib/python3.7/site-packages/airflow/example_dags/example_dynamic_task_mapping_with_no_taskflow_operators.py for tasks to queue
[2024-11-01T18:49:18.067+0000] {logging_mixin.py:150} INFO - [2024-11-01T18:49:18.066+0000] {dagbag.py:541} INFO - Filling up the DagBag from /home/airflow/.local/lib/python3.7/site-packages/airflow/example_dags/example_dynamic_task_mapping_with_no_taskflow_operators.py
[2024-11-01T18:49:18.096+0000] {processor.py:836} INFO - DAG(s) dict_keys(['example_dynamic_task_mapping_with_no_taskflow_operators']) retrieved from /home/airflow/.local/lib/python3.7/site-packages/airflow/example_dags/example_dynamic_task_mapping_with_no_taskflow_operators.py
[2024-11-01T18:49:18.148+0000] {logging_mixin.py:150} INFO - [2024-11-01T18:49:18.147+0000] {dag.py:2742} INFO - Sync 1 DAGs
[2024-11-01T18:49:18.197+0000] {logging_mixin.py:150} INFO - [2024-11-01T18:49:18.197+0000] {dag.py:3508} INFO - Setting next_dagrun for example_dynamic_task_mapping_with_no_taskflow_operators to 2024-10-31T18:49:18.197203+00:00, run_after=2024-11-01T18:49:18.197203+00:00
[2024-11-01T18:49:18.225+0000] {processor.py:179} INFO - Processing /home/airflow/.local/lib/python3.7/site-packages/airflow/example_dags/example_dynamic_task_mapping_with_no_taskflow_operators.py took 0.180 seconds
[2024-11-01T18:49:49.179+0000] {processor.py:157} INFO - Started process (PID=3408) to work on /home/airflow/.local/lib/python3.7/site-packages/airflow/example_dags/example_dynamic_task_mapping_with_no_taskflow_operators.py
[2024-11-01T18:49:49.183+0000] {processor.py:826} INFO - Processing file /home/airflow/.local/lib/python3.7/site-packages/airflow/example_dags/example_dynamic_task_mapping_with_no_taskflow_operators.py for tasks to queue
[2024-11-01T18:49:49.187+0000] {logging_mixin.py:150} INFO - [2024-11-01T18:49:49.186+0000] {dagbag.py:541} INFO - Filling up the DagBag from /home/airflow/.local/lib/python3.7/site-packages/airflow/example_dags/example_dynamic_task_mapping_with_no_taskflow_operators.py
[2024-11-01T18:49:49.200+0000] {processor.py:836} INFO - DAG(s) dict_keys(['example_dynamic_task_mapping_with_no_taskflow_operators']) retrieved from /home/airflow/.local/lib/python3.7/site-packages/airflow/example_dags/example_dynamic_task_mapping_with_no_taskflow_operators.py
[2024-11-01T18:49:49.257+0000] {logging_mixin.py:150} INFO - [2024-11-01T18:49:49.257+0000] {dag.py:2742} INFO - Sync 1 DAGs
[2024-11-01T18:49:49.308+0000] {logging_mixin.py:150} INFO - [2024-11-01T18:49:49.308+0000] {dag.py:3508} INFO - Setting next_dagrun for example_dynamic_task_mapping_with_no_taskflow_operators to 2024-10-31T18:49:49.308091+00:00, run_after=2024-11-01T18:49:49.308091+00:00
[2024-11-01T18:49:49.342+0000] {processor.py:179} INFO - Processing /home/airflow/.local/lib/python3.7/site-packages/airflow/example_dags/example_dynamic_task_mapping_with_no_taskflow_operators.py took 0.178 seconds
[2024-11-01T18:50:19.812+0000] {processor.py:157} INFO - Started process (PID=3470) to work on /home/airflow/.local/lib/python3.7/site-packages/airflow/example_dags/example_dynamic_task_mapping_with_no_taskflow_operators.py
[2024-11-01T18:50:19.817+0000] {processor.py:826} INFO - Processing file /home/airflow/.local/lib/python3.7/site-packages/airflow/example_dags/example_dynamic_task_mapping_with_no_taskflow_operators.py for tasks to queue
[2024-11-01T18:50:19.817+0000] {logging_mixin.py:150} INFO - [2024-11-01T18:50:19.817+0000] {dagbag.py:541} INFO - Filling up the DagBag from /home/airflow/.local/lib/python3.7/site-packages/airflow/example_dags/example_dynamic_task_mapping_with_no_taskflow_operators.py
[2024-11-01T18:50:19.824+0000] {processor.py:836} INFO - DAG(s) dict_keys(['example_dynamic_task_mapping_with_no_taskflow_operators']) retrieved from /home/airflow/.local/lib/python3.7/site-packages/airflow/example_dags/example_dynamic_task_mapping_with_no_taskflow_operators.py
[2024-11-01T18:50:19.844+0000] {logging_mixin.py:150} INFO - [2024-11-01T18:50:19.843+0000] {dag.py:2742} INFO - Sync 1 DAGs
[2024-11-01T18:50:19.860+0000] {logging_mixin.py:150} INFO - [2024-11-01T18:50:19.860+0000] {dag.py:3508} INFO - Setting next_dagrun for example_dynamic_task_mapping_with_no_taskflow_operators to 2024-10-31T18:50:19.859890+00:00, run_after=2024-11-01T18:50:19.859890+00:00
[2024-11-01T18:50:19.873+0000] {processor.py:179} INFO - Processing /home/airflow/.local/lib/python3.7/site-packages/airflow/example_dags/example_dynamic_task_mapping_with_no_taskflow_operators.py took 0.063 seconds
[2024-11-01T18:50:50.858+0000] {processor.py:157} INFO - Started process (PID=3532) to work on /home/airflow/.local/lib/python3.7/site-packages/airflow/example_dags/example_dynamic_task_mapping_with_no_taskflow_operators.py
[2024-11-01T18:50:50.859+0000] {processor.py:826} INFO - Processing file /home/airflow/.local/lib/python3.7/site-packages/airflow/example_dags/example_dynamic_task_mapping_with_no_taskflow_operators.py for tasks to queue
[2024-11-01T18:50:50.860+0000] {logging_mixin.py:150} INFO - [2024-11-01T18:50:50.860+0000] {dagbag.py:541} INFO - Filling up the DagBag from /home/airflow/.local/lib/python3.7/site-packages/airflow/example_dags/example_dynamic_task_mapping_with_no_taskflow_operators.py
[2024-11-01T18:50:50.868+0000] {processor.py:836} INFO - DAG(s) dict_keys(['example_dynamic_task_mapping_with_no_taskflow_operators']) retrieved from /home/airflow/.local/lib/python3.7/site-packages/airflow/example_dags/example_dynamic_task_mapping_with_no_taskflow_operators.py
[2024-11-01T18:50:50.896+0000] {logging_mixin.py:150} INFO - [2024-11-01T18:50:50.896+0000] {dag.py:2742} INFO - Sync 1 DAGs
[2024-11-01T18:50:50.928+0000] {logging_mixin.py:150} INFO - [2024-11-01T18:50:50.927+0000] {dag.py:3508} INFO - Setting next_dagrun for example_dynamic_task_mapping_with_no_taskflow_operators to 2024-10-31T18:50:50.927761+00:00, run_after=2024-11-01T18:50:50.927761+00:00
[2024-11-01T18:50:50.944+0000] {processor.py:179} INFO - Processing /home/airflow/.local/lib/python3.7/site-packages/airflow/example_dags/example_dynamic_task_mapping_with_no_taskflow_operators.py took 0.089 seconds
[2024-11-01T18:51:21.521+0000] {processor.py:157} INFO - Started process (PID=3594) to work on /home/airflow/.local/lib/python3.7/site-packages/airflow/example_dags/example_dynamic_task_mapping_with_no_taskflow_operators.py
[2024-11-01T18:51:21.524+0000] {processor.py:826} INFO - Processing file /home/airflow/.local/lib/python3.7/site-packages/airflow/example_dags/example_dynamic_task_mapping_with_no_taskflow_operators.py for tasks to queue
[2024-11-01T18:51:21.538+0000] {logging_mixin.py:150} INFO - [2024-11-01T18:51:21.535+0000] {dagbag.py:541} INFO - Filling up the DagBag from /home/airflow/.local/lib/python3.7/site-packages/airflow/example_dags/example_dynamic_task_mapping_with_no_taskflow_operators.py
[2024-11-01T18:51:21.576+0000] {processor.py:836} INFO - DAG(s) dict_keys(['example_dynamic_task_mapping_with_no_taskflow_operators']) retrieved from /home/airflow/.local/lib/python3.7/site-packages/airflow/example_dags/example_dynamic_task_mapping_with_no_taskflow_operators.py
[2024-11-01T18:51:21.726+0000] {logging_mixin.py:150} INFO - [2024-11-01T18:51:21.724+0000] {dag.py:2742} INFO - Sync 1 DAGs
[2024-11-01T18:51:21.891+0000] {logging_mixin.py:150} INFO - [2024-11-01T18:51:21.890+0000] {dag.py:3508} INFO - Setting next_dagrun for example_dynamic_task_mapping_with_no_taskflow_operators to 2024-10-31T18:51:21.888221+00:00, run_after=2024-11-01T18:51:21.888221+00:00
[2024-11-01T18:51:22.222+0000] {processor.py:179} INFO - Processing /home/airflow/.local/lib/python3.7/site-packages/airflow/example_dags/example_dynamic_task_mapping_with_no_taskflow_operators.py took 0.711 seconds
[2024-11-01T18:51:53.259+0000] {processor.py:157} INFO - Started process (PID=3656) to work on /home/airflow/.local/lib/python3.7/site-packages/airflow/example_dags/example_dynamic_task_mapping_with_no_taskflow_operators.py
[2024-11-01T18:51:53.262+0000] {processor.py:826} INFO - Processing file /home/airflow/.local/lib/python3.7/site-packages/airflow/example_dags/example_dynamic_task_mapping_with_no_taskflow_operators.py for tasks to queue
[2024-11-01T18:51:53.263+0000] {logging_mixin.py:150} INFO - [2024-11-01T18:51:53.263+0000] {dagbag.py:541} INFO - Filling up the DagBag from /home/airflow/.local/lib/python3.7/site-packages/airflow/example_dags/example_dynamic_task_mapping_with_no_taskflow_operators.py
[2024-11-01T18:51:53.279+0000] {processor.py:836} INFO - DAG(s) dict_keys(['example_dynamic_task_mapping_with_no_taskflow_operators']) retrieved from /home/airflow/.local/lib/python3.7/site-packages/airflow/example_dags/example_dynamic_task_mapping_with_no_taskflow_operators.py
[2024-11-01T18:51:53.350+0000] {logging_mixin.py:150} INFO - [2024-11-01T18:51:53.350+0000] {dag.py:2742} INFO - Sync 1 DAGs
[2024-11-01T18:51:53.372+0000] {logging_mixin.py:150} INFO - [2024-11-01T18:51:53.372+0000] {dag.py:3508} INFO - Setting next_dagrun for example_dynamic_task_mapping_with_no_taskflow_operators to 2024-10-31T18:51:53.371828+00:00, run_after=2024-11-01T18:51:53.371828+00:00
[2024-11-01T18:51:53.390+0000] {processor.py:179} INFO - Processing /home/airflow/.local/lib/python3.7/site-packages/airflow/example_dags/example_dynamic_task_mapping_with_no_taskflow_operators.py took 0.139 seconds
[2024-11-01T18:52:23.547+0000] {processor.py:157} INFO - Started process (PID=3718) to work on /home/airflow/.local/lib/python3.7/site-packages/airflow/example_dags/example_dynamic_task_mapping_with_no_taskflow_operators.py
[2024-11-01T18:52:23.548+0000] {processor.py:826} INFO - Processing file /home/airflow/.local/lib/python3.7/site-packages/airflow/example_dags/example_dynamic_task_mapping_with_no_taskflow_operators.py for tasks to queue
[2024-11-01T18:52:23.549+0000] {logging_mixin.py:150} INFO - [2024-11-01T18:52:23.549+0000] {dagbag.py:541} INFO - Filling up the DagBag from /home/airflow/.local/lib/python3.7/site-packages/airflow/example_dags/example_dynamic_task_mapping_with_no_taskflow_operators.py
[2024-11-01T18:52:23.556+0000] {processor.py:836} INFO - DAG(s) dict_keys(['example_dynamic_task_mapping_with_no_taskflow_operators']) retrieved from /home/airflow/.local/lib/python3.7/site-packages/airflow/example_dags/example_dynamic_task_mapping_with_no_taskflow_operators.py
[2024-11-01T18:52:23.570+0000] {logging_mixin.py:150} INFO - [2024-11-01T18:52:23.570+0000] {dag.py:2742} INFO - Sync 1 DAGs
[2024-11-01T18:52:23.584+0000] {logging_mixin.py:150} INFO - [2024-11-01T18:52:23.584+0000] {dag.py:3508} INFO - Setting next_dagrun for example_dynamic_task_mapping_with_no_taskflow_operators to 2024-10-31T18:52:23.584539+00:00, run_after=2024-11-01T18:52:23.584539+00:00
[2024-11-01T18:52:23.598+0000] {processor.py:179} INFO - Processing /home/airflow/.local/lib/python3.7/site-packages/airflow/example_dags/example_dynamic_task_mapping_with_no_taskflow_operators.py took 0.056 seconds
