[2024-11-01T18:12:02.638+0000] {processor.py:157} INFO - Started process (PID=62) to work on /home/airflow/.local/lib/python3.7/site-packages/airflow/example_dags/example_latest_only_with_trigger.py
[2024-11-01T18:12:02.639+0000] {processor.py:826} INFO - Processing file /home/airflow/.local/lib/python3.7/site-packages/airflow/example_dags/example_latest_only_with_trigger.py for tasks to queue
[2024-11-01T18:12:02.641+0000] {logging_mixin.py:150} INFO - [2024-11-01T18:12:02.641+0000] {dagbag.py:541} INFO - Filling up the DagBag from /home/airflow/.local/lib/python3.7/site-packages/airflow/example_dags/example_latest_only_with_trigger.py
[2024-11-01T18:12:02.646+0000] {processor.py:836} INFO - DAG(s) dict_keys(['latest_only_with_trigger']) retrieved from /home/airflow/.local/lib/python3.7/site-packages/airflow/example_dags/example_latest_only_with_trigger.py
[2024-11-01T18:12:02.770+0000] {logging_mixin.py:150} INFO - [2024-11-01T18:12:02.770+0000] {dag.py:2742} INFO - Sync 1 DAGs
[2024-11-01T18:12:03.103+0000] {logging_mixin.py:150} INFO - [2024-11-01T18:12:03.103+0000] {dag.py:3508} INFO - Setting next_dagrun for latest_only_with_trigger to 2024-11-01T14:12:03.103287+00:00, run_after=2024-11-01T18:12:03.103287+00:00
[2024-11-01T18:12:03.138+0000] {processor.py:179} INFO - Processing /home/airflow/.local/lib/python3.7/site-packages/airflow/example_dags/example_latest_only_with_trigger.py took 0.502 seconds
[2024-11-01T18:12:38.006+0000] {processor.py:157} INFO - Started process (PID=124) to work on /home/airflow/.local/lib/python3.7/site-packages/airflow/example_dags/example_latest_only_with_trigger.py
[2024-11-01T18:12:38.027+0000] {processor.py:826} INFO - Processing file /home/airflow/.local/lib/python3.7/site-packages/airflow/example_dags/example_latest_only_with_trigger.py for tasks to queue
[2024-11-01T18:12:38.028+0000] {logging_mixin.py:150} INFO - [2024-11-01T18:12:38.027+0000] {dagbag.py:541} INFO - Filling up the DagBag from /home/airflow/.local/lib/python3.7/site-packages/airflow/example_dags/example_latest_only_with_trigger.py
[2024-11-01T18:12:38.038+0000] {processor.py:836} INFO - DAG(s) dict_keys(['latest_only_with_trigger']) retrieved from /home/airflow/.local/lib/python3.7/site-packages/airflow/example_dags/example_latest_only_with_trigger.py
[2024-11-01T18:12:38.094+0000] {logging_mixin.py:150} INFO - [2024-11-01T18:12:38.094+0000] {dag.py:2742} INFO - Sync 1 DAGs
[2024-11-01T18:12:38.114+0000] {logging_mixin.py:150} INFO - [2024-11-01T18:12:38.114+0000] {dag.py:3508} INFO - Setting next_dagrun for latest_only_with_trigger to 2024-11-01T14:12:38.114478+00:00, run_after=2024-11-01T18:12:38.114478+00:00
[2024-11-01T18:12:38.138+0000] {processor.py:179} INFO - Processing /home/airflow/.local/lib/python3.7/site-packages/airflow/example_dags/example_latest_only_with_trigger.py took 0.149 seconds
[2024-11-01T18:13:09.224+0000] {processor.py:157} INFO - Started process (PID=186) to work on /home/airflow/.local/lib/python3.7/site-packages/airflow/example_dags/example_latest_only_with_trigger.py
[2024-11-01T18:13:09.225+0000] {processor.py:826} INFO - Processing file /home/airflow/.local/lib/python3.7/site-packages/airflow/example_dags/example_latest_only_with_trigger.py for tasks to queue
[2024-11-01T18:13:09.225+0000] {logging_mixin.py:150} INFO - [2024-11-01T18:13:09.225+0000] {dagbag.py:541} INFO - Filling up the DagBag from /home/airflow/.local/lib/python3.7/site-packages/airflow/example_dags/example_latest_only_with_trigger.py
[2024-11-01T18:13:09.229+0000] {processor.py:836} INFO - DAG(s) dict_keys(['latest_only_with_trigger']) retrieved from /home/airflow/.local/lib/python3.7/site-packages/airflow/example_dags/example_latest_only_with_trigger.py
[2024-11-01T18:13:09.248+0000] {logging_mixin.py:150} INFO - [2024-11-01T18:13:09.248+0000] {dag.py:2742} INFO - Sync 1 DAGs
[2024-11-01T18:13:09.266+0000] {logging_mixin.py:150} INFO - [2024-11-01T18:13:09.266+0000] {dag.py:3508} INFO - Setting next_dagrun for latest_only_with_trigger to 2024-11-01T14:13:09.266104+00:00, run_after=2024-11-01T18:13:09.266104+00:00
[2024-11-01T18:13:09.275+0000] {processor.py:179} INFO - Processing /home/airflow/.local/lib/python3.7/site-packages/airflow/example_dags/example_latest_only_with_trigger.py took 0.053 seconds
[2024-11-01T18:15:56.334+0000] {processor.py:157} INFO - Started process (PID=272) to work on /home/airflow/.local/lib/python3.7/site-packages/airflow/example_dags/example_latest_only_with_trigger.py
[2024-11-01T18:15:56.345+0000] {processor.py:826} INFO - Processing file /home/airflow/.local/lib/python3.7/site-packages/airflow/example_dags/example_latest_only_with_trigger.py for tasks to queue
[2024-11-01T18:15:56.349+0000] {logging_mixin.py:150} INFO - [2024-11-01T18:15:56.349+0000] {dagbag.py:541} INFO - Filling up the DagBag from /home/airflow/.local/lib/python3.7/site-packages/airflow/example_dags/example_latest_only_with_trigger.py
[2024-11-01T18:15:56.402+0000] {processor.py:836} INFO - DAG(s) dict_keys(['latest_only_with_trigger']) retrieved from /home/airflow/.local/lib/python3.7/site-packages/airflow/example_dags/example_latest_only_with_trigger.py
[2024-11-01T18:15:56.725+0000] {logging_mixin.py:150} INFO - [2024-11-01T18:15:56.724+0000] {dag.py:2742} INFO - Sync 1 DAGs
[2024-11-01T18:15:56.809+0000] {logging_mixin.py:150} INFO - [2024-11-01T18:15:56.809+0000] {dag.py:3508} INFO - Setting next_dagrun for latest_only_with_trigger to 2024-11-01T14:15:56.807499+00:00, run_after=2024-11-01T18:15:56.807499+00:00
[2024-11-01T18:15:57.644+0000] {processor.py:179} INFO - Processing /home/airflow/.local/lib/python3.7/site-packages/airflow/example_dags/example_latest_only_with_trigger.py took 1.328 seconds
[2024-11-01T18:17:29.961+0000] {processor.py:157} INFO - Started process (PID=332) to work on /home/airflow/.local/lib/python3.7/site-packages/airflow/example_dags/example_latest_only_with_trigger.py
[2024-11-01T18:17:29.969+0000] {processor.py:826} INFO - Processing file /home/airflow/.local/lib/python3.7/site-packages/airflow/example_dags/example_latest_only_with_trigger.py for tasks to queue
[2024-11-01T18:17:29.983+0000] {logging_mixin.py:150} INFO - [2024-11-01T18:17:29.979+0000] {dagbag.py:541} INFO - Filling up the DagBag from /home/airflow/.local/lib/python3.7/site-packages/airflow/example_dags/example_latest_only_with_trigger.py
[2024-11-01T18:17:31.019+0000] {processor.py:836} INFO - DAG(s) dict_keys(['latest_only_with_trigger']) retrieved from /home/airflow/.local/lib/python3.7/site-packages/airflow/example_dags/example_latest_only_with_trigger.py
[2024-11-01T18:17:32.160+0000] {logging_mixin.py:150} INFO - [2024-11-01T18:17:32.159+0000] {dag.py:2742} INFO - Sync 1 DAGs
[2024-11-01T18:17:32.893+0000] {logging_mixin.py:150} INFO - [2024-11-01T18:17:32.891+0000] {dag.py:3508} INFO - Setting next_dagrun for latest_only_with_trigger to 2024-11-01T14:17:32.868221+00:00, run_after=2024-11-01T18:17:32.868221+00:00
[2024-11-01T18:17:33.515+0000] {processor.py:179} INFO - Processing /home/airflow/.local/lib/python3.7/site-packages/airflow/example_dags/example_latest_only_with_trigger.py took 3.607 seconds
[2024-11-01T18:18:30.949+0000] {processor.py:157} INFO - Started process (PID=421) to work on /home/airflow/.local/lib/python3.7/site-packages/airflow/example_dags/example_latest_only_with_trigger.py
[2024-11-01T18:18:30.952+0000] {processor.py:826} INFO - Processing file /home/airflow/.local/lib/python3.7/site-packages/airflow/example_dags/example_latest_only_with_trigger.py for tasks to queue
[2024-11-01T18:18:30.956+0000] {logging_mixin.py:150} INFO - [2024-11-01T18:18:30.955+0000] {dagbag.py:541} INFO - Filling up the DagBag from /home/airflow/.local/lib/python3.7/site-packages/airflow/example_dags/example_latest_only_with_trigger.py
[2024-11-01T18:18:31.058+0000] {processor.py:836} INFO - DAG(s) dict_keys(['latest_only_with_trigger']) retrieved from /home/airflow/.local/lib/python3.7/site-packages/airflow/example_dags/example_latest_only_with_trigger.py
[2024-11-01T18:18:31.269+0000] {logging_mixin.py:150} INFO - [2024-11-01T18:18:31.268+0000] {dag.py:2742} INFO - Sync 1 DAGs
[2024-11-01T18:18:31.555+0000] {logging_mixin.py:150} INFO - [2024-11-01T18:18:31.552+0000] {dag.py:3508} INFO - Setting next_dagrun for latest_only_with_trigger to 2024-11-01T14:18:31.547904+00:00, run_after=2024-11-01T18:18:31.547904+00:00
[2024-11-01T18:18:31.923+0000] {processor.py:179} INFO - Processing /home/airflow/.local/lib/python3.7/site-packages/airflow/example_dags/example_latest_only_with_trigger.py took 1.080 seconds
[2024-11-01T18:19:09.839+0000] {processor.py:157} INFO - Started process (PID=489) to work on /home/airflow/.local/lib/python3.7/site-packages/airflow/example_dags/example_latest_only_with_trigger.py
[2024-11-01T18:19:09.849+0000] {processor.py:826} INFO - Processing file /home/airflow/.local/lib/python3.7/site-packages/airflow/example_dags/example_latest_only_with_trigger.py for tasks to queue
[2024-11-01T18:19:09.853+0000] {logging_mixin.py:150} INFO - [2024-11-01T18:19:09.853+0000] {dagbag.py:541} INFO - Filling up the DagBag from /home/airflow/.local/lib/python3.7/site-packages/airflow/example_dags/example_latest_only_with_trigger.py
[2024-11-01T18:19:09.875+0000] {processor.py:836} INFO - DAG(s) dict_keys(['latest_only_with_trigger']) retrieved from /home/airflow/.local/lib/python3.7/site-packages/airflow/example_dags/example_latest_only_with_trigger.py
[2024-11-01T18:19:10.024+0000] {logging_mixin.py:150} INFO - [2024-11-01T18:19:10.023+0000] {dag.py:2742} INFO - Sync 1 DAGs
[2024-11-01T18:19:10.135+0000] {logging_mixin.py:150} INFO - [2024-11-01T18:19:10.135+0000] {dag.py:3508} INFO - Setting next_dagrun for latest_only_with_trigger to 2024-11-01T14:19:10.135190+00:00, run_after=2024-11-01T18:19:10.135190+00:00
[2024-11-01T18:19:10.416+0000] {processor.py:179} INFO - Processing /home/airflow/.local/lib/python3.7/site-packages/airflow/example_dags/example_latest_only_with_trigger.py took 0.579 seconds
[2024-11-01T18:19:54.180+0000] {processor.py:157} INFO - Started process (PID=552) to work on /home/airflow/.local/lib/python3.7/site-packages/airflow/example_dags/example_latest_only_with_trigger.py
[2024-11-01T18:19:54.222+0000] {processor.py:826} INFO - Processing file /home/airflow/.local/lib/python3.7/site-packages/airflow/example_dags/example_latest_only_with_trigger.py for tasks to queue
[2024-11-01T18:19:54.242+0000] {logging_mixin.py:150} INFO - [2024-11-01T18:19:54.237+0000] {dagbag.py:541} INFO - Filling up the DagBag from /home/airflow/.local/lib/python3.7/site-packages/airflow/example_dags/example_latest_only_with_trigger.py
[2024-11-01T18:19:54.755+0000] {processor.py:836} INFO - DAG(s) dict_keys(['latest_only_with_trigger']) retrieved from /home/airflow/.local/lib/python3.7/site-packages/airflow/example_dags/example_latest_only_with_trigger.py
[2024-11-01T18:19:55.769+0000] {logging_mixin.py:150} INFO - [2024-11-01T18:19:55.752+0000] {dag.py:2742} INFO - Sync 1 DAGs
[2024-11-01T18:19:56.593+0000] {logging_mixin.py:150} INFO - [2024-11-01T18:19:56.591+0000] {dag.py:3508} INFO - Setting next_dagrun for latest_only_with_trigger to 2024-11-01T14:19:56.587405+00:00, run_after=2024-11-01T18:19:56.587405+00:00
[2024-11-01T18:19:56.832+0000] {processor.py:179} INFO - Processing /home/airflow/.local/lib/python3.7/site-packages/airflow/example_dags/example_latest_only_with_trigger.py took 3.101 seconds
[2024-11-01T18:20:38.055+0000] {processor.py:157} INFO - Started process (PID=622) to work on /home/airflow/.local/lib/python3.7/site-packages/airflow/example_dags/example_latest_only_with_trigger.py
[2024-11-01T18:20:38.057+0000] {processor.py:826} INFO - Processing file /home/airflow/.local/lib/python3.7/site-packages/airflow/example_dags/example_latest_only_with_trigger.py for tasks to queue
[2024-11-01T18:20:38.060+0000] {logging_mixin.py:150} INFO - [2024-11-01T18:20:38.058+0000] {dagbag.py:541} INFO - Filling up the DagBag from /home/airflow/.local/lib/python3.7/site-packages/airflow/example_dags/example_latest_only_with_trigger.py
[2024-11-01T18:20:38.113+0000] {processor.py:836} INFO - DAG(s) dict_keys(['latest_only_with_trigger']) retrieved from /home/airflow/.local/lib/python3.7/site-packages/airflow/example_dags/example_latest_only_with_trigger.py
[2024-11-01T18:20:38.280+0000] {logging_mixin.py:150} INFO - [2024-11-01T18:20:38.280+0000] {dag.py:2742} INFO - Sync 1 DAGs
[2024-11-01T18:20:38.391+0000] {logging_mixin.py:150} INFO - [2024-11-01T18:20:38.390+0000] {dag.py:3508} INFO - Setting next_dagrun for latest_only_with_trigger to 2024-11-01T14:20:38.387247+00:00, run_after=2024-11-01T18:20:38.387247+00:00
[2024-11-01T18:20:38.467+0000] {processor.py:179} INFO - Processing /home/airflow/.local/lib/python3.7/site-packages/airflow/example_dags/example_latest_only_with_trigger.py took 0.439 seconds
[2024-11-01T18:23:07.739+0000] {processor.py:157} INFO - Started process (PID=712) to work on /home/airflow/.local/lib/python3.7/site-packages/airflow/example_dags/example_latest_only_with_trigger.py
[2024-11-01T18:23:07.925+0000] {processor.py:826} INFO - Processing file /home/airflow/.local/lib/python3.7/site-packages/airflow/example_dags/example_latest_only_with_trigger.py for tasks to queue
[2024-11-01T18:23:08.173+0000] {logging_mixin.py:150} INFO - [2024-11-01T18:23:08.134+0000] {dagbag.py:541} INFO - Filling up the DagBag from /home/airflow/.local/lib/python3.7/site-packages/airflow/example_dags/example_latest_only_with_trigger.py
[2024-11-01T18:23:09.806+0000] {processor.py:836} INFO - DAG(s) dict_keys(['latest_only_with_trigger']) retrieved from /home/airflow/.local/lib/python3.7/site-packages/airflow/example_dags/example_latest_only_with_trigger.py
[2024-11-01T18:23:16.410+0000] {logging_mixin.py:150} INFO - [2024-11-01T18:23:16.401+0000] {dag.py:2742} INFO - Sync 1 DAGs
[2024-11-01T18:23:20.325+0000] {logging_mixin.py:150} INFO - [2024-11-01T18:23:20.324+0000] {dag.py:3508} INFO - Setting next_dagrun for latest_only_with_trigger to 2024-11-01T14:23:20.277726+00:00, run_after=2024-11-01T18:23:20.277726+00:00
[2024-11-01T18:23:24.428+0000] {processor.py:179} INFO - Processing /home/airflow/.local/lib/python3.7/site-packages/airflow/example_dags/example_latest_only_with_trigger.py took 19.420 seconds
[2024-11-01T18:24:19.097+0000] {processor.py:157} INFO - Started process (PID=767) to work on /home/airflow/.local/lib/python3.7/site-packages/airflow/example_dags/example_latest_only_with_trigger.py
[2024-11-01T18:24:19.101+0000] {processor.py:826} INFO - Processing file /home/airflow/.local/lib/python3.7/site-packages/airflow/example_dags/example_latest_only_with_trigger.py for tasks to queue
[2024-11-01T18:24:19.103+0000] {logging_mixin.py:150} INFO - [2024-11-01T18:24:19.102+0000] {dagbag.py:541} INFO - Filling up the DagBag from /home/airflow/.local/lib/python3.7/site-packages/airflow/example_dags/example_latest_only_with_trigger.py
[2024-11-01T18:24:19.125+0000] {processor.py:836} INFO - DAG(s) dict_keys(['latest_only_with_trigger']) retrieved from /home/airflow/.local/lib/python3.7/site-packages/airflow/example_dags/example_latest_only_with_trigger.py
[2024-11-01T18:24:19.208+0000] {logging_mixin.py:150} INFO - [2024-11-01T18:24:19.208+0000] {dag.py:2742} INFO - Sync 1 DAGs
[2024-11-01T18:24:19.324+0000] {logging_mixin.py:150} INFO - [2024-11-01T18:24:19.323+0000] {dag.py:3508} INFO - Setting next_dagrun for latest_only_with_trigger to 2024-11-01T14:24:19.321840+00:00, run_after=2024-11-01T18:24:19.321840+00:00
[2024-11-01T18:24:19.367+0000] {processor.py:179} INFO - Processing /home/airflow/.local/lib/python3.7/site-packages/airflow/example_dags/example_latest_only_with_trigger.py took 0.280 seconds
[2024-11-01T18:25:31.822+0000] {processor.py:157} INFO - Started process (PID=844) to work on /home/airflow/.local/lib/python3.7/site-packages/airflow/example_dags/example_latest_only_with_trigger.py
[2024-11-01T18:25:31.832+0000] {processor.py:826} INFO - Processing file /home/airflow/.local/lib/python3.7/site-packages/airflow/example_dags/example_latest_only_with_trigger.py for tasks to queue
[2024-11-01T18:25:31.839+0000] {logging_mixin.py:150} INFO - [2024-11-01T18:25:31.836+0000] {dagbag.py:541} INFO - Filling up the DagBag from /home/airflow/.local/lib/python3.7/site-packages/airflow/example_dags/example_latest_only_with_trigger.py
[2024-11-01T18:25:31.852+0000] {processor.py:836} INFO - DAG(s) dict_keys(['latest_only_with_trigger']) retrieved from /home/airflow/.local/lib/python3.7/site-packages/airflow/example_dags/example_latest_only_with_trigger.py
[2024-11-01T18:25:31.942+0000] {logging_mixin.py:150} INFO - [2024-11-01T18:25:31.941+0000] {dag.py:2742} INFO - Sync 1 DAGs
[2024-11-01T18:25:32.056+0000] {logging_mixin.py:150} INFO - [2024-11-01T18:25:32.056+0000] {dag.py:3508} INFO - Setting next_dagrun for latest_only_with_trigger to 2024-11-01T14:25:32.055727+00:00, run_after=2024-11-01T18:25:32.055727+00:00
[2024-11-01T18:25:33.986+0000] {processor.py:179} INFO - Processing /home/airflow/.local/lib/python3.7/site-packages/airflow/example_dags/example_latest_only_with_trigger.py took 2.177 seconds
[2024-11-01T18:26:08.236+0000] {processor.py:157} INFO - Started process (PID=905) to work on /home/airflow/.local/lib/python3.7/site-packages/airflow/example_dags/example_latest_only_with_trigger.py
[2024-11-01T18:26:08.249+0000] {processor.py:826} INFO - Processing file /home/airflow/.local/lib/python3.7/site-packages/airflow/example_dags/example_latest_only_with_trigger.py for tasks to queue
[2024-11-01T18:26:08.257+0000] {logging_mixin.py:150} INFO - [2024-11-01T18:26:08.253+0000] {dagbag.py:541} INFO - Filling up the DagBag from /home/airflow/.local/lib/python3.7/site-packages/airflow/example_dags/example_latest_only_with_trigger.py
[2024-11-01T18:26:08.309+0000] {processor.py:836} INFO - DAG(s) dict_keys(['latest_only_with_trigger']) retrieved from /home/airflow/.local/lib/python3.7/site-packages/airflow/example_dags/example_latest_only_with_trigger.py
[2024-11-01T18:26:08.793+0000] {logging_mixin.py:150} INFO - [2024-11-01T18:26:08.793+0000] {dag.py:2742} INFO - Sync 1 DAGs
[2024-11-01T18:26:09.552+0000] {logging_mixin.py:150} INFO - [2024-11-01T18:26:09.552+0000] {dag.py:3508} INFO - Setting next_dagrun for latest_only_with_trigger to 2024-11-01T14:26:09.551754+00:00, run_after=2024-11-01T18:26:09.551754+00:00
[2024-11-01T18:26:11.776+0000] {processor.py:179} INFO - Processing /home/airflow/.local/lib/python3.7/site-packages/airflow/example_dags/example_latest_only_with_trigger.py took 3.552 seconds
[2024-11-01T18:26:41.974+0000] {processor.py:157} INFO - Started process (PID=967) to work on /home/airflow/.local/lib/python3.7/site-packages/airflow/example_dags/example_latest_only_with_trigger.py
[2024-11-01T18:26:41.975+0000] {processor.py:826} INFO - Processing file /home/airflow/.local/lib/python3.7/site-packages/airflow/example_dags/example_latest_only_with_trigger.py for tasks to queue
[2024-11-01T18:26:41.975+0000] {logging_mixin.py:150} INFO - [2024-11-01T18:26:41.975+0000] {dagbag.py:541} INFO - Filling up the DagBag from /home/airflow/.local/lib/python3.7/site-packages/airflow/example_dags/example_latest_only_with_trigger.py
[2024-11-01T18:26:41.984+0000] {processor.py:836} INFO - DAG(s) dict_keys(['latest_only_with_trigger']) retrieved from /home/airflow/.local/lib/python3.7/site-packages/airflow/example_dags/example_latest_only_with_trigger.py
[2024-11-01T18:26:42.008+0000] {logging_mixin.py:150} INFO - [2024-11-01T18:26:42.008+0000] {dag.py:2742} INFO - Sync 1 DAGs
[2024-11-01T18:26:42.034+0000] {logging_mixin.py:150} INFO - [2024-11-01T18:26:42.034+0000] {dag.py:3508} INFO - Setting next_dagrun for latest_only_with_trigger to 2024-11-01T14:26:42.034648+00:00, run_after=2024-11-01T18:26:42.034648+00:00
[2024-11-01T18:26:42.049+0000] {processor.py:179} INFO - Processing /home/airflow/.local/lib/python3.7/site-packages/airflow/example_dags/example_latest_only_with_trigger.py took 0.080 seconds
[2024-11-01T18:27:12.338+0000] {processor.py:157} INFO - Started process (PID=1029) to work on /home/airflow/.local/lib/python3.7/site-packages/airflow/example_dags/example_latest_only_with_trigger.py
[2024-11-01T18:27:12.340+0000] {processor.py:826} INFO - Processing file /home/airflow/.local/lib/python3.7/site-packages/airflow/example_dags/example_latest_only_with_trigger.py for tasks to queue
[2024-11-01T18:27:12.342+0000] {logging_mixin.py:150} INFO - [2024-11-01T18:27:12.342+0000] {dagbag.py:541} INFO - Filling up the DagBag from /home/airflow/.local/lib/python3.7/site-packages/airflow/example_dags/example_latest_only_with_trigger.py
[2024-11-01T18:27:12.357+0000] {processor.py:836} INFO - DAG(s) dict_keys(['latest_only_with_trigger']) retrieved from /home/airflow/.local/lib/python3.7/site-packages/airflow/example_dags/example_latest_only_with_trigger.py
[2024-11-01T18:27:12.414+0000] {logging_mixin.py:150} INFO - [2024-11-01T18:27:12.414+0000] {dag.py:2742} INFO - Sync 1 DAGs
[2024-11-01T18:27:12.473+0000] {logging_mixin.py:150} INFO - [2024-11-01T18:27:12.473+0000] {dag.py:3508} INFO - Setting next_dagrun for latest_only_with_trigger to 2024-11-01T14:27:12.472760+00:00, run_after=2024-11-01T18:27:12.472760+00:00
[2024-11-01T18:27:12.496+0000] {processor.py:179} INFO - Processing /home/airflow/.local/lib/python3.7/site-packages/airflow/example_dags/example_latest_only_with_trigger.py took 0.163 seconds
[2024-11-01T18:27:42.578+0000] {processor.py:157} INFO - Started process (PID=1091) to work on /home/airflow/.local/lib/python3.7/site-packages/airflow/example_dags/example_latest_only_with_trigger.py
[2024-11-01T18:27:42.579+0000] {processor.py:826} INFO - Processing file /home/airflow/.local/lib/python3.7/site-packages/airflow/example_dags/example_latest_only_with_trigger.py for tasks to queue
[2024-11-01T18:27:42.580+0000] {logging_mixin.py:150} INFO - [2024-11-01T18:27:42.580+0000] {dagbag.py:541} INFO - Filling up the DagBag from /home/airflow/.local/lib/python3.7/site-packages/airflow/example_dags/example_latest_only_with_trigger.py
[2024-11-01T18:27:42.587+0000] {processor.py:836} INFO - DAG(s) dict_keys(['latest_only_with_trigger']) retrieved from /home/airflow/.local/lib/python3.7/site-packages/airflow/example_dags/example_latest_only_with_trigger.py
[2024-11-01T18:27:42.633+0000] {logging_mixin.py:150} INFO - [2024-11-01T18:27:42.633+0000] {dag.py:2742} INFO - Sync 1 DAGs
[2024-11-01T18:27:42.658+0000] {logging_mixin.py:150} INFO - [2024-11-01T18:27:42.658+0000] {dag.py:3508} INFO - Setting next_dagrun for latest_only_with_trigger to 2024-11-01T14:27:42.657905+00:00, run_after=2024-11-01T18:27:42.657905+00:00
[2024-11-01T18:27:42.677+0000] {processor.py:179} INFO - Processing /home/airflow/.local/lib/python3.7/site-packages/airflow/example_dags/example_latest_only_with_trigger.py took 0.104 seconds
[2024-11-01T18:30:48.010+0000] {processor.py:157} INFO - Started process (PID=1135) to work on /home/airflow/.local/lib/python3.7/site-packages/airflow/example_dags/example_latest_only_with_trigger.py
[2024-11-01T18:30:48.011+0000] {processor.py:826} INFO - Processing file /home/airflow/.local/lib/python3.7/site-packages/airflow/example_dags/example_latest_only_with_trigger.py for tasks to queue
[2024-11-01T18:30:48.011+0000] {logging_mixin.py:150} INFO - [2024-11-01T18:30:48.011+0000] {dagbag.py:541} INFO - Filling up the DagBag from /home/airflow/.local/lib/python3.7/site-packages/airflow/example_dags/example_latest_only_with_trigger.py
[2024-11-01T18:30:48.015+0000] {processor.py:836} INFO - DAG(s) dict_keys(['latest_only_with_trigger']) retrieved from /home/airflow/.local/lib/python3.7/site-packages/airflow/example_dags/example_latest_only_with_trigger.py
[2024-11-01T18:30:48.027+0000] {logging_mixin.py:150} INFO - [2024-11-01T18:30:48.027+0000] {dag.py:2742} INFO - Sync 1 DAGs
[2024-11-01T18:30:48.039+0000] {logging_mixin.py:150} INFO - [2024-11-01T18:30:48.039+0000] {dag.py:3508} INFO - Setting next_dagrun for latest_only_with_trigger to 2024-11-01T14:30:48.039370+00:00, run_after=2024-11-01T18:30:48.039370+00:00
[2024-11-01T18:30:48.046+0000] {processor.py:179} INFO - Processing /home/airflow/.local/lib/python3.7/site-packages/airflow/example_dags/example_latest_only_with_trigger.py took 0.038 seconds
[2024-11-01T18:31:18.353+0000] {processor.py:157} INFO - Started process (PID=1197) to work on /home/airflow/.local/lib/python3.7/site-packages/airflow/example_dags/example_latest_only_with_trigger.py
[2024-11-01T18:31:18.354+0000] {processor.py:826} INFO - Processing file /home/airflow/.local/lib/python3.7/site-packages/airflow/example_dags/example_latest_only_with_trigger.py for tasks to queue
[2024-11-01T18:31:18.354+0000] {logging_mixin.py:150} INFO - [2024-11-01T18:31:18.354+0000] {dagbag.py:541} INFO - Filling up the DagBag from /home/airflow/.local/lib/python3.7/site-packages/airflow/example_dags/example_latest_only_with_trigger.py
[2024-11-01T18:31:18.358+0000] {processor.py:836} INFO - DAG(s) dict_keys(['latest_only_with_trigger']) retrieved from /home/airflow/.local/lib/python3.7/site-packages/airflow/example_dags/example_latest_only_with_trigger.py
[2024-11-01T18:31:18.372+0000] {logging_mixin.py:150} INFO - [2024-11-01T18:31:18.372+0000] {dag.py:2742} INFO - Sync 1 DAGs
[2024-11-01T18:31:18.387+0000] {logging_mixin.py:150} INFO - [2024-11-01T18:31:18.387+0000] {dag.py:3508} INFO - Setting next_dagrun for latest_only_with_trigger to 2024-11-01T14:31:18.386892+00:00, run_after=2024-11-01T18:31:18.386892+00:00
[2024-11-01T18:31:18.401+0000] {processor.py:179} INFO - Processing /home/airflow/.local/lib/python3.7/site-packages/airflow/example_dags/example_latest_only_with_trigger.py took 0.049 seconds
[2024-11-01T18:31:48.850+0000] {processor.py:157} INFO - Started process (PID=1259) to work on /home/airflow/.local/lib/python3.7/site-packages/airflow/example_dags/example_latest_only_with_trigger.py
[2024-11-01T18:31:48.850+0000] {processor.py:826} INFO - Processing file /home/airflow/.local/lib/python3.7/site-packages/airflow/example_dags/example_latest_only_with_trigger.py for tasks to queue
[2024-11-01T18:31:48.851+0000] {logging_mixin.py:150} INFO - [2024-11-01T18:31:48.851+0000] {dagbag.py:541} INFO - Filling up the DagBag from /home/airflow/.local/lib/python3.7/site-packages/airflow/example_dags/example_latest_only_with_trigger.py
[2024-11-01T18:31:48.854+0000] {processor.py:836} INFO - DAG(s) dict_keys(['latest_only_with_trigger']) retrieved from /home/airflow/.local/lib/python3.7/site-packages/airflow/example_dags/example_latest_only_with_trigger.py
[2024-11-01T18:31:48.864+0000] {logging_mixin.py:150} INFO - [2024-11-01T18:31:48.864+0000] {dag.py:2742} INFO - Sync 1 DAGs
[2024-11-01T18:31:48.876+0000] {logging_mixin.py:150} INFO - [2024-11-01T18:31:48.876+0000] {dag.py:3508} INFO - Setting next_dagrun for latest_only_with_trigger to 2024-11-01T14:31:48.876011+00:00, run_after=2024-11-01T18:31:48.876011+00:00
[2024-11-01T18:31:48.891+0000] {processor.py:179} INFO - Processing /home/airflow/.local/lib/python3.7/site-packages/airflow/example_dags/example_latest_only_with_trigger.py took 0.043 seconds
[2024-11-01T18:32:19.177+0000] {processor.py:157} INFO - Started process (PID=1321) to work on /home/airflow/.local/lib/python3.7/site-packages/airflow/example_dags/example_latest_only_with_trigger.py
[2024-11-01T18:32:19.179+0000] {processor.py:826} INFO - Processing file /home/airflow/.local/lib/python3.7/site-packages/airflow/example_dags/example_latest_only_with_trigger.py for tasks to queue
[2024-11-01T18:32:19.179+0000] {logging_mixin.py:150} INFO - [2024-11-01T18:32:19.179+0000] {dagbag.py:541} INFO - Filling up the DagBag from /home/airflow/.local/lib/python3.7/site-packages/airflow/example_dags/example_latest_only_with_trigger.py
[2024-11-01T18:32:19.183+0000] {processor.py:836} INFO - DAG(s) dict_keys(['latest_only_with_trigger']) retrieved from /home/airflow/.local/lib/python3.7/site-packages/airflow/example_dags/example_latest_only_with_trigger.py
[2024-11-01T18:32:19.198+0000] {logging_mixin.py:150} INFO - [2024-11-01T18:32:19.198+0000] {dag.py:2742} INFO - Sync 1 DAGs
[2024-11-01T18:32:19.212+0000] {logging_mixin.py:150} INFO - [2024-11-01T18:32:19.212+0000] {dag.py:3508} INFO - Setting next_dagrun for latest_only_with_trigger to 2024-11-01T14:32:19.212162+00:00, run_after=2024-11-01T18:32:19.212162+00:00
[2024-11-01T18:32:19.221+0000] {processor.py:179} INFO - Processing /home/airflow/.local/lib/python3.7/site-packages/airflow/example_dags/example_latest_only_with_trigger.py took 0.045 seconds
[2024-11-01T18:32:49.954+0000] {processor.py:157} INFO - Started process (PID=1382) to work on /home/airflow/.local/lib/python3.7/site-packages/airflow/example_dags/example_latest_only_with_trigger.py
[2024-11-01T18:32:49.955+0000] {processor.py:826} INFO - Processing file /home/airflow/.local/lib/python3.7/site-packages/airflow/example_dags/example_latest_only_with_trigger.py for tasks to queue
[2024-11-01T18:32:49.955+0000] {logging_mixin.py:150} INFO - [2024-11-01T18:32:49.955+0000] {dagbag.py:541} INFO - Filling up the DagBag from /home/airflow/.local/lib/python3.7/site-packages/airflow/example_dags/example_latest_only_with_trigger.py
[2024-11-01T18:32:49.960+0000] {processor.py:836} INFO - DAG(s) dict_keys(['latest_only_with_trigger']) retrieved from /home/airflow/.local/lib/python3.7/site-packages/airflow/example_dags/example_latest_only_with_trigger.py
[2024-11-01T18:32:49.974+0000] {logging_mixin.py:150} INFO - [2024-11-01T18:32:49.974+0000] {dag.py:2742} INFO - Sync 1 DAGs
[2024-11-01T18:32:49.996+0000] {logging_mixin.py:150} INFO - [2024-11-01T18:32:49.996+0000] {dag.py:3508} INFO - Setting next_dagrun for latest_only_with_trigger to 2024-11-01T14:32:49.996576+00:00, run_after=2024-11-01T18:32:49.996576+00:00
[2024-11-01T18:32:50.006+0000] {processor.py:179} INFO - Processing /home/airflow/.local/lib/python3.7/site-packages/airflow/example_dags/example_latest_only_with_trigger.py took 0.054 seconds
[2024-11-01T18:33:20.575+0000] {processor.py:157} INFO - Started process (PID=1444) to work on /home/airflow/.local/lib/python3.7/site-packages/airflow/example_dags/example_latest_only_with_trigger.py
[2024-11-01T18:33:20.577+0000] {processor.py:826} INFO - Processing file /home/airflow/.local/lib/python3.7/site-packages/airflow/example_dags/example_latest_only_with_trigger.py for tasks to queue
[2024-11-01T18:33:20.577+0000] {logging_mixin.py:150} INFO - [2024-11-01T18:33:20.577+0000] {dagbag.py:541} INFO - Filling up the DagBag from /home/airflow/.local/lib/python3.7/site-packages/airflow/example_dags/example_latest_only_with_trigger.py
[2024-11-01T18:33:20.584+0000] {processor.py:836} INFO - DAG(s) dict_keys(['latest_only_with_trigger']) retrieved from /home/airflow/.local/lib/python3.7/site-packages/airflow/example_dags/example_latest_only_with_trigger.py
[2024-11-01T18:33:20.601+0000] {logging_mixin.py:150} INFO - [2024-11-01T18:33:20.600+0000] {dag.py:2742} INFO - Sync 1 DAGs
[2024-11-01T18:33:20.613+0000] {logging_mixin.py:150} INFO - [2024-11-01T18:33:20.613+0000] {dag.py:3508} INFO - Setting next_dagrun for latest_only_with_trigger to 2024-11-01T14:33:20.613484+00:00, run_after=2024-11-01T18:33:20.613484+00:00
[2024-11-01T18:33:20.625+0000] {processor.py:179} INFO - Processing /home/airflow/.local/lib/python3.7/site-packages/airflow/example_dags/example_latest_only_with_trigger.py took 0.052 seconds
[2024-11-01T18:33:51.216+0000] {processor.py:157} INFO - Started process (PID=1506) to work on /home/airflow/.local/lib/python3.7/site-packages/airflow/example_dags/example_latest_only_with_trigger.py
[2024-11-01T18:33:51.225+0000] {processor.py:826} INFO - Processing file /home/airflow/.local/lib/python3.7/site-packages/airflow/example_dags/example_latest_only_with_trigger.py for tasks to queue
[2024-11-01T18:33:51.231+0000] {logging_mixin.py:150} INFO - [2024-11-01T18:33:51.231+0000] {dagbag.py:541} INFO - Filling up the DagBag from /home/airflow/.local/lib/python3.7/site-packages/airflow/example_dags/example_latest_only_with_trigger.py
[2024-11-01T18:33:51.240+0000] {processor.py:836} INFO - DAG(s) dict_keys(['latest_only_with_trigger']) retrieved from /home/airflow/.local/lib/python3.7/site-packages/airflow/example_dags/example_latest_only_with_trigger.py
[2024-11-01T18:33:51.275+0000] {logging_mixin.py:150} INFO - [2024-11-01T18:33:51.275+0000] {dag.py:2742} INFO - Sync 1 DAGs
[2024-11-01T18:33:51.311+0000] {logging_mixin.py:150} INFO - [2024-11-01T18:33:51.310+0000] {dag.py:3508} INFO - Setting next_dagrun for latest_only_with_trigger to 2024-11-01T14:33:51.310436+00:00, run_after=2024-11-01T18:33:51.310436+00:00
[2024-11-01T18:33:51.324+0000] {processor.py:179} INFO - Processing /home/airflow/.local/lib/python3.7/site-packages/airflow/example_dags/example_latest_only_with_trigger.py took 0.187 seconds
[2024-11-01T18:34:22.154+0000] {processor.py:157} INFO - Started process (PID=1568) to work on /home/airflow/.local/lib/python3.7/site-packages/airflow/example_dags/example_latest_only_with_trigger.py
[2024-11-01T18:34:22.154+0000] {processor.py:826} INFO - Processing file /home/airflow/.local/lib/python3.7/site-packages/airflow/example_dags/example_latest_only_with_trigger.py for tasks to queue
[2024-11-01T18:34:22.155+0000] {logging_mixin.py:150} INFO - [2024-11-01T18:34:22.154+0000] {dagbag.py:541} INFO - Filling up the DagBag from /home/airflow/.local/lib/python3.7/site-packages/airflow/example_dags/example_latest_only_with_trigger.py
[2024-11-01T18:34:22.161+0000] {processor.py:836} INFO - DAG(s) dict_keys(['latest_only_with_trigger']) retrieved from /home/airflow/.local/lib/python3.7/site-packages/airflow/example_dags/example_latest_only_with_trigger.py
[2024-11-01T18:34:22.186+0000] {logging_mixin.py:150} INFO - [2024-11-01T18:34:22.185+0000] {dag.py:2742} INFO - Sync 1 DAGs
[2024-11-01T18:34:22.206+0000] {logging_mixin.py:150} INFO - [2024-11-01T18:34:22.206+0000] {dag.py:3508} INFO - Setting next_dagrun for latest_only_with_trigger to 2024-11-01T14:34:22.206531+00:00, run_after=2024-11-01T18:34:22.206531+00:00
[2024-11-01T18:34:22.223+0000] {processor.py:179} INFO - Processing /home/airflow/.local/lib/python3.7/site-packages/airflow/example_dags/example_latest_only_with_trigger.py took 0.071 seconds
[2024-11-01T18:34:52.711+0000] {processor.py:157} INFO - Started process (PID=1630) to work on /home/airflow/.local/lib/python3.7/site-packages/airflow/example_dags/example_latest_only_with_trigger.py
[2024-11-01T18:34:52.712+0000] {processor.py:826} INFO - Processing file /home/airflow/.local/lib/python3.7/site-packages/airflow/example_dags/example_latest_only_with_trigger.py for tasks to queue
[2024-11-01T18:34:52.712+0000] {logging_mixin.py:150} INFO - [2024-11-01T18:34:52.712+0000] {dagbag.py:541} INFO - Filling up the DagBag from /home/airflow/.local/lib/python3.7/site-packages/airflow/example_dags/example_latest_only_with_trigger.py
[2024-11-01T18:34:52.716+0000] {processor.py:836} INFO - DAG(s) dict_keys(['latest_only_with_trigger']) retrieved from /home/airflow/.local/lib/python3.7/site-packages/airflow/example_dags/example_latest_only_with_trigger.py
[2024-11-01T18:34:52.728+0000] {logging_mixin.py:150} INFO - [2024-11-01T18:34:52.728+0000] {dag.py:2742} INFO - Sync 1 DAGs
[2024-11-01T18:34:52.741+0000] {logging_mixin.py:150} INFO - [2024-11-01T18:34:52.740+0000] {dag.py:3508} INFO - Setting next_dagrun for latest_only_with_trigger to 2024-11-01T14:34:52.740783+00:00, run_after=2024-11-01T18:34:52.740783+00:00
[2024-11-01T18:34:52.749+0000] {processor.py:179} INFO - Processing /home/airflow/.local/lib/python3.7/site-packages/airflow/example_dags/example_latest_only_with_trigger.py took 0.040 seconds
[2024-11-01T18:35:23.309+0000] {processor.py:157} INFO - Started process (PID=1692) to work on /home/airflow/.local/lib/python3.7/site-packages/airflow/example_dags/example_latest_only_with_trigger.py
[2024-11-01T18:35:23.310+0000] {processor.py:826} INFO - Processing file /home/airflow/.local/lib/python3.7/site-packages/airflow/example_dags/example_latest_only_with_trigger.py for tasks to queue
[2024-11-01T18:35:23.310+0000] {logging_mixin.py:150} INFO - [2024-11-01T18:35:23.310+0000] {dagbag.py:541} INFO - Filling up the DagBag from /home/airflow/.local/lib/python3.7/site-packages/airflow/example_dags/example_latest_only_with_trigger.py
[2024-11-01T18:35:23.314+0000] {processor.py:836} INFO - DAG(s) dict_keys(['latest_only_with_trigger']) retrieved from /home/airflow/.local/lib/python3.7/site-packages/airflow/example_dags/example_latest_only_with_trigger.py
[2024-11-01T18:35:23.329+0000] {logging_mixin.py:150} INFO - [2024-11-01T18:35:23.329+0000] {dag.py:2742} INFO - Sync 1 DAGs
[2024-11-01T18:35:23.345+0000] {logging_mixin.py:150} INFO - [2024-11-01T18:35:23.345+0000] {dag.py:3508} INFO - Setting next_dagrun for latest_only_with_trigger to 2024-11-01T14:35:23.345460+00:00, run_after=2024-11-01T18:35:23.345460+00:00
[2024-11-01T18:35:23.358+0000] {processor.py:179} INFO - Processing /home/airflow/.local/lib/python3.7/site-packages/airflow/example_dags/example_latest_only_with_trigger.py took 0.051 seconds
[2024-11-01T18:35:54.635+0000] {processor.py:157} INFO - Started process (PID=1754) to work on /home/airflow/.local/lib/python3.7/site-packages/airflow/example_dags/example_latest_only_with_trigger.py
[2024-11-01T18:35:54.636+0000] {processor.py:826} INFO - Processing file /home/airflow/.local/lib/python3.7/site-packages/airflow/example_dags/example_latest_only_with_trigger.py for tasks to queue
[2024-11-01T18:35:54.638+0000] {logging_mixin.py:150} INFO - [2024-11-01T18:35:54.637+0000] {dagbag.py:541} INFO - Filling up the DagBag from /home/airflow/.local/lib/python3.7/site-packages/airflow/example_dags/example_latest_only_with_trigger.py
[2024-11-01T18:35:54.651+0000] {processor.py:836} INFO - DAG(s) dict_keys(['latest_only_with_trigger']) retrieved from /home/airflow/.local/lib/python3.7/site-packages/airflow/example_dags/example_latest_only_with_trigger.py
[2024-11-01T18:35:54.675+0000] {logging_mixin.py:150} INFO - [2024-11-01T18:35:54.675+0000] {dag.py:2742} INFO - Sync 1 DAGs
[2024-11-01T18:35:54.693+0000] {logging_mixin.py:150} INFO - [2024-11-01T18:35:54.692+0000] {dag.py:3508} INFO - Setting next_dagrun for latest_only_with_trigger to 2024-11-01T14:35:54.692452+00:00, run_after=2024-11-01T18:35:54.692452+00:00
[2024-11-01T18:35:54.726+0000] {processor.py:179} INFO - Processing /home/airflow/.local/lib/python3.7/site-packages/airflow/example_dags/example_latest_only_with_trigger.py took 0.096 seconds
[2024-11-01T18:36:25.975+0000] {processor.py:157} INFO - Started process (PID=1816) to work on /home/airflow/.local/lib/python3.7/site-packages/airflow/example_dags/example_latest_only_with_trigger.py
[2024-11-01T18:36:25.987+0000] {processor.py:826} INFO - Processing file /home/airflow/.local/lib/python3.7/site-packages/airflow/example_dags/example_latest_only_with_trigger.py for tasks to queue
[2024-11-01T18:36:25.989+0000] {logging_mixin.py:150} INFO - [2024-11-01T18:36:25.988+0000] {dagbag.py:541} INFO - Filling up the DagBag from /home/airflow/.local/lib/python3.7/site-packages/airflow/example_dags/example_latest_only_with_trigger.py
[2024-11-01T18:36:25.994+0000] {processor.py:836} INFO - DAG(s) dict_keys(['latest_only_with_trigger']) retrieved from /home/airflow/.local/lib/python3.7/site-packages/airflow/example_dags/example_latest_only_with_trigger.py
[2024-11-01T18:36:26.007+0000] {logging_mixin.py:150} INFO - [2024-11-01T18:36:26.007+0000] {dag.py:2742} INFO - Sync 1 DAGs
[2024-11-01T18:36:26.020+0000] {logging_mixin.py:150} INFO - [2024-11-01T18:36:26.020+0000] {dag.py:3508} INFO - Setting next_dagrun for latest_only_with_trigger to 2024-11-01T14:36:26.020450+00:00, run_after=2024-11-01T18:36:26.020450+00:00
[2024-11-01T18:36:26.029+0000] {processor.py:179} INFO - Processing /home/airflow/.local/lib/python3.7/site-packages/airflow/example_dags/example_latest_only_with_trigger.py took 0.088 seconds
[2024-11-01T18:36:56.555+0000] {processor.py:157} INFO - Started process (PID=1878) to work on /home/airflow/.local/lib/python3.7/site-packages/airflow/example_dags/example_latest_only_with_trigger.py
[2024-11-01T18:36:56.556+0000] {processor.py:826} INFO - Processing file /home/airflow/.local/lib/python3.7/site-packages/airflow/example_dags/example_latest_only_with_trigger.py for tasks to queue
[2024-11-01T18:36:56.556+0000] {logging_mixin.py:150} INFO - [2024-11-01T18:36:56.556+0000] {dagbag.py:541} INFO - Filling up the DagBag from /home/airflow/.local/lib/python3.7/site-packages/airflow/example_dags/example_latest_only_with_trigger.py
[2024-11-01T18:36:56.560+0000] {processor.py:836} INFO - DAG(s) dict_keys(['latest_only_with_trigger']) retrieved from /home/airflow/.local/lib/python3.7/site-packages/airflow/example_dags/example_latest_only_with_trigger.py
[2024-11-01T18:36:56.573+0000] {logging_mixin.py:150} INFO - [2024-11-01T18:36:56.573+0000] {dag.py:2742} INFO - Sync 1 DAGs
[2024-11-01T18:36:56.588+0000] {logging_mixin.py:150} INFO - [2024-11-01T18:36:56.588+0000] {dag.py:3508} INFO - Setting next_dagrun for latest_only_with_trigger to 2024-11-01T14:36:56.587935+00:00, run_after=2024-11-01T18:36:56.587935+00:00
[2024-11-01T18:36:56.607+0000] {processor.py:179} INFO - Processing /home/airflow/.local/lib/python3.7/site-packages/airflow/example_dags/example_latest_only_with_trigger.py took 0.053 seconds
[2024-11-01T18:37:26.848+0000] {processor.py:157} INFO - Started process (PID=1939) to work on /home/airflow/.local/lib/python3.7/site-packages/airflow/example_dags/example_latest_only_with_trigger.py
[2024-11-01T18:37:26.849+0000] {processor.py:826} INFO - Processing file /home/airflow/.local/lib/python3.7/site-packages/airflow/example_dags/example_latest_only_with_trigger.py for tasks to queue
[2024-11-01T18:37:26.849+0000] {logging_mixin.py:150} INFO - [2024-11-01T18:37:26.849+0000] {dagbag.py:541} INFO - Filling up the DagBag from /home/airflow/.local/lib/python3.7/site-packages/airflow/example_dags/example_latest_only_with_trigger.py
[2024-11-01T18:37:26.852+0000] {processor.py:836} INFO - DAG(s) dict_keys(['latest_only_with_trigger']) retrieved from /home/airflow/.local/lib/python3.7/site-packages/airflow/example_dags/example_latest_only_with_trigger.py
[2024-11-01T18:37:26.871+0000] {logging_mixin.py:150} INFO - [2024-11-01T18:37:26.870+0000] {dag.py:2742} INFO - Sync 1 DAGs
[2024-11-01T18:37:26.886+0000] {logging_mixin.py:150} INFO - [2024-11-01T18:37:26.886+0000] {dag.py:3508} INFO - Setting next_dagrun for latest_only_with_trigger to 2024-11-01T14:37:26.885992+00:00, run_after=2024-11-01T18:37:26.885992+00:00
[2024-11-01T18:37:26.896+0000] {processor.py:179} INFO - Processing /home/airflow/.local/lib/python3.7/site-packages/airflow/example_dags/example_latest_only_with_trigger.py took 0.052 seconds
[2024-11-01T18:38:01.729+0000] {processor.py:157} INFO - Started process (PID=2001) to work on /home/airflow/.local/lib/python3.7/site-packages/airflow/example_dags/example_latest_only_with_trigger.py
[2024-11-01T18:38:01.734+0000] {processor.py:826} INFO - Processing file /home/airflow/.local/lib/python3.7/site-packages/airflow/example_dags/example_latest_only_with_trigger.py for tasks to queue
[2024-11-01T18:38:01.735+0000] {logging_mixin.py:150} INFO - [2024-11-01T18:38:01.735+0000] {dagbag.py:541} INFO - Filling up the DagBag from /home/airflow/.local/lib/python3.7/site-packages/airflow/example_dags/example_latest_only_with_trigger.py
[2024-11-01T18:38:01.744+0000] {processor.py:836} INFO - DAG(s) dict_keys(['latest_only_with_trigger']) retrieved from /home/airflow/.local/lib/python3.7/site-packages/airflow/example_dags/example_latest_only_with_trigger.py
[2024-11-01T18:38:01.812+0000] {logging_mixin.py:150} INFO - [2024-11-01T18:38:01.811+0000] {dag.py:2742} INFO - Sync 1 DAGs
[2024-11-01T18:38:01.862+0000] {logging_mixin.py:150} INFO - [2024-11-01T18:38:01.862+0000] {dag.py:3508} INFO - Setting next_dagrun for latest_only_with_trigger to 2024-11-01T14:38:01.861766+00:00, run_after=2024-11-01T18:38:01.861766+00:00
[2024-11-01T18:38:01.911+0000] {processor.py:179} INFO - Processing /home/airflow/.local/lib/python3.7/site-packages/airflow/example_dags/example_latest_only_with_trigger.py took 0.199 seconds
[2024-11-01T18:38:32.416+0000] {processor.py:157} INFO - Started process (PID=2063) to work on /home/airflow/.local/lib/python3.7/site-packages/airflow/example_dags/example_latest_only_with_trigger.py
[2024-11-01T18:38:32.418+0000] {processor.py:826} INFO - Processing file /home/airflow/.local/lib/python3.7/site-packages/airflow/example_dags/example_latest_only_with_trigger.py for tasks to queue
[2024-11-01T18:38:32.418+0000] {logging_mixin.py:150} INFO - [2024-11-01T18:38:32.418+0000] {dagbag.py:541} INFO - Filling up the DagBag from /home/airflow/.local/lib/python3.7/site-packages/airflow/example_dags/example_latest_only_with_trigger.py
[2024-11-01T18:38:32.421+0000] {processor.py:836} INFO - DAG(s) dict_keys(['latest_only_with_trigger']) retrieved from /home/airflow/.local/lib/python3.7/site-packages/airflow/example_dags/example_latest_only_with_trigger.py
[2024-11-01T18:38:32.444+0000] {logging_mixin.py:150} INFO - [2024-11-01T18:38:32.444+0000] {dag.py:2742} INFO - Sync 1 DAGs
[2024-11-01T18:38:32.460+0000] {logging_mixin.py:150} INFO - [2024-11-01T18:38:32.460+0000] {dag.py:3508} INFO - Setting next_dagrun for latest_only_with_trigger to 2024-11-01T14:38:32.460011+00:00, run_after=2024-11-01T18:38:32.460011+00:00
[2024-11-01T18:38:32.470+0000] {processor.py:179} INFO - Processing /home/airflow/.local/lib/python3.7/site-packages/airflow/example_dags/example_latest_only_with_trigger.py took 0.058 seconds
[2024-11-01T18:39:02.889+0000] {processor.py:157} INFO - Started process (PID=2125) to work on /home/airflow/.local/lib/python3.7/site-packages/airflow/example_dags/example_latest_only_with_trigger.py
[2024-11-01T18:39:02.890+0000] {processor.py:826} INFO - Processing file /home/airflow/.local/lib/python3.7/site-packages/airflow/example_dags/example_latest_only_with_trigger.py for tasks to queue
[2024-11-01T18:39:02.891+0000] {logging_mixin.py:150} INFO - [2024-11-01T18:39:02.891+0000] {dagbag.py:541} INFO - Filling up the DagBag from /home/airflow/.local/lib/python3.7/site-packages/airflow/example_dags/example_latest_only_with_trigger.py
[2024-11-01T18:39:02.896+0000] {processor.py:836} INFO - DAG(s) dict_keys(['latest_only_with_trigger']) retrieved from /home/airflow/.local/lib/python3.7/site-packages/airflow/example_dags/example_latest_only_with_trigger.py
[2024-11-01T18:39:02.912+0000] {logging_mixin.py:150} INFO - [2024-11-01T18:39:02.912+0000] {dag.py:2742} INFO - Sync 1 DAGs
[2024-11-01T18:39:02.928+0000] {logging_mixin.py:150} INFO - [2024-11-01T18:39:02.928+0000] {dag.py:3508} INFO - Setting next_dagrun for latest_only_with_trigger to 2024-11-01T14:39:02.927377+00:00, run_after=2024-11-01T18:39:02.927377+00:00
[2024-11-01T18:39:02.940+0000] {processor.py:179} INFO - Processing /home/airflow/.local/lib/python3.7/site-packages/airflow/example_dags/example_latest_only_with_trigger.py took 0.053 seconds
[2024-11-01T18:39:33.667+0000] {processor.py:157} INFO - Started process (PID=2186) to work on /home/airflow/.local/lib/python3.7/site-packages/airflow/example_dags/example_latest_only_with_trigger.py
[2024-11-01T18:39:33.669+0000] {processor.py:826} INFO - Processing file /home/airflow/.local/lib/python3.7/site-packages/airflow/example_dags/example_latest_only_with_trigger.py for tasks to queue
[2024-11-01T18:39:33.669+0000] {logging_mixin.py:150} INFO - [2024-11-01T18:39:33.669+0000] {dagbag.py:541} INFO - Filling up the DagBag from /home/airflow/.local/lib/python3.7/site-packages/airflow/example_dags/example_latest_only_with_trigger.py
[2024-11-01T18:39:33.673+0000] {processor.py:836} INFO - DAG(s) dict_keys(['latest_only_with_trigger']) retrieved from /home/airflow/.local/lib/python3.7/site-packages/airflow/example_dags/example_latest_only_with_trigger.py
[2024-11-01T18:39:33.688+0000] {logging_mixin.py:150} INFO - [2024-11-01T18:39:33.688+0000] {dag.py:2742} INFO - Sync 1 DAGs
[2024-11-01T18:39:33.705+0000] {logging_mixin.py:150} INFO - [2024-11-01T18:39:33.705+0000] {dag.py:3508} INFO - Setting next_dagrun for latest_only_with_trigger to 2024-11-01T14:39:33.705475+00:00, run_after=2024-11-01T18:39:33.705475+00:00
[2024-11-01T18:39:33.717+0000] {processor.py:179} INFO - Processing /home/airflow/.local/lib/python3.7/site-packages/airflow/example_dags/example_latest_only_with_trigger.py took 0.051 seconds
[2024-11-01T18:40:03.976+0000] {processor.py:157} INFO - Started process (PID=2248) to work on /home/airflow/.local/lib/python3.7/site-packages/airflow/example_dags/example_latest_only_with_trigger.py
[2024-11-01T18:40:03.980+0000] {processor.py:826} INFO - Processing file /home/airflow/.local/lib/python3.7/site-packages/airflow/example_dags/example_latest_only_with_trigger.py for tasks to queue
[2024-11-01T18:40:03.980+0000] {logging_mixin.py:150} INFO - [2024-11-01T18:40:03.980+0000] {dagbag.py:541} INFO - Filling up the DagBag from /home/airflow/.local/lib/python3.7/site-packages/airflow/example_dags/example_latest_only_with_trigger.py
[2024-11-01T18:40:03.984+0000] {processor.py:836} INFO - DAG(s) dict_keys(['latest_only_with_trigger']) retrieved from /home/airflow/.local/lib/python3.7/site-packages/airflow/example_dags/example_latest_only_with_trigger.py
[2024-11-01T18:40:04.004+0000] {logging_mixin.py:150} INFO - [2024-11-01T18:40:04.003+0000] {dag.py:2742} INFO - Sync 1 DAGs
[2024-11-01T18:40:04.018+0000] {logging_mixin.py:150} INFO - [2024-11-01T18:40:04.018+0000] {dag.py:3508} INFO - Setting next_dagrun for latest_only_with_trigger to 2024-11-01T14:40:04.018327+00:00, run_after=2024-11-01T18:40:04.018327+00:00
[2024-11-01T18:40:04.028+0000] {processor.py:179} INFO - Processing /home/airflow/.local/lib/python3.7/site-packages/airflow/example_dags/example_latest_only_with_trigger.py took 0.054 seconds
[2024-11-01T18:40:34.787+0000] {processor.py:157} INFO - Started process (PID=2310) to work on /home/airflow/.local/lib/python3.7/site-packages/airflow/example_dags/example_latest_only_with_trigger.py
[2024-11-01T18:40:34.789+0000] {processor.py:826} INFO - Processing file /home/airflow/.local/lib/python3.7/site-packages/airflow/example_dags/example_latest_only_with_trigger.py for tasks to queue
[2024-11-01T18:40:34.790+0000] {logging_mixin.py:150} INFO - [2024-11-01T18:40:34.790+0000] {dagbag.py:541} INFO - Filling up the DagBag from /home/airflow/.local/lib/python3.7/site-packages/airflow/example_dags/example_latest_only_with_trigger.py
[2024-11-01T18:40:34.799+0000] {processor.py:836} INFO - DAG(s) dict_keys(['latest_only_with_trigger']) retrieved from /home/airflow/.local/lib/python3.7/site-packages/airflow/example_dags/example_latest_only_with_trigger.py
[2024-11-01T18:40:34.818+0000] {logging_mixin.py:150} INFO - [2024-11-01T18:40:34.818+0000] {dag.py:2742} INFO - Sync 1 DAGs
[2024-11-01T18:40:34.832+0000] {logging_mixin.py:150} INFO - [2024-11-01T18:40:34.832+0000] {dag.py:3508} INFO - Setting next_dagrun for latest_only_with_trigger to 2024-11-01T14:40:34.832516+00:00, run_after=2024-11-01T18:40:34.832516+00:00
[2024-11-01T18:40:34.841+0000] {processor.py:179} INFO - Processing /home/airflow/.local/lib/python3.7/site-packages/airflow/example_dags/example_latest_only_with_trigger.py took 0.057 seconds
[2024-11-01T18:41:05.227+0000] {processor.py:157} INFO - Started process (PID=2372) to work on /home/airflow/.local/lib/python3.7/site-packages/airflow/example_dags/example_latest_only_with_trigger.py
[2024-11-01T18:41:05.228+0000] {processor.py:826} INFO - Processing file /home/airflow/.local/lib/python3.7/site-packages/airflow/example_dags/example_latest_only_with_trigger.py for tasks to queue
[2024-11-01T18:41:05.228+0000] {logging_mixin.py:150} INFO - [2024-11-01T18:41:05.228+0000] {dagbag.py:541} INFO - Filling up the DagBag from /home/airflow/.local/lib/python3.7/site-packages/airflow/example_dags/example_latest_only_with_trigger.py
[2024-11-01T18:41:05.234+0000] {processor.py:836} INFO - DAG(s) dict_keys(['latest_only_with_trigger']) retrieved from /home/airflow/.local/lib/python3.7/site-packages/airflow/example_dags/example_latest_only_with_trigger.py
[2024-11-01T18:41:05.270+0000] {logging_mixin.py:150} INFO - [2024-11-01T18:41:05.270+0000] {dag.py:2742} INFO - Sync 1 DAGs
[2024-11-01T18:41:05.286+0000] {logging_mixin.py:150} INFO - [2024-11-01T18:41:05.286+0000] {dag.py:3508} INFO - Setting next_dagrun for latest_only_with_trigger to 2024-11-01T14:41:05.286300+00:00, run_after=2024-11-01T18:41:05.286300+00:00
[2024-11-01T18:41:05.300+0000] {processor.py:179} INFO - Processing /home/airflow/.local/lib/python3.7/site-packages/airflow/example_dags/example_latest_only_with_trigger.py took 0.078 seconds
[2024-11-01T18:41:36.230+0000] {processor.py:157} INFO - Started process (PID=2434) to work on /home/airflow/.local/lib/python3.7/site-packages/airflow/example_dags/example_latest_only_with_trigger.py
[2024-11-01T18:41:36.232+0000] {processor.py:826} INFO - Processing file /home/airflow/.local/lib/python3.7/site-packages/airflow/example_dags/example_latest_only_with_trigger.py for tasks to queue
[2024-11-01T18:41:36.233+0000] {logging_mixin.py:150} INFO - [2024-11-01T18:41:36.232+0000] {dagbag.py:541} INFO - Filling up the DagBag from /home/airflow/.local/lib/python3.7/site-packages/airflow/example_dags/example_latest_only_with_trigger.py
[2024-11-01T18:41:36.242+0000] {processor.py:836} INFO - DAG(s) dict_keys(['latest_only_with_trigger']) retrieved from /home/airflow/.local/lib/python3.7/site-packages/airflow/example_dags/example_latest_only_with_trigger.py
[2024-11-01T18:41:36.256+0000] {logging_mixin.py:150} INFO - [2024-11-01T18:41:36.256+0000] {dag.py:2742} INFO - Sync 1 DAGs
[2024-11-01T18:41:36.270+0000] {logging_mixin.py:150} INFO - [2024-11-01T18:41:36.270+0000] {dag.py:3508} INFO - Setting next_dagrun for latest_only_with_trigger to 2024-11-01T14:41:36.270461+00:00, run_after=2024-11-01T18:41:36.270461+00:00
[2024-11-01T18:41:36.288+0000] {processor.py:179} INFO - Processing /home/airflow/.local/lib/python3.7/site-packages/airflow/example_dags/example_latest_only_with_trigger.py took 0.075 seconds
[2024-11-01T18:42:07.443+0000] {processor.py:157} INFO - Started process (PID=2496) to work on /home/airflow/.local/lib/python3.7/site-packages/airflow/example_dags/example_latest_only_with_trigger.py
[2024-11-01T18:42:07.449+0000] {processor.py:826} INFO - Processing file /home/airflow/.local/lib/python3.7/site-packages/airflow/example_dags/example_latest_only_with_trigger.py for tasks to queue
[2024-11-01T18:42:07.449+0000] {logging_mixin.py:150} INFO - [2024-11-01T18:42:07.449+0000] {dagbag.py:541} INFO - Filling up the DagBag from /home/airflow/.local/lib/python3.7/site-packages/airflow/example_dags/example_latest_only_with_trigger.py
[2024-11-01T18:42:07.453+0000] {processor.py:836} INFO - DAG(s) dict_keys(['latest_only_with_trigger']) retrieved from /home/airflow/.local/lib/python3.7/site-packages/airflow/example_dags/example_latest_only_with_trigger.py
[2024-11-01T18:42:07.476+0000] {logging_mixin.py:150} INFO - [2024-11-01T18:42:07.476+0000] {dag.py:2742} INFO - Sync 1 DAGs
[2024-11-01T18:42:07.489+0000] {logging_mixin.py:150} INFO - [2024-11-01T18:42:07.489+0000] {dag.py:3508} INFO - Setting next_dagrun for latest_only_with_trigger to 2024-11-01T14:42:07.489137+00:00, run_after=2024-11-01T18:42:07.489137+00:00
[2024-11-01T18:42:07.501+0000] {processor.py:179} INFO - Processing /home/airflow/.local/lib/python3.7/site-packages/airflow/example_dags/example_latest_only_with_trigger.py took 0.068 seconds
[2024-11-01T18:42:38.079+0000] {processor.py:157} INFO - Started process (PID=2558) to work on /home/airflow/.local/lib/python3.7/site-packages/airflow/example_dags/example_latest_only_with_trigger.py
[2024-11-01T18:42:38.081+0000] {processor.py:826} INFO - Processing file /home/airflow/.local/lib/python3.7/site-packages/airflow/example_dags/example_latest_only_with_trigger.py for tasks to queue
[2024-11-01T18:42:38.082+0000] {logging_mixin.py:150} INFO - [2024-11-01T18:42:38.082+0000] {dagbag.py:541} INFO - Filling up the DagBag from /home/airflow/.local/lib/python3.7/site-packages/airflow/example_dags/example_latest_only_with_trigger.py
[2024-11-01T18:42:38.088+0000] {processor.py:836} INFO - DAG(s) dict_keys(['latest_only_with_trigger']) retrieved from /home/airflow/.local/lib/python3.7/site-packages/airflow/example_dags/example_latest_only_with_trigger.py
[2024-11-01T18:42:38.116+0000] {logging_mixin.py:150} INFO - [2024-11-01T18:42:38.116+0000] {dag.py:2742} INFO - Sync 1 DAGs
[2024-11-01T18:42:38.146+0000] {logging_mixin.py:150} INFO - [2024-11-01T18:42:38.145+0000] {dag.py:3508} INFO - Setting next_dagrun for latest_only_with_trigger to 2024-11-01T14:42:38.145074+00:00, run_after=2024-11-01T18:42:38.145074+00:00
[2024-11-01T18:42:38.162+0000] {processor.py:179} INFO - Processing /home/airflow/.local/lib/python3.7/site-packages/airflow/example_dags/example_latest_only_with_trigger.py took 0.090 seconds
[2024-11-01T18:43:11.289+0000] {processor.py:157} INFO - Started process (PID=2611) to work on /home/airflow/.local/lib/python3.7/site-packages/airflow/example_dags/example_latest_only_with_trigger.py
[2024-11-01T18:43:11.294+0000] {processor.py:826} INFO - Processing file /home/airflow/.local/lib/python3.7/site-packages/airflow/example_dags/example_latest_only_with_trigger.py for tasks to queue
[2024-11-01T18:43:11.295+0000] {logging_mixin.py:150} INFO - [2024-11-01T18:43:11.294+0000] {dagbag.py:541} INFO - Filling up the DagBag from /home/airflow/.local/lib/python3.7/site-packages/airflow/example_dags/example_latest_only_with_trigger.py
[2024-11-01T18:43:11.304+0000] {processor.py:836} INFO - DAG(s) dict_keys(['latest_only_with_trigger']) retrieved from /home/airflow/.local/lib/python3.7/site-packages/airflow/example_dags/example_latest_only_with_trigger.py
[2024-11-01T18:43:11.330+0000] {logging_mixin.py:150} INFO - [2024-11-01T18:43:11.330+0000] {dag.py:2742} INFO - Sync 1 DAGs
[2024-11-01T18:43:11.360+0000] {logging_mixin.py:150} INFO - [2024-11-01T18:43:11.360+0000] {dag.py:3508} INFO - Setting next_dagrun for latest_only_with_trigger to 2024-11-01T14:43:11.359888+00:00, run_after=2024-11-01T18:43:11.359888+00:00
[2024-11-01T18:43:11.394+0000] {processor.py:179} INFO - Processing /home/airflow/.local/lib/python3.7/site-packages/airflow/example_dags/example_latest_only_with_trigger.py took 0.112 seconds
[2024-11-01T18:43:41.980+0000] {processor.py:157} INFO - Started process (PID=2680) to work on /home/airflow/.local/lib/python3.7/site-packages/airflow/example_dags/example_latest_only_with_trigger.py
[2024-11-01T18:43:41.983+0000] {processor.py:826} INFO - Processing file /home/airflow/.local/lib/python3.7/site-packages/airflow/example_dags/example_latest_only_with_trigger.py for tasks to queue
[2024-11-01T18:43:41.984+0000] {logging_mixin.py:150} INFO - [2024-11-01T18:43:41.983+0000] {dagbag.py:541} INFO - Filling up the DagBag from /home/airflow/.local/lib/python3.7/site-packages/airflow/example_dags/example_latest_only_with_trigger.py
[2024-11-01T18:43:41.988+0000] {processor.py:836} INFO - DAG(s) dict_keys(['latest_only_with_trigger']) retrieved from /home/airflow/.local/lib/python3.7/site-packages/airflow/example_dags/example_latest_only_with_trigger.py
[2024-11-01T18:43:42.001+0000] {logging_mixin.py:150} INFO - [2024-11-01T18:43:42.001+0000] {dag.py:2742} INFO - Sync 1 DAGs
[2024-11-01T18:43:42.021+0000] {logging_mixin.py:150} INFO - [2024-11-01T18:43:42.021+0000] {dag.py:3508} INFO - Setting next_dagrun for latest_only_with_trigger to 2024-11-01T14:43:42.021728+00:00, run_after=2024-11-01T18:43:42.021728+00:00
[2024-11-01T18:43:42.033+0000] {processor.py:179} INFO - Processing /home/airflow/.local/lib/python3.7/site-packages/airflow/example_dags/example_latest_only_with_trigger.py took 0.054 seconds
[2024-11-01T18:44:12.228+0000] {processor.py:157} INFO - Started process (PID=2742) to work on /home/airflow/.local/lib/python3.7/site-packages/airflow/example_dags/example_latest_only_with_trigger.py
[2024-11-01T18:44:12.230+0000] {processor.py:826} INFO - Processing file /home/airflow/.local/lib/python3.7/site-packages/airflow/example_dags/example_latest_only_with_trigger.py for tasks to queue
[2024-11-01T18:44:12.231+0000] {logging_mixin.py:150} INFO - [2024-11-01T18:44:12.231+0000] {dagbag.py:541} INFO - Filling up the DagBag from /home/airflow/.local/lib/python3.7/site-packages/airflow/example_dags/example_latest_only_with_trigger.py
[2024-11-01T18:44:12.236+0000] {processor.py:836} INFO - DAG(s) dict_keys(['latest_only_with_trigger']) retrieved from /home/airflow/.local/lib/python3.7/site-packages/airflow/example_dags/example_latest_only_with_trigger.py
[2024-11-01T18:44:12.251+0000] {logging_mixin.py:150} INFO - [2024-11-01T18:44:12.251+0000] {dag.py:2742} INFO - Sync 1 DAGs
[2024-11-01T18:44:12.268+0000] {logging_mixin.py:150} INFO - [2024-11-01T18:44:12.268+0000] {dag.py:3508} INFO - Setting next_dagrun for latest_only_with_trigger to 2024-11-01T14:44:12.268420+00:00, run_after=2024-11-01T18:44:12.268420+00:00
[2024-11-01T18:44:12.279+0000] {processor.py:179} INFO - Processing /home/airflow/.local/lib/python3.7/site-packages/airflow/example_dags/example_latest_only_with_trigger.py took 0.054 seconds
[2024-11-01T18:44:42.472+0000] {processor.py:157} INFO - Started process (PID=2804) to work on /home/airflow/.local/lib/python3.7/site-packages/airflow/example_dags/example_latest_only_with_trigger.py
[2024-11-01T18:44:42.473+0000] {processor.py:826} INFO - Processing file /home/airflow/.local/lib/python3.7/site-packages/airflow/example_dags/example_latest_only_with_trigger.py for tasks to queue
[2024-11-01T18:44:42.475+0000] {logging_mixin.py:150} INFO - [2024-11-01T18:44:42.475+0000] {dagbag.py:541} INFO - Filling up the DagBag from /home/airflow/.local/lib/python3.7/site-packages/airflow/example_dags/example_latest_only_with_trigger.py
[2024-11-01T18:44:42.478+0000] {processor.py:836} INFO - DAG(s) dict_keys(['latest_only_with_trigger']) retrieved from /home/airflow/.local/lib/python3.7/site-packages/airflow/example_dags/example_latest_only_with_trigger.py
[2024-11-01T18:44:42.496+0000] {logging_mixin.py:150} INFO - [2024-11-01T18:44:42.496+0000] {dag.py:2742} INFO - Sync 1 DAGs
[2024-11-01T18:44:42.510+0000] {logging_mixin.py:150} INFO - [2024-11-01T18:44:42.510+0000] {dag.py:3508} INFO - Setting next_dagrun for latest_only_with_trigger to 2024-11-01T14:44:42.510406+00:00, run_after=2024-11-01T18:44:42.510406+00:00
[2024-11-01T18:44:42.522+0000] {processor.py:179} INFO - Processing /home/airflow/.local/lib/python3.7/site-packages/airflow/example_dags/example_latest_only_with_trigger.py took 0.053 seconds
[2024-11-01T18:45:12.965+0000] {processor.py:157} INFO - Started process (PID=2866) to work on /home/airflow/.local/lib/python3.7/site-packages/airflow/example_dags/example_latest_only_with_trigger.py
[2024-11-01T18:45:12.966+0000] {processor.py:826} INFO - Processing file /home/airflow/.local/lib/python3.7/site-packages/airflow/example_dags/example_latest_only_with_trigger.py for tasks to queue
[2024-11-01T18:45:12.966+0000] {logging_mixin.py:150} INFO - [2024-11-01T18:45:12.966+0000] {dagbag.py:541} INFO - Filling up the DagBag from /home/airflow/.local/lib/python3.7/site-packages/airflow/example_dags/example_latest_only_with_trigger.py
[2024-11-01T18:45:12.970+0000] {processor.py:836} INFO - DAG(s) dict_keys(['latest_only_with_trigger']) retrieved from /home/airflow/.local/lib/python3.7/site-packages/airflow/example_dags/example_latest_only_with_trigger.py
[2024-11-01T18:45:12.988+0000] {logging_mixin.py:150} INFO - [2024-11-01T18:45:12.988+0000] {dag.py:2742} INFO - Sync 1 DAGs
[2024-11-01T18:45:13.003+0000] {logging_mixin.py:150} INFO - [2024-11-01T18:45:13.002+0000] {dag.py:3508} INFO - Setting next_dagrun for latest_only_with_trigger to 2024-11-01T14:45:13.002789+00:00, run_after=2024-11-01T18:45:13.002789+00:00
[2024-11-01T18:45:13.015+0000] {processor.py:179} INFO - Processing /home/airflow/.local/lib/python3.7/site-packages/airflow/example_dags/example_latest_only_with_trigger.py took 0.052 seconds
[2024-11-01T18:45:43.586+0000] {processor.py:157} INFO - Started process (PID=2924) to work on /home/airflow/.local/lib/python3.7/site-packages/airflow/example_dags/example_latest_only_with_trigger.py
[2024-11-01T18:45:43.587+0000] {processor.py:826} INFO - Processing file /home/airflow/.local/lib/python3.7/site-packages/airflow/example_dags/example_latest_only_with_trigger.py for tasks to queue
[2024-11-01T18:45:43.588+0000] {logging_mixin.py:150} INFO - [2024-11-01T18:45:43.588+0000] {dagbag.py:541} INFO - Filling up the DagBag from /home/airflow/.local/lib/python3.7/site-packages/airflow/example_dags/example_latest_only_with_trigger.py
[2024-11-01T18:45:43.591+0000] {processor.py:836} INFO - DAG(s) dict_keys(['latest_only_with_trigger']) retrieved from /home/airflow/.local/lib/python3.7/site-packages/airflow/example_dags/example_latest_only_with_trigger.py
[2024-11-01T18:45:43.609+0000] {logging_mixin.py:150} INFO - [2024-11-01T18:45:43.609+0000] {dag.py:2742} INFO - Sync 1 DAGs
[2024-11-01T18:45:43.625+0000] {logging_mixin.py:150} INFO - [2024-11-01T18:45:43.625+0000] {dag.py:3508} INFO - Setting next_dagrun for latest_only_with_trigger to 2024-11-01T14:45:43.625016+00:00, run_after=2024-11-01T18:45:43.625016+00:00
[2024-11-01T18:45:43.643+0000] {processor.py:179} INFO - Processing /home/airflow/.local/lib/python3.7/site-packages/airflow/example_dags/example_latest_only_with_trigger.py took 0.061 seconds
[2024-11-01T18:46:14.345+0000] {processor.py:157} INFO - Started process (PID=2984) to work on /home/airflow/.local/lib/python3.7/site-packages/airflow/example_dags/example_latest_only_with_trigger.py
[2024-11-01T18:46:14.346+0000] {processor.py:826} INFO - Processing file /home/airflow/.local/lib/python3.7/site-packages/airflow/example_dags/example_latest_only_with_trigger.py for tasks to queue
[2024-11-01T18:46:14.346+0000] {logging_mixin.py:150} INFO - [2024-11-01T18:46:14.346+0000] {dagbag.py:541} INFO - Filling up the DagBag from /home/airflow/.local/lib/python3.7/site-packages/airflow/example_dags/example_latest_only_with_trigger.py
[2024-11-01T18:46:14.352+0000] {processor.py:836} INFO - DAG(s) dict_keys(['latest_only_with_trigger']) retrieved from /home/airflow/.local/lib/python3.7/site-packages/airflow/example_dags/example_latest_only_with_trigger.py
[2024-11-01T18:46:14.370+0000] {logging_mixin.py:150} INFO - [2024-11-01T18:46:14.370+0000] {dag.py:2742} INFO - Sync 1 DAGs
[2024-11-01T18:46:14.385+0000] {logging_mixin.py:150} INFO - [2024-11-01T18:46:14.385+0000] {dag.py:3508} INFO - Setting next_dagrun for latest_only_with_trigger to 2024-11-01T14:46:14.385631+00:00, run_after=2024-11-01T18:46:14.385631+00:00
[2024-11-01T18:46:14.398+0000] {processor.py:179} INFO - Processing /home/airflow/.local/lib/python3.7/site-packages/airflow/example_dags/example_latest_only_with_trigger.py took 0.056 seconds
[2024-11-01T18:46:45.703+0000] {processor.py:157} INFO - Started process (PID=3046) to work on /home/airflow/.local/lib/python3.7/site-packages/airflow/example_dags/example_latest_only_with_trigger.py
[2024-11-01T18:46:45.706+0000] {processor.py:826} INFO - Processing file /home/airflow/.local/lib/python3.7/site-packages/airflow/example_dags/example_latest_only_with_trigger.py for tasks to queue
[2024-11-01T18:46:45.709+0000] {logging_mixin.py:150} INFO - [2024-11-01T18:46:45.708+0000] {dagbag.py:541} INFO - Filling up the DagBag from /home/airflow/.local/lib/python3.7/site-packages/airflow/example_dags/example_latest_only_with_trigger.py
[2024-11-01T18:46:45.725+0000] {processor.py:836} INFO - DAG(s) dict_keys(['latest_only_with_trigger']) retrieved from /home/airflow/.local/lib/python3.7/site-packages/airflow/example_dags/example_latest_only_with_trigger.py
[2024-11-01T18:46:46.375+0000] {logging_mixin.py:150} INFO - [2024-11-01T18:46:46.370+0000] {dag.py:2742} INFO - Sync 1 DAGs
[2024-11-01T18:46:46.532+0000] {logging_mixin.py:150} INFO - [2024-11-01T18:46:46.507+0000] {dag.py:3508} INFO - Setting next_dagrun for latest_only_with_trigger to 2024-11-01T14:46:46.483256+00:00, run_after=2024-11-01T18:46:46.483256+00:00
[2024-11-01T18:46:46.959+0000] {processor.py:179} INFO - Processing /home/airflow/.local/lib/python3.7/site-packages/airflow/example_dags/example_latest_only_with_trigger.py took 1.260 seconds
[2024-11-01T18:47:17.770+0000] {processor.py:157} INFO - Started process (PID=3108) to work on /home/airflow/.local/lib/python3.7/site-packages/airflow/example_dags/example_latest_only_with_trigger.py
[2024-11-01T18:47:17.773+0000] {processor.py:826} INFO - Processing file /home/airflow/.local/lib/python3.7/site-packages/airflow/example_dags/example_latest_only_with_trigger.py for tasks to queue
[2024-11-01T18:47:17.775+0000] {logging_mixin.py:150} INFO - [2024-11-01T18:47:17.774+0000] {dagbag.py:541} INFO - Filling up the DagBag from /home/airflow/.local/lib/python3.7/site-packages/airflow/example_dags/example_latest_only_with_trigger.py
[2024-11-01T18:47:17.784+0000] {processor.py:836} INFO - DAG(s) dict_keys(['latest_only_with_trigger']) retrieved from /home/airflow/.local/lib/python3.7/site-packages/airflow/example_dags/example_latest_only_with_trigger.py
[2024-11-01T18:47:17.805+0000] {logging_mixin.py:150} INFO - [2024-11-01T18:47:17.804+0000] {dag.py:2742} INFO - Sync 1 DAGs
[2024-11-01T18:47:17.823+0000] {logging_mixin.py:150} INFO - [2024-11-01T18:47:17.823+0000] {dag.py:3508} INFO - Setting next_dagrun for latest_only_with_trigger to 2024-11-01T14:47:17.822957+00:00, run_after=2024-11-01T18:47:17.822957+00:00
[2024-11-01T18:47:17.837+0000] {processor.py:179} INFO - Processing /home/airflow/.local/lib/python3.7/site-packages/airflow/example_dags/example_latest_only_with_trigger.py took 0.072 seconds
[2024-11-01T18:47:48.131+0000] {processor.py:157} INFO - Started process (PID=3171) to work on /home/airflow/.local/lib/python3.7/site-packages/airflow/example_dags/example_latest_only_with_trigger.py
[2024-11-01T18:47:48.134+0000] {processor.py:826} INFO - Processing file /home/airflow/.local/lib/python3.7/site-packages/airflow/example_dags/example_latest_only_with_trigger.py for tasks to queue
[2024-11-01T18:47:48.136+0000] {logging_mixin.py:150} INFO - [2024-11-01T18:47:48.135+0000] {dagbag.py:541} INFO - Filling up the DagBag from /home/airflow/.local/lib/python3.7/site-packages/airflow/example_dags/example_latest_only_with_trigger.py
[2024-11-01T18:47:48.158+0000] {processor.py:836} INFO - DAG(s) dict_keys(['latest_only_with_trigger']) retrieved from /home/airflow/.local/lib/python3.7/site-packages/airflow/example_dags/example_latest_only_with_trigger.py
[2024-11-01T18:47:48.290+0000] {logging_mixin.py:150} INFO - [2024-11-01T18:47:48.290+0000] {dag.py:2742} INFO - Sync 1 DAGs
[2024-11-01T18:47:48.495+0000] {logging_mixin.py:150} INFO - [2024-11-01T18:47:48.494+0000] {dag.py:3508} INFO - Setting next_dagrun for latest_only_with_trigger to 2024-11-01T14:47:48.488688+00:00, run_after=2024-11-01T18:47:48.488688+00:00
[2024-11-01T18:47:48.578+0000] {processor.py:179} INFO - Processing /home/airflow/.local/lib/python3.7/site-packages/airflow/example_dags/example_latest_only_with_trigger.py took 0.464 seconds
[2024-11-01T18:48:18.650+0000] {processor.py:157} INFO - Started process (PID=3233) to work on /home/airflow/.local/lib/python3.7/site-packages/airflow/example_dags/example_latest_only_with_trigger.py
[2024-11-01T18:48:18.651+0000] {processor.py:826} INFO - Processing file /home/airflow/.local/lib/python3.7/site-packages/airflow/example_dags/example_latest_only_with_trigger.py for tasks to queue
[2024-11-01T18:48:18.654+0000] {logging_mixin.py:150} INFO - [2024-11-01T18:48:18.653+0000] {dagbag.py:541} INFO - Filling up the DagBag from /home/airflow/.local/lib/python3.7/site-packages/airflow/example_dags/example_latest_only_with_trigger.py
[2024-11-01T18:48:18.663+0000] {processor.py:836} INFO - DAG(s) dict_keys(['latest_only_with_trigger']) retrieved from /home/airflow/.local/lib/python3.7/site-packages/airflow/example_dags/example_latest_only_with_trigger.py
[2024-11-01T18:48:18.987+0000] {logging_mixin.py:150} INFO - [2024-11-01T18:48:18.982+0000] {dag.py:2742} INFO - Sync 1 DAGs
[2024-11-01T18:48:19.271+0000] {logging_mixin.py:150} INFO - [2024-11-01T18:48:19.270+0000] {dag.py:3508} INFO - Setting next_dagrun for latest_only_with_trigger to 2024-11-01T14:48:19.269203+00:00, run_after=2024-11-01T18:48:19.269203+00:00
[2024-11-01T18:48:19.341+0000] {processor.py:179} INFO - Processing /home/airflow/.local/lib/python3.7/site-packages/airflow/example_dags/example_latest_only_with_trigger.py took 0.698 seconds
[2024-11-01T18:48:49.652+0000] {processor.py:157} INFO - Started process (PID=3295) to work on /home/airflow/.local/lib/python3.7/site-packages/airflow/example_dags/example_latest_only_with_trigger.py
[2024-11-01T18:48:49.654+0000] {processor.py:826} INFO - Processing file /home/airflow/.local/lib/python3.7/site-packages/airflow/example_dags/example_latest_only_with_trigger.py for tasks to queue
[2024-11-01T18:48:49.655+0000] {logging_mixin.py:150} INFO - [2024-11-01T18:48:49.655+0000] {dagbag.py:541} INFO - Filling up the DagBag from /home/airflow/.local/lib/python3.7/site-packages/airflow/example_dags/example_latest_only_with_trigger.py
[2024-11-01T18:48:49.661+0000] {processor.py:836} INFO - DAG(s) dict_keys(['latest_only_with_trigger']) retrieved from /home/airflow/.local/lib/python3.7/site-packages/airflow/example_dags/example_latest_only_with_trigger.py
[2024-11-01T18:48:49.688+0000] {logging_mixin.py:150} INFO - [2024-11-01T18:48:49.688+0000] {dag.py:2742} INFO - Sync 1 DAGs
[2024-11-01T18:48:49.706+0000] {logging_mixin.py:150} INFO - [2024-11-01T18:48:49.706+0000] {dag.py:3508} INFO - Setting next_dagrun for latest_only_with_trigger to 2024-11-01T14:48:49.706490+00:00, run_after=2024-11-01T18:48:49.706490+00:00
[2024-11-01T18:48:49.723+0000] {processor.py:179} INFO - Processing /home/airflow/.local/lib/python3.7/site-packages/airflow/example_dags/example_latest_only_with_trigger.py took 0.078 seconds
[2024-11-01T18:49:20.457+0000] {processor.py:157} INFO - Started process (PID=3357) to work on /home/airflow/.local/lib/python3.7/site-packages/airflow/example_dags/example_latest_only_with_trigger.py
[2024-11-01T18:49:20.463+0000] {processor.py:826} INFO - Processing file /home/airflow/.local/lib/python3.7/site-packages/airflow/example_dags/example_latest_only_with_trigger.py for tasks to queue
[2024-11-01T18:49:20.465+0000] {logging_mixin.py:150} INFO - [2024-11-01T18:49:20.465+0000] {dagbag.py:541} INFO - Filling up the DagBag from /home/airflow/.local/lib/python3.7/site-packages/airflow/example_dags/example_latest_only_with_trigger.py
[2024-11-01T18:49:20.472+0000] {processor.py:836} INFO - DAG(s) dict_keys(['latest_only_with_trigger']) retrieved from /home/airflow/.local/lib/python3.7/site-packages/airflow/example_dags/example_latest_only_with_trigger.py
[2024-11-01T18:49:20.490+0000] {logging_mixin.py:150} INFO - [2024-11-01T18:49:20.490+0000] {dag.py:2742} INFO - Sync 1 DAGs
[2024-11-01T18:49:20.509+0000] {logging_mixin.py:150} INFO - [2024-11-01T18:49:20.509+0000] {dag.py:3508} INFO - Setting next_dagrun for latest_only_with_trigger to 2024-11-01T14:49:20.508890+00:00, run_after=2024-11-01T18:49:20.508890+00:00
[2024-11-01T18:49:20.524+0000] {processor.py:179} INFO - Processing /home/airflow/.local/lib/python3.7/site-packages/airflow/example_dags/example_latest_only_with_trigger.py took 0.073 seconds
[2024-11-01T18:49:50.996+0000] {processor.py:157} INFO - Started process (PID=3419) to work on /home/airflow/.local/lib/python3.7/site-packages/airflow/example_dags/example_latest_only_with_trigger.py
[2024-11-01T18:49:50.997+0000] {processor.py:826} INFO - Processing file /home/airflow/.local/lib/python3.7/site-packages/airflow/example_dags/example_latest_only_with_trigger.py for tasks to queue
[2024-11-01T18:49:50.997+0000] {logging_mixin.py:150} INFO - [2024-11-01T18:49:50.997+0000] {dagbag.py:541} INFO - Filling up the DagBag from /home/airflow/.local/lib/python3.7/site-packages/airflow/example_dags/example_latest_only_with_trigger.py
[2024-11-01T18:49:51.002+0000] {processor.py:836} INFO - DAG(s) dict_keys(['latest_only_with_trigger']) retrieved from /home/airflow/.local/lib/python3.7/site-packages/airflow/example_dags/example_latest_only_with_trigger.py
[2024-11-01T18:49:51.030+0000] {logging_mixin.py:150} INFO - [2024-11-01T18:49:51.030+0000] {dag.py:2742} INFO - Sync 1 DAGs
[2024-11-01T18:49:51.054+0000] {logging_mixin.py:150} INFO - [2024-11-01T18:49:51.054+0000] {dag.py:3508} INFO - Setting next_dagrun for latest_only_with_trigger to 2024-11-01T14:49:51.053837+00:00, run_after=2024-11-01T18:49:51.053837+00:00
[2024-11-01T18:49:51.070+0000] {processor.py:179} INFO - Processing /home/airflow/.local/lib/python3.7/site-packages/airflow/example_dags/example_latest_only_with_trigger.py took 0.077 seconds
[2024-11-01T18:50:21.639+0000] {processor.py:157} INFO - Started process (PID=3481) to work on /home/airflow/.local/lib/python3.7/site-packages/airflow/example_dags/example_latest_only_with_trigger.py
[2024-11-01T18:50:21.640+0000] {processor.py:826} INFO - Processing file /home/airflow/.local/lib/python3.7/site-packages/airflow/example_dags/example_latest_only_with_trigger.py for tasks to queue
[2024-11-01T18:50:21.641+0000] {logging_mixin.py:150} INFO - [2024-11-01T18:50:21.641+0000] {dagbag.py:541} INFO - Filling up the DagBag from /home/airflow/.local/lib/python3.7/site-packages/airflow/example_dags/example_latest_only_with_trigger.py
[2024-11-01T18:50:21.648+0000] {processor.py:836} INFO - DAG(s) dict_keys(['latest_only_with_trigger']) retrieved from /home/airflow/.local/lib/python3.7/site-packages/airflow/example_dags/example_latest_only_with_trigger.py
[2024-11-01T18:50:21.674+0000] {logging_mixin.py:150} INFO - [2024-11-01T18:50:21.674+0000] {dag.py:2742} INFO - Sync 1 DAGs
[2024-11-01T18:50:21.697+0000] {logging_mixin.py:150} INFO - [2024-11-01T18:50:21.697+0000] {dag.py:3508} INFO - Setting next_dagrun for latest_only_with_trigger to 2024-11-01T14:50:21.697275+00:00, run_after=2024-11-01T18:50:21.697275+00:00
[2024-11-01T18:50:21.715+0000] {processor.py:179} INFO - Processing /home/airflow/.local/lib/python3.7/site-packages/airflow/example_dags/example_latest_only_with_trigger.py took 0.080 seconds
[2024-11-01T18:50:52.513+0000] {processor.py:157} INFO - Started process (PID=3543) to work on /home/airflow/.local/lib/python3.7/site-packages/airflow/example_dags/example_latest_only_with_trigger.py
[2024-11-01T18:50:52.514+0000] {processor.py:826} INFO - Processing file /home/airflow/.local/lib/python3.7/site-packages/airflow/example_dags/example_latest_only_with_trigger.py for tasks to queue
[2024-11-01T18:50:52.515+0000] {logging_mixin.py:150} INFO - [2024-11-01T18:50:52.514+0000] {dagbag.py:541} INFO - Filling up the DagBag from /home/airflow/.local/lib/python3.7/site-packages/airflow/example_dags/example_latest_only_with_trigger.py
[2024-11-01T18:50:52.518+0000] {processor.py:836} INFO - DAG(s) dict_keys(['latest_only_with_trigger']) retrieved from /home/airflow/.local/lib/python3.7/site-packages/airflow/example_dags/example_latest_only_with_trigger.py
[2024-11-01T18:50:52.549+0000] {logging_mixin.py:150} INFO - [2024-11-01T18:50:52.548+0000] {dag.py:2742} INFO - Sync 1 DAGs
[2024-11-01T18:50:52.580+0000] {logging_mixin.py:150} INFO - [2024-11-01T18:50:52.580+0000] {dag.py:3508} INFO - Setting next_dagrun for latest_only_with_trigger to 2024-11-01T14:50:52.580296+00:00, run_after=2024-11-01T18:50:52.580296+00:00
[2024-11-01T18:50:52.606+0000] {processor.py:179} INFO - Processing /home/airflow/.local/lib/python3.7/site-packages/airflow/example_dags/example_latest_only_with_trigger.py took 0.095 seconds
[2024-11-01T18:51:23.921+0000] {processor.py:157} INFO - Started process (PID=3605) to work on /home/airflow/.local/lib/python3.7/site-packages/airflow/example_dags/example_latest_only_with_trigger.py
[2024-11-01T18:51:23.921+0000] {processor.py:826} INFO - Processing file /home/airflow/.local/lib/python3.7/site-packages/airflow/example_dags/example_latest_only_with_trigger.py for tasks to queue
[2024-11-01T18:51:23.922+0000] {logging_mixin.py:150} INFO - [2024-11-01T18:51:23.922+0000] {dagbag.py:541} INFO - Filling up the DagBag from /home/airflow/.local/lib/python3.7/site-packages/airflow/example_dags/example_latest_only_with_trigger.py
[2024-11-01T18:51:23.925+0000] {processor.py:836} INFO - DAG(s) dict_keys(['latest_only_with_trigger']) retrieved from /home/airflow/.local/lib/python3.7/site-packages/airflow/example_dags/example_latest_only_with_trigger.py
[2024-11-01T18:51:23.938+0000] {logging_mixin.py:150} INFO - [2024-11-01T18:51:23.938+0000] {dag.py:2742} INFO - Sync 1 DAGs
[2024-11-01T18:51:23.954+0000] {logging_mixin.py:150} INFO - [2024-11-01T18:51:23.954+0000] {dag.py:3508} INFO - Setting next_dagrun for latest_only_with_trigger to 2024-11-01T14:51:23.954135+00:00, run_after=2024-11-01T18:51:23.954135+00:00
[2024-11-01T18:51:23.975+0000] {processor.py:179} INFO - Processing /home/airflow/.local/lib/python3.7/site-packages/airflow/example_dags/example_latest_only_with_trigger.py took 0.056 seconds
[2024-11-01T18:51:54.861+0000] {processor.py:157} INFO - Started process (PID=3667) to work on /home/airflow/.local/lib/python3.7/site-packages/airflow/example_dags/example_latest_only_with_trigger.py
[2024-11-01T18:51:54.862+0000] {processor.py:826} INFO - Processing file /home/airflow/.local/lib/python3.7/site-packages/airflow/example_dags/example_latest_only_with_trigger.py for tasks to queue
[2024-11-01T18:51:54.862+0000] {logging_mixin.py:150} INFO - [2024-11-01T18:51:54.862+0000] {dagbag.py:541} INFO - Filling up the DagBag from /home/airflow/.local/lib/python3.7/site-packages/airflow/example_dags/example_latest_only_with_trigger.py
[2024-11-01T18:51:54.866+0000] {processor.py:836} INFO - DAG(s) dict_keys(['latest_only_with_trigger']) retrieved from /home/airflow/.local/lib/python3.7/site-packages/airflow/example_dags/example_latest_only_with_trigger.py
[2024-11-01T18:51:54.881+0000] {logging_mixin.py:150} INFO - [2024-11-01T18:51:54.881+0000] {dag.py:2742} INFO - Sync 1 DAGs
[2024-11-01T18:51:54.897+0000] {logging_mixin.py:150} INFO - [2024-11-01T18:51:54.897+0000] {dag.py:3508} INFO - Setting next_dagrun for latest_only_with_trigger to 2024-11-01T14:51:54.897285+00:00, run_after=2024-11-01T18:51:54.897285+00:00
[2024-11-01T18:51:54.912+0000] {processor.py:179} INFO - Processing /home/airflow/.local/lib/python3.7/site-packages/airflow/example_dags/example_latest_only_with_trigger.py took 0.053 seconds
[2024-11-01T18:52:25.025+0000] {processor.py:157} INFO - Started process (PID=3729) to work on /home/airflow/.local/lib/python3.7/site-packages/airflow/example_dags/example_latest_only_with_trigger.py
[2024-11-01T18:52:25.026+0000] {processor.py:826} INFO - Processing file /home/airflow/.local/lib/python3.7/site-packages/airflow/example_dags/example_latest_only_with_trigger.py for tasks to queue
[2024-11-01T18:52:25.026+0000] {logging_mixin.py:150} INFO - [2024-11-01T18:52:25.026+0000] {dagbag.py:541} INFO - Filling up the DagBag from /home/airflow/.local/lib/python3.7/site-packages/airflow/example_dags/example_latest_only_with_trigger.py
[2024-11-01T18:52:25.030+0000] {processor.py:836} INFO - DAG(s) dict_keys(['latest_only_with_trigger']) retrieved from /home/airflow/.local/lib/python3.7/site-packages/airflow/example_dags/example_latest_only_with_trigger.py
[2024-11-01T18:52:25.044+0000] {logging_mixin.py:150} INFO - [2024-11-01T18:52:25.044+0000] {dag.py:2742} INFO - Sync 1 DAGs
[2024-11-01T18:52:25.060+0000] {logging_mixin.py:150} INFO - [2024-11-01T18:52:25.060+0000] {dag.py:3508} INFO - Setting next_dagrun for latest_only_with_trigger to 2024-11-01T14:52:25.060537+00:00, run_after=2024-11-01T18:52:25.060537+00:00
[2024-11-01T18:52:25.073+0000] {processor.py:179} INFO - Processing /home/airflow/.local/lib/python3.7/site-packages/airflow/example_dags/example_latest_only_with_trigger.py took 0.050 seconds
