[2024-11-01T18:12:02.318+0000] {processor.py:157} INFO - Started process (PID=60) to work on /home/airflow/.local/lib/python3.7/site-packages/airflow/example_dags/example_params_trigger_ui.py
[2024-11-01T18:12:02.339+0000] {processor.py:826} INFO - Processing file /home/airflow/.local/lib/python3.7/site-packages/airflow/example_dags/example_params_trigger_ui.py for tasks to queue
[2024-11-01T18:12:02.341+0000] {logging_mixin.py:150} INFO - [2024-11-01T18:12:02.340+0000] {dagbag.py:541} INFO - Filling up the DagBag from /home/airflow/.local/lib/python3.7/site-packages/airflow/example_dags/example_params_trigger_ui.py
[2024-11-01T18:12:02.363+0000] {processor.py:836} INFO - DAG(s) dict_keys(['example_params_trigger_ui']) retrieved from /home/airflow/.local/lib/python3.7/site-packages/airflow/example_dags/example_params_trigger_ui.py
[2024-11-01T18:12:02.517+0000] {logging_mixin.py:150} INFO - [2024-11-01T18:12:02.517+0000] {dag.py:2742} INFO - Sync 1 DAGs
[2024-11-01T18:12:02.601+0000] {logging_mixin.py:150} INFO - [2024-11-01T18:12:02.601+0000] {dag.py:3508} INFO - Setting next_dagrun for example_params_trigger_ui to None, run_after=None
[2024-11-01T18:12:02.612+0000] {processor.py:179} INFO - Processing /home/airflow/.local/lib/python3.7/site-packages/airflow/example_dags/example_params_trigger_ui.py took 0.325 seconds
[2024-11-01T18:12:37.618+0000] {processor.py:157} INFO - Started process (PID=122) to work on /home/airflow/.local/lib/python3.7/site-packages/airflow/example_dags/example_params_trigger_ui.py
[2024-11-01T18:12:37.620+0000] {processor.py:826} INFO - Processing file /home/airflow/.local/lib/python3.7/site-packages/airflow/example_dags/example_params_trigger_ui.py for tasks to queue
[2024-11-01T18:12:37.621+0000] {logging_mixin.py:150} INFO - [2024-11-01T18:12:37.620+0000] {dagbag.py:541} INFO - Filling up the DagBag from /home/airflow/.local/lib/python3.7/site-packages/airflow/example_dags/example_params_trigger_ui.py
[2024-11-01T18:12:37.698+0000] {processor.py:836} INFO - DAG(s) dict_keys(['example_params_trigger_ui']) retrieved from /home/airflow/.local/lib/python3.7/site-packages/airflow/example_dags/example_params_trigger_ui.py
[2024-11-01T18:12:37.834+0000] {logging_mixin.py:150} INFO - [2024-11-01T18:12:37.834+0000] {dag.py:2742} INFO - Sync 1 DAGs
[2024-11-01T18:12:37.942+0000] {logging_mixin.py:150} INFO - [2024-11-01T18:12:37.940+0000] {dag.py:3508} INFO - Setting next_dagrun for example_params_trigger_ui to None, run_after=None
[2024-11-01T18:12:37.973+0000] {processor.py:179} INFO - Processing /home/airflow/.local/lib/python3.7/site-packages/airflow/example_dags/example_params_trigger_ui.py took 0.399 seconds
[2024-11-01T18:13:09.022+0000] {processor.py:157} INFO - Started process (PID=185) to work on /home/airflow/.local/lib/python3.7/site-packages/airflow/example_dags/example_params_trigger_ui.py
[2024-11-01T18:13:09.048+0000] {processor.py:826} INFO - Processing file /home/airflow/.local/lib/python3.7/site-packages/airflow/example_dags/example_params_trigger_ui.py for tasks to queue
[2024-11-01T18:13:09.048+0000] {logging_mixin.py:150} INFO - [2024-11-01T18:13:09.048+0000] {dagbag.py:541} INFO - Filling up the DagBag from /home/airflow/.local/lib/python3.7/site-packages/airflow/example_dags/example_params_trigger_ui.py
[2024-11-01T18:13:09.098+0000] {processor.py:836} INFO - DAG(s) dict_keys(['example_params_trigger_ui']) retrieved from /home/airflow/.local/lib/python3.7/site-packages/airflow/example_dags/example_params_trigger_ui.py
[2024-11-01T18:13:09.147+0000] {logging_mixin.py:150} INFO - [2024-11-01T18:13:09.146+0000] {dag.py:2742} INFO - Sync 1 DAGs
[2024-11-01T18:13:09.160+0000] {logging_mixin.py:150} INFO - [2024-11-01T18:13:09.160+0000] {dag.py:3508} INFO - Setting next_dagrun for example_params_trigger_ui to None, run_after=None
[2024-11-01T18:13:09.169+0000] {processor.py:179} INFO - Processing /home/airflow/.local/lib/python3.7/site-packages/airflow/example_dags/example_params_trigger_ui.py took 0.149 seconds
[2024-11-01T18:15:54.027+0000] {processor.py:157} INFO - Started process (PID=264) to work on /home/airflow/.local/lib/python3.7/site-packages/airflow/example_dags/example_params_trigger_ui.py
[2024-11-01T18:15:54.054+0000] {processor.py:826} INFO - Processing file /home/airflow/.local/lib/python3.7/site-packages/airflow/example_dags/example_params_trigger_ui.py for tasks to queue
[2024-11-01T18:15:54.063+0000] {logging_mixin.py:150} INFO - [2024-11-01T18:15:54.057+0000] {dagbag.py:541} INFO - Filling up the DagBag from /home/airflow/.local/lib/python3.7/site-packages/airflow/example_dags/example_params_trigger_ui.py
[2024-11-01T18:15:54.343+0000] {processor.py:836} INFO - DAG(s) dict_keys(['example_params_trigger_ui']) retrieved from /home/airflow/.local/lib/python3.7/site-packages/airflow/example_dags/example_params_trigger_ui.py
[2024-11-01T18:15:55.556+0000] {logging_mixin.py:150} INFO - [2024-11-01T18:15:55.544+0000] {dag.py:2742} INFO - Sync 1 DAGs
[2024-11-01T18:15:55.990+0000] {logging_mixin.py:150} INFO - [2024-11-01T18:15:55.989+0000] {dag.py:3508} INFO - Setting next_dagrun for example_params_trigger_ui to None, run_after=None
[2024-11-01T18:15:56.165+0000] {processor.py:179} INFO - Processing /home/airflow/.local/lib/python3.7/site-packages/airflow/example_dags/example_params_trigger_ui.py took 2.179 seconds
[2024-11-01T18:17:26.888+0000] {processor.py:157} INFO - Started process (PID=330) to work on /home/airflow/.local/lib/python3.7/site-packages/airflow/example_dags/example_params_trigger_ui.py
[2024-11-01T18:17:26.908+0000] {processor.py:826} INFO - Processing file /home/airflow/.local/lib/python3.7/site-packages/airflow/example_dags/example_params_trigger_ui.py for tasks to queue
[2024-11-01T18:17:26.910+0000] {logging_mixin.py:150} INFO - [2024-11-01T18:17:26.910+0000] {dagbag.py:541} INFO - Filling up the DagBag from /home/airflow/.local/lib/python3.7/site-packages/airflow/example_dags/example_params_trigger_ui.py
[2024-11-01T18:17:27.252+0000] {processor.py:836} INFO - DAG(s) dict_keys(['example_params_trigger_ui']) retrieved from /home/airflow/.local/lib/python3.7/site-packages/airflow/example_dags/example_params_trigger_ui.py
[2024-11-01T18:17:27.550+0000] {logging_mixin.py:150} INFO - [2024-11-01T18:17:27.547+0000] {dag.py:2742} INFO - Sync 1 DAGs
[2024-11-01T18:17:27.785+0000] {logging_mixin.py:150} INFO - [2024-11-01T18:17:27.785+0000] {dag.py:3508} INFO - Setting next_dagrun for example_params_trigger_ui to None, run_after=None
[2024-11-01T18:17:27.936+0000] {processor.py:179} INFO - Processing /home/airflow/.local/lib/python3.7/site-packages/airflow/example_dags/example_params_trigger_ui.py took 1.095 seconds
[2024-11-01T18:18:27.343+0000] {processor.py:157} INFO - Started process (PID=419) to work on /home/airflow/.local/lib/python3.7/site-packages/airflow/example_dags/example_params_trigger_ui.py
[2024-11-01T18:18:27.354+0000] {processor.py:826} INFO - Processing file /home/airflow/.local/lib/python3.7/site-packages/airflow/example_dags/example_params_trigger_ui.py for tasks to queue
[2024-11-01T18:18:27.372+0000] {logging_mixin.py:150} INFO - [2024-11-01T18:18:27.368+0000] {dagbag.py:541} INFO - Filling up the DagBag from /home/airflow/.local/lib/python3.7/site-packages/airflow/example_dags/example_params_trigger_ui.py
[2024-11-01T18:18:27.959+0000] {processor.py:836} INFO - DAG(s) dict_keys(['example_params_trigger_ui']) retrieved from /home/airflow/.local/lib/python3.7/site-packages/airflow/example_dags/example_params_trigger_ui.py
[2024-11-01T18:18:28.734+0000] {logging_mixin.py:150} INFO - [2024-11-01T18:18:28.708+0000] {dag.py:2742} INFO - Sync 1 DAGs
[2024-11-01T18:18:30.096+0000] {logging_mixin.py:150} INFO - [2024-11-01T18:18:30.092+0000] {dag.py:3508} INFO - Setting next_dagrun for example_params_trigger_ui to None, run_after=None
[2024-11-01T18:18:30.350+0000] {processor.py:179} INFO - Processing /home/airflow/.local/lib/python3.7/site-packages/airflow/example_dags/example_params_trigger_ui.py took 3.068 seconds
[2024-11-01T18:19:09.060+0000] {processor.py:157} INFO - Started process (PID=487) to work on /home/airflow/.local/lib/python3.7/site-packages/airflow/example_dags/example_params_trigger_ui.py
[2024-11-01T18:19:09.067+0000] {processor.py:826} INFO - Processing file /home/airflow/.local/lib/python3.7/site-packages/airflow/example_dags/example_params_trigger_ui.py for tasks to queue
[2024-11-01T18:19:09.076+0000] {logging_mixin.py:150} INFO - [2024-11-01T18:19:09.069+0000] {dagbag.py:541} INFO - Filling up the DagBag from /home/airflow/.local/lib/python3.7/site-packages/airflow/example_dags/example_params_trigger_ui.py
[2024-11-01T18:19:09.288+0000] {processor.py:836} INFO - DAG(s) dict_keys(['example_params_trigger_ui']) retrieved from /home/airflow/.local/lib/python3.7/site-packages/airflow/example_dags/example_params_trigger_ui.py
[2024-11-01T18:19:09.445+0000] {logging_mixin.py:150} INFO - [2024-11-01T18:19:09.444+0000] {dag.py:2742} INFO - Sync 1 DAGs
[2024-11-01T18:19:09.681+0000] {logging_mixin.py:150} INFO - [2024-11-01T18:19:09.680+0000] {dag.py:3508} INFO - Setting next_dagrun for example_params_trigger_ui to None, run_after=None
[2024-11-01T18:19:09.816+0000] {processor.py:179} INFO - Processing /home/airflow/.local/lib/python3.7/site-packages/airflow/example_dags/example_params_trigger_ui.py took 0.776 seconds
[2024-11-01T18:19:44.249+0000] {processor.py:157} INFO - Started process (PID=549) to work on /home/airflow/.local/lib/python3.7/site-packages/airflow/example_dags/example_params_trigger_ui.py
[2024-11-01T18:19:44.290+0000] {processor.py:826} INFO - Processing file /home/airflow/.local/lib/python3.7/site-packages/airflow/example_dags/example_params_trigger_ui.py for tasks to queue
[2024-11-01T18:19:44.299+0000] {logging_mixin.py:150} INFO - [2024-11-01T18:19:44.294+0000] {dagbag.py:541} INFO - Filling up the DagBag from /home/airflow/.local/lib/python3.7/site-packages/airflow/example_dags/example_params_trigger_ui.py
[2024-11-01T18:19:44.622+0000] {processor.py:836} INFO - DAG(s) dict_keys(['example_params_trigger_ui']) retrieved from /home/airflow/.local/lib/python3.7/site-packages/airflow/example_dags/example_params_trigger_ui.py
[2024-11-01T18:19:45.660+0000] {logging_mixin.py:150} INFO - [2024-11-01T18:19:45.638+0000] {dag.py:2742} INFO - Sync 1 DAGs
[2024-11-01T18:19:46.176+0000] {logging_mixin.py:150} INFO - [2024-11-01T18:19:46.175+0000] {dag.py:3508} INFO - Setting next_dagrun for example_params_trigger_ui to None, run_after=None
[2024-11-01T18:19:46.803+0000] {processor.py:179} INFO - Processing /home/airflow/.local/lib/python3.7/site-packages/airflow/example_dags/example_params_trigger_ui.py took 2.705 seconds
[2024-11-01T18:20:36.517+0000] {processor.py:157} INFO - Started process (PID=620) to work on /home/airflow/.local/lib/python3.7/site-packages/airflow/example_dags/example_params_trigger_ui.py
[2024-11-01T18:20:36.771+0000] {processor.py:826} INFO - Processing file /home/airflow/.local/lib/python3.7/site-packages/airflow/example_dags/example_params_trigger_ui.py for tasks to queue
[2024-11-01T18:20:36.874+0000] {logging_mixin.py:150} INFO - [2024-11-01T18:20:36.867+0000] {dagbag.py:541} INFO - Filling up the DagBag from /home/airflow/.local/lib/python3.7/site-packages/airflow/example_dags/example_params_trigger_ui.py
[2024-11-01T18:20:37.204+0000] {processor.py:836} INFO - DAG(s) dict_keys(['example_params_trigger_ui']) retrieved from /home/airflow/.local/lib/python3.7/site-packages/airflow/example_dags/example_params_trigger_ui.py
[2024-11-01T18:20:37.525+0000] {logging_mixin.py:150} INFO - [2024-11-01T18:20:37.523+0000] {dag.py:2742} INFO - Sync 1 DAGs
[2024-11-01T18:20:37.745+0000] {logging_mixin.py:150} INFO - [2024-11-01T18:20:37.744+0000] {dag.py:3508} INFO - Setting next_dagrun for example_params_trigger_ui to None, run_after=None
[2024-11-01T18:20:37.865+0000] {processor.py:179} INFO - Processing /home/airflow/.local/lib/python3.7/site-packages/airflow/example_dags/example_params_trigger_ui.py took 1.542 seconds
[2024-11-01T18:22:39.593+0000] {processor.py:157} INFO - Started process (PID=695) to work on /home/airflow/.local/lib/python3.7/site-packages/airflow/example_dags/example_params_trigger_ui.py
[2024-11-01T18:22:39.824+0000] {processor.py:826} INFO - Processing file /home/airflow/.local/lib/python3.7/site-packages/airflow/example_dags/example_params_trigger_ui.py for tasks to queue
[2024-11-01T18:22:40.056+0000] {logging_mixin.py:150} INFO - [2024-11-01T18:22:39.888+0000] {dagbag.py:541} INFO - Filling up the DagBag from /home/airflow/.local/lib/python3.7/site-packages/airflow/example_dags/example_params_trigger_ui.py
[2024-11-01T18:22:43.424+0000] {processor.py:836} INFO - DAG(s) dict_keys(['example_params_trigger_ui']) retrieved from /home/airflow/.local/lib/python3.7/site-packages/airflow/example_dags/example_params_trigger_ui.py
[2024-11-01T18:22:55.761+0000] {logging_mixin.py:150} INFO - [2024-11-01T18:22:55.748+0000] {dag.py:2742} INFO - Sync 1 DAGs
[2024-11-01T18:23:04.035+0000] {logging_mixin.py:150} INFO - [2024-11-01T18:23:04.032+0000] {dag.py:3508} INFO - Setting next_dagrun for example_params_trigger_ui to None, run_after=None
[2024-11-01T18:23:05.499+0000] {processor.py:179} INFO - Processing /home/airflow/.local/lib/python3.7/site-packages/airflow/example_dags/example_params_trigger_ui.py took 27.132 seconds
[2024-11-01T18:24:18.390+0000] {processor.py:157} INFO - Started process (PID=765) to work on /home/airflow/.local/lib/python3.7/site-packages/airflow/example_dags/example_params_trigger_ui.py
[2024-11-01T18:24:18.393+0000] {processor.py:826} INFO - Processing file /home/airflow/.local/lib/python3.7/site-packages/airflow/example_dags/example_params_trigger_ui.py for tasks to queue
[2024-11-01T18:24:18.401+0000] {logging_mixin.py:150} INFO - [2024-11-01T18:24:18.398+0000] {dagbag.py:541} INFO - Filling up the DagBag from /home/airflow/.local/lib/python3.7/site-packages/airflow/example_dags/example_params_trigger_ui.py
[2024-11-01T18:24:18.516+0000] {processor.py:836} INFO - DAG(s) dict_keys(['example_params_trigger_ui']) retrieved from /home/airflow/.local/lib/python3.7/site-packages/airflow/example_dags/example_params_trigger_ui.py
[2024-11-01T18:24:18.735+0000] {logging_mixin.py:150} INFO - [2024-11-01T18:24:18.734+0000] {dag.py:2742} INFO - Sync 1 DAGs
[2024-11-01T18:24:19.007+0000] {logging_mixin.py:150} INFO - [2024-11-01T18:24:19.006+0000] {dag.py:3508} INFO - Setting next_dagrun for example_params_trigger_ui to None, run_after=None
[2024-11-01T18:24:19.089+0000] {processor.py:179} INFO - Processing /home/airflow/.local/lib/python3.7/site-packages/airflow/example_dags/example_params_trigger_ui.py took 0.731 seconds
[2024-11-01T18:25:30.639+0000] {processor.py:157} INFO - Started process (PID=842) to work on /home/airflow/.local/lib/python3.7/site-packages/airflow/example_dags/example_params_trigger_ui.py
[2024-11-01T18:25:30.643+0000] {processor.py:826} INFO - Processing file /home/airflow/.local/lib/python3.7/site-packages/airflow/example_dags/example_params_trigger_ui.py for tasks to queue
[2024-11-01T18:25:30.644+0000] {logging_mixin.py:150} INFO - [2024-11-01T18:25:30.644+0000] {dagbag.py:541} INFO - Filling up the DagBag from /home/airflow/.local/lib/python3.7/site-packages/airflow/example_dags/example_params_trigger_ui.py
[2024-11-01T18:25:30.887+0000] {processor.py:836} INFO - DAG(s) dict_keys(['example_params_trigger_ui']) retrieved from /home/airflow/.local/lib/python3.7/site-packages/airflow/example_dags/example_params_trigger_ui.py
[2024-11-01T18:25:30.989+0000] {logging_mixin.py:150} INFO - [2024-11-01T18:25:30.989+0000] {dag.py:2742} INFO - Sync 1 DAGs
[2024-11-01T18:25:31.057+0000] {logging_mixin.py:150} INFO - [2024-11-01T18:25:31.057+0000] {dag.py:3508} INFO - Setting next_dagrun for example_params_trigger_ui to None, run_after=None
[2024-11-01T18:25:31.081+0000] {processor.py:179} INFO - Processing /home/airflow/.local/lib/python3.7/site-packages/airflow/example_dags/example_params_trigger_ui.py took 0.452 seconds
[2024-11-01T18:26:06.513+0000] {processor.py:157} INFO - Started process (PID=896) to work on /home/airflow/.local/lib/python3.7/site-packages/airflow/example_dags/example_params_trigger_ui.py
[2024-11-01T18:26:06.515+0000] {processor.py:826} INFO - Processing file /home/airflow/.local/lib/python3.7/site-packages/airflow/example_dags/example_params_trigger_ui.py for tasks to queue
[2024-11-01T18:26:06.517+0000] {logging_mixin.py:150} INFO - [2024-11-01T18:26:06.517+0000] {dagbag.py:541} INFO - Filling up the DagBag from /home/airflow/.local/lib/python3.7/site-packages/airflow/example_dags/example_params_trigger_ui.py
[2024-11-01T18:26:06.607+0000] {processor.py:836} INFO - DAG(s) dict_keys(['example_params_trigger_ui']) retrieved from /home/airflow/.local/lib/python3.7/site-packages/airflow/example_dags/example_params_trigger_ui.py
[2024-11-01T18:26:06.782+0000] {logging_mixin.py:150} INFO - [2024-11-01T18:26:06.782+0000] {dag.py:2742} INFO - Sync 1 DAGs
[2024-11-01T18:26:06.849+0000] {logging_mixin.py:150} INFO - [2024-11-01T18:26:06.849+0000] {dag.py:3508} INFO - Setting next_dagrun for example_params_trigger_ui to None, run_after=None
[2024-11-01T18:26:06.868+0000] {processor.py:179} INFO - Processing /home/airflow/.local/lib/python3.7/site-packages/airflow/example_dags/example_params_trigger_ui.py took 0.361 seconds
[2024-11-01T18:26:37.681+0000] {processor.py:157} INFO - Started process (PID=958) to work on /home/airflow/.local/lib/python3.7/site-packages/airflow/example_dags/example_params_trigger_ui.py
[2024-11-01T18:26:37.682+0000] {processor.py:826} INFO - Processing file /home/airflow/.local/lib/python3.7/site-packages/airflow/example_dags/example_params_trigger_ui.py for tasks to queue
[2024-11-01T18:26:37.683+0000] {logging_mixin.py:150} INFO - [2024-11-01T18:26:37.683+0000] {dagbag.py:541} INFO - Filling up the DagBag from /home/airflow/.local/lib/python3.7/site-packages/airflow/example_dags/example_params_trigger_ui.py
[2024-11-01T18:26:37.709+0000] {processor.py:836} INFO - DAG(s) dict_keys(['example_params_trigger_ui']) retrieved from /home/airflow/.local/lib/python3.7/site-packages/airflow/example_dags/example_params_trigger_ui.py
[2024-11-01T18:26:37.763+0000] {logging_mixin.py:150} INFO - [2024-11-01T18:26:37.763+0000] {dag.py:2742} INFO - Sync 1 DAGs
[2024-11-01T18:26:37.782+0000] {logging_mixin.py:150} INFO - [2024-11-01T18:26:37.782+0000] {dag.py:3508} INFO - Setting next_dagrun for example_params_trigger_ui to None, run_after=None
[2024-11-01T18:26:37.799+0000] {processor.py:179} INFO - Processing /home/airflow/.local/lib/python3.7/site-packages/airflow/example_dags/example_params_trigger_ui.py took 0.124 seconds
[2024-11-01T18:27:07.962+0000] {processor.py:157} INFO - Started process (PID=1020) to work on /home/airflow/.local/lib/python3.7/site-packages/airflow/example_dags/example_params_trigger_ui.py
[2024-11-01T18:27:07.964+0000] {processor.py:826} INFO - Processing file /home/airflow/.local/lib/python3.7/site-packages/airflow/example_dags/example_params_trigger_ui.py for tasks to queue
[2024-11-01T18:27:07.965+0000] {logging_mixin.py:150} INFO - [2024-11-01T18:27:07.964+0000] {dagbag.py:541} INFO - Filling up the DagBag from /home/airflow/.local/lib/python3.7/site-packages/airflow/example_dags/example_params_trigger_ui.py
[2024-11-01T18:27:07.998+0000] {processor.py:836} INFO - DAG(s) dict_keys(['example_params_trigger_ui']) retrieved from /home/airflow/.local/lib/python3.7/site-packages/airflow/example_dags/example_params_trigger_ui.py
[2024-11-01T18:27:08.051+0000] {logging_mixin.py:150} INFO - [2024-11-01T18:27:08.051+0000] {dag.py:2742} INFO - Sync 1 DAGs
[2024-11-01T18:27:08.072+0000] {logging_mixin.py:150} INFO - [2024-11-01T18:27:08.072+0000] {dag.py:3508} INFO - Setting next_dagrun for example_params_trigger_ui to None, run_after=None
[2024-11-01T18:27:08.090+0000] {processor.py:179} INFO - Processing /home/airflow/.local/lib/python3.7/site-packages/airflow/example_dags/example_params_trigger_ui.py took 0.134 seconds
[2024-11-01T18:27:38.274+0000] {processor.py:157} INFO - Started process (PID=1082) to work on /home/airflow/.local/lib/python3.7/site-packages/airflow/example_dags/example_params_trigger_ui.py
[2024-11-01T18:27:38.275+0000] {processor.py:826} INFO - Processing file /home/airflow/.local/lib/python3.7/site-packages/airflow/example_dags/example_params_trigger_ui.py for tasks to queue
[2024-11-01T18:27:38.276+0000] {logging_mixin.py:150} INFO - [2024-11-01T18:27:38.276+0000] {dagbag.py:541} INFO - Filling up the DagBag from /home/airflow/.local/lib/python3.7/site-packages/airflow/example_dags/example_params_trigger_ui.py
[2024-11-01T18:27:38.302+0000] {processor.py:836} INFO - DAG(s) dict_keys(['example_params_trigger_ui']) retrieved from /home/airflow/.local/lib/python3.7/site-packages/airflow/example_dags/example_params_trigger_ui.py
[2024-11-01T18:27:38.347+0000] {logging_mixin.py:150} INFO - [2024-11-01T18:27:38.347+0000] {dag.py:2742} INFO - Sync 1 DAGs
[2024-11-01T18:27:38.368+0000] {logging_mixin.py:150} INFO - [2024-11-01T18:27:38.368+0000] {dag.py:3508} INFO - Setting next_dagrun for example_params_trigger_ui to None, run_after=None
[2024-11-01T18:27:38.382+0000] {processor.py:179} INFO - Processing /home/airflow/.local/lib/python3.7/site-packages/airflow/example_dags/example_params_trigger_ui.py took 0.112 seconds
[2024-11-01T18:30:47.866+0000] {processor.py:157} INFO - Started process (PID=1133) to work on /home/airflow/.local/lib/python3.7/site-packages/airflow/example_dags/example_params_trigger_ui.py
[2024-11-01T18:30:47.867+0000] {processor.py:826} INFO - Processing file /home/airflow/.local/lib/python3.7/site-packages/airflow/example_dags/example_params_trigger_ui.py for tasks to queue
[2024-11-01T18:30:47.867+0000] {logging_mixin.py:150} INFO - [2024-11-01T18:30:47.867+0000] {dagbag.py:541} INFO - Filling up the DagBag from /home/airflow/.local/lib/python3.7/site-packages/airflow/example_dags/example_params_trigger_ui.py
[2024-11-01T18:30:47.889+0000] {processor.py:836} INFO - DAG(s) dict_keys(['example_params_trigger_ui']) retrieved from /home/airflow/.local/lib/python3.7/site-packages/airflow/example_dags/example_params_trigger_ui.py
[2024-11-01T18:30:47.951+0000] {logging_mixin.py:150} INFO - [2024-11-01T18:30:47.951+0000] {dag.py:2742} INFO - Sync 1 DAGs
[2024-11-01T18:30:47.983+0000] {logging_mixin.py:150} INFO - [2024-11-01T18:30:47.982+0000] {dag.py:3508} INFO - Setting next_dagrun for example_params_trigger_ui to None, run_after=None
[2024-11-01T18:30:47.996+0000] {processor.py:179} INFO - Processing /home/airflow/.local/lib/python3.7/site-packages/airflow/example_dags/example_params_trigger_ui.py took 0.134 seconds
[2024-11-01T18:31:18.242+0000] {processor.py:157} INFO - Started process (PID=1195) to work on /home/airflow/.local/lib/python3.7/site-packages/airflow/example_dags/example_params_trigger_ui.py
[2024-11-01T18:31:18.243+0000] {processor.py:826} INFO - Processing file /home/airflow/.local/lib/python3.7/site-packages/airflow/example_dags/example_params_trigger_ui.py for tasks to queue
[2024-11-01T18:31:18.243+0000] {logging_mixin.py:150} INFO - [2024-11-01T18:31:18.243+0000] {dagbag.py:541} INFO - Filling up the DagBag from /home/airflow/.local/lib/python3.7/site-packages/airflow/example_dags/example_params_trigger_ui.py
[2024-11-01T18:31:18.258+0000] {processor.py:836} INFO - DAG(s) dict_keys(['example_params_trigger_ui']) retrieved from /home/airflow/.local/lib/python3.7/site-packages/airflow/example_dags/example_params_trigger_ui.py
[2024-11-01T18:31:18.311+0000] {logging_mixin.py:150} INFO - [2024-11-01T18:31:18.311+0000] {dag.py:2742} INFO - Sync 1 DAGs
[2024-11-01T18:31:18.327+0000] {logging_mixin.py:150} INFO - [2024-11-01T18:31:18.327+0000] {dag.py:3508} INFO - Setting next_dagrun for example_params_trigger_ui to None, run_after=None
[2024-11-01T18:31:18.336+0000] {processor.py:179} INFO - Processing /home/airflow/.local/lib/python3.7/site-packages/airflow/example_dags/example_params_trigger_ui.py took 0.097 seconds
[2024-11-01T18:31:48.758+0000] {processor.py:157} INFO - Started process (PID=1257) to work on /home/airflow/.local/lib/python3.7/site-packages/airflow/example_dags/example_params_trigger_ui.py
[2024-11-01T18:31:48.759+0000] {processor.py:826} INFO - Processing file /home/airflow/.local/lib/python3.7/site-packages/airflow/example_dags/example_params_trigger_ui.py for tasks to queue
[2024-11-01T18:31:48.759+0000] {logging_mixin.py:150} INFO - [2024-11-01T18:31:48.759+0000] {dagbag.py:541} INFO - Filling up the DagBag from /home/airflow/.local/lib/python3.7/site-packages/airflow/example_dags/example_params_trigger_ui.py
[2024-11-01T18:31:48.774+0000] {processor.py:836} INFO - DAG(s) dict_keys(['example_params_trigger_ui']) retrieved from /home/airflow/.local/lib/python3.7/site-packages/airflow/example_dags/example_params_trigger_ui.py
[2024-11-01T18:31:48.815+0000] {logging_mixin.py:150} INFO - [2024-11-01T18:31:48.815+0000] {dag.py:2742} INFO - Sync 1 DAGs
[2024-11-01T18:31:48.830+0000] {logging_mixin.py:150} INFO - [2024-11-01T18:31:48.830+0000] {dag.py:3508} INFO - Setting next_dagrun for example_params_trigger_ui to None, run_after=None
[2024-11-01T18:31:48.839+0000] {processor.py:179} INFO - Processing /home/airflow/.local/lib/python3.7/site-packages/airflow/example_dags/example_params_trigger_ui.py took 0.083 seconds
[2024-11-01T18:32:19.091+0000] {processor.py:157} INFO - Started process (PID=1319) to work on /home/airflow/.local/lib/python3.7/site-packages/airflow/example_dags/example_params_trigger_ui.py
[2024-11-01T18:32:19.091+0000] {processor.py:826} INFO - Processing file /home/airflow/.local/lib/python3.7/site-packages/airflow/example_dags/example_params_trigger_ui.py for tasks to queue
[2024-11-01T18:32:19.092+0000] {logging_mixin.py:150} INFO - [2024-11-01T18:32:19.092+0000] {dagbag.py:541} INFO - Filling up the DagBag from /home/airflow/.local/lib/python3.7/site-packages/airflow/example_dags/example_params_trigger_ui.py
[2024-11-01T18:32:19.113+0000] {processor.py:836} INFO - DAG(s) dict_keys(['example_params_trigger_ui']) retrieved from /home/airflow/.local/lib/python3.7/site-packages/airflow/example_dags/example_params_trigger_ui.py
[2024-11-01T18:32:19.162+0000] {logging_mixin.py:150} INFO - [2024-11-01T18:32:19.162+0000] {dag.py:2742} INFO - Sync 1 DAGs
[2024-11-01T18:32:19.175+0000] {logging_mixin.py:150} INFO - [2024-11-01T18:32:19.175+0000] {dag.py:3508} INFO - Setting next_dagrun for example_params_trigger_ui to None, run_after=None
[2024-11-01T18:32:19.188+0000] {processor.py:179} INFO - Processing /home/airflow/.local/lib/python3.7/site-packages/airflow/example_dags/example_params_trigger_ui.py took 0.099 seconds
[2024-11-01T18:32:49.822+0000] {processor.py:157} INFO - Started process (PID=1380) to work on /home/airflow/.local/lib/python3.7/site-packages/airflow/example_dags/example_params_trigger_ui.py
[2024-11-01T18:32:49.824+0000] {processor.py:826} INFO - Processing file /home/airflow/.local/lib/python3.7/site-packages/airflow/example_dags/example_params_trigger_ui.py for tasks to queue
[2024-11-01T18:32:49.825+0000] {logging_mixin.py:150} INFO - [2024-11-01T18:32:49.824+0000] {dagbag.py:541} INFO - Filling up the DagBag from /home/airflow/.local/lib/python3.7/site-packages/airflow/example_dags/example_params_trigger_ui.py
[2024-11-01T18:32:49.845+0000] {processor.py:836} INFO - DAG(s) dict_keys(['example_params_trigger_ui']) retrieved from /home/airflow/.local/lib/python3.7/site-packages/airflow/example_dags/example_params_trigger_ui.py
[2024-11-01T18:32:49.917+0000] {logging_mixin.py:150} INFO - [2024-11-01T18:32:49.917+0000] {dag.py:2742} INFO - Sync 1 DAGs
[2024-11-01T18:32:49.935+0000] {logging_mixin.py:150} INFO - [2024-11-01T18:32:49.935+0000] {dag.py:3508} INFO - Setting next_dagrun for example_params_trigger_ui to None, run_after=None
[2024-11-01T18:32:49.947+0000] {processor.py:179} INFO - Processing /home/airflow/.local/lib/python3.7/site-packages/airflow/example_dags/example_params_trigger_ui.py took 0.129 seconds
[2024-11-01T18:33:20.499+0000] {processor.py:157} INFO - Started process (PID=1443) to work on /home/airflow/.local/lib/python3.7/site-packages/airflow/example_dags/example_params_trigger_ui.py
[2024-11-01T18:33:20.500+0000] {processor.py:826} INFO - Processing file /home/airflow/.local/lib/python3.7/site-packages/airflow/example_dags/example_params_trigger_ui.py for tasks to queue
[2024-11-01T18:33:20.500+0000] {logging_mixin.py:150} INFO - [2024-11-01T18:33:20.500+0000] {dagbag.py:541} INFO - Filling up the DagBag from /home/airflow/.local/lib/python3.7/site-packages/airflow/example_dags/example_params_trigger_ui.py
[2024-11-01T18:33:20.516+0000] {processor.py:836} INFO - DAG(s) dict_keys(['example_params_trigger_ui']) retrieved from /home/airflow/.local/lib/python3.7/site-packages/airflow/example_dags/example_params_trigger_ui.py
[2024-11-01T18:33:20.565+0000] {logging_mixin.py:150} INFO - [2024-11-01T18:33:20.565+0000] {dag.py:2742} INFO - Sync 1 DAGs
[2024-11-01T18:33:20.581+0000] {logging_mixin.py:150} INFO - [2024-11-01T18:33:20.581+0000] {dag.py:3508} INFO - Setting next_dagrun for example_params_trigger_ui to None, run_after=None
[2024-11-01T18:33:20.597+0000] {processor.py:179} INFO - Processing /home/airflow/.local/lib/python3.7/site-packages/airflow/example_dags/example_params_trigger_ui.py took 0.100 seconds
[2024-11-01T18:33:50.646+0000] {processor.py:157} INFO - Started process (PID=1505) to work on /home/airflow/.local/lib/python3.7/site-packages/airflow/example_dags/example_params_trigger_ui.py
[2024-11-01T18:33:50.648+0000] {processor.py:826} INFO - Processing file /home/airflow/.local/lib/python3.7/site-packages/airflow/example_dags/example_params_trigger_ui.py for tasks to queue
[2024-11-01T18:33:50.649+0000] {logging_mixin.py:150} INFO - [2024-11-01T18:33:50.648+0000] {dagbag.py:541} INFO - Filling up the DagBag from /home/airflow/.local/lib/python3.7/site-packages/airflow/example_dags/example_params_trigger_ui.py
[2024-11-01T18:33:50.662+0000] {processor.py:836} INFO - DAG(s) dict_keys(['example_params_trigger_ui']) retrieved from /home/airflow/.local/lib/python3.7/site-packages/airflow/example_dags/example_params_trigger_ui.py
[2024-11-01T18:33:50.705+0000] {logging_mixin.py:150} INFO - [2024-11-01T18:33:50.705+0000] {dag.py:2742} INFO - Sync 1 DAGs
[2024-11-01T18:33:50.929+0000] {logging_mixin.py:150} INFO - [2024-11-01T18:33:50.929+0000] {dag.py:3508} INFO - Setting next_dagrun for example_params_trigger_ui to None, run_after=None
[2024-11-01T18:33:51.114+0000] {processor.py:179} INFO - Processing /home/airflow/.local/lib/python3.7/site-packages/airflow/example_dags/example_params_trigger_ui.py took 0.470 seconds
[2024-11-01T18:34:22.006+0000] {processor.py:157} INFO - Started process (PID=1567) to work on /home/airflow/.local/lib/python3.7/site-packages/airflow/example_dags/example_params_trigger_ui.py
[2024-11-01T18:34:22.006+0000] {processor.py:826} INFO - Processing file /home/airflow/.local/lib/python3.7/site-packages/airflow/example_dags/example_params_trigger_ui.py for tasks to queue
[2024-11-01T18:34:22.010+0000] {logging_mixin.py:150} INFO - [2024-11-01T18:34:22.010+0000] {dagbag.py:541} INFO - Filling up the DagBag from /home/airflow/.local/lib/python3.7/site-packages/airflow/example_dags/example_params_trigger_ui.py
[2024-11-01T18:34:22.031+0000] {processor.py:836} INFO - DAG(s) dict_keys(['example_params_trigger_ui']) retrieved from /home/airflow/.local/lib/python3.7/site-packages/airflow/example_dags/example_params_trigger_ui.py
[2024-11-01T18:34:22.107+0000] {logging_mixin.py:150} INFO - [2024-11-01T18:34:22.107+0000] {dag.py:2742} INFO - Sync 1 DAGs
[2024-11-01T18:34:22.127+0000] {logging_mixin.py:150} INFO - [2024-11-01T18:34:22.127+0000] {dag.py:3508} INFO - Setting next_dagrun for example_params_trigger_ui to None, run_after=None
[2024-11-01T18:34:22.142+0000] {processor.py:179} INFO - Processing /home/airflow/.local/lib/python3.7/site-packages/airflow/example_dags/example_params_trigger_ui.py took 0.139 seconds
[2024-11-01T18:34:52.615+0000] {processor.py:157} INFO - Started process (PID=1629) to work on /home/airflow/.local/lib/python3.7/site-packages/airflow/example_dags/example_params_trigger_ui.py
[2024-11-01T18:34:52.616+0000] {processor.py:826} INFO - Processing file /home/airflow/.local/lib/python3.7/site-packages/airflow/example_dags/example_params_trigger_ui.py for tasks to queue
[2024-11-01T18:34:52.617+0000] {logging_mixin.py:150} INFO - [2024-11-01T18:34:52.616+0000] {dagbag.py:541} INFO - Filling up the DagBag from /home/airflow/.local/lib/python3.7/site-packages/airflow/example_dags/example_params_trigger_ui.py
[2024-11-01T18:34:52.634+0000] {processor.py:836} INFO - DAG(s) dict_keys(['example_params_trigger_ui']) retrieved from /home/airflow/.local/lib/python3.7/site-packages/airflow/example_dags/example_params_trigger_ui.py
[2024-11-01T18:34:52.680+0000] {logging_mixin.py:150} INFO - [2024-11-01T18:34:52.680+0000] {dag.py:2742} INFO - Sync 1 DAGs
[2024-11-01T18:34:52.693+0000] {logging_mixin.py:150} INFO - [2024-11-01T18:34:52.693+0000] {dag.py:3508} INFO - Setting next_dagrun for example_params_trigger_ui to None, run_after=None
[2024-11-01T18:34:52.701+0000] {processor.py:179} INFO - Processing /home/airflow/.local/lib/python3.7/site-packages/airflow/example_dags/example_params_trigger_ui.py took 0.088 seconds
[2024-11-01T18:35:23.199+0000] {processor.py:157} INFO - Started process (PID=1691) to work on /home/airflow/.local/lib/python3.7/site-packages/airflow/example_dags/example_params_trigger_ui.py
[2024-11-01T18:35:23.201+0000] {processor.py:826} INFO - Processing file /home/airflow/.local/lib/python3.7/site-packages/airflow/example_dags/example_params_trigger_ui.py for tasks to queue
[2024-11-01T18:35:23.204+0000] {logging_mixin.py:150} INFO - [2024-11-01T18:35:23.204+0000] {dagbag.py:541} INFO - Filling up the DagBag from /home/airflow/.local/lib/python3.7/site-packages/airflow/example_dags/example_params_trigger_ui.py
[2024-11-01T18:35:23.219+0000] {processor.py:836} INFO - DAG(s) dict_keys(['example_params_trigger_ui']) retrieved from /home/airflow/.local/lib/python3.7/site-packages/airflow/example_dags/example_params_trigger_ui.py
[2024-11-01T18:35:23.267+0000] {logging_mixin.py:150} INFO - [2024-11-01T18:35:23.267+0000] {dag.py:2742} INFO - Sync 1 DAGs
[2024-11-01T18:35:23.283+0000] {logging_mixin.py:150} INFO - [2024-11-01T18:35:23.283+0000] {dag.py:3508} INFO - Setting next_dagrun for example_params_trigger_ui to None, run_after=None
[2024-11-01T18:35:23.294+0000] {processor.py:179} INFO - Processing /home/airflow/.local/lib/python3.7/site-packages/airflow/example_dags/example_params_trigger_ui.py took 0.097 seconds
[2024-11-01T18:35:54.043+0000] {processor.py:157} INFO - Started process (PID=1753) to work on /home/airflow/.local/lib/python3.7/site-packages/airflow/example_dags/example_params_trigger_ui.py
[2024-11-01T18:35:54.049+0000] {processor.py:826} INFO - Processing file /home/airflow/.local/lib/python3.7/site-packages/airflow/example_dags/example_params_trigger_ui.py for tasks to queue
[2024-11-01T18:35:54.052+0000] {logging_mixin.py:150} INFO - [2024-11-01T18:35:54.052+0000] {dagbag.py:541} INFO - Filling up the DagBag from /home/airflow/.local/lib/python3.7/site-packages/airflow/example_dags/example_params_trigger_ui.py
[2024-11-01T18:35:54.390+0000] {processor.py:836} INFO - DAG(s) dict_keys(['example_params_trigger_ui']) retrieved from /home/airflow/.local/lib/python3.7/site-packages/airflow/example_dags/example_params_trigger_ui.py
[2024-11-01T18:35:54.528+0000] {logging_mixin.py:150} INFO - [2024-11-01T18:35:54.527+0000] {dag.py:2742} INFO - Sync 1 DAGs
[2024-11-01T18:35:54.568+0000] {logging_mixin.py:150} INFO - [2024-11-01T18:35:54.567+0000] {dag.py:3508} INFO - Setting next_dagrun for example_params_trigger_ui to None, run_after=None
[2024-11-01T18:35:54.596+0000] {processor.py:179} INFO - Processing /home/airflow/.local/lib/python3.7/site-packages/airflow/example_dags/example_params_trigger_ui.py took 0.570 seconds
[2024-11-01T18:36:25.750+0000] {processor.py:157} INFO - Started process (PID=1814) to work on /home/airflow/.local/lib/python3.7/site-packages/airflow/example_dags/example_params_trigger_ui.py
[2024-11-01T18:36:25.751+0000] {processor.py:826} INFO - Processing file /home/airflow/.local/lib/python3.7/site-packages/airflow/example_dags/example_params_trigger_ui.py for tasks to queue
[2024-11-01T18:36:25.752+0000] {logging_mixin.py:150} INFO - [2024-11-01T18:36:25.752+0000] {dagbag.py:541} INFO - Filling up the DagBag from /home/airflow/.local/lib/python3.7/site-packages/airflow/example_dags/example_params_trigger_ui.py
[2024-11-01T18:36:25.774+0000] {processor.py:836} INFO - DAG(s) dict_keys(['example_params_trigger_ui']) retrieved from /home/airflow/.local/lib/python3.7/site-packages/airflow/example_dags/example_params_trigger_ui.py
[2024-11-01T18:36:25.820+0000] {logging_mixin.py:150} INFO - [2024-11-01T18:36:25.819+0000] {dag.py:2742} INFO - Sync 1 DAGs
[2024-11-01T18:36:25.836+0000] {logging_mixin.py:150} INFO - [2024-11-01T18:36:25.836+0000] {dag.py:3508} INFO - Setting next_dagrun for example_params_trigger_ui to None, run_after=None
[2024-11-01T18:36:25.845+0000] {processor.py:179} INFO - Processing /home/airflow/.local/lib/python3.7/site-packages/airflow/example_dags/example_params_trigger_ui.py took 0.097 seconds
[2024-11-01T18:36:56.375+0000] {processor.py:157} INFO - Started process (PID=1875) to work on /home/airflow/.local/lib/python3.7/site-packages/airflow/example_dags/example_params_trigger_ui.py
[2024-11-01T18:36:56.377+0000] {processor.py:826} INFO - Processing file /home/airflow/.local/lib/python3.7/site-packages/airflow/example_dags/example_params_trigger_ui.py for tasks to queue
[2024-11-01T18:36:56.377+0000] {logging_mixin.py:150} INFO - [2024-11-01T18:36:56.377+0000] {dagbag.py:541} INFO - Filling up the DagBag from /home/airflow/.local/lib/python3.7/site-packages/airflow/example_dags/example_params_trigger_ui.py
[2024-11-01T18:36:56.393+0000] {processor.py:836} INFO - DAG(s) dict_keys(['example_params_trigger_ui']) retrieved from /home/airflow/.local/lib/python3.7/site-packages/airflow/example_dags/example_params_trigger_ui.py
[2024-11-01T18:36:56.443+0000] {logging_mixin.py:150} INFO - [2024-11-01T18:36:56.443+0000] {dag.py:2742} INFO - Sync 1 DAGs
[2024-11-01T18:36:56.458+0000] {logging_mixin.py:150} INFO - [2024-11-01T18:36:56.458+0000] {dag.py:3508} INFO - Setting next_dagrun for example_params_trigger_ui to None, run_after=None
[2024-11-01T18:36:56.467+0000] {processor.py:179} INFO - Processing /home/airflow/.local/lib/python3.7/site-packages/airflow/example_dags/example_params_trigger_ui.py took 0.105 seconds
[2024-11-01T18:37:26.766+0000] {processor.py:157} INFO - Started process (PID=1937) to work on /home/airflow/.local/lib/python3.7/site-packages/airflow/example_dags/example_params_trigger_ui.py
[2024-11-01T18:37:26.767+0000] {processor.py:826} INFO - Processing file /home/airflow/.local/lib/python3.7/site-packages/airflow/example_dags/example_params_trigger_ui.py for tasks to queue
[2024-11-01T18:37:26.768+0000] {logging_mixin.py:150} INFO - [2024-11-01T18:37:26.768+0000] {dagbag.py:541} INFO - Filling up the DagBag from /home/airflow/.local/lib/python3.7/site-packages/airflow/example_dags/example_params_trigger_ui.py
[2024-11-01T18:37:26.788+0000] {processor.py:836} INFO - DAG(s) dict_keys(['example_params_trigger_ui']) retrieved from /home/airflow/.local/lib/python3.7/site-packages/airflow/example_dags/example_params_trigger_ui.py
[2024-11-01T18:37:26.837+0000] {logging_mixin.py:150} INFO - [2024-11-01T18:37:26.837+0000] {dag.py:2742} INFO - Sync 1 DAGs
[2024-11-01T18:37:26.854+0000] {logging_mixin.py:150} INFO - [2024-11-01T18:37:26.854+0000] {dag.py:3508} INFO - Setting next_dagrun for example_params_trigger_ui to None, run_after=None
[2024-11-01T18:37:26.870+0000] {processor.py:179} INFO - Processing /home/airflow/.local/lib/python3.7/site-packages/airflow/example_dags/example_params_trigger_ui.py took 0.110 seconds
[2024-11-01T18:38:01.317+0000] {processor.py:157} INFO - Started process (PID=1999) to work on /home/airflow/.local/lib/python3.7/site-packages/airflow/example_dags/example_params_trigger_ui.py
[2024-11-01T18:38:01.318+0000] {processor.py:826} INFO - Processing file /home/airflow/.local/lib/python3.7/site-packages/airflow/example_dags/example_params_trigger_ui.py for tasks to queue
[2024-11-01T18:38:01.319+0000] {logging_mixin.py:150} INFO - [2024-11-01T18:38:01.319+0000] {dagbag.py:541} INFO - Filling up the DagBag from /home/airflow/.local/lib/python3.7/site-packages/airflow/example_dags/example_params_trigger_ui.py
[2024-11-01T18:38:01.368+0000] {processor.py:836} INFO - DAG(s) dict_keys(['example_params_trigger_ui']) retrieved from /home/airflow/.local/lib/python3.7/site-packages/airflow/example_dags/example_params_trigger_ui.py
[2024-11-01T18:38:01.566+0000] {logging_mixin.py:150} INFO - [2024-11-01T18:38:01.566+0000] {dag.py:2742} INFO - Sync 1 DAGs
[2024-11-01T18:38:01.636+0000] {logging_mixin.py:150} INFO - [2024-11-01T18:38:01.636+0000] {dag.py:3508} INFO - Setting next_dagrun for example_params_trigger_ui to None, run_after=None
[2024-11-01T18:38:01.661+0000] {processor.py:179} INFO - Processing /home/airflow/.local/lib/python3.7/site-packages/airflow/example_dags/example_params_trigger_ui.py took 0.349 seconds
[2024-11-01T18:38:32.286+0000] {processor.py:157} INFO - Started process (PID=2061) to work on /home/airflow/.local/lib/python3.7/site-packages/airflow/example_dags/example_params_trigger_ui.py
[2024-11-01T18:38:32.287+0000] {processor.py:826} INFO - Processing file /home/airflow/.local/lib/python3.7/site-packages/airflow/example_dags/example_params_trigger_ui.py for tasks to queue
[2024-11-01T18:38:32.287+0000] {logging_mixin.py:150} INFO - [2024-11-01T18:38:32.287+0000] {dagbag.py:541} INFO - Filling up the DagBag from /home/airflow/.local/lib/python3.7/site-packages/airflow/example_dags/example_params_trigger_ui.py
[2024-11-01T18:38:32.305+0000] {processor.py:836} INFO - DAG(s) dict_keys(['example_params_trigger_ui']) retrieved from /home/airflow/.local/lib/python3.7/site-packages/airflow/example_dags/example_params_trigger_ui.py
[2024-11-01T18:38:32.363+0000] {logging_mixin.py:150} INFO - [2024-11-01T18:38:32.363+0000] {dag.py:2742} INFO - Sync 1 DAGs
[2024-11-01T18:38:32.381+0000] {logging_mixin.py:150} INFO - [2024-11-01T18:38:32.381+0000] {dag.py:3508} INFO - Setting next_dagrun for example_params_trigger_ui to None, run_after=None
[2024-11-01T18:38:32.397+0000] {processor.py:179} INFO - Processing /home/airflow/.local/lib/python3.7/site-packages/airflow/example_dags/example_params_trigger_ui.py took 0.113 seconds
[2024-11-01T18:39:02.770+0000] {processor.py:157} INFO - Started process (PID=2123) to work on /home/airflow/.local/lib/python3.7/site-packages/airflow/example_dags/example_params_trigger_ui.py
[2024-11-01T18:39:02.774+0000] {processor.py:826} INFO - Processing file /home/airflow/.local/lib/python3.7/site-packages/airflow/example_dags/example_params_trigger_ui.py for tasks to queue
[2024-11-01T18:39:02.775+0000] {logging_mixin.py:150} INFO - [2024-11-01T18:39:02.775+0000] {dagbag.py:541} INFO - Filling up the DagBag from /home/airflow/.local/lib/python3.7/site-packages/airflow/example_dags/example_params_trigger_ui.py
[2024-11-01T18:39:02.792+0000] {processor.py:836} INFO - DAG(s) dict_keys(['example_params_trigger_ui']) retrieved from /home/airflow/.local/lib/python3.7/site-packages/airflow/example_dags/example_params_trigger_ui.py
[2024-11-01T18:39:02.840+0000] {logging_mixin.py:150} INFO - [2024-11-01T18:39:02.840+0000] {dag.py:2742} INFO - Sync 1 DAGs
[2024-11-01T18:39:02.857+0000] {logging_mixin.py:150} INFO - [2024-11-01T18:39:02.857+0000] {dag.py:3508} INFO - Setting next_dagrun for example_params_trigger_ui to None, run_after=None
[2024-11-01T18:39:02.874+0000] {processor.py:179} INFO - Processing /home/airflow/.local/lib/python3.7/site-packages/airflow/example_dags/example_params_trigger_ui.py took 0.112 seconds
[2024-11-01T18:39:33.567+0000] {processor.py:157} INFO - Started process (PID=2184) to work on /home/airflow/.local/lib/python3.7/site-packages/airflow/example_dags/example_params_trigger_ui.py
[2024-11-01T18:39:33.567+0000] {processor.py:826} INFO - Processing file /home/airflow/.local/lib/python3.7/site-packages/airflow/example_dags/example_params_trigger_ui.py for tasks to queue
[2024-11-01T18:39:33.568+0000] {logging_mixin.py:150} INFO - [2024-11-01T18:39:33.568+0000] {dagbag.py:541} INFO - Filling up the DagBag from /home/airflow/.local/lib/python3.7/site-packages/airflow/example_dags/example_params_trigger_ui.py
[2024-11-01T18:39:33.583+0000] {processor.py:836} INFO - DAG(s) dict_keys(['example_params_trigger_ui']) retrieved from /home/airflow/.local/lib/python3.7/site-packages/airflow/example_dags/example_params_trigger_ui.py
[2024-11-01T18:39:33.626+0000] {logging_mixin.py:150} INFO - [2024-11-01T18:39:33.626+0000] {dag.py:2742} INFO - Sync 1 DAGs
[2024-11-01T18:39:33.641+0000] {logging_mixin.py:150} INFO - [2024-11-01T18:39:33.641+0000] {dag.py:3508} INFO - Setting next_dagrun for example_params_trigger_ui to None, run_after=None
[2024-11-01T18:39:33.650+0000] {processor.py:179} INFO - Processing /home/airflow/.local/lib/python3.7/site-packages/airflow/example_dags/example_params_trigger_ui.py took 0.085 seconds
[2024-11-01T18:40:03.854+0000] {processor.py:157} INFO - Started process (PID=2246) to work on /home/airflow/.local/lib/python3.7/site-packages/airflow/example_dags/example_params_trigger_ui.py
[2024-11-01T18:40:03.856+0000] {processor.py:826} INFO - Processing file /home/airflow/.local/lib/python3.7/site-packages/airflow/example_dags/example_params_trigger_ui.py for tasks to queue
[2024-11-01T18:40:03.856+0000] {logging_mixin.py:150} INFO - [2024-11-01T18:40:03.856+0000] {dagbag.py:541} INFO - Filling up the DagBag from /home/airflow/.local/lib/python3.7/site-packages/airflow/example_dags/example_params_trigger_ui.py
[2024-11-01T18:40:03.880+0000] {processor.py:836} INFO - DAG(s) dict_keys(['example_params_trigger_ui']) retrieved from /home/airflow/.local/lib/python3.7/site-packages/airflow/example_dags/example_params_trigger_ui.py
[2024-11-01T18:40:03.926+0000] {logging_mixin.py:150} INFO - [2024-11-01T18:40:03.926+0000] {dag.py:2742} INFO - Sync 1 DAGs
[2024-11-01T18:40:03.946+0000] {logging_mixin.py:150} INFO - [2024-11-01T18:40:03.945+0000] {dag.py:3508} INFO - Setting next_dagrun for example_params_trigger_ui to None, run_after=None
[2024-11-01T18:40:03.960+0000] {processor.py:179} INFO - Processing /home/airflow/.local/lib/python3.7/site-packages/airflow/example_dags/example_params_trigger_ui.py took 0.114 seconds
[2024-11-01T18:40:34.468+0000] {processor.py:157} INFO - Started process (PID=2308) to work on /home/airflow/.local/lib/python3.7/site-packages/airflow/example_dags/example_params_trigger_ui.py
[2024-11-01T18:40:34.559+0000] {processor.py:826} INFO - Processing file /home/airflow/.local/lib/python3.7/site-packages/airflow/example_dags/example_params_trigger_ui.py for tasks to queue
[2024-11-01T18:40:34.560+0000] {logging_mixin.py:150} INFO - [2024-11-01T18:40:34.559+0000] {dagbag.py:541} INFO - Filling up the DagBag from /home/airflow/.local/lib/python3.7/site-packages/airflow/example_dags/example_params_trigger_ui.py
[2024-11-01T18:40:34.584+0000] {processor.py:836} INFO - DAG(s) dict_keys(['example_params_trigger_ui']) retrieved from /home/airflow/.local/lib/python3.7/site-packages/airflow/example_dags/example_params_trigger_ui.py
[2024-11-01T18:40:34.630+0000] {logging_mixin.py:150} INFO - [2024-11-01T18:40:34.630+0000] {dag.py:2742} INFO - Sync 1 DAGs
[2024-11-01T18:40:34.645+0000] {logging_mixin.py:150} INFO - [2024-11-01T18:40:34.645+0000] {dag.py:3508} INFO - Setting next_dagrun for example_params_trigger_ui to None, run_after=None
[2024-11-01T18:40:34.802+0000] {processor.py:179} INFO - Processing /home/airflow/.local/lib/python3.7/site-packages/airflow/example_dags/example_params_trigger_ui.py took 0.340 seconds
[2024-11-01T18:41:04.931+0000] {processor.py:157} INFO - Started process (PID=2370) to work on /home/airflow/.local/lib/python3.7/site-packages/airflow/example_dags/example_params_trigger_ui.py
[2024-11-01T18:41:04.932+0000] {processor.py:826} INFO - Processing file /home/airflow/.local/lib/python3.7/site-packages/airflow/example_dags/example_params_trigger_ui.py for tasks to queue
[2024-11-01T18:41:04.932+0000] {logging_mixin.py:150} INFO - [2024-11-01T18:41:04.932+0000] {dagbag.py:541} INFO - Filling up the DagBag from /home/airflow/.local/lib/python3.7/site-packages/airflow/example_dags/example_params_trigger_ui.py
[2024-11-01T18:41:04.955+0000] {processor.py:836} INFO - DAG(s) dict_keys(['example_params_trigger_ui']) retrieved from /home/airflow/.local/lib/python3.7/site-packages/airflow/example_dags/example_params_trigger_ui.py
[2024-11-01T18:41:05.004+0000] {logging_mixin.py:150} INFO - [2024-11-01T18:41:05.004+0000] {dag.py:2742} INFO - Sync 1 DAGs
[2024-11-01T18:41:05.032+0000] {logging_mixin.py:150} INFO - [2024-11-01T18:41:05.032+0000] {dag.py:3508} INFO - Setting next_dagrun for example_params_trigger_ui to None, run_after=None
[2024-11-01T18:41:05.084+0000] {processor.py:179} INFO - Processing /home/airflow/.local/lib/python3.7/site-packages/airflow/example_dags/example_params_trigger_ui.py took 0.155 seconds
[2024-11-01T18:41:36.015+0000] {processor.py:157} INFO - Started process (PID=2432) to work on /home/airflow/.local/lib/python3.7/site-packages/airflow/example_dags/example_params_trigger_ui.py
[2024-11-01T18:41:36.018+0000] {processor.py:826} INFO - Processing file /home/airflow/.local/lib/python3.7/site-packages/airflow/example_dags/example_params_trigger_ui.py for tasks to queue
[2024-11-01T18:41:36.020+0000] {logging_mixin.py:150} INFO - [2024-11-01T18:41:36.019+0000] {dagbag.py:541} INFO - Filling up the DagBag from /home/airflow/.local/lib/python3.7/site-packages/airflow/example_dags/example_params_trigger_ui.py
[2024-11-01T18:41:36.046+0000] {processor.py:836} INFO - DAG(s) dict_keys(['example_params_trigger_ui']) retrieved from /home/airflow/.local/lib/python3.7/site-packages/airflow/example_dags/example_params_trigger_ui.py
[2024-11-01T18:41:36.106+0000] {logging_mixin.py:150} INFO - [2024-11-01T18:41:36.106+0000] {dag.py:2742} INFO - Sync 1 DAGs
[2024-11-01T18:41:36.135+0000] {logging_mixin.py:150} INFO - [2024-11-01T18:41:36.135+0000] {dag.py:3508} INFO - Setting next_dagrun for example_params_trigger_ui to None, run_after=None
[2024-11-01T18:41:36.157+0000] {processor.py:179} INFO - Processing /home/airflow/.local/lib/python3.7/site-packages/airflow/example_dags/example_params_trigger_ui.py took 0.157 seconds
[2024-11-01T18:42:07.301+0000] {processor.py:157} INFO - Started process (PID=2494) to work on /home/airflow/.local/lib/python3.7/site-packages/airflow/example_dags/example_params_trigger_ui.py
[2024-11-01T18:42:07.304+0000] {processor.py:826} INFO - Processing file /home/airflow/.local/lib/python3.7/site-packages/airflow/example_dags/example_params_trigger_ui.py for tasks to queue
[2024-11-01T18:42:07.306+0000] {logging_mixin.py:150} INFO - [2024-11-01T18:42:07.305+0000] {dagbag.py:541} INFO - Filling up the DagBag from /home/airflow/.local/lib/python3.7/site-packages/airflow/example_dags/example_params_trigger_ui.py
[2024-11-01T18:42:07.324+0000] {processor.py:836} INFO - DAG(s) dict_keys(['example_params_trigger_ui']) retrieved from /home/airflow/.local/lib/python3.7/site-packages/airflow/example_dags/example_params_trigger_ui.py
[2024-11-01T18:42:07.384+0000] {logging_mixin.py:150} INFO - [2024-11-01T18:42:07.384+0000] {dag.py:2742} INFO - Sync 1 DAGs
[2024-11-01T18:42:07.400+0000] {logging_mixin.py:150} INFO - [2024-11-01T18:42:07.400+0000] {dag.py:3508} INFO - Setting next_dagrun for example_params_trigger_ui to None, run_after=None
[2024-11-01T18:42:07.415+0000] {processor.py:179} INFO - Processing /home/airflow/.local/lib/python3.7/site-packages/airflow/example_dags/example_params_trigger_ui.py took 0.117 seconds
[2024-11-01T18:42:37.988+0000] {processor.py:157} INFO - Started process (PID=2556) to work on /home/airflow/.local/lib/python3.7/site-packages/airflow/example_dags/example_params_trigger_ui.py
[2024-11-01T18:42:37.991+0000] {processor.py:826} INFO - Processing file /home/airflow/.local/lib/python3.7/site-packages/airflow/example_dags/example_params_trigger_ui.py for tasks to queue
[2024-11-01T18:42:37.991+0000] {logging_mixin.py:150} INFO - [2024-11-01T18:42:37.991+0000] {dagbag.py:541} INFO - Filling up the DagBag from /home/airflow/.local/lib/python3.7/site-packages/airflow/example_dags/example_params_trigger_ui.py
[2024-11-01T18:42:38.011+0000] {processor.py:836} INFO - DAG(s) dict_keys(['example_params_trigger_ui']) retrieved from /home/airflow/.local/lib/python3.7/site-packages/airflow/example_dags/example_params_trigger_ui.py
[2024-11-01T18:42:38.063+0000] {logging_mixin.py:150} INFO - [2024-11-01T18:42:38.063+0000] {dag.py:2742} INFO - Sync 1 DAGs
[2024-11-01T18:42:38.086+0000] {logging_mixin.py:150} INFO - [2024-11-01T18:42:38.085+0000] {dag.py:3508} INFO - Setting next_dagrun for example_params_trigger_ui to None, run_after=None
[2024-11-01T18:42:38.105+0000] {processor.py:179} INFO - Processing /home/airflow/.local/lib/python3.7/site-packages/airflow/example_dags/example_params_trigger_ui.py took 0.127 seconds
[2024-11-01T18:43:11.125+0000] {processor.py:157} INFO - Started process (PID=2609) to work on /home/airflow/.local/lib/python3.7/site-packages/airflow/example_dags/example_params_trigger_ui.py
[2024-11-01T18:43:11.126+0000] {processor.py:826} INFO - Processing file /home/airflow/.local/lib/python3.7/site-packages/airflow/example_dags/example_params_trigger_ui.py for tasks to queue
[2024-11-01T18:43:11.127+0000] {logging_mixin.py:150} INFO - [2024-11-01T18:43:11.127+0000] {dagbag.py:541} INFO - Filling up the DagBag from /home/airflow/.local/lib/python3.7/site-packages/airflow/example_dags/example_params_trigger_ui.py
[2024-11-01T18:43:11.146+0000] {processor.py:836} INFO - DAG(s) dict_keys(['example_params_trigger_ui']) retrieved from /home/airflow/.local/lib/python3.7/site-packages/airflow/example_dags/example_params_trigger_ui.py
[2024-11-01T18:43:11.208+0000] {logging_mixin.py:150} INFO - [2024-11-01T18:43:11.207+0000] {dag.py:2742} INFO - Sync 1 DAGs
[2024-11-01T18:43:11.238+0000] {logging_mixin.py:150} INFO - [2024-11-01T18:43:11.237+0000] {dag.py:3508} INFO - Setting next_dagrun for example_params_trigger_ui to None, run_after=None
[2024-11-01T18:43:11.264+0000] {processor.py:179} INFO - Processing /home/airflow/.local/lib/python3.7/site-packages/airflow/example_dags/example_params_trigger_ui.py took 0.143 seconds
[2024-11-01T18:43:41.889+0000] {processor.py:157} INFO - Started process (PID=2678) to work on /home/airflow/.local/lib/python3.7/site-packages/airflow/example_dags/example_params_trigger_ui.py
[2024-11-01T18:43:41.890+0000] {processor.py:826} INFO - Processing file /home/airflow/.local/lib/python3.7/site-packages/airflow/example_dags/example_params_trigger_ui.py for tasks to queue
[2024-11-01T18:43:41.891+0000] {logging_mixin.py:150} INFO - [2024-11-01T18:43:41.891+0000] {dagbag.py:541} INFO - Filling up the DagBag from /home/airflow/.local/lib/python3.7/site-packages/airflow/example_dags/example_params_trigger_ui.py
[2024-11-01T18:43:41.910+0000] {processor.py:836} INFO - DAG(s) dict_keys(['example_params_trigger_ui']) retrieved from /home/airflow/.local/lib/python3.7/site-packages/airflow/example_dags/example_params_trigger_ui.py
[2024-11-01T18:43:41.956+0000] {logging_mixin.py:150} INFO - [2024-11-01T18:43:41.956+0000] {dag.py:2742} INFO - Sync 1 DAGs
[2024-11-01T18:43:41.970+0000] {logging_mixin.py:150} INFO - [2024-11-01T18:43:41.970+0000] {dag.py:3508} INFO - Setting next_dagrun for example_params_trigger_ui to None, run_after=None
[2024-11-01T18:43:41.980+0000] {processor.py:179} INFO - Processing /home/airflow/.local/lib/python3.7/site-packages/airflow/example_dags/example_params_trigger_ui.py took 0.093 seconds
[2024-11-01T18:44:12.058+0000] {processor.py:157} INFO - Started process (PID=2740) to work on /home/airflow/.local/lib/python3.7/site-packages/airflow/example_dags/example_params_trigger_ui.py
[2024-11-01T18:44:12.060+0000] {processor.py:826} INFO - Processing file /home/airflow/.local/lib/python3.7/site-packages/airflow/example_dags/example_params_trigger_ui.py for tasks to queue
[2024-11-01T18:44:12.060+0000] {logging_mixin.py:150} INFO - [2024-11-01T18:44:12.060+0000] {dagbag.py:541} INFO - Filling up the DagBag from /home/airflow/.local/lib/python3.7/site-packages/airflow/example_dags/example_params_trigger_ui.py
[2024-11-01T18:44:12.082+0000] {processor.py:836} INFO - DAG(s) dict_keys(['example_params_trigger_ui']) retrieved from /home/airflow/.local/lib/python3.7/site-packages/airflow/example_dags/example_params_trigger_ui.py
[2024-11-01T18:44:12.139+0000] {logging_mixin.py:150} INFO - [2024-11-01T18:44:12.139+0000] {dag.py:2742} INFO - Sync 1 DAGs
[2024-11-01T18:44:12.178+0000] {logging_mixin.py:150} INFO - [2024-11-01T18:44:12.178+0000] {dag.py:3508} INFO - Setting next_dagrun for example_params_trigger_ui to None, run_after=None
[2024-11-01T18:44:12.203+0000] {processor.py:179} INFO - Processing /home/airflow/.local/lib/python3.7/site-packages/airflow/example_dags/example_params_trigger_ui.py took 0.147 seconds
[2024-11-01T18:44:42.408+0000] {processor.py:157} INFO - Started process (PID=2802) to work on /home/airflow/.local/lib/python3.7/site-packages/airflow/example_dags/example_params_trigger_ui.py
[2024-11-01T18:44:42.409+0000] {processor.py:826} INFO - Processing file /home/airflow/.local/lib/python3.7/site-packages/airflow/example_dags/example_params_trigger_ui.py for tasks to queue
[2024-11-01T18:44:42.410+0000] {logging_mixin.py:150} INFO - [2024-11-01T18:44:42.410+0000] {dagbag.py:541} INFO - Filling up the DagBag from /home/airflow/.local/lib/python3.7/site-packages/airflow/example_dags/example_params_trigger_ui.py
[2024-11-01T18:44:42.424+0000] {processor.py:836} INFO - DAG(s) dict_keys(['example_params_trigger_ui']) retrieved from /home/airflow/.local/lib/python3.7/site-packages/airflow/example_dags/example_params_trigger_ui.py
[2024-11-01T18:44:42.469+0000] {logging_mixin.py:150} INFO - [2024-11-01T18:44:42.469+0000] {dag.py:2742} INFO - Sync 1 DAGs
[2024-11-01T18:44:42.483+0000] {logging_mixin.py:150} INFO - [2024-11-01T18:44:42.483+0000] {dag.py:3508} INFO - Setting next_dagrun for example_params_trigger_ui to None, run_after=None
[2024-11-01T18:44:42.496+0000] {processor.py:179} INFO - Processing /home/airflow/.local/lib/python3.7/site-packages/airflow/example_dags/example_params_trigger_ui.py took 0.089 seconds
[2024-11-01T18:45:12.734+0000] {processor.py:157} INFO - Started process (PID=2860) to work on /home/airflow/.local/lib/python3.7/site-packages/airflow/example_dags/example_params_trigger_ui.py
[2024-11-01T18:45:12.735+0000] {processor.py:826} INFO - Processing file /home/airflow/.local/lib/python3.7/site-packages/airflow/example_dags/example_params_trigger_ui.py for tasks to queue
[2024-11-01T18:45:12.736+0000] {logging_mixin.py:150} INFO - [2024-11-01T18:45:12.736+0000] {dagbag.py:541} INFO - Filling up the DagBag from /home/airflow/.local/lib/python3.7/site-packages/airflow/example_dags/example_params_trigger_ui.py
[2024-11-01T18:45:12.754+0000] {processor.py:836} INFO - DAG(s) dict_keys(['example_params_trigger_ui']) retrieved from /home/airflow/.local/lib/python3.7/site-packages/airflow/example_dags/example_params_trigger_ui.py
[2024-11-01T18:45:12.803+0000] {logging_mixin.py:150} INFO - [2024-11-01T18:45:12.803+0000] {dag.py:2742} INFO - Sync 1 DAGs
[2024-11-01T18:45:12.817+0000] {logging_mixin.py:150} INFO - [2024-11-01T18:45:12.817+0000] {dag.py:3508} INFO - Setting next_dagrun for example_params_trigger_ui to None, run_after=None
[2024-11-01T18:45:12.833+0000] {processor.py:179} INFO - Processing /home/airflow/.local/lib/python3.7/site-packages/airflow/example_dags/example_params_trigger_ui.py took 0.101 seconds
[2024-11-01T18:45:43.512+0000] {processor.py:157} INFO - Started process (PID=2922) to work on /home/airflow/.local/lib/python3.7/site-packages/airflow/example_dags/example_params_trigger_ui.py
[2024-11-01T18:45:43.513+0000] {processor.py:826} INFO - Processing file /home/airflow/.local/lib/python3.7/site-packages/airflow/example_dags/example_params_trigger_ui.py for tasks to queue
[2024-11-01T18:45:43.514+0000] {logging_mixin.py:150} INFO - [2024-11-01T18:45:43.513+0000] {dagbag.py:541} INFO - Filling up the DagBag from /home/airflow/.local/lib/python3.7/site-packages/airflow/example_dags/example_params_trigger_ui.py
[2024-11-01T18:45:43.529+0000] {processor.py:836} INFO - DAG(s) dict_keys(['example_params_trigger_ui']) retrieved from /home/airflow/.local/lib/python3.7/site-packages/airflow/example_dags/example_params_trigger_ui.py
[2024-11-01T18:45:43.572+0000] {logging_mixin.py:150} INFO - [2024-11-01T18:45:43.572+0000] {dag.py:2742} INFO - Sync 1 DAGs
[2024-11-01T18:45:43.588+0000] {logging_mixin.py:150} INFO - [2024-11-01T18:45:43.587+0000] {dag.py:3508} INFO - Setting next_dagrun for example_params_trigger_ui to None, run_after=None
[2024-11-01T18:45:43.604+0000] {processor.py:179} INFO - Processing /home/airflow/.local/lib/python3.7/site-packages/airflow/example_dags/example_params_trigger_ui.py took 0.094 seconds
[2024-11-01T18:46:14.176+0000] {processor.py:157} INFO - Started process (PID=2982) to work on /home/airflow/.local/lib/python3.7/site-packages/airflow/example_dags/example_params_trigger_ui.py
[2024-11-01T18:46:14.176+0000] {processor.py:826} INFO - Processing file /home/airflow/.local/lib/python3.7/site-packages/airflow/example_dags/example_params_trigger_ui.py for tasks to queue
[2024-11-01T18:46:14.177+0000] {logging_mixin.py:150} INFO - [2024-11-01T18:46:14.177+0000] {dagbag.py:541} INFO - Filling up the DagBag from /home/airflow/.local/lib/python3.7/site-packages/airflow/example_dags/example_params_trigger_ui.py
[2024-11-01T18:46:14.192+0000] {processor.py:836} INFO - DAG(s) dict_keys(['example_params_trigger_ui']) retrieved from /home/airflow/.local/lib/python3.7/site-packages/airflow/example_dags/example_params_trigger_ui.py
[2024-11-01T18:46:14.234+0000] {logging_mixin.py:150} INFO - [2024-11-01T18:46:14.234+0000] {dag.py:2742} INFO - Sync 1 DAGs
[2024-11-01T18:46:14.248+0000] {logging_mixin.py:150} INFO - [2024-11-01T18:46:14.248+0000] {dag.py:3508} INFO - Setting next_dagrun for example_params_trigger_ui to None, run_after=None
[2024-11-01T18:46:14.260+0000] {processor.py:179} INFO - Processing /home/airflow/.local/lib/python3.7/site-packages/airflow/example_dags/example_params_trigger_ui.py took 0.086 seconds
[2024-11-01T18:46:45.496+0000] {processor.py:157} INFO - Started process (PID=3044) to work on /home/airflow/.local/lib/python3.7/site-packages/airflow/example_dags/example_params_trigger_ui.py
[2024-11-01T18:46:45.497+0000] {processor.py:826} INFO - Processing file /home/airflow/.local/lib/python3.7/site-packages/airflow/example_dags/example_params_trigger_ui.py for tasks to queue
[2024-11-01T18:46:45.498+0000] {logging_mixin.py:150} INFO - [2024-11-01T18:46:45.498+0000] {dagbag.py:541} INFO - Filling up the DagBag from /home/airflow/.local/lib/python3.7/site-packages/airflow/example_dags/example_params_trigger_ui.py
[2024-11-01T18:46:45.528+0000] {processor.py:836} INFO - DAG(s) dict_keys(['example_params_trigger_ui']) retrieved from /home/airflow/.local/lib/python3.7/site-packages/airflow/example_dags/example_params_trigger_ui.py
[2024-11-01T18:46:45.603+0000] {logging_mixin.py:150} INFO - [2024-11-01T18:46:45.602+0000] {dag.py:2742} INFO - Sync 1 DAGs
[2024-11-01T18:46:45.640+0000] {logging_mixin.py:150} INFO - [2024-11-01T18:46:45.640+0000] {dag.py:3508} INFO - Setting next_dagrun for example_params_trigger_ui to None, run_after=None
[2024-11-01T18:46:45.670+0000] {processor.py:179} INFO - Processing /home/airflow/.local/lib/python3.7/site-packages/airflow/example_dags/example_params_trigger_ui.py took 0.177 seconds
[2024-11-01T18:47:16.575+0000] {processor.py:157} INFO - Started process (PID=3106) to work on /home/airflow/.local/lib/python3.7/site-packages/airflow/example_dags/example_params_trigger_ui.py
[2024-11-01T18:47:16.576+0000] {processor.py:826} INFO - Processing file /home/airflow/.local/lib/python3.7/site-packages/airflow/example_dags/example_params_trigger_ui.py for tasks to queue
[2024-11-01T18:47:16.577+0000] {logging_mixin.py:150} INFO - [2024-11-01T18:47:16.577+0000] {dagbag.py:541} INFO - Filling up the DagBag from /home/airflow/.local/lib/python3.7/site-packages/airflow/example_dags/example_params_trigger_ui.py
[2024-11-01T18:47:16.599+0000] {processor.py:836} INFO - DAG(s) dict_keys(['example_params_trigger_ui']) retrieved from /home/airflow/.local/lib/python3.7/site-packages/airflow/example_dags/example_params_trigger_ui.py
[2024-11-01T18:47:16.651+0000] {logging_mixin.py:150} INFO - [2024-11-01T18:47:16.651+0000] {dag.py:2742} INFO - Sync 1 DAGs
[2024-11-01T18:47:16.675+0000] {logging_mixin.py:150} INFO - [2024-11-01T18:47:16.675+0000] {dag.py:3508} INFO - Setting next_dagrun for example_params_trigger_ui to None, run_after=None
[2024-11-01T18:47:16.693+0000] {processor.py:179} INFO - Processing /home/airflow/.local/lib/python3.7/site-packages/airflow/example_dags/example_params_trigger_ui.py took 0.121 seconds
[2024-11-01T18:47:46.896+0000] {processor.py:157} INFO - Started process (PID=3169) to work on /home/airflow/.local/lib/python3.7/site-packages/airflow/example_dags/example_params_trigger_ui.py
[2024-11-01T18:47:46.897+0000] {processor.py:826} INFO - Processing file /home/airflow/.local/lib/python3.7/site-packages/airflow/example_dags/example_params_trigger_ui.py for tasks to queue
[2024-11-01T18:47:46.898+0000] {logging_mixin.py:150} INFO - [2024-11-01T18:47:46.897+0000] {dagbag.py:541} INFO - Filling up the DagBag from /home/airflow/.local/lib/python3.7/site-packages/airflow/example_dags/example_params_trigger_ui.py
[2024-11-01T18:47:46.919+0000] {processor.py:836} INFO - DAG(s) dict_keys(['example_params_trigger_ui']) retrieved from /home/airflow/.local/lib/python3.7/site-packages/airflow/example_dags/example_params_trigger_ui.py
[2024-11-01T18:47:46.986+0000] {logging_mixin.py:150} INFO - [2024-11-01T18:47:46.986+0000] {dag.py:2742} INFO - Sync 1 DAGs
[2024-11-01T18:47:47.005+0000] {logging_mixin.py:150} INFO - [2024-11-01T18:47:47.005+0000] {dag.py:3508} INFO - Setting next_dagrun for example_params_trigger_ui to None, run_after=None
[2024-11-01T18:47:47.022+0000] {processor.py:179} INFO - Processing /home/airflow/.local/lib/python3.7/site-packages/airflow/example_dags/example_params_trigger_ui.py took 0.129 seconds
[2024-11-01T18:48:17.333+0000] {processor.py:157} INFO - Started process (PID=3231) to work on /home/airflow/.local/lib/python3.7/site-packages/airflow/example_dags/example_params_trigger_ui.py
[2024-11-01T18:48:17.337+0000] {processor.py:826} INFO - Processing file /home/airflow/.local/lib/python3.7/site-packages/airflow/example_dags/example_params_trigger_ui.py for tasks to queue
[2024-11-01T18:48:17.338+0000] {logging_mixin.py:150} INFO - [2024-11-01T18:48:17.337+0000] {dagbag.py:541} INFO - Filling up the DagBag from /home/airflow/.local/lib/python3.7/site-packages/airflow/example_dags/example_params_trigger_ui.py
[2024-11-01T18:48:17.362+0000] {processor.py:836} INFO - DAG(s) dict_keys(['example_params_trigger_ui']) retrieved from /home/airflow/.local/lib/python3.7/site-packages/airflow/example_dags/example_params_trigger_ui.py
[2024-11-01T18:48:17.465+0000] {logging_mixin.py:150} INFO - [2024-11-01T18:48:17.465+0000] {dag.py:2742} INFO - Sync 1 DAGs
[2024-11-01T18:48:17.499+0000] {logging_mixin.py:150} INFO - [2024-11-01T18:48:17.499+0000] {dag.py:3508} INFO - Setting next_dagrun for example_params_trigger_ui to None, run_after=None
[2024-11-01T18:48:17.516+0000] {processor.py:179} INFO - Processing /home/airflow/.local/lib/python3.7/site-packages/airflow/example_dags/example_params_trigger_ui.py took 0.187 seconds
[2024-11-01T18:48:48.375+0000] {processor.py:157} INFO - Started process (PID=3293) to work on /home/airflow/.local/lib/python3.7/site-packages/airflow/example_dags/example_params_trigger_ui.py
[2024-11-01T18:48:48.380+0000] {processor.py:826} INFO - Processing file /home/airflow/.local/lib/python3.7/site-packages/airflow/example_dags/example_params_trigger_ui.py for tasks to queue
[2024-11-01T18:48:48.381+0000] {logging_mixin.py:150} INFO - [2024-11-01T18:48:48.381+0000] {dagbag.py:541} INFO - Filling up the DagBag from /home/airflow/.local/lib/python3.7/site-packages/airflow/example_dags/example_params_trigger_ui.py
[2024-11-01T18:48:48.420+0000] {processor.py:836} INFO - DAG(s) dict_keys(['example_params_trigger_ui']) retrieved from /home/airflow/.local/lib/python3.7/site-packages/airflow/example_dags/example_params_trigger_ui.py
[2024-11-01T18:48:48.517+0000] {logging_mixin.py:150} INFO - [2024-11-01T18:48:48.517+0000] {dag.py:2742} INFO - Sync 1 DAGs
[2024-11-01T18:48:48.548+0000] {logging_mixin.py:150} INFO - [2024-11-01T18:48:48.548+0000] {dag.py:3508} INFO - Setting next_dagrun for example_params_trigger_ui to None, run_after=None
[2024-11-01T18:48:48.576+0000] {processor.py:179} INFO - Processing /home/airflow/.local/lib/python3.7/site-packages/airflow/example_dags/example_params_trigger_ui.py took 0.205 seconds
[2024-11-01T18:49:20.270+0000] {processor.py:157} INFO - Started process (PID=3355) to work on /home/airflow/.local/lib/python3.7/site-packages/airflow/example_dags/example_params_trigger_ui.py
[2024-11-01T18:49:20.271+0000] {processor.py:826} INFO - Processing file /home/airflow/.local/lib/python3.7/site-packages/airflow/example_dags/example_params_trigger_ui.py for tasks to queue
[2024-11-01T18:49:20.271+0000] {logging_mixin.py:150} INFO - [2024-11-01T18:49:20.271+0000] {dagbag.py:541} INFO - Filling up the DagBag from /home/airflow/.local/lib/python3.7/site-packages/airflow/example_dags/example_params_trigger_ui.py
[2024-11-01T18:49:20.313+0000] {processor.py:836} INFO - DAG(s) dict_keys(['example_params_trigger_ui']) retrieved from /home/airflow/.local/lib/python3.7/site-packages/airflow/example_dags/example_params_trigger_ui.py
[2024-11-01T18:49:20.376+0000] {logging_mixin.py:150} INFO - [2024-11-01T18:49:20.376+0000] {dag.py:2742} INFO - Sync 1 DAGs
[2024-11-01T18:49:20.403+0000] {logging_mixin.py:150} INFO - [2024-11-01T18:49:20.403+0000] {dag.py:3508} INFO - Setting next_dagrun for example_params_trigger_ui to None, run_after=None
[2024-11-01T18:49:20.424+0000] {processor.py:179} INFO - Processing /home/airflow/.local/lib/python3.7/site-packages/airflow/example_dags/example_params_trigger_ui.py took 0.156 seconds
[2024-11-01T18:49:50.876+0000] {processor.py:157} INFO - Started process (PID=3417) to work on /home/airflow/.local/lib/python3.7/site-packages/airflow/example_dags/example_params_trigger_ui.py
[2024-11-01T18:49:50.877+0000] {processor.py:826} INFO - Processing file /home/airflow/.local/lib/python3.7/site-packages/airflow/example_dags/example_params_trigger_ui.py for tasks to queue
[2024-11-01T18:49:50.878+0000] {logging_mixin.py:150} INFO - [2024-11-01T18:49:50.878+0000] {dagbag.py:541} INFO - Filling up the DagBag from /home/airflow/.local/lib/python3.7/site-packages/airflow/example_dags/example_params_trigger_ui.py
[2024-11-01T18:49:50.894+0000] {processor.py:836} INFO - DAG(s) dict_keys(['example_params_trigger_ui']) retrieved from /home/airflow/.local/lib/python3.7/site-packages/airflow/example_dags/example_params_trigger_ui.py
[2024-11-01T18:49:50.941+0000] {logging_mixin.py:150} INFO - [2024-11-01T18:49:50.941+0000] {dag.py:2742} INFO - Sync 1 DAGs
[2024-11-01T18:49:50.955+0000] {logging_mixin.py:150} INFO - [2024-11-01T18:49:50.955+0000] {dag.py:3508} INFO - Setting next_dagrun for example_params_trigger_ui to None, run_after=None
[2024-11-01T18:49:50.973+0000] {processor.py:179} INFO - Processing /home/airflow/.local/lib/python3.7/site-packages/airflow/example_dags/example_params_trigger_ui.py took 0.102 seconds
[2024-11-01T18:50:21.545+0000] {processor.py:157} INFO - Started process (PID=3479) to work on /home/airflow/.local/lib/python3.7/site-packages/airflow/example_dags/example_params_trigger_ui.py
[2024-11-01T18:50:21.546+0000] {processor.py:826} INFO - Processing file /home/airflow/.local/lib/python3.7/site-packages/airflow/example_dags/example_params_trigger_ui.py for tasks to queue
[2024-11-01T18:50:21.546+0000] {logging_mixin.py:150} INFO - [2024-11-01T18:50:21.546+0000] {dagbag.py:541} INFO - Filling up the DagBag from /home/airflow/.local/lib/python3.7/site-packages/airflow/example_dags/example_params_trigger_ui.py
[2024-11-01T18:50:21.565+0000] {processor.py:836} INFO - DAG(s) dict_keys(['example_params_trigger_ui']) retrieved from /home/airflow/.local/lib/python3.7/site-packages/airflow/example_dags/example_params_trigger_ui.py
[2024-11-01T18:50:21.625+0000] {logging_mixin.py:150} INFO - [2024-11-01T18:50:21.625+0000] {dag.py:2742} INFO - Sync 1 DAGs
[2024-11-01T18:50:21.645+0000] {logging_mixin.py:150} INFO - [2024-11-01T18:50:21.645+0000] {dag.py:3508} INFO - Setting next_dagrun for example_params_trigger_ui to None, run_after=None
[2024-11-01T18:50:21.668+0000] {processor.py:179} INFO - Processing /home/airflow/.local/lib/python3.7/site-packages/airflow/example_dags/example_params_trigger_ui.py took 0.127 seconds
[2024-11-01T18:50:52.392+0000] {processor.py:157} INFO - Started process (PID=3541) to work on /home/airflow/.local/lib/python3.7/site-packages/airflow/example_dags/example_params_trigger_ui.py
[2024-11-01T18:50:52.392+0000] {processor.py:826} INFO - Processing file /home/airflow/.local/lib/python3.7/site-packages/airflow/example_dags/example_params_trigger_ui.py for tasks to queue
[2024-11-01T18:50:52.394+0000] {logging_mixin.py:150} INFO - [2024-11-01T18:50:52.394+0000] {dagbag.py:541} INFO - Filling up the DagBag from /home/airflow/.local/lib/python3.7/site-packages/airflow/example_dags/example_params_trigger_ui.py
[2024-11-01T18:50:52.413+0000] {processor.py:836} INFO - DAG(s) dict_keys(['example_params_trigger_ui']) retrieved from /home/airflow/.local/lib/python3.7/site-packages/airflow/example_dags/example_params_trigger_ui.py
[2024-11-01T18:50:52.463+0000] {logging_mixin.py:150} INFO - [2024-11-01T18:50:52.463+0000] {dag.py:2742} INFO - Sync 1 DAGs
[2024-11-01T18:50:52.479+0000] {logging_mixin.py:150} INFO - [2024-11-01T18:50:52.479+0000] {dag.py:3508} INFO - Setting next_dagrun for example_params_trigger_ui to None, run_after=None
[2024-11-01T18:50:52.498+0000] {processor.py:179} INFO - Processing /home/airflow/.local/lib/python3.7/site-packages/airflow/example_dags/example_params_trigger_ui.py took 0.108 seconds
[2024-11-01T18:51:23.795+0000] {processor.py:157} INFO - Started process (PID=3603) to work on /home/airflow/.local/lib/python3.7/site-packages/airflow/example_dags/example_params_trigger_ui.py
[2024-11-01T18:51:23.800+0000] {processor.py:826} INFO - Processing file /home/airflow/.local/lib/python3.7/site-packages/airflow/example_dags/example_params_trigger_ui.py for tasks to queue
[2024-11-01T18:51:23.802+0000] {logging_mixin.py:150} INFO - [2024-11-01T18:51:23.801+0000] {dagbag.py:541} INFO - Filling up the DagBag from /home/airflow/.local/lib/python3.7/site-packages/airflow/example_dags/example_params_trigger_ui.py
[2024-11-01T18:51:23.823+0000] {processor.py:836} INFO - DAG(s) dict_keys(['example_params_trigger_ui']) retrieved from /home/airflow/.local/lib/python3.7/site-packages/airflow/example_dags/example_params_trigger_ui.py
[2024-11-01T18:51:23.877+0000] {logging_mixin.py:150} INFO - [2024-11-01T18:51:23.877+0000] {dag.py:2742} INFO - Sync 1 DAGs
[2024-11-01T18:51:23.893+0000] {logging_mixin.py:150} INFO - [2024-11-01T18:51:23.893+0000] {dag.py:3508} INFO - Setting next_dagrun for example_params_trigger_ui to None, run_after=None
[2024-11-01T18:51:23.906+0000] {processor.py:179} INFO - Processing /home/airflow/.local/lib/python3.7/site-packages/airflow/example_dags/example_params_trigger_ui.py took 0.114 seconds
[2024-11-01T18:51:54.739+0000] {processor.py:157} INFO - Started process (PID=3665) to work on /home/airflow/.local/lib/python3.7/site-packages/airflow/example_dags/example_params_trigger_ui.py
[2024-11-01T18:51:54.740+0000] {processor.py:826} INFO - Processing file /home/airflow/.local/lib/python3.7/site-packages/airflow/example_dags/example_params_trigger_ui.py for tasks to queue
[2024-11-01T18:51:54.740+0000] {logging_mixin.py:150} INFO - [2024-11-01T18:51:54.740+0000] {dagbag.py:541} INFO - Filling up the DagBag from /home/airflow/.local/lib/python3.7/site-packages/airflow/example_dags/example_params_trigger_ui.py
[2024-11-01T18:51:54.755+0000] {processor.py:836} INFO - DAG(s) dict_keys(['example_params_trigger_ui']) retrieved from /home/airflow/.local/lib/python3.7/site-packages/airflow/example_dags/example_params_trigger_ui.py
[2024-11-01T18:51:54.814+0000] {logging_mixin.py:150} INFO - [2024-11-01T18:51:54.814+0000] {dag.py:2742} INFO - Sync 1 DAGs
[2024-11-01T18:51:54.835+0000] {logging_mixin.py:150} INFO - [2024-11-01T18:51:54.834+0000] {dag.py:3508} INFO - Setting next_dagrun for example_params_trigger_ui to None, run_after=None
[2024-11-01T18:51:54.848+0000] {processor.py:179} INFO - Processing /home/airflow/.local/lib/python3.7/site-packages/airflow/example_dags/example_params_trigger_ui.py took 0.115 seconds
[2024-11-01T18:52:24.910+0000] {processor.py:157} INFO - Started process (PID=3727) to work on /home/airflow/.local/lib/python3.7/site-packages/airflow/example_dags/example_params_trigger_ui.py
[2024-11-01T18:52:24.910+0000] {processor.py:826} INFO - Processing file /home/airflow/.local/lib/python3.7/site-packages/airflow/example_dags/example_params_trigger_ui.py for tasks to queue
[2024-11-01T18:52:24.911+0000] {logging_mixin.py:150} INFO - [2024-11-01T18:52:24.910+0000] {dagbag.py:541} INFO - Filling up the DagBag from /home/airflow/.local/lib/python3.7/site-packages/airflow/example_dags/example_params_trigger_ui.py
[2024-11-01T18:52:24.926+0000] {processor.py:836} INFO - DAG(s) dict_keys(['example_params_trigger_ui']) retrieved from /home/airflow/.local/lib/python3.7/site-packages/airflow/example_dags/example_params_trigger_ui.py
[2024-11-01T18:52:24.983+0000] {logging_mixin.py:150} INFO - [2024-11-01T18:52:24.983+0000] {dag.py:2742} INFO - Sync 1 DAGs
[2024-11-01T18:52:24.998+0000] {logging_mixin.py:150} INFO - [2024-11-01T18:52:24.998+0000] {dag.py:3508} INFO - Setting next_dagrun for example_params_trigger_ui to None, run_after=None
[2024-11-01T18:52:25.012+0000] {processor.py:179} INFO - Processing /home/airflow/.local/lib/python3.7/site-packages/airflow/example_dags/example_params_trigger_ui.py took 0.104 seconds
