[2024-11-01T18:12:07.832+0000] {processor.py:157} INFO - Started process (PID=85) to work on /home/airflow/.local/lib/python3.7/site-packages/airflow/example_dags/example_sla_dag.py
[2024-11-01T18:12:07.845+0000] {processor.py:826} INFO - Processing file /home/airflow/.local/lib/python3.7/site-packages/airflow/example_dags/example_sla_dag.py for tasks to queue
[2024-11-01T18:12:07.845+0000] {logging_mixin.py:150} INFO - [2024-11-01T18:12:07.845+0000] {dagbag.py:541} INFO - Filling up the DagBag from /home/airflow/.local/lib/python3.7/site-packages/airflow/example_dags/example_sla_dag.py
[2024-11-01T18:12:07.852+0000] {processor.py:836} INFO - DAG(s) dict_keys(['example_sla_dag']) retrieved from /home/airflow/.local/lib/python3.7/site-packages/airflow/example_dags/example_sla_dag.py
[2024-11-01T18:12:07.889+0000] {logging_mixin.py:150} INFO - [2024-11-01T18:12:07.889+0000] {dag.py:2742} INFO - Sync 1 DAGs
[2024-11-01T18:12:07.955+0000] {logging_mixin.py:150} INFO - [2024-11-01T18:12:07.955+0000] {dag.py:3508} INFO - Setting next_dagrun for example_sla_dag to 2024-11-01T18:10:00+00:00, run_after=2024-11-01T18:12:00+00:00
[2024-11-01T18:12:08.007+0000] {processor.py:179} INFO - Processing /home/airflow/.local/lib/python3.7/site-packages/airflow/example_dags/example_sla_dag.py took 0.250 seconds
[2024-11-01T18:12:58.346+0000] {processor.py:157} INFO - Started process (PID=153) to work on /home/airflow/.local/lib/python3.7/site-packages/airflow/example_dags/example_sla_dag.py
[2024-11-01T18:12:58.347+0000] {processor.py:826} INFO - Processing file /home/airflow/.local/lib/python3.7/site-packages/airflow/example_dags/example_sla_dag.py for tasks to queue
[2024-11-01T18:12:58.349+0000] {logging_mixin.py:150} INFO - [2024-11-01T18:12:58.349+0000] {dagbag.py:541} INFO - Filling up the DagBag from /home/airflow/.local/lib/python3.7/site-packages/airflow/example_dags/example_sla_dag.py
[2024-11-01T18:12:58.357+0000] {processor.py:836} INFO - DAG(s) dict_keys(['example_sla_dag']) retrieved from /home/airflow/.local/lib/python3.7/site-packages/airflow/example_dags/example_sla_dag.py
[2024-11-01T18:12:58.377+0000] {logging_mixin.py:150} INFO - [2024-11-01T18:12:58.377+0000] {dag.py:2742} INFO - Sync 1 DAGs
[2024-11-01T18:12:58.397+0000] {logging_mixin.py:150} INFO - [2024-11-01T18:12:58.397+0000] {dag.py:3508} INFO - Setting next_dagrun for example_sla_dag to 2024-11-01T18:10:00+00:00, run_after=2024-11-01T18:12:00+00:00
[2024-11-01T18:12:58.406+0000] {processor.py:179} INFO - Processing /home/airflow/.local/lib/python3.7/site-packages/airflow/example_dags/example_sla_dag.py took 0.062 seconds
[2024-11-01T18:14:14.572+0000] {processor.py:157} INFO - Started process (PID=229) to work on /home/airflow/.local/lib/python3.7/site-packages/airflow/example_dags/example_sla_dag.py
[2024-11-01T18:14:14.574+0000] {processor.py:826} INFO - Processing file /home/airflow/.local/lib/python3.7/site-packages/airflow/example_dags/example_sla_dag.py for tasks to queue
[2024-11-01T18:14:14.575+0000] {logging_mixin.py:150} INFO - [2024-11-01T18:14:14.574+0000] {dagbag.py:541} INFO - Filling up the DagBag from /home/airflow/.local/lib/python3.7/site-packages/airflow/example_dags/example_sla_dag.py
[2024-11-01T18:14:14.625+0000] {processor.py:836} INFO - DAG(s) dict_keys(['example_sla_dag']) retrieved from /home/airflow/.local/lib/python3.7/site-packages/airflow/example_dags/example_sla_dag.py
[2024-11-01T18:14:17.025+0000] {logging_mixin.py:150} INFO - [2024-11-01T18:14:16.968+0000] {dag.py:2742} INFO - Sync 1 DAGs
[2024-11-01T18:14:19.820+0000] {logging_mixin.py:150} INFO - [2024-11-01T18:14:19.819+0000] {dag.py:3508} INFO - Setting next_dagrun for example_sla_dag to 2024-11-01T18:12:00+00:00, run_after=2024-11-01T18:14:00+00:00
[2024-11-01T18:14:23.693+0000] {processor.py:179} INFO - Processing /home/airflow/.local/lib/python3.7/site-packages/airflow/example_dags/example_sla_dag.py took 9.103 seconds
[2024-11-01T18:17:43.357+0000] {processor.py:157} INFO - Started process (PID=352) to work on /home/airflow/.local/lib/python3.7/site-packages/airflow/example_dags/example_sla_dag.py
[2024-11-01T18:17:43.390+0000] {processor.py:826} INFO - Processing file /home/airflow/.local/lib/python3.7/site-packages/airflow/example_dags/example_sla_dag.py for tasks to queue
[2024-11-01T18:17:43.394+0000] {logging_mixin.py:150} INFO - [2024-11-01T18:17:43.394+0000] {dagbag.py:541} INFO - Filling up the DagBag from /home/airflow/.local/lib/python3.7/site-packages/airflow/example_dags/example_sla_dag.py
[2024-11-01T18:17:43.527+0000] {processor.py:836} INFO - DAG(s) dict_keys(['example_sla_dag']) retrieved from /home/airflow/.local/lib/python3.7/site-packages/airflow/example_dags/example_sla_dag.py
[2024-11-01T18:17:43.712+0000] {logging_mixin.py:150} INFO - [2024-11-01T18:17:43.711+0000] {dag.py:2742} INFO - Sync 1 DAGs
[2024-11-01T18:17:43.880+0000] {logging_mixin.py:150} INFO - [2024-11-01T18:17:43.879+0000] {dag.py:3508} INFO - Setting next_dagrun for example_sla_dag to 2024-11-01T18:14:00+00:00, run_after=2024-11-01T18:16:00+00:00
[2024-11-01T18:17:44.015+0000] {processor.py:179} INFO - Processing /home/airflow/.local/lib/python3.7/site-packages/airflow/example_dags/example_sla_dag.py took 0.774 seconds
[2024-11-01T18:18:52.495+0000] {processor.py:157} INFO - Started process (PID=451) to work on /home/airflow/.local/lib/python3.7/site-packages/airflow/example_dags/example_sla_dag.py
[2024-11-01T18:18:52.506+0000] {processor.py:826} INFO - Processing file /home/airflow/.local/lib/python3.7/site-packages/airflow/example_dags/example_sla_dag.py for tasks to queue
[2024-11-01T18:18:52.512+0000] {logging_mixin.py:150} INFO - [2024-11-01T18:18:52.511+0000] {dagbag.py:541} INFO - Filling up the DagBag from /home/airflow/.local/lib/python3.7/site-packages/airflow/example_dags/example_sla_dag.py
[2024-11-01T18:18:52.546+0000] {processor.py:836} INFO - DAG(s) dict_keys(['example_sla_dag']) retrieved from /home/airflow/.local/lib/python3.7/site-packages/airflow/example_dags/example_sla_dag.py
[2024-11-01T18:18:52.713+0000] {logging_mixin.py:150} INFO - [2024-11-01T18:18:52.713+0000] {dag.py:2742} INFO - Sync 1 DAGs
[2024-11-01T18:18:52.767+0000] {logging_mixin.py:150} INFO - [2024-11-01T18:18:52.767+0000] {dag.py:3508} INFO - Setting next_dagrun for example_sla_dag to 2024-11-01T18:16:00+00:00, run_after=2024-11-01T18:18:00+00:00
[2024-11-01T18:18:52.854+0000] {processor.py:179} INFO - Processing /home/airflow/.local/lib/python3.7/site-packages/airflow/example_dags/example_sla_dag.py took 0.404 seconds
[2024-11-01T18:19:27.520+0000] {processor.py:157} INFO - Started process (PID=512) to work on /home/airflow/.local/lib/python3.7/site-packages/airflow/example_dags/example_sla_dag.py
[2024-11-01T18:19:27.524+0000] {processor.py:826} INFO - Processing file /home/airflow/.local/lib/python3.7/site-packages/airflow/example_dags/example_sla_dag.py for tasks to queue
[2024-11-01T18:19:27.531+0000] {logging_mixin.py:150} INFO - [2024-11-01T18:19:27.530+0000] {dagbag.py:541} INFO - Filling up the DagBag from /home/airflow/.local/lib/python3.7/site-packages/airflow/example_dags/example_sla_dag.py
[2024-11-01T18:19:27.573+0000] {processor.py:836} INFO - DAG(s) dict_keys(['example_sla_dag']) retrieved from /home/airflow/.local/lib/python3.7/site-packages/airflow/example_dags/example_sla_dag.py
[2024-11-01T18:19:27.826+0000] {logging_mixin.py:150} INFO - [2024-11-01T18:19:27.826+0000] {dag.py:2742} INFO - Sync 1 DAGs
[2024-11-01T18:19:27.902+0000] {logging_mixin.py:150} INFO - [2024-11-01T18:19:27.902+0000] {dag.py:3508} INFO - Setting next_dagrun for example_sla_dag to 2024-11-01T18:16:00+00:00, run_after=2024-11-01T18:18:00+00:00
[2024-11-01T18:19:27.984+0000] {processor.py:179} INFO - Processing /home/airflow/.local/lib/python3.7/site-packages/airflow/example_dags/example_sla_dag.py took 0.494 seconds
[2024-11-01T18:20:25.271+0000] {processor.py:157} INFO - Started process (PID=609) to work on /home/airflow/.local/lib/python3.7/site-packages/airflow/example_dags/example_sla_dag.py
[2024-11-01T18:20:25.274+0000] {processor.py:826} INFO - Processing file /home/airflow/.local/lib/python3.7/site-packages/airflow/example_dags/example_sla_dag.py for tasks to queue
[2024-11-01T18:20:25.279+0000] {logging_mixin.py:150} INFO - [2024-11-01T18:20:25.279+0000] {dagbag.py:541} INFO - Filling up the DagBag from /home/airflow/.local/lib/python3.7/site-packages/airflow/example_dags/example_sla_dag.py
[2024-11-01T18:20:25.324+0000] {processor.py:836} INFO - DAG(s) dict_keys(['example_sla_dag']) retrieved from /home/airflow/.local/lib/python3.7/site-packages/airflow/example_dags/example_sla_dag.py
[2024-11-01T18:20:25.396+0000] {logging_mixin.py:150} INFO - [2024-11-01T18:20:25.395+0000] {dag.py:2742} INFO - Sync 1 DAGs
[2024-11-01T18:20:25.475+0000] {logging_mixin.py:150} INFO - [2024-11-01T18:20:25.474+0000] {dag.py:3508} INFO - Setting next_dagrun for example_sla_dag to 2024-11-01T18:18:00+00:00, run_after=2024-11-01T18:20:00+00:00
[2024-11-01T18:20:25.507+0000] {processor.py:179} INFO - Processing /home/airflow/.local/lib/python3.7/site-packages/airflow/example_dags/example_sla_dag.py took 0.279 seconds
[2024-11-01T18:24:03.311+0000] {processor.py:157} INFO - Started process (PID=744) to work on /home/airflow/.local/lib/python3.7/site-packages/airflow/example_dags/example_sla_dag.py
[2024-11-01T18:24:03.319+0000] {processor.py:826} INFO - Processing file /home/airflow/.local/lib/python3.7/site-packages/airflow/example_dags/example_sla_dag.py for tasks to queue
[2024-11-01T18:24:03.323+0000] {logging_mixin.py:150} INFO - [2024-11-01T18:24:03.322+0000] {dagbag.py:541} INFO - Filling up the DagBag from /home/airflow/.local/lib/python3.7/site-packages/airflow/example_dags/example_sla_dag.py
[2024-11-01T18:24:03.374+0000] {processor.py:836} INFO - DAG(s) dict_keys(['example_sla_dag']) retrieved from /home/airflow/.local/lib/python3.7/site-packages/airflow/example_dags/example_sla_dag.py
[2024-11-01T18:24:03.657+0000] {logging_mixin.py:150} INFO - [2024-11-01T18:24:03.657+0000] {dag.py:2742} INFO - Sync 1 DAGs
[2024-11-01T18:24:03.725+0000] {logging_mixin.py:150} INFO - [2024-11-01T18:24:03.724+0000] {dag.py:3508} INFO - Setting next_dagrun for example_sla_dag to 2024-11-01T18:22:00+00:00, run_after=2024-11-01T18:24:00+00:00
[2024-11-01T18:24:03.861+0000] {processor.py:179} INFO - Processing /home/airflow/.local/lib/python3.7/site-packages/airflow/example_dags/example_sla_dag.py took 0.560 seconds
[2024-11-01T18:25:15.440+0000] {processor.py:157} INFO - Started process (PID=816) to work on /home/airflow/.local/lib/python3.7/site-packages/airflow/example_dags/example_sla_dag.py
[2024-11-01T18:25:15.446+0000] {processor.py:826} INFO - Processing file /home/airflow/.local/lib/python3.7/site-packages/airflow/example_dags/example_sla_dag.py for tasks to queue
[2024-11-01T18:25:15.453+0000] {logging_mixin.py:150} INFO - [2024-11-01T18:25:15.452+0000] {dagbag.py:541} INFO - Filling up the DagBag from /home/airflow/.local/lib/python3.7/site-packages/airflow/example_dags/example_sla_dag.py
[2024-11-01T18:25:15.996+0000] {processor.py:836} INFO - DAG(s) dict_keys(['example_sla_dag']) retrieved from /home/airflow/.local/lib/python3.7/site-packages/airflow/example_dags/example_sla_dag.py
[2024-11-01T18:25:16.898+0000] {logging_mixin.py:150} INFO - [2024-11-01T18:25:16.892+0000] {dag.py:2742} INFO - Sync 1 DAGs
[2024-11-01T18:25:17.114+0000] {logging_mixin.py:150} INFO - [2024-11-01T18:25:17.111+0000] {dag.py:3508} INFO - Setting next_dagrun for example_sla_dag to 2024-11-01T18:22:00+00:00, run_after=2024-11-01T18:24:00+00:00
[2024-11-01T18:25:17.233+0000] {processor.py:179} INFO - Processing /home/airflow/.local/lib/python3.7/site-packages/airflow/example_dags/example_sla_dag.py took 1.942 seconds
[2024-11-01T18:26:00.923+0000] {processor.py:157} INFO - Started process (PID=882) to work on /home/airflow/.local/lib/python3.7/site-packages/airflow/example_dags/example_sla_dag.py
[2024-11-01T18:26:00.944+0000] {processor.py:826} INFO - Processing file /home/airflow/.local/lib/python3.7/site-packages/airflow/example_dags/example_sla_dag.py for tasks to queue
[2024-11-01T18:26:00.946+0000] {logging_mixin.py:150} INFO - [2024-11-01T18:26:00.945+0000] {dagbag.py:541} INFO - Filling up the DagBag from /home/airflow/.local/lib/python3.7/site-packages/airflow/example_dags/example_sla_dag.py
[2024-11-01T18:26:00.991+0000] {processor.py:836} INFO - DAG(s) dict_keys(['example_sla_dag']) retrieved from /home/airflow/.local/lib/python3.7/site-packages/airflow/example_dags/example_sla_dag.py
[2024-11-01T18:26:01.094+0000] {logging_mixin.py:150} INFO - [2024-11-01T18:26:01.094+0000] {dag.py:2742} INFO - Sync 1 DAGs
[2024-11-01T18:26:01.146+0000] {logging_mixin.py:150} INFO - [2024-11-01T18:26:01.146+0000] {dag.py:3508} INFO - Setting next_dagrun for example_sla_dag to 2024-11-01T18:24:00+00:00, run_after=2024-11-01T18:26:00+00:00
[2024-11-01T18:26:01.164+0000] {processor.py:179} INFO - Processing /home/airflow/.local/lib/python3.7/site-packages/airflow/example_dags/example_sla_dag.py took 0.376 seconds
[2024-11-01T18:26:31.666+0000] {processor.py:157} INFO - Started process (PID=943) to work on /home/airflow/.local/lib/python3.7/site-packages/airflow/example_dags/example_sla_dag.py
[2024-11-01T18:26:31.667+0000] {processor.py:826} INFO - Processing file /home/airflow/.local/lib/python3.7/site-packages/airflow/example_dags/example_sla_dag.py for tasks to queue
[2024-11-01T18:26:31.674+0000] {logging_mixin.py:150} INFO - [2024-11-01T18:26:31.674+0000] {dagbag.py:541} INFO - Filling up the DagBag from /home/airflow/.local/lib/python3.7/site-packages/airflow/example_dags/example_sla_dag.py
[2024-11-01T18:26:31.682+0000] {processor.py:836} INFO - DAG(s) dict_keys(['example_sla_dag']) retrieved from /home/airflow/.local/lib/python3.7/site-packages/airflow/example_dags/example_sla_dag.py
[2024-11-01T18:26:31.699+0000] {logging_mixin.py:150} INFO - [2024-11-01T18:26:31.699+0000] {dag.py:2742} INFO - Sync 1 DAGs
[2024-11-01T18:26:31.723+0000] {logging_mixin.py:150} INFO - [2024-11-01T18:26:31.723+0000] {dag.py:3508} INFO - Setting next_dagrun for example_sla_dag to 2024-11-01T18:24:00+00:00, run_after=2024-11-01T18:26:00+00:00
[2024-11-01T18:26:31.736+0000] {processor.py:179} INFO - Processing /home/airflow/.local/lib/python3.7/site-packages/airflow/example_dags/example_sla_dag.py took 0.074 seconds
[2024-11-01T18:27:02.287+0000] {processor.py:157} INFO - Started process (PID=996) to work on /home/airflow/.local/lib/python3.7/site-packages/airflow/example_dags/example_sla_dag.py
[2024-11-01T18:27:02.290+0000] {processor.py:826} INFO - Processing file /home/airflow/.local/lib/python3.7/site-packages/airflow/example_dags/example_sla_dag.py for tasks to queue
[2024-11-01T18:27:02.292+0000] {logging_mixin.py:150} INFO - [2024-11-01T18:27:02.291+0000] {dagbag.py:541} INFO - Filling up the DagBag from /home/airflow/.local/lib/python3.7/site-packages/airflow/example_dags/example_sla_dag.py
[2024-11-01T18:27:02.306+0000] {processor.py:836} INFO - DAG(s) dict_keys(['example_sla_dag']) retrieved from /home/airflow/.local/lib/python3.7/site-packages/airflow/example_dags/example_sla_dag.py
[2024-11-01T18:27:02.339+0000] {logging_mixin.py:150} INFO - [2024-11-01T18:27:02.339+0000] {dag.py:2742} INFO - Sync 1 DAGs
[2024-11-01T18:27:02.364+0000] {logging_mixin.py:150} INFO - [2024-11-01T18:27:02.364+0000] {dag.py:3508} INFO - Setting next_dagrun for example_sla_dag to 2024-11-01T18:24:00+00:00, run_after=2024-11-01T18:26:00+00:00
[2024-11-01T18:27:02.388+0000] {processor.py:179} INFO - Processing /home/airflow/.local/lib/python3.7/site-packages/airflow/example_dags/example_sla_dag.py took 0.107 seconds
[2024-11-01T18:27:33.228+0000] {processor.py:157} INFO - Started process (PID=1058) to work on /home/airflow/.local/lib/python3.7/site-packages/airflow/example_dags/example_sla_dag.py
[2024-11-01T18:27:33.234+0000] {processor.py:826} INFO - Processing file /home/airflow/.local/lib/python3.7/site-packages/airflow/example_dags/example_sla_dag.py for tasks to queue
[2024-11-01T18:27:33.240+0000] {logging_mixin.py:150} INFO - [2024-11-01T18:27:33.239+0000] {dagbag.py:541} INFO - Filling up the DagBag from /home/airflow/.local/lib/python3.7/site-packages/airflow/example_dags/example_sla_dag.py
[2024-11-01T18:27:33.257+0000] {processor.py:836} INFO - DAG(s) dict_keys(['example_sla_dag']) retrieved from /home/airflow/.local/lib/python3.7/site-packages/airflow/example_dags/example_sla_dag.py
[2024-11-01T18:27:33.288+0000] {logging_mixin.py:150} INFO - [2024-11-01T18:27:33.288+0000] {dag.py:2742} INFO - Sync 1 DAGs
[2024-11-01T18:27:33.314+0000] {logging_mixin.py:150} INFO - [2024-11-01T18:27:33.314+0000] {dag.py:3508} INFO - Setting next_dagrun for example_sla_dag to 2024-11-01T18:24:00+00:00, run_after=2024-11-01T18:26:00+00:00
[2024-11-01T18:27:33.332+0000] {processor.py:179} INFO - Processing /home/airflow/.local/lib/python3.7/site-packages/airflow/example_dags/example_sla_dag.py took 0.114 seconds
[2024-11-01T18:30:54.940+0000] {processor.py:157} INFO - Started process (PID=1158) to work on /home/airflow/.local/lib/python3.7/site-packages/airflow/example_dags/example_sla_dag.py
[2024-11-01T18:30:54.942+0000] {processor.py:826} INFO - Processing file /home/airflow/.local/lib/python3.7/site-packages/airflow/example_dags/example_sla_dag.py for tasks to queue
[2024-11-01T18:30:54.942+0000] {logging_mixin.py:150} INFO - [2024-11-01T18:30:54.942+0000] {dagbag.py:541} INFO - Filling up the DagBag from /home/airflow/.local/lib/python3.7/site-packages/airflow/example_dags/example_sla_dag.py
[2024-11-01T18:30:54.948+0000] {processor.py:836} INFO - DAG(s) dict_keys(['example_sla_dag']) retrieved from /home/airflow/.local/lib/python3.7/site-packages/airflow/example_dags/example_sla_dag.py
[2024-11-01T18:30:54.965+0000] {logging_mixin.py:150} INFO - [2024-11-01T18:30:54.965+0000] {dag.py:2742} INFO - Sync 1 DAGs
[2024-11-01T18:30:54.990+0000] {logging_mixin.py:150} INFO - [2024-11-01T18:30:54.990+0000] {dag.py:3508} INFO - Setting next_dagrun for example_sla_dag to 2024-11-01T18:28:00+00:00, run_after=2024-11-01T18:30:00+00:00
[2024-11-01T18:30:55.005+0000] {processor.py:179} INFO - Processing /home/airflow/.local/lib/python3.7/site-packages/airflow/example_dags/example_sla_dag.py took 0.069 seconds
[2024-11-01T18:31:25.518+0000] {processor.py:157} INFO - Started process (PID=1220) to work on /home/airflow/.local/lib/python3.7/site-packages/airflow/example_dags/example_sla_dag.py
[2024-11-01T18:31:25.519+0000] {processor.py:826} INFO - Processing file /home/airflow/.local/lib/python3.7/site-packages/airflow/example_dags/example_sla_dag.py for tasks to queue
[2024-11-01T18:31:25.520+0000] {logging_mixin.py:150} INFO - [2024-11-01T18:31:25.520+0000] {dagbag.py:541} INFO - Filling up the DagBag from /home/airflow/.local/lib/python3.7/site-packages/airflow/example_dags/example_sla_dag.py
[2024-11-01T18:31:25.524+0000] {processor.py:836} INFO - DAG(s) dict_keys(['example_sla_dag']) retrieved from /home/airflow/.local/lib/python3.7/site-packages/airflow/example_dags/example_sla_dag.py
[2024-11-01T18:31:25.536+0000] {logging_mixin.py:150} INFO - [2024-11-01T18:31:25.536+0000] {dag.py:2742} INFO - Sync 1 DAGs
[2024-11-01T18:31:25.554+0000] {logging_mixin.py:150} INFO - [2024-11-01T18:31:25.554+0000] {dag.py:3508} INFO - Setting next_dagrun for example_sla_dag to 2024-11-01T18:28:00+00:00, run_after=2024-11-01T18:30:00+00:00
[2024-11-01T18:31:25.563+0000] {processor.py:179} INFO - Processing /home/airflow/.local/lib/python3.7/site-packages/airflow/example_dags/example_sla_dag.py took 0.049 seconds
[2024-11-01T18:31:55.945+0000] {processor.py:157} INFO - Started process (PID=1282) to work on /home/airflow/.local/lib/python3.7/site-packages/airflow/example_dags/example_sla_dag.py
[2024-11-01T18:31:55.946+0000] {processor.py:826} INFO - Processing file /home/airflow/.local/lib/python3.7/site-packages/airflow/example_dags/example_sla_dag.py for tasks to queue
[2024-11-01T18:31:55.947+0000] {logging_mixin.py:150} INFO - [2024-11-01T18:31:55.946+0000] {dagbag.py:541} INFO - Filling up the DagBag from /home/airflow/.local/lib/python3.7/site-packages/airflow/example_dags/example_sla_dag.py
[2024-11-01T18:31:55.951+0000] {processor.py:836} INFO - DAG(s) dict_keys(['example_sla_dag']) retrieved from /home/airflow/.local/lib/python3.7/site-packages/airflow/example_dags/example_sla_dag.py
[2024-11-01T18:31:55.966+0000] {logging_mixin.py:150} INFO - [2024-11-01T18:31:55.966+0000] {dag.py:2742} INFO - Sync 1 DAGs
[2024-11-01T18:31:55.980+0000] {logging_mixin.py:150} INFO - [2024-11-01T18:31:55.980+0000] {dag.py:3508} INFO - Setting next_dagrun for example_sla_dag to 2024-11-01T18:28:00+00:00, run_after=2024-11-01T18:30:00+00:00
[2024-11-01T18:31:55.993+0000] {processor.py:179} INFO - Processing /home/airflow/.local/lib/python3.7/site-packages/airflow/example_dags/example_sla_dag.py took 0.050 seconds
[2024-11-01T18:32:26.105+0000] {processor.py:157} INFO - Started process (PID=1344) to work on /home/airflow/.local/lib/python3.7/site-packages/airflow/example_dags/example_sla_dag.py
[2024-11-01T18:32:26.105+0000] {processor.py:826} INFO - Processing file /home/airflow/.local/lib/python3.7/site-packages/airflow/example_dags/example_sla_dag.py for tasks to queue
[2024-11-01T18:32:26.106+0000] {logging_mixin.py:150} INFO - [2024-11-01T18:32:26.105+0000] {dagbag.py:541} INFO - Filling up the DagBag from /home/airflow/.local/lib/python3.7/site-packages/airflow/example_dags/example_sla_dag.py
[2024-11-01T18:32:26.110+0000] {processor.py:836} INFO - DAG(s) dict_keys(['example_sla_dag']) retrieved from /home/airflow/.local/lib/python3.7/site-packages/airflow/example_dags/example_sla_dag.py
[2024-11-01T18:32:26.124+0000] {logging_mixin.py:150} INFO - [2024-11-01T18:32:26.124+0000] {dag.py:2742} INFO - Sync 1 DAGs
[2024-11-01T18:32:26.140+0000] {logging_mixin.py:150} INFO - [2024-11-01T18:32:26.140+0000] {dag.py:3508} INFO - Setting next_dagrun for example_sla_dag to 2024-11-01T18:30:00+00:00, run_after=2024-11-01T18:32:00+00:00
[2024-11-01T18:32:26.151+0000] {processor.py:179} INFO - Processing /home/airflow/.local/lib/python3.7/site-packages/airflow/example_dags/example_sla_dag.py took 0.048 seconds
[2024-11-01T18:32:56.258+0000] {processor.py:157} INFO - Started process (PID=1405) to work on /home/airflow/.local/lib/python3.7/site-packages/airflow/example_dags/example_sla_dag.py
[2024-11-01T18:32:56.258+0000] {processor.py:826} INFO - Processing file /home/airflow/.local/lib/python3.7/site-packages/airflow/example_dags/example_sla_dag.py for tasks to queue
[2024-11-01T18:32:56.259+0000] {logging_mixin.py:150} INFO - [2024-11-01T18:32:56.259+0000] {dagbag.py:541} INFO - Filling up the DagBag from /home/airflow/.local/lib/python3.7/site-packages/airflow/example_dags/example_sla_dag.py
[2024-11-01T18:32:56.264+0000] {processor.py:836} INFO - DAG(s) dict_keys(['example_sla_dag']) retrieved from /home/airflow/.local/lib/python3.7/site-packages/airflow/example_dags/example_sla_dag.py
[2024-11-01T18:32:56.278+0000] {logging_mixin.py:150} INFO - [2024-11-01T18:32:56.278+0000] {dag.py:2742} INFO - Sync 1 DAGs
[2024-11-01T18:32:56.294+0000] {logging_mixin.py:150} INFO - [2024-11-01T18:32:56.294+0000] {dag.py:3508} INFO - Setting next_dagrun for example_sla_dag to 2024-11-01T18:30:00+00:00, run_after=2024-11-01T18:32:00+00:00
[2024-11-01T18:32:56.304+0000] {processor.py:179} INFO - Processing /home/airflow/.local/lib/python3.7/site-packages/airflow/example_dags/example_sla_dag.py took 0.048 seconds
[2024-11-01T18:33:26.623+0000] {processor.py:157} INFO - Started process (PID=1467) to work on /home/airflow/.local/lib/python3.7/site-packages/airflow/example_dags/example_sla_dag.py
[2024-11-01T18:33:26.625+0000] {processor.py:826} INFO - Processing file /home/airflow/.local/lib/python3.7/site-packages/airflow/example_dags/example_sla_dag.py for tasks to queue
[2024-11-01T18:33:26.626+0000] {logging_mixin.py:150} INFO - [2024-11-01T18:33:26.626+0000] {dagbag.py:541} INFO - Filling up the DagBag from /home/airflow/.local/lib/python3.7/site-packages/airflow/example_dags/example_sla_dag.py
[2024-11-01T18:33:26.631+0000] {processor.py:836} INFO - DAG(s) dict_keys(['example_sla_dag']) retrieved from /home/airflow/.local/lib/python3.7/site-packages/airflow/example_dags/example_sla_dag.py
[2024-11-01T18:33:26.644+0000] {logging_mixin.py:150} INFO - [2024-11-01T18:33:26.644+0000] {dag.py:2742} INFO - Sync 1 DAGs
[2024-11-01T18:33:26.659+0000] {logging_mixin.py:150} INFO - [2024-11-01T18:33:26.659+0000] {dag.py:3508} INFO - Setting next_dagrun for example_sla_dag to 2024-11-01T18:30:00+00:00, run_after=2024-11-01T18:32:00+00:00
[2024-11-01T18:33:26.668+0000] {processor.py:179} INFO - Processing /home/airflow/.local/lib/python3.7/site-packages/airflow/example_dags/example_sla_dag.py took 0.047 seconds
[2024-11-01T18:33:57.667+0000] {processor.py:157} INFO - Started process (PID=1528) to work on /home/airflow/.local/lib/python3.7/site-packages/airflow/example_dags/example_sla_dag.py
[2024-11-01T18:33:57.667+0000] {processor.py:826} INFO - Processing file /home/airflow/.local/lib/python3.7/site-packages/airflow/example_dags/example_sla_dag.py for tasks to queue
[2024-11-01T18:33:57.668+0000] {logging_mixin.py:150} INFO - [2024-11-01T18:33:57.668+0000] {dagbag.py:541} INFO - Filling up the DagBag from /home/airflow/.local/lib/python3.7/site-packages/airflow/example_dags/example_sla_dag.py
[2024-11-01T18:33:57.672+0000] {processor.py:836} INFO - DAG(s) dict_keys(['example_sla_dag']) retrieved from /home/airflow/.local/lib/python3.7/site-packages/airflow/example_dags/example_sla_dag.py
[2024-11-01T18:33:57.690+0000] {logging_mixin.py:150} INFO - [2024-11-01T18:33:57.690+0000] {dag.py:2742} INFO - Sync 1 DAGs
[2024-11-01T18:33:57.706+0000] {logging_mixin.py:150} INFO - [2024-11-01T18:33:57.706+0000] {dag.py:3508} INFO - Setting next_dagrun for example_sla_dag to 2024-11-01T18:30:00+00:00, run_after=2024-11-01T18:32:00+00:00
[2024-11-01T18:33:57.721+0000] {processor.py:179} INFO - Processing /home/airflow/.local/lib/python3.7/site-packages/airflow/example_dags/example_sla_dag.py took 0.056 seconds
[2024-11-01T18:34:28.273+0000] {processor.py:157} INFO - Started process (PID=1590) to work on /home/airflow/.local/lib/python3.7/site-packages/airflow/example_dags/example_sla_dag.py
[2024-11-01T18:34:28.275+0000] {processor.py:826} INFO - Processing file /home/airflow/.local/lib/python3.7/site-packages/airflow/example_dags/example_sla_dag.py for tasks to queue
[2024-11-01T18:34:28.277+0000] {logging_mixin.py:150} INFO - [2024-11-01T18:34:28.277+0000] {dagbag.py:541} INFO - Filling up the DagBag from /home/airflow/.local/lib/python3.7/site-packages/airflow/example_dags/example_sla_dag.py
[2024-11-01T18:34:28.283+0000] {processor.py:836} INFO - DAG(s) dict_keys(['example_sla_dag']) retrieved from /home/airflow/.local/lib/python3.7/site-packages/airflow/example_dags/example_sla_dag.py
[2024-11-01T18:34:28.303+0000] {logging_mixin.py:150} INFO - [2024-11-01T18:34:28.303+0000] {dag.py:2742} INFO - Sync 1 DAGs
[2024-11-01T18:34:28.318+0000] {logging_mixin.py:150} INFO - [2024-11-01T18:34:28.318+0000] {dag.py:3508} INFO - Setting next_dagrun for example_sla_dag to 2024-11-01T18:32:00+00:00, run_after=2024-11-01T18:34:00+00:00
[2024-11-01T18:34:28.332+0000] {processor.py:179} INFO - Processing /home/airflow/.local/lib/python3.7/site-packages/airflow/example_dags/example_sla_dag.py took 0.062 seconds
[2024-11-01T18:34:58.722+0000] {processor.py:157} INFO - Started process (PID=1652) to work on /home/airflow/.local/lib/python3.7/site-packages/airflow/example_dags/example_sla_dag.py
[2024-11-01T18:34:58.723+0000] {processor.py:826} INFO - Processing file /home/airflow/.local/lib/python3.7/site-packages/airflow/example_dags/example_sla_dag.py for tasks to queue
[2024-11-01T18:34:58.723+0000] {logging_mixin.py:150} INFO - [2024-11-01T18:34:58.723+0000] {dagbag.py:541} INFO - Filling up the DagBag from /home/airflow/.local/lib/python3.7/site-packages/airflow/example_dags/example_sla_dag.py
[2024-11-01T18:34:58.728+0000] {processor.py:836} INFO - DAG(s) dict_keys(['example_sla_dag']) retrieved from /home/airflow/.local/lib/python3.7/site-packages/airflow/example_dags/example_sla_dag.py
[2024-11-01T18:34:58.743+0000] {logging_mixin.py:150} INFO - [2024-11-01T18:34:58.743+0000] {dag.py:2742} INFO - Sync 1 DAGs
[2024-11-01T18:34:58.757+0000] {logging_mixin.py:150} INFO - [2024-11-01T18:34:58.757+0000] {dag.py:3508} INFO - Setting next_dagrun for example_sla_dag to 2024-11-01T18:32:00+00:00, run_after=2024-11-01T18:34:00+00:00
[2024-11-01T18:34:58.765+0000] {processor.py:179} INFO - Processing /home/airflow/.local/lib/python3.7/site-packages/airflow/example_dags/example_sla_dag.py took 0.045 seconds
[2024-11-01T18:35:29.300+0000] {processor.py:157} INFO - Started process (PID=1714) to work on /home/airflow/.local/lib/python3.7/site-packages/airflow/example_dags/example_sla_dag.py
[2024-11-01T18:35:29.302+0000] {processor.py:826} INFO - Processing file /home/airflow/.local/lib/python3.7/site-packages/airflow/example_dags/example_sla_dag.py for tasks to queue
[2024-11-01T18:35:29.302+0000] {logging_mixin.py:150} INFO - [2024-11-01T18:35:29.302+0000] {dagbag.py:541} INFO - Filling up the DagBag from /home/airflow/.local/lib/python3.7/site-packages/airflow/example_dags/example_sla_dag.py
[2024-11-01T18:35:29.308+0000] {processor.py:836} INFO - DAG(s) dict_keys(['example_sla_dag']) retrieved from /home/airflow/.local/lib/python3.7/site-packages/airflow/example_dags/example_sla_dag.py
[2024-11-01T18:35:29.322+0000] {logging_mixin.py:150} INFO - [2024-11-01T18:35:29.322+0000] {dag.py:2742} INFO - Sync 1 DAGs
[2024-11-01T18:35:29.338+0000] {logging_mixin.py:150} INFO - [2024-11-01T18:35:29.338+0000] {dag.py:3508} INFO - Setting next_dagrun for example_sla_dag to 2024-11-01T18:32:00+00:00, run_after=2024-11-01T18:34:00+00:00
[2024-11-01T18:35:29.348+0000] {processor.py:179} INFO - Processing /home/airflow/.local/lib/python3.7/site-packages/airflow/example_dags/example_sla_dag.py took 0.050 seconds
[2024-11-01T18:36:01.940+0000] {processor.py:157} INFO - Started process (PID=1776) to work on /home/airflow/.local/lib/python3.7/site-packages/airflow/example_dags/example_sla_dag.py
[2024-11-01T18:36:01.948+0000] {processor.py:826} INFO - Processing file /home/airflow/.local/lib/python3.7/site-packages/airflow/example_dags/example_sla_dag.py for tasks to queue
[2024-11-01T18:36:01.957+0000] {logging_mixin.py:150} INFO - [2024-11-01T18:36:01.955+0000] {dagbag.py:541} INFO - Filling up the DagBag from /home/airflow/.local/lib/python3.7/site-packages/airflow/example_dags/example_sla_dag.py
[2024-11-01T18:36:02.003+0000] {processor.py:836} INFO - DAG(s) dict_keys(['example_sla_dag']) retrieved from /home/airflow/.local/lib/python3.7/site-packages/airflow/example_dags/example_sla_dag.py
[2024-11-01T18:36:02.118+0000] {logging_mixin.py:150} INFO - [2024-11-01T18:36:02.118+0000] {dag.py:2742} INFO - Sync 1 DAGs
[2024-11-01T18:36:02.184+0000] {logging_mixin.py:150} INFO - [2024-11-01T18:36:02.183+0000] {dag.py:3508} INFO - Setting next_dagrun for example_sla_dag to 2024-11-01T18:34:00+00:00, run_after=2024-11-01T18:36:00+00:00
[2024-11-01T18:36:02.232+0000] {processor.py:179} INFO - Processing /home/airflow/.local/lib/python3.7/site-packages/airflow/example_dags/example_sla_dag.py took 0.300 seconds
[2024-11-01T18:36:32.503+0000] {processor.py:157} INFO - Started process (PID=1838) to work on /home/airflow/.local/lib/python3.7/site-packages/airflow/example_dags/example_sla_dag.py
[2024-11-01T18:36:32.504+0000] {processor.py:826} INFO - Processing file /home/airflow/.local/lib/python3.7/site-packages/airflow/example_dags/example_sla_dag.py for tasks to queue
[2024-11-01T18:36:32.504+0000] {logging_mixin.py:150} INFO - [2024-11-01T18:36:32.504+0000] {dagbag.py:541} INFO - Filling up the DagBag from /home/airflow/.local/lib/python3.7/site-packages/airflow/example_dags/example_sla_dag.py
[2024-11-01T18:36:32.512+0000] {processor.py:836} INFO - DAG(s) dict_keys(['example_sla_dag']) retrieved from /home/airflow/.local/lib/python3.7/site-packages/airflow/example_dags/example_sla_dag.py
[2024-11-01T18:36:32.532+0000] {logging_mixin.py:150} INFO - [2024-11-01T18:36:32.532+0000] {dag.py:2742} INFO - Sync 1 DAGs
[2024-11-01T18:36:32.568+0000] {logging_mixin.py:150} INFO - [2024-11-01T18:36:32.567+0000] {dag.py:3508} INFO - Setting next_dagrun for example_sla_dag to 2024-11-01T18:34:00+00:00, run_after=2024-11-01T18:36:00+00:00
[2024-11-01T18:36:32.576+0000] {processor.py:179} INFO - Processing /home/airflow/.local/lib/python3.7/site-packages/airflow/example_dags/example_sla_dag.py took 0.076 seconds
[2024-11-01T18:37:02.656+0000] {processor.py:157} INFO - Started process (PID=1900) to work on /home/airflow/.local/lib/python3.7/site-packages/airflow/example_dags/example_sla_dag.py
[2024-11-01T18:37:02.657+0000] {processor.py:826} INFO - Processing file /home/airflow/.local/lib/python3.7/site-packages/airflow/example_dags/example_sla_dag.py for tasks to queue
[2024-11-01T18:37:02.658+0000] {logging_mixin.py:150} INFO - [2024-11-01T18:37:02.657+0000] {dagbag.py:541} INFO - Filling up the DagBag from /home/airflow/.local/lib/python3.7/site-packages/airflow/example_dags/example_sla_dag.py
[2024-11-01T18:37:02.663+0000] {processor.py:836} INFO - DAG(s) dict_keys(['example_sla_dag']) retrieved from /home/airflow/.local/lib/python3.7/site-packages/airflow/example_dags/example_sla_dag.py
[2024-11-01T18:37:02.678+0000] {logging_mixin.py:150} INFO - [2024-11-01T18:37:02.678+0000] {dag.py:2742} INFO - Sync 1 DAGs
[2024-11-01T18:37:02.700+0000] {logging_mixin.py:150} INFO - [2024-11-01T18:37:02.700+0000] {dag.py:3508} INFO - Setting next_dagrun for example_sla_dag to 2024-11-01T18:34:00+00:00, run_after=2024-11-01T18:36:00+00:00
[2024-11-01T18:37:02.709+0000] {processor.py:179} INFO - Processing /home/airflow/.local/lib/python3.7/site-packages/airflow/example_dags/example_sla_dag.py took 0.055 seconds
[2024-11-01T18:37:33.233+0000] {processor.py:157} INFO - Started process (PID=1961) to work on /home/airflow/.local/lib/python3.7/site-packages/airflow/example_dags/example_sla_dag.py
[2024-11-01T18:37:33.237+0000] {processor.py:826} INFO - Processing file /home/airflow/.local/lib/python3.7/site-packages/airflow/example_dags/example_sla_dag.py for tasks to queue
[2024-11-01T18:37:33.238+0000] {logging_mixin.py:150} INFO - [2024-11-01T18:37:33.238+0000] {dagbag.py:541} INFO - Filling up the DagBag from /home/airflow/.local/lib/python3.7/site-packages/airflow/example_dags/example_sla_dag.py
[2024-11-01T18:37:33.246+0000] {processor.py:836} INFO - DAG(s) dict_keys(['example_sla_dag']) retrieved from /home/airflow/.local/lib/python3.7/site-packages/airflow/example_dags/example_sla_dag.py
[2024-11-01T18:37:33.262+0000] {logging_mixin.py:150} INFO - [2024-11-01T18:37:33.262+0000] {dag.py:2742} INFO - Sync 1 DAGs
[2024-11-01T18:37:33.279+0000] {logging_mixin.py:150} INFO - [2024-11-01T18:37:33.278+0000] {dag.py:3508} INFO - Setting next_dagrun for example_sla_dag to 2024-11-01T18:34:00+00:00, run_after=2024-11-01T18:36:00+00:00
[2024-11-01T18:37:33.290+0000] {processor.py:179} INFO - Processing /home/airflow/.local/lib/python3.7/site-packages/airflow/example_dags/example_sla_dag.py took 0.060 seconds
[2024-11-01T18:38:08.504+0000] {processor.py:157} INFO - Started process (PID=2023) to work on /home/airflow/.local/lib/python3.7/site-packages/airflow/example_dags/example_sla_dag.py
[2024-11-01T18:38:08.505+0000] {processor.py:826} INFO - Processing file /home/airflow/.local/lib/python3.7/site-packages/airflow/example_dags/example_sla_dag.py for tasks to queue
[2024-11-01T18:38:08.506+0000] {logging_mixin.py:150} INFO - [2024-11-01T18:38:08.506+0000] {dagbag.py:541} INFO - Filling up the DagBag from /home/airflow/.local/lib/python3.7/site-packages/airflow/example_dags/example_sla_dag.py
[2024-11-01T18:38:08.526+0000] {processor.py:836} INFO - DAG(s) dict_keys(['example_sla_dag']) retrieved from /home/airflow/.local/lib/python3.7/site-packages/airflow/example_dags/example_sla_dag.py
[2024-11-01T18:38:08.555+0000] {logging_mixin.py:150} INFO - [2024-11-01T18:38:08.555+0000] {dag.py:2742} INFO - Sync 1 DAGs
[2024-11-01T18:38:08.594+0000] {logging_mixin.py:150} INFO - [2024-11-01T18:38:08.594+0000] {dag.py:3508} INFO - Setting next_dagrun for example_sla_dag to 2024-11-01T18:36:00+00:00, run_after=2024-11-01T18:38:00+00:00
[2024-11-01T18:38:08.611+0000] {processor.py:179} INFO - Processing /home/airflow/.local/lib/python3.7/site-packages/airflow/example_dags/example_sla_dag.py took 0.110 seconds
[2024-11-01T18:38:39.213+0000] {processor.py:157} INFO - Started process (PID=2085) to work on /home/airflow/.local/lib/python3.7/site-packages/airflow/example_dags/example_sla_dag.py
[2024-11-01T18:38:39.214+0000] {processor.py:826} INFO - Processing file /home/airflow/.local/lib/python3.7/site-packages/airflow/example_dags/example_sla_dag.py for tasks to queue
[2024-11-01T18:38:39.215+0000] {logging_mixin.py:150} INFO - [2024-11-01T18:38:39.214+0000] {dagbag.py:541} INFO - Filling up the DagBag from /home/airflow/.local/lib/python3.7/site-packages/airflow/example_dags/example_sla_dag.py
[2024-11-01T18:38:39.220+0000] {processor.py:836} INFO - DAG(s) dict_keys(['example_sla_dag']) retrieved from /home/airflow/.local/lib/python3.7/site-packages/airflow/example_dags/example_sla_dag.py
[2024-11-01T18:38:39.260+0000] {logging_mixin.py:150} INFO - [2024-11-01T18:38:39.260+0000] {dag.py:2742} INFO - Sync 1 DAGs
[2024-11-01T18:38:39.287+0000] {logging_mixin.py:150} INFO - [2024-11-01T18:38:39.287+0000] {dag.py:3508} INFO - Setting next_dagrun for example_sla_dag to 2024-11-01T18:36:00+00:00, run_after=2024-11-01T18:38:00+00:00
[2024-11-01T18:38:39.303+0000] {processor.py:179} INFO - Processing /home/airflow/.local/lib/python3.7/site-packages/airflow/example_dags/example_sla_dag.py took 0.092 seconds
[2024-11-01T18:39:10.114+0000] {processor.py:157} INFO - Started process (PID=2152) to work on /home/airflow/.local/lib/python3.7/site-packages/airflow/example_dags/example_sla_dag.py
[2024-11-01T18:39:10.118+0000] {processor.py:826} INFO - Processing file /home/airflow/.local/lib/python3.7/site-packages/airflow/example_dags/example_sla_dag.py for tasks to queue
[2024-11-01T18:39:10.120+0000] {logging_mixin.py:150} INFO - [2024-11-01T18:39:10.120+0000] {dagbag.py:541} INFO - Filling up the DagBag from /home/airflow/.local/lib/python3.7/site-packages/airflow/example_dags/example_sla_dag.py
[2024-11-01T18:39:10.149+0000] {processor.py:836} INFO - DAG(s) dict_keys(['example_sla_dag']) retrieved from /home/airflow/.local/lib/python3.7/site-packages/airflow/example_dags/example_sla_dag.py
[2024-11-01T18:39:10.838+0000] {logging_mixin.py:150} INFO - [2024-11-01T18:39:10.835+0000] {dag.py:2742} INFO - Sync 1 DAGs
[2024-11-01T18:39:11.505+0000] {logging_mixin.py:150} INFO - [2024-11-01T18:39:11.354+0000] {dag.py:3508} INFO - Setting next_dagrun for example_sla_dag to 2024-11-01T18:36:00+00:00, run_after=2024-11-01T18:38:00+00:00
[2024-11-01T18:39:12.067+0000] {processor.py:179} INFO - Processing /home/airflow/.local/lib/python3.7/site-packages/airflow/example_dags/example_sla_dag.py took 1.960 seconds
[2024-11-01T18:39:42.780+0000] {processor.py:157} INFO - Started process (PID=2214) to work on /home/airflow/.local/lib/python3.7/site-packages/airflow/example_dags/example_sla_dag.py
[2024-11-01T18:39:42.782+0000] {processor.py:826} INFO - Processing file /home/airflow/.local/lib/python3.7/site-packages/airflow/example_dags/example_sla_dag.py for tasks to queue
[2024-11-01T18:39:42.783+0000] {logging_mixin.py:150} INFO - [2024-11-01T18:39:42.782+0000] {dagbag.py:541} INFO - Filling up the DagBag from /home/airflow/.local/lib/python3.7/site-packages/airflow/example_dags/example_sla_dag.py
[2024-11-01T18:39:42.803+0000] {processor.py:836} INFO - DAG(s) dict_keys(['example_sla_dag']) retrieved from /home/airflow/.local/lib/python3.7/site-packages/airflow/example_dags/example_sla_dag.py
[2024-11-01T18:39:42.842+0000] {logging_mixin.py:150} INFO - [2024-11-01T18:39:42.841+0000] {dag.py:2742} INFO - Sync 1 DAGs
[2024-11-01T18:39:42.886+0000] {logging_mixin.py:150} INFO - [2024-11-01T18:39:42.886+0000] {dag.py:3508} INFO - Setting next_dagrun for example_sla_dag to 2024-11-01T18:36:00+00:00, run_after=2024-11-01T18:38:00+00:00
[2024-11-01T18:39:42.901+0000] {processor.py:179} INFO - Processing /home/airflow/.local/lib/python3.7/site-packages/airflow/example_dags/example_sla_dag.py took 0.125 seconds
[2024-11-01T18:40:13.041+0000] {processor.py:157} INFO - Started process (PID=2276) to work on /home/airflow/.local/lib/python3.7/site-packages/airflow/example_dags/example_sla_dag.py
[2024-11-01T18:40:13.045+0000] {processor.py:826} INFO - Processing file /home/airflow/.local/lib/python3.7/site-packages/airflow/example_dags/example_sla_dag.py for tasks to queue
[2024-11-01T18:40:13.049+0000] {logging_mixin.py:150} INFO - [2024-11-01T18:40:13.048+0000] {dagbag.py:541} INFO - Filling up the DagBag from /home/airflow/.local/lib/python3.7/site-packages/airflow/example_dags/example_sla_dag.py
[2024-11-01T18:40:13.071+0000] {processor.py:836} INFO - DAG(s) dict_keys(['example_sla_dag']) retrieved from /home/airflow/.local/lib/python3.7/site-packages/airflow/example_dags/example_sla_dag.py
[2024-11-01T18:40:13.108+0000] {logging_mixin.py:150} INFO - [2024-11-01T18:40:13.107+0000] {dag.py:2742} INFO - Sync 1 DAGs
[2024-11-01T18:40:13.136+0000] {logging_mixin.py:150} INFO - [2024-11-01T18:40:13.136+0000] {dag.py:3508} INFO - Setting next_dagrun for example_sla_dag to 2024-11-01T18:38:00+00:00, run_after=2024-11-01T18:40:00+00:00
[2024-11-01T18:40:13.161+0000] {processor.py:179} INFO - Processing /home/airflow/.local/lib/python3.7/site-packages/airflow/example_dags/example_sla_dag.py took 0.127 seconds
[2024-11-01T18:40:43.229+0000] {processor.py:157} INFO - Started process (PID=2338) to work on /home/airflow/.local/lib/python3.7/site-packages/airflow/example_dags/example_sla_dag.py
[2024-11-01T18:40:43.231+0000] {processor.py:826} INFO - Processing file /home/airflow/.local/lib/python3.7/site-packages/airflow/example_dags/example_sla_dag.py for tasks to queue
[2024-11-01T18:40:43.232+0000] {logging_mixin.py:150} INFO - [2024-11-01T18:40:43.232+0000] {dagbag.py:541} INFO - Filling up the DagBag from /home/airflow/.local/lib/python3.7/site-packages/airflow/example_dags/example_sla_dag.py
[2024-11-01T18:40:43.252+0000] {processor.py:836} INFO - DAG(s) dict_keys(['example_sla_dag']) retrieved from /home/airflow/.local/lib/python3.7/site-packages/airflow/example_dags/example_sla_dag.py
[2024-11-01T18:40:43.309+0000] {logging_mixin.py:150} INFO - [2024-11-01T18:40:43.309+0000] {dag.py:2742} INFO - Sync 1 DAGs
[2024-11-01T18:40:43.393+0000] {logging_mixin.py:150} INFO - [2024-11-01T18:40:43.393+0000] {dag.py:3508} INFO - Setting next_dagrun for example_sla_dag to 2024-11-01T18:38:00+00:00, run_after=2024-11-01T18:40:00+00:00
[2024-11-01T18:40:43.423+0000] {processor.py:179} INFO - Processing /home/airflow/.local/lib/python3.7/site-packages/airflow/example_dags/example_sla_dag.py took 0.204 seconds
[2024-11-01T18:41:13.618+0000] {processor.py:157} INFO - Started process (PID=2400) to work on /home/airflow/.local/lib/python3.7/site-packages/airflow/example_dags/example_sla_dag.py
[2024-11-01T18:41:13.620+0000] {processor.py:826} INFO - Processing file /home/airflow/.local/lib/python3.7/site-packages/airflow/example_dags/example_sla_dag.py for tasks to queue
[2024-11-01T18:41:13.621+0000] {logging_mixin.py:150} INFO - [2024-11-01T18:41:13.621+0000] {dagbag.py:541} INFO - Filling up the DagBag from /home/airflow/.local/lib/python3.7/site-packages/airflow/example_dags/example_sla_dag.py
[2024-11-01T18:41:13.637+0000] {processor.py:836} INFO - DAG(s) dict_keys(['example_sla_dag']) retrieved from /home/airflow/.local/lib/python3.7/site-packages/airflow/example_dags/example_sla_dag.py
[2024-11-01T18:41:13.683+0000] {logging_mixin.py:150} INFO - [2024-11-01T18:41:13.683+0000] {dag.py:2742} INFO - Sync 1 DAGs
[2024-11-01T18:41:13.718+0000] {logging_mixin.py:150} INFO - [2024-11-01T18:41:13.717+0000] {dag.py:3508} INFO - Setting next_dagrun for example_sla_dag to 2024-11-01T18:38:00+00:00, run_after=2024-11-01T18:40:00+00:00
[2024-11-01T18:41:13.739+0000] {processor.py:179} INFO - Processing /home/airflow/.local/lib/python3.7/site-packages/airflow/example_dags/example_sla_dag.py took 0.132 seconds
[2024-11-01T18:41:44.383+0000] {processor.py:157} INFO - Started process (PID=2462) to work on /home/airflow/.local/lib/python3.7/site-packages/airflow/example_dags/example_sla_dag.py
[2024-11-01T18:41:44.387+0000] {processor.py:826} INFO - Processing file /home/airflow/.local/lib/python3.7/site-packages/airflow/example_dags/example_sla_dag.py for tasks to queue
[2024-11-01T18:41:44.388+0000] {logging_mixin.py:150} INFO - [2024-11-01T18:41:44.388+0000] {dagbag.py:541} INFO - Filling up the DagBag from /home/airflow/.local/lib/python3.7/site-packages/airflow/example_dags/example_sla_dag.py
[2024-11-01T18:41:44.409+0000] {processor.py:836} INFO - DAG(s) dict_keys(['example_sla_dag']) retrieved from /home/airflow/.local/lib/python3.7/site-packages/airflow/example_dags/example_sla_dag.py
[2024-11-01T18:41:44.454+0000] {logging_mixin.py:150} INFO - [2024-11-01T18:41:44.454+0000] {dag.py:2742} INFO - Sync 1 DAGs
[2024-11-01T18:41:44.483+0000] {logging_mixin.py:150} INFO - [2024-11-01T18:41:44.483+0000] {dag.py:3508} INFO - Setting next_dagrun for example_sla_dag to 2024-11-01T18:38:00+00:00, run_after=2024-11-01T18:40:00+00:00
[2024-11-01T18:41:44.501+0000] {processor.py:179} INFO - Processing /home/airflow/.local/lib/python3.7/site-packages/airflow/example_dags/example_sla_dag.py took 0.137 seconds
[2024-11-01T18:42:14.656+0000] {processor.py:157} INFO - Started process (PID=2524) to work on /home/airflow/.local/lib/python3.7/site-packages/airflow/example_dags/example_sla_dag.py
[2024-11-01T18:42:14.661+0000] {processor.py:826} INFO - Processing file /home/airflow/.local/lib/python3.7/site-packages/airflow/example_dags/example_sla_dag.py for tasks to queue
[2024-11-01T18:42:14.664+0000] {logging_mixin.py:150} INFO - [2024-11-01T18:42:14.663+0000] {dagbag.py:541} INFO - Filling up the DagBag from /home/airflow/.local/lib/python3.7/site-packages/airflow/example_dags/example_sla_dag.py
[2024-11-01T18:42:14.688+0000] {processor.py:836} INFO - DAG(s) dict_keys(['example_sla_dag']) retrieved from /home/airflow/.local/lib/python3.7/site-packages/airflow/example_dags/example_sla_dag.py
[2024-11-01T18:42:14.717+0000] {logging_mixin.py:150} INFO - [2024-11-01T18:42:14.717+0000] {dag.py:2742} INFO - Sync 1 DAGs
[2024-11-01T18:42:14.760+0000] {logging_mixin.py:150} INFO - [2024-11-01T18:42:14.760+0000] {dag.py:3508} INFO - Setting next_dagrun for example_sla_dag to 2024-11-01T18:40:00+00:00, run_after=2024-11-01T18:42:00+00:00
[2024-11-01T18:42:14.780+0000] {processor.py:179} INFO - Processing /home/airflow/.local/lib/python3.7/site-packages/airflow/example_dags/example_sla_dag.py took 0.136 seconds
[2024-11-01T18:42:45.192+0000] {processor.py:157} INFO - Started process (PID=2586) to work on /home/airflow/.local/lib/python3.7/site-packages/airflow/example_dags/example_sla_dag.py
[2024-11-01T18:42:45.198+0000] {processor.py:826} INFO - Processing file /home/airflow/.local/lib/python3.7/site-packages/airflow/example_dags/example_sla_dag.py for tasks to queue
[2024-11-01T18:42:45.200+0000] {logging_mixin.py:150} INFO - [2024-11-01T18:42:45.199+0000] {dagbag.py:541} INFO - Filling up the DagBag from /home/airflow/.local/lib/python3.7/site-packages/airflow/example_dags/example_sla_dag.py
[2024-11-01T18:42:45.218+0000] {processor.py:836} INFO - DAG(s) dict_keys(['example_sla_dag']) retrieved from /home/airflow/.local/lib/python3.7/site-packages/airflow/example_dags/example_sla_dag.py
[2024-11-01T18:42:45.240+0000] {logging_mixin.py:150} INFO - [2024-11-01T18:42:45.240+0000] {dag.py:2742} INFO - Sync 1 DAGs
[2024-11-01T18:42:45.266+0000] {logging_mixin.py:150} INFO - [2024-11-01T18:42:45.266+0000] {dag.py:3508} INFO - Setting next_dagrun for example_sla_dag to 2024-11-01T18:40:00+00:00, run_after=2024-11-01T18:42:00+00:00
[2024-11-01T18:42:45.279+0000] {processor.py:179} INFO - Processing /home/airflow/.local/lib/python3.7/site-packages/airflow/example_dags/example_sla_dag.py took 0.095 seconds
[2024-11-01T18:43:15.893+0000] {processor.py:157} INFO - Started process (PID=2648) to work on /home/airflow/.local/lib/python3.7/site-packages/airflow/example_dags/example_sla_dag.py
[2024-11-01T18:43:15.896+0000] {processor.py:826} INFO - Processing file /home/airflow/.local/lib/python3.7/site-packages/airflow/example_dags/example_sla_dag.py for tasks to queue
[2024-11-01T18:43:15.905+0000] {logging_mixin.py:150} INFO - [2024-11-01T18:43:15.904+0000] {dagbag.py:541} INFO - Filling up the DagBag from /home/airflow/.local/lib/python3.7/site-packages/airflow/example_dags/example_sla_dag.py
[2024-11-01T18:43:15.917+0000] {processor.py:836} INFO - DAG(s) dict_keys(['example_sla_dag']) retrieved from /home/airflow/.local/lib/python3.7/site-packages/airflow/example_dags/example_sla_dag.py
[2024-11-01T18:43:15.946+0000] {logging_mixin.py:150} INFO - [2024-11-01T18:43:15.946+0000] {dag.py:2742} INFO - Sync 1 DAGs
[2024-11-01T18:43:15.968+0000] {logging_mixin.py:150} INFO - [2024-11-01T18:43:15.967+0000] {dag.py:3508} INFO - Setting next_dagrun for example_sla_dag to 2024-11-01T18:40:00+00:00, run_after=2024-11-01T18:42:00+00:00
[2024-11-01T18:43:15.985+0000] {processor.py:179} INFO - Processing /home/airflow/.local/lib/python3.7/site-packages/airflow/example_dags/example_sla_dag.py took 0.111 seconds
[2024-11-01T18:43:46.225+0000] {processor.py:157} INFO - Started process (PID=2710) to work on /home/airflow/.local/lib/python3.7/site-packages/airflow/example_dags/example_sla_dag.py
[2024-11-01T18:43:46.227+0000] {processor.py:826} INFO - Processing file /home/airflow/.local/lib/python3.7/site-packages/airflow/example_dags/example_sla_dag.py for tasks to queue
[2024-11-01T18:43:46.227+0000] {logging_mixin.py:150} INFO - [2024-11-01T18:43:46.227+0000] {dagbag.py:541} INFO - Filling up the DagBag from /home/airflow/.local/lib/python3.7/site-packages/airflow/example_dags/example_sla_dag.py
[2024-11-01T18:43:46.234+0000] {processor.py:836} INFO - DAG(s) dict_keys(['example_sla_dag']) retrieved from /home/airflow/.local/lib/python3.7/site-packages/airflow/example_dags/example_sla_dag.py
[2024-11-01T18:43:46.256+0000] {logging_mixin.py:150} INFO - [2024-11-01T18:43:46.256+0000] {dag.py:2742} INFO - Sync 1 DAGs
[2024-11-01T18:43:46.275+0000] {logging_mixin.py:150} INFO - [2024-11-01T18:43:46.275+0000] {dag.py:3508} INFO - Setting next_dagrun for example_sla_dag to 2024-11-01T18:40:00+00:00, run_after=2024-11-01T18:42:00+00:00
[2024-11-01T18:43:46.288+0000] {processor.py:179} INFO - Processing /home/airflow/.local/lib/python3.7/site-packages/airflow/example_dags/example_sla_dag.py took 0.072 seconds
[2024-11-01T18:44:16.755+0000] {processor.py:157} INFO - Started process (PID=2772) to work on /home/airflow/.local/lib/python3.7/site-packages/airflow/example_dags/example_sla_dag.py
[2024-11-01T18:44:16.758+0000] {processor.py:826} INFO - Processing file /home/airflow/.local/lib/python3.7/site-packages/airflow/example_dags/example_sla_dag.py for tasks to queue
[2024-11-01T18:44:16.760+0000] {logging_mixin.py:150} INFO - [2024-11-01T18:44:16.759+0000] {dagbag.py:541} INFO - Filling up the DagBag from /home/airflow/.local/lib/python3.7/site-packages/airflow/example_dags/example_sla_dag.py
[2024-11-01T18:44:16.777+0000] {processor.py:836} INFO - DAG(s) dict_keys(['example_sla_dag']) retrieved from /home/airflow/.local/lib/python3.7/site-packages/airflow/example_dags/example_sla_dag.py
[2024-11-01T18:44:16.807+0000] {logging_mixin.py:150} INFO - [2024-11-01T18:44:16.807+0000] {dag.py:2742} INFO - Sync 1 DAGs
[2024-11-01T18:44:16.829+0000] {logging_mixin.py:150} INFO - [2024-11-01T18:44:16.829+0000] {dag.py:3508} INFO - Setting next_dagrun for example_sla_dag to 2024-11-01T18:42:00+00:00, run_after=2024-11-01T18:44:00+00:00
[2024-11-01T18:44:16.845+0000] {processor.py:179} INFO - Processing /home/airflow/.local/lib/python3.7/site-packages/airflow/example_dags/example_sla_dag.py took 0.101 seconds
[2024-11-01T18:44:47.249+0000] {processor.py:157} INFO - Started process (PID=2834) to work on /home/airflow/.local/lib/python3.7/site-packages/airflow/example_dags/example_sla_dag.py
[2024-11-01T18:44:47.251+0000] {processor.py:826} INFO - Processing file /home/airflow/.local/lib/python3.7/site-packages/airflow/example_dags/example_sla_dag.py for tasks to queue
[2024-11-01T18:44:47.252+0000] {logging_mixin.py:150} INFO - [2024-11-01T18:44:47.251+0000] {dagbag.py:541} INFO - Filling up the DagBag from /home/airflow/.local/lib/python3.7/site-packages/airflow/example_dags/example_sla_dag.py
[2024-11-01T18:44:47.266+0000] {processor.py:836} INFO - DAG(s) dict_keys(['example_sla_dag']) retrieved from /home/airflow/.local/lib/python3.7/site-packages/airflow/example_dags/example_sla_dag.py
[2024-11-01T18:44:47.291+0000] {logging_mixin.py:150} INFO - [2024-11-01T18:44:47.291+0000] {dag.py:2742} INFO - Sync 1 DAGs
[2024-11-01T18:44:47.309+0000] {logging_mixin.py:150} INFO - [2024-11-01T18:44:47.309+0000] {dag.py:3508} INFO - Setting next_dagrun for example_sla_dag to 2024-11-01T18:42:00+00:00, run_after=2024-11-01T18:44:00+00:00
[2024-11-01T18:44:47.320+0000] {processor.py:179} INFO - Processing /home/airflow/.local/lib/python3.7/site-packages/airflow/example_dags/example_sla_dag.py took 0.075 seconds
[2024-11-01T18:45:17.775+0000] {processor.py:157} INFO - Started process (PID=2896) to work on /home/airflow/.local/lib/python3.7/site-packages/airflow/example_dags/example_sla_dag.py
[2024-11-01T18:45:17.779+0000] {processor.py:826} INFO - Processing file /home/airflow/.local/lib/python3.7/site-packages/airflow/example_dags/example_sla_dag.py for tasks to queue
[2024-11-01T18:45:17.781+0000] {logging_mixin.py:150} INFO - [2024-11-01T18:45:17.781+0000] {dagbag.py:541} INFO - Filling up the DagBag from /home/airflow/.local/lib/python3.7/site-packages/airflow/example_dags/example_sla_dag.py
[2024-11-01T18:45:17.790+0000] {processor.py:836} INFO - DAG(s) dict_keys(['example_sla_dag']) retrieved from /home/airflow/.local/lib/python3.7/site-packages/airflow/example_dags/example_sla_dag.py
[2024-11-01T18:45:17.811+0000] {logging_mixin.py:150} INFO - [2024-11-01T18:45:17.811+0000] {dag.py:2742} INFO - Sync 1 DAGs
[2024-11-01T18:45:17.833+0000] {logging_mixin.py:150} INFO - [2024-11-01T18:45:17.833+0000] {dag.py:3508} INFO - Setting next_dagrun for example_sla_dag to 2024-11-01T18:42:00+00:00, run_after=2024-11-01T18:44:00+00:00
[2024-11-01T18:45:17.843+0000] {processor.py:179} INFO - Processing /home/airflow/.local/lib/python3.7/site-packages/airflow/example_dags/example_sla_dag.py took 0.072 seconds
[2024-11-01T18:45:48.039+0000] {processor.py:157} INFO - Started process (PID=2958) to work on /home/airflow/.local/lib/python3.7/site-packages/airflow/example_dags/example_sla_dag.py
[2024-11-01T18:45:48.039+0000] {processor.py:826} INFO - Processing file /home/airflow/.local/lib/python3.7/site-packages/airflow/example_dags/example_sla_dag.py for tasks to queue
[2024-11-01T18:45:48.040+0000] {logging_mixin.py:150} INFO - [2024-11-01T18:45:48.040+0000] {dagbag.py:541} INFO - Filling up the DagBag from /home/airflow/.local/lib/python3.7/site-packages/airflow/example_dags/example_sla_dag.py
[2024-11-01T18:45:48.046+0000] {processor.py:836} INFO - DAG(s) dict_keys(['example_sla_dag']) retrieved from /home/airflow/.local/lib/python3.7/site-packages/airflow/example_dags/example_sla_dag.py
[2024-11-01T18:45:48.074+0000] {logging_mixin.py:150} INFO - [2024-11-01T18:45:48.073+0000] {dag.py:2742} INFO - Sync 1 DAGs
[2024-11-01T18:45:48.098+0000] {logging_mixin.py:150} INFO - [2024-11-01T18:45:48.097+0000] {dag.py:3508} INFO - Setting next_dagrun for example_sla_dag to 2024-11-01T18:42:00+00:00, run_after=2024-11-01T18:44:00+00:00
[2024-11-01T18:45:48.110+0000] {processor.py:179} INFO - Processing /home/airflow/.local/lib/python3.7/site-packages/airflow/example_dags/example_sla_dag.py took 0.074 seconds
[2024-11-01T18:46:18.556+0000] {processor.py:157} INFO - Started process (PID=3011) to work on /home/airflow/.local/lib/python3.7/site-packages/airflow/example_dags/example_sla_dag.py
[2024-11-01T18:46:18.557+0000] {processor.py:826} INFO - Processing file /home/airflow/.local/lib/python3.7/site-packages/airflow/example_dags/example_sla_dag.py for tasks to queue
[2024-11-01T18:46:18.558+0000] {logging_mixin.py:150} INFO - [2024-11-01T18:46:18.558+0000] {dagbag.py:541} INFO - Filling up the DagBag from /home/airflow/.local/lib/python3.7/site-packages/airflow/example_dags/example_sla_dag.py
[2024-11-01T18:46:18.563+0000] {processor.py:836} INFO - DAG(s) dict_keys(['example_sla_dag']) retrieved from /home/airflow/.local/lib/python3.7/site-packages/airflow/example_dags/example_sla_dag.py
[2024-11-01T18:46:18.577+0000] {logging_mixin.py:150} INFO - [2024-11-01T18:46:18.577+0000] {dag.py:2742} INFO - Sync 1 DAGs
[2024-11-01T18:46:18.590+0000] {logging_mixin.py:150} INFO - [2024-11-01T18:46:18.590+0000] {dag.py:3508} INFO - Setting next_dagrun for example_sla_dag to 2024-11-01T18:44:00+00:00, run_after=2024-11-01T18:46:00+00:00
[2024-11-01T18:46:18.599+0000] {processor.py:179} INFO - Processing /home/airflow/.local/lib/python3.7/site-packages/airflow/example_dags/example_sla_dag.py took 0.045 seconds
[2024-11-01T18:46:54.438+0000] {processor.py:157} INFO - Started process (PID=3073) to work on /home/airflow/.local/lib/python3.7/site-packages/airflow/example_dags/example_sla_dag.py
[2024-11-01T18:46:54.446+0000] {processor.py:826} INFO - Processing file /home/airflow/.local/lib/python3.7/site-packages/airflow/example_dags/example_sla_dag.py for tasks to queue
[2024-11-01T18:46:54.448+0000] {logging_mixin.py:150} INFO - [2024-11-01T18:46:54.447+0000] {dagbag.py:541} INFO - Filling up the DagBag from /home/airflow/.local/lib/python3.7/site-packages/airflow/example_dags/example_sla_dag.py
[2024-11-01T18:46:54.489+0000] {processor.py:836} INFO - DAG(s) dict_keys(['example_sla_dag']) retrieved from /home/airflow/.local/lib/python3.7/site-packages/airflow/example_dags/example_sla_dag.py
[2024-11-01T18:46:54.565+0000] {logging_mixin.py:150} INFO - [2024-11-01T18:46:54.565+0000] {dag.py:2742} INFO - Sync 1 DAGs
[2024-11-01T18:46:54.925+0000] {logging_mixin.py:150} INFO - [2024-11-01T18:46:54.894+0000] {dag.py:3508} INFO - Setting next_dagrun for example_sla_dag to 2024-11-01T18:44:00+00:00, run_after=2024-11-01T18:46:00+00:00
[2024-11-01T18:46:55.348+0000] {processor.py:179} INFO - Processing /home/airflow/.local/lib/python3.7/site-packages/airflow/example_dags/example_sla_dag.py took 0.947 seconds
[2024-11-01T18:47:25.750+0000] {processor.py:157} INFO - Started process (PID=3135) to work on /home/airflow/.local/lib/python3.7/site-packages/airflow/example_dags/example_sla_dag.py
[2024-11-01T18:47:25.752+0000] {processor.py:826} INFO - Processing file /home/airflow/.local/lib/python3.7/site-packages/airflow/example_dags/example_sla_dag.py for tasks to queue
[2024-11-01T18:47:25.753+0000] {logging_mixin.py:150} INFO - [2024-11-01T18:47:25.752+0000] {dagbag.py:541} INFO - Filling up the DagBag from /home/airflow/.local/lib/python3.7/site-packages/airflow/example_dags/example_sla_dag.py
[2024-11-01T18:47:25.777+0000] {processor.py:836} INFO - DAG(s) dict_keys(['example_sla_dag']) retrieved from /home/airflow/.local/lib/python3.7/site-packages/airflow/example_dags/example_sla_dag.py
[2024-11-01T18:47:25.834+0000] {logging_mixin.py:150} INFO - [2024-11-01T18:47:25.834+0000] {dag.py:2742} INFO - Sync 1 DAGs
[2024-11-01T18:47:25.858+0000] {logging_mixin.py:150} INFO - [2024-11-01T18:47:25.858+0000] {dag.py:3508} INFO - Setting next_dagrun for example_sla_dag to 2024-11-01T18:44:00+00:00, run_after=2024-11-01T18:46:00+00:00
[2024-11-01T18:47:25.869+0000] {processor.py:179} INFO - Processing /home/airflow/.local/lib/python3.7/site-packages/airflow/example_dags/example_sla_dag.py took 0.134 seconds
[2024-11-01T18:47:58.344+0000] {processor.py:157} INFO - Started process (PID=3198) to work on /home/airflow/.local/lib/python3.7/site-packages/airflow/example_dags/example_sla_dag.py
[2024-11-01T18:47:58.345+0000] {processor.py:826} INFO - Processing file /home/airflow/.local/lib/python3.7/site-packages/airflow/example_dags/example_sla_dag.py for tasks to queue
[2024-11-01T18:47:58.346+0000] {logging_mixin.py:150} INFO - [2024-11-01T18:47:58.345+0000] {dagbag.py:541} INFO - Filling up the DagBag from /home/airflow/.local/lib/python3.7/site-packages/airflow/example_dags/example_sla_dag.py
[2024-11-01T18:47:58.353+0000] {processor.py:836} INFO - DAG(s) dict_keys(['example_sla_dag']) retrieved from /home/airflow/.local/lib/python3.7/site-packages/airflow/example_dags/example_sla_dag.py
[2024-11-01T18:47:58.412+0000] {logging_mixin.py:150} INFO - [2024-11-01T18:47:58.412+0000] {dag.py:2742} INFO - Sync 1 DAGs
[2024-11-01T18:47:58.480+0000] {logging_mixin.py:150} INFO - [2024-11-01T18:47:58.479+0000] {dag.py:3508} INFO - Setting next_dagrun for example_sla_dag to 2024-11-01T18:44:00+00:00, run_after=2024-11-01T18:46:00+00:00
[2024-11-01T18:47:58.502+0000] {processor.py:179} INFO - Processing /home/airflow/.local/lib/python3.7/site-packages/airflow/example_dags/example_sla_dag.py took 0.161 seconds
[2024-11-01T18:48:29.213+0000] {processor.py:157} INFO - Started process (PID=3259) to work on /home/airflow/.local/lib/python3.7/site-packages/airflow/example_dags/example_sla_dag.py
[2024-11-01T18:48:29.217+0000] {processor.py:826} INFO - Processing file /home/airflow/.local/lib/python3.7/site-packages/airflow/example_dags/example_sla_dag.py for tasks to queue
[2024-11-01T18:48:29.220+0000] {logging_mixin.py:150} INFO - [2024-11-01T18:48:29.219+0000] {dagbag.py:541} INFO - Filling up the DagBag from /home/airflow/.local/lib/python3.7/site-packages/airflow/example_dags/example_sla_dag.py
[2024-11-01T18:48:29.231+0000] {processor.py:836} INFO - DAG(s) dict_keys(['example_sla_dag']) retrieved from /home/airflow/.local/lib/python3.7/site-packages/airflow/example_dags/example_sla_dag.py
[2024-11-01T18:48:29.265+0000] {logging_mixin.py:150} INFO - [2024-11-01T18:48:29.264+0000] {dag.py:2742} INFO - Sync 1 DAGs
[2024-11-01T18:48:29.286+0000] {logging_mixin.py:150} INFO - [2024-11-01T18:48:29.286+0000] {dag.py:3508} INFO - Setting next_dagrun for example_sla_dag to 2024-11-01T18:46:00+00:00, run_after=2024-11-01T18:48:00+00:00
[2024-11-01T18:48:29.307+0000] {processor.py:179} INFO - Processing /home/airflow/.local/lib/python3.7/site-packages/airflow/example_dags/example_sla_dag.py took 0.113 seconds
[2024-11-01T18:49:00.166+0000] {processor.py:157} INFO - Started process (PID=3321) to work on /home/airflow/.local/lib/python3.7/site-packages/airflow/example_dags/example_sla_dag.py
[2024-11-01T18:49:00.167+0000] {processor.py:826} INFO - Processing file /home/airflow/.local/lib/python3.7/site-packages/airflow/example_dags/example_sla_dag.py for tasks to queue
[2024-11-01T18:49:00.168+0000] {logging_mixin.py:150} INFO - [2024-11-01T18:49:00.168+0000] {dagbag.py:541} INFO - Filling up the DagBag from /home/airflow/.local/lib/python3.7/site-packages/airflow/example_dags/example_sla_dag.py
[2024-11-01T18:49:00.173+0000] {processor.py:836} INFO - DAG(s) dict_keys(['example_sla_dag']) retrieved from /home/airflow/.local/lib/python3.7/site-packages/airflow/example_dags/example_sla_dag.py
[2024-11-01T18:49:00.192+0000] {logging_mixin.py:150} INFO - [2024-11-01T18:49:00.192+0000] {dag.py:2742} INFO - Sync 1 DAGs
[2024-11-01T18:49:00.210+0000] {logging_mixin.py:150} INFO - [2024-11-01T18:49:00.210+0000] {dag.py:3508} INFO - Setting next_dagrun for example_sla_dag to 2024-11-01T18:46:00+00:00, run_after=2024-11-01T18:48:00+00:00
[2024-11-01T18:49:00.219+0000] {processor.py:179} INFO - Processing /home/airflow/.local/lib/python3.7/site-packages/airflow/example_dags/example_sla_dag.py took 0.058 seconds
[2024-11-01T18:49:30.366+0000] {processor.py:157} INFO - Started process (PID=3383) to work on /home/airflow/.local/lib/python3.7/site-packages/airflow/example_dags/example_sla_dag.py
[2024-11-01T18:49:30.367+0000] {processor.py:826} INFO - Processing file /home/airflow/.local/lib/python3.7/site-packages/airflow/example_dags/example_sla_dag.py for tasks to queue
[2024-11-01T18:49:30.369+0000] {logging_mixin.py:150} INFO - [2024-11-01T18:49:30.369+0000] {dagbag.py:541} INFO - Filling up the DagBag from /home/airflow/.local/lib/python3.7/site-packages/airflow/example_dags/example_sla_dag.py
[2024-11-01T18:49:30.373+0000] {processor.py:836} INFO - DAG(s) dict_keys(['example_sla_dag']) retrieved from /home/airflow/.local/lib/python3.7/site-packages/airflow/example_dags/example_sla_dag.py
[2024-11-01T18:49:30.394+0000] {logging_mixin.py:150} INFO - [2024-11-01T18:49:30.394+0000] {dag.py:2742} INFO - Sync 1 DAGs
[2024-11-01T18:49:30.409+0000] {logging_mixin.py:150} INFO - [2024-11-01T18:49:30.409+0000] {dag.py:3508} INFO - Setting next_dagrun for example_sla_dag to 2024-11-01T18:46:00+00:00, run_after=2024-11-01T18:48:00+00:00
[2024-11-01T18:49:30.425+0000] {processor.py:179} INFO - Processing /home/airflow/.local/lib/python3.7/site-packages/airflow/example_dags/example_sla_dag.py took 0.062 seconds
[2024-11-01T18:50:00.742+0000] {processor.py:157} INFO - Started process (PID=3445) to work on /home/airflow/.local/lib/python3.7/site-packages/airflow/example_dags/example_sla_dag.py
[2024-11-01T18:50:00.743+0000] {processor.py:826} INFO - Processing file /home/airflow/.local/lib/python3.7/site-packages/airflow/example_dags/example_sla_dag.py for tasks to queue
[2024-11-01T18:50:00.747+0000] {logging_mixin.py:150} INFO - [2024-11-01T18:50:00.747+0000] {dagbag.py:541} INFO - Filling up the DagBag from /home/airflow/.local/lib/python3.7/site-packages/airflow/example_dags/example_sla_dag.py
[2024-11-01T18:50:00.751+0000] {processor.py:836} INFO - DAG(s) dict_keys(['example_sla_dag']) retrieved from /home/airflow/.local/lib/python3.7/site-packages/airflow/example_dags/example_sla_dag.py
[2024-11-01T18:50:00.768+0000] {logging_mixin.py:150} INFO - [2024-11-01T18:50:00.768+0000] {dag.py:2742} INFO - Sync 1 DAGs
[2024-11-01T18:50:00.786+0000] {logging_mixin.py:150} INFO - [2024-11-01T18:50:00.786+0000] {dag.py:3508} INFO - Setting next_dagrun for example_sla_dag to 2024-11-01T18:48:00+00:00, run_after=2024-11-01T18:50:00+00:00
[2024-11-01T18:50:00.797+0000] {processor.py:179} INFO - Processing /home/airflow/.local/lib/python3.7/site-packages/airflow/example_dags/example_sla_dag.py took 0.057 seconds
[2024-11-01T18:50:30.882+0000] {processor.py:157} INFO - Started process (PID=3507) to work on /home/airflow/.local/lib/python3.7/site-packages/airflow/example_dags/example_sla_dag.py
[2024-11-01T18:50:30.882+0000] {processor.py:826} INFO - Processing file /home/airflow/.local/lib/python3.7/site-packages/airflow/example_dags/example_sla_dag.py for tasks to queue
[2024-11-01T18:50:30.883+0000] {logging_mixin.py:150} INFO - [2024-11-01T18:50:30.883+0000] {dagbag.py:541} INFO - Filling up the DagBag from /home/airflow/.local/lib/python3.7/site-packages/airflow/example_dags/example_sla_dag.py
[2024-11-01T18:50:30.887+0000] {processor.py:836} INFO - DAG(s) dict_keys(['example_sla_dag']) retrieved from /home/airflow/.local/lib/python3.7/site-packages/airflow/example_dags/example_sla_dag.py
[2024-11-01T18:50:30.899+0000] {logging_mixin.py:150} INFO - [2024-11-01T18:50:30.899+0000] {dag.py:2742} INFO - Sync 1 DAGs
[2024-11-01T18:50:30.912+0000] {logging_mixin.py:150} INFO - [2024-11-01T18:50:30.911+0000] {dag.py:3508} INFO - Setting next_dagrun for example_sla_dag to 2024-11-01T18:48:00+00:00, run_after=2024-11-01T18:50:00+00:00
[2024-11-01T18:50:30.919+0000] {processor.py:179} INFO - Processing /home/airflow/.local/lib/python3.7/site-packages/airflow/example_dags/example_sla_dag.py took 0.039 seconds
[2024-11-01T18:51:01.288+0000] {processor.py:157} INFO - Started process (PID=3569) to work on /home/airflow/.local/lib/python3.7/site-packages/airflow/example_dags/example_sla_dag.py
[2024-11-01T18:51:01.290+0000] {processor.py:826} INFO - Processing file /home/airflow/.local/lib/python3.7/site-packages/airflow/example_dags/example_sla_dag.py for tasks to queue
[2024-11-01T18:51:01.292+0000] {logging_mixin.py:150} INFO - [2024-11-01T18:51:01.292+0000] {dagbag.py:541} INFO - Filling up the DagBag from /home/airflow/.local/lib/python3.7/site-packages/airflow/example_dags/example_sla_dag.py
[2024-11-01T18:51:01.298+0000] {processor.py:836} INFO - DAG(s) dict_keys(['example_sla_dag']) retrieved from /home/airflow/.local/lib/python3.7/site-packages/airflow/example_dags/example_sla_dag.py
[2024-11-01T18:51:01.317+0000] {logging_mixin.py:150} INFO - [2024-11-01T18:51:01.317+0000] {dag.py:2742} INFO - Sync 1 DAGs
[2024-11-01T18:51:01.350+0000] {logging_mixin.py:150} INFO - [2024-11-01T18:51:01.350+0000] {dag.py:3508} INFO - Setting next_dagrun for example_sla_dag to 2024-11-01T18:48:00+00:00, run_after=2024-11-01T18:50:00+00:00
[2024-11-01T18:51:01.383+0000] {processor.py:179} INFO - Processing /home/airflow/.local/lib/python3.7/site-packages/airflow/example_dags/example_sla_dag.py took 0.104 seconds
[2024-11-01T18:51:32.317+0000] {processor.py:157} INFO - Started process (PID=3631) to work on /home/airflow/.local/lib/python3.7/site-packages/airflow/example_dags/example_sla_dag.py
[2024-11-01T18:51:32.318+0000] {processor.py:826} INFO - Processing file /home/airflow/.local/lib/python3.7/site-packages/airflow/example_dags/example_sla_dag.py for tasks to queue
[2024-11-01T18:51:32.318+0000] {logging_mixin.py:150} INFO - [2024-11-01T18:51:32.318+0000] {dagbag.py:541} INFO - Filling up the DagBag from /home/airflow/.local/lib/python3.7/site-packages/airflow/example_dags/example_sla_dag.py
[2024-11-01T18:51:32.323+0000] {processor.py:836} INFO - DAG(s) dict_keys(['example_sla_dag']) retrieved from /home/airflow/.local/lib/python3.7/site-packages/airflow/example_dags/example_sla_dag.py
[2024-11-01T18:51:32.342+0000] {logging_mixin.py:150} INFO - [2024-11-01T18:51:32.342+0000] {dag.py:2742} INFO - Sync 1 DAGs
[2024-11-01T18:51:32.359+0000] {logging_mixin.py:150} INFO - [2024-11-01T18:51:32.359+0000] {dag.py:3508} INFO - Setting next_dagrun for example_sla_dag to 2024-11-01T18:48:00+00:00, run_after=2024-11-01T18:50:00+00:00
[2024-11-01T18:51:32.368+0000] {processor.py:179} INFO - Processing /home/airflow/.local/lib/python3.7/site-packages/airflow/example_dags/example_sla_dag.py took 0.053 seconds
[2024-11-01T18:52:03.040+0000] {processor.py:157} INFO - Started process (PID=3693) to work on /home/airflow/.local/lib/python3.7/site-packages/airflow/example_dags/example_sla_dag.py
[2024-11-01T18:52:03.041+0000] {processor.py:826} INFO - Processing file /home/airflow/.local/lib/python3.7/site-packages/airflow/example_dags/example_sla_dag.py for tasks to queue
[2024-11-01T18:52:03.041+0000] {logging_mixin.py:150} INFO - [2024-11-01T18:52:03.041+0000] {dagbag.py:541} INFO - Filling up the DagBag from /home/airflow/.local/lib/python3.7/site-packages/airflow/example_dags/example_sla_dag.py
[2024-11-01T18:52:03.046+0000] {processor.py:836} INFO - DAG(s) dict_keys(['example_sla_dag']) retrieved from /home/airflow/.local/lib/python3.7/site-packages/airflow/example_dags/example_sla_dag.py
[2024-11-01T18:52:03.060+0000] {logging_mixin.py:150} INFO - [2024-11-01T18:52:03.060+0000] {dag.py:2742} INFO - Sync 1 DAGs
[2024-11-01T18:52:03.075+0000] {logging_mixin.py:150} INFO - [2024-11-01T18:52:03.075+0000] {dag.py:3508} INFO - Setting next_dagrun for example_sla_dag to 2024-11-01T18:50:00+00:00, run_after=2024-11-01T18:52:00+00:00
[2024-11-01T18:52:03.085+0000] {processor.py:179} INFO - Processing /home/airflow/.local/lib/python3.7/site-packages/airflow/example_dags/example_sla_dag.py took 0.050 seconds
[2024-11-01T18:52:33.099+0000] {processor.py:157} INFO - Started process (PID=3754) to work on /home/airflow/.local/lib/python3.7/site-packages/airflow/example_dags/example_sla_dag.py
[2024-11-01T18:52:33.100+0000] {processor.py:826} INFO - Processing file /home/airflow/.local/lib/python3.7/site-packages/airflow/example_dags/example_sla_dag.py for tasks to queue
[2024-11-01T18:52:33.100+0000] {logging_mixin.py:150} INFO - [2024-11-01T18:52:33.100+0000] {dagbag.py:541} INFO - Filling up the DagBag from /home/airflow/.local/lib/python3.7/site-packages/airflow/example_dags/example_sla_dag.py
[2024-11-01T18:52:33.108+0000] {processor.py:836} INFO - DAG(s) dict_keys(['example_sla_dag']) retrieved from /home/airflow/.local/lib/python3.7/site-packages/airflow/example_dags/example_sla_dag.py
[2024-11-01T18:52:33.123+0000] {logging_mixin.py:150} INFO - [2024-11-01T18:52:33.122+0000] {dag.py:2742} INFO - Sync 1 DAGs
[2024-11-01T18:52:33.137+0000] {logging_mixin.py:150} INFO - [2024-11-01T18:52:33.137+0000] {dag.py:3508} INFO - Setting next_dagrun for example_sla_dag to 2024-11-01T18:50:00+00:00, run_after=2024-11-01T18:52:00+00:00
[2024-11-01T18:52:33.145+0000] {processor.py:179} INFO - Processing /home/airflow/.local/lib/python3.7/site-packages/airflow/example_dags/example_sla_dag.py took 0.051 seconds
