[2024-11-01T18:12:03.763+0000] {processor.py:157} INFO - Started process (PID=64) to work on /home/airflow/.local/lib/python3.7/site-packages/airflow/example_dags/tutorial_taskflow_api.py
[2024-11-01T18:12:03.782+0000] {processor.py:826} INFO - Processing file /home/airflow/.local/lib/python3.7/site-packages/airflow/example_dags/tutorial_taskflow_api.py for tasks to queue
[2024-11-01T18:12:03.785+0000] {logging_mixin.py:150} INFO - [2024-11-01T18:12:03.784+0000] {dagbag.py:541} INFO - Filling up the DagBag from /home/airflow/.local/lib/python3.7/site-packages/airflow/example_dags/tutorial_taskflow_api.py
[2024-11-01T18:12:03.802+0000] {processor.py:836} INFO - DAG(s) dict_keys(['tutorial_taskflow_api']) retrieved from /home/airflow/.local/lib/python3.7/site-packages/airflow/example_dags/tutorial_taskflow_api.py
[2024-11-01T18:12:03.895+0000] {logging_mixin.py:150} INFO - [2024-11-01T18:12:03.895+0000] {dag.py:2742} INFO - Sync 1 DAGs
[2024-11-01T18:12:03.931+0000] {logging_mixin.py:150} INFO - [2024-11-01T18:12:03.931+0000] {dag.py:3508} INFO - Setting next_dagrun for tutorial_taskflow_api to None, run_after=None
[2024-11-01T18:12:03.951+0000] {processor.py:179} INFO - Processing /home/airflow/.local/lib/python3.7/site-packages/airflow/example_dags/tutorial_taskflow_api.py took 0.294 seconds
[2024-11-01T18:12:38.159+0000] {processor.py:157} INFO - Started process (PID=125) to work on /home/airflow/.local/lib/python3.7/site-packages/airflow/example_dags/tutorial_taskflow_api.py
[2024-11-01T18:12:38.161+0000] {processor.py:826} INFO - Processing file /home/airflow/.local/lib/python3.7/site-packages/airflow/example_dags/tutorial_taskflow_api.py for tasks to queue
[2024-11-01T18:12:38.162+0000] {logging_mixin.py:150} INFO - [2024-11-01T18:12:38.162+0000] {dagbag.py:541} INFO - Filling up the DagBag from /home/airflow/.local/lib/python3.7/site-packages/airflow/example_dags/tutorial_taskflow_api.py
[2024-11-01T18:12:38.169+0000] {processor.py:836} INFO - DAG(s) dict_keys(['tutorial_taskflow_api']) retrieved from /home/airflow/.local/lib/python3.7/site-packages/airflow/example_dags/tutorial_taskflow_api.py
[2024-11-01T18:12:38.213+0000] {logging_mixin.py:150} INFO - [2024-11-01T18:12:38.213+0000] {dag.py:2742} INFO - Sync 1 DAGs
[2024-11-01T18:12:38.257+0000] {logging_mixin.py:150} INFO - [2024-11-01T18:12:38.257+0000] {dag.py:3508} INFO - Setting next_dagrun for tutorial_taskflow_api to None, run_after=None
[2024-11-01T18:12:38.291+0000] {processor.py:179} INFO - Processing /home/airflow/.local/lib/python3.7/site-packages/airflow/example_dags/tutorial_taskflow_api.py took 0.172 seconds
[2024-11-01T18:13:09.318+0000] {processor.py:157} INFO - Started process (PID=187) to work on /home/airflow/.local/lib/python3.7/site-packages/airflow/example_dags/tutorial_taskflow_api.py
[2024-11-01T18:13:09.319+0000] {processor.py:826} INFO - Processing file /home/airflow/.local/lib/python3.7/site-packages/airflow/example_dags/tutorial_taskflow_api.py for tasks to queue
[2024-11-01T18:13:09.320+0000] {logging_mixin.py:150} INFO - [2024-11-01T18:13:09.319+0000] {dagbag.py:541} INFO - Filling up the DagBag from /home/airflow/.local/lib/python3.7/site-packages/airflow/example_dags/tutorial_taskflow_api.py
[2024-11-01T18:13:09.323+0000] {processor.py:836} INFO - DAG(s) dict_keys(['tutorial_taskflow_api']) retrieved from /home/airflow/.local/lib/python3.7/site-packages/airflow/example_dags/tutorial_taskflow_api.py
[2024-11-01T18:13:09.337+0000] {logging_mixin.py:150} INFO - [2024-11-01T18:13:09.337+0000] {dag.py:2742} INFO - Sync 1 DAGs
[2024-11-01T18:13:09.349+0000] {logging_mixin.py:150} INFO - [2024-11-01T18:13:09.349+0000] {dag.py:3508} INFO - Setting next_dagrun for tutorial_taskflow_api to None, run_after=None
[2024-11-01T18:13:09.361+0000] {processor.py:179} INFO - Processing /home/airflow/.local/lib/python3.7/site-packages/airflow/example_dags/tutorial_taskflow_api.py took 0.045 seconds
[2024-11-01T18:15:57.895+0000] {processor.py:157} INFO - Started process (PID=274) to work on /home/airflow/.local/lib/python3.7/site-packages/airflow/example_dags/tutorial_taskflow_api.py
[2024-11-01T18:15:57.923+0000] {processor.py:826} INFO - Processing file /home/airflow/.local/lib/python3.7/site-packages/airflow/example_dags/tutorial_taskflow_api.py for tasks to queue
[2024-11-01T18:15:57.947+0000] {logging_mixin.py:150} INFO - [2024-11-01T18:15:57.933+0000] {dagbag.py:541} INFO - Filling up the DagBag from /home/airflow/.local/lib/python3.7/site-packages/airflow/example_dags/tutorial_taskflow_api.py
[2024-11-01T18:15:58.075+0000] {processor.py:836} INFO - DAG(s) dict_keys(['tutorial_taskflow_api']) retrieved from /home/airflow/.local/lib/python3.7/site-packages/airflow/example_dags/tutorial_taskflow_api.py
[2024-11-01T18:15:58.549+0000] {logging_mixin.py:150} INFO - [2024-11-01T18:15:58.529+0000] {dag.py:2742} INFO - Sync 1 DAGs
[2024-11-01T18:15:58.980+0000] {logging_mixin.py:150} INFO - [2024-11-01T18:15:58.971+0000] {dag.py:3508} INFO - Setting next_dagrun for tutorial_taskflow_api to None, run_after=None
[2024-11-01T18:15:59.145+0000] {processor.py:179} INFO - Processing /home/airflow/.local/lib/python3.7/site-packages/airflow/example_dags/tutorial_taskflow_api.py took 1.334 seconds
[2024-11-01T18:17:33.945+0000] {processor.py:157} INFO - Started process (PID=341) to work on /home/airflow/.local/lib/python3.7/site-packages/airflow/example_dags/tutorial_taskflow_api.py
[2024-11-01T18:17:33.961+0000] {processor.py:826} INFO - Processing file /home/airflow/.local/lib/python3.7/site-packages/airflow/example_dags/tutorial_taskflow_api.py for tasks to queue
[2024-11-01T18:17:33.977+0000] {logging_mixin.py:150} INFO - [2024-11-01T18:17:33.962+0000] {dagbag.py:541} INFO - Filling up the DagBag from /home/airflow/.local/lib/python3.7/site-packages/airflow/example_dags/tutorial_taskflow_api.py
[2024-11-01T18:17:34.038+0000] {processor.py:836} INFO - DAG(s) dict_keys(['tutorial_taskflow_api']) retrieved from /home/airflow/.local/lib/python3.7/site-packages/airflow/example_dags/tutorial_taskflow_api.py
[2024-11-01T18:17:34.269+0000] {logging_mixin.py:150} INFO - [2024-11-01T18:17:34.266+0000] {dag.py:2742} INFO - Sync 1 DAGs
[2024-11-01T18:17:34.372+0000] {logging_mixin.py:150} INFO - [2024-11-01T18:17:34.371+0000] {dag.py:3508} INFO - Setting next_dagrun for tutorial_taskflow_api to None, run_after=None
[2024-11-01T18:17:34.453+0000] {processor.py:179} INFO - Processing /home/airflow/.local/lib/python3.7/site-packages/airflow/example_dags/tutorial_taskflow_api.py took 0.517 seconds
[2024-11-01T18:18:36.782+0000] {processor.py:157} INFO - Started process (PID=433) to work on /home/airflow/.local/lib/python3.7/site-packages/airflow/example_dags/tutorial_taskflow_api.py
[2024-11-01T18:18:36.802+0000] {processor.py:826} INFO - Processing file /home/airflow/.local/lib/python3.7/site-packages/airflow/example_dags/tutorial_taskflow_api.py for tasks to queue
[2024-11-01T18:18:36.807+0000] {logging_mixin.py:150} INFO - [2024-11-01T18:18:36.805+0000] {dagbag.py:541} INFO - Filling up the DagBag from /home/airflow/.local/lib/python3.7/site-packages/airflow/example_dags/tutorial_taskflow_api.py
[2024-11-01T18:18:36.880+0000] {processor.py:836} INFO - DAG(s) dict_keys(['tutorial_taskflow_api']) retrieved from /home/airflow/.local/lib/python3.7/site-packages/airflow/example_dags/tutorial_taskflow_api.py
[2024-11-01T18:18:37.116+0000] {logging_mixin.py:150} INFO - [2024-11-01T18:18:37.109+0000] {dag.py:2742} INFO - Sync 1 DAGs
[2024-11-01T18:18:37.430+0000] {logging_mixin.py:150} INFO - [2024-11-01T18:18:37.426+0000] {dag.py:3508} INFO - Setting next_dagrun for tutorial_taskflow_api to None, run_after=None
[2024-11-01T18:18:37.681+0000] {processor.py:179} INFO - Processing /home/airflow/.local/lib/python3.7/site-packages/airflow/example_dags/tutorial_taskflow_api.py took 0.936 seconds
[2024-11-01T18:19:19.573+0000] {processor.py:157} INFO - Started process (PID=494) to work on /home/airflow/.local/lib/python3.7/site-packages/airflow/example_dags/tutorial_taskflow_api.py
[2024-11-01T18:19:19.579+0000] {processor.py:826} INFO - Processing file /home/airflow/.local/lib/python3.7/site-packages/airflow/example_dags/tutorial_taskflow_api.py for tasks to queue
[2024-11-01T18:19:19.580+0000] {logging_mixin.py:150} INFO - [2024-11-01T18:19:19.580+0000] {dagbag.py:541} INFO - Filling up the DagBag from /home/airflow/.local/lib/python3.7/site-packages/airflow/example_dags/tutorial_taskflow_api.py
[2024-11-01T18:19:19.596+0000] {processor.py:836} INFO - DAG(s) dict_keys(['tutorial_taskflow_api']) retrieved from /home/airflow/.local/lib/python3.7/site-packages/airflow/example_dags/tutorial_taskflow_api.py
[2024-11-01T18:19:19.725+0000] {logging_mixin.py:150} INFO - [2024-11-01T18:19:19.724+0000] {dag.py:2742} INFO - Sync 1 DAGs
[2024-11-01T18:19:19.782+0000] {logging_mixin.py:150} INFO - [2024-11-01T18:19:19.781+0000] {dag.py:3508} INFO - Setting next_dagrun for tutorial_taskflow_api to None, run_after=None
[2024-11-01T18:19:19.835+0000] {processor.py:179} INFO - Processing /home/airflow/.local/lib/python3.7/site-packages/airflow/example_dags/tutorial_taskflow_api.py took 0.270 seconds
[2024-11-01T18:20:01.631+0000] {processor.py:157} INFO - Started process (PID=556) to work on /home/airflow/.local/lib/python3.7/site-packages/airflow/example_dags/tutorial_taskflow_api.py
[2024-11-01T18:20:01.637+0000] {processor.py:826} INFO - Processing file /home/airflow/.local/lib/python3.7/site-packages/airflow/example_dags/tutorial_taskflow_api.py for tasks to queue
[2024-11-01T18:20:01.639+0000] {logging_mixin.py:150} INFO - [2024-11-01T18:20:01.638+0000] {dagbag.py:541} INFO - Filling up the DagBag from /home/airflow/.local/lib/python3.7/site-packages/airflow/example_dags/tutorial_taskflow_api.py
[2024-11-01T18:20:01.722+0000] {processor.py:836} INFO - DAG(s) dict_keys(['tutorial_taskflow_api']) retrieved from /home/airflow/.local/lib/python3.7/site-packages/airflow/example_dags/tutorial_taskflow_api.py
[2024-11-01T18:20:01.869+0000] {logging_mixin.py:150} INFO - [2024-11-01T18:20:01.869+0000] {dag.py:2742} INFO - Sync 1 DAGs
[2024-11-01T18:20:01.930+0000] {logging_mixin.py:150} INFO - [2024-11-01T18:20:01.930+0000] {dag.py:3508} INFO - Setting next_dagrun for tutorial_taskflow_api to None, run_after=None
[2024-11-01T18:20:01.966+0000] {processor.py:179} INFO - Processing /home/airflow/.local/lib/python3.7/site-packages/airflow/example_dags/tutorial_taskflow_api.py took 0.361 seconds
[2024-11-01T18:20:46.545+0000] {processor.py:157} INFO - Started process (PID=641) to work on /home/airflow/.local/lib/python3.7/site-packages/airflow/example_dags/tutorial_taskflow_api.py
[2024-11-01T18:20:46.576+0000] {processor.py:826} INFO - Processing file /home/airflow/.local/lib/python3.7/site-packages/airflow/example_dags/tutorial_taskflow_api.py for tasks to queue
[2024-11-01T18:20:46.593+0000] {logging_mixin.py:150} INFO - [2024-11-01T18:20:46.584+0000] {dagbag.py:541} INFO - Filling up the DagBag from /home/airflow/.local/lib/python3.7/site-packages/airflow/example_dags/tutorial_taskflow_api.py
[2024-11-01T18:20:46.846+0000] {processor.py:836} INFO - DAG(s) dict_keys(['tutorial_taskflow_api']) retrieved from /home/airflow/.local/lib/python3.7/site-packages/airflow/example_dags/tutorial_taskflow_api.py
[2024-11-01T18:20:47.288+0000] {logging_mixin.py:150} INFO - [2024-11-01T18:20:47.286+0000] {dag.py:2742} INFO - Sync 1 DAGs
[2024-11-01T18:20:47.566+0000] {logging_mixin.py:150} INFO - [2024-11-01T18:20:47.565+0000] {dag.py:3508} INFO - Setting next_dagrun for tutorial_taskflow_api to None, run_after=None
[2024-11-01T18:20:47.786+0000] {processor.py:179} INFO - Processing /home/airflow/.local/lib/python3.7/site-packages/airflow/example_dags/tutorial_taskflow_api.py took 1.342 seconds
[2024-11-01T18:23:24.705+0000] {processor.py:157} INFO - Started process (PID=726) to work on /home/airflow/.local/lib/python3.7/site-packages/airflow/example_dags/tutorial_taskflow_api.py
[2024-11-01T18:23:24.727+0000] {processor.py:826} INFO - Processing file /home/airflow/.local/lib/python3.7/site-packages/airflow/example_dags/tutorial_taskflow_api.py for tasks to queue
[2024-11-01T18:23:24.743+0000] {logging_mixin.py:150} INFO - [2024-11-01T18:23:24.734+0000] {dagbag.py:541} INFO - Filling up the DagBag from /home/airflow/.local/lib/python3.7/site-packages/airflow/example_dags/tutorial_taskflow_api.py
[2024-11-01T18:23:24.966+0000] {processor.py:836} INFO - DAG(s) dict_keys(['tutorial_taskflow_api']) retrieved from /home/airflow/.local/lib/python3.7/site-packages/airflow/example_dags/tutorial_taskflow_api.py
[2024-11-01T18:23:28.506+0000] {logging_mixin.py:150} INFO - [2024-11-01T18:23:28.497+0000] {dag.py:2742} INFO - Sync 1 DAGs
[2024-11-01T18:23:29.228+0000] {logging_mixin.py:150} INFO - [2024-11-01T18:23:29.225+0000] {dag.py:3508} INFO - Setting next_dagrun for tutorial_taskflow_api to None, run_after=None
[2024-11-01T18:23:30.899+0000] {processor.py:179} INFO - Processing /home/airflow/.local/lib/python3.7/site-packages/airflow/example_dags/tutorial_taskflow_api.py took 6.222 seconds
[2024-11-01T18:24:19.143+0000] {processor.py:157} INFO - Started process (PID=768) to work on /home/airflow/.local/lib/python3.7/site-packages/airflow/example_dags/tutorial_taskflow_api.py
[2024-11-01T18:24:19.154+0000] {processor.py:826} INFO - Processing file /home/airflow/.local/lib/python3.7/site-packages/airflow/example_dags/tutorial_taskflow_api.py for tasks to queue
[2024-11-01T18:24:19.161+0000] {logging_mixin.py:150} INFO - [2024-11-01T18:24:19.160+0000] {dagbag.py:541} INFO - Filling up the DagBag from /home/airflow/.local/lib/python3.7/site-packages/airflow/example_dags/tutorial_taskflow_api.py
[2024-11-01T18:24:19.184+0000] {processor.py:836} INFO - DAG(s) dict_keys(['tutorial_taskflow_api']) retrieved from /home/airflow/.local/lib/python3.7/site-packages/airflow/example_dags/tutorial_taskflow_api.py
[2024-11-01T18:24:19.295+0000] {logging_mixin.py:150} INFO - [2024-11-01T18:24:19.294+0000] {dag.py:2742} INFO - Sync 1 DAGs
[2024-11-01T18:24:19.381+0000] {logging_mixin.py:150} INFO - [2024-11-01T18:24:19.380+0000] {dag.py:3508} INFO - Setting next_dagrun for tutorial_taskflow_api to None, run_after=None
[2024-11-01T18:24:19.467+0000] {processor.py:179} INFO - Processing /home/airflow/.local/lib/python3.7/site-packages/airflow/example_dags/tutorial_taskflow_api.py took 0.330 seconds
[2024-11-01T18:25:38.668+0000] {processor.py:157} INFO - Started process (PID=846) to work on /home/airflow/.local/lib/python3.7/site-packages/airflow/example_dags/tutorial_taskflow_api.py
[2024-11-01T18:25:38.773+0000] {processor.py:826} INFO - Processing file /home/airflow/.local/lib/python3.7/site-packages/airflow/example_dags/tutorial_taskflow_api.py for tasks to queue
[2024-11-01T18:25:38.819+0000] {logging_mixin.py:150} INFO - [2024-11-01T18:25:38.803+0000] {dagbag.py:541} INFO - Filling up the DagBag from /home/airflow/.local/lib/python3.7/site-packages/airflow/example_dags/tutorial_taskflow_api.py
[2024-11-01T18:25:39.863+0000] {processor.py:836} INFO - DAG(s) dict_keys(['tutorial_taskflow_api']) retrieved from /home/airflow/.local/lib/python3.7/site-packages/airflow/example_dags/tutorial_taskflow_api.py
[2024-11-01T18:25:41.295+0000] {logging_mixin.py:150} INFO - [2024-11-01T18:25:41.289+0000] {dag.py:2742} INFO - Sync 1 DAGs
[2024-11-01T18:25:41.420+0000] {logging_mixin.py:150} INFO - [2024-11-01T18:25:41.419+0000] {dag.py:3508} INFO - Setting next_dagrun for tutorial_taskflow_api to None, run_after=None
[2024-11-01T18:25:41.493+0000] {processor.py:179} INFO - Processing /home/airflow/.local/lib/python3.7/site-packages/airflow/example_dags/tutorial_taskflow_api.py took 3.227 seconds
[2024-11-01T18:26:11.879+0000] {processor.py:157} INFO - Started process (PID=906) to work on /home/airflow/.local/lib/python3.7/site-packages/airflow/example_dags/tutorial_taskflow_api.py
[2024-11-01T18:26:11.883+0000] {processor.py:826} INFO - Processing file /home/airflow/.local/lib/python3.7/site-packages/airflow/example_dags/tutorial_taskflow_api.py for tasks to queue
[2024-11-01T18:26:11.883+0000] {logging_mixin.py:150} INFO - [2024-11-01T18:26:11.883+0000] {dagbag.py:541} INFO - Filling up the DagBag from /home/airflow/.local/lib/python3.7/site-packages/airflow/example_dags/tutorial_taskflow_api.py
[2024-11-01T18:26:11.896+0000] {processor.py:836} INFO - DAG(s) dict_keys(['tutorial_taskflow_api']) retrieved from /home/airflow/.local/lib/python3.7/site-packages/airflow/example_dags/tutorial_taskflow_api.py
[2024-11-01T18:26:11.969+0000] {logging_mixin.py:150} INFO - [2024-11-01T18:26:11.969+0000] {dag.py:2742} INFO - Sync 1 DAGs
[2024-11-01T18:26:11.985+0000] {logging_mixin.py:150} INFO - [2024-11-01T18:26:11.985+0000] {dag.py:3508} INFO - Setting next_dagrun for tutorial_taskflow_api to None, run_after=None
[2024-11-01T18:26:11.997+0000] {processor.py:179} INFO - Processing /home/airflow/.local/lib/python3.7/site-packages/airflow/example_dags/tutorial_taskflow_api.py took 0.188 seconds
[2024-11-01T18:26:42.057+0000] {processor.py:157} INFO - Started process (PID=968) to work on /home/airflow/.local/lib/python3.7/site-packages/airflow/example_dags/tutorial_taskflow_api.py
[2024-11-01T18:26:42.058+0000] {processor.py:826} INFO - Processing file /home/airflow/.local/lib/python3.7/site-packages/airflow/example_dags/tutorial_taskflow_api.py for tasks to queue
[2024-11-01T18:26:42.058+0000] {logging_mixin.py:150} INFO - [2024-11-01T18:26:42.058+0000] {dagbag.py:541} INFO - Filling up the DagBag from /home/airflow/.local/lib/python3.7/site-packages/airflow/example_dags/tutorial_taskflow_api.py
[2024-11-01T18:26:42.061+0000] {processor.py:836} INFO - DAG(s) dict_keys(['tutorial_taskflow_api']) retrieved from /home/airflow/.local/lib/python3.7/site-packages/airflow/example_dags/tutorial_taskflow_api.py
[2024-11-01T18:26:42.073+0000] {logging_mixin.py:150} INFO - [2024-11-01T18:26:42.073+0000] {dag.py:2742} INFO - Sync 1 DAGs
[2024-11-01T18:26:42.085+0000] {logging_mixin.py:150} INFO - [2024-11-01T18:26:42.085+0000] {dag.py:3508} INFO - Setting next_dagrun for tutorial_taskflow_api to None, run_after=None
[2024-11-01T18:26:42.093+0000] {processor.py:179} INFO - Processing /home/airflow/.local/lib/python3.7/site-packages/airflow/example_dags/tutorial_taskflow_api.py took 0.039 seconds
[2024-11-01T18:27:12.508+0000] {processor.py:157} INFO - Started process (PID=1030) to work on /home/airflow/.local/lib/python3.7/site-packages/airflow/example_dags/tutorial_taskflow_api.py
[2024-11-01T18:27:12.509+0000] {processor.py:826} INFO - Processing file /home/airflow/.local/lib/python3.7/site-packages/airflow/example_dags/tutorial_taskflow_api.py for tasks to queue
[2024-11-01T18:27:12.510+0000] {logging_mixin.py:150} INFO - [2024-11-01T18:27:12.509+0000] {dagbag.py:541} INFO - Filling up the DagBag from /home/airflow/.local/lib/python3.7/site-packages/airflow/example_dags/tutorial_taskflow_api.py
[2024-11-01T18:27:12.518+0000] {processor.py:836} INFO - DAG(s) dict_keys(['tutorial_taskflow_api']) retrieved from /home/airflow/.local/lib/python3.7/site-packages/airflow/example_dags/tutorial_taskflow_api.py
[2024-11-01T18:27:12.539+0000] {logging_mixin.py:150} INFO - [2024-11-01T18:27:12.539+0000] {dag.py:2742} INFO - Sync 1 DAGs
[2024-11-01T18:27:12.553+0000] {logging_mixin.py:150} INFO - [2024-11-01T18:27:12.553+0000] {dag.py:3508} INFO - Setting next_dagrun for tutorial_taskflow_api to None, run_after=None
[2024-11-01T18:27:12.563+0000] {processor.py:179} INFO - Processing /home/airflow/.local/lib/python3.7/site-packages/airflow/example_dags/tutorial_taskflow_api.py took 0.057 seconds
[2024-11-01T18:27:42.978+0000] {processor.py:157} INFO - Started process (PID=1092) to work on /home/airflow/.local/lib/python3.7/site-packages/airflow/example_dags/tutorial_taskflow_api.py
[2024-11-01T18:27:42.993+0000] {processor.py:826} INFO - Processing file /home/airflow/.local/lib/python3.7/site-packages/airflow/example_dags/tutorial_taskflow_api.py for tasks to queue
[2024-11-01T18:27:43.003+0000] {logging_mixin.py:150} INFO - [2024-11-01T18:27:42.997+0000] {dagbag.py:541} INFO - Filling up the DagBag from /home/airflow/.local/lib/python3.7/site-packages/airflow/example_dags/tutorial_taskflow_api.py
[2024-11-01T18:27:43.322+0000] {processor.py:836} INFO - DAG(s) dict_keys(['tutorial_taskflow_api']) retrieved from /home/airflow/.local/lib/python3.7/site-packages/airflow/example_dags/tutorial_taskflow_api.py
[2024-11-01T18:27:43.756+0000] {logging_mixin.py:150} INFO - [2024-11-01T18:27:43.750+0000] {dag.py:2742} INFO - Sync 1 DAGs
[2024-11-01T18:27:43.913+0000] {logging_mixin.py:150} INFO - [2024-11-01T18:27:43.913+0000] {dag.py:3508} INFO - Setting next_dagrun for tutorial_taskflow_api to None, run_after=None
[2024-11-01T18:27:44.036+0000] {processor.py:179} INFO - Processing /home/airflow/.local/lib/python3.7/site-packages/airflow/example_dags/tutorial_taskflow_api.py took 1.062 seconds
[2024-11-01T18:30:48.064+0000] {processor.py:157} INFO - Started process (PID=1137) to work on /home/airflow/.local/lib/python3.7/site-packages/airflow/example_dags/tutorial_taskflow_api.py
[2024-11-01T18:30:48.066+0000] {processor.py:826} INFO - Processing file /home/airflow/.local/lib/python3.7/site-packages/airflow/example_dags/tutorial_taskflow_api.py for tasks to queue
[2024-11-01T18:30:48.067+0000] {logging_mixin.py:150} INFO - [2024-11-01T18:30:48.066+0000] {dagbag.py:541} INFO - Filling up the DagBag from /home/airflow/.local/lib/python3.7/site-packages/airflow/example_dags/tutorial_taskflow_api.py
[2024-11-01T18:30:48.071+0000] {processor.py:836} INFO - DAG(s) dict_keys(['tutorial_taskflow_api']) retrieved from /home/airflow/.local/lib/python3.7/site-packages/airflow/example_dags/tutorial_taskflow_api.py
[2024-11-01T18:30:48.112+0000] {logging_mixin.py:150} INFO - [2024-11-01T18:30:48.112+0000] {dag.py:2742} INFO - Sync 1 DAGs
[2024-11-01T18:30:48.128+0000] {logging_mixin.py:150} INFO - [2024-11-01T18:30:48.128+0000] {dag.py:3508} INFO - Setting next_dagrun for tutorial_taskflow_api to None, run_after=None
[2024-11-01T18:30:48.140+0000] {processor.py:179} INFO - Processing /home/airflow/.local/lib/python3.7/site-packages/airflow/example_dags/tutorial_taskflow_api.py took 0.077 seconds
[2024-11-01T18:31:18.375+0000] {processor.py:157} INFO - Started process (PID=1198) to work on /home/airflow/.local/lib/python3.7/site-packages/airflow/example_dags/tutorial_taskflow_api.py
[2024-11-01T18:31:18.376+0000] {processor.py:826} INFO - Processing file /home/airflow/.local/lib/python3.7/site-packages/airflow/example_dags/tutorial_taskflow_api.py for tasks to queue
[2024-11-01T18:31:18.376+0000] {logging_mixin.py:150} INFO - [2024-11-01T18:31:18.376+0000] {dagbag.py:541} INFO - Filling up the DagBag from /home/airflow/.local/lib/python3.7/site-packages/airflow/example_dags/tutorial_taskflow_api.py
[2024-11-01T18:31:18.380+0000] {processor.py:836} INFO - DAG(s) dict_keys(['tutorial_taskflow_api']) retrieved from /home/airflow/.local/lib/python3.7/site-packages/airflow/example_dags/tutorial_taskflow_api.py
[2024-11-01T18:31:18.393+0000] {logging_mixin.py:150} INFO - [2024-11-01T18:31:18.392+0000] {dag.py:2742} INFO - Sync 1 DAGs
[2024-11-01T18:31:18.406+0000] {logging_mixin.py:150} INFO - [2024-11-01T18:31:18.406+0000] {dag.py:3508} INFO - Setting next_dagrun for tutorial_taskflow_api to None, run_after=None
[2024-11-01T18:31:18.414+0000] {processor.py:179} INFO - Processing /home/airflow/.local/lib/python3.7/site-packages/airflow/example_dags/tutorial_taskflow_api.py took 0.041 seconds
[2024-11-01T18:31:49.111+0000] {processor.py:157} INFO - Started process (PID=1261) to work on /home/airflow/.local/lib/python3.7/site-packages/airflow/example_dags/tutorial_taskflow_api.py
[2024-11-01T18:31:49.112+0000] {processor.py:826} INFO - Processing file /home/airflow/.local/lib/python3.7/site-packages/airflow/example_dags/tutorial_taskflow_api.py for tasks to queue
[2024-11-01T18:31:49.113+0000] {logging_mixin.py:150} INFO - [2024-11-01T18:31:49.112+0000] {dagbag.py:541} INFO - Filling up the DagBag from /home/airflow/.local/lib/python3.7/site-packages/airflow/example_dags/tutorial_taskflow_api.py
[2024-11-01T18:31:49.117+0000] {processor.py:836} INFO - DAG(s) dict_keys(['tutorial_taskflow_api']) retrieved from /home/airflow/.local/lib/python3.7/site-packages/airflow/example_dags/tutorial_taskflow_api.py
[2024-11-01T18:31:49.143+0000] {logging_mixin.py:150} INFO - [2024-11-01T18:31:49.143+0000] {dag.py:2742} INFO - Sync 1 DAGs
[2024-11-01T18:31:49.159+0000] {logging_mixin.py:150} INFO - [2024-11-01T18:31:49.159+0000] {dag.py:3508} INFO - Setting next_dagrun for tutorial_taskflow_api to None, run_after=None
[2024-11-01T18:31:49.174+0000] {processor.py:179} INFO - Processing /home/airflow/.local/lib/python3.7/site-packages/airflow/example_dags/tutorial_taskflow_api.py took 0.065 seconds
[2024-11-01T18:32:19.231+0000] {processor.py:157} INFO - Started process (PID=1323) to work on /home/airflow/.local/lib/python3.7/site-packages/airflow/example_dags/tutorial_taskflow_api.py
[2024-11-01T18:32:19.232+0000] {processor.py:826} INFO - Processing file /home/airflow/.local/lib/python3.7/site-packages/airflow/example_dags/tutorial_taskflow_api.py for tasks to queue
[2024-11-01T18:32:19.232+0000] {logging_mixin.py:150} INFO - [2024-11-01T18:32:19.232+0000] {dagbag.py:541} INFO - Filling up the DagBag from /home/airflow/.local/lib/python3.7/site-packages/airflow/example_dags/tutorial_taskflow_api.py
[2024-11-01T18:32:19.235+0000] {processor.py:836} INFO - DAG(s) dict_keys(['tutorial_taskflow_api']) retrieved from /home/airflow/.local/lib/python3.7/site-packages/airflow/example_dags/tutorial_taskflow_api.py
[2024-11-01T18:32:19.249+0000] {logging_mixin.py:150} INFO - [2024-11-01T18:32:19.249+0000] {dag.py:2742} INFO - Sync 1 DAGs
[2024-11-01T18:32:19.270+0000] {logging_mixin.py:150} INFO - [2024-11-01T18:32:19.270+0000] {dag.py:3508} INFO - Setting next_dagrun for tutorial_taskflow_api to None, run_after=None
[2024-11-01T18:32:19.283+0000] {processor.py:179} INFO - Processing /home/airflow/.local/lib/python3.7/site-packages/airflow/example_dags/tutorial_taskflow_api.py took 0.053 seconds
[2024-11-01T18:32:50.020+0000] {processor.py:157} INFO - Started process (PID=1384) to work on /home/airflow/.local/lib/python3.7/site-packages/airflow/example_dags/tutorial_taskflow_api.py
[2024-11-01T18:32:50.021+0000] {processor.py:826} INFO - Processing file /home/airflow/.local/lib/python3.7/site-packages/airflow/example_dags/tutorial_taskflow_api.py for tasks to queue
[2024-11-01T18:32:50.023+0000] {logging_mixin.py:150} INFO - [2024-11-01T18:32:50.022+0000] {dagbag.py:541} INFO - Filling up the DagBag from /home/airflow/.local/lib/python3.7/site-packages/airflow/example_dags/tutorial_taskflow_api.py
[2024-11-01T18:32:50.027+0000] {processor.py:836} INFO - DAG(s) dict_keys(['tutorial_taskflow_api']) retrieved from /home/airflow/.local/lib/python3.7/site-packages/airflow/example_dags/tutorial_taskflow_api.py
[2024-11-01T18:32:50.044+0000] {logging_mixin.py:150} INFO - [2024-11-01T18:32:50.044+0000] {dag.py:2742} INFO - Sync 1 DAGs
[2024-11-01T18:32:50.074+0000] {logging_mixin.py:150} INFO - [2024-11-01T18:32:50.074+0000] {dag.py:3508} INFO - Setting next_dagrun for tutorial_taskflow_api to None, run_after=None
[2024-11-01T18:32:50.110+0000] {processor.py:179} INFO - Processing /home/airflow/.local/lib/python3.7/site-packages/airflow/example_dags/tutorial_taskflow_api.py took 0.091 seconds
[2024-11-01T18:33:20.638+0000] {processor.py:157} INFO - Started process (PID=1446) to work on /home/airflow/.local/lib/python3.7/site-packages/airflow/example_dags/tutorial_taskflow_api.py
[2024-11-01T18:33:20.638+0000] {processor.py:826} INFO - Processing file /home/airflow/.local/lib/python3.7/site-packages/airflow/example_dags/tutorial_taskflow_api.py for tasks to queue
[2024-11-01T18:33:20.639+0000] {logging_mixin.py:150} INFO - [2024-11-01T18:33:20.639+0000] {dagbag.py:541} INFO - Filling up the DagBag from /home/airflow/.local/lib/python3.7/site-packages/airflow/example_dags/tutorial_taskflow_api.py
[2024-11-01T18:33:20.643+0000] {processor.py:836} INFO - DAG(s) dict_keys(['tutorial_taskflow_api']) retrieved from /home/airflow/.local/lib/python3.7/site-packages/airflow/example_dags/tutorial_taskflow_api.py
[2024-11-01T18:33:20.654+0000] {logging_mixin.py:150} INFO - [2024-11-01T18:33:20.654+0000] {dag.py:2742} INFO - Sync 1 DAGs
[2024-11-01T18:33:20.667+0000] {logging_mixin.py:150} INFO - [2024-11-01T18:33:20.667+0000] {dag.py:3508} INFO - Setting next_dagrun for tutorial_taskflow_api to None, run_after=None
[2024-11-01T18:33:20.675+0000] {processor.py:179} INFO - Processing /home/airflow/.local/lib/python3.7/site-packages/airflow/example_dags/tutorial_taskflow_api.py took 0.040 seconds
[2024-11-01T18:33:51.343+0000] {processor.py:157} INFO - Started process (PID=1508) to work on /home/airflow/.local/lib/python3.7/site-packages/airflow/example_dags/tutorial_taskflow_api.py
[2024-11-01T18:33:51.344+0000] {processor.py:826} INFO - Processing file /home/airflow/.local/lib/python3.7/site-packages/airflow/example_dags/tutorial_taskflow_api.py for tasks to queue
[2024-11-01T18:33:51.345+0000] {logging_mixin.py:150} INFO - [2024-11-01T18:33:51.345+0000] {dagbag.py:541} INFO - Filling up the DagBag from /home/airflow/.local/lib/python3.7/site-packages/airflow/example_dags/tutorial_taskflow_api.py
[2024-11-01T18:33:51.352+0000] {processor.py:836} INFO - DAG(s) dict_keys(['tutorial_taskflow_api']) retrieved from /home/airflow/.local/lib/python3.7/site-packages/airflow/example_dags/tutorial_taskflow_api.py
[2024-11-01T18:33:51.368+0000] {logging_mixin.py:150} INFO - [2024-11-01T18:33:51.368+0000] {dag.py:2742} INFO - Sync 1 DAGs
[2024-11-01T18:33:51.383+0000] {logging_mixin.py:150} INFO - [2024-11-01T18:33:51.383+0000] {dag.py:3508} INFO - Setting next_dagrun for tutorial_taskflow_api to None, run_after=None
[2024-11-01T18:33:51.393+0000] {processor.py:179} INFO - Processing /home/airflow/.local/lib/python3.7/site-packages/airflow/example_dags/tutorial_taskflow_api.py took 0.053 seconds
[2024-11-01T18:34:22.236+0000] {processor.py:157} INFO - Started process (PID=1570) to work on /home/airflow/.local/lib/python3.7/site-packages/airflow/example_dags/tutorial_taskflow_api.py
[2024-11-01T18:34:22.237+0000] {processor.py:826} INFO - Processing file /home/airflow/.local/lib/python3.7/site-packages/airflow/example_dags/tutorial_taskflow_api.py for tasks to queue
[2024-11-01T18:34:22.237+0000] {logging_mixin.py:150} INFO - [2024-11-01T18:34:22.237+0000] {dagbag.py:541} INFO - Filling up the DagBag from /home/airflow/.local/lib/python3.7/site-packages/airflow/example_dags/tutorial_taskflow_api.py
[2024-11-01T18:34:22.241+0000] {processor.py:836} INFO - DAG(s) dict_keys(['tutorial_taskflow_api']) retrieved from /home/airflow/.local/lib/python3.7/site-packages/airflow/example_dags/tutorial_taskflow_api.py
[2024-11-01T18:34:22.254+0000] {logging_mixin.py:150} INFO - [2024-11-01T18:34:22.254+0000] {dag.py:2742} INFO - Sync 1 DAGs
[2024-11-01T18:34:22.268+0000] {logging_mixin.py:150} INFO - [2024-11-01T18:34:22.268+0000] {dag.py:3508} INFO - Setting next_dagrun for tutorial_taskflow_api to None, run_after=None
[2024-11-01T18:34:22.278+0000] {processor.py:179} INFO - Processing /home/airflow/.local/lib/python3.7/site-packages/airflow/example_dags/tutorial_taskflow_api.py took 0.044 seconds
[2024-11-01T18:34:52.747+0000] {processor.py:157} INFO - Started process (PID=1631) to work on /home/airflow/.local/lib/python3.7/site-packages/airflow/example_dags/tutorial_taskflow_api.py
[2024-11-01T18:34:52.748+0000] {processor.py:826} INFO - Processing file /home/airflow/.local/lib/python3.7/site-packages/airflow/example_dags/tutorial_taskflow_api.py for tasks to queue
[2024-11-01T18:34:52.748+0000] {logging_mixin.py:150} INFO - [2024-11-01T18:34:52.748+0000] {dagbag.py:541} INFO - Filling up the DagBag from /home/airflow/.local/lib/python3.7/site-packages/airflow/example_dags/tutorial_taskflow_api.py
[2024-11-01T18:34:52.751+0000] {processor.py:836} INFO - DAG(s) dict_keys(['tutorial_taskflow_api']) retrieved from /home/airflow/.local/lib/python3.7/site-packages/airflow/example_dags/tutorial_taskflow_api.py
[2024-11-01T18:34:52.763+0000] {logging_mixin.py:150} INFO - [2024-11-01T18:34:52.763+0000] {dag.py:2742} INFO - Sync 1 DAGs
[2024-11-01T18:34:52.776+0000] {logging_mixin.py:150} INFO - [2024-11-01T18:34:52.776+0000] {dag.py:3508} INFO - Setting next_dagrun for tutorial_taskflow_api to None, run_after=None
[2024-11-01T18:34:52.801+0000] {processor.py:179} INFO - Processing /home/airflow/.local/lib/python3.7/site-packages/airflow/example_dags/tutorial_taskflow_api.py took 0.056 seconds
[2024-11-01T18:35:23.356+0000] {processor.py:157} INFO - Started process (PID=1693) to work on /home/airflow/.local/lib/python3.7/site-packages/airflow/example_dags/tutorial_taskflow_api.py
[2024-11-01T18:35:23.357+0000] {processor.py:826} INFO - Processing file /home/airflow/.local/lib/python3.7/site-packages/airflow/example_dags/tutorial_taskflow_api.py for tasks to queue
[2024-11-01T18:35:23.357+0000] {logging_mixin.py:150} INFO - [2024-11-01T18:35:23.357+0000] {dagbag.py:541} INFO - Filling up the DagBag from /home/airflow/.local/lib/python3.7/site-packages/airflow/example_dags/tutorial_taskflow_api.py
[2024-11-01T18:35:23.362+0000] {processor.py:836} INFO - DAG(s) dict_keys(['tutorial_taskflow_api']) retrieved from /home/airflow/.local/lib/python3.7/site-packages/airflow/example_dags/tutorial_taskflow_api.py
[2024-11-01T18:35:23.376+0000] {logging_mixin.py:150} INFO - [2024-11-01T18:35:23.376+0000] {dag.py:2742} INFO - Sync 1 DAGs
[2024-11-01T18:35:23.390+0000] {logging_mixin.py:150} INFO - [2024-11-01T18:35:23.390+0000] {dag.py:3508} INFO - Setting next_dagrun for tutorial_taskflow_api to None, run_after=None
[2024-11-01T18:35:23.404+0000] {processor.py:179} INFO - Processing /home/airflow/.local/lib/python3.7/site-packages/airflow/example_dags/tutorial_taskflow_api.py took 0.050 seconds
[2024-11-01T18:35:54.690+0000] {processor.py:157} INFO - Started process (PID=1755) to work on /home/airflow/.local/lib/python3.7/site-packages/airflow/example_dags/tutorial_taskflow_api.py
[2024-11-01T18:35:54.692+0000] {processor.py:826} INFO - Processing file /home/airflow/.local/lib/python3.7/site-packages/airflow/example_dags/tutorial_taskflow_api.py for tasks to queue
[2024-11-01T18:35:54.692+0000] {logging_mixin.py:150} INFO - [2024-11-01T18:35:54.692+0000] {dagbag.py:541} INFO - Filling up the DagBag from /home/airflow/.local/lib/python3.7/site-packages/airflow/example_dags/tutorial_taskflow_api.py
[2024-11-01T18:35:54.697+0000] {processor.py:836} INFO - DAG(s) dict_keys(['tutorial_taskflow_api']) retrieved from /home/airflow/.local/lib/python3.7/site-packages/airflow/example_dags/tutorial_taskflow_api.py
[2024-11-01T18:35:54.734+0000] {logging_mixin.py:150} INFO - [2024-11-01T18:35:54.733+0000] {dag.py:2742} INFO - Sync 1 DAGs
[2024-11-01T18:35:54.752+0000] {logging_mixin.py:150} INFO - [2024-11-01T18:35:54.752+0000] {dag.py:3508} INFO - Setting next_dagrun for tutorial_taskflow_api to None, run_after=None
[2024-11-01T18:35:54.771+0000] {processor.py:179} INFO - Processing /home/airflow/.local/lib/python3.7/site-packages/airflow/example_dags/tutorial_taskflow_api.py took 0.084 seconds
[2024-11-01T18:36:26.043+0000] {processor.py:157} INFO - Started process (PID=1818) to work on /home/airflow/.local/lib/python3.7/site-packages/airflow/example_dags/tutorial_taskflow_api.py
[2024-11-01T18:36:26.044+0000] {processor.py:826} INFO - Processing file /home/airflow/.local/lib/python3.7/site-packages/airflow/example_dags/tutorial_taskflow_api.py for tasks to queue
[2024-11-01T18:36:26.045+0000] {logging_mixin.py:150} INFO - [2024-11-01T18:36:26.044+0000] {dagbag.py:541} INFO - Filling up the DagBag from /home/airflow/.local/lib/python3.7/site-packages/airflow/example_dags/tutorial_taskflow_api.py
[2024-11-01T18:36:26.049+0000] {processor.py:836} INFO - DAG(s) dict_keys(['tutorial_taskflow_api']) retrieved from /home/airflow/.local/lib/python3.7/site-packages/airflow/example_dags/tutorial_taskflow_api.py
[2024-11-01T18:36:26.064+0000] {logging_mixin.py:150} INFO - [2024-11-01T18:36:26.064+0000] {dag.py:2742} INFO - Sync 1 DAGs
[2024-11-01T18:36:26.077+0000] {logging_mixin.py:150} INFO - [2024-11-01T18:36:26.077+0000] {dag.py:3508} INFO - Setting next_dagrun for tutorial_taskflow_api to None, run_after=None
[2024-11-01T18:36:26.086+0000] {processor.py:179} INFO - Processing /home/airflow/.local/lib/python3.7/site-packages/airflow/example_dags/tutorial_taskflow_api.py took 0.045 seconds
[2024-11-01T18:36:56.627+0000] {processor.py:157} INFO - Started process (PID=1879) to work on /home/airflow/.local/lib/python3.7/site-packages/airflow/example_dags/tutorial_taskflow_api.py
[2024-11-01T18:36:56.629+0000] {processor.py:826} INFO - Processing file /home/airflow/.local/lib/python3.7/site-packages/airflow/example_dags/tutorial_taskflow_api.py for tasks to queue
[2024-11-01T18:36:56.630+0000] {logging_mixin.py:150} INFO - [2024-11-01T18:36:56.629+0000] {dagbag.py:541} INFO - Filling up the DagBag from /home/airflow/.local/lib/python3.7/site-packages/airflow/example_dags/tutorial_taskflow_api.py
[2024-11-01T18:36:56.634+0000] {processor.py:836} INFO - DAG(s) dict_keys(['tutorial_taskflow_api']) retrieved from /home/airflow/.local/lib/python3.7/site-packages/airflow/example_dags/tutorial_taskflow_api.py
[2024-11-01T18:36:56.653+0000] {logging_mixin.py:150} INFO - [2024-11-01T18:36:56.653+0000] {dag.py:2742} INFO - Sync 1 DAGs
[2024-11-01T18:36:56.668+0000] {logging_mixin.py:150} INFO - [2024-11-01T18:36:56.668+0000] {dag.py:3508} INFO - Setting next_dagrun for tutorial_taskflow_api to None, run_after=None
[2024-11-01T18:36:56.681+0000] {processor.py:179} INFO - Processing /home/airflow/.local/lib/python3.7/site-packages/airflow/example_dags/tutorial_taskflow_api.py took 0.062 seconds
[2024-11-01T18:37:26.881+0000] {processor.py:157} INFO - Started process (PID=1940) to work on /home/airflow/.local/lib/python3.7/site-packages/airflow/example_dags/tutorial_taskflow_api.py
[2024-11-01T18:37:26.882+0000] {processor.py:826} INFO - Processing file /home/airflow/.local/lib/python3.7/site-packages/airflow/example_dags/tutorial_taskflow_api.py for tasks to queue
[2024-11-01T18:37:26.882+0000] {logging_mixin.py:150} INFO - [2024-11-01T18:37:26.882+0000] {dagbag.py:541} INFO - Filling up the DagBag from /home/airflow/.local/lib/python3.7/site-packages/airflow/example_dags/tutorial_taskflow_api.py
[2024-11-01T18:37:26.885+0000] {processor.py:836} INFO - DAG(s) dict_keys(['tutorial_taskflow_api']) retrieved from /home/airflow/.local/lib/python3.7/site-packages/airflow/example_dags/tutorial_taskflow_api.py
[2024-11-01T18:37:26.902+0000] {logging_mixin.py:150} INFO - [2024-11-01T18:37:26.902+0000] {dag.py:2742} INFO - Sync 1 DAGs
[2024-11-01T18:37:26.918+0000] {logging_mixin.py:150} INFO - [2024-11-01T18:37:26.917+0000] {dag.py:3508} INFO - Setting next_dagrun for tutorial_taskflow_api to None, run_after=None
[2024-11-01T18:37:26.936+0000] {processor.py:179} INFO - Processing /home/airflow/.local/lib/python3.7/site-packages/airflow/example_dags/tutorial_taskflow_api.py took 0.056 seconds
[2024-11-01T18:38:01.798+0000] {processor.py:157} INFO - Started process (PID=2002) to work on /home/airflow/.local/lib/python3.7/site-packages/airflow/example_dags/tutorial_taskflow_api.py
[2024-11-01T18:38:01.802+0000] {processor.py:826} INFO - Processing file /home/airflow/.local/lib/python3.7/site-packages/airflow/example_dags/tutorial_taskflow_api.py for tasks to queue
[2024-11-01T18:38:01.805+0000] {logging_mixin.py:150} INFO - [2024-11-01T18:38:01.804+0000] {dagbag.py:541} INFO - Filling up the DagBag from /home/airflow/.local/lib/python3.7/site-packages/airflow/example_dags/tutorial_taskflow_api.py
[2024-11-01T18:38:01.816+0000] {processor.py:836} INFO - DAG(s) dict_keys(['tutorial_taskflow_api']) retrieved from /home/airflow/.local/lib/python3.7/site-packages/airflow/example_dags/tutorial_taskflow_api.py
[2024-11-01T18:38:01.879+0000] {logging_mixin.py:150} INFO - [2024-11-01T18:38:01.879+0000] {dag.py:2742} INFO - Sync 1 DAGs
[2024-11-01T18:38:01.936+0000] {logging_mixin.py:150} INFO - [2024-11-01T18:38:01.936+0000] {dag.py:3508} INFO - Setting next_dagrun for tutorial_taskflow_api to None, run_after=None
[2024-11-01T18:38:01.952+0000] {processor.py:179} INFO - Processing /home/airflow/.local/lib/python3.7/site-packages/airflow/example_dags/tutorial_taskflow_api.py took 0.167 seconds
[2024-11-01T18:38:32.461+0000] {processor.py:157} INFO - Started process (PID=2064) to work on /home/airflow/.local/lib/python3.7/site-packages/airflow/example_dags/tutorial_taskflow_api.py
[2024-11-01T18:38:32.463+0000] {processor.py:826} INFO - Processing file /home/airflow/.local/lib/python3.7/site-packages/airflow/example_dags/tutorial_taskflow_api.py for tasks to queue
[2024-11-01T18:38:32.463+0000] {logging_mixin.py:150} INFO - [2024-11-01T18:38:32.463+0000] {dagbag.py:541} INFO - Filling up the DagBag from /home/airflow/.local/lib/python3.7/site-packages/airflow/example_dags/tutorial_taskflow_api.py
[2024-11-01T18:38:32.466+0000] {processor.py:836} INFO - DAG(s) dict_keys(['tutorial_taskflow_api']) retrieved from /home/airflow/.local/lib/python3.7/site-packages/airflow/example_dags/tutorial_taskflow_api.py
[2024-11-01T18:38:32.483+0000] {logging_mixin.py:150} INFO - [2024-11-01T18:38:32.483+0000] {dag.py:2742} INFO - Sync 1 DAGs
[2024-11-01T18:38:32.505+0000] {logging_mixin.py:150} INFO - [2024-11-01T18:38:32.505+0000] {dag.py:3508} INFO - Setting next_dagrun for tutorial_taskflow_api to None, run_after=None
[2024-11-01T18:38:32.518+0000] {processor.py:179} INFO - Processing /home/airflow/.local/lib/python3.7/site-packages/airflow/example_dags/tutorial_taskflow_api.py took 0.061 seconds
[2024-11-01T18:39:02.946+0000] {processor.py:157} INFO - Started process (PID=2126) to work on /home/airflow/.local/lib/python3.7/site-packages/airflow/example_dags/tutorial_taskflow_api.py
[2024-11-01T18:39:02.947+0000] {processor.py:826} INFO - Processing file /home/airflow/.local/lib/python3.7/site-packages/airflow/example_dags/tutorial_taskflow_api.py for tasks to queue
[2024-11-01T18:39:02.947+0000] {logging_mixin.py:150} INFO - [2024-11-01T18:39:02.947+0000] {dagbag.py:541} INFO - Filling up the DagBag from /home/airflow/.local/lib/python3.7/site-packages/airflow/example_dags/tutorial_taskflow_api.py
[2024-11-01T18:39:02.951+0000] {processor.py:836} INFO - DAG(s) dict_keys(['tutorial_taskflow_api']) retrieved from /home/airflow/.local/lib/python3.7/site-packages/airflow/example_dags/tutorial_taskflow_api.py
[2024-11-01T18:39:02.968+0000] {logging_mixin.py:150} INFO - [2024-11-01T18:39:02.968+0000] {dag.py:2742} INFO - Sync 1 DAGs
[2024-11-01T18:39:02.981+0000] {logging_mixin.py:150} INFO - [2024-11-01T18:39:02.981+0000] {dag.py:3508} INFO - Setting next_dagrun for tutorial_taskflow_api to None, run_after=None
[2024-11-01T18:39:02.995+0000] {processor.py:179} INFO - Processing /home/airflow/.local/lib/python3.7/site-packages/airflow/example_dags/tutorial_taskflow_api.py took 0.051 seconds
[2024-11-01T18:39:33.719+0000] {processor.py:157} INFO - Started process (PID=2187) to work on /home/airflow/.local/lib/python3.7/site-packages/airflow/example_dags/tutorial_taskflow_api.py
[2024-11-01T18:39:33.720+0000] {processor.py:826} INFO - Processing file /home/airflow/.local/lib/python3.7/site-packages/airflow/example_dags/tutorial_taskflow_api.py for tasks to queue
[2024-11-01T18:39:33.721+0000] {logging_mixin.py:150} INFO - [2024-11-01T18:39:33.720+0000] {dagbag.py:541} INFO - Filling up the DagBag from /home/airflow/.local/lib/python3.7/site-packages/airflow/example_dags/tutorial_taskflow_api.py
[2024-11-01T18:39:33.724+0000] {processor.py:836} INFO - DAG(s) dict_keys(['tutorial_taskflow_api']) retrieved from /home/airflow/.local/lib/python3.7/site-packages/airflow/example_dags/tutorial_taskflow_api.py
[2024-11-01T18:39:33.737+0000] {logging_mixin.py:150} INFO - [2024-11-01T18:39:33.737+0000] {dag.py:2742} INFO - Sync 1 DAGs
[2024-11-01T18:39:33.751+0000] {logging_mixin.py:150} INFO - [2024-11-01T18:39:33.750+0000] {dag.py:3508} INFO - Setting next_dagrun for tutorial_taskflow_api to None, run_after=None
[2024-11-01T18:39:33.766+0000] {processor.py:179} INFO - Processing /home/airflow/.local/lib/python3.7/site-packages/airflow/example_dags/tutorial_taskflow_api.py took 0.050 seconds
[2024-11-01T18:40:04.020+0000] {processor.py:157} INFO - Started process (PID=2249) to work on /home/airflow/.local/lib/python3.7/site-packages/airflow/example_dags/tutorial_taskflow_api.py
[2024-11-01T18:40:04.023+0000] {processor.py:826} INFO - Processing file /home/airflow/.local/lib/python3.7/site-packages/airflow/example_dags/tutorial_taskflow_api.py for tasks to queue
[2024-11-01T18:40:04.023+0000] {logging_mixin.py:150} INFO - [2024-11-01T18:40:04.023+0000] {dagbag.py:541} INFO - Filling up the DagBag from /home/airflow/.local/lib/python3.7/site-packages/airflow/example_dags/tutorial_taskflow_api.py
[2024-11-01T18:40:04.027+0000] {processor.py:836} INFO - DAG(s) dict_keys(['tutorial_taskflow_api']) retrieved from /home/airflow/.local/lib/python3.7/site-packages/airflow/example_dags/tutorial_taskflow_api.py
[2024-11-01T18:40:04.042+0000] {logging_mixin.py:150} INFO - [2024-11-01T18:40:04.042+0000] {dag.py:2742} INFO - Sync 1 DAGs
[2024-11-01T18:40:04.056+0000] {logging_mixin.py:150} INFO - [2024-11-01T18:40:04.056+0000] {dag.py:3508} INFO - Setting next_dagrun for tutorial_taskflow_api to None, run_after=None
[2024-11-01T18:40:04.076+0000] {processor.py:179} INFO - Processing /home/airflow/.local/lib/python3.7/site-packages/airflow/example_dags/tutorial_taskflow_api.py took 0.058 seconds
[2024-11-01T18:40:34.839+0000] {processor.py:157} INFO - Started process (PID=2311) to work on /home/airflow/.local/lib/python3.7/site-packages/airflow/example_dags/tutorial_taskflow_api.py
[2024-11-01T18:40:34.842+0000] {processor.py:826} INFO - Processing file /home/airflow/.local/lib/python3.7/site-packages/airflow/example_dags/tutorial_taskflow_api.py for tasks to queue
[2024-11-01T18:40:34.845+0000] {logging_mixin.py:150} INFO - [2024-11-01T18:40:34.845+0000] {dagbag.py:541} INFO - Filling up the DagBag from /home/airflow/.local/lib/python3.7/site-packages/airflow/example_dags/tutorial_taskflow_api.py
[2024-11-01T18:40:34.849+0000] {processor.py:836} INFO - DAG(s) dict_keys(['tutorial_taskflow_api']) retrieved from /home/airflow/.local/lib/python3.7/site-packages/airflow/example_dags/tutorial_taskflow_api.py
[2024-11-01T18:40:34.861+0000] {logging_mixin.py:150} INFO - [2024-11-01T18:40:34.861+0000] {dag.py:2742} INFO - Sync 1 DAGs
[2024-11-01T18:40:34.876+0000] {logging_mixin.py:150} INFO - [2024-11-01T18:40:34.876+0000] {dag.py:3508} INFO - Setting next_dagrun for tutorial_taskflow_api to None, run_after=None
[2024-11-01T18:40:34.892+0000] {processor.py:179} INFO - Processing /home/airflow/.local/lib/python3.7/site-packages/airflow/example_dags/tutorial_taskflow_api.py took 0.055 seconds
[2024-11-01T18:41:05.229+0000] {processor.py:157} INFO - Started process (PID=2373) to work on /home/airflow/.local/lib/python3.7/site-packages/airflow/example_dags/tutorial_taskflow_api.py
[2024-11-01T18:41:05.231+0000] {processor.py:826} INFO - Processing file /home/airflow/.local/lib/python3.7/site-packages/airflow/example_dags/tutorial_taskflow_api.py for tasks to queue
[2024-11-01T18:41:05.232+0000] {logging_mixin.py:150} INFO - [2024-11-01T18:41:05.232+0000] {dagbag.py:541} INFO - Filling up the DagBag from /home/airflow/.local/lib/python3.7/site-packages/airflow/example_dags/tutorial_taskflow_api.py
[2024-11-01T18:41:05.236+0000] {processor.py:836} INFO - DAG(s) dict_keys(['tutorial_taskflow_api']) retrieved from /home/airflow/.local/lib/python3.7/site-packages/airflow/example_dags/tutorial_taskflow_api.py
[2024-11-01T18:41:05.268+0000] {logging_mixin.py:150} INFO - [2024-11-01T18:41:05.268+0000] {dag.py:2742} INFO - Sync 1 DAGs
[2024-11-01T18:41:05.283+0000] {logging_mixin.py:150} INFO - [2024-11-01T18:41:05.282+0000] {dag.py:3508} INFO - Setting next_dagrun for tutorial_taskflow_api to None, run_after=None
[2024-11-01T18:41:05.296+0000] {processor.py:179} INFO - Processing /home/airflow/.local/lib/python3.7/site-packages/airflow/example_dags/tutorial_taskflow_api.py took 0.069 seconds
[2024-11-01T18:41:36.260+0000] {processor.py:157} INFO - Started process (PID=2435) to work on /home/airflow/.local/lib/python3.7/site-packages/airflow/example_dags/tutorial_taskflow_api.py
[2024-11-01T18:41:36.263+0000] {processor.py:826} INFO - Processing file /home/airflow/.local/lib/python3.7/site-packages/airflow/example_dags/tutorial_taskflow_api.py for tasks to queue
[2024-11-01T18:41:36.263+0000] {logging_mixin.py:150} INFO - [2024-11-01T18:41:36.263+0000] {dagbag.py:541} INFO - Filling up the DagBag from /home/airflow/.local/lib/python3.7/site-packages/airflow/example_dags/tutorial_taskflow_api.py
[2024-11-01T18:41:36.275+0000] {processor.py:836} INFO - DAG(s) dict_keys(['tutorial_taskflow_api']) retrieved from /home/airflow/.local/lib/python3.7/site-packages/airflow/example_dags/tutorial_taskflow_api.py
[2024-11-01T18:41:36.305+0000] {logging_mixin.py:150} INFO - [2024-11-01T18:41:36.304+0000] {dag.py:2742} INFO - Sync 1 DAGs
[2024-11-01T18:41:36.325+0000] {logging_mixin.py:150} INFO - [2024-11-01T18:41:36.325+0000] {dag.py:3508} INFO - Setting next_dagrun for tutorial_taskflow_api to None, run_after=None
[2024-11-01T18:41:36.336+0000] {processor.py:179} INFO - Processing /home/airflow/.local/lib/python3.7/site-packages/airflow/example_dags/tutorial_taskflow_api.py took 0.081 seconds
[2024-11-01T18:42:07.482+0000] {processor.py:157} INFO - Started process (PID=2497) to work on /home/airflow/.local/lib/python3.7/site-packages/airflow/example_dags/tutorial_taskflow_api.py
[2024-11-01T18:42:07.491+0000] {processor.py:826} INFO - Processing file /home/airflow/.local/lib/python3.7/site-packages/airflow/example_dags/tutorial_taskflow_api.py for tasks to queue
[2024-11-01T18:42:07.493+0000] {logging_mixin.py:150} INFO - [2024-11-01T18:42:07.493+0000] {dagbag.py:541} INFO - Filling up the DagBag from /home/airflow/.local/lib/python3.7/site-packages/airflow/example_dags/tutorial_taskflow_api.py
[2024-11-01T18:42:07.497+0000] {processor.py:836} INFO - DAG(s) dict_keys(['tutorial_taskflow_api']) retrieved from /home/airflow/.local/lib/python3.7/site-packages/airflow/example_dags/tutorial_taskflow_api.py
[2024-11-01T18:42:07.518+0000] {logging_mixin.py:150} INFO - [2024-11-01T18:42:07.518+0000] {dag.py:2742} INFO - Sync 1 DAGs
[2024-11-01T18:42:07.534+0000] {logging_mixin.py:150} INFO - [2024-11-01T18:42:07.534+0000] {dag.py:3508} INFO - Setting next_dagrun for tutorial_taskflow_api to None, run_after=None
[2024-11-01T18:42:07.551+0000] {processor.py:179} INFO - Processing /home/airflow/.local/lib/python3.7/site-packages/airflow/example_dags/tutorial_taskflow_api.py took 0.082 seconds
[2024-11-01T18:42:38.133+0000] {processor.py:157} INFO - Started process (PID=2559) to work on /home/airflow/.local/lib/python3.7/site-packages/airflow/example_dags/tutorial_taskflow_api.py
[2024-11-01T18:42:38.134+0000] {processor.py:826} INFO - Processing file /home/airflow/.local/lib/python3.7/site-packages/airflow/example_dags/tutorial_taskflow_api.py for tasks to queue
[2024-11-01T18:42:38.135+0000] {logging_mixin.py:150} INFO - [2024-11-01T18:42:38.135+0000] {dagbag.py:541} INFO - Filling up the DagBag from /home/airflow/.local/lib/python3.7/site-packages/airflow/example_dags/tutorial_taskflow_api.py
[2024-11-01T18:42:38.142+0000] {processor.py:836} INFO - DAG(s) dict_keys(['tutorial_taskflow_api']) retrieved from /home/airflow/.local/lib/python3.7/site-packages/airflow/example_dags/tutorial_taskflow_api.py
[2024-11-01T18:42:38.173+0000] {logging_mixin.py:150} INFO - [2024-11-01T18:42:38.173+0000] {dag.py:2742} INFO - Sync 1 DAGs
[2024-11-01T18:42:38.191+0000] {logging_mixin.py:150} INFO - [2024-11-01T18:42:38.191+0000] {dag.py:3508} INFO - Setting next_dagrun for tutorial_taskflow_api to None, run_after=None
[2024-11-01T18:42:38.206+0000] {processor.py:179} INFO - Processing /home/airflow/.local/lib/python3.7/site-packages/airflow/example_dags/tutorial_taskflow_api.py took 0.080 seconds
[2024-11-01T18:43:11.327+0000] {processor.py:157} INFO - Started process (PID=2618) to work on /home/airflow/.local/lib/python3.7/site-packages/airflow/example_dags/tutorial_taskflow_api.py
[2024-11-01T18:43:11.328+0000] {processor.py:826} INFO - Processing file /home/airflow/.local/lib/python3.7/site-packages/airflow/example_dags/tutorial_taskflow_api.py for tasks to queue
[2024-11-01T18:43:11.329+0000] {logging_mixin.py:150} INFO - [2024-11-01T18:43:11.328+0000] {dagbag.py:541} INFO - Filling up the DagBag from /home/airflow/.local/lib/python3.7/site-packages/airflow/example_dags/tutorial_taskflow_api.py
[2024-11-01T18:43:11.334+0000] {processor.py:836} INFO - DAG(s) dict_keys(['tutorial_taskflow_api']) retrieved from /home/airflow/.local/lib/python3.7/site-packages/airflow/example_dags/tutorial_taskflow_api.py
[2024-11-01T18:43:11.373+0000] {logging_mixin.py:150} INFO - [2024-11-01T18:43:11.373+0000] {dag.py:2742} INFO - Sync 1 DAGs
[2024-11-01T18:43:11.401+0000] {logging_mixin.py:150} INFO - [2024-11-01T18:43:11.401+0000] {dag.py:3508} INFO - Setting next_dagrun for tutorial_taskflow_api to None, run_after=None
[2024-11-01T18:43:11.412+0000] {processor.py:179} INFO - Processing /home/airflow/.local/lib/python3.7/site-packages/airflow/example_dags/tutorial_taskflow_api.py took 0.087 seconds
[2024-11-01T18:43:41.996+0000] {processor.py:157} INFO - Started process (PID=2681) to work on /home/airflow/.local/lib/python3.7/site-packages/airflow/example_dags/tutorial_taskflow_api.py
[2024-11-01T18:43:41.999+0000] {processor.py:826} INFO - Processing file /home/airflow/.local/lib/python3.7/site-packages/airflow/example_dags/tutorial_taskflow_api.py for tasks to queue
[2024-11-01T18:43:42.000+0000] {logging_mixin.py:150} INFO - [2024-11-01T18:43:42.000+0000] {dagbag.py:541} INFO - Filling up the DagBag from /home/airflow/.local/lib/python3.7/site-packages/airflow/example_dags/tutorial_taskflow_api.py
[2024-11-01T18:43:42.004+0000] {processor.py:836} INFO - DAG(s) dict_keys(['tutorial_taskflow_api']) retrieved from /home/airflow/.local/lib/python3.7/site-packages/airflow/example_dags/tutorial_taskflow_api.py
[2024-11-01T18:43:42.017+0000] {logging_mixin.py:150} INFO - [2024-11-01T18:43:42.017+0000] {dag.py:2742} INFO - Sync 1 DAGs
[2024-11-01T18:43:42.029+0000] {logging_mixin.py:150} INFO - [2024-11-01T18:43:42.029+0000] {dag.py:3508} INFO - Setting next_dagrun for tutorial_taskflow_api to None, run_after=None
[2024-11-01T18:43:42.040+0000] {processor.py:179} INFO - Processing /home/airflow/.local/lib/python3.7/site-packages/airflow/example_dags/tutorial_taskflow_api.py took 0.046 seconds
[2024-11-01T18:44:12.286+0000] {processor.py:157} INFO - Started process (PID=2743) to work on /home/airflow/.local/lib/python3.7/site-packages/airflow/example_dags/tutorial_taskflow_api.py
[2024-11-01T18:44:12.287+0000] {processor.py:826} INFO - Processing file /home/airflow/.local/lib/python3.7/site-packages/airflow/example_dags/tutorial_taskflow_api.py for tasks to queue
[2024-11-01T18:44:12.288+0000] {logging_mixin.py:150} INFO - [2024-11-01T18:44:12.287+0000] {dagbag.py:541} INFO - Filling up the DagBag from /home/airflow/.local/lib/python3.7/site-packages/airflow/example_dags/tutorial_taskflow_api.py
[2024-11-01T18:44:12.294+0000] {processor.py:836} INFO - DAG(s) dict_keys(['tutorial_taskflow_api']) retrieved from /home/airflow/.local/lib/python3.7/site-packages/airflow/example_dags/tutorial_taskflow_api.py
[2024-11-01T18:44:12.331+0000] {logging_mixin.py:150} INFO - [2024-11-01T18:44:12.331+0000] {dag.py:2742} INFO - Sync 1 DAGs
[2024-11-01T18:44:12.349+0000] {logging_mixin.py:150} INFO - [2024-11-01T18:44:12.349+0000] {dag.py:3508} INFO - Setting next_dagrun for tutorial_taskflow_api to None, run_after=None
[2024-11-01T18:44:12.362+0000] {processor.py:179} INFO - Processing /home/airflow/.local/lib/python3.7/site-packages/airflow/example_dags/tutorial_taskflow_api.py took 0.078 seconds
[2024-11-01T18:44:42.510+0000] {processor.py:157} INFO - Started process (PID=2805) to work on /home/airflow/.local/lib/python3.7/site-packages/airflow/example_dags/tutorial_taskflow_api.py
[2024-11-01T18:44:42.510+0000] {processor.py:826} INFO - Processing file /home/airflow/.local/lib/python3.7/site-packages/airflow/example_dags/tutorial_taskflow_api.py for tasks to queue
[2024-11-01T18:44:42.513+0000] {logging_mixin.py:150} INFO - [2024-11-01T18:44:42.512+0000] {dagbag.py:541} INFO - Filling up the DagBag from /home/airflow/.local/lib/python3.7/site-packages/airflow/example_dags/tutorial_taskflow_api.py
[2024-11-01T18:44:42.516+0000] {processor.py:836} INFO - DAG(s) dict_keys(['tutorial_taskflow_api']) retrieved from /home/airflow/.local/lib/python3.7/site-packages/airflow/example_dags/tutorial_taskflow_api.py
[2024-11-01T18:44:42.532+0000] {logging_mixin.py:150} INFO - [2024-11-01T18:44:42.532+0000] {dag.py:2742} INFO - Sync 1 DAGs
[2024-11-01T18:44:42.546+0000] {logging_mixin.py:150} INFO - [2024-11-01T18:44:42.546+0000] {dag.py:3508} INFO - Setting next_dagrun for tutorial_taskflow_api to None, run_after=None
[2024-11-01T18:44:42.557+0000] {processor.py:179} INFO - Processing /home/airflow/.local/lib/python3.7/site-packages/airflow/example_dags/tutorial_taskflow_api.py took 0.049 seconds
[2024-11-01T18:45:12.972+0000] {processor.py:157} INFO - Started process (PID=2867) to work on /home/airflow/.local/lib/python3.7/site-packages/airflow/example_dags/tutorial_taskflow_api.py
[2024-11-01T18:45:12.973+0000] {processor.py:826} INFO - Processing file /home/airflow/.local/lib/python3.7/site-packages/airflow/example_dags/tutorial_taskflow_api.py for tasks to queue
[2024-11-01T18:45:12.973+0000] {logging_mixin.py:150} INFO - [2024-11-01T18:45:12.973+0000] {dagbag.py:541} INFO - Filling up the DagBag from /home/airflow/.local/lib/python3.7/site-packages/airflow/example_dags/tutorial_taskflow_api.py
[2024-11-01T18:45:12.976+0000] {processor.py:836} INFO - DAG(s) dict_keys(['tutorial_taskflow_api']) retrieved from /home/airflow/.local/lib/python3.7/site-packages/airflow/example_dags/tutorial_taskflow_api.py
[2024-11-01T18:45:12.993+0000] {logging_mixin.py:150} INFO - [2024-11-01T18:45:12.993+0000] {dag.py:2742} INFO - Sync 1 DAGs
[2024-11-01T18:45:13.006+0000] {logging_mixin.py:150} INFO - [2024-11-01T18:45:13.006+0000] {dag.py:3508} INFO - Setting next_dagrun for tutorial_taskflow_api to None, run_after=None
[2024-11-01T18:45:13.018+0000] {processor.py:179} INFO - Processing /home/airflow/.local/lib/python3.7/site-packages/airflow/example_dags/tutorial_taskflow_api.py took 0.047 seconds
[2024-11-01T18:45:43.618+0000] {processor.py:157} INFO - Started process (PID=2925) to work on /home/airflow/.local/lib/python3.7/site-packages/airflow/example_dags/tutorial_taskflow_api.py
[2024-11-01T18:45:43.619+0000] {processor.py:826} INFO - Processing file /home/airflow/.local/lib/python3.7/site-packages/airflow/example_dags/tutorial_taskflow_api.py for tasks to queue
[2024-11-01T18:45:43.620+0000] {logging_mixin.py:150} INFO - [2024-11-01T18:45:43.620+0000] {dagbag.py:541} INFO - Filling up the DagBag from /home/airflow/.local/lib/python3.7/site-packages/airflow/example_dags/tutorial_taskflow_api.py
[2024-11-01T18:45:43.626+0000] {processor.py:836} INFO - DAG(s) dict_keys(['tutorial_taskflow_api']) retrieved from /home/airflow/.local/lib/python3.7/site-packages/airflow/example_dags/tutorial_taskflow_api.py
[2024-11-01T18:45:43.650+0000] {logging_mixin.py:150} INFO - [2024-11-01T18:45:43.650+0000] {dag.py:2742} INFO - Sync 1 DAGs
[2024-11-01T18:45:43.671+0000] {logging_mixin.py:150} INFO - [2024-11-01T18:45:43.671+0000] {dag.py:3508} INFO - Setting next_dagrun for tutorial_taskflow_api to None, run_after=None
[2024-11-01T18:45:43.684+0000] {processor.py:179} INFO - Processing /home/airflow/.local/lib/python3.7/site-packages/airflow/example_dags/tutorial_taskflow_api.py took 0.068 seconds
[2024-11-01T18:46:14.411+0000] {processor.py:157} INFO - Started process (PID=2986) to work on /home/airflow/.local/lib/python3.7/site-packages/airflow/example_dags/tutorial_taskflow_api.py
[2024-11-01T18:46:14.411+0000] {processor.py:826} INFO - Processing file /home/airflow/.local/lib/python3.7/site-packages/airflow/example_dags/tutorial_taskflow_api.py for tasks to queue
[2024-11-01T18:46:14.412+0000] {logging_mixin.py:150} INFO - [2024-11-01T18:46:14.412+0000] {dagbag.py:541} INFO - Filling up the DagBag from /home/airflow/.local/lib/python3.7/site-packages/airflow/example_dags/tutorial_taskflow_api.py
[2024-11-01T18:46:14.416+0000] {processor.py:836} INFO - DAG(s) dict_keys(['tutorial_taskflow_api']) retrieved from /home/airflow/.local/lib/python3.7/site-packages/airflow/example_dags/tutorial_taskflow_api.py
[2024-11-01T18:46:14.431+0000] {logging_mixin.py:150} INFO - [2024-11-01T18:46:14.431+0000] {dag.py:2742} INFO - Sync 1 DAGs
[2024-11-01T18:46:14.446+0000] {logging_mixin.py:150} INFO - [2024-11-01T18:46:14.446+0000] {dag.py:3508} INFO - Setting next_dagrun for tutorial_taskflow_api to None, run_after=None
[2024-11-01T18:46:14.457+0000] {processor.py:179} INFO - Processing /home/airflow/.local/lib/python3.7/site-packages/airflow/example_dags/tutorial_taskflow_api.py took 0.048 seconds
[2024-11-01T18:46:47.033+0000] {processor.py:157} INFO - Started process (PID=3048) to work on /home/airflow/.local/lib/python3.7/site-packages/airflow/example_dags/tutorial_taskflow_api.py
[2024-11-01T18:46:47.035+0000] {processor.py:826} INFO - Processing file /home/airflow/.local/lib/python3.7/site-packages/airflow/example_dags/tutorial_taskflow_api.py for tasks to queue
[2024-11-01T18:46:47.037+0000] {logging_mixin.py:150} INFO - [2024-11-01T18:46:47.037+0000] {dagbag.py:541} INFO - Filling up the DagBag from /home/airflow/.local/lib/python3.7/site-packages/airflow/example_dags/tutorial_taskflow_api.py
[2024-11-01T18:46:47.052+0000] {processor.py:836} INFO - DAG(s) dict_keys(['tutorial_taskflow_api']) retrieved from /home/airflow/.local/lib/python3.7/site-packages/airflow/example_dags/tutorial_taskflow_api.py
[2024-11-01T18:46:47.140+0000] {logging_mixin.py:150} INFO - [2024-11-01T18:46:47.140+0000] {dag.py:2742} INFO - Sync 1 DAGs
[2024-11-01T18:46:47.187+0000] {logging_mixin.py:150} INFO - [2024-11-01T18:46:47.186+0000] {dag.py:3508} INFO - Setting next_dagrun for tutorial_taskflow_api to None, run_after=None
[2024-11-01T18:46:47.221+0000] {processor.py:179} INFO - Processing /home/airflow/.local/lib/python3.7/site-packages/airflow/example_dags/tutorial_taskflow_api.py took 0.194 seconds
[2024-11-01T18:47:17.782+0000] {processor.py:157} INFO - Started process (PID=3109) to work on /home/airflow/.local/lib/python3.7/site-packages/airflow/example_dags/tutorial_taskflow_api.py
[2024-11-01T18:47:17.783+0000] {processor.py:826} INFO - Processing file /home/airflow/.local/lib/python3.7/site-packages/airflow/example_dags/tutorial_taskflow_api.py for tasks to queue
[2024-11-01T18:47:17.784+0000] {logging_mixin.py:150} INFO - [2024-11-01T18:47:17.784+0000] {dagbag.py:541} INFO - Filling up the DagBag from /home/airflow/.local/lib/python3.7/site-packages/airflow/example_dags/tutorial_taskflow_api.py
[2024-11-01T18:47:17.793+0000] {processor.py:836} INFO - DAG(s) dict_keys(['tutorial_taskflow_api']) retrieved from /home/airflow/.local/lib/python3.7/site-packages/airflow/example_dags/tutorial_taskflow_api.py
[2024-11-01T18:47:17.812+0000] {logging_mixin.py:150} INFO - [2024-11-01T18:47:17.812+0000] {dag.py:2742} INFO - Sync 1 DAGs
[2024-11-01T18:47:17.830+0000] {logging_mixin.py:150} INFO - [2024-11-01T18:47:17.830+0000] {dag.py:3508} INFO - Setting next_dagrun for tutorial_taskflow_api to None, run_after=None
[2024-11-01T18:47:17.843+0000] {processor.py:179} INFO - Processing /home/airflow/.local/lib/python3.7/site-packages/airflow/example_dags/tutorial_taskflow_api.py took 0.064 seconds
[2024-11-01T18:47:48.142+0000] {processor.py:157} INFO - Started process (PID=3172) to work on /home/airflow/.local/lib/python3.7/site-packages/airflow/example_dags/tutorial_taskflow_api.py
[2024-11-01T18:47:48.144+0000] {processor.py:826} INFO - Processing file /home/airflow/.local/lib/python3.7/site-packages/airflow/example_dags/tutorial_taskflow_api.py for tasks to queue
[2024-11-01T18:47:48.146+0000] {logging_mixin.py:150} INFO - [2024-11-01T18:47:48.146+0000] {dagbag.py:541} INFO - Filling up the DagBag from /home/airflow/.local/lib/python3.7/site-packages/airflow/example_dags/tutorial_taskflow_api.py
[2024-11-01T18:47:48.166+0000] {processor.py:836} INFO - DAG(s) dict_keys(['tutorial_taskflow_api']) retrieved from /home/airflow/.local/lib/python3.7/site-packages/airflow/example_dags/tutorial_taskflow_api.py
[2024-11-01T18:47:48.292+0000] {logging_mixin.py:150} INFO - [2024-11-01T18:47:48.291+0000] {dag.py:2742} INFO - Sync 1 DAGs
[2024-11-01T18:47:48.488+0000] {logging_mixin.py:150} INFO - [2024-11-01T18:47:48.487+0000] {dag.py:3508} INFO - Setting next_dagrun for tutorial_taskflow_api to None, run_after=None
[2024-11-01T18:47:48.578+0000] {processor.py:179} INFO - Processing /home/airflow/.local/lib/python3.7/site-packages/airflow/example_dags/tutorial_taskflow_api.py took 0.441 seconds
[2024-11-01T18:48:18.654+0000] {processor.py:157} INFO - Started process (PID=3234) to work on /home/airflow/.local/lib/python3.7/site-packages/airflow/example_dags/tutorial_taskflow_api.py
[2024-11-01T18:48:18.654+0000] {processor.py:826} INFO - Processing file /home/airflow/.local/lib/python3.7/site-packages/airflow/example_dags/tutorial_taskflow_api.py for tasks to queue
[2024-11-01T18:48:18.655+0000] {logging_mixin.py:150} INFO - [2024-11-01T18:48:18.655+0000] {dagbag.py:541} INFO - Filling up the DagBag from /home/airflow/.local/lib/python3.7/site-packages/airflow/example_dags/tutorial_taskflow_api.py
[2024-11-01T18:48:18.663+0000] {processor.py:836} INFO - DAG(s) dict_keys(['tutorial_taskflow_api']) retrieved from /home/airflow/.local/lib/python3.7/site-packages/airflow/example_dags/tutorial_taskflow_api.py
[2024-11-01T18:48:18.988+0000] {logging_mixin.py:150} INFO - [2024-11-01T18:48:18.986+0000] {dag.py:2742} INFO - Sync 1 DAGs
[2024-11-01T18:48:19.271+0000] {logging_mixin.py:150} INFO - [2024-11-01T18:48:19.270+0000] {dag.py:3508} INFO - Setting next_dagrun for tutorial_taskflow_api to None, run_after=None
[2024-11-01T18:48:19.340+0000] {processor.py:179} INFO - Processing /home/airflow/.local/lib/python3.7/site-packages/airflow/example_dags/tutorial_taskflow_api.py took 0.688 seconds
[2024-11-01T18:48:49.653+0000] {processor.py:157} INFO - Started process (PID=3296) to work on /home/airflow/.local/lib/python3.7/site-packages/airflow/example_dags/tutorial_taskflow_api.py
[2024-11-01T18:48:49.655+0000] {processor.py:826} INFO - Processing file /home/airflow/.local/lib/python3.7/site-packages/airflow/example_dags/tutorial_taskflow_api.py for tasks to queue
[2024-11-01T18:48:49.656+0000] {logging_mixin.py:150} INFO - [2024-11-01T18:48:49.655+0000] {dagbag.py:541} INFO - Filling up the DagBag from /home/airflow/.local/lib/python3.7/site-packages/airflow/example_dags/tutorial_taskflow_api.py
[2024-11-01T18:48:49.666+0000] {processor.py:836} INFO - DAG(s) dict_keys(['tutorial_taskflow_api']) retrieved from /home/airflow/.local/lib/python3.7/site-packages/airflow/example_dags/tutorial_taskflow_api.py
[2024-11-01T18:48:49.684+0000] {logging_mixin.py:150} INFO - [2024-11-01T18:48:49.684+0000] {dag.py:2742} INFO - Sync 1 DAGs
[2024-11-01T18:48:49.704+0000] {logging_mixin.py:150} INFO - [2024-11-01T18:48:49.704+0000] {dag.py:3508} INFO - Setting next_dagrun for tutorial_taskflow_api to None, run_after=None
[2024-11-01T18:48:49.718+0000] {processor.py:179} INFO - Processing /home/airflow/.local/lib/python3.7/site-packages/airflow/example_dags/tutorial_taskflow_api.py took 0.069 seconds
[2024-11-01T18:49:20.510+0000] {processor.py:157} INFO - Started process (PID=3358) to work on /home/airflow/.local/lib/python3.7/site-packages/airflow/example_dags/tutorial_taskflow_api.py
[2024-11-01T18:49:20.513+0000] {processor.py:826} INFO - Processing file /home/airflow/.local/lib/python3.7/site-packages/airflow/example_dags/tutorial_taskflow_api.py for tasks to queue
[2024-11-01T18:49:20.514+0000] {logging_mixin.py:150} INFO - [2024-11-01T18:49:20.514+0000] {dagbag.py:541} INFO - Filling up the DagBag from /home/airflow/.local/lib/python3.7/site-packages/airflow/example_dags/tutorial_taskflow_api.py
[2024-11-01T18:49:20.520+0000] {processor.py:836} INFO - DAG(s) dict_keys(['tutorial_taskflow_api']) retrieved from /home/airflow/.local/lib/python3.7/site-packages/airflow/example_dags/tutorial_taskflow_api.py
[2024-11-01T18:49:20.544+0000] {logging_mixin.py:150} INFO - [2024-11-01T18:49:20.544+0000] {dag.py:2742} INFO - Sync 1 DAGs
[2024-11-01T18:49:20.586+0000] {logging_mixin.py:150} INFO - [2024-11-01T18:49:20.586+0000] {dag.py:3508} INFO - Setting next_dagrun for tutorial_taskflow_api to None, run_after=None
[2024-11-01T18:49:20.603+0000] {processor.py:179} INFO - Processing /home/airflow/.local/lib/python3.7/site-packages/airflow/example_dags/tutorial_taskflow_api.py took 0.095 seconds
[2024-11-01T18:49:51.024+0000] {processor.py:157} INFO - Started process (PID=3420) to work on /home/airflow/.local/lib/python3.7/site-packages/airflow/example_dags/tutorial_taskflow_api.py
[2024-11-01T18:49:51.025+0000] {processor.py:826} INFO - Processing file /home/airflow/.local/lib/python3.7/site-packages/airflow/example_dags/tutorial_taskflow_api.py for tasks to queue
[2024-11-01T18:49:51.029+0000] {logging_mixin.py:150} INFO - [2024-11-01T18:49:51.029+0000] {dagbag.py:541} INFO - Filling up the DagBag from /home/airflow/.local/lib/python3.7/site-packages/airflow/example_dags/tutorial_taskflow_api.py
[2024-11-01T18:49:51.033+0000] {processor.py:836} INFO - DAG(s) dict_keys(['tutorial_taskflow_api']) retrieved from /home/airflow/.local/lib/python3.7/site-packages/airflow/example_dags/tutorial_taskflow_api.py
[2024-11-01T18:49:51.052+0000] {logging_mixin.py:150} INFO - [2024-11-01T18:49:51.052+0000] {dag.py:2742} INFO - Sync 1 DAGs
[2024-11-01T18:49:51.066+0000] {logging_mixin.py:150} INFO - [2024-11-01T18:49:51.066+0000] {dag.py:3508} INFO - Setting next_dagrun for tutorial_taskflow_api to None, run_after=None
[2024-11-01T18:49:51.079+0000] {processor.py:179} INFO - Processing /home/airflow/.local/lib/python3.7/site-packages/airflow/example_dags/tutorial_taskflow_api.py took 0.066 seconds
[2024-11-01T18:50:21.687+0000] {processor.py:157} INFO - Started process (PID=3482) to work on /home/airflow/.local/lib/python3.7/site-packages/airflow/example_dags/tutorial_taskflow_api.py
[2024-11-01T18:50:21.689+0000] {processor.py:826} INFO - Processing file /home/airflow/.local/lib/python3.7/site-packages/airflow/example_dags/tutorial_taskflow_api.py for tasks to queue
[2024-11-01T18:50:21.691+0000] {logging_mixin.py:150} INFO - [2024-11-01T18:50:21.691+0000] {dagbag.py:541} INFO - Filling up the DagBag from /home/airflow/.local/lib/python3.7/site-packages/airflow/example_dags/tutorial_taskflow_api.py
[2024-11-01T18:50:21.698+0000] {processor.py:836} INFO - DAG(s) dict_keys(['tutorial_taskflow_api']) retrieved from /home/airflow/.local/lib/python3.7/site-packages/airflow/example_dags/tutorial_taskflow_api.py
[2024-11-01T18:50:21.730+0000] {logging_mixin.py:150} INFO - [2024-11-01T18:50:21.730+0000] {dag.py:2742} INFO - Sync 1 DAGs
[2024-11-01T18:50:21.750+0000] {logging_mixin.py:150} INFO - [2024-11-01T18:50:21.750+0000] {dag.py:3508} INFO - Setting next_dagrun for tutorial_taskflow_api to None, run_after=None
[2024-11-01T18:50:21.763+0000] {processor.py:179} INFO - Processing /home/airflow/.local/lib/python3.7/site-packages/airflow/example_dags/tutorial_taskflow_api.py took 0.080 seconds
[2024-11-01T18:50:52.621+0000] {processor.py:157} INFO - Started process (PID=3544) to work on /home/airflow/.local/lib/python3.7/site-packages/airflow/example_dags/tutorial_taskflow_api.py
[2024-11-01T18:50:52.622+0000] {processor.py:826} INFO - Processing file /home/airflow/.local/lib/python3.7/site-packages/airflow/example_dags/tutorial_taskflow_api.py for tasks to queue
[2024-11-01T18:50:52.622+0000] {logging_mixin.py:150} INFO - [2024-11-01T18:50:52.622+0000] {dagbag.py:541} INFO - Filling up the DagBag from /home/airflow/.local/lib/python3.7/site-packages/airflow/example_dags/tutorial_taskflow_api.py
[2024-11-01T18:50:52.628+0000] {processor.py:836} INFO - DAG(s) dict_keys(['tutorial_taskflow_api']) retrieved from /home/airflow/.local/lib/python3.7/site-packages/airflow/example_dags/tutorial_taskflow_api.py
[2024-11-01T18:50:52.643+0000] {logging_mixin.py:150} INFO - [2024-11-01T18:50:52.643+0000] {dag.py:2742} INFO - Sync 1 DAGs
[2024-11-01T18:50:52.657+0000] {logging_mixin.py:150} INFO - [2024-11-01T18:50:52.657+0000] {dag.py:3508} INFO - Setting next_dagrun for tutorial_taskflow_api to None, run_after=None
[2024-11-01T18:50:52.666+0000] {processor.py:179} INFO - Processing /home/airflow/.local/lib/python3.7/site-packages/airflow/example_dags/tutorial_taskflow_api.py took 0.047 seconds
[2024-11-01T18:51:23.931+0000] {processor.py:157} INFO - Started process (PID=3606) to work on /home/airflow/.local/lib/python3.7/site-packages/airflow/example_dags/tutorial_taskflow_api.py
[2024-11-01T18:51:23.932+0000] {processor.py:826} INFO - Processing file /home/airflow/.local/lib/python3.7/site-packages/airflow/example_dags/tutorial_taskflow_api.py for tasks to queue
[2024-11-01T18:51:23.932+0000] {logging_mixin.py:150} INFO - [2024-11-01T18:51:23.932+0000] {dagbag.py:541} INFO - Filling up the DagBag from /home/airflow/.local/lib/python3.7/site-packages/airflow/example_dags/tutorial_taskflow_api.py
[2024-11-01T18:51:23.941+0000] {processor.py:836} INFO - DAG(s) dict_keys(['tutorial_taskflow_api']) retrieved from /home/airflow/.local/lib/python3.7/site-packages/airflow/example_dags/tutorial_taskflow_api.py
[2024-11-01T18:51:23.965+0000] {logging_mixin.py:150} INFO - [2024-11-01T18:51:23.965+0000] {dag.py:2742} INFO - Sync 1 DAGs
[2024-11-01T18:51:23.983+0000] {logging_mixin.py:150} INFO - [2024-11-01T18:51:23.983+0000] {dag.py:3508} INFO - Setting next_dagrun for tutorial_taskflow_api to None, run_after=None
[2024-11-01T18:51:23.993+0000] {processor.py:179} INFO - Processing /home/airflow/.local/lib/python3.7/site-packages/airflow/example_dags/tutorial_taskflow_api.py took 0.064 seconds
[2024-11-01T18:51:54.922+0000] {processor.py:157} INFO - Started process (PID=3668) to work on /home/airflow/.local/lib/python3.7/site-packages/airflow/example_dags/tutorial_taskflow_api.py
[2024-11-01T18:51:54.923+0000] {processor.py:826} INFO - Processing file /home/airflow/.local/lib/python3.7/site-packages/airflow/example_dags/tutorial_taskflow_api.py for tasks to queue
[2024-11-01T18:51:54.925+0000] {logging_mixin.py:150} INFO - [2024-11-01T18:51:54.925+0000] {dagbag.py:541} INFO - Filling up the DagBag from /home/airflow/.local/lib/python3.7/site-packages/airflow/example_dags/tutorial_taskflow_api.py
[2024-11-01T18:51:54.936+0000] {processor.py:836} INFO - DAG(s) dict_keys(['tutorial_taskflow_api']) retrieved from /home/airflow/.local/lib/python3.7/site-packages/airflow/example_dags/tutorial_taskflow_api.py
[2024-11-01T18:51:54.952+0000] {logging_mixin.py:150} INFO - [2024-11-01T18:51:54.952+0000] {dag.py:2742} INFO - Sync 1 DAGs
[2024-11-01T18:51:54.972+0000] {logging_mixin.py:150} INFO - [2024-11-01T18:51:54.972+0000] {dag.py:3508} INFO - Setting next_dagrun for tutorial_taskflow_api to None, run_after=None
[2024-11-01T18:51:54.988+0000] {processor.py:179} INFO - Processing /home/airflow/.local/lib/python3.7/site-packages/airflow/example_dags/tutorial_taskflow_api.py took 0.070 seconds
[2024-11-01T18:52:25.042+0000] {processor.py:157} INFO - Started process (PID=3730) to work on /home/airflow/.local/lib/python3.7/site-packages/airflow/example_dags/tutorial_taskflow_api.py
[2024-11-01T18:52:25.043+0000] {processor.py:826} INFO - Processing file /home/airflow/.local/lib/python3.7/site-packages/airflow/example_dags/tutorial_taskflow_api.py for tasks to queue
[2024-11-01T18:52:25.043+0000] {logging_mixin.py:150} INFO - [2024-11-01T18:52:25.043+0000] {dagbag.py:541} INFO - Filling up the DagBag from /home/airflow/.local/lib/python3.7/site-packages/airflow/example_dags/tutorial_taskflow_api.py
[2024-11-01T18:52:25.047+0000] {processor.py:836} INFO - DAG(s) dict_keys(['tutorial_taskflow_api']) retrieved from /home/airflow/.local/lib/python3.7/site-packages/airflow/example_dags/tutorial_taskflow_api.py
[2024-11-01T18:52:25.060+0000] {logging_mixin.py:150} INFO - [2024-11-01T18:52:25.060+0000] {dag.py:2742} INFO - Sync 1 DAGs
[2024-11-01T18:52:25.075+0000] {logging_mixin.py:150} INFO - [2024-11-01T18:52:25.075+0000] {dag.py:3508} INFO - Setting next_dagrun for tutorial_taskflow_api to None, run_after=None
[2024-11-01T18:52:25.084+0000] {processor.py:179} INFO - Processing /home/airflow/.local/lib/python3.7/site-packages/airflow/example_dags/tutorial_taskflow_api.py took 0.043 seconds
