[2024-11-01T18:12:01.892+0000] {processor.py:157} INFO - Started process (PID=56) to work on /home/airflow/.local/lib/python3.7/site-packages/airflow/example_dags/tutorial_dag.py
[2024-11-01T18:12:01.904+0000] {processor.py:826} INFO - Processing file /home/airflow/.local/lib/python3.7/site-packages/airflow/example_dags/tutorial_dag.py for tasks to queue
[2024-11-01T18:12:01.906+0000] {logging_mixin.py:150} INFO - [2024-11-01T18:12:01.906+0000] {dagbag.py:541} INFO - Filling up the DagBag from /home/airflow/.local/lib/python3.7/site-packages/airflow/example_dags/tutorial_dag.py
[2024-11-01T18:12:01.917+0000] {processor.py:836} INFO - DAG(s) dict_keys(['tutorial_dag']) retrieved from /home/airflow/.local/lib/python3.7/site-packages/airflow/example_dags/tutorial_dag.py
[2024-11-01T18:12:01.949+0000] {logging_mixin.py:150} INFO - [2024-11-01T18:12:01.949+0000] {dag.py:2742} INFO - Sync 1 DAGs
[2024-11-01T18:12:01.993+0000] {logging_mixin.py:150} INFO - [2024-11-01T18:12:01.992+0000] {dag.py:3508} INFO - Setting next_dagrun for tutorial_dag to None, run_after=None
[2024-11-01T18:12:02.014+0000] {processor.py:179} INFO - Processing /home/airflow/.local/lib/python3.7/site-packages/airflow/example_dags/tutorial_dag.py took 0.208 seconds
[2024-11-01T18:12:36.270+0000] {processor.py:157} INFO - Started process (PID=118) to work on /home/airflow/.local/lib/python3.7/site-packages/airflow/example_dags/tutorial_dag.py
[2024-11-01T18:12:36.274+0000] {processor.py:826} INFO - Processing file /home/airflow/.local/lib/python3.7/site-packages/airflow/example_dags/tutorial_dag.py for tasks to queue
[2024-11-01T18:12:36.277+0000] {logging_mixin.py:150} INFO - [2024-11-01T18:12:36.276+0000] {dagbag.py:541} INFO - Filling up the DagBag from /home/airflow/.local/lib/python3.7/site-packages/airflow/example_dags/tutorial_dag.py
[2024-11-01T18:12:36.293+0000] {processor.py:836} INFO - DAG(s) dict_keys(['tutorial_dag']) retrieved from /home/airflow/.local/lib/python3.7/site-packages/airflow/example_dags/tutorial_dag.py
[2024-11-01T18:12:36.365+0000] {logging_mixin.py:150} INFO - [2024-11-01T18:12:36.365+0000] {dag.py:2742} INFO - Sync 1 DAGs
[2024-11-01T18:12:36.447+0000] {logging_mixin.py:150} INFO - [2024-11-01T18:12:36.447+0000] {dag.py:3508} INFO - Setting next_dagrun for tutorial_dag to None, run_after=None
[2024-11-01T18:12:36.496+0000] {processor.py:179} INFO - Processing /home/airflow/.local/lib/python3.7/site-packages/airflow/example_dags/tutorial_dag.py took 0.238 seconds
[2024-11-01T18:13:06.832+0000] {processor.py:157} INFO - Started process (PID=179) to work on /home/airflow/.local/lib/python3.7/site-packages/airflow/example_dags/tutorial_dag.py
[2024-11-01T18:13:06.834+0000] {processor.py:826} INFO - Processing file /home/airflow/.local/lib/python3.7/site-packages/airflow/example_dags/tutorial_dag.py for tasks to queue
[2024-11-01T18:13:06.835+0000] {logging_mixin.py:150} INFO - [2024-11-01T18:13:06.834+0000] {dagbag.py:541} INFO - Filling up the DagBag from /home/airflow/.local/lib/python3.7/site-packages/airflow/example_dags/tutorial_dag.py
[2024-11-01T18:13:06.839+0000] {processor.py:836} INFO - DAG(s) dict_keys(['tutorial_dag']) retrieved from /home/airflow/.local/lib/python3.7/site-packages/airflow/example_dags/tutorial_dag.py
[2024-11-01T18:13:06.858+0000] {logging_mixin.py:150} INFO - [2024-11-01T18:13:06.857+0000] {dag.py:2742} INFO - Sync 1 DAGs
[2024-11-01T18:13:06.882+0000] {logging_mixin.py:150} INFO - [2024-11-01T18:13:06.882+0000] {dag.py:3508} INFO - Setting next_dagrun for tutorial_dag to None, run_after=None
[2024-11-01T18:13:06.956+0000] {processor.py:179} INFO - Processing /home/airflow/.local/lib/python3.7/site-packages/airflow/example_dags/tutorial_dag.py took 0.127 seconds
[2024-11-01T18:15:48.994+0000] {processor.py:157} INFO - Started process (PID=260) to work on /home/airflow/.local/lib/python3.7/site-packages/airflow/example_dags/tutorial_dag.py
[2024-11-01T18:15:49.003+0000] {processor.py:826} INFO - Processing file /home/airflow/.local/lib/python3.7/site-packages/airflow/example_dags/tutorial_dag.py for tasks to queue
[2024-11-01T18:15:49.011+0000] {logging_mixin.py:150} INFO - [2024-11-01T18:15:49.011+0000] {dagbag.py:541} INFO - Filling up the DagBag from /home/airflow/.local/lib/python3.7/site-packages/airflow/example_dags/tutorial_dag.py
[2024-11-01T18:15:49.069+0000] {processor.py:836} INFO - DAG(s) dict_keys(['tutorial_dag']) retrieved from /home/airflow/.local/lib/python3.7/site-packages/airflow/example_dags/tutorial_dag.py
[2024-11-01T18:15:49.382+0000] {logging_mixin.py:150} INFO - [2024-11-01T18:15:49.382+0000] {dag.py:2742} INFO - Sync 1 DAGs
[2024-11-01T18:15:49.816+0000] {logging_mixin.py:150} INFO - [2024-11-01T18:15:49.808+0000] {dag.py:3508} INFO - Setting next_dagrun for tutorial_dag to None, run_after=None
[2024-11-01T18:15:50.062+0000] {processor.py:179} INFO - Processing /home/airflow/.local/lib/python3.7/site-packages/airflow/example_dags/tutorial_dag.py took 1.081 seconds
[2024-11-01T18:17:21.284+0000] {processor.py:157} INFO - Started process (PID=326) to work on /home/airflow/.local/lib/python3.7/site-packages/airflow/example_dags/tutorial_dag.py
[2024-11-01T18:17:21.294+0000] {processor.py:826} INFO - Processing file /home/airflow/.local/lib/python3.7/site-packages/airflow/example_dags/tutorial_dag.py for tasks to queue
[2024-11-01T18:17:21.296+0000] {logging_mixin.py:150} INFO - [2024-11-01T18:17:21.295+0000] {dagbag.py:541} INFO - Filling up the DagBag from /home/airflow/.local/lib/python3.7/site-packages/airflow/example_dags/tutorial_dag.py
[2024-11-01T18:17:21.330+0000] {processor.py:836} INFO - DAG(s) dict_keys(['tutorial_dag']) retrieved from /home/airflow/.local/lib/python3.7/site-packages/airflow/example_dags/tutorial_dag.py
[2024-11-01T18:17:21.468+0000] {logging_mixin.py:150} INFO - [2024-11-01T18:17:21.467+0000] {dag.py:2742} INFO - Sync 1 DAGs
[2024-11-01T18:17:21.682+0000] {logging_mixin.py:150} INFO - [2024-11-01T18:17:21.681+0000] {dag.py:3508} INFO - Setting next_dagrun for tutorial_dag to None, run_after=None
[2024-11-01T18:17:23.013+0000] {processor.py:179} INFO - Processing /home/airflow/.local/lib/python3.7/site-packages/airflow/example_dags/tutorial_dag.py took 1.739 seconds
[2024-11-01T18:18:24.755+0000] {processor.py:157} INFO - Started process (PID=415) to work on /home/airflow/.local/lib/python3.7/site-packages/airflow/example_dags/tutorial_dag.py
[2024-11-01T18:18:24.772+0000] {processor.py:826} INFO - Processing file /home/airflow/.local/lib/python3.7/site-packages/airflow/example_dags/tutorial_dag.py for tasks to queue
[2024-11-01T18:18:24.774+0000] {logging_mixin.py:150} INFO - [2024-11-01T18:18:24.773+0000] {dagbag.py:541} INFO - Filling up the DagBag from /home/airflow/.local/lib/python3.7/site-packages/airflow/example_dags/tutorial_dag.py
[2024-11-01T18:18:24.838+0000] {processor.py:836} INFO - DAG(s) dict_keys(['tutorial_dag']) retrieved from /home/airflow/.local/lib/python3.7/site-packages/airflow/example_dags/tutorial_dag.py
[2024-11-01T18:18:25.279+0000] {logging_mixin.py:150} INFO - [2024-11-01T18:18:25.279+0000] {dag.py:2742} INFO - Sync 1 DAGs
[2024-11-01T18:18:25.351+0000] {logging_mixin.py:150} INFO - [2024-11-01T18:18:25.346+0000] {dag.py:3508} INFO - Setting next_dagrun for tutorial_dag to None, run_after=None
[2024-11-01T18:18:25.447+0000] {processor.py:179} INFO - Processing /home/airflow/.local/lib/python3.7/site-packages/airflow/example_dags/tutorial_dag.py took 0.763 seconds
[2024-11-01T18:19:03.990+0000] {processor.py:157} INFO - Started process (PID=476) to work on /home/airflow/.local/lib/python3.7/site-packages/airflow/example_dags/tutorial_dag.py
[2024-11-01T18:19:04.021+0000] {processor.py:826} INFO - Processing file /home/airflow/.local/lib/python3.7/site-packages/airflow/example_dags/tutorial_dag.py for tasks to queue
[2024-11-01T18:19:04.050+0000] {logging_mixin.py:150} INFO - [2024-11-01T18:19:04.031+0000] {dagbag.py:541} INFO - Filling up the DagBag from /home/airflow/.local/lib/python3.7/site-packages/airflow/example_dags/tutorial_dag.py
[2024-11-01T18:19:04.272+0000] {processor.py:836} INFO - DAG(s) dict_keys(['tutorial_dag']) retrieved from /home/airflow/.local/lib/python3.7/site-packages/airflow/example_dags/tutorial_dag.py
[2024-11-01T18:19:05.092+0000] {logging_mixin.py:150} INFO - [2024-11-01T18:19:05.091+0000] {dag.py:2742} INFO - Sync 1 DAGs
[2024-11-01T18:19:05.799+0000] {logging_mixin.py:150} INFO - [2024-11-01T18:19:05.799+0000] {dag.py:3508} INFO - Setting next_dagrun for tutorial_dag to None, run_after=None
[2024-11-01T18:19:05.982+0000] {processor.py:179} INFO - Processing /home/airflow/.local/lib/python3.7/site-packages/airflow/example_dags/tutorial_dag.py took 2.128 seconds
[2024-11-01T18:19:36.297+0000] {processor.py:157} INFO - Started process (PID=529) to work on /home/airflow/.local/lib/python3.7/site-packages/airflow/example_dags/tutorial_dag.py
[2024-11-01T18:19:36.311+0000] {processor.py:826} INFO - Processing file /home/airflow/.local/lib/python3.7/site-packages/airflow/example_dags/tutorial_dag.py for tasks to queue
[2024-11-01T18:19:36.317+0000] {logging_mixin.py:150} INFO - [2024-11-01T18:19:36.314+0000] {dagbag.py:541} INFO - Filling up the DagBag from /home/airflow/.local/lib/python3.7/site-packages/airflow/example_dags/tutorial_dag.py
[2024-11-01T18:19:36.384+0000] {processor.py:836} INFO - DAG(s) dict_keys(['tutorial_dag']) retrieved from /home/airflow/.local/lib/python3.7/site-packages/airflow/example_dags/tutorial_dag.py
[2024-11-01T18:19:36.756+0000] {logging_mixin.py:150} INFO - [2024-11-01T18:19:36.754+0000] {dag.py:2742} INFO - Sync 1 DAGs
[2024-11-01T18:19:37.746+0000] {logging_mixin.py:150} INFO - [2024-11-01T18:19:37.737+0000] {dag.py:3508} INFO - Setting next_dagrun for tutorial_dag to None, run_after=None
[2024-11-01T18:19:37.877+0000] {processor.py:179} INFO - Processing /home/airflow/.local/lib/python3.7/site-packages/airflow/example_dags/tutorial_dag.py took 1.620 seconds
[2024-11-01T18:20:15.687+0000] {processor.py:157} INFO - Started process (PID=580) to work on /home/airflow/.local/lib/python3.7/site-packages/airflow/example_dags/tutorial_dag.py
[2024-11-01T18:20:15.697+0000] {processor.py:826} INFO - Processing file /home/airflow/.local/lib/python3.7/site-packages/airflow/example_dags/tutorial_dag.py for tasks to queue
[2024-11-01T18:20:15.699+0000] {logging_mixin.py:150} INFO - [2024-11-01T18:20:15.697+0000] {dagbag.py:541} INFO - Filling up the DagBag from /home/airflow/.local/lib/python3.7/site-packages/airflow/example_dags/tutorial_dag.py
[2024-11-01T18:20:15.720+0000] {processor.py:836} INFO - DAG(s) dict_keys(['tutorial_dag']) retrieved from /home/airflow/.local/lib/python3.7/site-packages/airflow/example_dags/tutorial_dag.py
[2024-11-01T18:20:15.863+0000] {logging_mixin.py:150} INFO - [2024-11-01T18:20:15.862+0000] {dag.py:2742} INFO - Sync 1 DAGs
[2024-11-01T18:20:15.968+0000] {logging_mixin.py:150} INFO - [2024-11-01T18:20:15.968+0000] {dag.py:3508} INFO - Setting next_dagrun for tutorial_dag to None, run_after=None
[2024-11-01T18:20:16.070+0000] {processor.py:179} INFO - Processing /home/airflow/.local/lib/python3.7/site-packages/airflow/example_dags/tutorial_dag.py took 0.413 seconds
[2024-11-01T18:21:10.782+0000] {processor.py:157} INFO - Started process (PID=654) to work on /home/airflow/.local/lib/python3.7/site-packages/airflow/example_dags/tutorial_dag.py
[2024-11-01T18:21:10.839+0000] {processor.py:826} INFO - Processing file /home/airflow/.local/lib/python3.7/site-packages/airflow/example_dags/tutorial_dag.py for tasks to queue
[2024-11-01T18:21:10.874+0000] {logging_mixin.py:150} INFO - [2024-11-01T18:21:10.854+0000] {dagbag.py:541} INFO - Filling up the DagBag from /home/airflow/.local/lib/python3.7/site-packages/airflow/example_dags/tutorial_dag.py
[2024-11-01T18:21:11.345+0000] {processor.py:836} INFO - DAG(s) dict_keys(['tutorial_dag']) retrieved from /home/airflow/.local/lib/python3.7/site-packages/airflow/example_dags/tutorial_dag.py
[2024-11-01T18:21:12.230+0000] {logging_mixin.py:150} INFO - [2024-11-01T18:21:12.230+0000] {dag.py:2742} INFO - Sync 1 DAGs
[2024-11-01T18:21:12.337+0000] {logging_mixin.py:150} INFO - [2024-11-01T18:21:12.336+0000] {dag.py:3508} INFO - Setting next_dagrun for tutorial_dag to None, run_after=None
[2024-11-01T18:21:12.437+0000] {processor.py:179} INFO - Processing /home/airflow/.local/lib/python3.7/site-packages/airflow/example_dags/tutorial_dag.py took 1.864 seconds
[2024-11-01T18:24:15.156+0000] {processor.py:157} INFO - Started process (PID=761) to work on /home/airflow/.local/lib/python3.7/site-packages/airflow/example_dags/tutorial_dag.py
[2024-11-01T18:24:15.165+0000] {processor.py:826} INFO - Processing file /home/airflow/.local/lib/python3.7/site-packages/airflow/example_dags/tutorial_dag.py for tasks to queue
[2024-11-01T18:24:15.172+0000] {logging_mixin.py:150} INFO - [2024-11-01T18:24:15.171+0000] {dagbag.py:541} INFO - Filling up the DagBag from /home/airflow/.local/lib/python3.7/site-packages/airflow/example_dags/tutorial_dag.py
[2024-11-01T18:24:15.250+0000] {processor.py:836} INFO - DAG(s) dict_keys(['tutorial_dag']) retrieved from /home/airflow/.local/lib/python3.7/site-packages/airflow/example_dags/tutorial_dag.py
[2024-11-01T18:24:15.684+0000] {logging_mixin.py:150} INFO - [2024-11-01T18:24:15.683+0000] {dag.py:2742} INFO - Sync 1 DAGs
[2024-11-01T18:24:15.857+0000] {logging_mixin.py:150} INFO - [2024-11-01T18:24:15.854+0000] {dag.py:3508} INFO - Setting next_dagrun for tutorial_dag to None, run_after=None
[2024-11-01T18:24:16.238+0000] {processor.py:179} INFO - Processing /home/airflow/.local/lib/python3.7/site-packages/airflow/example_dags/tutorial_dag.py took 1.126 seconds
[2024-11-01T18:25:29.783+0000] {processor.py:157} INFO - Started process (PID=838) to work on /home/airflow/.local/lib/python3.7/site-packages/airflow/example_dags/tutorial_dag.py
[2024-11-01T18:25:29.825+0000] {processor.py:826} INFO - Processing file /home/airflow/.local/lib/python3.7/site-packages/airflow/example_dags/tutorial_dag.py for tasks to queue
[2024-11-01T18:25:29.834+0000] {logging_mixin.py:150} INFO - [2024-11-01T18:25:29.829+0000] {dagbag.py:541} INFO - Filling up the DagBag from /home/airflow/.local/lib/python3.7/site-packages/airflow/example_dags/tutorial_dag.py
[2024-11-01T18:25:30.039+0000] {processor.py:836} INFO - DAG(s) dict_keys(['tutorial_dag']) retrieved from /home/airflow/.local/lib/python3.7/site-packages/airflow/example_dags/tutorial_dag.py
[2024-11-01T18:25:30.099+0000] {logging_mixin.py:150} INFO - [2024-11-01T18:25:30.099+0000] {dag.py:2742} INFO - Sync 1 DAGs
[2024-11-01T18:25:30.143+0000] {logging_mixin.py:150} INFO - [2024-11-01T18:25:30.143+0000] {dag.py:3508} INFO - Setting next_dagrun for tutorial_dag to None, run_after=None
[2024-11-01T18:25:30.184+0000] {processor.py:179} INFO - Processing /home/airflow/.local/lib/python3.7/site-packages/airflow/example_dags/tutorial_dag.py took 0.567 seconds
[2024-11-01T18:26:06.089+0000] {processor.py:157} INFO - Started process (PID=893) to work on /home/airflow/.local/lib/python3.7/site-packages/airflow/example_dags/tutorial_dag.py
[2024-11-01T18:26:06.096+0000] {processor.py:826} INFO - Processing file /home/airflow/.local/lib/python3.7/site-packages/airflow/example_dags/tutorial_dag.py for tasks to queue
[2024-11-01T18:26:06.101+0000] {logging_mixin.py:150} INFO - [2024-11-01T18:26:06.101+0000] {dagbag.py:541} INFO - Filling up the DagBag from /home/airflow/.local/lib/python3.7/site-packages/airflow/example_dags/tutorial_dag.py
[2024-11-01T18:26:06.117+0000] {processor.py:836} INFO - DAG(s) dict_keys(['tutorial_dag']) retrieved from /home/airflow/.local/lib/python3.7/site-packages/airflow/example_dags/tutorial_dag.py
[2024-11-01T18:26:06.159+0000] {logging_mixin.py:150} INFO - [2024-11-01T18:26:06.158+0000] {dag.py:2742} INFO - Sync 1 DAGs
[2024-11-01T18:26:06.204+0000] {logging_mixin.py:150} INFO - [2024-11-01T18:26:06.204+0000] {dag.py:3508} INFO - Setting next_dagrun for tutorial_dag to None, run_after=None
[2024-11-01T18:26:06.257+0000] {processor.py:179} INFO - Processing /home/airflow/.local/lib/python3.7/site-packages/airflow/example_dags/tutorial_dag.py took 0.175 seconds
[2024-11-01T18:26:36.553+0000] {processor.py:157} INFO - Started process (PID=955) to work on /home/airflow/.local/lib/python3.7/site-packages/airflow/example_dags/tutorial_dag.py
[2024-11-01T18:26:36.554+0000] {processor.py:826} INFO - Processing file /home/airflow/.local/lib/python3.7/site-packages/airflow/example_dags/tutorial_dag.py for tasks to queue
[2024-11-01T18:26:36.555+0000] {logging_mixin.py:150} INFO - [2024-11-01T18:26:36.555+0000] {dagbag.py:541} INFO - Filling up the DagBag from /home/airflow/.local/lib/python3.7/site-packages/airflow/example_dags/tutorial_dag.py
[2024-11-01T18:26:36.558+0000] {processor.py:836} INFO - DAG(s) dict_keys(['tutorial_dag']) retrieved from /home/airflow/.local/lib/python3.7/site-packages/airflow/example_dags/tutorial_dag.py
[2024-11-01T18:26:36.571+0000] {logging_mixin.py:150} INFO - [2024-11-01T18:26:36.571+0000] {dag.py:2742} INFO - Sync 1 DAGs
[2024-11-01T18:26:36.585+0000] {logging_mixin.py:150} INFO - [2024-11-01T18:26:36.585+0000] {dag.py:3508} INFO - Setting next_dagrun for tutorial_dag to None, run_after=None
[2024-11-01T18:26:36.595+0000] {processor.py:179} INFO - Processing /home/airflow/.local/lib/python3.7/site-packages/airflow/example_dags/tutorial_dag.py took 0.047 seconds
[2024-11-01T18:27:06.834+0000] {processor.py:157} INFO - Started process (PID=1017) to work on /home/airflow/.local/lib/python3.7/site-packages/airflow/example_dags/tutorial_dag.py
[2024-11-01T18:27:06.836+0000] {processor.py:826} INFO - Processing file /home/airflow/.local/lib/python3.7/site-packages/airflow/example_dags/tutorial_dag.py for tasks to queue
[2024-11-01T18:27:06.838+0000] {logging_mixin.py:150} INFO - [2024-11-01T18:27:06.838+0000] {dagbag.py:541} INFO - Filling up the DagBag from /home/airflow/.local/lib/python3.7/site-packages/airflow/example_dags/tutorial_dag.py
[2024-11-01T18:27:06.841+0000] {processor.py:836} INFO - DAG(s) dict_keys(['tutorial_dag']) retrieved from /home/airflow/.local/lib/python3.7/site-packages/airflow/example_dags/tutorial_dag.py
[2024-11-01T18:27:06.857+0000] {logging_mixin.py:150} INFO - [2024-11-01T18:27:06.857+0000] {dag.py:2742} INFO - Sync 1 DAGs
[2024-11-01T18:27:06.872+0000] {logging_mixin.py:150} INFO - [2024-11-01T18:27:06.872+0000] {dag.py:3508} INFO - Setting next_dagrun for tutorial_dag to None, run_after=None
[2024-11-01T18:27:06.883+0000] {processor.py:179} INFO - Processing /home/airflow/.local/lib/python3.7/site-packages/airflow/example_dags/tutorial_dag.py took 0.054 seconds
[2024-11-01T18:27:37.119+0000] {processor.py:157} INFO - Started process (PID=1079) to work on /home/airflow/.local/lib/python3.7/site-packages/airflow/example_dags/tutorial_dag.py
[2024-11-01T18:27:37.121+0000] {processor.py:826} INFO - Processing file /home/airflow/.local/lib/python3.7/site-packages/airflow/example_dags/tutorial_dag.py for tasks to queue
[2024-11-01T18:27:37.121+0000] {logging_mixin.py:150} INFO - [2024-11-01T18:27:37.121+0000] {dagbag.py:541} INFO - Filling up the DagBag from /home/airflow/.local/lib/python3.7/site-packages/airflow/example_dags/tutorial_dag.py
[2024-11-01T18:27:37.126+0000] {processor.py:836} INFO - DAG(s) dict_keys(['tutorial_dag']) retrieved from /home/airflow/.local/lib/python3.7/site-packages/airflow/example_dags/tutorial_dag.py
[2024-11-01T18:27:37.155+0000] {logging_mixin.py:150} INFO - [2024-11-01T18:27:37.155+0000] {dag.py:2742} INFO - Sync 1 DAGs
[2024-11-01T18:27:37.174+0000] {logging_mixin.py:150} INFO - [2024-11-01T18:27:37.174+0000] {dag.py:3508} INFO - Setting next_dagrun for tutorial_dag to None, run_after=None
[2024-11-01T18:27:37.184+0000] {processor.py:179} INFO - Processing /home/airflow/.local/lib/python3.7/site-packages/airflow/example_dags/tutorial_dag.py took 0.068 seconds
[2024-11-01T18:30:47.650+0000] {processor.py:157} INFO - Started process (PID=1129) to work on /home/airflow/.local/lib/python3.7/site-packages/airflow/example_dags/tutorial_dag.py
[2024-11-01T18:30:47.651+0000] {processor.py:826} INFO - Processing file /home/airflow/.local/lib/python3.7/site-packages/airflow/example_dags/tutorial_dag.py for tasks to queue
[2024-11-01T18:30:47.652+0000] {logging_mixin.py:150} INFO - [2024-11-01T18:30:47.651+0000] {dagbag.py:541} INFO - Filling up the DagBag from /home/airflow/.local/lib/python3.7/site-packages/airflow/example_dags/tutorial_dag.py
[2024-11-01T18:30:47.656+0000] {processor.py:836} INFO - DAG(s) dict_keys(['tutorial_dag']) retrieved from /home/airflow/.local/lib/python3.7/site-packages/airflow/example_dags/tutorial_dag.py
[2024-11-01T18:30:47.677+0000] {logging_mixin.py:150} INFO - [2024-11-01T18:30:47.677+0000] {dag.py:2742} INFO - Sync 1 DAGs
[2024-11-01T18:30:47.709+0000] {logging_mixin.py:150} INFO - [2024-11-01T18:30:47.709+0000] {dag.py:3508} INFO - Setting next_dagrun for tutorial_dag to None, run_after=None
[2024-11-01T18:30:47.723+0000] {processor.py:179} INFO - Processing /home/airflow/.local/lib/python3.7/site-packages/airflow/example_dags/tutorial_dag.py took 0.076 seconds
[2024-11-01T18:31:18.051+0000] {processor.py:157} INFO - Started process (PID=1191) to work on /home/airflow/.local/lib/python3.7/site-packages/airflow/example_dags/tutorial_dag.py
[2024-11-01T18:31:18.052+0000] {processor.py:826} INFO - Processing file /home/airflow/.local/lib/python3.7/site-packages/airflow/example_dags/tutorial_dag.py for tasks to queue
[2024-11-01T18:31:18.052+0000] {logging_mixin.py:150} INFO - [2024-11-01T18:31:18.052+0000] {dagbag.py:541} INFO - Filling up the DagBag from /home/airflow/.local/lib/python3.7/site-packages/airflow/example_dags/tutorial_dag.py
[2024-11-01T18:31:18.055+0000] {processor.py:836} INFO - DAG(s) dict_keys(['tutorial_dag']) retrieved from /home/airflow/.local/lib/python3.7/site-packages/airflow/example_dags/tutorial_dag.py
[2024-11-01T18:31:18.067+0000] {logging_mixin.py:150} INFO - [2024-11-01T18:31:18.067+0000] {dag.py:2742} INFO - Sync 1 DAGs
[2024-11-01T18:31:18.078+0000] {logging_mixin.py:150} INFO - [2024-11-01T18:31:18.078+0000] {dag.py:3508} INFO - Setting next_dagrun for tutorial_dag to None, run_after=None
[2024-11-01T18:31:18.086+0000] {processor.py:179} INFO - Processing /home/airflow/.local/lib/python3.7/site-packages/airflow/example_dags/tutorial_dag.py took 0.037 seconds
[2024-11-01T18:31:48.590+0000] {processor.py:157} INFO - Started process (PID=1253) to work on /home/airflow/.local/lib/python3.7/site-packages/airflow/example_dags/tutorial_dag.py
[2024-11-01T18:31:48.593+0000] {processor.py:826} INFO - Processing file /home/airflow/.local/lib/python3.7/site-packages/airflow/example_dags/tutorial_dag.py for tasks to queue
[2024-11-01T18:31:48.593+0000] {logging_mixin.py:150} INFO - [2024-11-01T18:31:48.593+0000] {dagbag.py:541} INFO - Filling up the DagBag from /home/airflow/.local/lib/python3.7/site-packages/airflow/example_dags/tutorial_dag.py
[2024-11-01T18:31:48.596+0000] {processor.py:836} INFO - DAG(s) dict_keys(['tutorial_dag']) retrieved from /home/airflow/.local/lib/python3.7/site-packages/airflow/example_dags/tutorial_dag.py
[2024-11-01T18:31:48.616+0000] {logging_mixin.py:150} INFO - [2024-11-01T18:31:48.616+0000] {dag.py:2742} INFO - Sync 1 DAGs
[2024-11-01T18:31:48.631+0000] {logging_mixin.py:150} INFO - [2024-11-01T18:31:48.631+0000] {dag.py:3508} INFO - Setting next_dagrun for tutorial_dag to None, run_after=None
[2024-11-01T18:31:48.646+0000] {processor.py:179} INFO - Processing /home/airflow/.local/lib/python3.7/site-packages/airflow/example_dags/tutorial_dag.py took 0.060 seconds
[2024-11-01T18:32:18.907+0000] {processor.py:157} INFO - Started process (PID=1315) to work on /home/airflow/.local/lib/python3.7/site-packages/airflow/example_dags/tutorial_dag.py
[2024-11-01T18:32:18.908+0000] {processor.py:826} INFO - Processing file /home/airflow/.local/lib/python3.7/site-packages/airflow/example_dags/tutorial_dag.py for tasks to queue
[2024-11-01T18:32:18.909+0000] {logging_mixin.py:150} INFO - [2024-11-01T18:32:18.909+0000] {dagbag.py:541} INFO - Filling up the DagBag from /home/airflow/.local/lib/python3.7/site-packages/airflow/example_dags/tutorial_dag.py
[2024-11-01T18:32:18.912+0000] {processor.py:836} INFO - DAG(s) dict_keys(['tutorial_dag']) retrieved from /home/airflow/.local/lib/python3.7/site-packages/airflow/example_dags/tutorial_dag.py
[2024-11-01T18:32:18.926+0000] {logging_mixin.py:150} INFO - [2024-11-01T18:32:18.926+0000] {dag.py:2742} INFO - Sync 1 DAGs
[2024-11-01T18:32:18.940+0000] {logging_mixin.py:150} INFO - [2024-11-01T18:32:18.940+0000] {dag.py:3508} INFO - Setting next_dagrun for tutorial_dag to None, run_after=None
[2024-11-01T18:32:18.955+0000] {processor.py:179} INFO - Processing /home/airflow/.local/lib/python3.7/site-packages/airflow/example_dags/tutorial_dag.py took 0.050 seconds
[2024-11-01T18:32:49.608+0000] {processor.py:157} INFO - Started process (PID=1376) to work on /home/airflow/.local/lib/python3.7/site-packages/airflow/example_dags/tutorial_dag.py
[2024-11-01T18:32:49.608+0000] {processor.py:826} INFO - Processing file /home/airflow/.local/lib/python3.7/site-packages/airflow/example_dags/tutorial_dag.py for tasks to queue
[2024-11-01T18:32:49.608+0000] {logging_mixin.py:150} INFO - [2024-11-01T18:32:49.608+0000] {dagbag.py:541} INFO - Filling up the DagBag from /home/airflow/.local/lib/python3.7/site-packages/airflow/example_dags/tutorial_dag.py
[2024-11-01T18:32:49.611+0000] {processor.py:836} INFO - DAG(s) dict_keys(['tutorial_dag']) retrieved from /home/airflow/.local/lib/python3.7/site-packages/airflow/example_dags/tutorial_dag.py
[2024-11-01T18:32:49.639+0000] {logging_mixin.py:150} INFO - [2024-11-01T18:32:49.639+0000] {dag.py:2742} INFO - Sync 1 DAGs
[2024-11-01T18:32:49.654+0000] {logging_mixin.py:150} INFO - [2024-11-01T18:32:49.654+0000] {dag.py:3508} INFO - Setting next_dagrun for tutorial_dag to None, run_after=None
[2024-11-01T18:32:49.663+0000] {processor.py:179} INFO - Processing /home/airflow/.local/lib/python3.7/site-packages/airflow/example_dags/tutorial_dag.py took 0.057 seconds
[2024-11-01T18:33:20.296+0000] {processor.py:157} INFO - Started process (PID=1438) to work on /home/airflow/.local/lib/python3.7/site-packages/airflow/example_dags/tutorial_dag.py
[2024-11-01T18:33:20.297+0000] {processor.py:826} INFO - Processing file /home/airflow/.local/lib/python3.7/site-packages/airflow/example_dags/tutorial_dag.py for tasks to queue
[2024-11-01T18:33:20.299+0000] {logging_mixin.py:150} INFO - [2024-11-01T18:33:20.298+0000] {dagbag.py:541} INFO - Filling up the DagBag from /home/airflow/.local/lib/python3.7/site-packages/airflow/example_dags/tutorial_dag.py
[2024-11-01T18:33:20.301+0000] {processor.py:836} INFO - DAG(s) dict_keys(['tutorial_dag']) retrieved from /home/airflow/.local/lib/python3.7/site-packages/airflow/example_dags/tutorial_dag.py
[2024-11-01T18:33:20.317+0000] {logging_mixin.py:150} INFO - [2024-11-01T18:33:20.316+0000] {dag.py:2742} INFO - Sync 1 DAGs
[2024-11-01T18:33:20.330+0000] {logging_mixin.py:150} INFO - [2024-11-01T18:33:20.330+0000] {dag.py:3508} INFO - Setting next_dagrun for tutorial_dag to None, run_after=None
[2024-11-01T18:33:20.338+0000] {processor.py:179} INFO - Processing /home/airflow/.local/lib/python3.7/site-packages/airflow/example_dags/tutorial_dag.py took 0.045 seconds
[2024-11-01T18:33:50.430+0000] {processor.py:157} INFO - Started process (PID=1500) to work on /home/airflow/.local/lib/python3.7/site-packages/airflow/example_dags/tutorial_dag.py
[2024-11-01T18:33:50.432+0000] {processor.py:826} INFO - Processing file /home/airflow/.local/lib/python3.7/site-packages/airflow/example_dags/tutorial_dag.py for tasks to queue
[2024-11-01T18:33:50.433+0000] {logging_mixin.py:150} INFO - [2024-11-01T18:33:50.433+0000] {dagbag.py:541} INFO - Filling up the DagBag from /home/airflow/.local/lib/python3.7/site-packages/airflow/example_dags/tutorial_dag.py
[2024-11-01T18:33:50.439+0000] {processor.py:836} INFO - DAG(s) dict_keys(['tutorial_dag']) retrieved from /home/airflow/.local/lib/python3.7/site-packages/airflow/example_dags/tutorial_dag.py
[2024-11-01T18:33:50.463+0000] {logging_mixin.py:150} INFO - [2024-11-01T18:33:50.463+0000] {dag.py:2742} INFO - Sync 1 DAGs
[2024-11-01T18:33:50.504+0000] {logging_mixin.py:150} INFO - [2024-11-01T18:33:50.504+0000] {dag.py:3508} INFO - Setting next_dagrun for tutorial_dag to None, run_after=None
[2024-11-01T18:33:50.524+0000] {processor.py:179} INFO - Processing /home/airflow/.local/lib/python3.7/site-packages/airflow/example_dags/tutorial_dag.py took 0.097 seconds
[2024-11-01T18:34:20.865+0000] {processor.py:157} INFO - Started process (PID=1562) to work on /home/airflow/.local/lib/python3.7/site-packages/airflow/example_dags/tutorial_dag.py
[2024-11-01T18:34:20.866+0000] {processor.py:826} INFO - Processing file /home/airflow/.local/lib/python3.7/site-packages/airflow/example_dags/tutorial_dag.py for tasks to queue
[2024-11-01T18:34:20.866+0000] {logging_mixin.py:150} INFO - [2024-11-01T18:34:20.866+0000] {dagbag.py:541} INFO - Filling up the DagBag from /home/airflow/.local/lib/python3.7/site-packages/airflow/example_dags/tutorial_dag.py
[2024-11-01T18:34:20.870+0000] {processor.py:836} INFO - DAG(s) dict_keys(['tutorial_dag']) retrieved from /home/airflow/.local/lib/python3.7/site-packages/airflow/example_dags/tutorial_dag.py
[2024-11-01T18:34:20.885+0000] {logging_mixin.py:150} INFO - [2024-11-01T18:34:20.884+0000] {dag.py:2742} INFO - Sync 1 DAGs
[2024-11-01T18:34:20.901+0000] {logging_mixin.py:150} INFO - [2024-11-01T18:34:20.900+0000] {dag.py:3508} INFO - Setting next_dagrun for tutorial_dag to None, run_after=None
[2024-11-01T18:34:20.909+0000] {processor.py:179} INFO - Processing /home/airflow/.local/lib/python3.7/site-packages/airflow/example_dags/tutorial_dag.py took 0.047 seconds
[2024-11-01T18:34:51.459+0000] {processor.py:157} INFO - Started process (PID=1624) to work on /home/airflow/.local/lib/python3.7/site-packages/airflow/example_dags/tutorial_dag.py
[2024-11-01T18:34:51.461+0000] {processor.py:826} INFO - Processing file /home/airflow/.local/lib/python3.7/site-packages/airflow/example_dags/tutorial_dag.py for tasks to queue
[2024-11-01T18:34:51.461+0000] {logging_mixin.py:150} INFO - [2024-11-01T18:34:51.461+0000] {dagbag.py:541} INFO - Filling up the DagBag from /home/airflow/.local/lib/python3.7/site-packages/airflow/example_dags/tutorial_dag.py
[2024-11-01T18:34:51.464+0000] {processor.py:836} INFO - DAG(s) dict_keys(['tutorial_dag']) retrieved from /home/airflow/.local/lib/python3.7/site-packages/airflow/example_dags/tutorial_dag.py
[2024-11-01T18:34:51.480+0000] {logging_mixin.py:150} INFO - [2024-11-01T18:34:51.480+0000] {dag.py:2742} INFO - Sync 1 DAGs
[2024-11-01T18:34:51.493+0000] {logging_mixin.py:150} INFO - [2024-11-01T18:34:51.493+0000] {dag.py:3508} INFO - Setting next_dagrun for tutorial_dag to None, run_after=None
[2024-11-01T18:34:51.509+0000] {processor.py:179} INFO - Processing /home/airflow/.local/lib/python3.7/site-packages/airflow/example_dags/tutorial_dag.py took 0.052 seconds
[2024-11-01T18:35:22.057+0000] {processor.py:157} INFO - Started process (PID=1686) to work on /home/airflow/.local/lib/python3.7/site-packages/airflow/example_dags/tutorial_dag.py
[2024-11-01T18:35:22.058+0000] {processor.py:826} INFO - Processing file /home/airflow/.local/lib/python3.7/site-packages/airflow/example_dags/tutorial_dag.py for tasks to queue
[2024-11-01T18:35:22.058+0000] {logging_mixin.py:150} INFO - [2024-11-01T18:35:22.058+0000] {dagbag.py:541} INFO - Filling up the DagBag from /home/airflow/.local/lib/python3.7/site-packages/airflow/example_dags/tutorial_dag.py
[2024-11-01T18:35:22.061+0000] {processor.py:836} INFO - DAG(s) dict_keys(['tutorial_dag']) retrieved from /home/airflow/.local/lib/python3.7/site-packages/airflow/example_dags/tutorial_dag.py
[2024-11-01T18:35:22.078+0000] {logging_mixin.py:150} INFO - [2024-11-01T18:35:22.078+0000] {dag.py:2742} INFO - Sync 1 DAGs
[2024-11-01T18:35:22.095+0000] {logging_mixin.py:150} INFO - [2024-11-01T18:35:22.095+0000] {dag.py:3508} INFO - Setting next_dagrun for tutorial_dag to None, run_after=None
[2024-11-01T18:35:22.106+0000] {processor.py:179} INFO - Processing /home/airflow/.local/lib/python3.7/site-packages/airflow/example_dags/tutorial_dag.py took 0.050 seconds
[2024-11-01T18:35:53.069+0000] {processor.py:157} INFO - Started process (PID=1748) to work on /home/airflow/.local/lib/python3.7/site-packages/airflow/example_dags/tutorial_dag.py
[2024-11-01T18:35:53.070+0000] {processor.py:826} INFO - Processing file /home/airflow/.local/lib/python3.7/site-packages/airflow/example_dags/tutorial_dag.py for tasks to queue
[2024-11-01T18:35:53.071+0000] {logging_mixin.py:150} INFO - [2024-11-01T18:35:53.071+0000] {dagbag.py:541} INFO - Filling up the DagBag from /home/airflow/.local/lib/python3.7/site-packages/airflow/example_dags/tutorial_dag.py
[2024-11-01T18:35:53.076+0000] {processor.py:836} INFO - DAG(s) dict_keys(['tutorial_dag']) retrieved from /home/airflow/.local/lib/python3.7/site-packages/airflow/example_dags/tutorial_dag.py
[2024-11-01T18:35:53.098+0000] {logging_mixin.py:150} INFO - [2024-11-01T18:35:53.098+0000] {dag.py:2742} INFO - Sync 1 DAGs
[2024-11-01T18:35:53.122+0000] {logging_mixin.py:150} INFO - [2024-11-01T18:35:53.122+0000] {dag.py:3508} INFO - Setting next_dagrun for tutorial_dag to None, run_after=None
[2024-11-01T18:35:53.145+0000] {processor.py:179} INFO - Processing /home/airflow/.local/lib/python3.7/site-packages/airflow/example_dags/tutorial_dag.py took 0.081 seconds
[2024-11-01T18:36:25.553+0000] {processor.py:157} INFO - Started process (PID=1810) to work on /home/airflow/.local/lib/python3.7/site-packages/airflow/example_dags/tutorial_dag.py
[2024-11-01T18:36:25.556+0000] {processor.py:826} INFO - Processing file /home/airflow/.local/lib/python3.7/site-packages/airflow/example_dags/tutorial_dag.py for tasks to queue
[2024-11-01T18:36:25.556+0000] {logging_mixin.py:150} INFO - [2024-11-01T18:36:25.556+0000] {dagbag.py:541} INFO - Filling up the DagBag from /home/airflow/.local/lib/python3.7/site-packages/airflow/example_dags/tutorial_dag.py
[2024-11-01T18:36:25.563+0000] {processor.py:836} INFO - DAG(s) dict_keys(['tutorial_dag']) retrieved from /home/airflow/.local/lib/python3.7/site-packages/airflow/example_dags/tutorial_dag.py
[2024-11-01T18:36:25.595+0000] {logging_mixin.py:150} INFO - [2024-11-01T18:36:25.594+0000] {dag.py:2742} INFO - Sync 1 DAGs
[2024-11-01T18:36:25.625+0000] {logging_mixin.py:150} INFO - [2024-11-01T18:36:25.625+0000] {dag.py:3508} INFO - Setting next_dagrun for tutorial_dag to None, run_after=None
[2024-11-01T18:36:25.638+0000] {processor.py:179} INFO - Processing /home/airflow/.local/lib/python3.7/site-packages/airflow/example_dags/tutorial_dag.py took 0.089 seconds
[2024-11-01T18:36:56.218+0000] {processor.py:157} INFO - Started process (PID=1872) to work on /home/airflow/.local/lib/python3.7/site-packages/airflow/example_dags/tutorial_dag.py
[2024-11-01T18:36:56.218+0000] {processor.py:826} INFO - Processing file /home/airflow/.local/lib/python3.7/site-packages/airflow/example_dags/tutorial_dag.py for tasks to queue
[2024-11-01T18:36:56.218+0000] {logging_mixin.py:150} INFO - [2024-11-01T18:36:56.218+0000] {dagbag.py:541} INFO - Filling up the DagBag from /home/airflow/.local/lib/python3.7/site-packages/airflow/example_dags/tutorial_dag.py
[2024-11-01T18:36:56.221+0000] {processor.py:836} INFO - DAG(s) dict_keys(['tutorial_dag']) retrieved from /home/airflow/.local/lib/python3.7/site-packages/airflow/example_dags/tutorial_dag.py
[2024-11-01T18:36:56.256+0000] {logging_mixin.py:150} INFO - [2024-11-01T18:36:56.255+0000] {dag.py:2742} INFO - Sync 1 DAGs
[2024-11-01T18:36:56.278+0000] {logging_mixin.py:150} INFO - [2024-11-01T18:36:56.277+0000] {dag.py:3508} INFO - Setting next_dagrun for tutorial_dag to None, run_after=None
[2024-11-01T18:36:56.288+0000] {processor.py:179} INFO - Processing /home/airflow/.local/lib/python3.7/site-packages/airflow/example_dags/tutorial_dag.py took 0.072 seconds
[2024-11-01T18:37:26.592+0000] {processor.py:157} INFO - Started process (PID=1933) to work on /home/airflow/.local/lib/python3.7/site-packages/airflow/example_dags/tutorial_dag.py
[2024-11-01T18:37:26.593+0000] {processor.py:826} INFO - Processing file /home/airflow/.local/lib/python3.7/site-packages/airflow/example_dags/tutorial_dag.py for tasks to queue
[2024-11-01T18:37:26.593+0000] {logging_mixin.py:150} INFO - [2024-11-01T18:37:26.593+0000] {dagbag.py:541} INFO - Filling up the DagBag from /home/airflow/.local/lib/python3.7/site-packages/airflow/example_dags/tutorial_dag.py
[2024-11-01T18:37:26.599+0000] {processor.py:836} INFO - DAG(s) dict_keys(['tutorial_dag']) retrieved from /home/airflow/.local/lib/python3.7/site-packages/airflow/example_dags/tutorial_dag.py
[2024-11-01T18:37:26.613+0000] {logging_mixin.py:150} INFO - [2024-11-01T18:37:26.613+0000] {dag.py:2742} INFO - Sync 1 DAGs
[2024-11-01T18:37:26.631+0000] {logging_mixin.py:150} INFO - [2024-11-01T18:37:26.631+0000] {dag.py:3508} INFO - Setting next_dagrun for tutorial_dag to None, run_after=None
[2024-11-01T18:37:26.640+0000] {processor.py:179} INFO - Processing /home/airflow/.local/lib/python3.7/site-packages/airflow/example_dags/tutorial_dag.py took 0.052 seconds
[2024-11-01T18:38:00.637+0000] {processor.py:157} INFO - Started process (PID=1995) to work on /home/airflow/.local/lib/python3.7/site-packages/airflow/example_dags/tutorial_dag.py
[2024-11-01T18:38:00.646+0000] {processor.py:826} INFO - Processing file /home/airflow/.local/lib/python3.7/site-packages/airflow/example_dags/tutorial_dag.py for tasks to queue
[2024-11-01T18:38:00.659+0000] {logging_mixin.py:150} INFO - [2024-11-01T18:38:00.656+0000] {dagbag.py:541} INFO - Filling up the DagBag from /home/airflow/.local/lib/python3.7/site-packages/airflow/example_dags/tutorial_dag.py
[2024-11-01T18:38:00.713+0000] {processor.py:836} INFO - DAG(s) dict_keys(['tutorial_dag']) retrieved from /home/airflow/.local/lib/python3.7/site-packages/airflow/example_dags/tutorial_dag.py
[2024-11-01T18:38:00.780+0000] {logging_mixin.py:150} INFO - [2024-11-01T18:38:00.780+0000] {dag.py:2742} INFO - Sync 1 DAGs
[2024-11-01T18:38:00.809+0000] {logging_mixin.py:150} INFO - [2024-11-01T18:38:00.809+0000] {dag.py:3508} INFO - Setting next_dagrun for tutorial_dag to None, run_after=None
[2024-11-01T18:38:00.848+0000] {processor.py:179} INFO - Processing /home/airflow/.local/lib/python3.7/site-packages/airflow/example_dags/tutorial_dag.py took 0.246 seconds
[2024-11-01T18:38:31.006+0000] {processor.py:157} INFO - Started process (PID=2057) to work on /home/airflow/.local/lib/python3.7/site-packages/airflow/example_dags/tutorial_dag.py
[2024-11-01T18:38:31.006+0000] {processor.py:826} INFO - Processing file /home/airflow/.local/lib/python3.7/site-packages/airflow/example_dags/tutorial_dag.py for tasks to queue
[2024-11-01T18:38:31.006+0000] {logging_mixin.py:150} INFO - [2024-11-01T18:38:31.006+0000] {dagbag.py:541} INFO - Filling up the DagBag from /home/airflow/.local/lib/python3.7/site-packages/airflow/example_dags/tutorial_dag.py
[2024-11-01T18:38:31.009+0000] {processor.py:836} INFO - DAG(s) dict_keys(['tutorial_dag']) retrieved from /home/airflow/.local/lib/python3.7/site-packages/airflow/example_dags/tutorial_dag.py
[2024-11-01T18:38:31.020+0000] {logging_mixin.py:150} INFO - [2024-11-01T18:38:31.020+0000] {dag.py:2742} INFO - Sync 1 DAGs
[2024-11-01T18:38:31.032+0000] {logging_mixin.py:150} INFO - [2024-11-01T18:38:31.032+0000] {dag.py:3508} INFO - Setting next_dagrun for tutorial_dag to None, run_after=None
[2024-11-01T18:38:31.040+0000] {processor.py:179} INFO - Processing /home/airflow/.local/lib/python3.7/site-packages/airflow/example_dags/tutorial_dag.py took 0.036 seconds
[2024-11-01T18:39:01.594+0000] {processor.py:157} INFO - Started process (PID=2119) to work on /home/airflow/.local/lib/python3.7/site-packages/airflow/example_dags/tutorial_dag.py
[2024-11-01T18:39:01.595+0000] {processor.py:826} INFO - Processing file /home/airflow/.local/lib/python3.7/site-packages/airflow/example_dags/tutorial_dag.py for tasks to queue
[2024-11-01T18:39:01.596+0000] {logging_mixin.py:150} INFO - [2024-11-01T18:39:01.595+0000] {dagbag.py:541} INFO - Filling up the DagBag from /home/airflow/.local/lib/python3.7/site-packages/airflow/example_dags/tutorial_dag.py
[2024-11-01T18:39:01.599+0000] {processor.py:836} INFO - DAG(s) dict_keys(['tutorial_dag']) retrieved from /home/airflow/.local/lib/python3.7/site-packages/airflow/example_dags/tutorial_dag.py
[2024-11-01T18:39:01.611+0000] {logging_mixin.py:150} INFO - [2024-11-01T18:39:01.611+0000] {dag.py:2742} INFO - Sync 1 DAGs
[2024-11-01T18:39:01.623+0000] {logging_mixin.py:150} INFO - [2024-11-01T18:39:01.623+0000] {dag.py:3508} INFO - Setting next_dagrun for tutorial_dag to None, run_after=None
[2024-11-01T18:39:01.631+0000] {processor.py:179} INFO - Processing /home/airflow/.local/lib/python3.7/site-packages/airflow/example_dags/tutorial_dag.py took 0.042 seconds
[2024-11-01T18:39:32.377+0000] {processor.py:157} INFO - Started process (PID=2180) to work on /home/airflow/.local/lib/python3.7/site-packages/airflow/example_dags/tutorial_dag.py
[2024-11-01T18:39:32.378+0000] {processor.py:826} INFO - Processing file /home/airflow/.local/lib/python3.7/site-packages/airflow/example_dags/tutorial_dag.py for tasks to queue
[2024-11-01T18:39:32.379+0000] {logging_mixin.py:150} INFO - [2024-11-01T18:39:32.378+0000] {dagbag.py:541} INFO - Filling up the DagBag from /home/airflow/.local/lib/python3.7/site-packages/airflow/example_dags/tutorial_dag.py
[2024-11-01T18:39:32.383+0000] {processor.py:836} INFO - DAG(s) dict_keys(['tutorial_dag']) retrieved from /home/airflow/.local/lib/python3.7/site-packages/airflow/example_dags/tutorial_dag.py
[2024-11-01T18:39:32.402+0000] {logging_mixin.py:150} INFO - [2024-11-01T18:39:32.401+0000] {dag.py:2742} INFO - Sync 1 DAGs
[2024-11-01T18:39:32.419+0000] {logging_mixin.py:150} INFO - [2024-11-01T18:39:32.419+0000] {dag.py:3508} INFO - Setting next_dagrun for tutorial_dag to None, run_after=None
[2024-11-01T18:39:32.435+0000] {processor.py:179} INFO - Processing /home/airflow/.local/lib/python3.7/site-packages/airflow/example_dags/tutorial_dag.py took 0.063 seconds
[2024-11-01T18:40:02.596+0000] {processor.py:157} INFO - Started process (PID=2242) to work on /home/airflow/.local/lib/python3.7/site-packages/airflow/example_dags/tutorial_dag.py
[2024-11-01T18:40:02.598+0000] {processor.py:826} INFO - Processing file /home/airflow/.local/lib/python3.7/site-packages/airflow/example_dags/tutorial_dag.py for tasks to queue
[2024-11-01T18:40:02.599+0000] {logging_mixin.py:150} INFO - [2024-11-01T18:40:02.599+0000] {dagbag.py:541} INFO - Filling up the DagBag from /home/airflow/.local/lib/python3.7/site-packages/airflow/example_dags/tutorial_dag.py
[2024-11-01T18:40:02.602+0000] {processor.py:836} INFO - DAG(s) dict_keys(['tutorial_dag']) retrieved from /home/airflow/.local/lib/python3.7/site-packages/airflow/example_dags/tutorial_dag.py
[2024-11-01T18:40:02.621+0000] {logging_mixin.py:150} INFO - [2024-11-01T18:40:02.621+0000] {dag.py:2742} INFO - Sync 1 DAGs
[2024-11-01T18:40:02.635+0000] {logging_mixin.py:150} INFO - [2024-11-01T18:40:02.635+0000] {dag.py:3508} INFO - Setting next_dagrun for tutorial_dag to None, run_after=None
[2024-11-01T18:40:02.645+0000] {processor.py:179} INFO - Processing /home/airflow/.local/lib/python3.7/site-packages/airflow/example_dags/tutorial_dag.py took 0.057 seconds
[2024-11-01T18:40:33.095+0000] {processor.py:157} INFO - Started process (PID=2304) to work on /home/airflow/.local/lib/python3.7/site-packages/airflow/example_dags/tutorial_dag.py
[2024-11-01T18:40:33.096+0000] {processor.py:826} INFO - Processing file /home/airflow/.local/lib/python3.7/site-packages/airflow/example_dags/tutorial_dag.py for tasks to queue
[2024-11-01T18:40:33.096+0000] {logging_mixin.py:150} INFO - [2024-11-01T18:40:33.096+0000] {dagbag.py:541} INFO - Filling up the DagBag from /home/airflow/.local/lib/python3.7/site-packages/airflow/example_dags/tutorial_dag.py
[2024-11-01T18:40:33.099+0000] {processor.py:836} INFO - DAG(s) dict_keys(['tutorial_dag']) retrieved from /home/airflow/.local/lib/python3.7/site-packages/airflow/example_dags/tutorial_dag.py
[2024-11-01T18:40:33.112+0000] {logging_mixin.py:150} INFO - [2024-11-01T18:40:33.112+0000] {dag.py:2742} INFO - Sync 1 DAGs
[2024-11-01T18:40:33.124+0000] {logging_mixin.py:150} INFO - [2024-11-01T18:40:33.124+0000] {dag.py:3508} INFO - Setting next_dagrun for tutorial_dag to None, run_after=None
[2024-11-01T18:40:33.132+0000] {processor.py:179} INFO - Processing /home/airflow/.local/lib/python3.7/site-packages/airflow/example_dags/tutorial_dag.py took 0.040 seconds
[2024-11-01T18:41:03.742+0000] {processor.py:157} INFO - Started process (PID=2366) to work on /home/airflow/.local/lib/python3.7/site-packages/airflow/example_dags/tutorial_dag.py
[2024-11-01T18:41:03.743+0000] {processor.py:826} INFO - Processing file /home/airflow/.local/lib/python3.7/site-packages/airflow/example_dags/tutorial_dag.py for tasks to queue
[2024-11-01T18:41:03.744+0000] {logging_mixin.py:150} INFO - [2024-11-01T18:41:03.743+0000] {dagbag.py:541} INFO - Filling up the DagBag from /home/airflow/.local/lib/python3.7/site-packages/airflow/example_dags/tutorial_dag.py
[2024-11-01T18:41:03.747+0000] {processor.py:836} INFO - DAG(s) dict_keys(['tutorial_dag']) retrieved from /home/airflow/.local/lib/python3.7/site-packages/airflow/example_dags/tutorial_dag.py
[2024-11-01T18:41:03.764+0000] {logging_mixin.py:150} INFO - [2024-11-01T18:41:03.764+0000] {dag.py:2742} INFO - Sync 1 DAGs
[2024-11-01T18:41:03.783+0000] {logging_mixin.py:150} INFO - [2024-11-01T18:41:03.782+0000] {dag.py:3508} INFO - Setting next_dagrun for tutorial_dag to None, run_after=None
[2024-11-01T18:41:03.796+0000] {processor.py:179} INFO - Processing /home/airflow/.local/lib/python3.7/site-packages/airflow/example_dags/tutorial_dag.py took 0.056 seconds
[2024-11-01T18:41:33.826+0000] {processor.py:157} INFO - Started process (PID=2428) to work on /home/airflow/.local/lib/python3.7/site-packages/airflow/example_dags/tutorial_dag.py
[2024-11-01T18:41:33.827+0000] {processor.py:826} INFO - Processing file /home/airflow/.local/lib/python3.7/site-packages/airflow/example_dags/tutorial_dag.py for tasks to queue
[2024-11-01T18:41:33.827+0000] {logging_mixin.py:150} INFO - [2024-11-01T18:41:33.827+0000] {dagbag.py:541} INFO - Filling up the DagBag from /home/airflow/.local/lib/python3.7/site-packages/airflow/example_dags/tutorial_dag.py
[2024-11-01T18:41:33.834+0000] {processor.py:836} INFO - DAG(s) dict_keys(['tutorial_dag']) retrieved from /home/airflow/.local/lib/python3.7/site-packages/airflow/example_dags/tutorial_dag.py
[2024-11-01T18:41:33.850+0000] {logging_mixin.py:150} INFO - [2024-11-01T18:41:33.850+0000] {dag.py:2742} INFO - Sync 1 DAGs
[2024-11-01T18:41:33.866+0000] {logging_mixin.py:150} INFO - [2024-11-01T18:41:33.866+0000] {dag.py:3508} INFO - Setting next_dagrun for tutorial_dag to None, run_after=None
[2024-11-01T18:41:33.878+0000] {processor.py:179} INFO - Processing /home/airflow/.local/lib/python3.7/site-packages/airflow/example_dags/tutorial_dag.py took 0.057 seconds
[2024-11-01T18:42:05.204+0000] {processor.py:157} INFO - Started process (PID=2490) to work on /home/airflow/.local/lib/python3.7/site-packages/airflow/example_dags/tutorial_dag.py
[2024-11-01T18:42:05.206+0000] {processor.py:826} INFO - Processing file /home/airflow/.local/lib/python3.7/site-packages/airflow/example_dags/tutorial_dag.py for tasks to queue
[2024-11-01T18:42:05.207+0000] {logging_mixin.py:150} INFO - [2024-11-01T18:42:05.207+0000] {dagbag.py:541} INFO - Filling up the DagBag from /home/airflow/.local/lib/python3.7/site-packages/airflow/example_dags/tutorial_dag.py
[2024-11-01T18:42:05.211+0000] {processor.py:836} INFO - DAG(s) dict_keys(['tutorial_dag']) retrieved from /home/airflow/.local/lib/python3.7/site-packages/airflow/example_dags/tutorial_dag.py
[2024-11-01T18:42:05.238+0000] {logging_mixin.py:150} INFO - [2024-11-01T18:42:05.238+0000] {dag.py:2742} INFO - Sync 1 DAGs
[2024-11-01T18:42:07.124+0000] {logging_mixin.py:150} INFO - [2024-11-01T18:42:07.124+0000] {dag.py:3508} INFO - Setting next_dagrun for tutorial_dag to None, run_after=None
[2024-11-01T18:42:07.143+0000] {processor.py:179} INFO - Processing /home/airflow/.local/lib/python3.7/site-packages/airflow/example_dags/tutorial_dag.py took 1.944 seconds
[2024-11-01T18:42:37.241+0000] {processor.py:157} INFO - Started process (PID=2552) to work on /home/airflow/.local/lib/python3.7/site-packages/airflow/example_dags/tutorial_dag.py
[2024-11-01T18:42:37.243+0000] {processor.py:826} INFO - Processing file /home/airflow/.local/lib/python3.7/site-packages/airflow/example_dags/tutorial_dag.py for tasks to queue
[2024-11-01T18:42:37.244+0000] {logging_mixin.py:150} INFO - [2024-11-01T18:42:37.243+0000] {dagbag.py:541} INFO - Filling up the DagBag from /home/airflow/.local/lib/python3.7/site-packages/airflow/example_dags/tutorial_dag.py
[2024-11-01T18:42:37.255+0000] {processor.py:836} INFO - DAG(s) dict_keys(['tutorial_dag']) retrieved from /home/airflow/.local/lib/python3.7/site-packages/airflow/example_dags/tutorial_dag.py
[2024-11-01T18:42:37.322+0000] {logging_mixin.py:150} INFO - [2024-11-01T18:42:37.322+0000] {dag.py:2742} INFO - Sync 1 DAGs
[2024-11-01T18:42:37.359+0000] {logging_mixin.py:150} INFO - [2024-11-01T18:42:37.359+0000] {dag.py:3508} INFO - Setting next_dagrun for tutorial_dag to None, run_after=None
[2024-11-01T18:42:37.391+0000] {processor.py:179} INFO - Processing /home/airflow/.local/lib/python3.7/site-packages/airflow/example_dags/tutorial_dag.py took 0.161 seconds
[2024-11-01T18:43:10.719+0000] {processor.py:157} INFO - Started process (PID=2605) to work on /home/airflow/.local/lib/python3.7/site-packages/airflow/example_dags/tutorial_dag.py
[2024-11-01T18:43:10.728+0000] {processor.py:826} INFO - Processing file /home/airflow/.local/lib/python3.7/site-packages/airflow/example_dags/tutorial_dag.py for tasks to queue
[2024-11-01T18:43:10.730+0000] {logging_mixin.py:150} INFO - [2024-11-01T18:43:10.730+0000] {dagbag.py:541} INFO - Filling up the DagBag from /home/airflow/.local/lib/python3.7/site-packages/airflow/example_dags/tutorial_dag.py
[2024-11-01T18:43:10.740+0000] {processor.py:836} INFO - DAG(s) dict_keys(['tutorial_dag']) retrieved from /home/airflow/.local/lib/python3.7/site-packages/airflow/example_dags/tutorial_dag.py
[2024-11-01T18:43:10.765+0000] {logging_mixin.py:150} INFO - [2024-11-01T18:43:10.765+0000] {dag.py:2742} INFO - Sync 1 DAGs
[2024-11-01T18:43:10.799+0000] {logging_mixin.py:150} INFO - [2024-11-01T18:43:10.799+0000] {dag.py:3508} INFO - Setting next_dagrun for tutorial_dag to None, run_after=None
[2024-11-01T18:43:10.818+0000] {processor.py:179} INFO - Processing /home/airflow/.local/lib/python3.7/site-packages/airflow/example_dags/tutorial_dag.py took 0.126 seconds
[2024-11-01T18:43:41.701+0000] {processor.py:157} INFO - Started process (PID=2674) to work on /home/airflow/.local/lib/python3.7/site-packages/airflow/example_dags/tutorial_dag.py
[2024-11-01T18:43:41.702+0000] {processor.py:826} INFO - Processing file /home/airflow/.local/lib/python3.7/site-packages/airflow/example_dags/tutorial_dag.py for tasks to queue
[2024-11-01T18:43:41.702+0000] {logging_mixin.py:150} INFO - [2024-11-01T18:43:41.702+0000] {dagbag.py:541} INFO - Filling up the DagBag from /home/airflow/.local/lib/python3.7/site-packages/airflow/example_dags/tutorial_dag.py
[2024-11-01T18:43:41.705+0000] {processor.py:836} INFO - DAG(s) dict_keys(['tutorial_dag']) retrieved from /home/airflow/.local/lib/python3.7/site-packages/airflow/example_dags/tutorial_dag.py
[2024-11-01T18:43:41.716+0000] {logging_mixin.py:150} INFO - [2024-11-01T18:43:41.716+0000] {dag.py:2742} INFO - Sync 1 DAGs
[2024-11-01T18:43:41.728+0000] {logging_mixin.py:150} INFO - [2024-11-01T18:43:41.727+0000] {dag.py:3508} INFO - Setting next_dagrun for tutorial_dag to None, run_after=None
[2024-11-01T18:43:41.735+0000] {processor.py:179} INFO - Processing /home/airflow/.local/lib/python3.7/site-packages/airflow/example_dags/tutorial_dag.py took 0.037 seconds
[2024-11-01T18:44:11.910+0000] {processor.py:157} INFO - Started process (PID=2736) to work on /home/airflow/.local/lib/python3.7/site-packages/airflow/example_dags/tutorial_dag.py
[2024-11-01T18:44:11.911+0000] {processor.py:826} INFO - Processing file /home/airflow/.local/lib/python3.7/site-packages/airflow/example_dags/tutorial_dag.py for tasks to queue
[2024-11-01T18:44:11.912+0000] {logging_mixin.py:150} INFO - [2024-11-01T18:44:11.912+0000] {dagbag.py:541} INFO - Filling up the DagBag from /home/airflow/.local/lib/python3.7/site-packages/airflow/example_dags/tutorial_dag.py
[2024-11-01T18:44:11.918+0000] {processor.py:836} INFO - DAG(s) dict_keys(['tutorial_dag']) retrieved from /home/airflow/.local/lib/python3.7/site-packages/airflow/example_dags/tutorial_dag.py
[2024-11-01T18:44:11.941+0000] {logging_mixin.py:150} INFO - [2024-11-01T18:44:11.941+0000] {dag.py:2742} INFO - Sync 1 DAGs
[2024-11-01T18:44:11.960+0000] {logging_mixin.py:150} INFO - [2024-11-01T18:44:11.959+0000] {dag.py:3508} INFO - Setting next_dagrun for tutorial_dag to None, run_after=None
[2024-11-01T18:44:11.971+0000] {processor.py:179} INFO - Processing /home/airflow/.local/lib/python3.7/site-packages/airflow/example_dags/tutorial_dag.py took 0.075 seconds
[2024-11-01T18:44:42.201+0000] {processor.py:157} INFO - Started process (PID=2798) to work on /home/airflow/.local/lib/python3.7/site-packages/airflow/example_dags/tutorial_dag.py
[2024-11-01T18:44:42.202+0000] {processor.py:826} INFO - Processing file /home/airflow/.local/lib/python3.7/site-packages/airflow/example_dags/tutorial_dag.py for tasks to queue
[2024-11-01T18:44:42.202+0000] {logging_mixin.py:150} INFO - [2024-11-01T18:44:42.202+0000] {dagbag.py:541} INFO - Filling up the DagBag from /home/airflow/.local/lib/python3.7/site-packages/airflow/example_dags/tutorial_dag.py
[2024-11-01T18:44:42.205+0000] {processor.py:836} INFO - DAG(s) dict_keys(['tutorial_dag']) retrieved from /home/airflow/.local/lib/python3.7/site-packages/airflow/example_dags/tutorial_dag.py
[2024-11-01T18:44:42.218+0000] {logging_mixin.py:150} INFO - [2024-11-01T18:44:42.218+0000] {dag.py:2742} INFO - Sync 1 DAGs
[2024-11-01T18:44:42.229+0000] {logging_mixin.py:150} INFO - [2024-11-01T18:44:42.229+0000] {dag.py:3508} INFO - Setting next_dagrun for tutorial_dag to None, run_after=None
[2024-11-01T18:44:42.236+0000] {processor.py:179} INFO - Processing /home/airflow/.local/lib/python3.7/site-packages/airflow/example_dags/tutorial_dag.py took 0.037 seconds
[2024-11-01T18:45:12.561+0000] {processor.py:157} INFO - Started process (PID=2856) to work on /home/airflow/.local/lib/python3.7/site-packages/airflow/example_dags/tutorial_dag.py
[2024-11-01T18:45:12.565+0000] {processor.py:826} INFO - Processing file /home/airflow/.local/lib/python3.7/site-packages/airflow/example_dags/tutorial_dag.py for tasks to queue
[2024-11-01T18:45:12.566+0000] {logging_mixin.py:150} INFO - [2024-11-01T18:45:12.565+0000] {dagbag.py:541} INFO - Filling up the DagBag from /home/airflow/.local/lib/python3.7/site-packages/airflow/example_dags/tutorial_dag.py
[2024-11-01T18:45:12.568+0000] {processor.py:836} INFO - DAG(s) dict_keys(['tutorial_dag']) retrieved from /home/airflow/.local/lib/python3.7/site-packages/airflow/example_dags/tutorial_dag.py
[2024-11-01T18:45:12.588+0000] {logging_mixin.py:150} INFO - [2024-11-01T18:45:12.588+0000] {dag.py:2742} INFO - Sync 1 DAGs
[2024-11-01T18:45:12.605+0000] {logging_mixin.py:150} INFO - [2024-11-01T18:45:12.605+0000] {dag.py:3508} INFO - Setting next_dagrun for tutorial_dag to None, run_after=None
[2024-11-01T18:45:12.618+0000] {processor.py:179} INFO - Processing /home/airflow/.local/lib/python3.7/site-packages/airflow/example_dags/tutorial_dag.py took 0.059 seconds
[2024-11-01T18:45:43.302+0000] {processor.py:157} INFO - Started process (PID=2918) to work on /home/airflow/.local/lib/python3.7/site-packages/airflow/example_dags/tutorial_dag.py
[2024-11-01T18:45:43.305+0000] {processor.py:826} INFO - Processing file /home/airflow/.local/lib/python3.7/site-packages/airflow/example_dags/tutorial_dag.py for tasks to queue
[2024-11-01T18:45:43.306+0000] {logging_mixin.py:150} INFO - [2024-11-01T18:45:43.306+0000] {dagbag.py:541} INFO - Filling up the DagBag from /home/airflow/.local/lib/python3.7/site-packages/airflow/example_dags/tutorial_dag.py
[2024-11-01T18:45:43.310+0000] {processor.py:836} INFO - DAG(s) dict_keys(['tutorial_dag']) retrieved from /home/airflow/.local/lib/python3.7/site-packages/airflow/example_dags/tutorial_dag.py
[2024-11-01T18:45:43.326+0000] {logging_mixin.py:150} INFO - [2024-11-01T18:45:43.325+0000] {dag.py:2742} INFO - Sync 1 DAGs
[2024-11-01T18:45:43.341+0000] {logging_mixin.py:150} INFO - [2024-11-01T18:45:43.341+0000] {dag.py:3508} INFO - Setting next_dagrun for tutorial_dag to None, run_after=None
[2024-11-01T18:45:43.352+0000] {processor.py:179} INFO - Processing /home/airflow/.local/lib/python3.7/site-packages/airflow/example_dags/tutorial_dag.py took 0.055 seconds
[2024-11-01T18:46:13.991+0000] {processor.py:157} INFO - Started process (PID=2978) to work on /home/airflow/.local/lib/python3.7/site-packages/airflow/example_dags/tutorial_dag.py
[2024-11-01T18:46:13.992+0000] {processor.py:826} INFO - Processing file /home/airflow/.local/lib/python3.7/site-packages/airflow/example_dags/tutorial_dag.py for tasks to queue
[2024-11-01T18:46:13.994+0000] {logging_mixin.py:150} INFO - [2024-11-01T18:46:13.993+0000] {dagbag.py:541} INFO - Filling up the DagBag from /home/airflow/.local/lib/python3.7/site-packages/airflow/example_dags/tutorial_dag.py
[2024-11-01T18:46:14.001+0000] {processor.py:836} INFO - DAG(s) dict_keys(['tutorial_dag']) retrieved from /home/airflow/.local/lib/python3.7/site-packages/airflow/example_dags/tutorial_dag.py
[2024-11-01T18:46:14.021+0000] {logging_mixin.py:150} INFO - [2024-11-01T18:46:14.021+0000] {dag.py:2742} INFO - Sync 1 DAGs
[2024-11-01T18:46:14.038+0000] {logging_mixin.py:150} INFO - [2024-11-01T18:46:14.038+0000] {dag.py:3508} INFO - Setting next_dagrun for tutorial_dag to None, run_after=None
[2024-11-01T18:46:14.053+0000] {processor.py:179} INFO - Processing /home/airflow/.local/lib/python3.7/site-packages/airflow/example_dags/tutorial_dag.py took 0.065 seconds
[2024-11-01T18:46:45.221+0000] {processor.py:157} INFO - Started process (PID=3040) to work on /home/airflow/.local/lib/python3.7/site-packages/airflow/example_dags/tutorial_dag.py
[2024-11-01T18:46:45.222+0000] {processor.py:826} INFO - Processing file /home/airflow/.local/lib/python3.7/site-packages/airflow/example_dags/tutorial_dag.py for tasks to queue
[2024-11-01T18:46:45.223+0000] {logging_mixin.py:150} INFO - [2024-11-01T18:46:45.222+0000] {dagbag.py:541} INFO - Filling up the DagBag from /home/airflow/.local/lib/python3.7/site-packages/airflow/example_dags/tutorial_dag.py
[2024-11-01T18:46:45.229+0000] {processor.py:836} INFO - DAG(s) dict_keys(['tutorial_dag']) retrieved from /home/airflow/.local/lib/python3.7/site-packages/airflow/example_dags/tutorial_dag.py
[2024-11-01T18:46:45.249+0000] {logging_mixin.py:150} INFO - [2024-11-01T18:46:45.249+0000] {dag.py:2742} INFO - Sync 1 DAGs
[2024-11-01T18:46:45.273+0000] {logging_mixin.py:150} INFO - [2024-11-01T18:46:45.273+0000] {dag.py:3508} INFO - Setting next_dagrun for tutorial_dag to None, run_after=None
[2024-11-01T18:46:45.286+0000] {processor.py:179} INFO - Processing /home/airflow/.local/lib/python3.7/site-packages/airflow/example_dags/tutorial_dag.py took 0.067 seconds
[2024-11-01T18:47:15.408+0000] {processor.py:157} INFO - Started process (PID=3102) to work on /home/airflow/.local/lib/python3.7/site-packages/airflow/example_dags/tutorial_dag.py
[2024-11-01T18:47:15.409+0000] {processor.py:826} INFO - Processing file /home/airflow/.local/lib/python3.7/site-packages/airflow/example_dags/tutorial_dag.py for tasks to queue
[2024-11-01T18:47:15.410+0000] {logging_mixin.py:150} INFO - [2024-11-01T18:47:15.410+0000] {dagbag.py:541} INFO - Filling up the DagBag from /home/airflow/.local/lib/python3.7/site-packages/airflow/example_dags/tutorial_dag.py
[2024-11-01T18:47:15.417+0000] {processor.py:836} INFO - DAG(s) dict_keys(['tutorial_dag']) retrieved from /home/airflow/.local/lib/python3.7/site-packages/airflow/example_dags/tutorial_dag.py
[2024-11-01T18:47:15.435+0000] {logging_mixin.py:150} INFO - [2024-11-01T18:47:15.434+0000] {dag.py:2742} INFO - Sync 1 DAGs
[2024-11-01T18:47:15.452+0000] {logging_mixin.py:150} INFO - [2024-11-01T18:47:15.452+0000] {dag.py:3508} INFO - Setting next_dagrun for tutorial_dag to None, run_after=None
[2024-11-01T18:47:15.469+0000] {processor.py:179} INFO - Processing /home/airflow/.local/lib/python3.7/site-packages/airflow/example_dags/tutorial_dag.py took 0.063 seconds
[2024-11-01T18:47:46.670+0000] {processor.py:157} INFO - Started process (PID=3165) to work on /home/airflow/.local/lib/python3.7/site-packages/airflow/example_dags/tutorial_dag.py
[2024-11-01T18:47:46.671+0000] {processor.py:826} INFO - Processing file /home/airflow/.local/lib/python3.7/site-packages/airflow/example_dags/tutorial_dag.py for tasks to queue
[2024-11-01T18:47:46.672+0000] {logging_mixin.py:150} INFO - [2024-11-01T18:47:46.672+0000] {dagbag.py:541} INFO - Filling up the DagBag from /home/airflow/.local/lib/python3.7/site-packages/airflow/example_dags/tutorial_dag.py
[2024-11-01T18:47:46.675+0000] {processor.py:836} INFO - DAG(s) dict_keys(['tutorial_dag']) retrieved from /home/airflow/.local/lib/python3.7/site-packages/airflow/example_dags/tutorial_dag.py
[2024-11-01T18:47:46.709+0000] {logging_mixin.py:150} INFO - [2024-11-01T18:47:46.709+0000] {dag.py:2742} INFO - Sync 1 DAGs
[2024-11-01T18:47:46.739+0000] {logging_mixin.py:150} INFO - [2024-11-01T18:47:46.738+0000] {dag.py:3508} INFO - Setting next_dagrun for tutorial_dag to None, run_after=None
[2024-11-01T18:47:46.759+0000] {processor.py:179} INFO - Processing /home/airflow/.local/lib/python3.7/site-packages/airflow/example_dags/tutorial_dag.py took 0.092 seconds
[2024-11-01T18:48:17.078+0000] {processor.py:157} INFO - Started process (PID=3227) to work on /home/airflow/.local/lib/python3.7/site-packages/airflow/example_dags/tutorial_dag.py
[2024-11-01T18:48:17.081+0000] {processor.py:826} INFO - Processing file /home/airflow/.local/lib/python3.7/site-packages/airflow/example_dags/tutorial_dag.py for tasks to queue
[2024-11-01T18:48:17.082+0000] {logging_mixin.py:150} INFO - [2024-11-01T18:48:17.082+0000] {dagbag.py:541} INFO - Filling up the DagBag from /home/airflow/.local/lib/python3.7/site-packages/airflow/example_dags/tutorial_dag.py
[2024-11-01T18:48:17.089+0000] {processor.py:836} INFO - DAG(s) dict_keys(['tutorial_dag']) retrieved from /home/airflow/.local/lib/python3.7/site-packages/airflow/example_dags/tutorial_dag.py
[2024-11-01T18:48:17.151+0000] {logging_mixin.py:150} INFO - [2024-11-01T18:48:17.151+0000] {dag.py:2742} INFO - Sync 1 DAGs
[2024-11-01T18:48:17.187+0000] {logging_mixin.py:150} INFO - [2024-11-01T18:48:17.187+0000] {dag.py:3508} INFO - Setting next_dagrun for tutorial_dag to None, run_after=None
[2024-11-01T18:48:17.209+0000] {processor.py:179} INFO - Processing /home/airflow/.local/lib/python3.7/site-packages/airflow/example_dags/tutorial_dag.py took 0.137 seconds
[2024-11-01T18:48:48.119+0000] {processor.py:157} INFO - Started process (PID=3289) to work on /home/airflow/.local/lib/python3.7/site-packages/airflow/example_dags/tutorial_dag.py
[2024-11-01T18:48:48.120+0000] {processor.py:826} INFO - Processing file /home/airflow/.local/lib/python3.7/site-packages/airflow/example_dags/tutorial_dag.py for tasks to queue
[2024-11-01T18:48:48.121+0000] {logging_mixin.py:150} INFO - [2024-11-01T18:48:48.121+0000] {dagbag.py:541} INFO - Filling up the DagBag from /home/airflow/.local/lib/python3.7/site-packages/airflow/example_dags/tutorial_dag.py
[2024-11-01T18:48:48.124+0000] {processor.py:836} INFO - DAG(s) dict_keys(['tutorial_dag']) retrieved from /home/airflow/.local/lib/python3.7/site-packages/airflow/example_dags/tutorial_dag.py
[2024-11-01T18:48:48.143+0000] {logging_mixin.py:150} INFO - [2024-11-01T18:48:48.143+0000] {dag.py:2742} INFO - Sync 1 DAGs
[2024-11-01T18:48:48.162+0000] {logging_mixin.py:150} INFO - [2024-11-01T18:48:48.162+0000] {dag.py:3508} INFO - Setting next_dagrun for tutorial_dag to None, run_after=None
[2024-11-01T18:48:48.175+0000] {processor.py:179} INFO - Processing /home/airflow/.local/lib/python3.7/site-packages/airflow/example_dags/tutorial_dag.py took 0.059 seconds
[2024-11-01T18:49:19.919+0000] {processor.py:157} INFO - Started process (PID=3351) to work on /home/airflow/.local/lib/python3.7/site-packages/airflow/example_dags/tutorial_dag.py
[2024-11-01T18:49:19.920+0000] {processor.py:826} INFO - Processing file /home/airflow/.local/lib/python3.7/site-packages/airflow/example_dags/tutorial_dag.py for tasks to queue
[2024-11-01T18:49:19.927+0000] {logging_mixin.py:150} INFO - [2024-11-01T18:49:19.926+0000] {dagbag.py:541} INFO - Filling up the DagBag from /home/airflow/.local/lib/python3.7/site-packages/airflow/example_dags/tutorial_dag.py
[2024-11-01T18:49:19.952+0000] {processor.py:836} INFO - DAG(s) dict_keys(['tutorial_dag']) retrieved from /home/airflow/.local/lib/python3.7/site-packages/airflow/example_dags/tutorial_dag.py
[2024-11-01T18:49:19.995+0000] {logging_mixin.py:150} INFO - [2024-11-01T18:49:19.995+0000] {dag.py:2742} INFO - Sync 1 DAGs
[2024-11-01T18:49:20.039+0000] {logging_mixin.py:150} INFO - [2024-11-01T18:49:20.039+0000] {dag.py:3508} INFO - Setting next_dagrun for tutorial_dag to None, run_after=None
[2024-11-01T18:49:20.067+0000] {processor.py:179} INFO - Processing /home/airflow/.local/lib/python3.7/site-packages/airflow/example_dags/tutorial_dag.py took 0.153 seconds
[2024-11-01T18:49:50.671+0000] {processor.py:157} INFO - Started process (PID=3413) to work on /home/airflow/.local/lib/python3.7/site-packages/airflow/example_dags/tutorial_dag.py
[2024-11-01T18:49:50.672+0000] {processor.py:826} INFO - Processing file /home/airflow/.local/lib/python3.7/site-packages/airflow/example_dags/tutorial_dag.py for tasks to queue
[2024-11-01T18:49:50.672+0000] {logging_mixin.py:150} INFO - [2024-11-01T18:49:50.672+0000] {dagbag.py:541} INFO - Filling up the DagBag from /home/airflow/.local/lib/python3.7/site-packages/airflow/example_dags/tutorial_dag.py
[2024-11-01T18:49:50.676+0000] {processor.py:836} INFO - DAG(s) dict_keys(['tutorial_dag']) retrieved from /home/airflow/.local/lib/python3.7/site-packages/airflow/example_dags/tutorial_dag.py
[2024-11-01T18:49:50.700+0000] {logging_mixin.py:150} INFO - [2024-11-01T18:49:50.700+0000] {dag.py:2742} INFO - Sync 1 DAGs
[2024-11-01T18:49:50.712+0000] {logging_mixin.py:150} INFO - [2024-11-01T18:49:50.712+0000] {dag.py:3508} INFO - Setting next_dagrun for tutorial_dag to None, run_after=None
[2024-11-01T18:49:50.720+0000] {processor.py:179} INFO - Processing /home/airflow/.local/lib/python3.7/site-packages/airflow/example_dags/tutorial_dag.py took 0.051 seconds
[2024-11-01T18:50:21.091+0000] {processor.py:157} INFO - Started process (PID=3475) to work on /home/airflow/.local/lib/python3.7/site-packages/airflow/example_dags/tutorial_dag.py
[2024-11-01T18:50:21.092+0000] {processor.py:826} INFO - Processing file /home/airflow/.local/lib/python3.7/site-packages/airflow/example_dags/tutorial_dag.py for tasks to queue
[2024-11-01T18:50:21.093+0000] {logging_mixin.py:150} INFO - [2024-11-01T18:50:21.092+0000] {dagbag.py:541} INFO - Filling up the DagBag from /home/airflow/.local/lib/python3.7/site-packages/airflow/example_dags/tutorial_dag.py
[2024-11-01T18:50:21.099+0000] {processor.py:836} INFO - DAG(s) dict_keys(['tutorial_dag']) retrieved from /home/airflow/.local/lib/python3.7/site-packages/airflow/example_dags/tutorial_dag.py
[2024-11-01T18:50:21.123+0000] {logging_mixin.py:150} INFO - [2024-11-01T18:50:21.123+0000] {dag.py:2742} INFO - Sync 1 DAGs
[2024-11-01T18:50:21.142+0000] {logging_mixin.py:150} INFO - [2024-11-01T18:50:21.142+0000] {dag.py:3508} INFO - Setting next_dagrun for tutorial_dag to None, run_after=None
[2024-11-01T18:50:21.252+0000] {processor.py:179} INFO - Processing /home/airflow/.local/lib/python3.7/site-packages/airflow/example_dags/tutorial_dag.py took 0.171 seconds
[2024-11-01T18:50:52.168+0000] {processor.py:157} INFO - Started process (PID=3537) to work on /home/airflow/.local/lib/python3.7/site-packages/airflow/example_dags/tutorial_dag.py
[2024-11-01T18:50:52.170+0000] {processor.py:826} INFO - Processing file /home/airflow/.local/lib/python3.7/site-packages/airflow/example_dags/tutorial_dag.py for tasks to queue
[2024-11-01T18:50:52.171+0000] {logging_mixin.py:150} INFO - [2024-11-01T18:50:52.171+0000] {dagbag.py:541} INFO - Filling up the DagBag from /home/airflow/.local/lib/python3.7/site-packages/airflow/example_dags/tutorial_dag.py
[2024-11-01T18:50:52.182+0000] {processor.py:836} INFO - DAG(s) dict_keys(['tutorial_dag']) retrieved from /home/airflow/.local/lib/python3.7/site-packages/airflow/example_dags/tutorial_dag.py
[2024-11-01T18:50:52.218+0000] {logging_mixin.py:150} INFO - [2024-11-01T18:50:52.218+0000] {dag.py:2742} INFO - Sync 1 DAGs
[2024-11-01T18:50:52.243+0000] {logging_mixin.py:150} INFO - [2024-11-01T18:50:52.243+0000] {dag.py:3508} INFO - Setting next_dagrun for tutorial_dag to None, run_after=None
[2024-11-01T18:50:52.263+0000] {processor.py:179} INFO - Processing /home/airflow/.local/lib/python3.7/site-packages/airflow/example_dags/tutorial_dag.py took 0.104 seconds
[2024-11-01T18:51:23.449+0000] {processor.py:157} INFO - Started process (PID=3599) to work on /home/airflow/.local/lib/python3.7/site-packages/airflow/example_dags/tutorial_dag.py
[2024-11-01T18:51:23.449+0000] {processor.py:826} INFO - Processing file /home/airflow/.local/lib/python3.7/site-packages/airflow/example_dags/tutorial_dag.py for tasks to queue
[2024-11-01T18:51:23.450+0000] {logging_mixin.py:150} INFO - [2024-11-01T18:51:23.450+0000] {dagbag.py:541} INFO - Filling up the DagBag from /home/airflow/.local/lib/python3.7/site-packages/airflow/example_dags/tutorial_dag.py
[2024-11-01T18:51:23.453+0000] {processor.py:836} INFO - DAG(s) dict_keys(['tutorial_dag']) retrieved from /home/airflow/.local/lib/python3.7/site-packages/airflow/example_dags/tutorial_dag.py
[2024-11-01T18:51:23.477+0000] {logging_mixin.py:150} INFO - [2024-11-01T18:51:23.477+0000] {dag.py:2742} INFO - Sync 1 DAGs
[2024-11-01T18:51:23.496+0000] {logging_mixin.py:150} INFO - [2024-11-01T18:51:23.496+0000] {dag.py:3508} INFO - Setting next_dagrun for tutorial_dag to None, run_after=None
[2024-11-01T18:51:23.512+0000] {processor.py:179} INFO - Processing /home/airflow/.local/lib/python3.7/site-packages/airflow/example_dags/tutorial_dag.py took 0.065 seconds
[2024-11-01T18:51:53.559+0000] {processor.py:157} INFO - Started process (PID=3661) to work on /home/airflow/.local/lib/python3.7/site-packages/airflow/example_dags/tutorial_dag.py
[2024-11-01T18:51:53.562+0000] {processor.py:826} INFO - Processing file /home/airflow/.local/lib/python3.7/site-packages/airflow/example_dags/tutorial_dag.py for tasks to queue
[2024-11-01T18:51:53.563+0000] {logging_mixin.py:150} INFO - [2024-11-01T18:51:53.563+0000] {dagbag.py:541} INFO - Filling up the DagBag from /home/airflow/.local/lib/python3.7/site-packages/airflow/example_dags/tutorial_dag.py
[2024-11-01T18:51:53.568+0000] {processor.py:836} INFO - DAG(s) dict_keys(['tutorial_dag']) retrieved from /home/airflow/.local/lib/python3.7/site-packages/airflow/example_dags/tutorial_dag.py
[2024-11-01T18:51:53.581+0000] {logging_mixin.py:150} INFO - [2024-11-01T18:51:53.581+0000] {dag.py:2742} INFO - Sync 1 DAGs
[2024-11-01T18:51:53.595+0000] {logging_mixin.py:150} INFO - [2024-11-01T18:51:53.594+0000] {dag.py:3508} INFO - Setting next_dagrun for tutorial_dag to None, run_after=None
[2024-11-01T18:51:53.608+0000] {processor.py:179} INFO - Processing /home/airflow/.local/lib/python3.7/site-packages/airflow/example_dags/tutorial_dag.py took 0.051 seconds
[2024-11-01T18:52:23.739+0000] {processor.py:157} INFO - Started process (PID=3723) to work on /home/airflow/.local/lib/python3.7/site-packages/airflow/example_dags/tutorial_dag.py
[2024-11-01T18:52:23.743+0000] {processor.py:826} INFO - Processing file /home/airflow/.local/lib/python3.7/site-packages/airflow/example_dags/tutorial_dag.py for tasks to queue
[2024-11-01T18:52:23.744+0000] {logging_mixin.py:150} INFO - [2024-11-01T18:52:23.744+0000] {dagbag.py:541} INFO - Filling up the DagBag from /home/airflow/.local/lib/python3.7/site-packages/airflow/example_dags/tutorial_dag.py
[2024-11-01T18:52:23.748+0000] {processor.py:836} INFO - DAG(s) dict_keys(['tutorial_dag']) retrieved from /home/airflow/.local/lib/python3.7/site-packages/airflow/example_dags/tutorial_dag.py
[2024-11-01T18:52:23.772+0000] {logging_mixin.py:150} INFO - [2024-11-01T18:52:23.772+0000] {dag.py:2742} INFO - Sync 1 DAGs
[2024-11-01T18:52:23.787+0000] {logging_mixin.py:150} INFO - [2024-11-01T18:52:23.787+0000] {dag.py:3508} INFO - Setting next_dagrun for tutorial_dag to None, run_after=None
[2024-11-01T18:52:23.799+0000] {processor.py:179} INFO - Processing /home/airflow/.local/lib/python3.7/site-packages/airflow/example_dags/tutorial_dag.py took 0.063 seconds
