[2024-11-01T18:12:07.353+0000] {processor.py:157} INFO - Started process (PID=82) to work on /home/airflow/.local/lib/python3.7/site-packages/airflow/example_dags/tutorial.py
[2024-11-01T18:12:07.368+0000] {processor.py:826} INFO - Processing file /home/airflow/.local/lib/python3.7/site-packages/airflow/example_dags/tutorial.py for tasks to queue
[2024-11-01T18:12:07.369+0000] {logging_mixin.py:150} INFO - [2024-11-01T18:12:07.369+0000] {dagbag.py:541} INFO - Filling up the DagBag from /home/airflow/.local/lib/python3.7/site-packages/airflow/example_dags/tutorial.py
[2024-11-01T18:12:07.376+0000] {processor.py:836} INFO - DAG(s) dict_keys(['tutorial']) retrieved from /home/airflow/.local/lib/python3.7/site-packages/airflow/example_dags/tutorial.py
[2024-11-01T18:12:07.447+0000] {logging_mixin.py:150} INFO - [2024-11-01T18:12:07.447+0000] {dag.py:2742} INFO - Sync 1 DAGs
[2024-11-01T18:12:07.466+0000] {logging_mixin.py:150} INFO - [2024-11-01T18:12:07.465+0000] {dag.py:3508} INFO - Setting next_dagrun for tutorial to 2024-10-31T18:12:07.465728+00:00, run_after=2024-11-01T18:12:07.465728+00:00
[2024-11-01T18:12:07.496+0000] {processor.py:179} INFO - Processing /home/airflow/.local/lib/python3.7/site-packages/airflow/example_dags/tutorial.py took 0.191 seconds
[2024-11-01T18:12:58.089+0000] {processor.py:157} INFO - Started process (PID=144) to work on /home/airflow/.local/lib/python3.7/site-packages/airflow/example_dags/tutorial.py
[2024-11-01T18:12:58.091+0000] {processor.py:826} INFO - Processing file /home/airflow/.local/lib/python3.7/site-packages/airflow/example_dags/tutorial.py for tasks to queue
[2024-11-01T18:12:58.092+0000] {logging_mixin.py:150} INFO - [2024-11-01T18:12:58.092+0000] {dagbag.py:541} INFO - Filling up the DagBag from /home/airflow/.local/lib/python3.7/site-packages/airflow/example_dags/tutorial.py
[2024-11-01T18:12:58.097+0000] {processor.py:836} INFO - DAG(s) dict_keys(['tutorial']) retrieved from /home/airflow/.local/lib/python3.7/site-packages/airflow/example_dags/tutorial.py
[2024-11-01T18:12:58.120+0000] {logging_mixin.py:150} INFO - [2024-11-01T18:12:58.120+0000] {dag.py:2742} INFO - Sync 1 DAGs
[2024-11-01T18:12:58.140+0000] {logging_mixin.py:150} INFO - [2024-11-01T18:12:58.140+0000] {dag.py:3508} INFO - Setting next_dagrun for tutorial to 2024-10-31T18:12:58.140620+00:00, run_after=2024-11-01T18:12:58.140620+00:00
[2024-11-01T18:12:58.155+0000] {processor.py:179} INFO - Processing /home/airflow/.local/lib/python3.7/site-packages/airflow/example_dags/tutorial.py took 0.069 seconds
[2024-11-01T18:13:47.158+0000] {processor.py:157} INFO - Started process (PID=220) to work on /home/airflow/.local/lib/python3.7/site-packages/airflow/example_dags/tutorial.py
[2024-11-01T18:13:47.224+0000] {processor.py:826} INFO - Processing file /home/airflow/.local/lib/python3.7/site-packages/airflow/example_dags/tutorial.py for tasks to queue
[2024-11-01T18:13:47.269+0000] {logging_mixin.py:150} INFO - [2024-11-01T18:13:47.236+0000] {dagbag.py:541} INFO - Filling up the DagBag from /home/airflow/.local/lib/python3.7/site-packages/airflow/example_dags/tutorial.py
[2024-11-01T18:13:48.832+0000] {processor.py:836} INFO - DAG(s) dict_keys(['tutorial']) retrieved from /home/airflow/.local/lib/python3.7/site-packages/airflow/example_dags/tutorial.py
[2024-11-01T18:14:05.301+0000] {logging_mixin.py:150} INFO - [2024-11-01T18:14:05.300+0000] {dag.py:2742} INFO - Sync 1 DAGs
[2024-11-01T18:14:06.628+0000] {logging_mixin.py:150} INFO - [2024-11-01T18:14:06.628+0000] {dag.py:3508} INFO - Setting next_dagrun for tutorial to 2024-10-31T18:14:06.581603+00:00, run_after=2024-11-01T18:14:06.581603+00:00
[2024-11-01T18:14:08.702+0000] {processor.py:179} INFO - Processing /home/airflow/.local/lib/python3.7/site-packages/airflow/example_dags/tutorial.py took 21.875 seconds
[2024-11-01T18:17:39.577+0000] {processor.py:157} INFO - Started process (PID=349) to work on /home/airflow/.local/lib/python3.7/site-packages/airflow/example_dags/tutorial.py
[2024-11-01T18:17:39.579+0000] {processor.py:826} INFO - Processing file /home/airflow/.local/lib/python3.7/site-packages/airflow/example_dags/tutorial.py for tasks to queue
[2024-11-01T18:17:39.580+0000] {logging_mixin.py:150} INFO - [2024-11-01T18:17:39.580+0000] {dagbag.py:541} INFO - Filling up the DagBag from /home/airflow/.local/lib/python3.7/site-packages/airflow/example_dags/tutorial.py
[2024-11-01T18:17:39.630+0000] {processor.py:836} INFO - DAG(s) dict_keys(['tutorial']) retrieved from /home/airflow/.local/lib/python3.7/site-packages/airflow/example_dags/tutorial.py
[2024-11-01T18:17:39.729+0000] {logging_mixin.py:150} INFO - [2024-11-01T18:17:39.728+0000] {dag.py:2742} INFO - Sync 1 DAGs
[2024-11-01T18:17:39.802+0000] {logging_mixin.py:150} INFO - [2024-11-01T18:17:39.802+0000] {dag.py:3508} INFO - Setting next_dagrun for tutorial to 2024-10-31T18:17:39.801506+00:00, run_after=2024-11-01T18:17:39.801506+00:00
[2024-11-01T18:17:39.868+0000] {processor.py:179} INFO - Processing /home/airflow/.local/lib/python3.7/site-packages/airflow/example_dags/tutorial.py took 0.295 seconds
[2024-11-01T18:18:48.134+0000] {processor.py:157} INFO - Started process (PID=448) to work on /home/airflow/.local/lib/python3.7/site-packages/airflow/example_dags/tutorial.py
[2024-11-01T18:18:48.152+0000] {processor.py:826} INFO - Processing file /home/airflow/.local/lib/python3.7/site-packages/airflow/example_dags/tutorial.py for tasks to queue
[2024-11-01T18:18:48.169+0000] {logging_mixin.py:150} INFO - [2024-11-01T18:18:48.165+0000] {dagbag.py:541} INFO - Filling up the DagBag from /home/airflow/.local/lib/python3.7/site-packages/airflow/example_dags/tutorial.py
[2024-11-01T18:18:48.399+0000] {processor.py:836} INFO - DAG(s) dict_keys(['tutorial']) retrieved from /home/airflow/.local/lib/python3.7/site-packages/airflow/example_dags/tutorial.py
[2024-11-01T18:18:48.909+0000] {logging_mixin.py:150} INFO - [2024-11-01T18:18:48.909+0000] {dag.py:2742} INFO - Sync 1 DAGs
[2024-11-01T18:18:49.122+0000] {logging_mixin.py:150} INFO - [2024-11-01T18:18:49.122+0000] {dag.py:3508} INFO - Setting next_dagrun for tutorial to 2024-10-31T18:18:49.116906+00:00, run_after=2024-11-01T18:18:49.116906+00:00
[2024-11-01T18:18:49.335+0000] {processor.py:179} INFO - Processing /home/airflow/.local/lib/python3.7/site-packages/airflow/example_dags/tutorial.py took 1.321 seconds
[2024-11-01T18:19:25.124+0000] {processor.py:157} INFO - Started process (PID=508) to work on /home/airflow/.local/lib/python3.7/site-packages/airflow/example_dags/tutorial.py
[2024-11-01T18:19:25.134+0000] {processor.py:826} INFO - Processing file /home/airflow/.local/lib/python3.7/site-packages/airflow/example_dags/tutorial.py for tasks to queue
[2024-11-01T18:19:25.135+0000] {logging_mixin.py:150} INFO - [2024-11-01T18:19:25.135+0000] {dagbag.py:541} INFO - Filling up the DagBag from /home/airflow/.local/lib/python3.7/site-packages/airflow/example_dags/tutorial.py
[2024-11-01T18:19:25.155+0000] {processor.py:836} INFO - DAG(s) dict_keys(['tutorial']) retrieved from /home/airflow/.local/lib/python3.7/site-packages/airflow/example_dags/tutorial.py
[2024-11-01T18:19:25.251+0000] {logging_mixin.py:150} INFO - [2024-11-01T18:19:25.251+0000] {dag.py:2742} INFO - Sync 1 DAGs
[2024-11-01T18:19:25.349+0000] {logging_mixin.py:150} INFO - [2024-11-01T18:19:25.348+0000] {dag.py:3508} INFO - Setting next_dagrun for tutorial to 2024-10-31T18:19:25.347932+00:00, run_after=2024-11-01T18:19:25.347932+00:00
[2024-11-01T18:19:25.423+0000] {processor.py:179} INFO - Processing /home/airflow/.local/lib/python3.7/site-packages/airflow/example_dags/tutorial.py took 0.367 seconds
[2024-11-01T18:20:23.496+0000] {processor.py:157} INFO - Started process (PID=606) to work on /home/airflow/.local/lib/python3.7/site-packages/airflow/example_dags/tutorial.py
[2024-11-01T18:20:23.501+0000] {processor.py:826} INFO - Processing file /home/airflow/.local/lib/python3.7/site-packages/airflow/example_dags/tutorial.py for tasks to queue
[2024-11-01T18:20:23.504+0000] {logging_mixin.py:150} INFO - [2024-11-01T18:20:23.504+0000] {dagbag.py:541} INFO - Filling up the DagBag from /home/airflow/.local/lib/python3.7/site-packages/airflow/example_dags/tutorial.py
[2024-11-01T18:20:23.788+0000] {processor.py:836} INFO - DAG(s) dict_keys(['tutorial']) retrieved from /home/airflow/.local/lib/python3.7/site-packages/airflow/example_dags/tutorial.py
[2024-11-01T18:20:23.853+0000] {logging_mixin.py:150} INFO - [2024-11-01T18:20:23.853+0000] {dag.py:2742} INFO - Sync 1 DAGs
[2024-11-01T18:20:24.003+0000] {logging_mixin.py:150} INFO - [2024-11-01T18:20:24.003+0000] {dag.py:3508} INFO - Setting next_dagrun for tutorial to 2024-10-31T18:20:23.999790+00:00, run_after=2024-11-01T18:20:23.999790+00:00
[2024-11-01T18:20:24.168+0000] {processor.py:179} INFO - Processing /home/airflow/.local/lib/python3.7/site-packages/airflow/example_dags/tutorial.py took 0.679 seconds
[2024-11-01T18:23:51.277+0000] {processor.py:157} INFO - Started process (PID=741) to work on /home/airflow/.local/lib/python3.7/site-packages/airflow/example_dags/tutorial.py
[2024-11-01T18:23:51.294+0000] {processor.py:826} INFO - Processing file /home/airflow/.local/lib/python3.7/site-packages/airflow/example_dags/tutorial.py for tasks to queue
[2024-11-01T18:23:51.299+0000] {logging_mixin.py:150} INFO - [2024-11-01T18:23:51.297+0000] {dagbag.py:541} INFO - Filling up the DagBag from /home/airflow/.local/lib/python3.7/site-packages/airflow/example_dags/tutorial.py
[2024-11-01T18:23:53.108+0000] {processor.py:836} INFO - DAG(s) dict_keys(['tutorial']) retrieved from /home/airflow/.local/lib/python3.7/site-packages/airflow/example_dags/tutorial.py
[2024-11-01T18:23:53.756+0000] {logging_mixin.py:150} INFO - [2024-11-01T18:23:53.755+0000] {dag.py:2742} INFO - Sync 1 DAGs
[2024-11-01T18:23:54.691+0000] {logging_mixin.py:150} INFO - [2024-11-01T18:23:54.691+0000] {dag.py:3508} INFO - Setting next_dagrun for tutorial to 2024-10-31T18:23:54.690767+00:00, run_after=2024-11-01T18:23:54.690767+00:00
[2024-11-01T18:23:56.029+0000] {processor.py:179} INFO - Processing /home/airflow/.local/lib/python3.7/site-packages/airflow/example_dags/tutorial.py took 4.256 seconds
[2024-11-01T18:24:47.649+0000] {processor.py:157} INFO - Started process (PID=807) to work on /home/airflow/.local/lib/python3.7/site-packages/airflow/example_dags/tutorial.py
[2024-11-01T18:24:47.653+0000] {processor.py:826} INFO - Processing file /home/airflow/.local/lib/python3.7/site-packages/airflow/example_dags/tutorial.py for tasks to queue
[2024-11-01T18:24:47.655+0000] {logging_mixin.py:150} INFO - [2024-11-01T18:24:47.655+0000] {dagbag.py:541} INFO - Filling up the DagBag from /home/airflow/.local/lib/python3.7/site-packages/airflow/example_dags/tutorial.py
[2024-11-01T18:24:47.700+0000] {processor.py:836} INFO - DAG(s) dict_keys(['tutorial']) retrieved from /home/airflow/.local/lib/python3.7/site-packages/airflow/example_dags/tutorial.py
[2024-11-01T18:24:47.981+0000] {logging_mixin.py:150} INFO - [2024-11-01T18:24:47.977+0000] {dag.py:2742} INFO - Sync 1 DAGs
[2024-11-01T18:24:48.213+0000] {logging_mixin.py:150} INFO - [2024-11-01T18:24:48.213+0000] {dag.py:3508} INFO - Setting next_dagrun for tutorial to 2024-10-31T18:24:48.208778+00:00, run_after=2024-11-01T18:24:48.208778+00:00
[2024-11-01T18:24:48.307+0000] {processor.py:179} INFO - Processing /home/airflow/.local/lib/python3.7/site-packages/airflow/example_dags/tutorial.py took 0.727 seconds
[2024-11-01T18:25:50.080+0000] {processor.py:157} INFO - Started process (PID=869) to work on /home/airflow/.local/lib/python3.7/site-packages/airflow/example_dags/tutorial.py
[2024-11-01T18:25:50.090+0000] {processor.py:826} INFO - Processing file /home/airflow/.local/lib/python3.7/site-packages/airflow/example_dags/tutorial.py for tasks to queue
[2024-11-01T18:25:50.092+0000] {logging_mixin.py:150} INFO - [2024-11-01T18:25:50.091+0000] {dagbag.py:541} INFO - Filling up the DagBag from /home/airflow/.local/lib/python3.7/site-packages/airflow/example_dags/tutorial.py
[2024-11-01T18:25:50.128+0000] {processor.py:836} INFO - DAG(s) dict_keys(['tutorial']) retrieved from /home/airflow/.local/lib/python3.7/site-packages/airflow/example_dags/tutorial.py
[2024-11-01T18:25:50.233+0000] {logging_mixin.py:150} INFO - [2024-11-01T18:25:50.233+0000] {dag.py:2742} INFO - Sync 1 DAGs
[2024-11-01T18:25:50.416+0000] {logging_mixin.py:150} INFO - [2024-11-01T18:25:50.416+0000] {dag.py:3508} INFO - Setting next_dagrun for tutorial to 2024-10-31T18:25:50.415049+00:00, run_after=2024-11-01T18:25:50.415049+00:00
[2024-11-01T18:25:50.532+0000] {processor.py:179} INFO - Processing /home/airflow/.local/lib/python3.7/site-packages/airflow/example_dags/tutorial.py took 0.481 seconds
[2024-11-01T18:26:21.054+0000] {processor.py:157} INFO - Started process (PID=931) to work on /home/airflow/.local/lib/python3.7/site-packages/airflow/example_dags/tutorial.py
[2024-11-01T18:26:21.056+0000] {processor.py:826} INFO - Processing file /home/airflow/.local/lib/python3.7/site-packages/airflow/example_dags/tutorial.py for tasks to queue
[2024-11-01T18:26:21.057+0000] {logging_mixin.py:150} INFO - [2024-11-01T18:26:21.057+0000] {dagbag.py:541} INFO - Filling up the DagBag from /home/airflow/.local/lib/python3.7/site-packages/airflow/example_dags/tutorial.py
[2024-11-01T18:26:21.088+0000] {processor.py:836} INFO - DAG(s) dict_keys(['tutorial']) retrieved from /home/airflow/.local/lib/python3.7/site-packages/airflow/example_dags/tutorial.py
[2024-11-01T18:26:21.151+0000] {logging_mixin.py:150} INFO - [2024-11-01T18:26:21.151+0000] {dag.py:2742} INFO - Sync 1 DAGs
[2024-11-01T18:26:21.190+0000] {logging_mixin.py:150} INFO - [2024-11-01T18:26:21.189+0000] {dag.py:3508} INFO - Setting next_dagrun for tutorial to 2024-10-31T18:26:21.188931+00:00, run_after=2024-11-01T18:26:21.188931+00:00
[2024-11-01T18:26:21.214+0000] {processor.py:179} INFO - Processing /home/airflow/.local/lib/python3.7/site-packages/airflow/example_dags/tutorial.py took 0.165 seconds
[2024-11-01T18:26:51.937+0000] {processor.py:157} INFO - Started process (PID=993) to work on /home/airflow/.local/lib/python3.7/site-packages/airflow/example_dags/tutorial.py
[2024-11-01T18:26:51.938+0000] {processor.py:826} INFO - Processing file /home/airflow/.local/lib/python3.7/site-packages/airflow/example_dags/tutorial.py for tasks to queue
[2024-11-01T18:26:51.940+0000] {logging_mixin.py:150} INFO - [2024-11-01T18:26:51.940+0000] {dagbag.py:541} INFO - Filling up the DagBag from /home/airflow/.local/lib/python3.7/site-packages/airflow/example_dags/tutorial.py
[2024-11-01T18:26:51.950+0000] {processor.py:836} INFO - DAG(s) dict_keys(['tutorial']) retrieved from /home/airflow/.local/lib/python3.7/site-packages/airflow/example_dags/tutorial.py
[2024-11-01T18:26:51.969+0000] {logging_mixin.py:150} INFO - [2024-11-01T18:26:51.968+0000] {dag.py:2742} INFO - Sync 1 DAGs
[2024-11-01T18:26:51.983+0000] {logging_mixin.py:150} INFO - [2024-11-01T18:26:51.983+0000] {dag.py:3508} INFO - Setting next_dagrun for tutorial to 2024-10-31T18:26:51.982763+00:00, run_after=2024-11-01T18:26:51.982763+00:00
[2024-11-01T18:26:51.995+0000] {processor.py:179} INFO - Processing /home/airflow/.local/lib/python3.7/site-packages/airflow/example_dags/tutorial.py took 0.061 seconds
[2024-11-01T18:27:22.890+0000] {processor.py:157} INFO - Started process (PID=1055) to work on /home/airflow/.local/lib/python3.7/site-packages/airflow/example_dags/tutorial.py
[2024-11-01T18:27:22.899+0000] {processor.py:826} INFO - Processing file /home/airflow/.local/lib/python3.7/site-packages/airflow/example_dags/tutorial.py for tasks to queue
[2024-11-01T18:27:22.901+0000] {logging_mixin.py:150} INFO - [2024-11-01T18:27:22.900+0000] {dagbag.py:541} INFO - Filling up the DagBag from /home/airflow/.local/lib/python3.7/site-packages/airflow/example_dags/tutorial.py
[2024-11-01T18:27:22.951+0000] {processor.py:836} INFO - DAG(s) dict_keys(['tutorial']) retrieved from /home/airflow/.local/lib/python3.7/site-packages/airflow/example_dags/tutorial.py
[2024-11-01T18:27:22.993+0000] {logging_mixin.py:150} INFO - [2024-11-01T18:27:22.993+0000] {dag.py:2742} INFO - Sync 1 DAGs
[2024-11-01T18:27:23.045+0000] {logging_mixin.py:150} INFO - [2024-11-01T18:27:23.045+0000] {dag.py:3508} INFO - Setting next_dagrun for tutorial to 2024-10-31T18:27:23.044955+00:00, run_after=2024-11-01T18:27:23.044955+00:00
[2024-11-01T18:27:23.072+0000] {processor.py:179} INFO - Processing /home/airflow/.local/lib/python3.7/site-packages/airflow/example_dags/tutorial.py took 0.190 seconds
[2024-11-01T18:27:53.297+0000] {processor.py:157} INFO - Started process (PID=1117) to work on /home/airflow/.local/lib/python3.7/site-packages/airflow/example_dags/tutorial.py
[2024-11-01T18:27:53.305+0000] {processor.py:826} INFO - Processing file /home/airflow/.local/lib/python3.7/site-packages/airflow/example_dags/tutorial.py for tasks to queue
[2024-11-01T18:27:53.306+0000] {logging_mixin.py:150} INFO - [2024-11-01T18:27:53.306+0000] {dagbag.py:541} INFO - Filling up the DagBag from /home/airflow/.local/lib/python3.7/site-packages/airflow/example_dags/tutorial.py
[2024-11-01T18:27:53.320+0000] {processor.py:836} INFO - DAG(s) dict_keys(['tutorial']) retrieved from /home/airflow/.local/lib/python3.7/site-packages/airflow/example_dags/tutorial.py
[2024-11-01T18:27:53.340+0000] {logging_mixin.py:150} INFO - [2024-11-01T18:27:53.340+0000] {dag.py:2742} INFO - Sync 1 DAGs
[2024-11-01T18:27:53.373+0000] {logging_mixin.py:150} INFO - [2024-11-01T18:27:53.373+0000] {dag.py:3508} INFO - Setting next_dagrun for tutorial to 2024-10-31T18:27:53.372910+00:00, run_after=2024-11-01T18:27:53.372910+00:00
[2024-11-01T18:27:53.392+0000] {processor.py:179} INFO - Processing /home/airflow/.local/lib/python3.7/site-packages/airflow/example_dags/tutorial.py took 0.102 seconds
[2024-11-01T18:30:54.713+0000] {processor.py:157} INFO - Started process (PID=1155) to work on /home/airflow/.local/lib/python3.7/site-packages/airflow/example_dags/tutorial.py
[2024-11-01T18:30:54.714+0000] {processor.py:826} INFO - Processing file /home/airflow/.local/lib/python3.7/site-packages/airflow/example_dags/tutorial.py for tasks to queue
[2024-11-01T18:30:54.714+0000] {logging_mixin.py:150} INFO - [2024-11-01T18:30:54.714+0000] {dagbag.py:541} INFO - Filling up the DagBag from /home/airflow/.local/lib/python3.7/site-packages/airflow/example_dags/tutorial.py
[2024-11-01T18:30:54.722+0000] {processor.py:836} INFO - DAG(s) dict_keys(['tutorial']) retrieved from /home/airflow/.local/lib/python3.7/site-packages/airflow/example_dags/tutorial.py
[2024-11-01T18:30:54.739+0000] {logging_mixin.py:150} INFO - [2024-11-01T18:30:54.739+0000] {dag.py:2742} INFO - Sync 1 DAGs
[2024-11-01T18:30:54.753+0000] {logging_mixin.py:150} INFO - [2024-11-01T18:30:54.753+0000] {dag.py:3508} INFO - Setting next_dagrun for tutorial to 2024-10-31T18:30:54.753032+00:00, run_after=2024-11-01T18:30:54.753032+00:00
[2024-11-01T18:30:54.763+0000] {processor.py:179} INFO - Processing /home/airflow/.local/lib/python3.7/site-packages/airflow/example_dags/tutorial.py took 0.053 seconds
[2024-11-01T18:31:25.360+0000] {processor.py:157} INFO - Started process (PID=1217) to work on /home/airflow/.local/lib/python3.7/site-packages/airflow/example_dags/tutorial.py
[2024-11-01T18:31:25.361+0000] {processor.py:826} INFO - Processing file /home/airflow/.local/lib/python3.7/site-packages/airflow/example_dags/tutorial.py for tasks to queue
[2024-11-01T18:31:25.361+0000] {logging_mixin.py:150} INFO - [2024-11-01T18:31:25.361+0000] {dagbag.py:541} INFO - Filling up the DagBag from /home/airflow/.local/lib/python3.7/site-packages/airflow/example_dags/tutorial.py
[2024-11-01T18:31:25.366+0000] {processor.py:836} INFO - DAG(s) dict_keys(['tutorial']) retrieved from /home/airflow/.local/lib/python3.7/site-packages/airflow/example_dags/tutorial.py
[2024-11-01T18:31:25.379+0000] {logging_mixin.py:150} INFO - [2024-11-01T18:31:25.379+0000] {dag.py:2742} INFO - Sync 1 DAGs
[2024-11-01T18:31:25.393+0000] {logging_mixin.py:150} INFO - [2024-11-01T18:31:25.393+0000] {dag.py:3508} INFO - Setting next_dagrun for tutorial to 2024-10-31T18:31:25.393604+00:00, run_after=2024-11-01T18:31:25.393604+00:00
[2024-11-01T18:31:25.402+0000] {processor.py:179} INFO - Processing /home/airflow/.local/lib/python3.7/site-packages/airflow/example_dags/tutorial.py took 0.044 seconds
[2024-11-01T18:31:55.802+0000] {processor.py:157} INFO - Started process (PID=1279) to work on /home/airflow/.local/lib/python3.7/site-packages/airflow/example_dags/tutorial.py
[2024-11-01T18:31:55.803+0000] {processor.py:826} INFO - Processing file /home/airflow/.local/lib/python3.7/site-packages/airflow/example_dags/tutorial.py for tasks to queue
[2024-11-01T18:31:55.803+0000] {logging_mixin.py:150} INFO - [2024-11-01T18:31:55.803+0000] {dagbag.py:541} INFO - Filling up the DagBag from /home/airflow/.local/lib/python3.7/site-packages/airflow/example_dags/tutorial.py
[2024-11-01T18:31:55.807+0000] {processor.py:836} INFO - DAG(s) dict_keys(['tutorial']) retrieved from /home/airflow/.local/lib/python3.7/site-packages/airflow/example_dags/tutorial.py
[2024-11-01T18:31:55.821+0000] {logging_mixin.py:150} INFO - [2024-11-01T18:31:55.821+0000] {dag.py:2742} INFO - Sync 1 DAGs
[2024-11-01T18:31:55.835+0000] {logging_mixin.py:150} INFO - [2024-11-01T18:31:55.835+0000] {dag.py:3508} INFO - Setting next_dagrun for tutorial to 2024-10-31T18:31:55.835462+00:00, run_after=2024-11-01T18:31:55.835462+00:00
[2024-11-01T18:31:55.845+0000] {processor.py:179} INFO - Processing /home/airflow/.local/lib/python3.7/site-packages/airflow/example_dags/tutorial.py took 0.046 seconds
[2024-11-01T18:32:25.928+0000] {processor.py:157} INFO - Started process (PID=1340) to work on /home/airflow/.local/lib/python3.7/site-packages/airflow/example_dags/tutorial.py
[2024-11-01T18:32:25.929+0000] {processor.py:826} INFO - Processing file /home/airflow/.local/lib/python3.7/site-packages/airflow/example_dags/tutorial.py for tasks to queue
[2024-11-01T18:32:25.931+0000] {logging_mixin.py:150} INFO - [2024-11-01T18:32:25.930+0000] {dagbag.py:541} INFO - Filling up the DagBag from /home/airflow/.local/lib/python3.7/site-packages/airflow/example_dags/tutorial.py
[2024-11-01T18:32:25.935+0000] {processor.py:836} INFO - DAG(s) dict_keys(['tutorial']) retrieved from /home/airflow/.local/lib/python3.7/site-packages/airflow/example_dags/tutorial.py
[2024-11-01T18:32:25.950+0000] {logging_mixin.py:150} INFO - [2024-11-01T18:32:25.949+0000] {dag.py:2742} INFO - Sync 1 DAGs
[2024-11-01T18:32:25.964+0000] {logging_mixin.py:150} INFO - [2024-11-01T18:32:25.963+0000] {dag.py:3508} INFO - Setting next_dagrun for tutorial to 2024-10-31T18:32:25.963714+00:00, run_after=2024-11-01T18:32:25.963714+00:00
[2024-11-01T18:32:25.973+0000] {processor.py:179} INFO - Processing /home/airflow/.local/lib/python3.7/site-packages/airflow/example_dags/tutorial.py took 0.048 seconds
[2024-11-01T18:32:56.114+0000] {processor.py:157} INFO - Started process (PID=1401) to work on /home/airflow/.local/lib/python3.7/site-packages/airflow/example_dags/tutorial.py
[2024-11-01T18:32:56.115+0000] {processor.py:826} INFO - Processing file /home/airflow/.local/lib/python3.7/site-packages/airflow/example_dags/tutorial.py for tasks to queue
[2024-11-01T18:32:56.115+0000] {logging_mixin.py:150} INFO - [2024-11-01T18:32:56.115+0000] {dagbag.py:541} INFO - Filling up the DagBag from /home/airflow/.local/lib/python3.7/site-packages/airflow/example_dags/tutorial.py
[2024-11-01T18:32:56.122+0000] {processor.py:836} INFO - DAG(s) dict_keys(['tutorial']) retrieved from /home/airflow/.local/lib/python3.7/site-packages/airflow/example_dags/tutorial.py
[2024-11-01T18:32:56.138+0000] {logging_mixin.py:150} INFO - [2024-11-01T18:32:56.138+0000] {dag.py:2742} INFO - Sync 1 DAGs
[2024-11-01T18:32:56.164+0000] {logging_mixin.py:150} INFO - [2024-11-01T18:32:56.164+0000] {dag.py:3508} INFO - Setting next_dagrun for tutorial to 2024-10-31T18:32:56.164427+00:00, run_after=2024-11-01T18:32:56.164427+00:00
[2024-11-01T18:32:56.175+0000] {processor.py:179} INFO - Processing /home/airflow/.local/lib/python3.7/site-packages/airflow/example_dags/tutorial.py took 0.063 seconds
[2024-11-01T18:33:26.488+0000] {processor.py:157} INFO - Started process (PID=1463) to work on /home/airflow/.local/lib/python3.7/site-packages/airflow/example_dags/tutorial.py
[2024-11-01T18:33:26.491+0000] {processor.py:826} INFO - Processing file /home/airflow/.local/lib/python3.7/site-packages/airflow/example_dags/tutorial.py for tasks to queue
[2024-11-01T18:33:26.492+0000] {logging_mixin.py:150} INFO - [2024-11-01T18:33:26.492+0000] {dagbag.py:541} INFO - Filling up the DagBag from /home/airflow/.local/lib/python3.7/site-packages/airflow/example_dags/tutorial.py
[2024-11-01T18:33:26.498+0000] {processor.py:836} INFO - DAG(s) dict_keys(['tutorial']) retrieved from /home/airflow/.local/lib/python3.7/site-packages/airflow/example_dags/tutorial.py
[2024-11-01T18:33:26.513+0000] {logging_mixin.py:150} INFO - [2024-11-01T18:33:26.513+0000] {dag.py:2742} INFO - Sync 1 DAGs
[2024-11-01T18:33:26.526+0000] {logging_mixin.py:150} INFO - [2024-11-01T18:33:26.526+0000] {dag.py:3508} INFO - Setting next_dagrun for tutorial to 2024-10-31T18:33:26.526114+00:00, run_after=2024-11-01T18:33:26.526114+00:00
[2024-11-01T18:33:26.550+0000] {processor.py:179} INFO - Processing /home/airflow/.local/lib/python3.7/site-packages/airflow/example_dags/tutorial.py took 0.064 seconds
[2024-11-01T18:33:57.575+0000] {processor.py:157} INFO - Started process (PID=1525) to work on /home/airflow/.local/lib/python3.7/site-packages/airflow/example_dags/tutorial.py
[2024-11-01T18:33:57.576+0000] {processor.py:826} INFO - Processing file /home/airflow/.local/lib/python3.7/site-packages/airflow/example_dags/tutorial.py for tasks to queue
[2024-11-01T18:33:57.577+0000] {logging_mixin.py:150} INFO - [2024-11-01T18:33:57.577+0000] {dagbag.py:541} INFO - Filling up the DagBag from /home/airflow/.local/lib/python3.7/site-packages/airflow/example_dags/tutorial.py
[2024-11-01T18:33:57.582+0000] {processor.py:836} INFO - DAG(s) dict_keys(['tutorial']) retrieved from /home/airflow/.local/lib/python3.7/site-packages/airflow/example_dags/tutorial.py
[2024-11-01T18:33:57.598+0000] {logging_mixin.py:150} INFO - [2024-11-01T18:33:57.598+0000] {dag.py:2742} INFO - Sync 1 DAGs
[2024-11-01T18:33:57.613+0000] {logging_mixin.py:150} INFO - [2024-11-01T18:33:57.613+0000] {dag.py:3508} INFO - Setting next_dagrun for tutorial to 2024-10-31T18:33:57.613171+00:00, run_after=2024-11-01T18:33:57.613171+00:00
[2024-11-01T18:33:57.625+0000] {processor.py:179} INFO - Processing /home/airflow/.local/lib/python3.7/site-packages/airflow/example_dags/tutorial.py took 0.052 seconds
[2024-11-01T18:34:28.148+0000] {processor.py:157} INFO - Started process (PID=1587) to work on /home/airflow/.local/lib/python3.7/site-packages/airflow/example_dags/tutorial.py
[2024-11-01T18:34:28.148+0000] {processor.py:826} INFO - Processing file /home/airflow/.local/lib/python3.7/site-packages/airflow/example_dags/tutorial.py for tasks to queue
[2024-11-01T18:34:28.149+0000] {logging_mixin.py:150} INFO - [2024-11-01T18:34:28.149+0000] {dagbag.py:541} INFO - Filling up the DagBag from /home/airflow/.local/lib/python3.7/site-packages/airflow/example_dags/tutorial.py
[2024-11-01T18:34:28.153+0000] {processor.py:836} INFO - DAG(s) dict_keys(['tutorial']) retrieved from /home/airflow/.local/lib/python3.7/site-packages/airflow/example_dags/tutorial.py
[2024-11-01T18:34:28.166+0000] {logging_mixin.py:150} INFO - [2024-11-01T18:34:28.165+0000] {dag.py:2742} INFO - Sync 1 DAGs
[2024-11-01T18:34:28.179+0000] {logging_mixin.py:150} INFO - [2024-11-01T18:34:28.179+0000] {dag.py:3508} INFO - Setting next_dagrun for tutorial to 2024-10-31T18:34:28.178876+00:00, run_after=2024-11-01T18:34:28.178876+00:00
[2024-11-01T18:34:28.189+0000] {processor.py:179} INFO - Processing /home/airflow/.local/lib/python3.7/site-packages/airflow/example_dags/tutorial.py took 0.043 seconds
[2024-11-01T18:34:58.639+0000] {processor.py:157} INFO - Started process (PID=1649) to work on /home/airflow/.local/lib/python3.7/site-packages/airflow/example_dags/tutorial.py
[2024-11-01T18:34:58.640+0000] {processor.py:826} INFO - Processing file /home/airflow/.local/lib/python3.7/site-packages/airflow/example_dags/tutorial.py for tasks to queue
[2024-11-01T18:34:58.642+0000] {logging_mixin.py:150} INFO - [2024-11-01T18:34:58.641+0000] {dagbag.py:541} INFO - Filling up the DagBag from /home/airflow/.local/lib/python3.7/site-packages/airflow/example_dags/tutorial.py
[2024-11-01T18:34:58.647+0000] {processor.py:836} INFO - DAG(s) dict_keys(['tutorial']) retrieved from /home/airflow/.local/lib/python3.7/site-packages/airflow/example_dags/tutorial.py
[2024-11-01T18:34:58.662+0000] {logging_mixin.py:150} INFO - [2024-11-01T18:34:58.662+0000] {dag.py:2742} INFO - Sync 1 DAGs
[2024-11-01T18:34:58.677+0000] {logging_mixin.py:150} INFO - [2024-11-01T18:34:58.677+0000] {dag.py:3508} INFO - Setting next_dagrun for tutorial to 2024-10-31T18:34:58.677357+00:00, run_after=2024-11-01T18:34:58.677357+00:00
[2024-11-01T18:34:58.687+0000] {processor.py:179} INFO - Processing /home/airflow/.local/lib/python3.7/site-packages/airflow/example_dags/tutorial.py took 0.050 seconds
[2024-11-01T18:35:29.199+0000] {processor.py:157} INFO - Started process (PID=1711) to work on /home/airflow/.local/lib/python3.7/site-packages/airflow/example_dags/tutorial.py
[2024-11-01T18:35:29.201+0000] {processor.py:826} INFO - Processing file /home/airflow/.local/lib/python3.7/site-packages/airflow/example_dags/tutorial.py for tasks to queue
[2024-11-01T18:35:29.202+0000] {logging_mixin.py:150} INFO - [2024-11-01T18:35:29.202+0000] {dagbag.py:541} INFO - Filling up the DagBag from /home/airflow/.local/lib/python3.7/site-packages/airflow/example_dags/tutorial.py
[2024-11-01T18:35:29.205+0000] {processor.py:836} INFO - DAG(s) dict_keys(['tutorial']) retrieved from /home/airflow/.local/lib/python3.7/site-packages/airflow/example_dags/tutorial.py
[2024-11-01T18:35:29.225+0000] {logging_mixin.py:150} INFO - [2024-11-01T18:35:29.225+0000] {dag.py:2742} INFO - Sync 1 DAGs
[2024-11-01T18:35:29.245+0000] {logging_mixin.py:150} INFO - [2024-11-01T18:35:29.245+0000] {dag.py:3508} INFO - Setting next_dagrun for tutorial to 2024-10-31T18:35:29.245284+00:00, run_after=2024-11-01T18:35:29.245284+00:00
[2024-11-01T18:35:29.255+0000] {processor.py:179} INFO - Processing /home/airflow/.local/lib/python3.7/site-packages/airflow/example_dags/tutorial.py took 0.057 seconds
[2024-11-01T18:36:00.047+0000] {processor.py:157} INFO - Started process (PID=1773) to work on /home/airflow/.local/lib/python3.7/site-packages/airflow/example_dags/tutorial.py
[2024-11-01T18:36:00.049+0000] {processor.py:826} INFO - Processing file /home/airflow/.local/lib/python3.7/site-packages/airflow/example_dags/tutorial.py for tasks to queue
[2024-11-01T18:36:00.050+0000] {logging_mixin.py:150} INFO - [2024-11-01T18:36:00.050+0000] {dagbag.py:541} INFO - Filling up the DagBag from /home/airflow/.local/lib/python3.7/site-packages/airflow/example_dags/tutorial.py
[2024-11-01T18:36:00.059+0000] {processor.py:836} INFO - DAG(s) dict_keys(['tutorial']) retrieved from /home/airflow/.local/lib/python3.7/site-packages/airflow/example_dags/tutorial.py
[2024-11-01T18:36:00.786+0000] {logging_mixin.py:150} INFO - [2024-11-01T18:36:00.780+0000] {dag.py:2742} INFO - Sync 1 DAGs
[2024-11-01T18:36:01.602+0000] {logging_mixin.py:150} INFO - [2024-11-01T18:36:01.590+0000] {dag.py:3508} INFO - Setting next_dagrun for tutorial to 2024-10-31T18:36:01.578329+00:00, run_after=2024-11-01T18:36:01.578329+00:00
[2024-11-01T18:36:01.717+0000] {processor.py:179} INFO - Processing /home/airflow/.local/lib/python3.7/site-packages/airflow/example_dags/tutorial.py took 1.675 seconds
[2024-11-01T18:36:32.394+0000] {processor.py:157} INFO - Started process (PID=1835) to work on /home/airflow/.local/lib/python3.7/site-packages/airflow/example_dags/tutorial.py
[2024-11-01T18:36:32.395+0000] {processor.py:826} INFO - Processing file /home/airflow/.local/lib/python3.7/site-packages/airflow/example_dags/tutorial.py for tasks to queue
[2024-11-01T18:36:32.396+0000] {logging_mixin.py:150} INFO - [2024-11-01T18:36:32.396+0000] {dagbag.py:541} INFO - Filling up the DagBag from /home/airflow/.local/lib/python3.7/site-packages/airflow/example_dags/tutorial.py
[2024-11-01T18:36:32.402+0000] {processor.py:836} INFO - DAG(s) dict_keys(['tutorial']) retrieved from /home/airflow/.local/lib/python3.7/site-packages/airflow/example_dags/tutorial.py
[2024-11-01T18:36:32.424+0000] {logging_mixin.py:150} INFO - [2024-11-01T18:36:32.424+0000] {dag.py:2742} INFO - Sync 1 DAGs
[2024-11-01T18:36:32.451+0000] {logging_mixin.py:150} INFO - [2024-11-01T18:36:32.451+0000] {dag.py:3508} INFO - Setting next_dagrun for tutorial to 2024-10-31T18:36:32.450522+00:00, run_after=2024-11-01T18:36:32.450522+00:00
[2024-11-01T18:36:32.465+0000] {processor.py:179} INFO - Processing /home/airflow/.local/lib/python3.7/site-packages/airflow/example_dags/tutorial.py took 0.076 seconds
[2024-11-01T18:37:02.548+0000] {processor.py:157} INFO - Started process (PID=1897) to work on /home/airflow/.local/lib/python3.7/site-packages/airflow/example_dags/tutorial.py
[2024-11-01T18:37:02.550+0000] {processor.py:826} INFO - Processing file /home/airflow/.local/lib/python3.7/site-packages/airflow/example_dags/tutorial.py for tasks to queue
[2024-11-01T18:37:02.551+0000] {logging_mixin.py:150} INFO - [2024-11-01T18:37:02.550+0000] {dagbag.py:541} INFO - Filling up the DagBag from /home/airflow/.local/lib/python3.7/site-packages/airflow/example_dags/tutorial.py
[2024-11-01T18:37:02.560+0000] {processor.py:836} INFO - DAG(s) dict_keys(['tutorial']) retrieved from /home/airflow/.local/lib/python3.7/site-packages/airflow/example_dags/tutorial.py
[2024-11-01T18:37:02.583+0000] {logging_mixin.py:150} INFO - [2024-11-01T18:37:02.583+0000] {dag.py:2742} INFO - Sync 1 DAGs
[2024-11-01T18:37:02.603+0000] {logging_mixin.py:150} INFO - [2024-11-01T18:37:02.603+0000] {dag.py:3508} INFO - Setting next_dagrun for tutorial to 2024-10-31T18:37:02.603335+00:00, run_after=2024-11-01T18:37:02.603335+00:00
[2024-11-01T18:37:02.620+0000] {processor.py:179} INFO - Processing /home/airflow/.local/lib/python3.7/site-packages/airflow/example_dags/tutorial.py took 0.076 seconds
[2024-11-01T18:37:33.128+0000] {processor.py:157} INFO - Started process (PID=1958) to work on /home/airflow/.local/lib/python3.7/site-packages/airflow/example_dags/tutorial.py
[2024-11-01T18:37:33.130+0000] {processor.py:826} INFO - Processing file /home/airflow/.local/lib/python3.7/site-packages/airflow/example_dags/tutorial.py for tasks to queue
[2024-11-01T18:37:33.131+0000] {logging_mixin.py:150} INFO - [2024-11-01T18:37:33.131+0000] {dagbag.py:541} INFO - Filling up the DagBag from /home/airflow/.local/lib/python3.7/site-packages/airflow/example_dags/tutorial.py
[2024-11-01T18:37:33.141+0000] {processor.py:836} INFO - DAG(s) dict_keys(['tutorial']) retrieved from /home/airflow/.local/lib/python3.7/site-packages/airflow/example_dags/tutorial.py
[2024-11-01T18:37:33.167+0000] {logging_mixin.py:150} INFO - [2024-11-01T18:37:33.167+0000] {dag.py:2742} INFO - Sync 1 DAGs
[2024-11-01T18:37:33.185+0000] {logging_mixin.py:150} INFO - [2024-11-01T18:37:33.185+0000] {dag.py:3508} INFO - Setting next_dagrun for tutorial to 2024-10-31T18:37:33.185379+00:00, run_after=2024-11-01T18:37:33.185379+00:00
[2024-11-01T18:37:33.195+0000] {processor.py:179} INFO - Processing /home/airflow/.local/lib/python3.7/site-packages/airflow/example_dags/tutorial.py took 0.072 seconds
[2024-11-01T18:38:08.356+0000] {processor.py:157} INFO - Started process (PID=2020) to work on /home/airflow/.local/lib/python3.7/site-packages/airflow/example_dags/tutorial.py
[2024-11-01T18:38:08.359+0000] {processor.py:826} INFO - Processing file /home/airflow/.local/lib/python3.7/site-packages/airflow/example_dags/tutorial.py for tasks to queue
[2024-11-01T18:38:08.361+0000] {logging_mixin.py:150} INFO - [2024-11-01T18:38:08.361+0000] {dagbag.py:541} INFO - Filling up the DagBag from /home/airflow/.local/lib/python3.7/site-packages/airflow/example_dags/tutorial.py
[2024-11-01T18:38:08.368+0000] {processor.py:836} INFO - DAG(s) dict_keys(['tutorial']) retrieved from /home/airflow/.local/lib/python3.7/site-packages/airflow/example_dags/tutorial.py
[2024-11-01T18:38:08.400+0000] {logging_mixin.py:150} INFO - [2024-11-01T18:38:08.400+0000] {dag.py:2742} INFO - Sync 1 DAGs
[2024-11-01T18:38:08.417+0000] {logging_mixin.py:150} INFO - [2024-11-01T18:38:08.417+0000] {dag.py:3508} INFO - Setting next_dagrun for tutorial to 2024-10-31T18:38:08.417272+00:00, run_after=2024-11-01T18:38:08.417272+00:00
[2024-11-01T18:38:08.436+0000] {processor.py:179} INFO - Processing /home/airflow/.local/lib/python3.7/site-packages/airflow/example_dags/tutorial.py took 0.087 seconds
[2024-11-01T18:38:38.994+0000] {processor.py:157} INFO - Started process (PID=2082) to work on /home/airflow/.local/lib/python3.7/site-packages/airflow/example_dags/tutorial.py
[2024-11-01T18:38:38.995+0000] {processor.py:826} INFO - Processing file /home/airflow/.local/lib/python3.7/site-packages/airflow/example_dags/tutorial.py for tasks to queue
[2024-11-01T18:38:38.996+0000] {logging_mixin.py:150} INFO - [2024-11-01T18:38:38.996+0000] {dagbag.py:541} INFO - Filling up the DagBag from /home/airflow/.local/lib/python3.7/site-packages/airflow/example_dags/tutorial.py
[2024-11-01T18:38:39.003+0000] {processor.py:836} INFO - DAG(s) dict_keys(['tutorial']) retrieved from /home/airflow/.local/lib/python3.7/site-packages/airflow/example_dags/tutorial.py
[2024-11-01T18:38:39.029+0000] {logging_mixin.py:150} INFO - [2024-11-01T18:38:39.029+0000] {dag.py:2742} INFO - Sync 1 DAGs
[2024-11-01T18:38:39.099+0000] {logging_mixin.py:150} INFO - [2024-11-01T18:38:39.098+0000] {dag.py:3508} INFO - Setting next_dagrun for tutorial to 2024-10-31T18:38:39.097689+00:00, run_after=2024-11-01T18:38:39.097689+00:00
[2024-11-01T18:38:39.129+0000] {processor.py:179} INFO - Processing /home/airflow/.local/lib/python3.7/site-packages/airflow/example_dags/tutorial.py took 0.142 seconds
[2024-11-01T18:39:09.454+0000] {processor.py:157} INFO - Started process (PID=2144) to work on /home/airflow/.local/lib/python3.7/site-packages/airflow/example_dags/tutorial.py
[2024-11-01T18:39:09.455+0000] {processor.py:826} INFO - Processing file /home/airflow/.local/lib/python3.7/site-packages/airflow/example_dags/tutorial.py for tasks to queue
[2024-11-01T18:39:09.455+0000] {logging_mixin.py:150} INFO - [2024-11-01T18:39:09.455+0000] {dagbag.py:541} INFO - Filling up the DagBag from /home/airflow/.local/lib/python3.7/site-packages/airflow/example_dags/tutorial.py
[2024-11-01T18:39:09.466+0000] {processor.py:836} INFO - DAG(s) dict_keys(['tutorial']) retrieved from /home/airflow/.local/lib/python3.7/site-packages/airflow/example_dags/tutorial.py
[2024-11-01T18:39:09.501+0000] {logging_mixin.py:150} INFO - [2024-11-01T18:39:09.501+0000] {dag.py:2742} INFO - Sync 1 DAGs
[2024-11-01T18:39:09.523+0000] {logging_mixin.py:150} INFO - [2024-11-01T18:39:09.523+0000] {dag.py:3508} INFO - Setting next_dagrun for tutorial to 2024-10-31T18:39:09.523035+00:00, run_after=2024-11-01T18:39:09.523035+00:00
[2024-11-01T18:39:09.560+0000] {processor.py:179} INFO - Processing /home/airflow/.local/lib/python3.7/site-packages/airflow/example_dags/tutorial.py took 0.113 seconds
[2024-11-01T18:39:39.608+0000] {processor.py:157} INFO - Started process (PID=2204) to work on /home/airflow/.local/lib/python3.7/site-packages/airflow/example_dags/tutorial.py
[2024-11-01T18:39:39.610+0000] {processor.py:826} INFO - Processing file /home/airflow/.local/lib/python3.7/site-packages/airflow/example_dags/tutorial.py for tasks to queue
[2024-11-01T18:39:39.612+0000] {logging_mixin.py:150} INFO - [2024-11-01T18:39:39.612+0000] {dagbag.py:541} INFO - Filling up the DagBag from /home/airflow/.local/lib/python3.7/site-packages/airflow/example_dags/tutorial.py
[2024-11-01T18:39:39.617+0000] {processor.py:836} INFO - DAG(s) dict_keys(['tutorial']) retrieved from /home/airflow/.local/lib/python3.7/site-packages/airflow/example_dags/tutorial.py
[2024-11-01T18:39:39.643+0000] {logging_mixin.py:150} INFO - [2024-11-01T18:39:39.643+0000] {dag.py:2742} INFO - Sync 1 DAGs
[2024-11-01T18:39:39.661+0000] {logging_mixin.py:150} INFO - [2024-11-01T18:39:39.661+0000] {dag.py:3508} INFO - Setting next_dagrun for tutorial to 2024-10-31T18:39:39.660826+00:00, run_after=2024-11-01T18:39:39.660826+00:00
[2024-11-01T18:39:39.672+0000] {processor.py:179} INFO - Processing /home/airflow/.local/lib/python3.7/site-packages/airflow/example_dags/tutorial.py took 0.070 seconds
[2024-11-01T18:40:09.839+0000] {processor.py:157} INFO - Started process (PID=2266) to work on /home/airflow/.local/lib/python3.7/site-packages/airflow/example_dags/tutorial.py
[2024-11-01T18:40:09.840+0000] {processor.py:826} INFO - Processing file /home/airflow/.local/lib/python3.7/site-packages/airflow/example_dags/tutorial.py for tasks to queue
[2024-11-01T18:40:09.841+0000] {logging_mixin.py:150} INFO - [2024-11-01T18:40:09.841+0000] {dagbag.py:541} INFO - Filling up the DagBag from /home/airflow/.local/lib/python3.7/site-packages/airflow/example_dags/tutorial.py
[2024-11-01T18:40:09.845+0000] {processor.py:836} INFO - DAG(s) dict_keys(['tutorial']) retrieved from /home/airflow/.local/lib/python3.7/site-packages/airflow/example_dags/tutorial.py
[2024-11-01T18:40:09.859+0000] {logging_mixin.py:150} INFO - [2024-11-01T18:40:09.859+0000] {dag.py:2742} INFO - Sync 1 DAGs
[2024-11-01T18:40:09.873+0000] {logging_mixin.py:150} INFO - [2024-11-01T18:40:09.873+0000] {dag.py:3508} INFO - Setting next_dagrun for tutorial to 2024-10-31T18:40:09.873568+00:00, run_after=2024-11-01T18:40:09.873568+00:00
[2024-11-01T18:40:09.885+0000] {processor.py:179} INFO - Processing /home/airflow/.local/lib/python3.7/site-packages/airflow/example_dags/tutorial.py took 0.049 seconds
[2024-11-01T18:40:39.995+0000] {processor.py:157} INFO - Started process (PID=2328) to work on /home/airflow/.local/lib/python3.7/site-packages/airflow/example_dags/tutorial.py
[2024-11-01T18:40:39.997+0000] {processor.py:826} INFO - Processing file /home/airflow/.local/lib/python3.7/site-packages/airflow/example_dags/tutorial.py for tasks to queue
[2024-11-01T18:40:39.997+0000] {logging_mixin.py:150} INFO - [2024-11-01T18:40:39.997+0000] {dagbag.py:541} INFO - Filling up the DagBag from /home/airflow/.local/lib/python3.7/site-packages/airflow/example_dags/tutorial.py
[2024-11-01T18:40:40.111+0000] {processor.py:836} INFO - DAG(s) dict_keys(['tutorial']) retrieved from /home/airflow/.local/lib/python3.7/site-packages/airflow/example_dags/tutorial.py
[2024-11-01T18:40:40.129+0000] {logging_mixin.py:150} INFO - [2024-11-01T18:40:40.129+0000] {dag.py:2742} INFO - Sync 1 DAGs
[2024-11-01T18:40:40.146+0000] {logging_mixin.py:150} INFO - [2024-11-01T18:40:40.146+0000] {dag.py:3508} INFO - Setting next_dagrun for tutorial to 2024-10-31T18:40:40.146017+00:00, run_after=2024-11-01T18:40:40.146017+00:00
[2024-11-01T18:40:40.156+0000] {processor.py:179} INFO - Processing /home/airflow/.local/lib/python3.7/site-packages/airflow/example_dags/tutorial.py took 0.165 seconds
[2024-11-01T18:41:10.336+0000] {processor.py:157} INFO - Started process (PID=2390) to work on /home/airflow/.local/lib/python3.7/site-packages/airflow/example_dags/tutorial.py
[2024-11-01T18:41:10.338+0000] {processor.py:826} INFO - Processing file /home/airflow/.local/lib/python3.7/site-packages/airflow/example_dags/tutorial.py for tasks to queue
[2024-11-01T18:41:10.338+0000] {logging_mixin.py:150} INFO - [2024-11-01T18:41:10.338+0000] {dagbag.py:541} INFO - Filling up the DagBag from /home/airflow/.local/lib/python3.7/site-packages/airflow/example_dags/tutorial.py
[2024-11-01T18:41:10.343+0000] {processor.py:836} INFO - DAG(s) dict_keys(['tutorial']) retrieved from /home/airflow/.local/lib/python3.7/site-packages/airflow/example_dags/tutorial.py
[2024-11-01T18:41:10.361+0000] {logging_mixin.py:150} INFO - [2024-11-01T18:41:10.361+0000] {dag.py:2742} INFO - Sync 1 DAGs
[2024-11-01T18:41:10.383+0000] {logging_mixin.py:150} INFO - [2024-11-01T18:41:10.382+0000] {dag.py:3508} INFO - Setting next_dagrun for tutorial to 2024-10-31T18:41:10.382018+00:00, run_after=2024-11-01T18:41:10.382018+00:00
[2024-11-01T18:41:10.399+0000] {processor.py:179} INFO - Processing /home/airflow/.local/lib/python3.7/site-packages/airflow/example_dags/tutorial.py took 0.065 seconds
[2024-11-01T18:41:41.122+0000] {processor.py:157} INFO - Started process (PID=2459) to work on /home/airflow/.local/lib/python3.7/site-packages/airflow/example_dags/tutorial.py
[2024-11-01T18:41:41.125+0000] {processor.py:826} INFO - Processing file /home/airflow/.local/lib/python3.7/site-packages/airflow/example_dags/tutorial.py for tasks to queue
[2024-11-01T18:41:41.128+0000] {logging_mixin.py:150} INFO - [2024-11-01T18:41:41.128+0000] {dagbag.py:541} INFO - Filling up the DagBag from /home/airflow/.local/lib/python3.7/site-packages/airflow/example_dags/tutorial.py
[2024-11-01T18:41:41.134+0000] {processor.py:836} INFO - DAG(s) dict_keys(['tutorial']) retrieved from /home/airflow/.local/lib/python3.7/site-packages/airflow/example_dags/tutorial.py
[2024-11-01T18:41:41.185+0000] {logging_mixin.py:150} INFO - [2024-11-01T18:41:41.184+0000] {dag.py:2742} INFO - Sync 1 DAGs
[2024-11-01T18:41:41.219+0000] {logging_mixin.py:150} INFO - [2024-11-01T18:41:41.219+0000] {dag.py:3508} INFO - Setting next_dagrun for tutorial to 2024-10-31T18:41:41.219079+00:00, run_after=2024-11-01T18:41:41.219079+00:00
[2024-11-01T18:41:41.242+0000] {processor.py:179} INFO - Processing /home/airflow/.local/lib/python3.7/site-packages/airflow/example_dags/tutorial.py took 0.128 seconds
[2024-11-01T18:42:11.383+0000] {processor.py:157} INFO - Started process (PID=2521) to work on /home/airflow/.local/lib/python3.7/site-packages/airflow/example_dags/tutorial.py
[2024-11-01T18:42:11.387+0000] {processor.py:826} INFO - Processing file /home/airflow/.local/lib/python3.7/site-packages/airflow/example_dags/tutorial.py for tasks to queue
[2024-11-01T18:42:11.388+0000] {logging_mixin.py:150} INFO - [2024-11-01T18:42:11.387+0000] {dagbag.py:541} INFO - Filling up the DagBag from /home/airflow/.local/lib/python3.7/site-packages/airflow/example_dags/tutorial.py
[2024-11-01T18:42:11.396+0000] {processor.py:836} INFO - DAG(s) dict_keys(['tutorial']) retrieved from /home/airflow/.local/lib/python3.7/site-packages/airflow/example_dags/tutorial.py
[2024-11-01T18:42:11.432+0000] {logging_mixin.py:150} INFO - [2024-11-01T18:42:11.432+0000] {dag.py:2742} INFO - Sync 1 DAGs
[2024-11-01T18:42:11.452+0000] {logging_mixin.py:150} INFO - [2024-11-01T18:42:11.452+0000] {dag.py:3508} INFO - Setting next_dagrun for tutorial to 2024-10-31T18:42:11.452173+00:00, run_after=2024-11-01T18:42:11.452173+00:00
[2024-11-01T18:42:11.461+0000] {processor.py:179} INFO - Processing /home/airflow/.local/lib/python3.7/site-packages/airflow/example_dags/tutorial.py took 0.080 seconds
[2024-11-01T18:42:41.966+0000] {processor.py:157} INFO - Started process (PID=2583) to work on /home/airflow/.local/lib/python3.7/site-packages/airflow/example_dags/tutorial.py
[2024-11-01T18:42:41.969+0000] {processor.py:826} INFO - Processing file /home/airflow/.local/lib/python3.7/site-packages/airflow/example_dags/tutorial.py for tasks to queue
[2024-11-01T18:42:41.970+0000] {logging_mixin.py:150} INFO - [2024-11-01T18:42:41.970+0000] {dagbag.py:541} INFO - Filling up the DagBag from /home/airflow/.local/lib/python3.7/site-packages/airflow/example_dags/tutorial.py
[2024-11-01T18:42:41.977+0000] {processor.py:836} INFO - DAG(s) dict_keys(['tutorial']) retrieved from /home/airflow/.local/lib/python3.7/site-packages/airflow/example_dags/tutorial.py
[2024-11-01T18:42:42.000+0000] {logging_mixin.py:150} INFO - [2024-11-01T18:42:41.998+0000] {dag.py:2742} INFO - Sync 1 DAGs
[2024-11-01T18:42:42.018+0000] {logging_mixin.py:150} INFO - [2024-11-01T18:42:42.018+0000] {dag.py:3508} INFO - Setting next_dagrun for tutorial to 2024-10-31T18:42:42.018115+00:00, run_after=2024-11-01T18:42:42.018115+00:00
[2024-11-01T18:42:42.029+0000] {processor.py:179} INFO - Processing /home/airflow/.local/lib/python3.7/site-packages/airflow/example_dags/tutorial.py took 0.066 seconds
[2024-11-01T18:43:12.760+0000] {processor.py:157} INFO - Started process (PID=2645) to work on /home/airflow/.local/lib/python3.7/site-packages/airflow/example_dags/tutorial.py
[2024-11-01T18:43:12.761+0000] {processor.py:826} INFO - Processing file /home/airflow/.local/lib/python3.7/site-packages/airflow/example_dags/tutorial.py for tasks to queue
[2024-11-01T18:43:12.761+0000] {logging_mixin.py:150} INFO - [2024-11-01T18:43:12.761+0000] {dagbag.py:541} INFO - Filling up the DagBag from /home/airflow/.local/lib/python3.7/site-packages/airflow/example_dags/tutorial.py
[2024-11-01T18:43:12.765+0000] {processor.py:836} INFO - DAG(s) dict_keys(['tutorial']) retrieved from /home/airflow/.local/lib/python3.7/site-packages/airflow/example_dags/tutorial.py
[2024-11-01T18:43:12.776+0000] {logging_mixin.py:150} INFO - [2024-11-01T18:43:12.776+0000] {dag.py:2742} INFO - Sync 1 DAGs
[2024-11-01T18:43:12.788+0000] {logging_mixin.py:150} INFO - [2024-11-01T18:43:12.788+0000] {dag.py:3508} INFO - Setting next_dagrun for tutorial to 2024-10-31T18:43:12.788402+00:00, run_after=2024-11-01T18:43:12.788402+00:00
[2024-11-01T18:43:12.797+0000] {processor.py:179} INFO - Processing /home/airflow/.local/lib/python3.7/site-packages/airflow/example_dags/tutorial.py took 0.039 seconds
[2024-11-01T18:43:43.657+0000] {processor.py:157} INFO - Started process (PID=2698) to work on /home/airflow/.local/lib/python3.7/site-packages/airflow/example_dags/tutorial.py
[2024-11-01T18:43:43.658+0000] {processor.py:826} INFO - Processing file /home/airflow/.local/lib/python3.7/site-packages/airflow/example_dags/tutorial.py for tasks to queue
[2024-11-01T18:43:43.658+0000] {logging_mixin.py:150} INFO - [2024-11-01T18:43:43.658+0000] {dagbag.py:541} INFO - Filling up the DagBag from /home/airflow/.local/lib/python3.7/site-packages/airflow/example_dags/tutorial.py
[2024-11-01T18:43:43.663+0000] {processor.py:836} INFO - DAG(s) dict_keys(['tutorial']) retrieved from /home/airflow/.local/lib/python3.7/site-packages/airflow/example_dags/tutorial.py
[2024-11-01T18:43:43.678+0000] {logging_mixin.py:150} INFO - [2024-11-01T18:43:43.677+0000] {dag.py:2742} INFO - Sync 1 DAGs
[2024-11-01T18:43:43.693+0000] {logging_mixin.py:150} INFO - [2024-11-01T18:43:43.693+0000] {dag.py:3508} INFO - Setting next_dagrun for tutorial to 2024-10-31T18:43:43.693017+00:00, run_after=2024-11-01T18:43:43.693017+00:00
[2024-11-01T18:43:43.711+0000] {processor.py:179} INFO - Processing /home/airflow/.local/lib/python3.7/site-packages/airflow/example_dags/tutorial.py took 0.056 seconds
[2024-11-01T18:44:13.975+0000] {processor.py:157} INFO - Started process (PID=2760) to work on /home/airflow/.local/lib/python3.7/site-packages/airflow/example_dags/tutorial.py
[2024-11-01T18:44:13.976+0000] {processor.py:826} INFO - Processing file /home/airflow/.local/lib/python3.7/site-packages/airflow/example_dags/tutorial.py for tasks to queue
[2024-11-01T18:44:13.976+0000] {logging_mixin.py:150} INFO - [2024-11-01T18:44:13.976+0000] {dagbag.py:541} INFO - Filling up the DagBag from /home/airflow/.local/lib/python3.7/site-packages/airflow/example_dags/tutorial.py
[2024-11-01T18:44:13.980+0000] {processor.py:836} INFO - DAG(s) dict_keys(['tutorial']) retrieved from /home/airflow/.local/lib/python3.7/site-packages/airflow/example_dags/tutorial.py
[2024-11-01T18:44:13.993+0000] {logging_mixin.py:150} INFO - [2024-11-01T18:44:13.993+0000] {dag.py:2742} INFO - Sync 1 DAGs
[2024-11-01T18:44:14.007+0000] {logging_mixin.py:150} INFO - [2024-11-01T18:44:14.007+0000] {dag.py:3508} INFO - Setting next_dagrun for tutorial to 2024-10-31T18:44:14.007431+00:00, run_after=2024-11-01T18:44:14.007431+00:00
[2024-11-01T18:44:14.017+0000] {processor.py:179} INFO - Processing /home/airflow/.local/lib/python3.7/site-packages/airflow/example_dags/tutorial.py took 0.043 seconds
[2024-11-01T18:44:44.086+0000] {processor.py:157} INFO - Started process (PID=2822) to work on /home/airflow/.local/lib/python3.7/site-packages/airflow/example_dags/tutorial.py
[2024-11-01T18:44:44.087+0000] {processor.py:826} INFO - Processing file /home/airflow/.local/lib/python3.7/site-packages/airflow/example_dags/tutorial.py for tasks to queue
[2024-11-01T18:44:44.087+0000] {logging_mixin.py:150} INFO - [2024-11-01T18:44:44.087+0000] {dagbag.py:541} INFO - Filling up the DagBag from /home/airflow/.local/lib/python3.7/site-packages/airflow/example_dags/tutorial.py
[2024-11-01T18:44:44.090+0000] {processor.py:836} INFO - DAG(s) dict_keys(['tutorial']) retrieved from /home/airflow/.local/lib/python3.7/site-packages/airflow/example_dags/tutorial.py
[2024-11-01T18:44:44.101+0000] {logging_mixin.py:150} INFO - [2024-11-01T18:44:44.101+0000] {dag.py:2742} INFO - Sync 1 DAGs
[2024-11-01T18:44:44.112+0000] {logging_mixin.py:150} INFO - [2024-11-01T18:44:44.112+0000] {dag.py:3508} INFO - Setting next_dagrun for tutorial to 2024-10-31T18:44:44.112651+00:00, run_after=2024-11-01T18:44:44.112651+00:00
[2024-11-01T18:44:44.120+0000] {processor.py:179} INFO - Processing /home/airflow/.local/lib/python3.7/site-packages/airflow/example_dags/tutorial.py took 0.035 seconds
[2024-11-01T18:45:14.626+0000] {processor.py:157} INFO - Started process (PID=2884) to work on /home/airflow/.local/lib/python3.7/site-packages/airflow/example_dags/tutorial.py
[2024-11-01T18:45:14.626+0000] {processor.py:826} INFO - Processing file /home/airflow/.local/lib/python3.7/site-packages/airflow/example_dags/tutorial.py for tasks to queue
[2024-11-01T18:45:14.627+0000] {logging_mixin.py:150} INFO - [2024-11-01T18:45:14.627+0000] {dagbag.py:541} INFO - Filling up the DagBag from /home/airflow/.local/lib/python3.7/site-packages/airflow/example_dags/tutorial.py
[2024-11-01T18:45:14.630+0000] {processor.py:836} INFO - DAG(s) dict_keys(['tutorial']) retrieved from /home/airflow/.local/lib/python3.7/site-packages/airflow/example_dags/tutorial.py
[2024-11-01T18:45:14.641+0000] {logging_mixin.py:150} INFO - [2024-11-01T18:45:14.641+0000] {dag.py:2742} INFO - Sync 1 DAGs
[2024-11-01T18:45:14.653+0000] {logging_mixin.py:150} INFO - [2024-11-01T18:45:14.653+0000] {dag.py:3508} INFO - Setting next_dagrun for tutorial to 2024-10-31T18:45:14.653316+00:00, run_after=2024-11-01T18:45:14.653316+00:00
[2024-11-01T18:45:14.661+0000] {processor.py:179} INFO - Processing /home/airflow/.local/lib/python3.7/site-packages/airflow/example_dags/tutorial.py took 0.037 seconds
[2024-11-01T18:45:45.345+0000] {processor.py:157} INFO - Started process (PID=2946) to work on /home/airflow/.local/lib/python3.7/site-packages/airflow/example_dags/tutorial.py
[2024-11-01T18:45:45.345+0000] {processor.py:826} INFO - Processing file /home/airflow/.local/lib/python3.7/site-packages/airflow/example_dags/tutorial.py for tasks to queue
[2024-11-01T18:45:45.346+0000] {logging_mixin.py:150} INFO - [2024-11-01T18:45:45.346+0000] {dagbag.py:541} INFO - Filling up the DagBag from /home/airflow/.local/lib/python3.7/site-packages/airflow/example_dags/tutorial.py
[2024-11-01T18:45:45.353+0000] {processor.py:836} INFO - DAG(s) dict_keys(['tutorial']) retrieved from /home/airflow/.local/lib/python3.7/site-packages/airflow/example_dags/tutorial.py
[2024-11-01T18:45:45.368+0000] {logging_mixin.py:150} INFO - [2024-11-01T18:45:45.368+0000] {dag.py:2742} INFO - Sync 1 DAGs
[2024-11-01T18:45:45.380+0000] {logging_mixin.py:150} INFO - [2024-11-01T18:45:45.380+0000] {dag.py:3508} INFO - Setting next_dagrun for tutorial to 2024-10-31T18:45:45.380501+00:00, run_after=2024-11-01T18:45:45.380501+00:00
[2024-11-01T18:45:45.389+0000] {processor.py:179} INFO - Processing /home/airflow/.local/lib/python3.7/site-packages/airflow/example_dags/tutorial.py took 0.048 seconds
[2024-11-01T18:46:16.330+0000] {processor.py:157} INFO - Started process (PID=3008) to work on /home/airflow/.local/lib/python3.7/site-packages/airflow/example_dags/tutorial.py
[2024-11-01T18:46:16.331+0000] {processor.py:826} INFO - Processing file /home/airflow/.local/lib/python3.7/site-packages/airflow/example_dags/tutorial.py for tasks to queue
[2024-11-01T18:46:16.331+0000] {logging_mixin.py:150} INFO - [2024-11-01T18:46:16.331+0000] {dagbag.py:541} INFO - Filling up the DagBag from /home/airflow/.local/lib/python3.7/site-packages/airflow/example_dags/tutorial.py
[2024-11-01T18:46:16.334+0000] {processor.py:836} INFO - DAG(s) dict_keys(['tutorial']) retrieved from /home/airflow/.local/lib/python3.7/site-packages/airflow/example_dags/tutorial.py
[2024-11-01T18:46:16.344+0000] {logging_mixin.py:150} INFO - [2024-11-01T18:46:16.344+0000] {dag.py:2742} INFO - Sync 1 DAGs
[2024-11-01T18:46:16.356+0000] {logging_mixin.py:150} INFO - [2024-11-01T18:46:16.356+0000] {dag.py:3508} INFO - Setting next_dagrun for tutorial to 2024-10-31T18:46:16.355928+00:00, run_after=2024-11-01T18:46:16.355928+00:00
[2024-11-01T18:46:16.364+0000] {processor.py:179} INFO - Processing /home/airflow/.local/lib/python3.7/site-packages/airflow/example_dags/tutorial.py took 0.035 seconds
[2024-11-01T18:46:54.115+0000] {processor.py:157} INFO - Started process (PID=3070) to work on /home/airflow/.local/lib/python3.7/site-packages/airflow/example_dags/tutorial.py
[2024-11-01T18:46:54.117+0000] {processor.py:826} INFO - Processing file /home/airflow/.local/lib/python3.7/site-packages/airflow/example_dags/tutorial.py for tasks to queue
[2024-11-01T18:46:54.118+0000] {logging_mixin.py:150} INFO - [2024-11-01T18:46:54.118+0000] {dagbag.py:541} INFO - Filling up the DagBag from /home/airflow/.local/lib/python3.7/site-packages/airflow/example_dags/tutorial.py
[2024-11-01T18:46:54.135+0000] {processor.py:836} INFO - DAG(s) dict_keys(['tutorial']) retrieved from /home/airflow/.local/lib/python3.7/site-packages/airflow/example_dags/tutorial.py
[2024-11-01T18:46:54.175+0000] {logging_mixin.py:150} INFO - [2024-11-01T18:46:54.175+0000] {dag.py:2742} INFO - Sync 1 DAGs
[2024-11-01T18:46:54.215+0000] {logging_mixin.py:150} INFO - [2024-11-01T18:46:54.215+0000] {dag.py:3508} INFO - Setting next_dagrun for tutorial to 2024-10-31T18:46:54.215180+00:00, run_after=2024-11-01T18:46:54.215180+00:00
[2024-11-01T18:46:54.237+0000] {processor.py:179} INFO - Processing /home/airflow/.local/lib/python3.7/site-packages/airflow/example_dags/tutorial.py took 0.129 seconds
[2024-11-01T18:47:24.401+0000] {processor.py:157} INFO - Started process (PID=3132) to work on /home/airflow/.local/lib/python3.7/site-packages/airflow/example_dags/tutorial.py
[2024-11-01T18:47:24.403+0000] {processor.py:826} INFO - Processing file /home/airflow/.local/lib/python3.7/site-packages/airflow/example_dags/tutorial.py for tasks to queue
[2024-11-01T18:47:24.404+0000] {logging_mixin.py:150} INFO - [2024-11-01T18:47:24.403+0000] {dagbag.py:541} INFO - Filling up the DagBag from /home/airflow/.local/lib/python3.7/site-packages/airflow/example_dags/tutorial.py
[2024-11-01T18:47:24.413+0000] {processor.py:836} INFO - DAG(s) dict_keys(['tutorial']) retrieved from /home/airflow/.local/lib/python3.7/site-packages/airflow/example_dags/tutorial.py
[2024-11-01T18:47:24.438+0000] {logging_mixin.py:150} INFO - [2024-11-01T18:47:24.438+0000] {dag.py:2742} INFO - Sync 1 DAGs
[2024-11-01T18:47:24.459+0000] {logging_mixin.py:150} INFO - [2024-11-01T18:47:24.459+0000] {dag.py:3508} INFO - Setting next_dagrun for tutorial to 2024-10-31T18:47:24.459341+00:00, run_after=2024-11-01T18:47:24.459341+00:00
[2024-11-01T18:47:24.479+0000] {processor.py:179} INFO - Processing /home/airflow/.local/lib/python3.7/site-packages/airflow/example_dags/tutorial.py took 0.081 seconds
[2024-11-01T18:47:58.013+0000] {processor.py:157} INFO - Started process (PID=3194) to work on /home/airflow/.local/lib/python3.7/site-packages/airflow/example_dags/tutorial.py
[2024-11-01T18:47:58.023+0000] {processor.py:826} INFO - Processing file /home/airflow/.local/lib/python3.7/site-packages/airflow/example_dags/tutorial.py for tasks to queue
[2024-11-01T18:47:58.026+0000] {logging_mixin.py:150} INFO - [2024-11-01T18:47:58.025+0000] {dagbag.py:541} INFO - Filling up the DagBag from /home/airflow/.local/lib/python3.7/site-packages/airflow/example_dags/tutorial.py
[2024-11-01T18:47:58.036+0000] {processor.py:836} INFO - DAG(s) dict_keys(['tutorial']) retrieved from /home/airflow/.local/lib/python3.7/site-packages/airflow/example_dags/tutorial.py
[2024-11-01T18:47:58.063+0000] {logging_mixin.py:150} INFO - [2024-11-01T18:47:58.063+0000] {dag.py:2742} INFO - Sync 1 DAGs
[2024-11-01T18:47:58.123+0000] {logging_mixin.py:150} INFO - [2024-11-01T18:47:58.123+0000] {dag.py:3508} INFO - Setting next_dagrun for tutorial to 2024-10-31T18:47:58.121797+00:00, run_after=2024-11-01T18:47:58.121797+00:00
[2024-11-01T18:47:58.152+0000] {processor.py:179} INFO - Processing /home/airflow/.local/lib/python3.7/site-packages/airflow/example_dags/tutorial.py took 0.172 seconds
[2024-11-01T18:48:29.047+0000] {processor.py:157} INFO - Started process (PID=3256) to work on /home/airflow/.local/lib/python3.7/site-packages/airflow/example_dags/tutorial.py
[2024-11-01T18:48:29.048+0000] {processor.py:826} INFO - Processing file /home/airflow/.local/lib/python3.7/site-packages/airflow/example_dags/tutorial.py for tasks to queue
[2024-11-01T18:48:29.048+0000] {logging_mixin.py:150} INFO - [2024-11-01T18:48:29.048+0000] {dagbag.py:541} INFO - Filling up the DagBag from /home/airflow/.local/lib/python3.7/site-packages/airflow/example_dags/tutorial.py
[2024-11-01T18:48:29.054+0000] {processor.py:836} INFO - DAG(s) dict_keys(['tutorial']) retrieved from /home/airflow/.local/lib/python3.7/site-packages/airflow/example_dags/tutorial.py
[2024-11-01T18:48:29.084+0000] {logging_mixin.py:150} INFO - [2024-11-01T18:48:29.084+0000] {dag.py:2742} INFO - Sync 1 DAGs
[2024-11-01T18:48:29.112+0000] {logging_mixin.py:150} INFO - [2024-11-01T18:48:29.112+0000] {dag.py:3508} INFO - Setting next_dagrun for tutorial to 2024-10-31T18:48:29.111768+00:00, run_after=2024-11-01T18:48:29.111768+00:00
[2024-11-01T18:48:29.129+0000] {processor.py:179} INFO - Processing /home/airflow/.local/lib/python3.7/site-packages/airflow/example_dags/tutorial.py took 0.086 seconds
[2024-11-01T18:49:00.055+0000] {processor.py:157} INFO - Started process (PID=3318) to work on /home/airflow/.local/lib/python3.7/site-packages/airflow/example_dags/tutorial.py
[2024-11-01T18:49:00.057+0000] {processor.py:826} INFO - Processing file /home/airflow/.local/lib/python3.7/site-packages/airflow/example_dags/tutorial.py for tasks to queue
[2024-11-01T18:49:00.059+0000] {logging_mixin.py:150} INFO - [2024-11-01T18:49:00.059+0000] {dagbag.py:541} INFO - Filling up the DagBag from /home/airflow/.local/lib/python3.7/site-packages/airflow/example_dags/tutorial.py
[2024-11-01T18:49:00.067+0000] {processor.py:836} INFO - DAG(s) dict_keys(['tutorial']) retrieved from /home/airflow/.local/lib/python3.7/site-packages/airflow/example_dags/tutorial.py
[2024-11-01T18:49:00.088+0000] {logging_mixin.py:150} INFO - [2024-11-01T18:49:00.088+0000] {dag.py:2742} INFO - Sync 1 DAGs
[2024-11-01T18:49:00.115+0000] {logging_mixin.py:150} INFO - [2024-11-01T18:49:00.115+0000] {dag.py:3508} INFO - Setting next_dagrun for tutorial to 2024-10-31T18:49:00.114695+00:00, run_after=2024-11-01T18:49:00.114695+00:00
[2024-11-01T18:49:00.124+0000] {processor.py:179} INFO - Processing /home/airflow/.local/lib/python3.7/site-packages/airflow/example_dags/tutorial.py took 0.075 seconds
[2024-11-01T18:49:30.242+0000] {processor.py:157} INFO - Started process (PID=3380) to work on /home/airflow/.local/lib/python3.7/site-packages/airflow/example_dags/tutorial.py
[2024-11-01T18:49:30.243+0000] {processor.py:826} INFO - Processing file /home/airflow/.local/lib/python3.7/site-packages/airflow/example_dags/tutorial.py for tasks to queue
[2024-11-01T18:49:30.243+0000] {logging_mixin.py:150} INFO - [2024-11-01T18:49:30.243+0000] {dagbag.py:541} INFO - Filling up the DagBag from /home/airflow/.local/lib/python3.7/site-packages/airflow/example_dags/tutorial.py
[2024-11-01T18:49:30.251+0000] {processor.py:836} INFO - DAG(s) dict_keys(['tutorial']) retrieved from /home/airflow/.local/lib/python3.7/site-packages/airflow/example_dags/tutorial.py
[2024-11-01T18:49:30.275+0000] {logging_mixin.py:150} INFO - [2024-11-01T18:49:30.275+0000] {dag.py:2742} INFO - Sync 1 DAGs
[2024-11-01T18:49:30.289+0000] {logging_mixin.py:150} INFO - [2024-11-01T18:49:30.289+0000] {dag.py:3508} INFO - Setting next_dagrun for tutorial to 2024-10-31T18:49:30.289301+00:00, run_after=2024-11-01T18:49:30.289301+00:00
[2024-11-01T18:49:30.305+0000] {processor.py:179} INFO - Processing /home/airflow/.local/lib/python3.7/site-packages/airflow/example_dags/tutorial.py took 0.064 seconds
[2024-11-01T18:50:00.655+0000] {processor.py:157} INFO - Started process (PID=3442) to work on /home/airflow/.local/lib/python3.7/site-packages/airflow/example_dags/tutorial.py
[2024-11-01T18:50:00.656+0000] {processor.py:826} INFO - Processing file /home/airflow/.local/lib/python3.7/site-packages/airflow/example_dags/tutorial.py for tasks to queue
[2024-11-01T18:50:00.657+0000] {logging_mixin.py:150} INFO - [2024-11-01T18:50:00.657+0000] {dagbag.py:541} INFO - Filling up the DagBag from /home/airflow/.local/lib/python3.7/site-packages/airflow/example_dags/tutorial.py
[2024-11-01T18:50:00.661+0000] {processor.py:836} INFO - DAG(s) dict_keys(['tutorial']) retrieved from /home/airflow/.local/lib/python3.7/site-packages/airflow/example_dags/tutorial.py
[2024-11-01T18:50:00.681+0000] {logging_mixin.py:150} INFO - [2024-11-01T18:50:00.681+0000] {dag.py:2742} INFO - Sync 1 DAGs
[2024-11-01T18:50:00.701+0000] {logging_mixin.py:150} INFO - [2024-11-01T18:50:00.700+0000] {dag.py:3508} INFO - Setting next_dagrun for tutorial to 2024-10-31T18:50:00.700698+00:00, run_after=2024-11-01T18:50:00.700698+00:00
[2024-11-01T18:50:00.716+0000] {processor.py:179} INFO - Processing /home/airflow/.local/lib/python3.7/site-packages/airflow/example_dags/tutorial.py took 0.065 seconds
[2024-11-01T18:50:30.770+0000] {processor.py:157} INFO - Started process (PID=3504) to work on /home/airflow/.local/lib/python3.7/site-packages/airflow/example_dags/tutorial.py
[2024-11-01T18:50:30.771+0000] {processor.py:826} INFO - Processing file /home/airflow/.local/lib/python3.7/site-packages/airflow/example_dags/tutorial.py for tasks to queue
[2024-11-01T18:50:30.772+0000] {logging_mixin.py:150} INFO - [2024-11-01T18:50:30.772+0000] {dagbag.py:541} INFO - Filling up the DagBag from /home/airflow/.local/lib/python3.7/site-packages/airflow/example_dags/tutorial.py
[2024-11-01T18:50:30.776+0000] {processor.py:836} INFO - DAG(s) dict_keys(['tutorial']) retrieved from /home/airflow/.local/lib/python3.7/site-packages/airflow/example_dags/tutorial.py
[2024-11-01T18:50:30.792+0000] {logging_mixin.py:150} INFO - [2024-11-01T18:50:30.792+0000] {dag.py:2742} INFO - Sync 1 DAGs
[2024-11-01T18:50:30.808+0000] {logging_mixin.py:150} INFO - [2024-11-01T18:50:30.808+0000] {dag.py:3508} INFO - Setting next_dagrun for tutorial to 2024-10-31T18:50:30.808160+00:00, run_after=2024-11-01T18:50:30.808160+00:00
[2024-11-01T18:50:30.823+0000] {processor.py:179} INFO - Processing /home/airflow/.local/lib/python3.7/site-packages/airflow/example_dags/tutorial.py took 0.055 seconds
[2024-11-01T18:51:01.058+0000] {processor.py:157} INFO - Started process (PID=3566) to work on /home/airflow/.local/lib/python3.7/site-packages/airflow/example_dags/tutorial.py
[2024-11-01T18:51:01.061+0000] {processor.py:826} INFO - Processing file /home/airflow/.local/lib/python3.7/site-packages/airflow/example_dags/tutorial.py for tasks to queue
[2024-11-01T18:51:01.061+0000] {logging_mixin.py:150} INFO - [2024-11-01T18:51:01.061+0000] {dagbag.py:541} INFO - Filling up the DagBag from /home/airflow/.local/lib/python3.7/site-packages/airflow/example_dags/tutorial.py
[2024-11-01T18:51:01.066+0000] {processor.py:836} INFO - DAG(s) dict_keys(['tutorial']) retrieved from /home/airflow/.local/lib/python3.7/site-packages/airflow/example_dags/tutorial.py
[2024-11-01T18:51:01.085+0000] {logging_mixin.py:150} INFO - [2024-11-01T18:51:01.085+0000] {dag.py:2742} INFO - Sync 1 DAGs
[2024-11-01T18:51:01.102+0000] {logging_mixin.py:150} INFO - [2024-11-01T18:51:01.102+0000] {dag.py:3508} INFO - Setting next_dagrun for tutorial to 2024-10-31T18:51:01.101736+00:00, run_after=2024-11-01T18:51:01.101736+00:00
[2024-11-01T18:51:01.112+0000] {processor.py:179} INFO - Processing /home/airflow/.local/lib/python3.7/site-packages/airflow/example_dags/tutorial.py took 0.065 seconds
[2024-11-01T18:51:32.082+0000] {processor.py:157} INFO - Started process (PID=3628) to work on /home/airflow/.local/lib/python3.7/site-packages/airflow/example_dags/tutorial.py
[2024-11-01T18:51:32.083+0000] {processor.py:826} INFO - Processing file /home/airflow/.local/lib/python3.7/site-packages/airflow/example_dags/tutorial.py for tasks to queue
[2024-11-01T18:51:32.083+0000] {logging_mixin.py:150} INFO - [2024-11-01T18:51:32.083+0000] {dagbag.py:541} INFO - Filling up the DagBag from /home/airflow/.local/lib/python3.7/site-packages/airflow/example_dags/tutorial.py
[2024-11-01T18:51:32.089+0000] {processor.py:836} INFO - DAG(s) dict_keys(['tutorial']) retrieved from /home/airflow/.local/lib/python3.7/site-packages/airflow/example_dags/tutorial.py
[2024-11-01T18:51:32.112+0000] {logging_mixin.py:150} INFO - [2024-11-01T18:51:32.112+0000] {dag.py:2742} INFO - Sync 1 DAGs
[2024-11-01T18:51:32.136+0000] {logging_mixin.py:150} INFO - [2024-11-01T18:51:32.136+0000] {dag.py:3508} INFO - Setting next_dagrun for tutorial to 2024-10-31T18:51:32.136337+00:00, run_after=2024-11-01T18:51:32.136337+00:00
[2024-11-01T18:51:32.149+0000] {processor.py:179} INFO - Processing /home/airflow/.local/lib/python3.7/site-packages/airflow/example_dags/tutorial.py took 0.071 seconds
[2024-11-01T18:52:02.837+0000] {processor.py:157} INFO - Started process (PID=3690) to work on /home/airflow/.local/lib/python3.7/site-packages/airflow/example_dags/tutorial.py
[2024-11-01T18:52:02.837+0000] {processor.py:826} INFO - Processing file /home/airflow/.local/lib/python3.7/site-packages/airflow/example_dags/tutorial.py for tasks to queue
[2024-11-01T18:52:02.838+0000] {logging_mixin.py:150} INFO - [2024-11-01T18:52:02.838+0000] {dagbag.py:541} INFO - Filling up the DagBag from /home/airflow/.local/lib/python3.7/site-packages/airflow/example_dags/tutorial.py
[2024-11-01T18:52:02.844+0000] {processor.py:836} INFO - DAG(s) dict_keys(['tutorial']) retrieved from /home/airflow/.local/lib/python3.7/site-packages/airflow/example_dags/tutorial.py
[2024-11-01T18:52:02.861+0000] {logging_mixin.py:150} INFO - [2024-11-01T18:52:02.861+0000] {dag.py:2742} INFO - Sync 1 DAGs
[2024-11-01T18:52:02.881+0000] {logging_mixin.py:150} INFO - [2024-11-01T18:52:02.881+0000] {dag.py:3508} INFO - Setting next_dagrun for tutorial to 2024-10-31T18:52:02.880844+00:00, run_after=2024-11-01T18:52:02.880844+00:00
[2024-11-01T18:52:02.894+0000] {processor.py:179} INFO - Processing /home/airflow/.local/lib/python3.7/site-packages/airflow/example_dags/tutorial.py took 0.060 seconds
[2024-11-01T18:52:32.987+0000] {processor.py:157} INFO - Started process (PID=3751) to work on /home/airflow/.local/lib/python3.7/site-packages/airflow/example_dags/tutorial.py
[2024-11-01T18:52:32.987+0000] {processor.py:826} INFO - Processing file /home/airflow/.local/lib/python3.7/site-packages/airflow/example_dags/tutorial.py for tasks to queue
[2024-11-01T18:52:32.988+0000] {logging_mixin.py:150} INFO - [2024-11-01T18:52:32.988+0000] {dagbag.py:541} INFO - Filling up the DagBag from /home/airflow/.local/lib/python3.7/site-packages/airflow/example_dags/tutorial.py
[2024-11-01T18:52:32.993+0000] {processor.py:836} INFO - DAG(s) dict_keys(['tutorial']) retrieved from /home/airflow/.local/lib/python3.7/site-packages/airflow/example_dags/tutorial.py
[2024-11-01T18:52:33.011+0000] {logging_mixin.py:150} INFO - [2024-11-01T18:52:33.011+0000] {dag.py:2742} INFO - Sync 1 DAGs
[2024-11-01T18:52:33.026+0000] {logging_mixin.py:150} INFO - [2024-11-01T18:52:33.026+0000] {dag.py:3508} INFO - Setting next_dagrun for tutorial to 2024-10-31T18:52:33.026465+00:00, run_after=2024-11-01T18:52:33.026465+00:00
[2024-11-01T18:52:33.037+0000] {processor.py:179} INFO - Processing /home/airflow/.local/lib/python3.7/site-packages/airflow/example_dags/tutorial.py took 0.052 seconds
