[2024-10-27T01:38:02.237+0000] {processor.py:157} INFO - Started process (PID=90) to work on /home/airflow/.local/lib/python3.7/site-packages/airflow/example_dags/example_dynamic_task_mapping_with_no_taskflow_operators.py
[2024-10-27T01:38:02.240+0000] {processor.py:826} INFO - Processing file /home/airflow/.local/lib/python3.7/site-packages/airflow/example_dags/example_dynamic_task_mapping_with_no_taskflow_operators.py for tasks to queue
[2024-10-27T01:38:02.243+0000] {logging_mixin.py:150} INFO - [2024-10-27T01:38:02.241+0000] {dagbag.py:541} INFO - Filling up the DagBag from /home/airflow/.local/lib/python3.7/site-packages/airflow/example_dags/example_dynamic_task_mapping_with_no_taskflow_operators.py
[2024-10-27T01:38:02.278+0000] {processor.py:836} INFO - DAG(s) dict_keys(['example_dynamic_task_mapping_with_no_taskflow_operators']) retrieved from /home/airflow/.local/lib/python3.7/site-packages/airflow/example_dags/example_dynamic_task_mapping_with_no_taskflow_operators.py
[2024-10-27T01:38:02.310+0000] {logging_mixin.py:150} INFO - [2024-10-27T01:38:02.309+0000] {dag.py:2742} INFO - Sync 1 DAGs
[2024-10-27T01:38:02.324+0000] {logging_mixin.py:150} INFO - [2024-10-27T01:38:02.324+0000] {dag.py:3508} INFO - Setting next_dagrun for example_dynamic_task_mapping_with_no_taskflow_operators to 2024-10-26T01:38:02.324240+00:00, run_after=2024-10-27T01:38:02.324240+00:00
[2024-10-27T01:38:02.332+0000] {processor.py:179} INFO - Processing /home/airflow/.local/lib/python3.7/site-packages/airflow/example_dags/example_dynamic_task_mapping_with_no_taskflow_operators.py took 0.098 seconds
[2024-10-27T01:38:32.428+0000] {processor.py:157} INFO - Started process (PID=178) to work on /home/airflow/.local/lib/python3.7/site-packages/airflow/example_dags/example_dynamic_task_mapping_with_no_taskflow_operators.py
[2024-10-27T01:38:32.429+0000] {processor.py:826} INFO - Processing file /home/airflow/.local/lib/python3.7/site-packages/airflow/example_dags/example_dynamic_task_mapping_with_no_taskflow_operators.py for tasks to queue
[2024-10-27T01:38:32.429+0000] {logging_mixin.py:150} INFO - [2024-10-27T01:38:32.429+0000] {dagbag.py:541} INFO - Filling up the DagBag from /home/airflow/.local/lib/python3.7/site-packages/airflow/example_dags/example_dynamic_task_mapping_with_no_taskflow_operators.py
[2024-10-27T01:38:32.436+0000] {processor.py:836} INFO - DAG(s) dict_keys(['example_dynamic_task_mapping_with_no_taskflow_operators']) retrieved from /home/airflow/.local/lib/python3.7/site-packages/airflow/example_dags/example_dynamic_task_mapping_with_no_taskflow_operators.py
[2024-10-27T01:38:32.451+0000] {logging_mixin.py:150} INFO - [2024-10-27T01:38:32.451+0000] {dag.py:2742} INFO - Sync 1 DAGs
[2024-10-27T01:38:32.462+0000] {logging_mixin.py:150} INFO - [2024-10-27T01:38:32.462+0000] {dag.py:3508} INFO - Setting next_dagrun for example_dynamic_task_mapping_with_no_taskflow_operators to 2024-10-26T01:38:32.461966+00:00, run_after=2024-10-27T01:38:32.461966+00:00
[2024-10-27T01:38:32.469+0000] {processor.py:179} INFO - Processing /home/airflow/.local/lib/python3.7/site-packages/airflow/example_dags/example_dynamic_task_mapping_with_no_taskflow_operators.py took 0.043 seconds
[2024-10-27T01:39:02.811+0000] {processor.py:157} INFO - Started process (PID=266) to work on /home/airflow/.local/lib/python3.7/site-packages/airflow/example_dags/example_dynamic_task_mapping_with_no_taskflow_operators.py
[2024-10-27T01:39:02.813+0000] {processor.py:826} INFO - Processing file /home/airflow/.local/lib/python3.7/site-packages/airflow/example_dags/example_dynamic_task_mapping_with_no_taskflow_operators.py for tasks to queue
[2024-10-27T01:39:02.813+0000] {logging_mixin.py:150} INFO - [2024-10-27T01:39:02.813+0000] {dagbag.py:541} INFO - Filling up the DagBag from /home/airflow/.local/lib/python3.7/site-packages/airflow/example_dags/example_dynamic_task_mapping_with_no_taskflow_operators.py
[2024-10-27T01:39:02.817+0000] {processor.py:836} INFO - DAG(s) dict_keys(['example_dynamic_task_mapping_with_no_taskflow_operators']) retrieved from /home/airflow/.local/lib/python3.7/site-packages/airflow/example_dags/example_dynamic_task_mapping_with_no_taskflow_operators.py
[2024-10-27T01:39:02.831+0000] {logging_mixin.py:150} INFO - [2024-10-27T01:39:02.831+0000] {dag.py:2742} INFO - Sync 1 DAGs
[2024-10-27T01:39:02.849+0000] {logging_mixin.py:150} INFO - [2024-10-27T01:39:02.849+0000] {dag.py:3508} INFO - Setting next_dagrun for example_dynamic_task_mapping_with_no_taskflow_operators to 2024-10-26T01:39:02.849139+00:00, run_after=2024-10-27T01:39:02.849139+00:00
[2024-10-27T01:39:02.857+0000] {processor.py:179} INFO - Processing /home/airflow/.local/lib/python3.7/site-packages/airflow/example_dags/example_dynamic_task_mapping_with_no_taskflow_operators.py took 0.048 seconds
[2024-10-27T01:39:33.838+0000] {processor.py:157} INFO - Started process (PID=354) to work on /home/airflow/.local/lib/python3.7/site-packages/airflow/example_dags/example_dynamic_task_mapping_with_no_taskflow_operators.py
[2024-10-27T01:39:33.840+0000] {processor.py:826} INFO - Processing file /home/airflow/.local/lib/python3.7/site-packages/airflow/example_dags/example_dynamic_task_mapping_with_no_taskflow_operators.py for tasks to queue
[2024-10-27T01:39:33.840+0000] {logging_mixin.py:150} INFO - [2024-10-27T01:39:33.840+0000] {dagbag.py:541} INFO - Filling up the DagBag from /home/airflow/.local/lib/python3.7/site-packages/airflow/example_dags/example_dynamic_task_mapping_with_no_taskflow_operators.py
[2024-10-27T01:39:33.843+0000] {processor.py:836} INFO - DAG(s) dict_keys(['example_dynamic_task_mapping_with_no_taskflow_operators']) retrieved from /home/airflow/.local/lib/python3.7/site-packages/airflow/example_dags/example_dynamic_task_mapping_with_no_taskflow_operators.py
[2024-10-27T01:39:33.855+0000] {logging_mixin.py:150} INFO - [2024-10-27T01:39:33.855+0000] {dag.py:2742} INFO - Sync 1 DAGs
[2024-10-27T01:39:33.866+0000] {logging_mixin.py:150} INFO - [2024-10-27T01:39:33.866+0000] {dag.py:3508} INFO - Setting next_dagrun for example_dynamic_task_mapping_with_no_taskflow_operators to 2024-10-26T01:39:33.866712+00:00, run_after=2024-10-27T01:39:33.866712+00:00
[2024-10-27T01:39:33.874+0000] {processor.py:179} INFO - Processing /home/airflow/.local/lib/python3.7/site-packages/airflow/example_dags/example_dynamic_task_mapping_with_no_taskflow_operators.py took 0.037 seconds
