[2024-10-27T01:38:03.913+0000] {processor.py:157} INFO - Started process (PID=113) to work on /home/airflow/.local/lib/python3.7/site-packages/airflow/example_dags/example_latest_only_with_trigger.py
[2024-10-27T01:38:03.913+0000] {processor.py:826} INFO - Processing file /home/airflow/.local/lib/python3.7/site-packages/airflow/example_dags/example_latest_only_with_trigger.py for tasks to queue
[2024-10-27T01:38:03.914+0000] {logging_mixin.py:150} INFO - [2024-10-27T01:38:03.914+0000] {dagbag.py:541} INFO - Filling up the DagBag from /home/airflow/.local/lib/python3.7/site-packages/airflow/example_dags/example_latest_only_with_trigger.py
[2024-10-27T01:38:03.920+0000] {processor.py:836} INFO - DAG(s) dict_keys(['latest_only_with_trigger']) retrieved from /home/airflow/.local/lib/python3.7/site-packages/airflow/example_dags/example_latest_only_with_trigger.py
[2024-10-27T01:38:03.956+0000] {logging_mixin.py:150} INFO - [2024-10-27T01:38:03.955+0000] {dag.py:2742} INFO - Sync 1 DAGs
[2024-10-27T01:38:03.995+0000] {logging_mixin.py:150} INFO - [2024-10-27T01:38:03.995+0000] {dag.py:3508} INFO - Setting next_dagrun for latest_only_with_trigger to 2024-10-26T21:38:03.994506+00:00, run_after=2024-10-27T01:38:03.994506+00:00
[2024-10-27T01:38:04.043+0000] {processor.py:179} INFO - Processing /home/airflow/.local/lib/python3.7/site-packages/airflow/example_dags/example_latest_only_with_trigger.py took 0.137 seconds
[2024-10-27T01:38:34.160+0000] {processor.py:157} INFO - Started process (PID=201) to work on /home/airflow/.local/lib/python3.7/site-packages/airflow/example_dags/example_latest_only_with_trigger.py
[2024-10-27T01:38:34.161+0000] {processor.py:826} INFO - Processing file /home/airflow/.local/lib/python3.7/site-packages/airflow/example_dags/example_latest_only_with_trigger.py for tasks to queue
[2024-10-27T01:38:34.161+0000] {logging_mixin.py:150} INFO - [2024-10-27T01:38:34.161+0000] {dagbag.py:541} INFO - Filling up the DagBag from /home/airflow/.local/lib/python3.7/site-packages/airflow/example_dags/example_latest_only_with_trigger.py
[2024-10-27T01:38:34.164+0000] {processor.py:836} INFO - DAG(s) dict_keys(['latest_only_with_trigger']) retrieved from /home/airflow/.local/lib/python3.7/site-packages/airflow/example_dags/example_latest_only_with_trigger.py
[2024-10-27T01:38:34.174+0000] {logging_mixin.py:150} INFO - [2024-10-27T01:38:34.174+0000] {dag.py:2742} INFO - Sync 1 DAGs
[2024-10-27T01:38:34.184+0000] {logging_mixin.py:150} INFO - [2024-10-27T01:38:34.184+0000] {dag.py:3508} INFO - Setting next_dagrun for latest_only_with_trigger to 2024-10-26T21:38:34.184127+00:00, run_after=2024-10-27T01:38:34.184127+00:00
[2024-10-27T01:38:34.190+0000] {processor.py:179} INFO - Processing /home/airflow/.local/lib/python3.7/site-packages/airflow/example_dags/example_latest_only_with_trigger.py took 0.031 seconds
[2024-10-27T01:39:04.824+0000] {processor.py:157} INFO - Started process (PID=289) to work on /home/airflow/.local/lib/python3.7/site-packages/airflow/example_dags/example_latest_only_with_trigger.py
[2024-10-27T01:39:04.825+0000] {processor.py:826} INFO - Processing file /home/airflow/.local/lib/python3.7/site-packages/airflow/example_dags/example_latest_only_with_trigger.py for tasks to queue
[2024-10-27T01:39:04.826+0000] {logging_mixin.py:150} INFO - [2024-10-27T01:39:04.825+0000] {dagbag.py:541} INFO - Filling up the DagBag from /home/airflow/.local/lib/python3.7/site-packages/airflow/example_dags/example_latest_only_with_trigger.py
[2024-10-27T01:39:04.828+0000] {processor.py:836} INFO - DAG(s) dict_keys(['latest_only_with_trigger']) retrieved from /home/airflow/.local/lib/python3.7/site-packages/airflow/example_dags/example_latest_only_with_trigger.py
[2024-10-27T01:39:04.852+0000] {logging_mixin.py:150} INFO - [2024-10-27T01:39:04.852+0000] {dag.py:2742} INFO - Sync 1 DAGs
[2024-10-27T01:39:04.872+0000] {logging_mixin.py:150} INFO - [2024-10-27T01:39:04.871+0000] {dag.py:3508} INFO - Setting next_dagrun for latest_only_with_trigger to 2024-10-26T21:39:04.871769+00:00, run_after=2024-10-27T01:39:04.871769+00:00
[2024-10-27T01:39:04.880+0000] {processor.py:179} INFO - Processing /home/airflow/.local/lib/python3.7/site-packages/airflow/example_dags/example_latest_only_with_trigger.py took 0.058 seconds
[2024-10-27T01:39:35.555+0000] {processor.py:157} INFO - Started process (PID=377) to work on /home/airflow/.local/lib/python3.7/site-packages/airflow/example_dags/example_latest_only_with_trigger.py
[2024-10-27T01:39:35.556+0000] {processor.py:826} INFO - Processing file /home/airflow/.local/lib/python3.7/site-packages/airflow/example_dags/example_latest_only_with_trigger.py for tasks to queue
[2024-10-27T01:39:35.556+0000] {logging_mixin.py:150} INFO - [2024-10-27T01:39:35.556+0000] {dagbag.py:541} INFO - Filling up the DagBag from /home/airflow/.local/lib/python3.7/site-packages/airflow/example_dags/example_latest_only_with_trigger.py
[2024-10-27T01:39:35.559+0000] {processor.py:836} INFO - DAG(s) dict_keys(['latest_only_with_trigger']) retrieved from /home/airflow/.local/lib/python3.7/site-packages/airflow/example_dags/example_latest_only_with_trigger.py
[2024-10-27T01:39:35.570+0000] {logging_mixin.py:150} INFO - [2024-10-27T01:39:35.570+0000] {dag.py:2742} INFO - Sync 1 DAGs
[2024-10-27T01:39:35.582+0000] {logging_mixin.py:150} INFO - [2024-10-27T01:39:35.582+0000] {dag.py:3508} INFO - Setting next_dagrun for latest_only_with_trigger to 2024-10-26T21:39:35.582248+00:00, run_after=2024-10-27T01:39:35.582248+00:00
[2024-10-27T01:39:35.590+0000] {processor.py:179} INFO - Processing /home/airflow/.local/lib/python3.7/site-packages/airflow/example_dags/example_latest_only_with_trigger.py took 0.036 seconds
