[2024-10-27T01:38:02.784+0000] {processor.py:157} INFO - Started process (PID=98) to work on /home/airflow/.local/lib/python3.7/site-packages/airflow/example_dags/example_branch_python_dop_operator_3.py
[2024-10-27T01:38:02.788+0000] {processor.py:826} INFO - Processing file /home/airflow/.local/lib/python3.7/site-packages/airflow/example_dags/example_branch_python_dop_operator_3.py for tasks to queue
[2024-10-27T01:38:02.791+0000] {logging_mixin.py:150} INFO - [2024-10-27T01:38:02.790+0000] {dagbag.py:541} INFO - Filling up the DagBag from /home/airflow/.local/lib/python3.7/site-packages/airflow/example_dags/example_branch_python_dop_operator_3.py
[2024-10-27T01:38:02.799+0000] {processor.py:836} INFO - DAG(s) dict_keys(['example_branch_dop_operator_v3']) retrieved from /home/airflow/.local/lib/python3.7/site-packages/airflow/example_dags/example_branch_python_dop_operator_3.py
[2024-10-27T01:38:02.855+0000] {logging_mixin.py:150} INFO - [2024-10-27T01:38:02.855+0000] {dag.py:2742} INFO - Sync 1 DAGs
[2024-10-27T01:38:02.880+0000] {logging_mixin.py:150} INFO - [2024-10-27T01:38:02.880+0000] {dag.py:3508} INFO - Setting next_dagrun for example_branch_dop_operator_v3 to 2024-10-27T01:37:00+00:00, run_after=2024-10-27T01:38:00+00:00
[2024-10-27T01:38:02.896+0000] {processor.py:179} INFO - Processing /home/airflow/.local/lib/python3.7/site-packages/airflow/example_dags/example_branch_python_dop_operator_3.py took 0.119 seconds
[2024-10-27T01:38:33.739+0000] {processor.py:157} INFO - Started process (PID=186) to work on /home/airflow/.local/lib/python3.7/site-packages/airflow/example_dags/example_branch_python_dop_operator_3.py
[2024-10-27T01:38:33.740+0000] {processor.py:826} INFO - Processing file /home/airflow/.local/lib/python3.7/site-packages/airflow/example_dags/example_branch_python_dop_operator_3.py for tasks to queue
[2024-10-27T01:38:33.740+0000] {logging_mixin.py:150} INFO - [2024-10-27T01:38:33.740+0000] {dagbag.py:541} INFO - Filling up the DagBag from /home/airflow/.local/lib/python3.7/site-packages/airflow/example_dags/example_branch_python_dop_operator_3.py
[2024-10-27T01:38:33.743+0000] {processor.py:836} INFO - DAG(s) dict_keys(['example_branch_dop_operator_v3']) retrieved from /home/airflow/.local/lib/python3.7/site-packages/airflow/example_dags/example_branch_python_dop_operator_3.py
[2024-10-27T01:38:33.754+0000] {logging_mixin.py:150} INFO - [2024-10-27T01:38:33.753+0000] {dag.py:2742} INFO - Sync 1 DAGs
[2024-10-27T01:38:33.765+0000] {logging_mixin.py:150} INFO - [2024-10-27T01:38:33.765+0000] {dag.py:3508} INFO - Setting next_dagrun for example_branch_dop_operator_v3 to 2024-10-27T01:37:00+00:00, run_after=2024-10-27T01:38:00+00:00
[2024-10-27T01:38:33.771+0000] {processor.py:179} INFO - Processing /home/airflow/.local/lib/python3.7/site-packages/airflow/example_dags/example_branch_python_dop_operator_3.py took 0.034 seconds
[2024-10-27T01:39:04.343+0000] {processor.py:157} INFO - Started process (PID=274) to work on /home/airflow/.local/lib/python3.7/site-packages/airflow/example_dags/example_branch_python_dop_operator_3.py
[2024-10-27T01:39:04.343+0000] {processor.py:826} INFO - Processing file /home/airflow/.local/lib/python3.7/site-packages/airflow/example_dags/example_branch_python_dop_operator_3.py for tasks to queue
[2024-10-27T01:39:04.343+0000] {logging_mixin.py:150} INFO - [2024-10-27T01:39:04.343+0000] {dagbag.py:541} INFO - Filling up the DagBag from /home/airflow/.local/lib/python3.7/site-packages/airflow/example_dags/example_branch_python_dop_operator_3.py
[2024-10-27T01:39:04.347+0000] {processor.py:836} INFO - DAG(s) dict_keys(['example_branch_dop_operator_v3']) retrieved from /home/airflow/.local/lib/python3.7/site-packages/airflow/example_dags/example_branch_python_dop_operator_3.py
[2024-10-27T01:39:04.359+0000] {logging_mixin.py:150} INFO - [2024-10-27T01:39:04.359+0000] {dag.py:2742} INFO - Sync 1 DAGs
[2024-10-27T01:39:04.373+0000] {logging_mixin.py:150} INFO - [2024-10-27T01:39:04.373+0000] {dag.py:3508} INFO - Setting next_dagrun for example_branch_dop_operator_v3 to 2024-10-27T01:38:00+00:00, run_after=2024-10-27T01:39:00+00:00
[2024-10-27T01:39:04.383+0000] {processor.py:179} INFO - Processing /home/airflow/.local/lib/python3.7/site-packages/airflow/example_dags/example_branch_python_dop_operator_3.py took 0.042 seconds
[2024-10-27T01:39:35.107+0000] {processor.py:157} INFO - Started process (PID=362) to work on /home/airflow/.local/lib/python3.7/site-packages/airflow/example_dags/example_branch_python_dop_operator_3.py
[2024-10-27T01:39:35.108+0000] {processor.py:826} INFO - Processing file /home/airflow/.local/lib/python3.7/site-packages/airflow/example_dags/example_branch_python_dop_operator_3.py for tasks to queue
[2024-10-27T01:39:35.108+0000] {logging_mixin.py:150} INFO - [2024-10-27T01:39:35.108+0000] {dagbag.py:541} INFO - Filling up the DagBag from /home/airflow/.local/lib/python3.7/site-packages/airflow/example_dags/example_branch_python_dop_operator_3.py
[2024-10-27T01:39:35.113+0000] {processor.py:836} INFO - DAG(s) dict_keys(['example_branch_dop_operator_v3']) retrieved from /home/airflow/.local/lib/python3.7/site-packages/airflow/example_dags/example_branch_python_dop_operator_3.py
[2024-10-27T01:39:35.123+0000] {logging_mixin.py:150} INFO - [2024-10-27T01:39:35.123+0000] {dag.py:2742} INFO - Sync 1 DAGs
[2024-10-27T01:39:35.137+0000] {logging_mixin.py:150} INFO - [2024-10-27T01:39:35.136+0000] {dag.py:3508} INFO - Setting next_dagrun for example_branch_dop_operator_v3 to 2024-10-27T01:38:00+00:00, run_after=2024-10-27T01:39:00+00:00
[2024-10-27T01:39:35.148+0000] {processor.py:179} INFO - Processing /home/airflow/.local/lib/python3.7/site-packages/airflow/example_dags/example_branch_python_dop_operator_3.py took 0.043 seconds
