[2024-10-27T01:38:02.194+0000] {processor.py:157} INFO - Started process (PID=89) to work on /home/airflow/.local/lib/python3.7/site-packages/airflow/example_dags/example_subdag_operator.py
[2024-10-27T01:38:02.196+0000] {processor.py:826} INFO - Processing file /home/airflow/.local/lib/python3.7/site-packages/airflow/example_dags/example_subdag_operator.py for tasks to queue
[2024-10-27T01:38:02.197+0000] {logging_mixin.py:150} INFO - [2024-10-27T01:38:02.197+0000] {dagbag.py:541} INFO - Filling up the DagBag from /home/airflow/.local/lib/python3.7/site-packages/airflow/example_dags/example_subdag_operator.py
[2024-10-27T01:38:02.211+0000] {processor.py:836} INFO - DAG(s) dict_keys(['example_subdag_operator.section-1', 'example_subdag_operator.section-2', 'example_subdag_operator']) retrieved from /home/airflow/.local/lib/python3.7/site-packages/airflow/example_dags/example_subdag_operator.py
[2024-10-27T01:38:02.229+0000] {logging_mixin.py:150} INFO - [2024-10-27T01:38:02.229+0000] {dag.py:2742} INFO - Sync 3 DAGs
[2024-10-27T01:38:02.245+0000] {logging_mixin.py:150} INFO - [2024-10-27T01:38:02.245+0000] {dag.py:3508} INFO - Setting next_dagrun for example_subdag_operator to 2022-01-01T00:00:00+00:00, run_after=2022-01-01T00:00:00+00:00
[2024-10-27T01:38:02.247+0000] {logging_mixin.py:150} INFO - [2024-10-27T01:38:02.247+0000] {dag.py:3508} INFO - Setting next_dagrun for example_subdag_operator.section-1 to None, run_after=None
[2024-10-27T01:38:02.248+0000] {logging_mixin.py:150} INFO - [2024-10-27T01:38:02.248+0000] {dag.py:3508} INFO - Setting next_dagrun for example_subdag_operator.section-2 to None, run_after=None
[2024-10-27T01:38:02.251+0000] {logging_mixin.py:150} INFO - [2024-10-27T01:38:02.251+0000] {dag.py:2742} INFO - Sync 2 DAGs
[2024-10-27T01:38:02.254+0000] {logging_mixin.py:150} INFO - [2024-10-27T01:38:02.254+0000] {dag.py:3508} INFO - Setting next_dagrun for example_subdag_operator.section-1 to None, run_after=None
[2024-10-27T01:38:02.254+0000] {logging_mixin.py:150} INFO - [2024-10-27T01:38:02.254+0000] {dag.py:3508} INFO - Setting next_dagrun for example_subdag_operator.section-2 to None, run_after=None
[2024-10-27T01:38:02.259+0000] {processor.py:179} INFO - Processing /home/airflow/.local/lib/python3.7/site-packages/airflow/example_dags/example_subdag_operator.py took 0.083 seconds
[2024-10-27T01:38:32.378+0000] {processor.py:157} INFO - Started process (PID=177) to work on /home/airflow/.local/lib/python3.7/site-packages/airflow/example_dags/example_subdag_operator.py
[2024-10-27T01:38:32.378+0000] {processor.py:826} INFO - Processing file /home/airflow/.local/lib/python3.7/site-packages/airflow/example_dags/example_subdag_operator.py for tasks to queue
[2024-10-27T01:38:32.378+0000] {logging_mixin.py:150} INFO - [2024-10-27T01:38:32.378+0000] {dagbag.py:541} INFO - Filling up the DagBag from /home/airflow/.local/lib/python3.7/site-packages/airflow/example_dags/example_subdag_operator.py
[2024-10-27T01:38:32.391+0000] {processor.py:836} INFO - DAG(s) dict_keys(['example_subdag_operator.section-1', 'example_subdag_operator.section-2', 'example_subdag_operator']) retrieved from /home/airflow/.local/lib/python3.7/site-packages/airflow/example_dags/example_subdag_operator.py
[2024-10-27T01:38:32.398+0000] {logging_mixin.py:150} INFO - [2024-10-27T01:38:32.398+0000] {dag.py:2742} INFO - Sync 3 DAGs
[2024-10-27T01:38:32.408+0000] {logging_mixin.py:150} INFO - [2024-10-27T01:38:32.408+0000] {dag.py:3508} INFO - Setting next_dagrun for example_subdag_operator to 2022-01-01T00:00:00+00:00, run_after=2022-01-01T00:00:00+00:00
[2024-10-27T01:38:32.409+0000] {logging_mixin.py:150} INFO - [2024-10-27T01:38:32.409+0000] {dag.py:3508} INFO - Setting next_dagrun for example_subdag_operator.section-1 to None, run_after=None
[2024-10-27T01:38:32.410+0000] {logging_mixin.py:150} INFO - [2024-10-27T01:38:32.410+0000] {dag.py:3508} INFO - Setting next_dagrun for example_subdag_operator.section-2 to None, run_after=None
[2024-10-27T01:38:32.413+0000] {logging_mixin.py:150} INFO - [2024-10-27T01:38:32.413+0000] {dag.py:2742} INFO - Sync 2 DAGs
[2024-10-27T01:38:32.414+0000] {logging_mixin.py:150} INFO - [2024-10-27T01:38:32.414+0000] {dag.py:3508} INFO - Setting next_dagrun for example_subdag_operator.section-1 to None, run_after=None
[2024-10-27T01:38:32.415+0000] {logging_mixin.py:150} INFO - [2024-10-27T01:38:32.415+0000] {dag.py:3508} INFO - Setting next_dagrun for example_subdag_operator.section-2 to None, run_after=None
[2024-10-27T01:38:32.418+0000] {processor.py:179} INFO - Processing /home/airflow/.local/lib/python3.7/site-packages/airflow/example_dags/example_subdag_operator.py took 0.042 seconds
[2024-10-27T01:39:02.780+0000] {processor.py:157} INFO - Started process (PID=265) to work on /home/airflow/.local/lib/python3.7/site-packages/airflow/example_dags/example_subdag_operator.py
[2024-10-27T01:39:02.785+0000] {processor.py:826} INFO - Processing file /home/airflow/.local/lib/python3.7/site-packages/airflow/example_dags/example_subdag_operator.py for tasks to queue
[2024-10-27T01:39:02.786+0000] {logging_mixin.py:150} INFO - [2024-10-27T01:39:02.786+0000] {dagbag.py:541} INFO - Filling up the DagBag from /home/airflow/.local/lib/python3.7/site-packages/airflow/example_dags/example_subdag_operator.py
[2024-10-27T01:39:02.797+0000] {processor.py:836} INFO - DAG(s) dict_keys(['example_subdag_operator.section-1', 'example_subdag_operator.section-2', 'example_subdag_operator']) retrieved from /home/airflow/.local/lib/python3.7/site-packages/airflow/example_dags/example_subdag_operator.py
[2024-10-27T01:39:02.805+0000] {logging_mixin.py:150} INFO - [2024-10-27T01:39:02.805+0000] {dag.py:2742} INFO - Sync 3 DAGs
[2024-10-27T01:39:02.818+0000] {logging_mixin.py:150} INFO - [2024-10-27T01:39:02.818+0000] {dag.py:3508} INFO - Setting next_dagrun for example_subdag_operator to 2022-01-01T00:00:00+00:00, run_after=2022-01-01T00:00:00+00:00
[2024-10-27T01:39:02.822+0000] {logging_mixin.py:150} INFO - [2024-10-27T01:39:02.822+0000] {dag.py:3508} INFO - Setting next_dagrun for example_subdag_operator.section-1 to None, run_after=None
[2024-10-27T01:39:02.823+0000] {logging_mixin.py:150} INFO - [2024-10-27T01:39:02.823+0000] {dag.py:3508} INFO - Setting next_dagrun for example_subdag_operator.section-2 to None, run_after=None
[2024-10-27T01:39:02.826+0000] {logging_mixin.py:150} INFO - [2024-10-27T01:39:02.826+0000] {dag.py:2742} INFO - Sync 2 DAGs
[2024-10-27T01:39:02.829+0000] {logging_mixin.py:150} INFO - [2024-10-27T01:39:02.829+0000] {dag.py:3508} INFO - Setting next_dagrun for example_subdag_operator.section-1 to None, run_after=None
[2024-10-27T01:39:02.831+0000] {logging_mixin.py:150} INFO - [2024-10-27T01:39:02.831+0000] {dag.py:3508} INFO - Setting next_dagrun for example_subdag_operator.section-2 to None, run_after=None
[2024-10-27T01:39:02.840+0000] {processor.py:179} INFO - Processing /home/airflow/.local/lib/python3.7/site-packages/airflow/example_dags/example_subdag_operator.py took 0.061 seconds
[2024-10-27T01:39:33.793+0000] {processor.py:157} INFO - Started process (PID=353) to work on /home/airflow/.local/lib/python3.7/site-packages/airflow/example_dags/example_subdag_operator.py
[2024-10-27T01:39:33.793+0000] {processor.py:826} INFO - Processing file /home/airflow/.local/lib/python3.7/site-packages/airflow/example_dags/example_subdag_operator.py for tasks to queue
[2024-10-27T01:39:33.794+0000] {logging_mixin.py:150} INFO - [2024-10-27T01:39:33.793+0000] {dagbag.py:541} INFO - Filling up the DagBag from /home/airflow/.local/lib/python3.7/site-packages/airflow/example_dags/example_subdag_operator.py
[2024-10-27T01:39:33.803+0000] {processor.py:836} INFO - DAG(s) dict_keys(['example_subdag_operator.section-1', 'example_subdag_operator.section-2', 'example_subdag_operator']) retrieved from /home/airflow/.local/lib/python3.7/site-packages/airflow/example_dags/example_subdag_operator.py
[2024-10-27T01:39:33.811+0000] {logging_mixin.py:150} INFO - [2024-10-27T01:39:33.811+0000] {dag.py:2742} INFO - Sync 3 DAGs
[2024-10-27T01:39:33.821+0000] {logging_mixin.py:150} INFO - [2024-10-27T01:39:33.821+0000] {dag.py:3508} INFO - Setting next_dagrun for example_subdag_operator to 2022-01-01T00:00:00+00:00, run_after=2022-01-01T00:00:00+00:00
[2024-10-27T01:39:33.822+0000] {logging_mixin.py:150} INFO - [2024-10-27T01:39:33.822+0000] {dag.py:3508} INFO - Setting next_dagrun for example_subdag_operator.section-1 to None, run_after=None
[2024-10-27T01:39:33.823+0000] {logging_mixin.py:150} INFO - [2024-10-27T01:39:33.823+0000] {dag.py:3508} INFO - Setting next_dagrun for example_subdag_operator.section-2 to None, run_after=None
[2024-10-27T01:39:33.825+0000] {logging_mixin.py:150} INFO - [2024-10-27T01:39:33.825+0000] {dag.py:2742} INFO - Sync 2 DAGs
[2024-10-27T01:39:33.827+0000] {logging_mixin.py:150} INFO - [2024-10-27T01:39:33.827+0000] {dag.py:3508} INFO - Setting next_dagrun for example_subdag_operator.section-1 to None, run_after=None
[2024-10-27T01:39:33.827+0000] {logging_mixin.py:150} INFO - [2024-10-27T01:39:33.827+0000] {dag.py:3508} INFO - Setting next_dagrun for example_subdag_operator.section-2 to None, run_after=None
[2024-10-27T01:39:33.831+0000] {processor.py:179} INFO - Processing /home/airflow/.local/lib/python3.7/site-packages/airflow/example_dags/example_subdag_operator.py took 0.039 seconds
