[2024-10-27T01:38:02.474+0000] {processor.py:157} INFO - Started process (PID=95) to work on /home/airflow/.local/lib/python3.7/site-packages/airflow/example_dags/example_xcom.py
[2024-10-27T01:38:02.478+0000] {processor.py:826} INFO - Processing file /home/airflow/.local/lib/python3.7/site-packages/airflow/example_dags/example_xcom.py for tasks to queue
[2024-10-27T01:38:02.479+0000] {logging_mixin.py:150} INFO - [2024-10-27T01:38:02.479+0000] {dagbag.py:541} INFO - Filling up the DagBag from /home/airflow/.local/lib/python3.7/site-packages/airflow/example_dags/example_xcom.py
[2024-10-27T01:38:02.521+0000] {processor.py:836} INFO - DAG(s) dict_keys(['example_xcom']) retrieved from /home/airflow/.local/lib/python3.7/site-packages/airflow/example_dags/example_xcom.py
[2024-10-27T01:38:02.550+0000] {logging_mixin.py:150} INFO - [2024-10-27T01:38:02.550+0000] {dag.py:2742} INFO - Sync 1 DAGs
[2024-10-27T01:38:02.589+0000] {logging_mixin.py:150} INFO - [2024-10-27T01:38:02.588+0000] {dag.py:3508} INFO - Setting next_dagrun for example_xcom to 2021-01-01T00:00:00+00:00, run_after=2021-01-01T00:00:00+00:00
[2024-10-27T01:38:02.610+0000] {processor.py:179} INFO - Processing /home/airflow/.local/lib/python3.7/site-packages/airflow/example_dags/example_xcom.py took 0.137 seconds
[2024-10-27T01:38:33.564+0000] {processor.py:157} INFO - Started process (PID=183) to work on /home/airflow/.local/lib/python3.7/site-packages/airflow/example_dags/example_xcom.py
[2024-10-27T01:38:33.570+0000] {processor.py:826} INFO - Processing file /home/airflow/.local/lib/python3.7/site-packages/airflow/example_dags/example_xcom.py for tasks to queue
[2024-10-27T01:38:33.572+0000] {logging_mixin.py:150} INFO - [2024-10-27T01:38:33.572+0000] {dagbag.py:541} INFO - Filling up the DagBag from /home/airflow/.local/lib/python3.7/site-packages/airflow/example_dags/example_xcom.py
[2024-10-27T01:38:33.577+0000] {processor.py:836} INFO - DAG(s) dict_keys(['example_xcom']) retrieved from /home/airflow/.local/lib/python3.7/site-packages/airflow/example_dags/example_xcom.py
[2024-10-27T01:38:33.594+0000] {logging_mixin.py:150} INFO - [2024-10-27T01:38:33.594+0000] {dag.py:2742} INFO - Sync 1 DAGs
[2024-10-27T01:38:33.607+0000] {logging_mixin.py:150} INFO - [2024-10-27T01:38:33.607+0000] {dag.py:3508} INFO - Setting next_dagrun for example_xcom to 2021-01-01T00:00:00+00:00, run_after=2021-01-01T00:00:00+00:00
[2024-10-27T01:38:33.614+0000] {processor.py:179} INFO - Processing /home/airflow/.local/lib/python3.7/site-packages/airflow/example_dags/example_xcom.py took 0.054 seconds
[2024-10-27T01:39:04.121+0000] {processor.py:157} INFO - Started process (PID=271) to work on /home/airflow/.local/lib/python3.7/site-packages/airflow/example_dags/example_xcom.py
[2024-10-27T01:39:04.128+0000] {processor.py:826} INFO - Processing file /home/airflow/.local/lib/python3.7/site-packages/airflow/example_dags/example_xcom.py for tasks to queue
[2024-10-27T01:39:04.128+0000] {logging_mixin.py:150} INFO - [2024-10-27T01:39:04.128+0000] {dagbag.py:541} INFO - Filling up the DagBag from /home/airflow/.local/lib/python3.7/site-packages/airflow/example_dags/example_xcom.py
[2024-10-27T01:39:04.137+0000] {processor.py:836} INFO - DAG(s) dict_keys(['example_xcom']) retrieved from /home/airflow/.local/lib/python3.7/site-packages/airflow/example_dags/example_xcom.py
[2024-10-27T01:39:04.174+0000] {logging_mixin.py:150} INFO - [2024-10-27T01:39:04.173+0000] {dag.py:2742} INFO - Sync 1 DAGs
[2024-10-27T01:39:04.201+0000] {logging_mixin.py:150} INFO - [2024-10-27T01:39:04.201+0000] {dag.py:3508} INFO - Setting next_dagrun for example_xcom to 2021-01-01T00:00:00+00:00, run_after=2021-01-01T00:00:00+00:00
[2024-10-27T01:39:04.219+0000] {processor.py:179} INFO - Processing /home/airflow/.local/lib/python3.7/site-packages/airflow/example_dags/example_xcom.py took 0.108 seconds
[2024-10-27T01:39:34.956+0000] {processor.py:157} INFO - Started process (PID=359) to work on /home/airflow/.local/lib/python3.7/site-packages/airflow/example_dags/example_xcom.py
[2024-10-27T01:39:34.957+0000] {processor.py:826} INFO - Processing file /home/airflow/.local/lib/python3.7/site-packages/airflow/example_dags/example_xcom.py for tasks to queue
[2024-10-27T01:39:34.957+0000] {logging_mixin.py:150} INFO - [2024-10-27T01:39:34.957+0000] {dagbag.py:541} INFO - Filling up the DagBag from /home/airflow/.local/lib/python3.7/site-packages/airflow/example_dags/example_xcom.py
[2024-10-27T01:39:34.964+0000] {processor.py:836} INFO - DAG(s) dict_keys(['example_xcom']) retrieved from /home/airflow/.local/lib/python3.7/site-packages/airflow/example_dags/example_xcom.py
[2024-10-27T01:39:34.981+0000] {logging_mixin.py:150} INFO - [2024-10-27T01:39:34.981+0000] {dag.py:2742} INFO - Sync 1 DAGs
[2024-10-27T01:39:34.994+0000] {logging_mixin.py:150} INFO - [2024-10-27T01:39:34.994+0000] {dag.py:3508} INFO - Setting next_dagrun for example_xcom to 2021-01-01T00:00:00+00:00, run_after=2021-01-01T00:00:00+00:00
[2024-10-27T01:39:35.003+0000] {processor.py:179} INFO - Processing /home/airflow/.local/lib/python3.7/site-packages/airflow/example_dags/example_xcom.py took 0.050 seconds
