[2024-10-27T01:38:03.134+0000] {processor.py:157} INFO - Started process (PID=103) to work on /home/airflow/.local/lib/python3.7/site-packages/airflow/example_dags/example_branch_day_of_week_operator.py
[2024-10-27T01:38:03.138+0000] {processor.py:826} INFO - Processing file /home/airflow/.local/lib/python3.7/site-packages/airflow/example_dags/example_branch_day_of_week_operator.py for tasks to queue
[2024-10-27T01:38:03.140+0000] {logging_mixin.py:150} INFO - [2024-10-27T01:38:03.140+0000] {dagbag.py:541} INFO - Filling up the DagBag from /home/airflow/.local/lib/python3.7/site-packages/airflow/example_dags/example_branch_day_of_week_operator.py
[2024-10-27T01:38:03.146+0000] {processor.py:836} INFO - DAG(s) dict_keys(['example_weekday_branch_operator']) retrieved from /home/airflow/.local/lib/python3.7/site-packages/airflow/example_dags/example_branch_day_of_week_operator.py
[2024-10-27T01:38:03.179+0000] {logging_mixin.py:150} INFO - [2024-10-27T01:38:03.179+0000] {dag.py:2742} INFO - Sync 1 DAGs
[2024-10-27T01:38:03.204+0000] {logging_mixin.py:150} INFO - [2024-10-27T01:38:03.203+0000] {dag.py:3508} INFO - Setting next_dagrun for example_weekday_branch_operator to 2024-10-26T00:00:00+00:00, run_after=2024-10-27T00:00:00+00:00
[2024-10-27T01:38:03.222+0000] {processor.py:179} INFO - Processing /home/airflow/.local/lib/python3.7/site-packages/airflow/example_dags/example_branch_day_of_week_operator.py took 0.097 seconds
[2024-10-27T01:38:33.877+0000] {processor.py:157} INFO - Started process (PID=191) to work on /home/airflow/.local/lib/python3.7/site-packages/airflow/example_dags/example_branch_day_of_week_operator.py
[2024-10-27T01:38:33.878+0000] {processor.py:826} INFO - Processing file /home/airflow/.local/lib/python3.7/site-packages/airflow/example_dags/example_branch_day_of_week_operator.py for tasks to queue
[2024-10-27T01:38:33.879+0000] {logging_mixin.py:150} INFO - [2024-10-27T01:38:33.879+0000] {dagbag.py:541} INFO - Filling up the DagBag from /home/airflow/.local/lib/python3.7/site-packages/airflow/example_dags/example_branch_day_of_week_operator.py
[2024-10-27T01:38:33.884+0000] {processor.py:836} INFO - DAG(s) dict_keys(['example_weekday_branch_operator']) retrieved from /home/airflow/.local/lib/python3.7/site-packages/airflow/example_dags/example_branch_day_of_week_operator.py
[2024-10-27T01:38:33.896+0000] {logging_mixin.py:150} INFO - [2024-10-27T01:38:33.896+0000] {dag.py:2742} INFO - Sync 1 DAGs
[2024-10-27T01:38:33.907+0000] {logging_mixin.py:150} INFO - [2024-10-27T01:38:33.907+0000] {dag.py:3508} INFO - Setting next_dagrun for example_weekday_branch_operator to 2024-10-26T00:00:00+00:00, run_after=2024-10-27T00:00:00+00:00
[2024-10-27T01:38:33.918+0000] {processor.py:179} INFO - Processing /home/airflow/.local/lib/python3.7/site-packages/airflow/example_dags/example_branch_day_of_week_operator.py took 0.042 seconds
[2024-10-27T01:39:04.504+0000] {processor.py:157} INFO - Started process (PID=279) to work on /home/airflow/.local/lib/python3.7/site-packages/airflow/example_dags/example_branch_day_of_week_operator.py
[2024-10-27T01:39:04.505+0000] {processor.py:826} INFO - Processing file /home/airflow/.local/lib/python3.7/site-packages/airflow/example_dags/example_branch_day_of_week_operator.py for tasks to queue
[2024-10-27T01:39:04.505+0000] {logging_mixin.py:150} INFO - [2024-10-27T01:39:04.505+0000] {dagbag.py:541} INFO - Filling up the DagBag from /home/airflow/.local/lib/python3.7/site-packages/airflow/example_dags/example_branch_day_of_week_operator.py
[2024-10-27T01:39:04.511+0000] {processor.py:836} INFO - DAG(s) dict_keys(['example_weekday_branch_operator']) retrieved from /home/airflow/.local/lib/python3.7/site-packages/airflow/example_dags/example_branch_day_of_week_operator.py
[2024-10-27T01:39:04.530+0000] {logging_mixin.py:150} INFO - [2024-10-27T01:39:04.530+0000] {dag.py:2742} INFO - Sync 1 DAGs
[2024-10-27T01:39:04.543+0000] {logging_mixin.py:150} INFO - [2024-10-27T01:39:04.543+0000] {dag.py:3508} INFO - Setting next_dagrun for example_weekday_branch_operator to 2024-10-26T00:00:00+00:00, run_after=2024-10-27T00:00:00+00:00
[2024-10-27T01:39:04.554+0000] {processor.py:179} INFO - Processing /home/airflow/.local/lib/python3.7/site-packages/airflow/example_dags/example_branch_day_of_week_operator.py took 0.052 seconds
[2024-10-27T01:39:35.283+0000] {processor.py:157} INFO - Started process (PID=367) to work on /home/airflow/.local/lib/python3.7/site-packages/airflow/example_dags/example_branch_day_of_week_operator.py
[2024-10-27T01:39:35.284+0000] {processor.py:826} INFO - Processing file /home/airflow/.local/lib/python3.7/site-packages/airflow/example_dags/example_branch_day_of_week_operator.py for tasks to queue
[2024-10-27T01:39:35.284+0000] {logging_mixin.py:150} INFO - [2024-10-27T01:39:35.284+0000] {dagbag.py:541} INFO - Filling up the DagBag from /home/airflow/.local/lib/python3.7/site-packages/airflow/example_dags/example_branch_day_of_week_operator.py
[2024-10-27T01:39:35.288+0000] {processor.py:836} INFO - DAG(s) dict_keys(['example_weekday_branch_operator']) retrieved from /home/airflow/.local/lib/python3.7/site-packages/airflow/example_dags/example_branch_day_of_week_operator.py
[2024-10-27T01:39:35.302+0000] {logging_mixin.py:150} INFO - [2024-10-27T01:39:35.301+0000] {dag.py:2742} INFO - Sync 1 DAGs
[2024-10-27T01:39:35.313+0000] {logging_mixin.py:150} INFO - [2024-10-27T01:39:35.313+0000] {dag.py:3508} INFO - Setting next_dagrun for example_weekday_branch_operator to 2024-10-26T00:00:00+00:00, run_after=2024-10-27T00:00:00+00:00
[2024-10-27T01:39:35.322+0000] {processor.py:179} INFO - Processing /home/airflow/.local/lib/python3.7/site-packages/airflow/example_dags/example_branch_day_of_week_operator.py took 0.040 seconds
