[2024-10-27T01:37:59.603+0000] {processor.py:157} INFO - Started process (PID=64) to work on /home/airflow/.local/lib/python3.7/site-packages/airflow/example_dags/example_python_operator.py
[2024-10-27T01:37:59.605+0000] {processor.py:826} INFO - Processing file /home/airflow/.local/lib/python3.7/site-packages/airflow/example_dags/example_python_operator.py for tasks to queue
[2024-10-27T01:37:59.605+0000] {logging_mixin.py:150} INFO - [2024-10-27T01:37:59.605+0000] {dagbag.py:541} INFO - Filling up the DagBag from /home/airflow/.local/lib/python3.7/site-packages/airflow/example_dags/example_python_operator.py
[2024-10-27T01:37:59.621+0000] {processor.py:836} INFO - DAG(s) dict_keys(['example_python_operator']) retrieved from /home/airflow/.local/lib/python3.7/site-packages/airflow/example_dags/example_python_operator.py
[2024-10-27T01:37:59.792+0000] {logging_mixin.py:150} INFO - [2024-10-27T01:37:59.792+0000] {dag.py:2742} INFO - Sync 1 DAGs
[2024-10-27T01:37:59.818+0000] {logging_mixin.py:150} INFO - [2024-10-27T01:37:59.818+0000] {dag.py:3508} INFO - Setting next_dagrun for example_python_operator to None, run_after=None
[2024-10-27T01:37:59.835+0000] {processor.py:179} INFO - Processing /home/airflow/.local/lib/python3.7/site-packages/airflow/example_dags/example_python_operator.py took 0.240 seconds
[2024-10-27T01:38:29.953+0000] {processor.py:157} INFO - Started process (PID=136) to work on /home/airflow/.local/lib/python3.7/site-packages/airflow/example_dags/example_python_operator.py
[2024-10-27T01:38:29.955+0000] {processor.py:826} INFO - Processing file /home/airflow/.local/lib/python3.7/site-packages/airflow/example_dags/example_python_operator.py for tasks to queue
[2024-10-27T01:38:29.956+0000] {logging_mixin.py:150} INFO - [2024-10-27T01:38:29.955+0000] {dagbag.py:541} INFO - Filling up the DagBag from /home/airflow/.local/lib/python3.7/site-packages/airflow/example_dags/example_python_operator.py
[2024-10-27T01:38:29.964+0000] {processor.py:836} INFO - DAG(s) dict_keys(['example_python_operator']) retrieved from /home/airflow/.local/lib/python3.7/site-packages/airflow/example_dags/example_python_operator.py
[2024-10-27T01:38:29.992+0000] {logging_mixin.py:150} INFO - [2024-10-27T01:38:29.992+0000] {dag.py:2742} INFO - Sync 1 DAGs
[2024-10-27T01:38:30.048+0000] {logging_mixin.py:150} INFO - [2024-10-27T01:38:30.048+0000] {dag.py:3508} INFO - Setting next_dagrun for example_python_operator to None, run_after=None
[2024-10-27T01:38:30.066+0000] {processor.py:179} INFO - Processing /home/airflow/.local/lib/python3.7/site-packages/airflow/example_dags/example_python_operator.py took 0.114 seconds
[2024-10-27T01:39:01.539+0000] {processor.py:157} INFO - Started process (PID=239) to work on /home/airflow/.local/lib/python3.7/site-packages/airflow/example_dags/example_python_operator.py
[2024-10-27T01:39:01.544+0000] {processor.py:826} INFO - Processing file /home/airflow/.local/lib/python3.7/site-packages/airflow/example_dags/example_python_operator.py for tasks to queue
[2024-10-27T01:39:01.546+0000] {logging_mixin.py:150} INFO - [2024-10-27T01:39:01.545+0000] {dagbag.py:541} INFO - Filling up the DagBag from /home/airflow/.local/lib/python3.7/site-packages/airflow/example_dags/example_python_operator.py
[2024-10-27T01:39:01.557+0000] {processor.py:836} INFO - DAG(s) dict_keys(['example_python_operator']) retrieved from /home/airflow/.local/lib/python3.7/site-packages/airflow/example_dags/example_python_operator.py
[2024-10-27T01:39:01.575+0000] {logging_mixin.py:150} INFO - [2024-10-27T01:39:01.575+0000] {dag.py:2742} INFO - Sync 1 DAGs
[2024-10-27T01:39:01.591+0000] {logging_mixin.py:150} INFO - [2024-10-27T01:39:01.591+0000] {dag.py:3508} INFO - Setting next_dagrun for example_python_operator to None, run_after=None
[2024-10-27T01:39:01.602+0000] {processor.py:179} INFO - Processing /home/airflow/.local/lib/python3.7/site-packages/airflow/example_dags/example_python_operator.py took 0.068 seconds
[2024-10-27T01:39:32.057+0000] {processor.py:157} INFO - Started process (PID=327) to work on /home/airflow/.local/lib/python3.7/site-packages/airflow/example_dags/example_python_operator.py
[2024-10-27T01:39:32.058+0000] {processor.py:826} INFO - Processing file /home/airflow/.local/lib/python3.7/site-packages/airflow/example_dags/example_python_operator.py for tasks to queue
[2024-10-27T01:39:32.059+0000] {logging_mixin.py:150} INFO - [2024-10-27T01:39:32.059+0000] {dagbag.py:541} INFO - Filling up the DagBag from /home/airflow/.local/lib/python3.7/site-packages/airflow/example_dags/example_python_operator.py
[2024-10-27T01:39:32.069+0000] {processor.py:836} INFO - DAG(s) dict_keys(['example_python_operator']) retrieved from /home/airflow/.local/lib/python3.7/site-packages/airflow/example_dags/example_python_operator.py
[2024-10-27T01:39:32.085+0000] {logging_mixin.py:150} INFO - [2024-10-27T01:39:32.085+0000] {dag.py:2742} INFO - Sync 1 DAGs
[2024-10-27T01:39:32.097+0000] {logging_mixin.py:150} INFO - [2024-10-27T01:39:32.097+0000] {dag.py:3508} INFO - Setting next_dagrun for example_python_operator to None, run_after=None
[2024-10-27T01:39:32.105+0000] {processor.py:179} INFO - Processing /home/airflow/.local/lib/python3.7/site-packages/airflow/example_dags/example_python_operator.py took 0.051 seconds
