[2024-10-27T01:38:00.553+0000] {processor.py:157} INFO - Started process (PID=78) to work on /home/airflow/.local/lib/python3.7/site-packages/airflow/example_dags/example_short_circuit_decorator.py
[2024-10-27T01:38:00.557+0000] {processor.py:826} INFO - Processing file /home/airflow/.local/lib/python3.7/site-packages/airflow/example_dags/example_short_circuit_decorator.py for tasks to queue
[2024-10-27T01:38:00.559+0000] {logging_mixin.py:150} INFO - [2024-10-27T01:38:00.558+0000] {dagbag.py:541} INFO - Filling up the DagBag from /home/airflow/.local/lib/python3.7/site-packages/airflow/example_dags/example_short_circuit_decorator.py
[2024-10-27T01:38:00.570+0000] {processor.py:836} INFO - DAG(s) dict_keys(['example_short_circuit_decorator']) retrieved from /home/airflow/.local/lib/python3.7/site-packages/airflow/example_dags/example_short_circuit_decorator.py
[2024-10-27T01:38:00.608+0000] {logging_mixin.py:150} INFO - [2024-10-27T01:38:00.608+0000] {dag.py:2742} INFO - Sync 1 DAGs
[2024-10-27T01:38:00.630+0000] {logging_mixin.py:150} INFO - [2024-10-27T01:38:00.630+0000] {dag.py:3508} INFO - Setting next_dagrun for example_short_circuit_decorator to 2024-10-26T01:38:00.629835+00:00, run_after=2024-10-27T01:38:00.629835+00:00
[2024-10-27T01:38:00.657+0000] {processor.py:179} INFO - Processing /home/airflow/.local/lib/python3.7/site-packages/airflow/example_dags/example_short_circuit_decorator.py took 0.106 seconds
[2024-10-27T01:38:31.593+0000] {processor.py:157} INFO - Started process (PID=166) to work on /home/airflow/.local/lib/python3.7/site-packages/airflow/example_dags/example_short_circuit_decorator.py
[2024-10-27T01:38:31.594+0000] {processor.py:826} INFO - Processing file /home/airflow/.local/lib/python3.7/site-packages/airflow/example_dags/example_short_circuit_decorator.py for tasks to queue
[2024-10-27T01:38:31.594+0000] {logging_mixin.py:150} INFO - [2024-10-27T01:38:31.594+0000] {dagbag.py:541} INFO - Filling up the DagBag from /home/airflow/.local/lib/python3.7/site-packages/airflow/example_dags/example_short_circuit_decorator.py
[2024-10-27T01:38:31.601+0000] {processor.py:836} INFO - DAG(s) dict_keys(['example_short_circuit_decorator']) retrieved from /home/airflow/.local/lib/python3.7/site-packages/airflow/example_dags/example_short_circuit_decorator.py
[2024-10-27T01:38:31.618+0000] {logging_mixin.py:150} INFO - [2024-10-27T01:38:31.618+0000] {dag.py:2742} INFO - Sync 1 DAGs
[2024-10-27T01:38:31.632+0000] {logging_mixin.py:150} INFO - [2024-10-27T01:38:31.631+0000] {dag.py:3508} INFO - Setting next_dagrun for example_short_circuit_decorator to 2024-10-26T01:38:31.631804+00:00, run_after=2024-10-27T01:38:31.631804+00:00
[2024-10-27T01:38:31.640+0000] {processor.py:179} INFO - Processing /home/airflow/.local/lib/python3.7/site-packages/airflow/example_dags/example_short_circuit_decorator.py took 0.048 seconds
[2024-10-27T01:39:01.746+0000] {processor.py:157} INFO - Started process (PID=245) to work on /home/airflow/.local/lib/python3.7/site-packages/airflow/example_dags/example_short_circuit_decorator.py
[2024-10-27T01:39:01.747+0000] {processor.py:826} INFO - Processing file /home/airflow/.local/lib/python3.7/site-packages/airflow/example_dags/example_short_circuit_decorator.py for tasks to queue
[2024-10-27T01:39:01.749+0000] {logging_mixin.py:150} INFO - [2024-10-27T01:39:01.749+0000] {dagbag.py:541} INFO - Filling up the DagBag from /home/airflow/.local/lib/python3.7/site-packages/airflow/example_dags/example_short_circuit_decorator.py
[2024-10-27T01:39:01.755+0000] {processor.py:836} INFO - DAG(s) dict_keys(['example_short_circuit_decorator']) retrieved from /home/airflow/.local/lib/python3.7/site-packages/airflow/example_dags/example_short_circuit_decorator.py
[2024-10-27T01:39:01.767+0000] {logging_mixin.py:150} INFO - [2024-10-27T01:39:01.767+0000] {dag.py:2742} INFO - Sync 1 DAGs
[2024-10-27T01:39:01.778+0000] {logging_mixin.py:150} INFO - [2024-10-27T01:39:01.778+0000] {dag.py:3508} INFO - Setting next_dagrun for example_short_circuit_decorator to 2024-10-26T01:39:01.778600+00:00, run_after=2024-10-27T01:39:01.778600+00:00
[2024-10-27T01:39:01.787+0000] {processor.py:179} INFO - Processing /home/airflow/.local/lib/python3.7/site-packages/airflow/example_dags/example_short_circuit_decorator.py took 0.042 seconds
[2024-10-27T01:39:32.217+0000] {processor.py:157} INFO - Started process (PID=333) to work on /home/airflow/.local/lib/python3.7/site-packages/airflow/example_dags/example_short_circuit_decorator.py
[2024-10-27T01:39:32.220+0000] {processor.py:826} INFO - Processing file /home/airflow/.local/lib/python3.7/site-packages/airflow/example_dags/example_short_circuit_decorator.py for tasks to queue
[2024-10-27T01:39:32.221+0000] {logging_mixin.py:150} INFO - [2024-10-27T01:39:32.221+0000] {dagbag.py:541} INFO - Filling up the DagBag from /home/airflow/.local/lib/python3.7/site-packages/airflow/example_dags/example_short_circuit_decorator.py
[2024-10-27T01:39:32.226+0000] {processor.py:836} INFO - DAG(s) dict_keys(['example_short_circuit_decorator']) retrieved from /home/airflow/.local/lib/python3.7/site-packages/airflow/example_dags/example_short_circuit_decorator.py
[2024-10-27T01:39:32.238+0000] {logging_mixin.py:150} INFO - [2024-10-27T01:39:32.238+0000] {dag.py:2742} INFO - Sync 1 DAGs
[2024-10-27T01:39:32.252+0000] {logging_mixin.py:150} INFO - [2024-10-27T01:39:32.252+0000] {dag.py:3508} INFO - Setting next_dagrun for example_short_circuit_decorator to 2024-10-26T01:39:32.252491+00:00, run_after=2024-10-27T01:39:32.252491+00:00
[2024-10-27T01:39:32.262+0000] {processor.py:179} INFO - Processing /home/airflow/.local/lib/python3.7/site-packages/airflow/example_dags/example_short_circuit_decorator.py took 0.047 seconds
