[2024-10-27T01:38:03.284+0000] {processor.py:157} INFO - Started process (PID=106) to work on /home/airflow/.local/lib/python3.7/site-packages/airflow/example_dags/example_latest_only.py
[2024-10-27T01:38:03.285+0000] {processor.py:826} INFO - Processing file /home/airflow/.local/lib/python3.7/site-packages/airflow/example_dags/example_latest_only.py for tasks to queue
[2024-10-27T01:38:03.285+0000] {logging_mixin.py:150} INFO - [2024-10-27T01:38:03.285+0000] {dagbag.py:541} INFO - Filling up the DagBag from /home/airflow/.local/lib/python3.7/site-packages/airflow/example_dags/example_latest_only.py
[2024-10-27T01:38:03.290+0000] {processor.py:836} INFO - DAG(s) dict_keys(['latest_only']) retrieved from /home/airflow/.local/lib/python3.7/site-packages/airflow/example_dags/example_latest_only.py
[2024-10-27T01:38:03.341+0000] {logging_mixin.py:150} INFO - [2024-10-27T01:38:03.341+0000] {dag.py:2742} INFO - Sync 1 DAGs
[2024-10-27T01:38:03.362+0000] {logging_mixin.py:150} INFO - [2024-10-27T01:38:03.362+0000] {dag.py:3508} INFO - Setting next_dagrun for latest_only to 2024-10-26T21:38:03.362094+00:00, run_after=2024-10-27T01:38:03.362094+00:00
[2024-10-27T01:38:03.385+0000] {processor.py:179} INFO - Processing /home/airflow/.local/lib/python3.7/site-packages/airflow/example_dags/example_latest_only.py took 0.103 seconds
[2024-10-27T01:38:33.930+0000] {processor.py:157} INFO - Started process (PID=193) to work on /home/airflow/.local/lib/python3.7/site-packages/airflow/example_dags/example_latest_only.py
[2024-10-27T01:38:33.932+0000] {processor.py:826} INFO - Processing file /home/airflow/.local/lib/python3.7/site-packages/airflow/example_dags/example_latest_only.py for tasks to queue
[2024-10-27T01:38:33.933+0000] {logging_mixin.py:150} INFO - [2024-10-27T01:38:33.932+0000] {dagbag.py:541} INFO - Filling up the DagBag from /home/airflow/.local/lib/python3.7/site-packages/airflow/example_dags/example_latest_only.py
[2024-10-27T01:38:33.936+0000] {processor.py:836} INFO - DAG(s) dict_keys(['latest_only']) retrieved from /home/airflow/.local/lib/python3.7/site-packages/airflow/example_dags/example_latest_only.py
[2024-10-27T01:38:33.946+0000] {logging_mixin.py:150} INFO - [2024-10-27T01:38:33.946+0000] {dag.py:2742} INFO - Sync 1 DAGs
[2024-10-27T01:38:33.957+0000] {logging_mixin.py:150} INFO - [2024-10-27T01:38:33.957+0000] {dag.py:3508} INFO - Setting next_dagrun for latest_only to 2024-10-26T21:38:33.957178+00:00, run_after=2024-10-27T01:38:33.957178+00:00
[2024-10-27T01:38:33.970+0000] {processor.py:179} INFO - Processing /home/airflow/.local/lib/python3.7/site-packages/airflow/example_dags/example_latest_only.py took 0.042 seconds
[2024-10-27T01:39:04.565+0000] {processor.py:157} INFO - Started process (PID=281) to work on /home/airflow/.local/lib/python3.7/site-packages/airflow/example_dags/example_latest_only.py
[2024-10-27T01:39:04.565+0000] {processor.py:826} INFO - Processing file /home/airflow/.local/lib/python3.7/site-packages/airflow/example_dags/example_latest_only.py for tasks to queue
[2024-10-27T01:39:04.565+0000] {logging_mixin.py:150} INFO - [2024-10-27T01:39:04.565+0000] {dagbag.py:541} INFO - Filling up the DagBag from /home/airflow/.local/lib/python3.7/site-packages/airflow/example_dags/example_latest_only.py
[2024-10-27T01:39:04.568+0000] {processor.py:836} INFO - DAG(s) dict_keys(['latest_only']) retrieved from /home/airflow/.local/lib/python3.7/site-packages/airflow/example_dags/example_latest_only.py
[2024-10-27T01:39:04.577+0000] {logging_mixin.py:150} INFO - [2024-10-27T01:39:04.577+0000] {dag.py:2742} INFO - Sync 1 DAGs
[2024-10-27T01:39:04.588+0000] {logging_mixin.py:150} INFO - [2024-10-27T01:39:04.588+0000] {dag.py:3508} INFO - Setting next_dagrun for latest_only to 2024-10-26T21:39:04.588019+00:00, run_after=2024-10-27T01:39:04.588019+00:00
[2024-10-27T01:39:04.594+0000] {processor.py:179} INFO - Processing /home/airflow/.local/lib/python3.7/site-packages/airflow/example_dags/example_latest_only.py took 0.030 seconds
[2024-10-27T01:39:35.337+0000] {processor.py:157} INFO - Started process (PID=370) to work on /home/airflow/.local/lib/python3.7/site-packages/airflow/example_dags/example_latest_only.py
[2024-10-27T01:39:35.338+0000] {processor.py:826} INFO - Processing file /home/airflow/.local/lib/python3.7/site-packages/airflow/example_dags/example_latest_only.py for tasks to queue
[2024-10-27T01:39:35.339+0000] {logging_mixin.py:150} INFO - [2024-10-27T01:39:35.339+0000] {dagbag.py:541} INFO - Filling up the DagBag from /home/airflow/.local/lib/python3.7/site-packages/airflow/example_dags/example_latest_only.py
[2024-10-27T01:39:35.342+0000] {processor.py:836} INFO - DAG(s) dict_keys(['latest_only']) retrieved from /home/airflow/.local/lib/python3.7/site-packages/airflow/example_dags/example_latest_only.py
[2024-10-27T01:39:35.353+0000] {logging_mixin.py:150} INFO - [2024-10-27T01:39:35.353+0000] {dag.py:2742} INFO - Sync 1 DAGs
[2024-10-27T01:39:35.365+0000] {logging_mixin.py:150} INFO - [2024-10-27T01:39:35.365+0000] {dag.py:3508} INFO - Setting next_dagrun for latest_only to 2024-10-26T21:39:35.365190+00:00, run_after=2024-10-27T01:39:35.365190+00:00
[2024-10-27T01:39:35.372+0000] {processor.py:179} INFO - Processing /home/airflow/.local/lib/python3.7/site-packages/airflow/example_dags/example_latest_only.py took 0.037 seconds
