[2024-10-27T01:38:01.385+0000] {processor.py:157} INFO - Started process (PID=83) to work on /home/airflow/.local/lib/python3.7/site-packages/airflow/example_dags/example_branch_datetime_operator.py
[2024-10-27T01:38:01.387+0000] {processor.py:826} INFO - Processing file /home/airflow/.local/lib/python3.7/site-packages/airflow/example_dags/example_branch_datetime_operator.py for tasks to queue
[2024-10-27T01:38:01.388+0000] {logging_mixin.py:150} INFO - [2024-10-27T01:38:01.388+0000] {dagbag.py:541} INFO - Filling up the DagBag from /home/airflow/.local/lib/python3.7/site-packages/airflow/example_dags/example_branch_datetime_operator.py
[2024-10-27T01:38:01.399+0000] {processor.py:836} INFO - DAG(s) dict_keys(['example_branch_datetime_operator_3', 'example_branch_datetime_operator', 'example_branch_datetime_operator_2']) retrieved from /home/airflow/.local/lib/python3.7/site-packages/airflow/example_dags/example_branch_datetime_operator.py
[2024-10-27T01:38:01.468+0000] {logging_mixin.py:150} INFO - [2024-10-27T01:38:01.467+0000] {dag.py:2742} INFO - Sync 3 DAGs
[2024-10-27T01:38:01.541+0000] {logging_mixin.py:150} INFO - [2024-10-27T01:38:01.541+0000] {dag.py:3508} INFO - Setting next_dagrun for example_branch_datetime_operator to 2024-10-26T00:00:00+00:00, run_after=2024-10-27T00:00:00+00:00
[2024-10-27T01:38:01.548+0000] {logging_mixin.py:150} INFO - [2024-10-27T01:38:01.548+0000] {dag.py:3508} INFO - Setting next_dagrun for example_branch_datetime_operator_2 to 2024-10-26T00:00:00+00:00, run_after=2024-10-27T00:00:00+00:00
[2024-10-27T01:38:01.550+0000] {logging_mixin.py:150} INFO - [2024-10-27T01:38:01.550+0000] {dag.py:3508} INFO - Setting next_dagrun for example_branch_datetime_operator_3 to 2024-10-26T00:00:00+00:00, run_after=2024-10-27T00:00:00+00:00
[2024-10-27T01:38:01.576+0000] {processor.py:179} INFO - Processing /home/airflow/.local/lib/python3.7/site-packages/airflow/example_dags/example_branch_datetime_operator.py took 0.196 seconds
[2024-10-27T01:38:31.824+0000] {processor.py:157} INFO - Started process (PID=170) to work on /home/airflow/.local/lib/python3.7/site-packages/airflow/example_dags/example_branch_datetime_operator.py
[2024-10-27T01:38:31.825+0000] {processor.py:826} INFO - Processing file /home/airflow/.local/lib/python3.7/site-packages/airflow/example_dags/example_branch_datetime_operator.py for tasks to queue
[2024-10-27T01:38:31.827+0000] {logging_mixin.py:150} INFO - [2024-10-27T01:38:31.827+0000] {dagbag.py:541} INFO - Filling up the DagBag from /home/airflow/.local/lib/python3.7/site-packages/airflow/example_dags/example_branch_datetime_operator.py
[2024-10-27T01:38:31.832+0000] {processor.py:836} INFO - DAG(s) dict_keys(['example_branch_datetime_operator_3', 'example_branch_datetime_operator_2', 'example_branch_datetime_operator']) retrieved from /home/airflow/.local/lib/python3.7/site-packages/airflow/example_dags/example_branch_datetime_operator.py
[2024-10-27T01:38:31.847+0000] {logging_mixin.py:150} INFO - [2024-10-27T01:38:31.847+0000] {dag.py:2742} INFO - Sync 3 DAGs
[2024-10-27T01:38:31.860+0000] {logging_mixin.py:150} INFO - [2024-10-27T01:38:31.860+0000] {dag.py:3508} INFO - Setting next_dagrun for example_branch_datetime_operator to 2024-10-26T00:00:00+00:00, run_after=2024-10-27T00:00:00+00:00
[2024-10-27T01:38:31.862+0000] {logging_mixin.py:150} INFO - [2024-10-27T01:38:31.862+0000] {dag.py:3508} INFO - Setting next_dagrun for example_branch_datetime_operator_2 to 2024-10-26T00:00:00+00:00, run_after=2024-10-27T00:00:00+00:00
[2024-10-27T01:38:31.863+0000] {logging_mixin.py:150} INFO - [2024-10-27T01:38:31.863+0000] {dag.py:3508} INFO - Setting next_dagrun for example_branch_datetime_operator_3 to 2024-10-26T00:00:00+00:00, run_after=2024-10-27T00:00:00+00:00
[2024-10-27T01:38:31.871+0000] {processor.py:179} INFO - Processing /home/airflow/.local/lib/python3.7/site-packages/airflow/example_dags/example_branch_datetime_operator.py took 0.048 seconds
[2024-10-27T01:39:02.559+0000] {processor.py:157} INFO - Started process (PID=259) to work on /home/airflow/.local/lib/python3.7/site-packages/airflow/example_dags/example_branch_datetime_operator.py
[2024-10-27T01:39:02.561+0000] {processor.py:826} INFO - Processing file /home/airflow/.local/lib/python3.7/site-packages/airflow/example_dags/example_branch_datetime_operator.py for tasks to queue
[2024-10-27T01:39:02.562+0000] {logging_mixin.py:150} INFO - [2024-10-27T01:39:02.562+0000] {dagbag.py:541} INFO - Filling up the DagBag from /home/airflow/.local/lib/python3.7/site-packages/airflow/example_dags/example_branch_datetime_operator.py
[2024-10-27T01:39:02.567+0000] {processor.py:836} INFO - DAG(s) dict_keys(['example_branch_datetime_operator_3', 'example_branch_datetime_operator_2', 'example_branch_datetime_operator']) retrieved from /home/airflow/.local/lib/python3.7/site-packages/airflow/example_dags/example_branch_datetime_operator.py
[2024-10-27T01:39:02.583+0000] {logging_mixin.py:150} INFO - [2024-10-27T01:39:02.583+0000] {dag.py:2742} INFO - Sync 3 DAGs
[2024-10-27T01:39:02.596+0000] {logging_mixin.py:150} INFO - [2024-10-27T01:39:02.596+0000] {dag.py:3508} INFO - Setting next_dagrun for example_branch_datetime_operator to 2024-10-26T00:00:00+00:00, run_after=2024-10-27T00:00:00+00:00
[2024-10-27T01:39:02.599+0000] {logging_mixin.py:150} INFO - [2024-10-27T01:39:02.599+0000] {dag.py:3508} INFO - Setting next_dagrun for example_branch_datetime_operator_2 to 2024-10-26T00:00:00+00:00, run_after=2024-10-27T00:00:00+00:00
[2024-10-27T01:39:02.602+0000] {logging_mixin.py:150} INFO - [2024-10-27T01:39:02.602+0000] {dag.py:3508} INFO - Setting next_dagrun for example_branch_datetime_operator_3 to 2024-10-26T00:00:00+00:00, run_after=2024-10-27T00:00:00+00:00
[2024-10-27T01:39:02.609+0000] {processor.py:179} INFO - Processing /home/airflow/.local/lib/python3.7/site-packages/airflow/example_dags/example_branch_datetime_operator.py took 0.052 seconds
[2024-10-27T01:39:33.573+0000] {processor.py:157} INFO - Started process (PID=347) to work on /home/airflow/.local/lib/python3.7/site-packages/airflow/example_dags/example_branch_datetime_operator.py
[2024-10-27T01:39:33.573+0000] {processor.py:826} INFO - Processing file /home/airflow/.local/lib/python3.7/site-packages/airflow/example_dags/example_branch_datetime_operator.py for tasks to queue
[2024-10-27T01:39:33.573+0000] {logging_mixin.py:150} INFO - [2024-10-27T01:39:33.573+0000] {dagbag.py:541} INFO - Filling up the DagBag from /home/airflow/.local/lib/python3.7/site-packages/airflow/example_dags/example_branch_datetime_operator.py
[2024-10-27T01:39:33.578+0000] {processor.py:836} INFO - DAG(s) dict_keys(['example_branch_datetime_operator_3', 'example_branch_datetime_operator_2', 'example_branch_datetime_operator']) retrieved from /home/airflow/.local/lib/python3.7/site-packages/airflow/example_dags/example_branch_datetime_operator.py
[2024-10-27T01:39:33.592+0000] {logging_mixin.py:150} INFO - [2024-10-27T01:39:33.592+0000] {dag.py:2742} INFO - Sync 3 DAGs
[2024-10-27T01:39:33.603+0000] {logging_mixin.py:150} INFO - [2024-10-27T01:39:33.603+0000] {dag.py:3508} INFO - Setting next_dagrun for example_branch_datetime_operator to 2024-10-26T00:00:00+00:00, run_after=2024-10-27T00:00:00+00:00
[2024-10-27T01:39:33.605+0000] {logging_mixin.py:150} INFO - [2024-10-27T01:39:33.605+0000] {dag.py:3508} INFO - Setting next_dagrun for example_branch_datetime_operator_2 to 2024-10-26T00:00:00+00:00, run_after=2024-10-27T00:00:00+00:00
[2024-10-27T01:39:33.606+0000] {logging_mixin.py:150} INFO - [2024-10-27T01:39:33.606+0000] {dag.py:3508} INFO - Setting next_dagrun for example_branch_datetime_operator_3 to 2024-10-26T00:00:00+00:00, run_after=2024-10-27T00:00:00+00:00
[2024-10-27T01:39:33.615+0000] {processor.py:179} INFO - Processing /home/airflow/.local/lib/python3.7/site-packages/airflow/example_dags/example_branch_datetime_operator.py took 0.044 seconds
