[2024-10-27T01:38:02.697+0000] {processor.py:157} INFO - Started process (PID=97) to work on /home/airflow/.local/lib/python3.7/site-packages/airflow/example_dags/example_xcomargs.py
[2024-10-27T01:38:02.698+0000] {processor.py:826} INFO - Processing file /home/airflow/.local/lib/python3.7/site-packages/airflow/example_dags/example_xcomargs.py for tasks to queue
[2024-10-27T01:38:02.698+0000] {logging_mixin.py:150} INFO - [2024-10-27T01:38:02.698+0000] {dagbag.py:541} INFO - Filling up the DagBag from /home/airflow/.local/lib/python3.7/site-packages/airflow/example_dags/example_xcomargs.py
[2024-10-27T01:38:02.702+0000] {processor.py:836} INFO - DAG(s) dict_keys(['example_xcom_args_with_operators', 'example_xcom_args']) retrieved from /home/airflow/.local/lib/python3.7/site-packages/airflow/example_dags/example_xcomargs.py
[2024-10-27T01:38:02.729+0000] {logging_mixin.py:150} INFO - [2024-10-27T01:38:02.728+0000] {dag.py:2742} INFO - Sync 2 DAGs
[2024-10-27T01:38:02.748+0000] {logging_mixin.py:150} INFO - [2024-10-27T01:38:02.748+0000] {dag.py:3508} INFO - Setting next_dagrun for example_xcom_args to None, run_after=None
[2024-10-27T01:38:02.751+0000] {logging_mixin.py:150} INFO - [2024-10-27T01:38:02.750+0000] {dag.py:3508} INFO - Setting next_dagrun for example_xcom_args_with_operators to None, run_after=None
[2024-10-27T01:38:02.765+0000] {processor.py:179} INFO - Processing /home/airflow/.local/lib/python3.7/site-packages/airflow/example_dags/example_xcomargs.py took 0.069 seconds
[2024-10-27T01:38:33.679+0000] {processor.py:157} INFO - Started process (PID=185) to work on /home/airflow/.local/lib/python3.7/site-packages/airflow/example_dags/example_xcomargs.py
[2024-10-27T01:38:33.680+0000] {processor.py:826} INFO - Processing file /home/airflow/.local/lib/python3.7/site-packages/airflow/example_dags/example_xcomargs.py for tasks to queue
[2024-10-27T01:38:33.681+0000] {logging_mixin.py:150} INFO - [2024-10-27T01:38:33.681+0000] {dagbag.py:541} INFO - Filling up the DagBag from /home/airflow/.local/lib/python3.7/site-packages/airflow/example_dags/example_xcomargs.py
[2024-10-27T01:38:33.689+0000] {processor.py:836} INFO - DAG(s) dict_keys(['example_xcom_args_with_operators', 'example_xcom_args']) retrieved from /home/airflow/.local/lib/python3.7/site-packages/airflow/example_dags/example_xcomargs.py
[2024-10-27T01:38:33.706+0000] {logging_mixin.py:150} INFO - [2024-10-27T01:38:33.706+0000] {dag.py:2742} INFO - Sync 2 DAGs
[2024-10-27T01:38:33.719+0000] {logging_mixin.py:150} INFO - [2024-10-27T01:38:33.719+0000] {dag.py:3508} INFO - Setting next_dagrun for example_xcom_args to None, run_after=None
[2024-10-27T01:38:33.721+0000] {logging_mixin.py:150} INFO - [2024-10-27T01:38:33.721+0000] {dag.py:3508} INFO - Setting next_dagrun for example_xcom_args_with_operators to None, run_after=None
[2024-10-27T01:38:33.729+0000] {processor.py:179} INFO - Processing /home/airflow/.local/lib/python3.7/site-packages/airflow/example_dags/example_xcomargs.py took 0.052 seconds
[2024-10-27T01:39:04.296+0000] {processor.py:157} INFO - Started process (PID=273) to work on /home/airflow/.local/lib/python3.7/site-packages/airflow/example_dags/example_xcomargs.py
[2024-10-27T01:39:04.297+0000] {processor.py:826} INFO - Processing file /home/airflow/.local/lib/python3.7/site-packages/airflow/example_dags/example_xcomargs.py for tasks to queue
[2024-10-27T01:39:04.298+0000] {logging_mixin.py:150} INFO - [2024-10-27T01:39:04.298+0000] {dagbag.py:541} INFO - Filling up the DagBag from /home/airflow/.local/lib/python3.7/site-packages/airflow/example_dags/example_xcomargs.py
[2024-10-27T01:39:04.307+0000] {processor.py:836} INFO - DAG(s) dict_keys(['example_xcom_args_with_operators', 'example_xcom_args']) retrieved from /home/airflow/.local/lib/python3.7/site-packages/airflow/example_dags/example_xcomargs.py
[2024-10-27T01:39:04.325+0000] {logging_mixin.py:150} INFO - [2024-10-27T01:39:04.325+0000] {dag.py:2742} INFO - Sync 2 DAGs
[2024-10-27T01:39:04.337+0000] {logging_mixin.py:150} INFO - [2024-10-27T01:39:04.337+0000] {dag.py:3508} INFO - Setting next_dagrun for example_xcom_args to None, run_after=None
[2024-10-27T01:39:04.339+0000] {logging_mixin.py:150} INFO - [2024-10-27T01:39:04.339+0000] {dag.py:3508} INFO - Setting next_dagrun for example_xcom_args_with_operators to None, run_after=None
[2024-10-27T01:39:04.346+0000] {processor.py:179} INFO - Processing /home/airflow/.local/lib/python3.7/site-packages/airflow/example_dags/example_xcomargs.py took 0.053 seconds
[2024-10-27T01:39:35.066+0000] {processor.py:157} INFO - Started process (PID=361) to work on /home/airflow/.local/lib/python3.7/site-packages/airflow/example_dags/example_xcomargs.py
[2024-10-27T01:39:35.066+0000] {processor.py:826} INFO - Processing file /home/airflow/.local/lib/python3.7/site-packages/airflow/example_dags/example_xcomargs.py for tasks to queue
[2024-10-27T01:39:35.067+0000] {logging_mixin.py:150} INFO - [2024-10-27T01:39:35.067+0000] {dagbag.py:541} INFO - Filling up the DagBag from /home/airflow/.local/lib/python3.7/site-packages/airflow/example_dags/example_xcomargs.py
[2024-10-27T01:39:35.072+0000] {processor.py:836} INFO - DAG(s) dict_keys(['example_xcom_args_with_operators', 'example_xcom_args']) retrieved from /home/airflow/.local/lib/python3.7/site-packages/airflow/example_dags/example_xcomargs.py
[2024-10-27T01:39:35.089+0000] {logging_mixin.py:150} INFO - [2024-10-27T01:39:35.089+0000] {dag.py:2742} INFO - Sync 2 DAGs
[2024-10-27T01:39:35.101+0000] {logging_mixin.py:150} INFO - [2024-10-27T01:39:35.101+0000] {dag.py:3508} INFO - Setting next_dagrun for example_xcom_args to None, run_after=None
[2024-10-27T01:39:35.102+0000] {logging_mixin.py:150} INFO - [2024-10-27T01:39:35.102+0000] {dag.py:3508} INFO - Setting next_dagrun for example_xcom_args_with_operators to None, run_after=None
[2024-10-27T01:39:35.109+0000] {processor.py:179} INFO - Processing /home/airflow/.local/lib/python3.7/site-packages/airflow/example_dags/example_xcomargs.py took 0.045 seconds
