[2024-10-27T01:38:01.008+0000] {processor.py:157} INFO - Started process (PID=82) to work on /home/airflow/.local/lib/python3.7/site-packages/airflow/example_dags/example_params_ui_tutorial.py
[2024-10-27T01:38:01.009+0000] {processor.py:826} INFO - Processing file /home/airflow/.local/lib/python3.7/site-packages/airflow/example_dags/example_params_ui_tutorial.py for tasks to queue
[2024-10-27T01:38:01.009+0000] {logging_mixin.py:150} INFO - [2024-10-27T01:38:01.009+0000] {dagbag.py:541} INFO - Filling up the DagBag from /home/airflow/.local/lib/python3.7/site-packages/airflow/example_dags/example_params_ui_tutorial.py
[2024-10-27T01:38:01.045+0000] {processor.py:836} INFO - DAG(s) dict_keys(['example_params_ui_tutorial']) retrieved from /home/airflow/.local/lib/python3.7/site-packages/airflow/example_dags/example_params_ui_tutorial.py
[2024-10-27T01:38:01.307+0000] {logging_mixin.py:150} INFO - [2024-10-27T01:38:01.307+0000] {dag.py:2742} INFO - Sync 1 DAGs
[2024-10-27T01:38:01.347+0000] {logging_mixin.py:150} INFO - [2024-10-27T01:38:01.347+0000] {dag.py:3508} INFO - Setting next_dagrun for example_params_ui_tutorial to None, run_after=None
[2024-10-27T01:38:01.366+0000] {processor.py:179} INFO - Processing /home/airflow/.local/lib/python3.7/site-packages/airflow/example_dags/example_params_ui_tutorial.py took 0.361 seconds
[2024-10-27T01:38:31.768+0000] {processor.py:157} INFO - Started process (PID=169) to work on /home/airflow/.local/lib/python3.7/site-packages/airflow/example_dags/example_params_ui_tutorial.py
[2024-10-27T01:38:31.768+0000] {processor.py:826} INFO - Processing file /home/airflow/.local/lib/python3.7/site-packages/airflow/example_dags/example_params_ui_tutorial.py for tasks to queue
[2024-10-27T01:38:31.769+0000] {logging_mixin.py:150} INFO - [2024-10-27T01:38:31.769+0000] {dagbag.py:541} INFO - Filling up the DagBag from /home/airflow/.local/lib/python3.7/site-packages/airflow/example_dags/example_params_ui_tutorial.py
[2024-10-27T01:38:31.792+0000] {processor.py:836} INFO - DAG(s) dict_keys(['example_params_ui_tutorial']) retrieved from /home/airflow/.local/lib/python3.7/site-packages/airflow/example_dags/example_params_ui_tutorial.py
[2024-10-27T01:38:31.828+0000] {logging_mixin.py:150} INFO - [2024-10-27T01:38:31.828+0000] {dag.py:2742} INFO - Sync 1 DAGs
[2024-10-27T01:38:31.840+0000] {logging_mixin.py:150} INFO - [2024-10-27T01:38:31.840+0000] {dag.py:3508} INFO - Setting next_dagrun for example_params_ui_tutorial to None, run_after=None
[2024-10-27T01:38:31.854+0000] {processor.py:179} INFO - Processing /home/airflow/.local/lib/python3.7/site-packages/airflow/example_dags/example_params_ui_tutorial.py took 0.088 seconds
[2024-10-27T01:39:02.463+0000] {processor.py:157} INFO - Started process (PID=258) to work on /home/airflow/.local/lib/python3.7/site-packages/airflow/example_dags/example_params_ui_tutorial.py
[2024-10-27T01:39:02.465+0000] {processor.py:826} INFO - Processing file /home/airflow/.local/lib/python3.7/site-packages/airflow/example_dags/example_params_ui_tutorial.py for tasks to queue
[2024-10-27T01:39:02.466+0000] {logging_mixin.py:150} INFO - [2024-10-27T01:39:02.466+0000] {dagbag.py:541} INFO - Filling up the DagBag from /home/airflow/.local/lib/python3.7/site-packages/airflow/example_dags/example_params_ui_tutorial.py
[2024-10-27T01:39:02.489+0000] {processor.py:836} INFO - DAG(s) dict_keys(['example_params_ui_tutorial']) retrieved from /home/airflow/.local/lib/python3.7/site-packages/airflow/example_dags/example_params_ui_tutorial.py
[2024-10-27T01:39:02.520+0000] {logging_mixin.py:150} INFO - [2024-10-27T01:39:02.520+0000] {dag.py:2742} INFO - Sync 1 DAGs
[2024-10-27T01:39:02.537+0000] {logging_mixin.py:150} INFO - [2024-10-27T01:39:02.537+0000] {dag.py:3508} INFO - Setting next_dagrun for example_params_ui_tutorial to None, run_after=None
[2024-10-27T01:39:02.548+0000] {processor.py:179} INFO - Processing /home/airflow/.local/lib/python3.7/site-packages/airflow/example_dags/example_params_ui_tutorial.py took 0.086 seconds
[2024-10-27T01:39:33.490+0000] {processor.py:157} INFO - Started process (PID=346) to work on /home/airflow/.local/lib/python3.7/site-packages/airflow/example_dags/example_params_ui_tutorial.py
[2024-10-27T01:39:33.490+0000] {processor.py:826} INFO - Processing file /home/airflow/.local/lib/python3.7/site-packages/airflow/example_dags/example_params_ui_tutorial.py for tasks to queue
[2024-10-27T01:39:33.491+0000] {logging_mixin.py:150} INFO - [2024-10-27T01:39:33.491+0000] {dagbag.py:541} INFO - Filling up the DagBag from /home/airflow/.local/lib/python3.7/site-packages/airflow/example_dags/example_params_ui_tutorial.py
[2024-10-27T01:39:33.514+0000] {processor.py:836} INFO - DAG(s) dict_keys(['example_params_ui_tutorial']) retrieved from /home/airflow/.local/lib/python3.7/site-packages/airflow/example_dags/example_params_ui_tutorial.py
[2024-10-27T01:39:33.542+0000] {logging_mixin.py:150} INFO - [2024-10-27T01:39:33.542+0000] {dag.py:2742} INFO - Sync 1 DAGs
[2024-10-27T01:39:33.555+0000] {logging_mixin.py:150} INFO - [2024-10-27T01:39:33.555+0000] {dag.py:3508} INFO - Setting next_dagrun for example_params_ui_tutorial to None, run_after=None
[2024-10-27T01:39:33.563+0000] {processor.py:179} INFO - Processing /home/airflow/.local/lib/python3.7/site-packages/airflow/example_dags/example_params_ui_tutorial.py took 0.074 seconds
