[2024-10-27T01:38:01.836+0000] {processor.py:157} INFO - Started process (PID=85) to work on /home/airflow/.local/lib/python3.7/site-packages/airflow/example_dags/example_task_group_decorator.py
[2024-10-27T01:38:01.836+0000] {processor.py:826} INFO - Processing file /home/airflow/.local/lib/python3.7/site-packages/airflow/example_dags/example_task_group_decorator.py for tasks to queue
[2024-10-27T01:38:01.837+0000] {logging_mixin.py:150} INFO - [2024-10-27T01:38:01.837+0000] {dagbag.py:541} INFO - Filling up the DagBag from /home/airflow/.local/lib/python3.7/site-packages/airflow/example_dags/example_task_group_decorator.py
[2024-10-27T01:38:01.853+0000] {processor.py:836} INFO - DAG(s) dict_keys(['example_task_group_decorator']) retrieved from /home/airflow/.local/lib/python3.7/site-packages/airflow/example_dags/example_task_group_decorator.py
[2024-10-27T01:38:01.891+0000] {logging_mixin.py:150} INFO - [2024-10-27T01:38:01.891+0000] {dag.py:2742} INFO - Sync 1 DAGs
[2024-10-27T01:38:01.906+0000] {logging_mixin.py:150} INFO - [2024-10-27T01:38:01.906+0000] {dag.py:3508} INFO - Setting next_dagrun for example_task_group_decorator to 2024-10-26T01:38:01.906521+00:00, run_after=2024-10-27T01:38:01.906521+00:00
[2024-10-27T01:38:01.935+0000] {processor.py:179} INFO - Processing /home/airflow/.local/lib/python3.7/site-packages/airflow/example_dags/example_task_group_decorator.py took 0.101 seconds
[2024-10-27T01:38:31.998+0000] {processor.py:157} INFO - Started process (PID=172) to work on /home/airflow/.local/lib/python3.7/site-packages/airflow/example_dags/example_task_group_decorator.py
[2024-10-27T01:38:31.999+0000] {processor.py:826} INFO - Processing file /home/airflow/.local/lib/python3.7/site-packages/airflow/example_dags/example_task_group_decorator.py for tasks to queue
[2024-10-27T01:38:31.999+0000] {logging_mixin.py:150} INFO - [2024-10-27T01:38:31.999+0000] {dagbag.py:541} INFO - Filling up the DagBag from /home/airflow/.local/lib/python3.7/site-packages/airflow/example_dags/example_task_group_decorator.py
[2024-10-27T01:38:32.007+0000] {processor.py:836} INFO - DAG(s) dict_keys(['example_task_group_decorator']) retrieved from /home/airflow/.local/lib/python3.7/site-packages/airflow/example_dags/example_task_group_decorator.py
[2024-10-27T01:38:32.020+0000] {logging_mixin.py:150} INFO - [2024-10-27T01:38:32.019+0000] {dag.py:2742} INFO - Sync 1 DAGs
[2024-10-27T01:38:32.030+0000] {logging_mixin.py:150} INFO - [2024-10-27T01:38:32.030+0000] {dag.py:3508} INFO - Setting next_dagrun for example_task_group_decorator to 2024-10-26T01:38:32.030484+00:00, run_after=2024-10-27T01:38:32.030484+00:00
[2024-10-27T01:38:32.038+0000] {processor.py:179} INFO - Processing /home/airflow/.local/lib/python3.7/site-packages/airflow/example_dags/example_task_group_decorator.py took 0.041 seconds
[2024-10-27T01:39:02.673+0000] {processor.py:157} INFO - Started process (PID=261) to work on /home/airflow/.local/lib/python3.7/site-packages/airflow/example_dags/example_task_group_decorator.py
[2024-10-27T01:39:02.674+0000] {processor.py:826} INFO - Processing file /home/airflow/.local/lib/python3.7/site-packages/airflow/example_dags/example_task_group_decorator.py for tasks to queue
[2024-10-27T01:39:02.674+0000] {logging_mixin.py:150} INFO - [2024-10-27T01:39:02.674+0000] {dagbag.py:541} INFO - Filling up the DagBag from /home/airflow/.local/lib/python3.7/site-packages/airflow/example_dags/example_task_group_decorator.py
[2024-10-27T01:39:02.681+0000] {processor.py:836} INFO - DAG(s) dict_keys(['example_task_group_decorator']) retrieved from /home/airflow/.local/lib/python3.7/site-packages/airflow/example_dags/example_task_group_decorator.py
[2024-10-27T01:39:02.694+0000] {logging_mixin.py:150} INFO - [2024-10-27T01:39:02.694+0000] {dag.py:2742} INFO - Sync 1 DAGs
[2024-10-27T01:39:02.707+0000] {logging_mixin.py:150} INFO - [2024-10-27T01:39:02.707+0000] {dag.py:3508} INFO - Setting next_dagrun for example_task_group_decorator to 2024-10-26T01:39:02.706979+00:00, run_after=2024-10-27T01:39:02.706979+00:00
[2024-10-27T01:39:02.721+0000] {processor.py:179} INFO - Processing /home/airflow/.local/lib/python3.7/site-packages/airflow/example_dags/example_task_group_decorator.py took 0.048 seconds
[2024-10-27T01:39:33.652+0000] {processor.py:157} INFO - Started process (PID=349) to work on /home/airflow/.local/lib/python3.7/site-packages/airflow/example_dags/example_task_group_decorator.py
[2024-10-27T01:39:33.654+0000] {processor.py:826} INFO - Processing file /home/airflow/.local/lib/python3.7/site-packages/airflow/example_dags/example_task_group_decorator.py for tasks to queue
[2024-10-27T01:39:33.656+0000] {logging_mixin.py:150} INFO - [2024-10-27T01:39:33.655+0000] {dagbag.py:541} INFO - Filling up the DagBag from /home/airflow/.local/lib/python3.7/site-packages/airflow/example_dags/example_task_group_decorator.py
[2024-10-27T01:39:33.662+0000] {processor.py:836} INFO - DAG(s) dict_keys(['example_task_group_decorator']) retrieved from /home/airflow/.local/lib/python3.7/site-packages/airflow/example_dags/example_task_group_decorator.py
[2024-10-27T01:39:33.675+0000] {logging_mixin.py:150} INFO - [2024-10-27T01:39:33.675+0000] {dag.py:2742} INFO - Sync 1 DAGs
[2024-10-27T01:39:33.688+0000] {logging_mixin.py:150} INFO - [2024-10-27T01:39:33.688+0000] {dag.py:3508} INFO - Setting next_dagrun for example_task_group_decorator to 2024-10-26T01:39:33.688010+00:00, run_after=2024-10-27T01:39:33.688010+00:00
[2024-10-27T01:39:33.695+0000] {processor.py:179} INFO - Processing /home/airflow/.local/lib/python3.7/site-packages/airflow/example_dags/example_task_group_decorator.py took 0.044 seconds
