[2024-10-27T01:38:02.622+0000] {processor.py:157} INFO - Started process (PID=96) to work on /home/airflow/.local/lib/python3.7/site-packages/airflow/example_dags/example_branch_operator_decorator.py
[2024-10-27T01:38:02.622+0000] {processor.py:826} INFO - Processing file /home/airflow/.local/lib/python3.7/site-packages/airflow/example_dags/example_branch_operator_decorator.py for tasks to queue
[2024-10-27T01:38:02.623+0000] {logging_mixin.py:150} INFO - [2024-10-27T01:38:02.623+0000] {dagbag.py:541} INFO - Filling up the DagBag from /home/airflow/.local/lib/python3.7/site-packages/airflow/example_dags/example_branch_operator_decorator.py
[2024-10-27T01:38:02.629+0000] {processor.py:836} INFO - DAG(s) dict_keys(['example_branch_python_operator_decorator']) retrieved from /home/airflow/.local/lib/python3.7/site-packages/airflow/example_dags/example_branch_operator_decorator.py
[2024-10-27T01:38:02.653+0000] {logging_mixin.py:150} INFO - [2024-10-27T01:38:02.653+0000] {dag.py:2742} INFO - Sync 1 DAGs
[2024-10-27T01:38:02.674+0000] {logging_mixin.py:150} INFO - [2024-10-27T01:38:02.673+0000] {dag.py:3508} INFO - Setting next_dagrun for example_branch_python_operator_decorator to 2024-10-26T00:00:00+00:00, run_after=2024-10-27T00:00:00+00:00
[2024-10-27T01:38:02.686+0000] {processor.py:179} INFO - Processing /home/airflow/.local/lib/python3.7/site-packages/airflow/example_dags/example_branch_operator_decorator.py took 0.067 seconds
[2024-10-27T01:38:33.626+0000] {processor.py:157} INFO - Started process (PID=184) to work on /home/airflow/.local/lib/python3.7/site-packages/airflow/example_dags/example_branch_operator_decorator.py
[2024-10-27T01:38:33.626+0000] {processor.py:826} INFO - Processing file /home/airflow/.local/lib/python3.7/site-packages/airflow/example_dags/example_branch_operator_decorator.py for tasks to queue
[2024-10-27T01:38:33.626+0000] {logging_mixin.py:150} INFO - [2024-10-27T01:38:33.626+0000] {dagbag.py:541} INFO - Filling up the DagBag from /home/airflow/.local/lib/python3.7/site-packages/airflow/example_dags/example_branch_operator_decorator.py
[2024-10-27T01:38:33.632+0000] {processor.py:836} INFO - DAG(s) dict_keys(['example_branch_python_operator_decorator']) retrieved from /home/airflow/.local/lib/python3.7/site-packages/airflow/example_dags/example_branch_operator_decorator.py
[2024-10-27T01:38:33.645+0000] {logging_mixin.py:150} INFO - [2024-10-27T01:38:33.645+0000] {dag.py:2742} INFO - Sync 1 DAGs
[2024-10-27T01:38:33.657+0000] {logging_mixin.py:150} INFO - [2024-10-27T01:38:33.657+0000] {dag.py:3508} INFO - Setting next_dagrun for example_branch_python_operator_decorator to 2024-10-26T00:00:00+00:00, run_after=2024-10-27T00:00:00+00:00
[2024-10-27T01:38:33.667+0000] {processor.py:179} INFO - Processing /home/airflow/.local/lib/python3.7/site-packages/airflow/example_dags/example_branch_operator_decorator.py took 0.043 seconds
[2024-10-27T01:39:04.231+0000] {processor.py:157} INFO - Started process (PID=272) to work on /home/airflow/.local/lib/python3.7/site-packages/airflow/example_dags/example_branch_operator_decorator.py
[2024-10-27T01:39:04.232+0000] {processor.py:826} INFO - Processing file /home/airflow/.local/lib/python3.7/site-packages/airflow/example_dags/example_branch_operator_decorator.py for tasks to queue
[2024-10-27T01:39:04.232+0000] {logging_mixin.py:150} INFO - [2024-10-27T01:39:04.232+0000] {dagbag.py:541} INFO - Filling up the DagBag from /home/airflow/.local/lib/python3.7/site-packages/airflow/example_dags/example_branch_operator_decorator.py
[2024-10-27T01:39:04.243+0000] {processor.py:836} INFO - DAG(s) dict_keys(['example_branch_python_operator_decorator']) retrieved from /home/airflow/.local/lib/python3.7/site-packages/airflow/example_dags/example_branch_operator_decorator.py
[2024-10-27T01:39:04.259+0000] {logging_mixin.py:150} INFO - [2024-10-27T01:39:04.259+0000] {dag.py:2742} INFO - Sync 1 DAGs
[2024-10-27T01:39:04.271+0000] {logging_mixin.py:150} INFO - [2024-10-27T01:39:04.271+0000] {dag.py:3508} INFO - Setting next_dagrun for example_branch_python_operator_decorator to 2024-10-26T00:00:00+00:00, run_after=2024-10-27T00:00:00+00:00
[2024-10-27T01:39:04.279+0000] {processor.py:179} INFO - Processing /home/airflow/.local/lib/python3.7/site-packages/airflow/example_dags/example_branch_operator_decorator.py took 0.050 seconds
[2024-10-27T01:39:35.014+0000] {processor.py:157} INFO - Started process (PID=360) to work on /home/airflow/.local/lib/python3.7/site-packages/airflow/example_dags/example_branch_operator_decorator.py
[2024-10-27T01:39:35.015+0000] {processor.py:826} INFO - Processing file /home/airflow/.local/lib/python3.7/site-packages/airflow/example_dags/example_branch_operator_decorator.py for tasks to queue
[2024-10-27T01:39:35.015+0000] {logging_mixin.py:150} INFO - [2024-10-27T01:39:35.015+0000] {dagbag.py:541} INFO - Filling up the DagBag from /home/airflow/.local/lib/python3.7/site-packages/airflow/example_dags/example_branch_operator_decorator.py
[2024-10-27T01:39:35.020+0000] {processor.py:836} INFO - DAG(s) dict_keys(['example_branch_python_operator_decorator']) retrieved from /home/airflow/.local/lib/python3.7/site-packages/airflow/example_dags/example_branch_operator_decorator.py
[2024-10-27T01:39:35.033+0000] {logging_mixin.py:150} INFO - [2024-10-27T01:39:35.033+0000] {dag.py:2742} INFO - Sync 1 DAGs
[2024-10-27T01:39:35.045+0000] {logging_mixin.py:150} INFO - [2024-10-27T01:39:35.045+0000] {dag.py:3508} INFO - Setting next_dagrun for example_branch_python_operator_decorator to 2024-10-26T00:00:00+00:00, run_after=2024-10-27T00:00:00+00:00
[2024-10-27T01:39:35.054+0000] {processor.py:179} INFO - Processing /home/airflow/.local/lib/python3.7/site-packages/airflow/example_dags/example_branch_operator_decorator.py took 0.042 seconds
