[2024-10-27T01:38:00.539+0000] {processor.py:157} INFO - Started process (PID=77) to work on /home/airflow/.local/lib/python3.7/site-packages/airflow/example_dags/example_short_circuit_operator.py
[2024-10-27T01:38:00.545+0000] {processor.py:826} INFO - Processing file /home/airflow/.local/lib/python3.7/site-packages/airflow/example_dags/example_short_circuit_operator.py for tasks to queue
[2024-10-27T01:38:00.545+0000] {logging_mixin.py:150} INFO - [2024-10-27T01:38:00.545+0000] {dagbag.py:541} INFO - Filling up the DagBag from /home/airflow/.local/lib/python3.7/site-packages/airflow/example_dags/example_short_circuit_operator.py
[2024-10-27T01:38:00.552+0000] {processor.py:836} INFO - DAG(s) dict_keys(['example_short_circuit_operator']) retrieved from /home/airflow/.local/lib/python3.7/site-packages/airflow/example_dags/example_short_circuit_operator.py
[2024-10-27T01:38:00.590+0000] {logging_mixin.py:150} INFO - [2024-10-27T01:38:00.590+0000] {dag.py:2742} INFO - Sync 1 DAGs
[2024-10-27T01:38:00.613+0000] {logging_mixin.py:150} INFO - [2024-10-27T01:38:00.613+0000] {dag.py:3508} INFO - Setting next_dagrun for example_short_circuit_operator to 2024-10-26T01:38:00.613463+00:00, run_after=2024-10-27T01:38:00.613463+00:00
[2024-10-27T01:38:00.633+0000] {processor.py:179} INFO - Processing /home/airflow/.local/lib/python3.7/site-packages/airflow/example_dags/example_short_circuit_operator.py took 0.120 seconds
[2024-10-27T01:38:31.547+0000] {processor.py:157} INFO - Started process (PID=165) to work on /home/airflow/.local/lib/python3.7/site-packages/airflow/example_dags/example_short_circuit_operator.py
[2024-10-27T01:38:31.547+0000] {processor.py:826} INFO - Processing file /home/airflow/.local/lib/python3.7/site-packages/airflow/example_dags/example_short_circuit_operator.py for tasks to queue
[2024-10-27T01:38:31.548+0000] {logging_mixin.py:150} INFO - [2024-10-27T01:38:31.548+0000] {dagbag.py:541} INFO - Filling up the DagBag from /home/airflow/.local/lib/python3.7/site-packages/airflow/example_dags/example_short_circuit_operator.py
[2024-10-27T01:38:31.552+0000] {processor.py:836} INFO - DAG(s) dict_keys(['example_short_circuit_operator']) retrieved from /home/airflow/.local/lib/python3.7/site-packages/airflow/example_dags/example_short_circuit_operator.py
[2024-10-27T01:38:31.564+0000] {logging_mixin.py:150} INFO - [2024-10-27T01:38:31.564+0000] {dag.py:2742} INFO - Sync 1 DAGs
[2024-10-27T01:38:31.576+0000] {logging_mixin.py:150} INFO - [2024-10-27T01:38:31.576+0000] {dag.py:3508} INFO - Setting next_dagrun for example_short_circuit_operator to 2024-10-26T01:38:31.576071+00:00, run_after=2024-10-27T01:38:31.576071+00:00
[2024-10-27T01:38:31.583+0000] {processor.py:179} INFO - Processing /home/airflow/.local/lib/python3.7/site-packages/airflow/example_dags/example_short_circuit_operator.py took 0.038 seconds
[2024-10-27T01:39:01.717+0000] {processor.py:157} INFO - Started process (PID=244) to work on /home/airflow/.local/lib/python3.7/site-packages/airflow/example_dags/example_short_circuit_operator.py
[2024-10-27T01:39:01.718+0000] {processor.py:826} INFO - Processing file /home/airflow/.local/lib/python3.7/site-packages/airflow/example_dags/example_short_circuit_operator.py for tasks to queue
[2024-10-27T01:39:01.719+0000] {logging_mixin.py:150} INFO - [2024-10-27T01:39:01.719+0000] {dagbag.py:541} INFO - Filling up the DagBag from /home/airflow/.local/lib/python3.7/site-packages/airflow/example_dags/example_short_circuit_operator.py
[2024-10-27T01:39:01.728+0000] {processor.py:836} INFO - DAG(s) dict_keys(['example_short_circuit_operator']) retrieved from /home/airflow/.local/lib/python3.7/site-packages/airflow/example_dags/example_short_circuit_operator.py
[2024-10-27T01:39:01.747+0000] {logging_mixin.py:150} INFO - [2024-10-27T01:39:01.747+0000] {dag.py:2742} INFO - Sync 1 DAGs
[2024-10-27T01:39:01.759+0000] {logging_mixin.py:150} INFO - [2024-10-27T01:39:01.759+0000] {dag.py:3508} INFO - Setting next_dagrun for example_short_circuit_operator to 2024-10-26T01:39:01.759594+00:00, run_after=2024-10-27T01:39:01.759594+00:00
[2024-10-27T01:39:01.771+0000] {processor.py:179} INFO - Processing /home/airflow/.local/lib/python3.7/site-packages/airflow/example_dags/example_short_circuit_operator.py took 0.057 seconds
[2024-10-27T01:39:32.192+0000] {processor.py:157} INFO - Started process (PID=332) to work on /home/airflow/.local/lib/python3.7/site-packages/airflow/example_dags/example_short_circuit_operator.py
[2024-10-27T01:39:32.193+0000] {processor.py:826} INFO - Processing file /home/airflow/.local/lib/python3.7/site-packages/airflow/example_dags/example_short_circuit_operator.py for tasks to queue
[2024-10-27T01:39:32.194+0000] {logging_mixin.py:150} INFO - [2024-10-27T01:39:32.194+0000] {dagbag.py:541} INFO - Filling up the DagBag from /home/airflow/.local/lib/python3.7/site-packages/airflow/example_dags/example_short_circuit_operator.py
[2024-10-27T01:39:32.199+0000] {processor.py:836} INFO - DAG(s) dict_keys(['example_short_circuit_operator']) retrieved from /home/airflow/.local/lib/python3.7/site-packages/airflow/example_dags/example_short_circuit_operator.py
[2024-10-27T01:39:32.214+0000] {logging_mixin.py:150} INFO - [2024-10-27T01:39:32.214+0000] {dag.py:2742} INFO - Sync 1 DAGs
[2024-10-27T01:39:32.227+0000] {logging_mixin.py:150} INFO - [2024-10-27T01:39:32.227+0000] {dag.py:3508} INFO - Setting next_dagrun for example_short_circuit_operator to 2024-10-26T01:39:32.227439+00:00, run_after=2024-10-27T01:39:32.227439+00:00
[2024-10-27T01:39:32.235+0000] {processor.py:179} INFO - Processing /home/airflow/.local/lib/python3.7/site-packages/airflow/example_dags/example_short_circuit_operator.py took 0.044 seconds
