[2024-10-27T01:38:02.923+0000] {processor.py:157} INFO - Started process (PID=100) to work on /home/airflow/.local/lib/python3.7/site-packages/airflow/example_dags/example_datasets.py
[2024-10-27T01:38:02.925+0000] {processor.py:826} INFO - Processing file /home/airflow/.local/lib/python3.7/site-packages/airflow/example_dags/example_datasets.py for tasks to queue
[2024-10-27T01:38:02.926+0000] {logging_mixin.py:150} INFO - [2024-10-27T01:38:02.926+0000] {dagbag.py:541} INFO - Filling up the DagBag from /home/airflow/.local/lib/python3.7/site-packages/airflow/example_dags/example_datasets.py
[2024-10-27T01:38:02.947+0000] {processor.py:836} INFO - DAG(s) dict_keys(['dataset_produces_1', 'dataset_consumes_1_and_2', 'dataset_consumes_1_never_scheduled', 'dataset_produces_2', 'dataset_consumes_unknown_never_scheduled', 'dataset_consumes_1']) retrieved from /home/airflow/.local/lib/python3.7/site-packages/airflow/example_dags/example_datasets.py
[2024-10-27T01:38:03.005+0000] {logging_mixin.py:150} INFO - [2024-10-27T01:38:03.005+0000] {dag.py:2742} INFO - Sync 6 DAGs
[2024-10-27T01:38:03.028+0000] {logging_mixin.py:150} INFO - [2024-10-27T01:38:03.028+0000] {dag.py:3508} INFO - Setting next_dagrun for dataset_consumes_1 to None, run_after=None
[2024-10-27T01:38:03.030+0000] {logging_mixin.py:150} INFO - [2024-10-27T01:38:03.030+0000] {dag.py:3508} INFO - Setting next_dagrun for dataset_consumes_1_and_2 to None, run_after=None
[2024-10-27T01:38:03.031+0000] {logging_mixin.py:150} INFO - [2024-10-27T01:38:03.031+0000] {dag.py:3508} INFO - Setting next_dagrun for dataset_consumes_1_never_scheduled to None, run_after=None
[2024-10-27T01:38:03.031+0000] {logging_mixin.py:150} INFO - [2024-10-27T01:38:03.031+0000] {dag.py:3508} INFO - Setting next_dagrun for dataset_consumes_unknown_never_scheduled to None, run_after=None
[2024-10-27T01:38:03.032+0000] {logging_mixin.py:150} INFO - [2024-10-27T01:38:03.032+0000] {dag.py:3508} INFO - Setting next_dagrun for dataset_produces_1 to 2024-10-26T00:00:00+00:00, run_after=2024-10-27T00:00:00+00:00
[2024-10-27T01:38:03.033+0000] {logging_mixin.py:150} INFO - [2024-10-27T01:38:03.033+0000] {dag.py:3508} INFO - Setting next_dagrun for dataset_produces_2 to None, run_after=None
[2024-10-27T01:38:03.049+0000] {processor.py:179} INFO - Processing /home/airflow/.local/lib/python3.7/site-packages/airflow/example_dags/example_datasets.py took 0.133 seconds
[2024-10-27T01:38:33.788+0000] {processor.py:157} INFO - Started process (PID=188) to work on /home/airflow/.local/lib/python3.7/site-packages/airflow/example_dags/example_datasets.py
[2024-10-27T01:38:33.788+0000] {processor.py:826} INFO - Processing file /home/airflow/.local/lib/python3.7/site-packages/airflow/example_dags/example_datasets.py for tasks to queue
[2024-10-27T01:38:33.789+0000] {logging_mixin.py:150} INFO - [2024-10-27T01:38:33.788+0000] {dagbag.py:541} INFO - Filling up the DagBag from /home/airflow/.local/lib/python3.7/site-packages/airflow/example_dags/example_datasets.py
[2024-10-27T01:38:33.792+0000] {processor.py:836} INFO - DAG(s) dict_keys(['dataset_produces_1', 'dataset_consumes_1_and_2', 'dataset_consumes_unknown_never_scheduled', 'dataset_consumes_1', 'dataset_produces_2', 'dataset_consumes_1_never_scheduled']) retrieved from /home/airflow/.local/lib/python3.7/site-packages/airflow/example_dags/example_datasets.py
[2024-10-27T01:38:33.808+0000] {logging_mixin.py:150} INFO - [2024-10-27T01:38:33.807+0000] {dag.py:2742} INFO - Sync 6 DAGs
[2024-10-27T01:38:33.818+0000] {logging_mixin.py:150} INFO - [2024-10-27T01:38:33.818+0000] {dag.py:3508} INFO - Setting next_dagrun for dataset_consumes_1 to None, run_after=None
[2024-10-27T01:38:33.821+0000] {logging_mixin.py:150} INFO - [2024-10-27T01:38:33.821+0000] {dag.py:3508} INFO - Setting next_dagrun for dataset_consumes_1_and_2 to None, run_after=None
[2024-10-27T01:38:33.822+0000] {logging_mixin.py:150} INFO - [2024-10-27T01:38:33.822+0000] {dag.py:3508} INFO - Setting next_dagrun for dataset_consumes_1_never_scheduled to None, run_after=None
[2024-10-27T01:38:33.823+0000] {logging_mixin.py:150} INFO - [2024-10-27T01:38:33.823+0000] {dag.py:3508} INFO - Setting next_dagrun for dataset_consumes_unknown_never_scheduled to None, run_after=None
[2024-10-27T01:38:33.824+0000] {logging_mixin.py:150} INFO - [2024-10-27T01:38:33.824+0000] {dag.py:3508} INFO - Setting next_dagrun for dataset_produces_1 to 2024-10-26T00:00:00+00:00, run_after=2024-10-27T00:00:00+00:00
[2024-10-27T01:38:33.824+0000] {logging_mixin.py:150} INFO - [2024-10-27T01:38:33.824+0000] {dag.py:3508} INFO - Setting next_dagrun for dataset_produces_2 to None, run_after=None
[2024-10-27T01:38:33.837+0000] {processor.py:179} INFO - Processing /home/airflow/.local/lib/python3.7/site-packages/airflow/example_dags/example_datasets.py took 0.051 seconds
[2024-10-27T01:39:04.393+0000] {processor.py:157} INFO - Started process (PID=276) to work on /home/airflow/.local/lib/python3.7/site-packages/airflow/example_dags/example_datasets.py
[2024-10-27T01:39:04.394+0000] {processor.py:826} INFO - Processing file /home/airflow/.local/lib/python3.7/site-packages/airflow/example_dags/example_datasets.py for tasks to queue
[2024-10-27T01:39:04.394+0000] {logging_mixin.py:150} INFO - [2024-10-27T01:39:04.394+0000] {dagbag.py:541} INFO - Filling up the DagBag from /home/airflow/.local/lib/python3.7/site-packages/airflow/example_dags/example_datasets.py
[2024-10-27T01:39:04.398+0000] {processor.py:836} INFO - DAG(s) dict_keys(['dataset_consumes_1_and_2', 'dataset_produces_2', 'dataset_consumes_1_never_scheduled', 'dataset_consumes_1', 'dataset_consumes_unknown_never_scheduled', 'dataset_produces_1']) retrieved from /home/airflow/.local/lib/python3.7/site-packages/airflow/example_dags/example_datasets.py
[2024-10-27T01:39:04.425+0000] {logging_mixin.py:150} INFO - [2024-10-27T01:39:04.424+0000] {dag.py:2742} INFO - Sync 6 DAGs
[2024-10-27T01:39:04.436+0000] {logging_mixin.py:150} INFO - [2024-10-27T01:39:04.436+0000] {dag.py:3508} INFO - Setting next_dagrun for dataset_consumes_1 to None, run_after=None
[2024-10-27T01:39:04.437+0000] {logging_mixin.py:150} INFO - [2024-10-27T01:39:04.437+0000] {dag.py:3508} INFO - Setting next_dagrun for dataset_consumes_1_and_2 to None, run_after=None
[2024-10-27T01:39:04.438+0000] {logging_mixin.py:150} INFO - [2024-10-27T01:39:04.438+0000] {dag.py:3508} INFO - Setting next_dagrun for dataset_consumes_1_never_scheduled to None, run_after=None
[2024-10-27T01:39:04.438+0000] {logging_mixin.py:150} INFO - [2024-10-27T01:39:04.438+0000] {dag.py:3508} INFO - Setting next_dagrun for dataset_consumes_unknown_never_scheduled to None, run_after=None
[2024-10-27T01:39:04.439+0000] {logging_mixin.py:150} INFO - [2024-10-27T01:39:04.439+0000] {dag.py:3508} INFO - Setting next_dagrun for dataset_produces_1 to 2024-10-26T00:00:00+00:00, run_after=2024-10-27T00:00:00+00:00
[2024-10-27T01:39:04.440+0000] {logging_mixin.py:150} INFO - [2024-10-27T01:39:04.440+0000] {dag.py:3508} INFO - Setting next_dagrun for dataset_produces_2 to None, run_after=None
[2024-10-27T01:39:04.458+0000] {processor.py:179} INFO - Processing /home/airflow/.local/lib/python3.7/site-packages/airflow/example_dags/example_datasets.py took 0.066 seconds
[2024-10-27T01:39:35.164+0000] {processor.py:157} INFO - Started process (PID=364) to work on /home/airflow/.local/lib/python3.7/site-packages/airflow/example_dags/example_datasets.py
[2024-10-27T01:39:35.164+0000] {processor.py:826} INFO - Processing file /home/airflow/.local/lib/python3.7/site-packages/airflow/example_dags/example_datasets.py for tasks to queue
[2024-10-27T01:39:35.165+0000] {logging_mixin.py:150} INFO - [2024-10-27T01:39:35.165+0000] {dagbag.py:541} INFO - Filling up the DagBag from /home/airflow/.local/lib/python3.7/site-packages/airflow/example_dags/example_datasets.py
[2024-10-27T01:39:35.169+0000] {processor.py:836} INFO - DAG(s) dict_keys(['dataset_consumes_1_and_2', 'dataset_consumes_1', 'dataset_produces_2', 'dataset_consumes_unknown_never_scheduled', 'dataset_produces_1', 'dataset_consumes_1_never_scheduled']) retrieved from /home/airflow/.local/lib/python3.7/site-packages/airflow/example_dags/example_datasets.py
[2024-10-27T01:39:35.188+0000] {logging_mixin.py:150} INFO - [2024-10-27T01:39:35.188+0000] {dag.py:2742} INFO - Sync 6 DAGs
[2024-10-27T01:39:35.201+0000] {logging_mixin.py:150} INFO - [2024-10-27T01:39:35.201+0000] {dag.py:3508} INFO - Setting next_dagrun for dataset_consumes_1 to None, run_after=None
[2024-10-27T01:39:35.204+0000] {logging_mixin.py:150} INFO - [2024-10-27T01:39:35.204+0000] {dag.py:3508} INFO - Setting next_dagrun for dataset_consumes_1_and_2 to None, run_after=None
[2024-10-27T01:39:35.205+0000] {logging_mixin.py:150} INFO - [2024-10-27T01:39:35.205+0000] {dag.py:3508} INFO - Setting next_dagrun for dataset_consumes_1_never_scheduled to None, run_after=None
[2024-10-27T01:39:35.205+0000] {logging_mixin.py:150} INFO - [2024-10-27T01:39:35.205+0000] {dag.py:3508} INFO - Setting next_dagrun for dataset_consumes_unknown_never_scheduled to None, run_after=None
[2024-10-27T01:39:35.206+0000] {logging_mixin.py:150} INFO - [2024-10-27T01:39:35.206+0000] {dag.py:3508} INFO - Setting next_dagrun for dataset_produces_1 to 2024-10-26T00:00:00+00:00, run_after=2024-10-27T00:00:00+00:00
[2024-10-27T01:39:35.207+0000] {logging_mixin.py:150} INFO - [2024-10-27T01:39:35.207+0000] {dag.py:3508} INFO - Setting next_dagrun for dataset_produces_2 to None, run_after=None
[2024-10-27T01:39:35.228+0000] {processor.py:179} INFO - Processing /home/airflow/.local/lib/python3.7/site-packages/airflow/example_dags/example_datasets.py took 0.066 seconds
