[2024-10-27T01:38:03.178+0000] {processor.py:157} INFO - Started process (PID=104) to work on /home/airflow/.local/lib/python3.7/site-packages/airflow/example_dags/example_branch_operator.py
[2024-10-27T01:38:03.179+0000] {processor.py:826} INFO - Processing file /home/airflow/.local/lib/python3.7/site-packages/airflow/example_dags/example_branch_operator.py for tasks to queue
[2024-10-27T01:38:03.180+0000] {logging_mixin.py:150} INFO - [2024-10-27T01:38:03.180+0000] {dagbag.py:541} INFO - Filling up the DagBag from /home/airflow/.local/lib/python3.7/site-packages/airflow/example_dags/example_branch_operator.py
[2024-10-27T01:38:03.190+0000] {processor.py:836} INFO - DAG(s) dict_keys(['example_branch_operator']) retrieved from /home/airflow/.local/lib/python3.7/site-packages/airflow/example_dags/example_branch_operator.py
[2024-10-27T01:38:03.213+0000] {logging_mixin.py:150} INFO - [2024-10-27T01:38:03.213+0000] {dag.py:2742} INFO - Sync 1 DAGs
[2024-10-27T01:38:03.232+0000] {logging_mixin.py:150} INFO - [2024-10-27T01:38:03.231+0000] {dag.py:3508} INFO - Setting next_dagrun for example_branch_operator to 2024-10-26T00:00:00+00:00, run_after=2024-10-27T00:00:00+00:00
[2024-10-27T01:38:03.253+0000] {processor.py:179} INFO - Processing /home/airflow/.local/lib/python3.7/site-packages/airflow/example_dags/example_branch_operator.py took 0.080 seconds
[2024-10-27T01:38:33.908+0000] {processor.py:157} INFO - Started process (PID=192) to work on /home/airflow/.local/lib/python3.7/site-packages/airflow/example_dags/example_branch_operator.py
[2024-10-27T01:38:33.909+0000] {processor.py:826} INFO - Processing file /home/airflow/.local/lib/python3.7/site-packages/airflow/example_dags/example_branch_operator.py for tasks to queue
[2024-10-27T01:38:33.910+0000] {logging_mixin.py:150} INFO - [2024-10-27T01:38:33.910+0000] {dagbag.py:541} INFO - Filling up the DagBag from /home/airflow/.local/lib/python3.7/site-packages/airflow/example_dags/example_branch_operator.py
[2024-10-27T01:38:33.914+0000] {processor.py:836} INFO - DAG(s) dict_keys(['example_branch_operator']) retrieved from /home/airflow/.local/lib/python3.7/site-packages/airflow/example_dags/example_branch_operator.py
[2024-10-27T01:38:33.928+0000] {logging_mixin.py:150} INFO - [2024-10-27T01:38:33.928+0000] {dag.py:2742} INFO - Sync 1 DAGs
[2024-10-27T01:38:33.941+0000] {logging_mixin.py:150} INFO - [2024-10-27T01:38:33.941+0000] {dag.py:3508} INFO - Setting next_dagrun for example_branch_operator to 2024-10-26T00:00:00+00:00, run_after=2024-10-27T00:00:00+00:00
[2024-10-27T01:38:33.948+0000] {processor.py:179} INFO - Processing /home/airflow/.local/lib/python3.7/site-packages/airflow/example_dags/example_branch_operator.py took 0.041 seconds
[2024-10-27T01:39:04.507+0000] {processor.py:157} INFO - Started process (PID=280) to work on /home/airflow/.local/lib/python3.7/site-packages/airflow/example_dags/example_branch_operator.py
[2024-10-27T01:39:04.509+0000] {processor.py:826} INFO - Processing file /home/airflow/.local/lib/python3.7/site-packages/airflow/example_dags/example_branch_operator.py for tasks to queue
[2024-10-27T01:39:04.509+0000] {logging_mixin.py:150} INFO - [2024-10-27T01:39:04.509+0000] {dagbag.py:541} INFO - Filling up the DagBag from /home/airflow/.local/lib/python3.7/site-packages/airflow/example_dags/example_branch_operator.py
[2024-10-27T01:39:04.516+0000] {processor.py:836} INFO - DAG(s) dict_keys(['example_branch_operator']) retrieved from /home/airflow/.local/lib/python3.7/site-packages/airflow/example_dags/example_branch_operator.py
[2024-10-27T01:39:04.537+0000] {logging_mixin.py:150} INFO - [2024-10-27T01:39:04.537+0000] {dag.py:2742} INFO - Sync 1 DAGs
[2024-10-27T01:39:04.551+0000] {logging_mixin.py:150} INFO - [2024-10-27T01:39:04.551+0000] {dag.py:3508} INFO - Setting next_dagrun for example_branch_operator to 2024-10-26T00:00:00+00:00, run_after=2024-10-27T00:00:00+00:00
[2024-10-27T01:39:04.560+0000] {processor.py:179} INFO - Processing /home/airflow/.local/lib/python3.7/site-packages/airflow/example_dags/example_branch_operator.py took 0.054 seconds
[2024-10-27T01:39:35.286+0000] {processor.py:157} INFO - Started process (PID=368) to work on /home/airflow/.local/lib/python3.7/site-packages/airflow/example_dags/example_branch_operator.py
[2024-10-27T01:39:35.288+0000] {processor.py:826} INFO - Processing file /home/airflow/.local/lib/python3.7/site-packages/airflow/example_dags/example_branch_operator.py for tasks to queue
[2024-10-27T01:39:35.288+0000] {logging_mixin.py:150} INFO - [2024-10-27T01:39:35.288+0000] {dagbag.py:541} INFO - Filling up the DagBag from /home/airflow/.local/lib/python3.7/site-packages/airflow/example_dags/example_branch_operator.py
[2024-10-27T01:39:35.294+0000] {processor.py:836} INFO - DAG(s) dict_keys(['example_branch_operator']) retrieved from /home/airflow/.local/lib/python3.7/site-packages/airflow/example_dags/example_branch_operator.py
[2024-10-27T01:39:35.305+0000] {logging_mixin.py:150} INFO - [2024-10-27T01:39:35.305+0000] {dag.py:2742} INFO - Sync 1 DAGs
[2024-10-27T01:39:35.318+0000] {logging_mixin.py:150} INFO - [2024-10-27T01:39:35.318+0000] {dag.py:3508} INFO - Setting next_dagrun for example_branch_operator to 2024-10-26T00:00:00+00:00, run_after=2024-10-27T00:00:00+00:00
[2024-10-27T01:39:35.327+0000] {processor.py:179} INFO - Processing /home/airflow/.local/lib/python3.7/site-packages/airflow/example_dags/example_branch_operator.py took 0.042 seconds
