[2024-10-27T01:38:03.268+0000] {processor.py:157} INFO - Started process (PID=105) to work on /home/airflow/.local/lib/python3.7/site-packages/airflow/example_dags/example_dag_decorator.py
[2024-10-27T01:38:03.269+0000] {processor.py:826} INFO - Processing file /home/airflow/.local/lib/python3.7/site-packages/airflow/example_dags/example_dag_decorator.py for tasks to queue
[2024-10-27T01:38:03.269+0000] {logging_mixin.py:150} INFO - [2024-10-27T01:38:03.269+0000] {dagbag.py:541} INFO - Filling up the DagBag from /home/airflow/.local/lib/python3.7/site-packages/airflow/example_dags/example_dag_decorator.py
[2024-10-27T01:38:03.282+0000] {processor.py:836} INFO - DAG(s) dict_keys(['example_dag_decorator']) retrieved from /home/airflow/.local/lib/python3.7/site-packages/airflow/example_dags/example_dag_decorator.py
[2024-10-27T01:38:03.532+0000] {logging_mixin.py:150} INFO - [2024-10-27T01:38:03.531+0000] {dag.py:2742} INFO - Sync 1 DAGs
[2024-10-27T01:38:03.570+0000] {logging_mixin.py:150} INFO - [2024-10-27T01:38:03.569+0000] {dag.py:3508} INFO - Setting next_dagrun for example_dag_decorator to None, run_after=None
[2024-10-27T01:38:03.599+0000] {processor.py:179} INFO - Processing /home/airflow/.local/lib/python3.7/site-packages/airflow/example_dags/example_dag_decorator.py took 0.350 seconds
[2024-10-27T01:38:33.961+0000] {processor.py:157} INFO - Started process (PID=194) to work on /home/airflow/.local/lib/python3.7/site-packages/airflow/example_dags/example_dag_decorator.py
[2024-10-27T01:38:33.962+0000] {processor.py:826} INFO - Processing file /home/airflow/.local/lib/python3.7/site-packages/airflow/example_dags/example_dag_decorator.py for tasks to queue
[2024-10-27T01:38:33.962+0000] {logging_mixin.py:150} INFO - [2024-10-27T01:38:33.962+0000] {dagbag.py:541} INFO - Filling up the DagBag from /home/airflow/.local/lib/python3.7/site-packages/airflow/example_dags/example_dag_decorator.py
[2024-10-27T01:38:33.973+0000] {processor.py:836} INFO - DAG(s) dict_keys(['example_dag_decorator']) retrieved from /home/airflow/.local/lib/python3.7/site-packages/airflow/example_dags/example_dag_decorator.py
[2024-10-27T01:38:34.031+0000] {logging_mixin.py:150} INFO - [2024-10-27T01:38:34.031+0000] {dag.py:2742} INFO - Sync 1 DAGs
[2024-10-27T01:38:34.041+0000] {logging_mixin.py:150} INFO - [2024-10-27T01:38:34.041+0000] {dag.py:3508} INFO - Setting next_dagrun for example_dag_decorator to None, run_after=None
[2024-10-27T01:38:34.055+0000] {processor.py:179} INFO - Processing /home/airflow/.local/lib/python3.7/site-packages/airflow/example_dags/example_dag_decorator.py took 0.095 seconds
[2024-10-27T01:39:04.647+0000] {processor.py:157} INFO - Started process (PID=283) to work on /home/airflow/.local/lib/python3.7/site-packages/airflow/example_dags/example_dag_decorator.py
[2024-10-27T01:39:04.648+0000] {processor.py:826} INFO - Processing file /home/airflow/.local/lib/python3.7/site-packages/airflow/example_dags/example_dag_decorator.py for tasks to queue
[2024-10-27T01:39:04.648+0000] {logging_mixin.py:150} INFO - [2024-10-27T01:39:04.648+0000] {dagbag.py:541} INFO - Filling up the DagBag from /home/airflow/.local/lib/python3.7/site-packages/airflow/example_dags/example_dag_decorator.py
[2024-10-27T01:39:04.657+0000] {processor.py:836} INFO - DAG(s) dict_keys(['example_dag_decorator']) retrieved from /home/airflow/.local/lib/python3.7/site-packages/airflow/example_dags/example_dag_decorator.py
[2024-10-27T01:39:04.719+0000] {logging_mixin.py:150} INFO - [2024-10-27T01:39:04.719+0000] {dag.py:2742} INFO - Sync 1 DAGs
[2024-10-27T01:39:04.729+0000] {logging_mixin.py:150} INFO - [2024-10-27T01:39:04.729+0000] {dag.py:3508} INFO - Setting next_dagrun for example_dag_decorator to None, run_after=None
[2024-10-27T01:39:04.738+0000] {processor.py:179} INFO - Processing /home/airflow/.local/lib/python3.7/site-packages/airflow/example_dags/example_dag_decorator.py took 0.092 seconds
[2024-10-27T01:39:35.330+0000] {processor.py:157} INFO - Started process (PID=369) to work on /home/airflow/.local/lib/python3.7/site-packages/airflow/example_dags/example_dag_decorator.py
[2024-10-27T01:39:35.331+0000] {processor.py:826} INFO - Processing file /home/airflow/.local/lib/python3.7/site-packages/airflow/example_dags/example_dag_decorator.py for tasks to queue
[2024-10-27T01:39:35.331+0000] {logging_mixin.py:150} INFO - [2024-10-27T01:39:35.331+0000] {dagbag.py:541} INFO - Filling up the DagBag from /home/airflow/.local/lib/python3.7/site-packages/airflow/example_dags/example_dag_decorator.py
[2024-10-27T01:39:35.341+0000] {processor.py:836} INFO - DAG(s) dict_keys(['example_dag_decorator']) retrieved from /home/airflow/.local/lib/python3.7/site-packages/airflow/example_dags/example_dag_decorator.py
[2024-10-27T01:39:35.400+0000] {logging_mixin.py:150} INFO - [2024-10-27T01:39:35.399+0000] {dag.py:2742} INFO - Sync 1 DAGs
[2024-10-27T01:39:35.410+0000] {logging_mixin.py:150} INFO - [2024-10-27T01:39:35.410+0000] {dag.py:3508} INFO - Setting next_dagrun for example_dag_decorator to None, run_after=None
[2024-10-27T01:39:35.422+0000] {processor.py:179} INFO - Processing /home/airflow/.local/lib/python3.7/site-packages/airflow/example_dags/example_dag_decorator.py took 0.093 seconds
