[2024-10-27T01:38:03.004+0000] {processor.py:157} INFO - Started process (PID=101) to work on /home/airflow/.local/lib/python3.7/site-packages/airflow/example_dags/example_dynamic_task_mapping.py
[2024-10-27T01:38:03.006+0000] {processor.py:826} INFO - Processing file /home/airflow/.local/lib/python3.7/site-packages/airflow/example_dags/example_dynamic_task_mapping.py for tasks to queue
[2024-10-27T01:38:03.011+0000] {logging_mixin.py:150} INFO - [2024-10-27T01:38:03.011+0000] {dagbag.py:541} INFO - Filling up the DagBag from /home/airflow/.local/lib/python3.7/site-packages/airflow/example_dags/example_dynamic_task_mapping.py
[2024-10-27T01:38:03.024+0000] {processor.py:836} INFO - DAG(s) dict_keys(['example_dynamic_task_mapping']) retrieved from /home/airflow/.local/lib/python3.7/site-packages/airflow/example_dags/example_dynamic_task_mapping.py
[2024-10-27T01:38:03.062+0000] {logging_mixin.py:150} INFO - [2024-10-27T01:38:03.062+0000] {dag.py:2742} INFO - Sync 1 DAGs
[2024-10-27T01:38:03.088+0000] {logging_mixin.py:150} INFO - [2024-10-27T01:38:03.088+0000] {dag.py:3508} INFO - Setting next_dagrun for example_dynamic_task_mapping to 2022-03-04T00:00:00+00:00, run_after=2022-03-05T00:00:00+00:00
[2024-10-27T01:38:03.102+0000] {processor.py:179} INFO - Processing /home/airflow/.local/lib/python3.7/site-packages/airflow/example_dags/example_dynamic_task_mapping.py took 0.108 seconds
[2024-10-27T01:38:33.829+0000] {processor.py:157} INFO - Started process (PID=189) to work on /home/airflow/.local/lib/python3.7/site-packages/airflow/example_dags/example_dynamic_task_mapping.py
[2024-10-27T01:38:33.830+0000] {processor.py:826} INFO - Processing file /home/airflow/.local/lib/python3.7/site-packages/airflow/example_dags/example_dynamic_task_mapping.py for tasks to queue
[2024-10-27T01:38:33.831+0000] {logging_mixin.py:150} INFO - [2024-10-27T01:38:33.830+0000] {dagbag.py:541} INFO - Filling up the DagBag from /home/airflow/.local/lib/python3.7/site-packages/airflow/example_dags/example_dynamic_task_mapping.py
[2024-10-27T01:38:33.834+0000] {processor.py:836} INFO - DAG(s) dict_keys(['example_dynamic_task_mapping']) retrieved from /home/airflow/.local/lib/python3.7/site-packages/airflow/example_dags/example_dynamic_task_mapping.py
[2024-10-27T01:38:33.845+0000] {logging_mixin.py:150} INFO - [2024-10-27T01:38:33.845+0000] {dag.py:2742} INFO - Sync 1 DAGs
[2024-10-27T01:38:33.860+0000] {logging_mixin.py:150} INFO - [2024-10-27T01:38:33.860+0000] {dag.py:3508} INFO - Setting next_dagrun for example_dynamic_task_mapping to 2022-03-04T00:00:00+00:00, run_after=2022-03-05T00:00:00+00:00
[2024-10-27T01:38:33.868+0000] {processor.py:179} INFO - Processing /home/airflow/.local/lib/python3.7/site-packages/airflow/example_dags/example_dynamic_task_mapping.py took 0.041 seconds
[2024-10-27T01:39:04.416+0000] {processor.py:157} INFO - Started process (PID=277) to work on /home/airflow/.local/lib/python3.7/site-packages/airflow/example_dags/example_dynamic_task_mapping.py
[2024-10-27T01:39:04.417+0000] {processor.py:826} INFO - Processing file /home/airflow/.local/lib/python3.7/site-packages/airflow/example_dags/example_dynamic_task_mapping.py for tasks to queue
[2024-10-27T01:39:04.417+0000] {logging_mixin.py:150} INFO - [2024-10-27T01:39:04.417+0000] {dagbag.py:541} INFO - Filling up the DagBag from /home/airflow/.local/lib/python3.7/site-packages/airflow/example_dags/example_dynamic_task_mapping.py
[2024-10-27T01:39:04.421+0000] {processor.py:836} INFO - DAG(s) dict_keys(['example_dynamic_task_mapping']) retrieved from /home/airflow/.local/lib/python3.7/site-packages/airflow/example_dags/example_dynamic_task_mapping.py
[2024-10-27T01:39:04.433+0000] {logging_mixin.py:150} INFO - [2024-10-27T01:39:04.433+0000] {dag.py:2742} INFO - Sync 1 DAGs
[2024-10-27T01:39:04.445+0000] {logging_mixin.py:150} INFO - [2024-10-27T01:39:04.445+0000] {dag.py:3508} INFO - Setting next_dagrun for example_dynamic_task_mapping to 2022-03-04T00:00:00+00:00, run_after=2022-03-05T00:00:00+00:00
[2024-10-27T01:39:04.456+0000] {processor.py:179} INFO - Processing /home/airflow/.local/lib/python3.7/site-packages/airflow/example_dags/example_dynamic_task_mapping.py took 0.041 seconds
[2024-10-27T01:39:35.181+0000] {processor.py:157} INFO - Started process (PID=365) to work on /home/airflow/.local/lib/python3.7/site-packages/airflow/example_dags/example_dynamic_task_mapping.py
[2024-10-27T01:39:35.182+0000] {processor.py:826} INFO - Processing file /home/airflow/.local/lib/python3.7/site-packages/airflow/example_dags/example_dynamic_task_mapping.py for tasks to queue
[2024-10-27T01:39:35.182+0000] {logging_mixin.py:150} INFO - [2024-10-27T01:39:35.182+0000] {dagbag.py:541} INFO - Filling up the DagBag from /home/airflow/.local/lib/python3.7/site-packages/airflow/example_dags/example_dynamic_task_mapping.py
[2024-10-27T01:39:35.186+0000] {processor.py:836} INFO - DAG(s) dict_keys(['example_dynamic_task_mapping']) retrieved from /home/airflow/.local/lib/python3.7/site-packages/airflow/example_dags/example_dynamic_task_mapping.py
[2024-10-27T01:39:35.198+0000] {logging_mixin.py:150} INFO - [2024-10-27T01:39:35.198+0000] {dag.py:2742} INFO - Sync 1 DAGs
[2024-10-27T01:39:35.211+0000] {logging_mixin.py:150} INFO - [2024-10-27T01:39:35.211+0000] {dag.py:3508} INFO - Setting next_dagrun for example_dynamic_task_mapping to 2022-03-04T00:00:00+00:00, run_after=2022-03-05T00:00:00+00:00
[2024-10-27T01:39:35.223+0000] {processor.py:179} INFO - Processing /home/airflow/.local/lib/python3.7/site-packages/airflow/example_dags/example_dynamic_task_mapping.py took 0.044 seconds
