[2024-10-27T01:38:00.179+0000] {processor.py:157} INFO - Started process (PID=74) to work on /home/airflow/.local/lib/python3.7/site-packages/airflow/example_dags/tutorial_taskflow_api.py
[2024-10-27T01:38:00.181+0000] {processor.py:826} INFO - Processing file /home/airflow/.local/lib/python3.7/site-packages/airflow/example_dags/tutorial_taskflow_api.py for tasks to queue
[2024-10-27T01:38:00.182+0000] {logging_mixin.py:150} INFO - [2024-10-27T01:38:00.182+0000] {dagbag.py:541} INFO - Filling up the DagBag from /home/airflow/.local/lib/python3.7/site-packages/airflow/example_dags/tutorial_taskflow_api.py
[2024-10-27T01:38:00.192+0000] {processor.py:836} INFO - DAG(s) dict_keys(['tutorial_taskflow_api']) retrieved from /home/airflow/.local/lib/python3.7/site-packages/airflow/example_dags/tutorial_taskflow_api.py
[2024-10-27T01:38:00.256+0000] {logging_mixin.py:150} INFO - [2024-10-27T01:38:00.256+0000] {dag.py:2742} INFO - Sync 1 DAGs
[2024-10-27T01:38:00.325+0000] {logging_mixin.py:150} INFO - [2024-10-27T01:38:00.324+0000] {dag.py:3508} INFO - Setting next_dagrun for tutorial_taskflow_api to None, run_after=None
[2024-10-27T01:38:00.354+0000] {processor.py:179} INFO - Processing /home/airflow/.local/lib/python3.7/site-packages/airflow/example_dags/tutorial_taskflow_api.py took 0.182 seconds
[2024-10-27T01:38:30.387+0000] {processor.py:157} INFO - Started process (PID=154) to work on /home/airflow/.local/lib/python3.7/site-packages/airflow/example_dags/tutorial_taskflow_api.py
[2024-10-27T01:38:30.387+0000] {processor.py:826} INFO - Processing file /home/airflow/.local/lib/python3.7/site-packages/airflow/example_dags/tutorial_taskflow_api.py for tasks to queue
[2024-10-27T01:38:30.388+0000] {logging_mixin.py:150} INFO - [2024-10-27T01:38:30.388+0000] {dagbag.py:541} INFO - Filling up the DagBag from /home/airflow/.local/lib/python3.7/site-packages/airflow/example_dags/tutorial_taskflow_api.py
[2024-10-27T01:38:30.393+0000] {processor.py:836} INFO - DAG(s) dict_keys(['tutorial_taskflow_api']) retrieved from /home/airflow/.local/lib/python3.7/site-packages/airflow/example_dags/tutorial_taskflow_api.py
[2024-10-27T01:38:30.405+0000] {logging_mixin.py:150} INFO - [2024-10-27T01:38:30.405+0000] {dag.py:2742} INFO - Sync 1 DAGs
[2024-10-27T01:38:30.418+0000] {logging_mixin.py:150} INFO - [2024-10-27T01:38:30.417+0000] {dag.py:3508} INFO - Setting next_dagrun for tutorial_taskflow_api to None, run_after=None
[2024-10-27T01:38:30.425+0000] {processor.py:179} INFO - Processing /home/airflow/.local/lib/python3.7/site-packages/airflow/example_dags/tutorial_taskflow_api.py took 0.040 seconds
[2024-10-27T01:39:01.651+0000] {processor.py:157} INFO - Started process (PID=242) to work on /home/airflow/.local/lib/python3.7/site-packages/airflow/example_dags/tutorial_taskflow_api.py
[2024-10-27T01:39:01.653+0000] {processor.py:826} INFO - Processing file /home/airflow/.local/lib/python3.7/site-packages/airflow/example_dags/tutorial_taskflow_api.py for tasks to queue
[2024-10-27T01:39:01.654+0000] {logging_mixin.py:150} INFO - [2024-10-27T01:39:01.654+0000] {dagbag.py:541} INFO - Filling up the DagBag from /home/airflow/.local/lib/python3.7/site-packages/airflow/example_dags/tutorial_taskflow_api.py
[2024-10-27T01:39:01.657+0000] {processor.py:836} INFO - DAG(s) dict_keys(['tutorial_taskflow_api']) retrieved from /home/airflow/.local/lib/python3.7/site-packages/airflow/example_dags/tutorial_taskflow_api.py
[2024-10-27T01:39:01.669+0000] {logging_mixin.py:150} INFO - [2024-10-27T01:39:01.669+0000] {dag.py:2742} INFO - Sync 1 DAGs
[2024-10-27T01:39:01.684+0000] {logging_mixin.py:150} INFO - [2024-10-27T01:39:01.684+0000] {dag.py:3508} INFO - Setting next_dagrun for tutorial_taskflow_api to None, run_after=None
[2024-10-27T01:39:01.699+0000] {processor.py:179} INFO - Processing /home/airflow/.local/lib/python3.7/site-packages/airflow/example_dags/tutorial_taskflow_api.py took 0.050 seconds
[2024-10-27T01:39:32.139+0000] {processor.py:157} INFO - Started process (PID=330) to work on /home/airflow/.local/lib/python3.7/site-packages/airflow/example_dags/tutorial_taskflow_api.py
[2024-10-27T01:39:32.141+0000] {processor.py:826} INFO - Processing file /home/airflow/.local/lib/python3.7/site-packages/airflow/example_dags/tutorial_taskflow_api.py for tasks to queue
[2024-10-27T01:39:32.141+0000] {logging_mixin.py:150} INFO - [2024-10-27T01:39:32.141+0000] {dagbag.py:541} INFO - Filling up the DagBag from /home/airflow/.local/lib/python3.7/site-packages/airflow/example_dags/tutorial_taskflow_api.py
[2024-10-27T01:39:32.147+0000] {processor.py:836} INFO - DAG(s) dict_keys(['tutorial_taskflow_api']) retrieved from /home/airflow/.local/lib/python3.7/site-packages/airflow/example_dags/tutorial_taskflow_api.py
[2024-10-27T01:39:32.158+0000] {logging_mixin.py:150} INFO - [2024-10-27T01:39:32.158+0000] {dag.py:2742} INFO - Sync 1 DAGs
[2024-10-27T01:39:32.170+0000] {logging_mixin.py:150} INFO - [2024-10-27T01:39:32.170+0000] {dag.py:3508} INFO - Setting next_dagrun for tutorial_taskflow_api to None, run_after=None
[2024-10-27T01:39:32.181+0000] {processor.py:179} INFO - Processing /home/airflow/.local/lib/python3.7/site-packages/airflow/example_dags/tutorial_taskflow_api.py took 0.043 seconds
