[2024-10-27T01:38:02.145+0000] {processor.py:157} INFO - Started process (PID=88) to work on /home/airflow/.local/lib/python3.7/site-packages/airflow/example_dags/tutorial.py
[2024-10-27T01:38:02.145+0000] {processor.py:826} INFO - Processing file /home/airflow/.local/lib/python3.7/site-packages/airflow/example_dags/tutorial.py for tasks to queue
[2024-10-27T01:38:02.145+0000] {logging_mixin.py:150} INFO - [2024-10-27T01:38:02.145+0000] {dagbag.py:541} INFO - Filling up the DagBag from /home/airflow/.local/lib/python3.7/site-packages/airflow/example_dags/tutorial.py
[2024-10-27T01:38:02.152+0000] {processor.py:836} INFO - DAG(s) dict_keys(['tutorial']) retrieved from /home/airflow/.local/lib/python3.7/site-packages/airflow/example_dags/tutorial.py
[2024-10-27T01:38:02.177+0000] {logging_mixin.py:150} INFO - [2024-10-27T01:38:02.177+0000] {dag.py:2742} INFO - Sync 1 DAGs
[2024-10-27T01:38:02.191+0000] {logging_mixin.py:150} INFO - [2024-10-27T01:38:02.191+0000] {dag.py:3508} INFO - Setting next_dagrun for tutorial to 2024-10-26T01:38:02.191558+00:00, run_after=2024-10-27T01:38:02.191558+00:00
[2024-10-27T01:38:02.203+0000] {processor.py:179} INFO - Processing /home/airflow/.local/lib/python3.7/site-packages/airflow/example_dags/tutorial.py took 0.060 seconds
[2024-10-27T01:38:32.341+0000] {processor.py:157} INFO - Started process (PID=176) to work on /home/airflow/.local/lib/python3.7/site-packages/airflow/example_dags/tutorial.py
[2024-10-27T01:38:32.341+0000] {processor.py:826} INFO - Processing file /home/airflow/.local/lib/python3.7/site-packages/airflow/example_dags/tutorial.py for tasks to queue
[2024-10-27T01:38:32.341+0000] {logging_mixin.py:150} INFO - [2024-10-27T01:38:32.341+0000] {dagbag.py:541} INFO - Filling up the DagBag from /home/airflow/.local/lib/python3.7/site-packages/airflow/example_dags/tutorial.py
[2024-10-27T01:38:32.344+0000] {processor.py:836} INFO - DAG(s) dict_keys(['tutorial']) retrieved from /home/airflow/.local/lib/python3.7/site-packages/airflow/example_dags/tutorial.py
[2024-10-27T01:38:32.354+0000] {logging_mixin.py:150} INFO - [2024-10-27T01:38:32.354+0000] {dag.py:2742} INFO - Sync 1 DAGs
[2024-10-27T01:38:32.364+0000] {logging_mixin.py:150} INFO - [2024-10-27T01:38:32.364+0000] {dag.py:3508} INFO - Setting next_dagrun for tutorial to 2024-10-26T01:38:32.364157+00:00, run_after=2024-10-27T01:38:32.364157+00:00
[2024-10-27T01:38:32.370+0000] {processor.py:179} INFO - Processing /home/airflow/.local/lib/python3.7/site-packages/airflow/example_dags/tutorial.py took 0.031 seconds
[2024-10-27T01:39:02.764+0000] {processor.py:157} INFO - Started process (PID=264) to work on /home/airflow/.local/lib/python3.7/site-packages/airflow/example_dags/tutorial.py
[2024-10-27T01:39:02.765+0000] {processor.py:826} INFO - Processing file /home/airflow/.local/lib/python3.7/site-packages/airflow/example_dags/tutorial.py for tasks to queue
[2024-10-27T01:39:02.765+0000] {logging_mixin.py:150} INFO - [2024-10-27T01:39:02.765+0000] {dagbag.py:541} INFO - Filling up the DagBag from /home/airflow/.local/lib/python3.7/site-packages/airflow/example_dags/tutorial.py
[2024-10-27T01:39:02.769+0000] {processor.py:836} INFO - DAG(s) dict_keys(['tutorial']) retrieved from /home/airflow/.local/lib/python3.7/site-packages/airflow/example_dags/tutorial.py
[2024-10-27T01:39:02.781+0000] {logging_mixin.py:150} INFO - [2024-10-27T01:39:02.780+0000] {dag.py:2742} INFO - Sync 1 DAGs
[2024-10-27T01:39:02.792+0000] {logging_mixin.py:150} INFO - [2024-10-27T01:39:02.792+0000] {dag.py:3508} INFO - Setting next_dagrun for tutorial to 2024-10-26T01:39:02.792512+00:00, run_after=2024-10-27T01:39:02.792512+00:00
[2024-10-27T01:39:02.800+0000] {processor.py:179} INFO - Processing /home/airflow/.local/lib/python3.7/site-packages/airflow/example_dags/tutorial.py took 0.037 seconds
[2024-10-27T01:39:33.741+0000] {processor.py:157} INFO - Started process (PID=352) to work on /home/airflow/.local/lib/python3.7/site-packages/airflow/example_dags/tutorial.py
[2024-10-27T01:39:33.742+0000] {processor.py:826} INFO - Processing file /home/airflow/.local/lib/python3.7/site-packages/airflow/example_dags/tutorial.py for tasks to queue
[2024-10-27T01:39:33.742+0000] {logging_mixin.py:150} INFO - [2024-10-27T01:39:33.742+0000] {dagbag.py:541} INFO - Filling up the DagBag from /home/airflow/.local/lib/python3.7/site-packages/airflow/example_dags/tutorial.py
[2024-10-27T01:39:33.745+0000] {processor.py:836} INFO - DAG(s) dict_keys(['tutorial']) retrieved from /home/airflow/.local/lib/python3.7/site-packages/airflow/example_dags/tutorial.py
[2024-10-27T01:39:33.761+0000] {logging_mixin.py:150} INFO - [2024-10-27T01:39:33.761+0000] {dag.py:2742} INFO - Sync 1 DAGs
[2024-10-27T01:39:33.775+0000] {logging_mixin.py:150} INFO - [2024-10-27T01:39:33.775+0000] {dag.py:3508} INFO - Setting next_dagrun for tutorial to 2024-10-26T01:39:33.775053+00:00, run_after=2024-10-27T01:39:33.775053+00:00
[2024-10-27T01:39:33.784+0000] {processor.py:179} INFO - Processing /home/airflow/.local/lib/python3.7/site-packages/airflow/example_dags/tutorial.py took 0.044 seconds
