[2024-11-01T18:18:31.858+0000] {taskinstance.py:1103} INFO - Dependencies all met for dep_context=non-requeueable deps ti=<TaskInstance: bluebikes_data_pipeline.ingest_data_task scheduled__2024-09-01T00:00:00+00:00 [queued]>
[2024-11-01T18:18:32.215+0000] {taskinstance.py:1103} INFO - Dependencies all met for dep_context=requeueable deps ti=<TaskInstance: bluebikes_data_pipeline.ingest_data_task scheduled__2024-09-01T00:00:00+00:00 [queued]>
[2024-11-01T18:18:32.228+0000] {taskinstance.py:1308} INFO - Starting attempt 1 of 2
[2024-11-01T18:18:32.954+0000] {taskinstance.py:1097} INFO - Dependencies not met for <TaskInstance: bluebikes_data_pipeline.ingest_data_task scheduled__2024-09-01T00:00:00+00:00 [running]>, dependency 'Task Instance Not Running' FAILED: Task is in the running state
[2024-11-01T18:18:32.974+0000] {taskinstance.py:1327} INFO - Executing <Task(PythonOperator): ingest_data_task> on 2024-09-01 00:00:00+00:00
[2024-11-01T18:18:33.138+0000] {taskinstance.py:1097} INFO - Dependencies not met for <TaskInstance: bluebikes_data_pipeline.ingest_data_task scheduled__2024-09-01T00:00:00+00:00 [running]>, dependency 'Task Instance State' FAILED: Task is in the 'running' state.
[2024-11-01T18:18:33.139+0000] {standard_task_runner.py:57} INFO - Started process 224 to run task
[2024-11-01T18:18:33.855+0000] {local_task_job_runner.py:154} INFO - Task is not able to be run
[2024-11-01T18:18:33.288+0000] {standard_task_runner.py:84} INFO - Running: ['***', 'tasks', 'run', 'bluebikes_data_pipeline', 'ingest_data_task', 'scheduled__2024-09-01T00:00:00+00:00', '--job-id', '778', '--raw', '--subdir', 'DAGS_FOLDER/***_main.py', '--cfg-path', '/tmp/tmpbael61jl']
[2024-11-01T18:18:33.878+0000] {standard_task_runner.py:85} INFO - Job 778: Subtask ingest_data_task
[2024-11-01T18:18:36.667+0000] {task_command.py:410} INFO - Running <TaskInstance: bluebikes_data_pipeline.ingest_data_task scheduled__2024-09-01T00:00:00+00:00 [running]> on host f1ce4a924b75
[2024-11-01T18:18:37.876+0000] {taskinstance.py:1547} INFO - Exporting env vars: AIRFLOW_CTX_DAG_OWNER='your_name' AIRFLOW_CTX_DAG_ID='bluebikes_data_pipeline' AIRFLOW_CTX_TASK_ID='ingest_data_task' AIRFLOW_CTX_EXECUTION_DATE='2024-09-01T00:00:00+00:00' AIRFLOW_CTX_TRY_NUMBER='1' AIRFLOW_CTX_DAG_RUN_ID='scheduled__2024-09-01T00:00:00+00:00'
[2024-11-01T18:18:37.937+0000] {logging_mixin.py:150} INFO - Final list of URLs for ingestion: ['https://s3.amazonaws.com/hubway-data/202409-bluebikes-tripdata.zip']
[2024-11-01T18:18:37.950+0000] {warnings.py:110} WARNING - /home/***/.local/lib/python3.7/site-packages/***/utils/context.py:313: AirflowContextDeprecationWarning: Accessing 'execution_date' from the template is deprecated and will be removed in a future version. Please use 'data_interval_start' or 'logical_date' instead.
  warnings.warn(_create_deprecation_warning(k, replacements))

[2024-11-01T18:18:37.955+0000] {logging_mixin.py:150} INFO - Processing URL: https://s3.amazonaws.com/hubway-data/202409-bluebikes-tripdata.zip
[2024-11-01T18:18:52.512+0000] {logging_mixin.py:150} INFO - Downloaded /opt/***/downloads/202409-bluebikes-tripdata.zip
[2024-11-01T18:18:53.181+0000] {python.py:183} INFO - Done. Returned value was: ['/opt/***/downloads/202409-bluebikes-tripdata.zip']
[2024-11-01T18:18:54.658+0000] {taskinstance.py:1350} INFO - Marking task as SUCCESS. dag_id=bluebikes_data_pipeline, task_id=ingest_data_task, execution_date=20240901T000000, start_date=20241101T181831, end_date=20241101T181854
[2024-11-01T18:18:56.422+0000] {local_task_job_runner.py:225} INFO - Task exited with return code 0
[2024-11-01T18:18:57.087+0000] {taskinstance.py:2653} INFO - 0 downstream tasks scheduled from follow-on schedule check
