[2024-11-04T19:21:45.484+0000] {taskinstance.py:1103} INFO - Dependencies all met for dep_context=non-requeueable deps ti=<TaskInstance: bluebikes_data_pipeline.clean_and_preprocess_task scheduled__2024-06-01T00:00:00+00:00 [queued]>
[2024-11-04T19:21:45.503+0000] {taskinstance.py:1103} INFO - Dependencies all met for dep_context=requeueable deps ti=<TaskInstance: bluebikes_data_pipeline.clean_and_preprocess_task scheduled__2024-06-01T00:00:00+00:00 [queued]>
[2024-11-04T19:21:45.504+0000] {taskinstance.py:1308} INFO - Starting attempt 1 of 4
[2024-11-04T19:21:45.597+0000] {taskinstance.py:1327} INFO - Executing <Task(PythonOperator): clean_and_preprocess_task> on 2024-06-01 00:00:00+00:00
[2024-11-04T19:21:45.611+0000] {standard_task_runner.py:57} INFO - Started process 178 to run task
[2024-11-04T19:21:45.669+0000] {standard_task_runner.py:84} INFO - Running: ['***', 'tasks', 'run', 'bluebikes_data_pipeline', 'clean_and_preprocess_task', 'scheduled__2024-06-01T00:00:00+00:00', '--job-id', '1810', '--raw', '--subdir', 'DAGS_FOLDER/***_main.py', '--cfg-path', '/tmp/tmp5lm_xucm']
[2024-11-04T19:21:45.686+0000] {standard_task_runner.py:85} INFO - Job 1810: Subtask clean_and_preprocess_task
[2024-11-04T19:21:47.333+0000] {task_command.py:410} INFO - Running <TaskInstance: bluebikes_data_pipeline.clean_and_preprocess_task scheduled__2024-06-01T00:00:00+00:00 [running]> on host 724f9f0bb0f4
[2024-11-04T19:21:47.502+0000] {taskinstance.py:1547} INFO - Exporting env vars: AIRFLOW_CTX_DAG_OWNER='Muskan' AIRFLOW_CTX_DAG_ID='bluebikes_data_pipeline' AIRFLOW_CTX_TASK_ID='clean_and_preprocess_task' AIRFLOW_CTX_EXECUTION_DATE='2024-06-01T00:00:00+00:00' AIRFLOW_CTX_TRY_NUMBER='1' AIRFLOW_CTX_DAG_RUN_ID='scheduled__2024-06-01T00:00:00+00:00'
[2024-11-04T19:21:47.505+0000] {warnings.py:110} WARNING - /home/***/.local/lib/python3.7/site-packages/***/utils/context.py:313: AirflowContextDeprecationWarning: Accessing 'execution_date' from the template is deprecated and will be removed in a future version. Please use 'data_interval_start' or 'logical_date' instead.
  warnings.warn(_create_deprecation_warning(k, replacements))

[2024-11-04T19:21:47.506+0000] {preprocess_ride_data.py:65} INFO - Starting data cleaning and preprocessing for file: 202406-bluebikes-tripdata.csv
[2024-11-04T19:21:48.385+0000] {preprocess_ride_data.py:12} INFO - Removing missing values.
[2024-11-04T19:21:48.492+0000] {preprocess_ride_data.py:16} INFO - Removing duplicate rows.
[2024-11-04T19:21:48.666+0000] {preprocess_ride_data.py:21} INFO - Converting data types.
[2024-11-04T19:21:48.771+0000] {preprocess_ride_data.py:39} INFO - Extracting temporal features.
[2024-11-04T19:22:00.082+0000] {preprocess_ride_data.py:12} INFO - Removing missing values.
[2024-11-04T19:22:00.573+0000] {preprocess_ride_data.py:16} INFO - Removing duplicate rows.
[2024-11-04T19:22:00.884+0000] {preprocess_ride_data.py:21} INFO - Converting data types.
[2024-11-04T19:22:01.274+0000] {preprocess_ride_data.py:39} INFO - Extracting temporal features.
[2024-11-04T19:22:24.801+0000] {preprocess_ride_data.py:12} INFO - Removing missing values.
[2024-11-04T19:22:24.979+0000] {preprocess_ride_data.py:16} INFO - Removing duplicate rows.
[2024-11-04T19:22:25.092+0000] {preprocess_ride_data.py:21} INFO - Converting data types.
[2024-11-04T19:22:25.116+0000] {preprocess_ride_data.py:39} INFO - Extracting temporal features.
[2024-11-04T19:22:30.384+0000] {preprocess_ride_data.py:12} INFO - Removing missing values.
[2024-11-04T19:22:30.409+0000] {preprocess_ride_data.py:16} INFO - Removing duplicate rows.
[2024-11-04T19:22:30.496+0000] {preprocess_ride_data.py:21} INFO - Converting data types.
[2024-11-04T19:22:30.570+0000] {preprocess_ride_data.py:39} INFO - Extracting temporal features.
[2024-11-04T19:22:34.578+0000] {preprocess_ride_data.py:12} INFO - Removing missing values.
[2024-11-04T19:22:34.669+0000] {preprocess_ride_data.py:16} INFO - Removing duplicate rows.
[2024-11-04T19:22:34.707+0000] {preprocess_ride_data.py:21} INFO - Converting data types.
[2024-11-04T19:22:34.785+0000] {preprocess_ride_data.py:39} INFO - Extracting temporal features.
[2024-11-04T19:22:40.068+0000] {preprocess_ride_data.py:12} INFO - Removing missing values.
[2024-11-04T19:22:40.099+0000] {preprocess_ride_data.py:16} INFO - Removing duplicate rows.
[2024-11-04T19:22:40.264+0000] {preprocess_ride_data.py:21} INFO - Converting data types.
[2024-11-04T19:22:40.301+0000] {preprocess_ride_data.py:39} INFO - Extracting temporal features.
[2024-11-04T19:22:47.586+0000] {preprocess_ride_data.py:12} INFO - Removing missing values.
[2024-11-04T19:22:47.673+0000] {preprocess_ride_data.py:16} INFO - Removing duplicate rows.
[2024-11-04T19:22:47.792+0000] {preprocess_ride_data.py:21} INFO - Converting data types.
[2024-11-04T19:22:47.896+0000] {preprocess_ride_data.py:39} INFO - Extracting temporal features.
[2024-11-04T19:22:56.193+0000] {preprocess_ride_data.py:12} INFO - Removing missing values.
[2024-11-04T19:22:56.281+0000] {preprocess_ride_data.py:16} INFO - Removing duplicate rows.
[2024-11-04T19:22:56.381+0000] {preprocess_ride_data.py:21} INFO - Converting data types.
[2024-11-04T19:22:56.405+0000] {preprocess_ride_data.py:39} INFO - Extracting temporal features.
[2024-11-04T19:23:02.512+0000] {preprocess_ride_data.py:12} INFO - Removing missing values.
[2024-11-04T19:23:02.580+0000] {preprocess_ride_data.py:16} INFO - Removing duplicate rows.
[2024-11-04T19:23:02.692+0000] {preprocess_ride_data.py:21} INFO - Converting data types.
[2024-11-04T19:23:02.769+0000] {preprocess_ride_data.py:39} INFO - Extracting temporal features.
[2024-11-04T19:23:09.507+0000] {preprocess_ride_data.py:12} INFO - Removing missing values.
[2024-11-04T19:23:09.584+0000] {preprocess_ride_data.py:16} INFO - Removing duplicate rows.
[2024-11-04T19:23:09.671+0000] {preprocess_ride_data.py:21} INFO - Converting data types.
[2024-11-04T19:23:09.696+0000] {preprocess_ride_data.py:39} INFO - Extracting temporal features.
[2024-11-04T19:23:12.586+0000] {preprocess_ride_data.py:94} INFO - Data cleaning and preprocessing completed for file: 202406-bluebikes-tripdata.csv. Output saved to: /opt/***/cleaned_files/preprocessed_202406-bluebikes-tripdata.csv
[2024-11-04T19:23:12.589+0000] {preprocess_ride_data.py:95} INFO - Data cleaning and preprocessing completed for file: 202406-bluebikes-tripdata.csv
[2024-11-04T19:23:12.591+0000] {python.py:183} INFO - Done. Returned value was: None
[2024-11-04T19:23:12.674+0000] {taskinstance.py:1350} INFO - Marking task as SUCCESS. dag_id=bluebikes_data_pipeline, task_id=clean_and_preprocess_task, execution_date=20240601T000000, start_date=20241104T192145, end_date=20241104T192312
[2024-11-04T19:23:12.789+0000] {local_task_job_runner.py:225} INFO - Task exited with return code 0
[2024-11-04T19:23:12.966+0000] {taskinstance.py:2653} INFO - 1 downstream tasks scheduled from follow-on schedule check
