[2024-11-01T18:11:58.532+0000] {processor.py:157} INFO - Started process (PID=46) to work on /opt/airflow/dags/airflow_main.py
[2024-11-01T18:11:58.533+0000] {processor.py:826} INFO - Processing file /opt/airflow/dags/airflow_main.py for tasks to queue
[2024-11-01T18:11:58.534+0000] {logging_mixin.py:150} INFO - [2024-11-01T18:11:58.534+0000] {dagbag.py:541} INFO - Filling up the DagBag from /opt/airflow/dags/airflow_main.py
[2024-11-01T18:11:59.770+0000] {processor.py:836} INFO - DAG(s) dict_keys(['bluebikes_data_pipeline']) retrieved from /opt/airflow/dags/airflow_main.py
[2024-11-01T18:12:00.506+0000] {logging_mixin.py:150} INFO - [2024-11-01T18:12:00.504+0000] {dag.py:2742} INFO - Sync 1 DAGs
[2024-11-01T18:12:00.515+0000] {logging_mixin.py:150} INFO - [2024-11-01T18:12:00.515+0000] {dag.py:2763} INFO - Creating ORM DAG for bluebikes_data_pipeline
[2024-11-01T18:12:00.522+0000] {logging_mixin.py:150} INFO - [2024-11-01T18:12:00.522+0000] {dag.py:3508} INFO - Setting next_dagrun for bluebikes_data_pipeline to 2023-10-01T00:00:00+00:00, run_after=2023-11-01T00:00:00+00:00
[2024-11-01T18:12:00.552+0000] {processor.py:179} INFO - Processing /opt/airflow/dags/airflow_main.py took 2.028 seconds
[2024-11-01T18:12:31.082+0000] {processor.py:157} INFO - Started process (PID=108) to work on /opt/airflow/dags/airflow_main.py
[2024-11-01T18:12:31.091+0000] {processor.py:826} INFO - Processing file /opt/airflow/dags/airflow_main.py for tasks to queue
[2024-11-01T18:12:31.096+0000] {logging_mixin.py:150} INFO - [2024-11-01T18:12:31.092+0000] {dagbag.py:541} INFO - Filling up the DagBag from /opt/airflow/dags/airflow_main.py
[2024-11-01T18:12:31.559+0000] {processor.py:836} INFO - DAG(s) dict_keys(['bluebikes_data_pipeline']) retrieved from /opt/airflow/dags/airflow_main.py
[2024-11-01T18:12:31.648+0000] {logging_mixin.py:150} INFO - [2024-11-01T18:12:31.647+0000] {dag.py:2742} INFO - Sync 1 DAGs
[2024-11-01T18:12:31.668+0000] {logging_mixin.py:150} INFO - [2024-11-01T18:12:31.668+0000] {dag.py:3508} INFO - Setting next_dagrun for bluebikes_data_pipeline to 2023-10-01T00:00:00+00:00, run_after=2023-11-01T00:00:00+00:00
[2024-11-01T18:12:31.689+0000] {processor.py:179} INFO - Processing /opt/airflow/dags/airflow_main.py took 0.668 seconds
[2024-11-01T18:13:02.294+0000] {processor.py:157} INFO - Started process (PID=170) to work on /opt/airflow/dags/airflow_main.py
[2024-11-01T18:13:02.303+0000] {processor.py:826} INFO - Processing file /opt/airflow/dags/airflow_main.py for tasks to queue
[2024-11-01T18:13:02.303+0000] {logging_mixin.py:150} INFO - [2024-11-01T18:13:02.303+0000] {dagbag.py:541} INFO - Filling up the DagBag from /opt/airflow/dags/airflow_main.py
[2024-11-01T18:13:03.480+0000] {processor.py:836} INFO - DAG(s) dict_keys(['bluebikes_data_pipeline']) retrieved from /opt/airflow/dags/airflow_main.py
[2024-11-01T18:13:03.522+0000] {logging_mixin.py:150} INFO - [2024-11-01T18:13:03.521+0000] {dag.py:2742} INFO - Sync 1 DAGs
[2024-11-01T18:13:03.544+0000] {logging_mixin.py:150} INFO - [2024-11-01T18:13:03.544+0000] {dag.py:3508} INFO - Setting next_dagrun for bluebikes_data_pipeline to 2023-10-01T00:00:00+00:00, run_after=2023-11-01T00:00:00+00:00
[2024-11-01T18:13:03.554+0000] {processor.py:179} INFO - Processing /opt/airflow/dags/airflow_main.py took 1.262 seconds
[2024-11-01T18:13:35.009+0000] {processor.py:157} INFO - Started process (PID=210) to work on /opt/airflow/dags/airflow_main.py
[2024-11-01T18:13:35.012+0000] {processor.py:826} INFO - Processing file /opt/airflow/dags/airflow_main.py for tasks to queue
[2024-11-01T18:13:35.013+0000] {logging_mixin.py:150} INFO - [2024-11-01T18:13:35.013+0000] {dagbag.py:541} INFO - Filling up the DagBag from /opt/airflow/dags/airflow_main.py
[2024-11-01T18:13:42.342+0000] {processor.py:836} INFO - DAG(s) dict_keys(['bluebikes_data_pipeline']) retrieved from /opt/airflow/dags/airflow_main.py
[2024-11-01T18:13:42.526+0000] {logging_mixin.py:150} INFO - [2024-11-01T18:13:42.524+0000] {dag.py:2742} INFO - Sync 1 DAGs
[2024-11-01T18:13:42.784+0000] {logging_mixin.py:150} INFO - [2024-11-01T18:13:42.783+0000] {dag.py:3508} INFO - Setting next_dagrun for bluebikes_data_pipeline to 2024-11-01T00:00:00+00:00, run_after=2024-12-01T00:00:00+00:00
[2024-11-01T18:13:42.902+0000] {processor.py:179} INFO - Processing /opt/airflow/dags/airflow_main.py took 7.898 seconds
[2024-11-01T18:14:34.442+0000] {processor.py:157} INFO - Started process (PID=236) to work on /opt/airflow/dags/airflow_main.py
[2024-11-01T18:14:34.622+0000] {processor.py:826} INFO - Processing file /opt/airflow/dags/airflow_main.py for tasks to queue
[2024-11-01T18:14:34.628+0000] {logging_mixin.py:150} INFO - [2024-11-01T18:14:34.628+0000] {dagbag.py:541} INFO - Filling up the DagBag from /opt/airflow/dags/airflow_main.py
[2024-11-01T18:14:45.661+0000] {processor.py:836} INFO - DAG(s) dict_keys(['bluebikes_data_pipeline']) retrieved from /opt/airflow/dags/airflow_main.py
[2024-11-01T18:14:46.693+0000] {logging_mixin.py:150} INFO - [2024-11-01T18:14:46.688+0000] {dag.py:2742} INFO - Sync 1 DAGs
[2024-11-01T18:14:50.375+0000] {logging_mixin.py:150} INFO - [2024-11-01T18:14:50.362+0000] {dag.py:3508} INFO - Setting next_dagrun for bluebikes_data_pipeline to 2024-11-01T00:00:00+00:00, run_after=2024-12-01T00:00:00+00:00
[2024-11-01T18:14:51.034+0000] {processor.py:179} INFO - Processing /opt/airflow/dags/airflow_main.py took 16.961 seconds
[2024-11-01T18:16:43.522+0000] {processor.py:157} INFO - Started process (PID=302) to work on /opt/airflow/dags/airflow_main.py
[2024-11-01T18:16:43.689+0000] {processor.py:826} INFO - Processing file /opt/airflow/dags/airflow_main.py for tasks to queue
[2024-11-01T18:16:44.870+0000] {logging_mixin.py:150} INFO - [2024-11-01T18:16:44.869+0000] {dagbag.py:541} INFO - Filling up the DagBag from /opt/airflow/dags/airflow_main.py
[2024-11-01T18:16:51.157+0000] {processor.py:836} INFO - DAG(s) dict_keys(['bluebikes_data_pipeline']) retrieved from /opt/airflow/dags/airflow_main.py
[2024-11-01T18:16:52.201+0000] {logging_mixin.py:150} INFO - [2024-11-01T18:16:52.199+0000] {dag.py:2742} INFO - Sync 1 DAGs
[2024-11-01T18:16:52.588+0000] {logging_mixin.py:150} INFO - [2024-11-01T18:16:52.587+0000] {dag.py:3508} INFO - Setting next_dagrun for bluebikes_data_pipeline to 2024-11-01T00:00:00+00:00, run_after=2024-12-01T00:00:00+00:00
[2024-11-01T18:16:52.703+0000] {processor.py:179} INFO - Processing /opt/airflow/dags/airflow_main.py took 9.222 seconds
[2024-11-01T18:17:47.769+0000] {processor.py:157} INFO - Started process (PID=359) to work on /opt/airflow/dags/airflow_main.py
[2024-11-01T18:17:47.783+0000] {processor.py:826} INFO - Processing file /opt/airflow/dags/airflow_main.py for tasks to queue
[2024-11-01T18:17:47.790+0000] {logging_mixin.py:150} INFO - [2024-11-01T18:17:47.790+0000] {dagbag.py:541} INFO - Filling up the DagBag from /opt/airflow/dags/airflow_main.py
[2024-11-01T18:17:51.364+0000] {processor.py:836} INFO - DAG(s) dict_keys(['bluebikes_data_pipeline']) retrieved from /opt/airflow/dags/airflow_main.py
[2024-11-01T18:17:52.387+0000] {logging_mixin.py:150} INFO - [2024-11-01T18:17:52.383+0000] {dag.py:2742} INFO - Sync 1 DAGs
[2024-11-01T18:17:52.689+0000] {logging_mixin.py:150} INFO - [2024-11-01T18:17:52.687+0000] {dag.py:3508} INFO - Setting next_dagrun for bluebikes_data_pipeline to 2024-11-01T00:00:00+00:00, run_after=2024-12-01T00:00:00+00:00
[2024-11-01T18:17:53.284+0000] {processor.py:179} INFO - Processing /opt/airflow/dags/airflow_main.py took 5.523 seconds
[2024-11-01T18:18:31.543+0000] {processor.py:157} INFO - Started process (PID=422) to work on /opt/airflow/dags/airflow_main.py
[2024-11-01T18:18:31.582+0000] {processor.py:826} INFO - Processing file /opt/airflow/dags/airflow_main.py for tasks to queue
[2024-11-01T18:18:31.593+0000] {logging_mixin.py:150} INFO - [2024-11-01T18:18:31.590+0000] {dagbag.py:541} INFO - Filling up the DagBag from /opt/airflow/dags/airflow_main.py
[2024-11-01T18:18:32.530+0000] {processor.py:836} INFO - DAG(s) dict_keys(['bluebikes_data_pipeline']) retrieved from /opt/airflow/dags/airflow_main.py
[2024-11-01T18:18:32.897+0000] {logging_mixin.py:150} INFO - [2024-11-01T18:18:32.794+0000] {dag.py:2742} INFO - Sync 1 DAGs
[2024-11-01T18:18:33.168+0000] {logging_mixin.py:150} INFO - [2024-11-01T18:18:33.167+0000] {dag.py:3508} INFO - Setting next_dagrun for bluebikes_data_pipeline to 2024-11-01T00:00:00+00:00, run_after=2024-12-01T00:00:00+00:00
[2024-11-01T18:18:34.916+0000] {processor.py:179} INFO - Processing /opt/airflow/dags/airflow_main.py took 3.412 seconds
[2024-11-01T18:19:09.889+0000] {processor.py:157} INFO - Started process (PID=490) to work on /opt/airflow/dags/airflow_main.py
[2024-11-01T18:19:09.891+0000] {processor.py:826} INFO - Processing file /opt/airflow/dags/airflow_main.py for tasks to queue
[2024-11-01T18:19:09.893+0000] {logging_mixin.py:150} INFO - [2024-11-01T18:19:09.893+0000] {dagbag.py:541} INFO - Filling up the DagBag from /opt/airflow/dags/airflow_main.py
[2024-11-01T18:19:10.911+0000] {processor.py:836} INFO - DAG(s) dict_keys(['bluebikes_data_pipeline']) retrieved from /opt/airflow/dags/airflow_main.py
[2024-11-01T18:19:11.986+0000] {logging_mixin.py:150} INFO - [2024-11-01T18:19:11.985+0000] {dag.py:2742} INFO - Sync 1 DAGs
[2024-11-01T18:19:12.123+0000] {logging_mixin.py:150} INFO - [2024-11-01T18:19:12.123+0000] {dag.py:3508} INFO - Setting next_dagrun for bluebikes_data_pipeline to 2024-11-01T00:00:00+00:00, run_after=2024-12-01T00:00:00+00:00
[2024-11-01T18:19:18.013+0000] {processor.py:179} INFO - Processing /opt/airflow/dags/airflow_main.py took 8.111 seconds
[2024-11-01T18:19:47.400+0000] {processor.py:157} INFO - Started process (PID=551) to work on /opt/airflow/dags/airflow_main.py
[2024-11-01T18:19:47.404+0000] {processor.py:826} INFO - Processing file /opt/airflow/dags/airflow_main.py for tasks to queue
[2024-11-01T18:19:47.407+0000] {logging_mixin.py:150} INFO - [2024-11-01T18:19:47.406+0000] {dagbag.py:541} INFO - Filling up the DagBag from /opt/airflow/dags/airflow_main.py
[2024-11-01T18:19:48.940+0000] {processor.py:836} INFO - DAG(s) dict_keys(['bluebikes_data_pipeline']) retrieved from /opt/airflow/dags/airflow_main.py
[2024-11-01T18:19:54.532+0000] {logging_mixin.py:150} INFO - [2024-11-01T18:19:54.527+0000] {dag.py:2742} INFO - Sync 1 DAGs
[2024-11-01T18:19:55.095+0000] {logging_mixin.py:150} INFO - [2024-11-01T18:19:55.094+0000] {dag.py:3508} INFO - Setting next_dagrun for bluebikes_data_pipeline to 2024-11-01T00:00:00+00:00, run_after=2024-12-01T00:00:00+00:00
[2024-11-01T18:19:55.861+0000] {processor.py:179} INFO - Processing /opt/airflow/dags/airflow_main.py took 8.464 seconds
[2024-11-01T18:20:29.360+0000] {processor.py:157} INFO - Started process (PID=616) to work on /opt/airflow/dags/airflow_main.py
[2024-11-01T18:20:29.385+0000] {processor.py:826} INFO - Processing file /opt/airflow/dags/airflow_main.py for tasks to queue
[2024-11-01T18:20:29.386+0000] {logging_mixin.py:150} INFO - [2024-11-01T18:20:29.386+0000] {dagbag.py:541} INFO - Filling up the DagBag from /opt/airflow/dags/airflow_main.py
[2024-11-01T18:20:30.498+0000] {processor.py:836} INFO - DAG(s) dict_keys(['bluebikes_data_pipeline']) retrieved from /opt/airflow/dags/airflow_main.py
[2024-11-01T18:20:30.887+0000] {logging_mixin.py:150} INFO - [2024-11-01T18:20:30.886+0000] {dag.py:2742} INFO - Sync 1 DAGs
[2024-11-01T18:20:32.200+0000] {logging_mixin.py:150} INFO - [2024-11-01T18:20:32.194+0000] {dag.py:3508} INFO - Setting next_dagrun for bluebikes_data_pipeline to 2024-11-01T00:00:00+00:00, run_after=2024-12-01T00:00:00+00:00
[2024-11-01T18:20:32.833+0000] {processor.py:179} INFO - Processing /opt/airflow/dags/airflow_main.py took 3.704 seconds
[2024-11-01T18:21:30.794+0000] {processor.py:157} INFO - Started process (PID=673) to work on /opt/airflow/dags/airflow_main.py
[2024-11-01T18:21:30.805+0000] {processor.py:826} INFO - Processing file /opt/airflow/dags/airflow_main.py for tasks to queue
[2024-11-01T18:21:30.806+0000] {logging_mixin.py:150} INFO - [2024-11-01T18:21:30.805+0000] {dagbag.py:541} INFO - Filling up the DagBag from /opt/airflow/dags/airflow_main.py
[2024-11-01T18:21:54.515+0000] {processor.py:836} INFO - DAG(s) dict_keys(['bluebikes_data_pipeline']) retrieved from /opt/airflow/dags/airflow_main.py
[2024-11-01T18:21:58.862+0000] {logging_mixin.py:150} INFO - [2024-11-01T18:21:58.845+0000] {dag.py:2742} INFO - Sync 1 DAGs
[2024-11-01T18:22:04.327+0000] {logging_mixin.py:150} INFO - [2024-11-01T18:22:04.301+0000] {dag.py:3508} INFO - Setting next_dagrun for bluebikes_data_pipeline to 2024-11-01T00:00:00+00:00, run_after=2024-12-01T00:00:00+00:00
[2024-11-01T18:22:07.436+0000] {processor.py:179} INFO - Processing /opt/airflow/dags/airflow_main.py took 36.676 seconds
[2024-11-01T18:24:08.085+0000] {processor.py:157} INFO - Started process (PID=751) to work on /opt/airflow/dags/airflow_main.py
[2024-11-01T18:24:08.093+0000] {processor.py:826} INFO - Processing file /opt/airflow/dags/airflow_main.py for tasks to queue
[2024-11-01T18:24:08.094+0000] {logging_mixin.py:150} INFO - [2024-11-01T18:24:08.094+0000] {dagbag.py:541} INFO - Filling up the DagBag from /opt/airflow/dags/airflow_main.py
[2024-11-01T18:24:10.485+0000] {processor.py:836} INFO - DAG(s) dict_keys(['bluebikes_data_pipeline']) retrieved from /opt/airflow/dags/airflow_main.py
[2024-11-01T18:24:10.724+0000] {logging_mixin.py:150} INFO - [2024-11-01T18:24:10.715+0000] {dag.py:2742} INFO - Sync 1 DAGs
[2024-11-01T18:24:10.972+0000] {logging_mixin.py:150} INFO - [2024-11-01T18:24:10.968+0000] {dag.py:3508} INFO - Setting next_dagrun for bluebikes_data_pipeline to 2024-11-01T00:00:00+00:00, run_after=2024-12-01T00:00:00+00:00
[2024-11-01T18:24:11.312+0000] {processor.py:179} INFO - Processing /opt/airflow/dags/airflow_main.py took 3.241 seconds
[2024-11-01T18:24:43.722+0000] {processor.py:157} INFO - Started process (PID=801) to work on /opt/airflow/dags/airflow_main.py
[2024-11-01T18:24:43.731+0000] {processor.py:826} INFO - Processing file /opt/airflow/dags/airflow_main.py for tasks to queue
[2024-11-01T18:24:43.737+0000] {logging_mixin.py:150} INFO - [2024-11-01T18:24:43.734+0000] {dagbag.py:541} INFO - Filling up the DagBag from /opt/airflow/dags/airflow_main.py
[2024-11-01T18:24:45.054+0000] {processor.py:836} INFO - DAG(s) dict_keys(['bluebikes_data_pipeline']) retrieved from /opt/airflow/dags/airflow_main.py
[2024-11-01T18:24:45.327+0000] {logging_mixin.py:150} INFO - [2024-11-01T18:24:45.318+0000] {dag.py:2742} INFO - Sync 1 DAGs
[2024-11-01T18:24:45.529+0000] {logging_mixin.py:150} INFO - [2024-11-01T18:24:45.524+0000] {dag.py:3508} INFO - Setting next_dagrun for bluebikes_data_pipeline to 2024-11-01T00:00:00+00:00, run_after=2024-12-01T00:00:00+00:00
[2024-11-01T18:24:45.654+0000] {processor.py:179} INFO - Processing /opt/airflow/dags/airflow_main.py took 1.959 seconds
[2024-11-01T18:25:17.382+0000] {processor.py:157} INFO - Started process (PID=818) to work on /opt/airflow/dags/airflow_main.py
[2024-11-01T18:25:17.417+0000] {processor.py:826} INFO - Processing file /opt/airflow/dags/airflow_main.py for tasks to queue
[2024-11-01T18:25:17.424+0000] {logging_mixin.py:150} INFO - [2024-11-01T18:25:17.424+0000] {dagbag.py:541} INFO - Filling up the DagBag from /opt/airflow/dags/airflow_main.py
[2024-11-01T18:25:23.562+0000] {processor.py:836} INFO - DAG(s) dict_keys(['bluebikes_data_pipeline']) retrieved from /opt/airflow/dags/airflow_main.py
[2024-11-01T18:25:24.616+0000] {logging_mixin.py:150} INFO - [2024-11-01T18:25:24.607+0000] {taskinstance.py:1826} ERROR - {'DAG Id': 'bluebikes_data_pipeline', 'Task Id': 'upload_to_gcs_task', 'Run Id': 'scheduled__2024-04-01T00:00:00+00:00', 'Hostname': 'f1ce4a924b75', 'External Executor Id': '06d56a7c-0ec6-4042-94c8-1097bb07805c'}
[2024-11-01T18:25:24.954+0000] {logging_mixin.py:150} INFO - [2024-11-01T18:25:24.938+0000] {taskinstance.py:1350} INFO - Marking task as UP_FOR_RETRY. dag_id=bluebikes_data_pipeline, task_id=upload_to_gcs_task, execution_date=20240401T000000, start_date=20241101T182037, end_date=20241101T182524
[2024-11-01T18:25:25.124+0000] {processor.py:787} INFO - Executed failure callback for <TaskInstance: bluebikes_data_pipeline.upload_to_gcs_task scheduled__2024-04-01T00:00:00+00:00 [up_for_retry]> in state up_for_retry
[2024-11-01T18:25:25.132+0000] {logging_mixin.py:150} INFO - [2024-11-01T18:25:25.131+0000] {taskinstance.py:1826} ERROR - {'DAG Id': 'bluebikes_data_pipeline', 'Task Id': 'upload_to_gcs_task', 'Run Id': 'scheduled__2024-04-01T00:00:00+00:00', 'Hostname': 'f1ce4a924b75', 'External Executor Id': '06d56a7c-0ec6-4042-94c8-1097bb07805c'}
[2024-11-01T18:25:25.227+0000] {logging_mixin.py:150} INFO - [2024-11-01T18:25:25.223+0000] {taskinstance.py:1350} INFO - Marking task as FAILED. dag_id=bluebikes_data_pipeline, task_id=upload_to_gcs_task, execution_date=20240401T000000, start_date=20241101T182037, end_date=20241101T182525
[2024-11-01T18:25:25.254+0000] {processor.py:787} INFO - Executed failure callback for <TaskInstance: bluebikes_data_pipeline.upload_to_gcs_task scheduled__2024-04-01T00:00:00+00:00 [failed]> in state failed
[2024-11-01T18:25:25.588+0000] {logging_mixin.py:150} INFO - [2024-11-01T18:25:25.567+0000] {dag.py:2742} INFO - Sync 1 DAGs
[2024-11-01T18:25:25.761+0000] {logging_mixin.py:150} INFO - [2024-11-01T18:25:25.758+0000] {dag.py:3508} INFO - Setting next_dagrun for bluebikes_data_pipeline to 2024-11-01T00:00:00+00:00, run_after=2024-12-01T00:00:00+00:00
[2024-11-01T18:25:25.998+0000] {processor.py:179} INFO - Processing /opt/airflow/dags/airflow_main.py took 8.621 seconds
[2024-11-01T18:26:01.250+0000] {processor.py:157} INFO - Started process (PID=883) to work on /opt/airflow/dags/airflow_main.py
[2024-11-01T18:26:01.262+0000] {processor.py:826} INFO - Processing file /opt/airflow/dags/airflow_main.py for tasks to queue
[2024-11-01T18:26:01.264+0000] {logging_mixin.py:150} INFO - [2024-11-01T18:26:01.263+0000] {dagbag.py:541} INFO - Filling up the DagBag from /opt/airflow/dags/airflow_main.py
[2024-11-01T18:26:01.966+0000] {processor.py:836} INFO - DAG(s) dict_keys(['bluebikes_data_pipeline']) retrieved from /opt/airflow/dags/airflow_main.py
[2024-11-01T18:26:02.006+0000] {logging_mixin.py:150} INFO - [2024-11-01T18:26:02.006+0000] {dag.py:2742} INFO - Sync 1 DAGs
[2024-11-01T18:26:02.032+0000] {logging_mixin.py:150} INFO - [2024-11-01T18:26:02.032+0000] {dag.py:3508} INFO - Setting next_dagrun for bluebikes_data_pipeline to 2024-11-01T00:00:00+00:00, run_after=2024-12-01T00:00:00+00:00
[2024-11-01T18:26:02.060+0000] {processor.py:179} INFO - Processing /opt/airflow/dags/airflow_main.py took 0.813 seconds
[2024-11-01T18:26:32.810+0000] {processor.py:157} INFO - Started process (PID=944) to work on /opt/airflow/dags/airflow_main.py
[2024-11-01T18:26:32.817+0000] {processor.py:826} INFO - Processing file /opt/airflow/dags/airflow_main.py for tasks to queue
[2024-11-01T18:26:32.820+0000] {logging_mixin.py:150} INFO - [2024-11-01T18:26:32.819+0000] {dagbag.py:541} INFO - Filling up the DagBag from /opt/airflow/dags/airflow_main.py
[2024-11-01T18:26:32.954+0000] {processor.py:836} INFO - DAG(s) dict_keys(['bluebikes_data_pipeline']) retrieved from /opt/airflow/dags/airflow_main.py
[2024-11-01T18:26:32.979+0000] {logging_mixin.py:150} INFO - [2024-11-01T18:26:32.978+0000] {dag.py:2742} INFO - Sync 1 DAGs
[2024-11-01T18:26:33.000+0000] {logging_mixin.py:150} INFO - [2024-11-01T18:26:33.000+0000] {dag.py:3508} INFO - Setting next_dagrun for bluebikes_data_pipeline to 2024-11-01T00:00:00+00:00, run_after=2024-12-01T00:00:00+00:00
[2024-11-01T18:26:33.010+0000] {processor.py:179} INFO - Processing /opt/airflow/dags/airflow_main.py took 0.230 seconds
[2024-11-01T18:27:03.123+0000] {processor.py:157} INFO - Started process (PID=1006) to work on /opt/airflow/dags/airflow_main.py
[2024-11-01T18:27:03.124+0000] {processor.py:826} INFO - Processing file /opt/airflow/dags/airflow_main.py for tasks to queue
[2024-11-01T18:27:03.124+0000] {logging_mixin.py:150} INFO - [2024-11-01T18:27:03.124+0000] {dagbag.py:541} INFO - Filling up the DagBag from /opt/airflow/dags/airflow_main.py
[2024-11-01T18:27:03.186+0000] {processor.py:836} INFO - DAG(s) dict_keys(['bluebikes_data_pipeline']) retrieved from /opt/airflow/dags/airflow_main.py
[2024-11-01T18:27:03.200+0000] {logging_mixin.py:150} INFO - [2024-11-01T18:27:03.200+0000] {dag.py:2742} INFO - Sync 1 DAGs
[2024-11-01T18:27:03.224+0000] {logging_mixin.py:150} INFO - [2024-11-01T18:27:03.224+0000] {dag.py:3508} INFO - Setting next_dagrun for bluebikes_data_pipeline to 2024-11-01T00:00:00+00:00, run_after=2024-12-01T00:00:00+00:00
[2024-11-01T18:27:03.236+0000] {processor.py:179} INFO - Processing /opt/airflow/dags/airflow_main.py took 0.116 seconds
[2024-11-01T18:27:34.017+0000] {processor.py:157} INFO - Started process (PID=1068) to work on /opt/airflow/dags/airflow_main.py
[2024-11-01T18:27:34.018+0000] {processor.py:826} INFO - Processing file /opt/airflow/dags/airflow_main.py for tasks to queue
[2024-11-01T18:27:34.020+0000] {logging_mixin.py:150} INFO - [2024-11-01T18:27:34.020+0000] {dagbag.py:541} INFO - Filling up the DagBag from /opt/airflow/dags/airflow_main.py
[2024-11-01T18:27:34.067+0000] {processor.py:836} INFO - DAG(s) dict_keys(['bluebikes_data_pipeline']) retrieved from /opt/airflow/dags/airflow_main.py
[2024-11-01T18:27:34.080+0000] {logging_mixin.py:150} INFO - [2024-11-01T18:27:34.080+0000] {dag.py:2742} INFO - Sync 1 DAGs
[2024-11-01T18:27:34.095+0000] {logging_mixin.py:150} INFO - [2024-11-01T18:27:34.095+0000] {dag.py:3508} INFO - Setting next_dagrun for bluebikes_data_pipeline to 2024-11-01T00:00:00+00:00, run_after=2024-12-01T00:00:00+00:00
[2024-11-01T18:27:34.104+0000] {processor.py:179} INFO - Processing /opt/airflow/dags/airflow_main.py took 0.090 seconds
[2024-11-01T18:30:46.049+0000] {processor.py:157} INFO - Started process (PID=1119) to work on /opt/airflow/dags/airflow_main.py
[2024-11-01T18:30:46.051+0000] {processor.py:826} INFO - Processing file /opt/airflow/dags/airflow_main.py for tasks to queue
[2024-11-01T18:30:46.061+0000] {logging_mixin.py:150} INFO - [2024-11-01T18:30:46.057+0000] {dagbag.py:541} INFO - Filling up the DagBag from /opt/airflow/dags/airflow_main.py
[2024-11-01T18:30:46.229+0000] {processor.py:836} INFO - DAG(s) dict_keys(['bluebikes_data_pipeline']) retrieved from /opt/airflow/dags/airflow_main.py
[2024-11-01T18:30:46.284+0000] {logging_mixin.py:150} INFO - [2024-11-01T18:30:46.283+0000] {dag.py:2742} INFO - Sync 1 DAGs
[2024-11-01T18:30:46.322+0000] {logging_mixin.py:150} INFO - [2024-11-01T18:30:46.321+0000] {dag.py:3508} INFO - Setting next_dagrun for bluebikes_data_pipeline to 2024-11-01T00:00:00+00:00, run_after=2024-12-01T00:00:00+00:00
[2024-11-01T18:30:46.365+0000] {processor.py:179} INFO - Processing /opt/airflow/dags/airflow_main.py took 0.325 seconds
[2024-11-01T18:31:16.572+0000] {processor.py:157} INFO - Started process (PID=1181) to work on /opt/airflow/dags/airflow_main.py
[2024-11-01T18:31:16.574+0000] {processor.py:826} INFO - Processing file /opt/airflow/dags/airflow_main.py for tasks to queue
[2024-11-01T18:31:16.575+0000] {logging_mixin.py:150} INFO - [2024-11-01T18:31:16.575+0000] {dagbag.py:541} INFO - Filling up the DagBag from /opt/airflow/dags/airflow_main.py
[2024-11-01T18:31:16.696+0000] {processor.py:836} INFO - DAG(s) dict_keys(['bluebikes_data_pipeline']) retrieved from /opt/airflow/dags/airflow_main.py
[2024-11-01T18:31:16.715+0000] {logging_mixin.py:150} INFO - [2024-11-01T18:31:16.715+0000] {dag.py:2742} INFO - Sync 1 DAGs
[2024-11-01T18:31:16.737+0000] {logging_mixin.py:150} INFO - [2024-11-01T18:31:16.737+0000] {dag.py:3508} INFO - Setting next_dagrun for bluebikes_data_pipeline to 2024-11-01T00:00:00+00:00, run_after=2024-12-01T00:00:00+00:00
[2024-11-01T18:31:16.753+0000] {processor.py:179} INFO - Processing /opt/airflow/dags/airflow_main.py took 0.188 seconds
[2024-11-01T18:31:47.150+0000] {processor.py:157} INFO - Started process (PID=1243) to work on /opt/airflow/dags/airflow_main.py
[2024-11-01T18:31:47.152+0000] {processor.py:826} INFO - Processing file /opt/airflow/dags/airflow_main.py for tasks to queue
[2024-11-01T18:31:47.156+0000] {logging_mixin.py:150} INFO - [2024-11-01T18:31:47.155+0000] {dagbag.py:541} INFO - Filling up the DagBag from /opt/airflow/dags/airflow_main.py
[2024-11-01T18:31:47.273+0000] {processor.py:836} INFO - DAG(s) dict_keys(['bluebikes_data_pipeline']) retrieved from /opt/airflow/dags/airflow_main.py
[2024-11-01T18:31:47.293+0000] {logging_mixin.py:150} INFO - [2024-11-01T18:31:47.292+0000] {dag.py:2742} INFO - Sync 1 DAGs
[2024-11-01T18:31:47.313+0000] {logging_mixin.py:150} INFO - [2024-11-01T18:31:47.312+0000] {dag.py:3508} INFO - Setting next_dagrun for bluebikes_data_pipeline to 2024-11-01T00:00:00+00:00, run_after=2024-12-01T00:00:00+00:00
[2024-11-01T18:31:47.326+0000] {processor.py:179} INFO - Processing /opt/airflow/dags/airflow_main.py took 0.189 seconds
[2024-11-01T18:32:17.463+0000] {processor.py:157} INFO - Started process (PID=1305) to work on /opt/airflow/dags/airflow_main.py
[2024-11-01T18:32:17.465+0000] {processor.py:826} INFO - Processing file /opt/airflow/dags/airflow_main.py for tasks to queue
[2024-11-01T18:32:17.466+0000] {logging_mixin.py:150} INFO - [2024-11-01T18:32:17.466+0000] {dagbag.py:541} INFO - Filling up the DagBag from /opt/airflow/dags/airflow_main.py
[2024-11-01T18:32:17.571+0000] {processor.py:836} INFO - DAG(s) dict_keys(['bluebikes_data_pipeline']) retrieved from /opt/airflow/dags/airflow_main.py
[2024-11-01T18:32:17.599+0000] {logging_mixin.py:150} INFO - [2024-11-01T18:32:17.599+0000] {dag.py:2742} INFO - Sync 1 DAGs
[2024-11-01T18:32:17.620+0000] {logging_mixin.py:150} INFO - [2024-11-01T18:32:17.620+0000] {dag.py:3508} INFO - Setting next_dagrun for bluebikes_data_pipeline to 2024-11-01T00:00:00+00:00, run_after=2024-12-01T00:00:00+00:00
[2024-11-01T18:32:17.631+0000] {processor.py:179} INFO - Processing /opt/airflow/dags/airflow_main.py took 0.175 seconds
[2024-11-01T18:32:48.033+0000] {processor.py:157} INFO - Started process (PID=1366) to work on /opt/airflow/dags/airflow_main.py
[2024-11-01T18:32:48.034+0000] {processor.py:826} INFO - Processing file /opt/airflow/dags/airflow_main.py for tasks to queue
[2024-11-01T18:32:48.036+0000] {logging_mixin.py:150} INFO - [2024-11-01T18:32:48.036+0000] {dagbag.py:541} INFO - Filling up the DagBag from /opt/airflow/dags/airflow_main.py
[2024-11-01T18:32:48.123+0000] {processor.py:836} INFO - DAG(s) dict_keys(['bluebikes_data_pipeline']) retrieved from /opt/airflow/dags/airflow_main.py
[2024-11-01T18:32:48.142+0000] {logging_mixin.py:150} INFO - [2024-11-01T18:32:48.142+0000] {dag.py:2742} INFO - Sync 1 DAGs
[2024-11-01T18:32:48.175+0000] {logging_mixin.py:150} INFO - [2024-11-01T18:32:48.175+0000] {dag.py:3508} INFO - Setting next_dagrun for bluebikes_data_pipeline to 2024-11-01T00:00:00+00:00, run_after=2024-12-01T00:00:00+00:00
[2024-11-01T18:32:48.189+0000] {processor.py:179} INFO - Processing /opt/airflow/dags/airflow_main.py took 0.161 seconds
[2024-11-01T18:33:19.450+0000] {processor.py:157} INFO - Started process (PID=1428) to work on /opt/airflow/dags/airflow_main.py
[2024-11-01T18:33:19.464+0000] {processor.py:826} INFO - Processing file /opt/airflow/dags/airflow_main.py for tasks to queue
[2024-11-01T18:33:19.494+0000] {logging_mixin.py:150} INFO - [2024-11-01T18:33:19.482+0000] {dagbag.py:541} INFO - Filling up the DagBag from /opt/airflow/dags/airflow_main.py
[2024-11-01T18:33:19.889+0000] {processor.py:836} INFO - DAG(s) dict_keys(['bluebikes_data_pipeline']) retrieved from /opt/airflow/dags/airflow_main.py
[2024-11-01T18:33:19.909+0000] {logging_mixin.py:150} INFO - [2024-11-01T18:33:19.909+0000] {dag.py:2742} INFO - Sync 1 DAGs
[2024-11-01T18:33:19.929+0000] {logging_mixin.py:150} INFO - [2024-11-01T18:33:19.929+0000] {dag.py:3508} INFO - Setting next_dagrun for bluebikes_data_pipeline to 2024-11-01T00:00:00+00:00, run_after=2024-12-01T00:00:00+00:00
[2024-11-01T18:33:19.938+0000] {processor.py:179} INFO - Processing /opt/airflow/dags/airflow_main.py took 0.645 seconds
[2024-11-01T18:33:49.983+0000] {processor.py:157} INFO - Started process (PID=1490) to work on /opt/airflow/dags/airflow_main.py
[2024-11-01T18:33:49.984+0000] {processor.py:826} INFO - Processing file /opt/airflow/dags/airflow_main.py for tasks to queue
[2024-11-01T18:33:49.985+0000] {logging_mixin.py:150} INFO - [2024-11-01T18:33:49.984+0000] {dagbag.py:541} INFO - Filling up the DagBag from /opt/airflow/dags/airflow_main.py
[2024-11-01T18:33:50.087+0000] {processor.py:836} INFO - DAG(s) dict_keys(['bluebikes_data_pipeline']) retrieved from /opt/airflow/dags/airflow_main.py
[2024-11-01T18:33:50.140+0000] {logging_mixin.py:150} INFO - [2024-11-01T18:33:50.140+0000] {dag.py:2742} INFO - Sync 1 DAGs
[2024-11-01T18:33:50.159+0000] {logging_mixin.py:150} INFO - [2024-11-01T18:33:50.158+0000] {dag.py:3508} INFO - Setting next_dagrun for bluebikes_data_pipeline to 2024-11-01T00:00:00+00:00, run_after=2024-12-01T00:00:00+00:00
[2024-11-01T18:33:50.169+0000] {processor.py:179} INFO - Processing /opt/airflow/dags/airflow_main.py took 0.191 seconds
[2024-11-01T18:34:20.388+0000] {processor.py:157} INFO - Started process (PID=1552) to work on /opt/airflow/dags/airflow_main.py
[2024-11-01T18:34:20.392+0000] {processor.py:826} INFO - Processing file /opt/airflow/dags/airflow_main.py for tasks to queue
[2024-11-01T18:34:20.401+0000] {logging_mixin.py:150} INFO - [2024-11-01T18:34:20.399+0000] {dagbag.py:541} INFO - Filling up the DagBag from /opt/airflow/dags/airflow_main.py
[2024-11-01T18:34:20.516+0000] {processor.py:836} INFO - DAG(s) dict_keys(['bluebikes_data_pipeline']) retrieved from /opt/airflow/dags/airflow_main.py
[2024-11-01T18:34:20.548+0000] {logging_mixin.py:150} INFO - [2024-11-01T18:34:20.548+0000] {dag.py:2742} INFO - Sync 1 DAGs
[2024-11-01T18:34:20.565+0000] {logging_mixin.py:150} INFO - [2024-11-01T18:34:20.564+0000] {dag.py:3508} INFO - Setting next_dagrun for bluebikes_data_pipeline to 2024-11-01T00:00:00+00:00, run_after=2024-12-01T00:00:00+00:00
[2024-11-01T18:34:20.579+0000] {processor.py:179} INFO - Processing /opt/airflow/dags/airflow_main.py took 0.198 seconds
[2024-11-01T18:34:51.089+0000] {processor.py:157} INFO - Started process (PID=1614) to work on /opt/airflow/dags/airflow_main.py
[2024-11-01T18:34:51.091+0000] {processor.py:826} INFO - Processing file /opt/airflow/dags/airflow_main.py for tasks to queue
[2024-11-01T18:34:51.093+0000] {logging_mixin.py:150} INFO - [2024-11-01T18:34:51.092+0000] {dagbag.py:541} INFO - Filling up the DagBag from /opt/airflow/dags/airflow_main.py
[2024-11-01T18:34:51.188+0000] {processor.py:836} INFO - DAG(s) dict_keys(['bluebikes_data_pipeline']) retrieved from /opt/airflow/dags/airflow_main.py
[2024-11-01T18:34:51.203+0000] {logging_mixin.py:150} INFO - [2024-11-01T18:34:51.203+0000] {dag.py:2742} INFO - Sync 1 DAGs
[2024-11-01T18:34:51.219+0000] {logging_mixin.py:150} INFO - [2024-11-01T18:34:51.219+0000] {dag.py:3508} INFO - Setting next_dagrun for bluebikes_data_pipeline to 2024-11-01T00:00:00+00:00, run_after=2024-12-01T00:00:00+00:00
[2024-11-01T18:34:51.234+0000] {processor.py:179} INFO - Processing /opt/airflow/dags/airflow_main.py took 0.155 seconds
[2024-11-01T18:35:21.534+0000] {processor.py:157} INFO - Started process (PID=1676) to work on /opt/airflow/dags/airflow_main.py
[2024-11-01T18:35:21.535+0000] {processor.py:826} INFO - Processing file /opt/airflow/dags/airflow_main.py for tasks to queue
[2024-11-01T18:35:21.537+0000] {logging_mixin.py:150} INFO - [2024-11-01T18:35:21.536+0000] {dagbag.py:541} INFO - Filling up the DagBag from /opt/airflow/dags/airflow_main.py
[2024-11-01T18:35:21.698+0000] {processor.py:836} INFO - DAG(s) dict_keys(['bluebikes_data_pipeline']) retrieved from /opt/airflow/dags/airflow_main.py
[2024-11-01T18:35:21.721+0000] {logging_mixin.py:150} INFO - [2024-11-01T18:35:21.721+0000] {dag.py:2742} INFO - Sync 1 DAGs
[2024-11-01T18:35:21.752+0000] {logging_mixin.py:150} INFO - [2024-11-01T18:35:21.752+0000] {dag.py:3508} INFO - Setting next_dagrun for bluebikes_data_pipeline to 2024-11-01T00:00:00+00:00, run_after=2024-12-01T00:00:00+00:00
[2024-11-01T18:35:21.773+0000] {processor.py:179} INFO - Processing /opt/airflow/dags/airflow_main.py took 0.245 seconds
[2024-11-01T18:35:52.344+0000] {processor.py:157} INFO - Started process (PID=1738) to work on /opt/airflow/dags/airflow_main.py
[2024-11-01T18:35:52.349+0000] {processor.py:826} INFO - Processing file /opt/airflow/dags/airflow_main.py for tasks to queue
[2024-11-01T18:35:52.355+0000] {logging_mixin.py:150} INFO - [2024-11-01T18:35:52.353+0000] {dagbag.py:541} INFO - Filling up the DagBag from /opt/airflow/dags/airflow_main.py
[2024-11-01T18:35:52.530+0000] {processor.py:836} INFO - DAG(s) dict_keys(['bluebikes_data_pipeline']) retrieved from /opt/airflow/dags/airflow_main.py
[2024-11-01T18:35:52.563+0000] {logging_mixin.py:150} INFO - [2024-11-01T18:35:52.563+0000] {dag.py:2742} INFO - Sync 1 DAGs
[2024-11-01T18:35:52.593+0000] {logging_mixin.py:150} INFO - [2024-11-01T18:35:52.593+0000] {dag.py:3508} INFO - Setting next_dagrun for bluebikes_data_pipeline to 2024-11-01T00:00:00+00:00, run_after=2024-12-01T00:00:00+00:00
[2024-11-01T18:35:52.618+0000] {processor.py:179} INFO - Processing /opt/airflow/dags/airflow_main.py took 0.286 seconds
[2024-11-01T18:36:23.499+0000] {processor.py:157} INFO - Started process (PID=1800) to work on /opt/airflow/dags/airflow_main.py
[2024-11-01T18:36:23.533+0000] {processor.py:826} INFO - Processing file /opt/airflow/dags/airflow_main.py for tasks to queue
[2024-11-01T18:36:23.540+0000] {logging_mixin.py:150} INFO - [2024-11-01T18:36:23.537+0000] {dagbag.py:541} INFO - Filling up the DagBag from /opt/airflow/dags/airflow_main.py
[2024-11-01T18:36:24.956+0000] {processor.py:836} INFO - DAG(s) dict_keys(['bluebikes_data_pipeline']) retrieved from /opt/airflow/dags/airflow_main.py
[2024-11-01T18:36:25.228+0000] {logging_mixin.py:150} INFO - [2024-11-01T18:36:25.226+0000] {dag.py:2742} INFO - Sync 1 DAGs
[2024-11-01T18:36:25.271+0000] {logging_mixin.py:150} INFO - [2024-11-01T18:36:25.271+0000] {dag.py:3508} INFO - Setting next_dagrun for bluebikes_data_pipeline to 2024-11-01T00:00:00+00:00, run_after=2024-12-01T00:00:00+00:00
[2024-11-01T18:36:25.285+0000] {processor.py:179} INFO - Processing /opt/airflow/dags/airflow_main.py took 1.888 seconds
[2024-11-01T18:36:55.922+0000] {processor.py:157} INFO - Started process (PID=1865) to work on /opt/airflow/dags/airflow_main.py
[2024-11-01T18:36:55.924+0000] {processor.py:826} INFO - Processing file /opt/airflow/dags/airflow_main.py for tasks to queue
[2024-11-01T18:36:55.924+0000] {logging_mixin.py:150} INFO - [2024-11-01T18:36:55.924+0000] {dagbag.py:541} INFO - Filling up the DagBag from /opt/airflow/dags/airflow_main.py
[2024-11-01T18:36:56.064+0000] {processor.py:836} INFO - DAG(s) dict_keys(['bluebikes_data_pipeline']) retrieved from /opt/airflow/dags/airflow_main.py
[2024-11-01T18:36:56.088+0000] {logging_mixin.py:150} INFO - [2024-11-01T18:36:56.088+0000] {dag.py:2742} INFO - Sync 1 DAGs
[2024-11-01T18:36:56.108+0000] {logging_mixin.py:150} INFO - [2024-11-01T18:36:56.108+0000] {dag.py:3508} INFO - Setting next_dagrun for bluebikes_data_pipeline to 2024-11-01T00:00:00+00:00, run_after=2024-12-01T00:00:00+00:00
[2024-11-01T18:36:56.126+0000] {processor.py:179} INFO - Processing /opt/airflow/dags/airflow_main.py took 0.218 seconds
[2024-11-01T18:37:26.318+0000] {processor.py:157} INFO - Started process (PID=1926) to work on /opt/airflow/dags/airflow_main.py
[2024-11-01T18:37:26.319+0000] {processor.py:826} INFO - Processing file /opt/airflow/dags/airflow_main.py for tasks to queue
[2024-11-01T18:37:26.320+0000] {logging_mixin.py:150} INFO - [2024-11-01T18:37:26.320+0000] {dagbag.py:541} INFO - Filling up the DagBag from /opt/airflow/dags/airflow_main.py
[2024-11-01T18:37:26.382+0000] {processor.py:836} INFO - DAG(s) dict_keys(['bluebikes_data_pipeline']) retrieved from /opt/airflow/dags/airflow_main.py
[2024-11-01T18:37:26.397+0000] {logging_mixin.py:150} INFO - [2024-11-01T18:37:26.397+0000] {dag.py:2742} INFO - Sync 1 DAGs
[2024-11-01T18:37:26.414+0000] {logging_mixin.py:150} INFO - [2024-11-01T18:37:26.413+0000] {dag.py:3508} INFO - Setting next_dagrun for bluebikes_data_pipeline to 2024-11-01T00:00:00+00:00, run_after=2024-12-01T00:00:00+00:00
[2024-11-01T18:37:26.425+0000] {processor.py:179} INFO - Processing /opt/airflow/dags/airflow_main.py took 0.111 seconds
[2024-11-01T18:37:57.809+0000] {processor.py:157} INFO - Started process (PID=1988) to work on /opt/airflow/dags/airflow_main.py
[2024-11-01T18:37:57.826+0000] {processor.py:826} INFO - Processing file /opt/airflow/dags/airflow_main.py for tasks to queue
[2024-11-01T18:37:57.834+0000] {logging_mixin.py:150} INFO - [2024-11-01T18:37:57.832+0000] {dagbag.py:541} INFO - Filling up the DagBag from /opt/airflow/dags/airflow_main.py
[2024-11-01T18:37:58.201+0000] {processor.py:836} INFO - DAG(s) dict_keys(['bluebikes_data_pipeline']) retrieved from /opt/airflow/dags/airflow_main.py
[2024-11-01T18:37:58.269+0000] {logging_mixin.py:150} INFO - [2024-11-01T18:37:58.267+0000] {dag.py:2742} INFO - Sync 1 DAGs
[2024-11-01T18:37:58.361+0000] {logging_mixin.py:150} INFO - [2024-11-01T18:37:58.360+0000] {dag.py:3508} INFO - Setting next_dagrun for bluebikes_data_pipeline to 2024-11-01T00:00:00+00:00, run_after=2024-12-01T00:00:00+00:00
[2024-11-01T18:37:58.417+0000] {processor.py:179} INFO - Processing /opt/airflow/dags/airflow_main.py took 0.660 seconds
[2024-11-01T18:38:28.624+0000] {processor.py:157} INFO - Started process (PID=2049) to work on /opt/airflow/dags/airflow_main.py
[2024-11-01T18:38:28.626+0000] {processor.py:826} INFO - Processing file /opt/airflow/dags/airflow_main.py for tasks to queue
[2024-11-01T18:38:28.626+0000] {logging_mixin.py:150} INFO - [2024-11-01T18:38:28.626+0000] {dagbag.py:541} INFO - Filling up the DagBag from /opt/airflow/dags/airflow_main.py
[2024-11-01T18:38:28.744+0000] {processor.py:836} INFO - DAG(s) dict_keys(['bluebikes_data_pipeline']) retrieved from /opt/airflow/dags/airflow_main.py
[2024-11-01T18:38:28.762+0000] {logging_mixin.py:150} INFO - [2024-11-01T18:38:28.762+0000] {dag.py:2742} INFO - Sync 1 DAGs
[2024-11-01T18:38:28.781+0000] {logging_mixin.py:150} INFO - [2024-11-01T18:38:28.781+0000] {dag.py:3508} INFO - Setting next_dagrun for bluebikes_data_pipeline to 2024-11-01T00:00:00+00:00, run_after=2024-12-01T00:00:00+00:00
[2024-11-01T18:38:28.792+0000] {processor.py:179} INFO - Processing /opt/airflow/dags/airflow_main.py took 0.177 seconds
[2024-11-01T18:38:59.099+0000] {processor.py:157} INFO - Started process (PID=2111) to work on /opt/airflow/dags/airflow_main.py
[2024-11-01T18:38:59.101+0000] {processor.py:826} INFO - Processing file /opt/airflow/dags/airflow_main.py for tasks to queue
[2024-11-01T18:38:59.102+0000] {logging_mixin.py:150} INFO - [2024-11-01T18:38:59.102+0000] {dagbag.py:541} INFO - Filling up the DagBag from /opt/airflow/dags/airflow_main.py
[2024-11-01T18:38:59.189+0000] {processor.py:836} INFO - DAG(s) dict_keys(['bluebikes_data_pipeline']) retrieved from /opt/airflow/dags/airflow_main.py
[2024-11-01T18:38:59.205+0000] {logging_mixin.py:150} INFO - [2024-11-01T18:38:59.205+0000] {dag.py:2742} INFO - Sync 1 DAGs
[2024-11-01T18:38:59.224+0000] {logging_mixin.py:150} INFO - [2024-11-01T18:38:59.224+0000] {dag.py:3508} INFO - Setting next_dagrun for bluebikes_data_pipeline to 2024-11-01T00:00:00+00:00, run_after=2024-12-01T00:00:00+00:00
[2024-11-01T18:38:59.240+0000] {processor.py:179} INFO - Processing /opt/airflow/dags/airflow_main.py took 0.150 seconds
[2024-11-01T18:39:29.848+0000] {processor.py:157} INFO - Started process (PID=2172) to work on /opt/airflow/dags/airflow_main.py
[2024-11-01T18:39:29.852+0000] {processor.py:826} INFO - Processing file /opt/airflow/dags/airflow_main.py for tasks to queue
[2024-11-01T18:39:29.853+0000] {logging_mixin.py:150} INFO - [2024-11-01T18:39:29.853+0000] {dagbag.py:541} INFO - Filling up the DagBag from /opt/airflow/dags/airflow_main.py
[2024-11-01T18:39:30.019+0000] {processor.py:836} INFO - DAG(s) dict_keys(['bluebikes_data_pipeline']) retrieved from /opt/airflow/dags/airflow_main.py
[2024-11-01T18:39:30.036+0000] {logging_mixin.py:150} INFO - [2024-11-01T18:39:30.035+0000] {dag.py:2742} INFO - Sync 1 DAGs
[2024-11-01T18:39:30.072+0000] {logging_mixin.py:150} INFO - [2024-11-01T18:39:30.071+0000] {dag.py:3508} INFO - Setting next_dagrun for bluebikes_data_pipeline to 2024-11-01T00:00:00+00:00, run_after=2024-12-01T00:00:00+00:00
[2024-11-01T18:39:30.083+0000] {processor.py:179} INFO - Processing /opt/airflow/dags/airflow_main.py took 0.242 seconds
[2024-11-01T18:40:00.162+0000] {processor.py:157} INFO - Started process (PID=2235) to work on /opt/airflow/dags/airflow_main.py
[2024-11-01T18:40:00.164+0000] {processor.py:826} INFO - Processing file /opt/airflow/dags/airflow_main.py for tasks to queue
[2024-11-01T18:40:00.164+0000] {logging_mixin.py:150} INFO - [2024-11-01T18:40:00.164+0000] {dagbag.py:541} INFO - Filling up the DagBag from /opt/airflow/dags/airflow_main.py
[2024-11-01T18:40:00.350+0000] {processor.py:836} INFO - DAG(s) dict_keys(['bluebikes_data_pipeline']) retrieved from /opt/airflow/dags/airflow_main.py
[2024-11-01T18:40:00.367+0000] {logging_mixin.py:150} INFO - [2024-11-01T18:40:00.366+0000] {dag.py:2742} INFO - Sync 1 DAGs
[2024-11-01T18:40:00.383+0000] {logging_mixin.py:150} INFO - [2024-11-01T18:40:00.383+0000] {dag.py:3508} INFO - Setting next_dagrun for bluebikes_data_pipeline to 2024-11-01T00:00:00+00:00, run_after=2024-12-01T00:00:00+00:00
[2024-11-01T18:40:00.400+0000] {processor.py:179} INFO - Processing /opt/airflow/dags/airflow_main.py took 0.241 seconds
[2024-11-01T18:40:31.109+0000] {processor.py:157} INFO - Started process (PID=2296) to work on /opt/airflow/dags/airflow_main.py
[2024-11-01T18:40:31.112+0000] {processor.py:826} INFO - Processing file /opt/airflow/dags/airflow_main.py for tasks to queue
[2024-11-01T18:40:31.113+0000] {logging_mixin.py:150} INFO - [2024-11-01T18:40:31.113+0000] {dagbag.py:541} INFO - Filling up the DagBag from /opt/airflow/dags/airflow_main.py
[2024-11-01T18:40:31.215+0000] {processor.py:836} INFO - DAG(s) dict_keys(['bluebikes_data_pipeline']) retrieved from /opt/airflow/dags/airflow_main.py
[2024-11-01T18:40:31.249+0000] {logging_mixin.py:150} INFO - [2024-11-01T18:40:31.247+0000] {dag.py:2742} INFO - Sync 1 DAGs
[2024-11-01T18:40:31.293+0000] {logging_mixin.py:150} INFO - [2024-11-01T18:40:31.293+0000] {dag.py:3508} INFO - Setting next_dagrun for bluebikes_data_pipeline to 2024-11-01T00:00:00+00:00, run_after=2024-12-01T00:00:00+00:00
[2024-11-01T18:40:31.306+0000] {processor.py:179} INFO - Processing /opt/airflow/dags/airflow_main.py took 0.214 seconds
[2024-11-01T18:41:01.962+0000] {processor.py:157} INFO - Started process (PID=2358) to work on /opt/airflow/dags/airflow_main.py
[2024-11-01T18:41:02.105+0000] {processor.py:826} INFO - Processing file /opt/airflow/dags/airflow_main.py for tasks to queue
[2024-11-01T18:41:02.106+0000] {logging_mixin.py:150} INFO - [2024-11-01T18:41:02.106+0000] {dagbag.py:541} INFO - Filling up the DagBag from /opt/airflow/dags/airflow_main.py
[2024-11-01T18:41:02.207+0000] {processor.py:836} INFO - DAG(s) dict_keys(['bluebikes_data_pipeline']) retrieved from /opt/airflow/dags/airflow_main.py
[2024-11-01T18:41:02.230+0000] {logging_mixin.py:150} INFO - [2024-11-01T18:41:02.230+0000] {dag.py:2742} INFO - Sync 1 DAGs
[2024-11-01T18:41:02.265+0000] {logging_mixin.py:150} INFO - [2024-11-01T18:41:02.265+0000] {dag.py:3508} INFO - Setting next_dagrun for bluebikes_data_pipeline to 2024-11-01T00:00:00+00:00, run_after=2024-12-01T00:00:00+00:00
[2024-11-01T18:41:02.288+0000] {processor.py:179} INFO - Processing /opt/airflow/dags/airflow_main.py took 0.331 seconds
[2024-11-01T18:41:32.398+0000] {processor.py:157} INFO - Started process (PID=2420) to work on /opt/airflow/dags/airflow_main.py
[2024-11-01T18:41:32.400+0000] {processor.py:826} INFO - Processing file /opt/airflow/dags/airflow_main.py for tasks to queue
[2024-11-01T18:41:32.401+0000] {logging_mixin.py:150} INFO - [2024-11-01T18:41:32.401+0000] {dagbag.py:541} INFO - Filling up the DagBag from /opt/airflow/dags/airflow_main.py
[2024-11-01T18:41:32.510+0000] {processor.py:836} INFO - DAG(s) dict_keys(['bluebikes_data_pipeline']) retrieved from /opt/airflow/dags/airflow_main.py
[2024-11-01T18:41:32.530+0000] {logging_mixin.py:150} INFO - [2024-11-01T18:41:32.530+0000] {dag.py:2742} INFO - Sync 1 DAGs
[2024-11-01T18:41:32.549+0000] {logging_mixin.py:150} INFO - [2024-11-01T18:41:32.548+0000] {dag.py:3508} INFO - Setting next_dagrun for bluebikes_data_pipeline to 2024-11-01T00:00:00+00:00, run_after=2024-12-01T00:00:00+00:00
[2024-11-01T18:41:32.561+0000] {processor.py:179} INFO - Processing /opt/airflow/dags/airflow_main.py took 0.169 seconds
[2024-11-01T18:42:03.206+0000] {processor.py:157} INFO - Started process (PID=2482) to work on /opt/airflow/dags/airflow_main.py
[2024-11-01T18:42:03.209+0000] {processor.py:826} INFO - Processing file /opt/airflow/dags/airflow_main.py for tasks to queue
[2024-11-01T18:42:03.211+0000] {logging_mixin.py:150} INFO - [2024-11-01T18:42:03.211+0000] {dagbag.py:541} INFO - Filling up the DagBag from /opt/airflow/dags/airflow_main.py
[2024-11-01T18:42:03.347+0000] {processor.py:836} INFO - DAG(s) dict_keys(['bluebikes_data_pipeline']) retrieved from /opt/airflow/dags/airflow_main.py
[2024-11-01T18:42:03.394+0000] {logging_mixin.py:150} INFO - [2024-11-01T18:42:03.394+0000] {dag.py:2742} INFO - Sync 1 DAGs
[2024-11-01T18:42:03.437+0000] {logging_mixin.py:150} INFO - [2024-11-01T18:42:03.437+0000] {dag.py:3508} INFO - Setting next_dagrun for bluebikes_data_pipeline to 2024-11-01T00:00:00+00:00, run_after=2024-12-01T00:00:00+00:00
[2024-11-01T18:42:03.466+0000] {processor.py:179} INFO - Processing /opt/airflow/dags/airflow_main.py took 0.266 seconds
[2024-11-01T18:42:33.990+0000] {processor.py:157} INFO - Started process (PID=2544) to work on /opt/airflow/dags/airflow_main.py
[2024-11-01T18:42:33.992+0000] {processor.py:826} INFO - Processing file /opt/airflow/dags/airflow_main.py for tasks to queue
[2024-11-01T18:42:33.993+0000] {logging_mixin.py:150} INFO - [2024-11-01T18:42:33.993+0000] {dagbag.py:541} INFO - Filling up the DagBag from /opt/airflow/dags/airflow_main.py
[2024-11-01T18:42:34.203+0000] {processor.py:836} INFO - DAG(s) dict_keys(['bluebikes_data_pipeline']) retrieved from /opt/airflow/dags/airflow_main.py
[2024-11-01T18:42:34.282+0000] {logging_mixin.py:150} INFO - [2024-11-01T18:42:34.282+0000] {dag.py:2742} INFO - Sync 1 DAGs
[2024-11-01T18:42:34.406+0000] {logging_mixin.py:150} INFO - [2024-11-01T18:42:34.406+0000] {dag.py:3508} INFO - Setting next_dagrun for bluebikes_data_pipeline to 2024-11-01T00:00:00+00:00, run_after=2024-12-01T00:00:00+00:00
[2024-11-01T18:42:34.436+0000] {processor.py:179} INFO - Processing /opt/airflow/dags/airflow_main.py took 0.454 seconds
[2024-11-01T18:43:08.768+0000] {processor.py:157} INFO - Started process (PID=2595) to work on /opt/airflow/dags/airflow_main.py
[2024-11-01T18:43:08.782+0000] {processor.py:826} INFO - Processing file /opt/airflow/dags/airflow_main.py for tasks to queue
[2024-11-01T18:43:08.786+0000] {logging_mixin.py:150} INFO - [2024-11-01T18:43:08.785+0000] {dagbag.py:541} INFO - Filling up the DagBag from /opt/airflow/dags/airflow_main.py
[2024-11-01T18:43:09.923+0000] {processor.py:836} INFO - DAG(s) dict_keys(['bluebikes_data_pipeline']) retrieved from /opt/airflow/dags/airflow_main.py
[2024-11-01T18:43:09.998+0000] {logging_mixin.py:150} INFO - [2024-11-01T18:43:09.997+0000] {dag.py:2742} INFO - Sync 1 DAGs
[2024-11-01T18:43:10.072+0000] {logging_mixin.py:150} INFO - [2024-11-01T18:43:10.071+0000] {dag.py:3508} INFO - Setting next_dagrun for bluebikes_data_pipeline to 2024-11-01T00:00:00+00:00, run_after=2024-12-01T00:00:00+00:00
[2024-11-01T18:43:10.103+0000] {processor.py:179} INFO - Processing /opt/airflow/dags/airflow_main.py took 1.372 seconds
[2024-11-01T18:43:40.247+0000] {processor.py:157} INFO - Started process (PID=2657) to work on /opt/airflow/dags/airflow_main.py
[2024-11-01T18:43:40.249+0000] {processor.py:826} INFO - Processing file /opt/airflow/dags/airflow_main.py for tasks to queue
[2024-11-01T18:43:40.251+0000] {logging_mixin.py:150} INFO - [2024-11-01T18:43:40.250+0000] {dagbag.py:541} INFO - Filling up the DagBag from /opt/airflow/dags/airflow_main.py
[2024-11-01T18:43:40.372+0000] {processor.py:836} INFO - DAG(s) dict_keys(['bluebikes_data_pipeline']) retrieved from /opt/airflow/dags/airflow_main.py
[2024-11-01T18:43:40.391+0000] {logging_mixin.py:150} INFO - [2024-11-01T18:43:40.391+0000] {dag.py:2742} INFO - Sync 1 DAGs
[2024-11-01T18:43:40.409+0000] {logging_mixin.py:150} INFO - [2024-11-01T18:43:40.409+0000] {dag.py:3508} INFO - Setting next_dagrun for bluebikes_data_pipeline to 2024-11-01T00:00:00+00:00, run_after=2024-12-01T00:00:00+00:00
[2024-11-01T18:43:40.424+0000] {processor.py:179} INFO - Processing /opt/airflow/dags/airflow_main.py took 0.182 seconds
[2024-11-01T18:44:10.479+0000] {processor.py:157} INFO - Started process (PID=2719) to work on /opt/airflow/dags/airflow_main.py
[2024-11-01T18:44:10.483+0000] {processor.py:826} INFO - Processing file /opt/airflow/dags/airflow_main.py for tasks to queue
[2024-11-01T18:44:10.485+0000] {logging_mixin.py:150} INFO - [2024-11-01T18:44:10.485+0000] {dagbag.py:541} INFO - Filling up the DagBag from /opt/airflow/dags/airflow_main.py
[2024-11-01T18:44:10.542+0000] {processor.py:836} INFO - DAG(s) dict_keys(['bluebikes_data_pipeline']) retrieved from /opt/airflow/dags/airflow_main.py
[2024-11-01T18:44:10.558+0000] {logging_mixin.py:150} INFO - [2024-11-01T18:44:10.558+0000] {dag.py:2742} INFO - Sync 1 DAGs
[2024-11-01T18:44:10.572+0000] {logging_mixin.py:150} INFO - [2024-11-01T18:44:10.572+0000] {dag.py:3508} INFO - Setting next_dagrun for bluebikes_data_pipeline to 2024-11-01T00:00:00+00:00, run_after=2024-12-01T00:00:00+00:00
[2024-11-01T18:44:10.582+0000] {processor.py:179} INFO - Processing /opt/airflow/dags/airflow_main.py took 0.108 seconds
[2024-11-01T18:44:41.230+0000] {processor.py:157} INFO - Started process (PID=2775) to work on /opt/airflow/dags/airflow_main.py
[2024-11-01T18:44:41.235+0000] {processor.py:826} INFO - Processing file /opt/airflow/dags/airflow_main.py for tasks to queue
[2024-11-01T18:44:41.241+0000] {logging_mixin.py:150} INFO - [2024-11-01T18:44:41.240+0000] {dagbag.py:541} INFO - Filling up the DagBag from /opt/airflow/dags/airflow_main.py
[2024-11-01T18:44:41.346+0000] {processor.py:836} INFO - DAG(s) dict_keys(['bluebikes_data_pipeline']) retrieved from /opt/airflow/dags/airflow_main.py
[2024-11-01T18:44:41.371+0000] {logging_mixin.py:150} INFO - [2024-11-01T18:44:41.371+0000] {dag.py:2742} INFO - Sync 1 DAGs
[2024-11-01T18:44:41.393+0000] {logging_mixin.py:150} INFO - [2024-11-01T18:44:41.393+0000] {dag.py:3508} INFO - Setting next_dagrun for bluebikes_data_pipeline to 2024-11-01T00:00:00+00:00, run_after=2024-12-01T00:00:00+00:00
[2024-11-01T18:44:41.408+0000] {processor.py:179} INFO - Processing /opt/airflow/dags/airflow_main.py took 0.188 seconds
[2024-11-01T18:45:11.707+0000] {processor.py:157} INFO - Started process (PID=2837) to work on /opt/airflow/dags/airflow_main.py
[2024-11-01T18:45:11.711+0000] {processor.py:826} INFO - Processing file /opt/airflow/dags/airflow_main.py for tasks to queue
[2024-11-01T18:45:11.716+0000] {logging_mixin.py:150} INFO - [2024-11-01T18:45:11.715+0000] {dagbag.py:541} INFO - Filling up the DagBag from /opt/airflow/dags/airflow_main.py
[2024-11-01T18:45:11.823+0000] {processor.py:836} INFO - DAG(s) dict_keys(['bluebikes_data_pipeline']) retrieved from /opt/airflow/dags/airflow_main.py
[2024-11-01T18:45:11.845+0000] {logging_mixin.py:150} INFO - [2024-11-01T18:45:11.845+0000] {dag.py:2742} INFO - Sync 1 DAGs
[2024-11-01T18:45:11.862+0000] {logging_mixin.py:150} INFO - [2024-11-01T18:45:11.862+0000] {dag.py:3508} INFO - Setting next_dagrun for bluebikes_data_pipeline to 2024-11-01T00:00:00+00:00, run_after=2024-12-01T00:00:00+00:00
[2024-11-01T18:45:11.873+0000] {processor.py:179} INFO - Processing /opt/airflow/dags/airflow_main.py took 0.174 seconds
[2024-11-01T18:45:42.207+0000] {processor.py:157} INFO - Started process (PID=2906) to work on /opt/airflow/dags/airflow_main.py
[2024-11-01T18:45:42.211+0000] {processor.py:826} INFO - Processing file /opt/airflow/dags/airflow_main.py for tasks to queue
[2024-11-01T18:45:42.213+0000] {logging_mixin.py:150} INFO - [2024-11-01T18:45:42.213+0000] {dagbag.py:541} INFO - Filling up the DagBag from /opt/airflow/dags/airflow_main.py
[2024-11-01T18:45:42.327+0000] {processor.py:836} INFO - DAG(s) dict_keys(['bluebikes_data_pipeline']) retrieved from /opt/airflow/dags/airflow_main.py
[2024-11-01T18:45:42.351+0000] {logging_mixin.py:150} INFO - [2024-11-01T18:45:42.350+0000] {dag.py:2742} INFO - Sync 1 DAGs
[2024-11-01T18:45:42.365+0000] {logging_mixin.py:150} INFO - [2024-11-01T18:45:42.365+0000] {dag.py:3508} INFO - Setting next_dagrun for bluebikes_data_pipeline to 2024-11-01T00:00:00+00:00, run_after=2024-12-01T00:00:00+00:00
[2024-11-01T18:45:42.381+0000] {processor.py:179} INFO - Processing /opt/airflow/dags/airflow_main.py took 0.182 seconds
[2024-11-01T18:46:12.568+0000] {processor.py:157} INFO - Started process (PID=2968) to work on /opt/airflow/dags/airflow_main.py
[2024-11-01T18:46:12.574+0000] {processor.py:826} INFO - Processing file /opt/airflow/dags/airflow_main.py for tasks to queue
[2024-11-01T18:46:12.582+0000] {logging_mixin.py:150} INFO - [2024-11-01T18:46:12.580+0000] {dagbag.py:541} INFO - Filling up the DagBag from /opt/airflow/dags/airflow_main.py
[2024-11-01T18:46:12.696+0000] {processor.py:836} INFO - DAG(s) dict_keys(['bluebikes_data_pipeline']) retrieved from /opt/airflow/dags/airflow_main.py
[2024-11-01T18:46:12.709+0000] {logging_mixin.py:150} INFO - [2024-11-01T18:46:12.709+0000] {dag.py:2742} INFO - Sync 1 DAGs
[2024-11-01T18:46:12.726+0000] {logging_mixin.py:150} INFO - [2024-11-01T18:46:12.726+0000] {dag.py:3508} INFO - Setting next_dagrun for bluebikes_data_pipeline to 2024-11-01T00:00:00+00:00, run_after=2024-12-01T00:00:00+00:00
[2024-11-01T18:46:12.737+0000] {processor.py:179} INFO - Processing /opt/airflow/dags/airflow_main.py took 0.178 seconds
[2024-11-01T18:46:43.118+0000] {processor.py:157} INFO - Started process (PID=3030) to work on /opt/airflow/dags/airflow_main.py
[2024-11-01T18:46:43.123+0000] {processor.py:826} INFO - Processing file /opt/airflow/dags/airflow_main.py for tasks to queue
[2024-11-01T18:46:43.126+0000] {logging_mixin.py:150} INFO - [2024-11-01T18:46:43.125+0000] {dagbag.py:541} INFO - Filling up the DagBag from /opt/airflow/dags/airflow_main.py
[2024-11-01T18:46:43.352+0000] {processor.py:836} INFO - DAG(s) dict_keys(['bluebikes_data_pipeline']) retrieved from /opt/airflow/dags/airflow_main.py
[2024-11-01T18:46:43.393+0000] {logging_mixin.py:150} INFO - [2024-11-01T18:46:43.393+0000] {dag.py:2742} INFO - Sync 1 DAGs
[2024-11-01T18:46:43.430+0000] {logging_mixin.py:150} INFO - [2024-11-01T18:46:43.429+0000] {dag.py:3508} INFO - Setting next_dagrun for bluebikes_data_pipeline to 2024-11-01T00:00:00+00:00, run_after=2024-12-01T00:00:00+00:00
[2024-11-01T18:46:43.448+0000] {processor.py:179} INFO - Processing /opt/airflow/dags/airflow_main.py took 0.361 seconds
[2024-11-01T18:47:13.831+0000] {processor.py:157} INFO - Started process (PID=3092) to work on /opt/airflow/dags/airflow_main.py
[2024-11-01T18:47:13.837+0000] {processor.py:826} INFO - Processing file /opt/airflow/dags/airflow_main.py for tasks to queue
[2024-11-01T18:47:13.844+0000] {logging_mixin.py:150} INFO - [2024-11-01T18:47:13.842+0000] {dagbag.py:541} INFO - Filling up the DagBag from /opt/airflow/dags/airflow_main.py
[2024-11-01T18:47:13.977+0000] {processor.py:836} INFO - DAG(s) dict_keys(['bluebikes_data_pipeline']) retrieved from /opt/airflow/dags/airflow_main.py
[2024-11-01T18:47:14.020+0000] {logging_mixin.py:150} INFO - [2024-11-01T18:47:14.020+0000] {dag.py:2742} INFO - Sync 1 DAGs
[2024-11-01T18:47:14.041+0000] {logging_mixin.py:150} INFO - [2024-11-01T18:47:14.041+0000] {dag.py:3508} INFO - Setting next_dagrun for bluebikes_data_pipeline to 2024-11-01T00:00:00+00:00, run_after=2024-12-01T00:00:00+00:00
[2024-11-01T18:47:14.052+0000] {processor.py:179} INFO - Processing /opt/airflow/dags/airflow_main.py took 0.228 seconds
[2024-11-01T18:47:44.420+0000] {processor.py:157} INFO - Started process (PID=3155) to work on /opt/airflow/dags/airflow_main.py
[2024-11-01T18:47:44.426+0000] {processor.py:826} INFO - Processing file /opt/airflow/dags/airflow_main.py for tasks to queue
[2024-11-01T18:47:44.431+0000] {logging_mixin.py:150} INFO - [2024-11-01T18:47:44.430+0000] {dagbag.py:541} INFO - Filling up the DagBag from /opt/airflow/dags/airflow_main.py
[2024-11-01T18:47:44.572+0000] {processor.py:836} INFO - DAG(s) dict_keys(['bluebikes_data_pipeline']) retrieved from /opt/airflow/dags/airflow_main.py
[2024-11-01T18:47:44.600+0000] {logging_mixin.py:150} INFO - [2024-11-01T18:47:44.600+0000] {dag.py:2742} INFO - Sync 1 DAGs
[2024-11-01T18:47:44.623+0000] {logging_mixin.py:150} INFO - [2024-11-01T18:47:44.623+0000] {dag.py:3508} INFO - Setting next_dagrun for bluebikes_data_pipeline to 2024-11-01T00:00:00+00:00, run_after=2024-12-01T00:00:00+00:00
[2024-11-01T18:47:44.648+0000] {processor.py:179} INFO - Processing /opt/airflow/dags/airflow_main.py took 0.254 seconds
[2024-11-01T18:48:15.249+0000] {processor.py:157} INFO - Started process (PID=3217) to work on /opt/airflow/dags/airflow_main.py
[2024-11-01T18:48:15.251+0000] {processor.py:826} INFO - Processing file /opt/airflow/dags/airflow_main.py for tasks to queue
[2024-11-01T18:48:15.253+0000] {logging_mixin.py:150} INFO - [2024-11-01T18:48:15.252+0000] {dagbag.py:541} INFO - Filling up the DagBag from /opt/airflow/dags/airflow_main.py
[2024-11-01T18:48:15.402+0000] {processor.py:836} INFO - DAG(s) dict_keys(['bluebikes_data_pipeline']) retrieved from /opt/airflow/dags/airflow_main.py
[2024-11-01T18:48:15.431+0000] {logging_mixin.py:150} INFO - [2024-11-01T18:48:15.431+0000] {dag.py:2742} INFO - Sync 1 DAGs
[2024-11-01T18:48:15.451+0000] {logging_mixin.py:150} INFO - [2024-11-01T18:48:15.450+0000] {dag.py:3508} INFO - Setting next_dagrun for bluebikes_data_pipeline to 2024-11-01T00:00:00+00:00, run_after=2024-12-01T00:00:00+00:00
[2024-11-01T18:48:15.461+0000] {processor.py:179} INFO - Processing /opt/airflow/dags/airflow_main.py took 0.221 seconds
[2024-11-01T18:48:45.558+0000] {processor.py:157} INFO - Started process (PID=3280) to work on /opt/airflow/dags/airflow_main.py
[2024-11-01T18:48:45.560+0000] {processor.py:826} INFO - Processing file /opt/airflow/dags/airflow_main.py for tasks to queue
[2024-11-01T18:48:45.565+0000] {logging_mixin.py:150} INFO - [2024-11-01T18:48:45.564+0000] {dagbag.py:541} INFO - Filling up the DagBag from /opt/airflow/dags/airflow_main.py
[2024-11-01T18:48:45.678+0000] {processor.py:836} INFO - DAG(s) dict_keys(['bluebikes_data_pipeline']) retrieved from /opt/airflow/dags/airflow_main.py
[2024-11-01T18:48:45.708+0000] {logging_mixin.py:150} INFO - [2024-11-01T18:48:45.708+0000] {dag.py:2742} INFO - Sync 1 DAGs
[2024-11-01T18:48:45.728+0000] {logging_mixin.py:150} INFO - [2024-11-01T18:48:45.728+0000] {dag.py:3508} INFO - Setting next_dagrun for bluebikes_data_pipeline to 2024-11-01T00:00:00+00:00, run_after=2024-12-01T00:00:00+00:00
[2024-11-01T18:48:45.737+0000] {processor.py:179} INFO - Processing /opt/airflow/dags/airflow_main.py took 0.186 seconds
[2024-11-01T18:49:16.966+0000] {processor.py:157} INFO - Started process (PID=3341) to work on /opt/airflow/dags/airflow_main.py
[2024-11-01T18:49:17.048+0000] {processor.py:826} INFO - Processing file /opt/airflow/dags/airflow_main.py for tasks to queue
[2024-11-01T18:49:17.142+0000] {logging_mixin.py:150} INFO - [2024-11-01T18:49:17.135+0000] {dagbag.py:541} INFO - Filling up the DagBag from /opt/airflow/dags/airflow_main.py
[2024-11-01T18:49:17.578+0000] {processor.py:836} INFO - DAG(s) dict_keys(['bluebikes_data_pipeline']) retrieved from /opt/airflow/dags/airflow_main.py
[2024-11-01T18:49:17.652+0000] {logging_mixin.py:150} INFO - [2024-11-01T18:49:17.652+0000] {dag.py:2742} INFO - Sync 1 DAGs
[2024-11-01T18:49:17.697+0000] {logging_mixin.py:150} INFO - [2024-11-01T18:49:17.697+0000] {dag.py:3508} INFO - Setting next_dagrun for bluebikes_data_pipeline to 2024-11-01T00:00:00+00:00, run_after=2024-12-01T00:00:00+00:00
[2024-11-01T18:49:17.725+0000] {processor.py:179} INFO - Processing /opt/airflow/dags/airflow_main.py took 0.870 seconds
[2024-11-01T18:49:47.817+0000] {processor.py:157} INFO - Started process (PID=3403) to work on /opt/airflow/dags/airflow_main.py
[2024-11-01T18:49:47.819+0000] {processor.py:826} INFO - Processing file /opt/airflow/dags/airflow_main.py for tasks to queue
[2024-11-01T18:49:47.821+0000] {logging_mixin.py:150} INFO - [2024-11-01T18:49:47.820+0000] {dagbag.py:541} INFO - Filling up the DagBag from /opt/airflow/dags/airflow_main.py
[2024-11-01T18:49:47.939+0000] {processor.py:836} INFO - DAG(s) dict_keys(['bluebikes_data_pipeline']) retrieved from /opt/airflow/dags/airflow_main.py
[2024-11-01T18:49:47.970+0000] {logging_mixin.py:150} INFO - [2024-11-01T18:49:47.970+0000] {dag.py:2742} INFO - Sync 1 DAGs
[2024-11-01T18:49:47.995+0000] {logging_mixin.py:150} INFO - [2024-11-01T18:49:47.995+0000] {dag.py:3508} INFO - Setting next_dagrun for bluebikes_data_pipeline to 2024-11-01T00:00:00+00:00, run_after=2024-12-01T00:00:00+00:00
[2024-11-01T18:49:48.015+0000] {processor.py:179} INFO - Processing /opt/airflow/dags/airflow_main.py took 0.208 seconds
[2024-11-01T18:50:18.563+0000] {processor.py:157} INFO - Started process (PID=3465) to work on /opt/airflow/dags/airflow_main.py
[2024-11-01T18:50:18.566+0000] {processor.py:826} INFO - Processing file /opt/airflow/dags/airflow_main.py for tasks to queue
[2024-11-01T18:50:18.568+0000] {logging_mixin.py:150} INFO - [2024-11-01T18:50:18.568+0000] {dagbag.py:541} INFO - Filling up the DagBag from /opt/airflow/dags/airflow_main.py
[2024-11-01T18:50:18.645+0000] {processor.py:836} INFO - DAG(s) dict_keys(['bluebikes_data_pipeline']) retrieved from /opt/airflow/dags/airflow_main.py
[2024-11-01T18:50:18.678+0000] {logging_mixin.py:150} INFO - [2024-11-01T18:50:18.678+0000] {dag.py:2742} INFO - Sync 1 DAGs
[2024-11-01T18:50:18.697+0000] {logging_mixin.py:150} INFO - [2024-11-01T18:50:18.697+0000] {dag.py:3508} INFO - Setting next_dagrun for bluebikes_data_pipeline to 2024-11-01T00:00:00+00:00, run_after=2024-12-01T00:00:00+00:00
[2024-11-01T18:50:18.705+0000] {processor.py:179} INFO - Processing /opt/airflow/dags/airflow_main.py took 0.150 seconds
[2024-11-01T18:50:49.599+0000] {processor.py:157} INFO - Started process (PID=3527) to work on /opt/airflow/dags/airflow_main.py
[2024-11-01T18:50:49.601+0000] {processor.py:826} INFO - Processing file /opt/airflow/dags/airflow_main.py for tasks to queue
[2024-11-01T18:50:49.603+0000] {logging_mixin.py:150} INFO - [2024-11-01T18:50:49.602+0000] {dagbag.py:541} INFO - Filling up the DagBag from /opt/airflow/dags/airflow_main.py
[2024-11-01T18:50:49.698+0000] {processor.py:836} INFO - DAG(s) dict_keys(['bluebikes_data_pipeline']) retrieved from /opt/airflow/dags/airflow_main.py
[2024-11-01T18:50:49.720+0000] {logging_mixin.py:150} INFO - [2024-11-01T18:50:49.720+0000] {dag.py:2742} INFO - Sync 1 DAGs
[2024-11-01T18:50:49.738+0000] {logging_mixin.py:150} INFO - [2024-11-01T18:50:49.738+0000] {dag.py:3508} INFO - Setting next_dagrun for bluebikes_data_pipeline to 2024-11-01T00:00:00+00:00, run_after=2024-12-01T00:00:00+00:00
[2024-11-01T18:50:49.759+0000] {processor.py:179} INFO - Processing /opt/airflow/dags/airflow_main.py took 0.173 seconds
[2024-11-01T18:51:19.935+0000] {processor.py:157} INFO - Started process (PID=3589) to work on /opt/airflow/dags/airflow_main.py
[2024-11-01T18:51:19.937+0000] {processor.py:826} INFO - Processing file /opt/airflow/dags/airflow_main.py for tasks to queue
[2024-11-01T18:51:19.939+0000] {logging_mixin.py:150} INFO - [2024-11-01T18:51:19.938+0000] {dagbag.py:541} INFO - Filling up the DagBag from /opt/airflow/dags/airflow_main.py
[2024-11-01T18:51:20.099+0000] {processor.py:836} INFO - DAG(s) dict_keys(['bluebikes_data_pipeline']) retrieved from /opt/airflow/dags/airflow_main.py
[2024-11-01T18:51:20.140+0000] {logging_mixin.py:150} INFO - [2024-11-01T18:51:20.140+0000] {dag.py:2742} INFO - Sync 1 DAGs
[2024-11-01T18:51:20.170+0000] {logging_mixin.py:150} INFO - [2024-11-01T18:51:20.169+0000] {dag.py:3508} INFO - Setting next_dagrun for bluebikes_data_pipeline to 2024-11-01T00:00:00+00:00, run_after=2024-12-01T00:00:00+00:00
[2024-11-01T18:51:20.195+0000] {processor.py:179} INFO - Processing /opt/airflow/dags/airflow_main.py took 0.282 seconds
[2024-11-01T18:51:50.802+0000] {processor.py:157} INFO - Started process (PID=3651) to work on /opt/airflow/dags/airflow_main.py
[2024-11-01T18:51:50.804+0000] {processor.py:826} INFO - Processing file /opt/airflow/dags/airflow_main.py for tasks to queue
[2024-11-01T18:51:50.806+0000] {logging_mixin.py:150} INFO - [2024-11-01T18:51:50.805+0000] {dagbag.py:541} INFO - Filling up the DagBag from /opt/airflow/dags/airflow_main.py
[2024-11-01T18:51:50.943+0000] {processor.py:836} INFO - DAG(s) dict_keys(['bluebikes_data_pipeline']) retrieved from /opt/airflow/dags/airflow_main.py
[2024-11-01T18:51:50.970+0000] {logging_mixin.py:150} INFO - [2024-11-01T18:51:50.970+0000] {dag.py:2742} INFO - Sync 1 DAGs
[2024-11-01T18:51:51.000+0000] {logging_mixin.py:150} INFO - [2024-11-01T18:51:51.000+0000] {dag.py:3508} INFO - Setting next_dagrun for bluebikes_data_pipeline to 2024-11-01T00:00:00+00:00, run_after=2024-12-01T00:00:00+00:00
[2024-11-01T18:51:51.021+0000] {processor.py:179} INFO - Processing /opt/airflow/dags/airflow_main.py took 0.228 seconds
[2024-11-01T18:52:21.266+0000] {processor.py:157} INFO - Started process (PID=3713) to work on /opt/airflow/dags/airflow_main.py
[2024-11-01T18:52:21.267+0000] {processor.py:826} INFO - Processing file /opt/airflow/dags/airflow_main.py for tasks to queue
[2024-11-01T18:52:21.268+0000] {logging_mixin.py:150} INFO - [2024-11-01T18:52:21.268+0000] {dagbag.py:541} INFO - Filling up the DagBag from /opt/airflow/dags/airflow_main.py
[2024-11-01T18:52:21.364+0000] {processor.py:836} INFO - DAG(s) dict_keys(['bluebikes_data_pipeline']) retrieved from /opt/airflow/dags/airflow_main.py
[2024-11-01T18:52:21.406+0000] {logging_mixin.py:150} INFO - [2024-11-01T18:52:21.405+0000] {dag.py:2742} INFO - Sync 1 DAGs
[2024-11-01T18:52:21.420+0000] {logging_mixin.py:150} INFO - [2024-11-01T18:52:21.420+0000] {dag.py:3508} INFO - Setting next_dagrun for bluebikes_data_pipeline to 2024-11-01T00:00:00+00:00, run_after=2024-12-01T00:00:00+00:00
[2024-11-01T18:52:21.433+0000] {processor.py:179} INFO - Processing /opt/airflow/dags/airflow_main.py took 0.175 seconds
[2024-11-01T18:52:51.656+0000] {processor.py:157} INFO - Started process (PID=3775) to work on /opt/airflow/dags/airflow_main.py
[2024-11-01T18:52:51.658+0000] {processor.py:826} INFO - Processing file /opt/airflow/dags/airflow_main.py for tasks to queue
[2024-11-01T18:52:51.658+0000] {logging_mixin.py:150} INFO - [2024-11-01T18:52:51.658+0000] {dagbag.py:541} INFO - Filling up the DagBag from /opt/airflow/dags/airflow_main.py
[2024-11-01T18:52:51.763+0000] {processor.py:836} INFO - DAG(s) dict_keys(['bluebikes_data_pipeline']) retrieved from /opt/airflow/dags/airflow_main.py
[2024-11-01T18:52:51.781+0000] {logging_mixin.py:150} INFO - [2024-11-01T18:52:51.780+0000] {dag.py:2742} INFO - Sync 1 DAGs
[2024-11-01T18:52:51.797+0000] {logging_mixin.py:150} INFO - [2024-11-01T18:52:51.797+0000] {dag.py:3508} INFO - Setting next_dagrun for bluebikes_data_pipeline to 2024-11-01T00:00:00+00:00, run_after=2024-12-01T00:00:00+00:00
[2024-11-01T18:52:51.808+0000] {processor.py:179} INFO - Processing /opt/airflow/dags/airflow_main.py took 0.157 seconds
