[2024-10-19T18:08:54.159+0000] {processor.py:157} INFO - Started process (PID=32) to work on /opt/airflow/dags/src/blue_bikes_prediction.py
[2024-10-19T18:08:54.162+0000] {processor.py:826} INFO - Processing file /opt/airflow/dags/src/blue_bikes_prediction.py for tasks to queue
[2024-10-19T18:08:54.163+0000] {logging_mixin.py:150} INFO - [2024-10-19T18:08:54.163+0000] {dagbag.py:541} INFO - Filling up the DagBag from /opt/airflow/dags/src/blue_bikes_prediction.py
[2024-10-19T18:08:56.289+0000] {processor.py:838} WARNING - No viable dags retrieved from /opt/airflow/dags/src/blue_bikes_prediction.py
[2024-10-19T18:08:56.329+0000] {processor.py:179} INFO - Processing /opt/airflow/dags/src/blue_bikes_prediction.py took 2.177 seconds
[2024-10-19T18:09:26.921+0000] {processor.py:157} INFO - Started process (PID=117) to work on /opt/airflow/dags/src/blue_bikes_prediction.py
[2024-10-19T18:09:26.924+0000] {processor.py:826} INFO - Processing file /opt/airflow/dags/src/blue_bikes_prediction.py for tasks to queue
[2024-10-19T18:09:26.925+0000] {logging_mixin.py:150} INFO - [2024-10-19T18:09:26.925+0000] {dagbag.py:541} INFO - Filling up the DagBag from /opt/airflow/dags/src/blue_bikes_prediction.py
[2024-10-19T18:09:28.525+0000] {processor.py:838} WARNING - No viable dags retrieved from /opt/airflow/dags/src/blue_bikes_prediction.py
[2024-10-19T18:09:28.698+0000] {processor.py:179} INFO - Processing /opt/airflow/dags/src/blue_bikes_prediction.py took 1.787 seconds
[2024-10-19T18:09:59.174+0000] {processor.py:157} INFO - Started process (PID=208) to work on /opt/airflow/dags/src/blue_bikes_prediction.py
[2024-10-19T18:09:59.176+0000] {processor.py:826} INFO - Processing file /opt/airflow/dags/src/blue_bikes_prediction.py for tasks to queue
[2024-10-19T18:09:59.186+0000] {logging_mixin.py:150} INFO - [2024-10-19T18:09:59.182+0000] {dagbag.py:541} INFO - Filling up the DagBag from /opt/airflow/dags/src/blue_bikes_prediction.py
[2024-10-19T18:09:59.994+0000] {processor.py:838} WARNING - No viable dags retrieved from /opt/airflow/dags/src/blue_bikes_prediction.py
[2024-10-19T18:10:00.008+0000] {processor.py:179} INFO - Processing /opt/airflow/dags/src/blue_bikes_prediction.py took 0.849 seconds
[2024-10-19T18:10:30.113+0000] {processor.py:157} INFO - Started process (PID=287) to work on /opt/airflow/dags/src/blue_bikes_prediction.py
[2024-10-19T18:10:30.116+0000] {processor.py:826} INFO - Processing file /opt/airflow/dags/src/blue_bikes_prediction.py for tasks to queue
[2024-10-19T18:10:30.117+0000] {logging_mixin.py:150} INFO - [2024-10-19T18:10:30.117+0000] {dagbag.py:541} INFO - Filling up the DagBag from /opt/airflow/dags/src/blue_bikes_prediction.py
[2024-10-19T18:10:30.422+0000] {processor.py:838} WARNING - No viable dags retrieved from /opt/airflow/dags/src/blue_bikes_prediction.py
[2024-10-19T18:10:30.434+0000] {processor.py:179} INFO - Processing /opt/airflow/dags/src/blue_bikes_prediction.py took 0.340 seconds
[2024-10-19T18:11:00.730+0000] {processor.py:157} INFO - Started process (PID=366) to work on /opt/airflow/dags/src/blue_bikes_prediction.py
[2024-10-19T18:11:00.733+0000] {processor.py:826} INFO - Processing file /opt/airflow/dags/src/blue_bikes_prediction.py for tasks to queue
[2024-10-19T18:11:00.734+0000] {logging_mixin.py:150} INFO - [2024-10-19T18:11:00.733+0000] {dagbag.py:541} INFO - Filling up the DagBag from /opt/airflow/dags/src/blue_bikes_prediction.py
[2024-10-19T18:11:01.031+0000] {processor.py:838} WARNING - No viable dags retrieved from /opt/airflow/dags/src/blue_bikes_prediction.py
[2024-10-19T18:11:01.045+0000] {processor.py:179} INFO - Processing /opt/airflow/dags/src/blue_bikes_prediction.py took 0.324 seconds
[2024-10-19T18:11:31.236+0000] {processor.py:157} INFO - Started process (PID=445) to work on /opt/airflow/dags/src/blue_bikes_prediction.py
[2024-10-19T18:11:31.239+0000] {processor.py:826} INFO - Processing file /opt/airflow/dags/src/blue_bikes_prediction.py for tasks to queue
[2024-10-19T18:11:31.240+0000] {logging_mixin.py:150} INFO - [2024-10-19T18:11:31.240+0000] {dagbag.py:541} INFO - Filling up the DagBag from /opt/airflow/dags/src/blue_bikes_prediction.py
[2024-10-19T18:11:31.645+0000] {processor.py:838} WARNING - No viable dags retrieved from /opt/airflow/dags/src/blue_bikes_prediction.py
[2024-10-19T18:11:31.661+0000] {processor.py:179} INFO - Processing /opt/airflow/dags/src/blue_bikes_prediction.py took 0.433 seconds
[2024-10-19T18:12:02.308+0000] {processor.py:157} INFO - Started process (PID=524) to work on /opt/airflow/dags/src/blue_bikes_prediction.py
[2024-10-19T18:12:02.310+0000] {processor.py:826} INFO - Processing file /opt/airflow/dags/src/blue_bikes_prediction.py for tasks to queue
[2024-10-19T18:12:02.311+0000] {logging_mixin.py:150} INFO - [2024-10-19T18:12:02.310+0000] {dagbag.py:541} INFO - Filling up the DagBag from /opt/airflow/dags/src/blue_bikes_prediction.py
[2024-10-19T18:12:02.676+0000] {processor.py:838} WARNING - No viable dags retrieved from /opt/airflow/dags/src/blue_bikes_prediction.py
[2024-10-19T18:12:02.694+0000] {processor.py:179} INFO - Processing /opt/airflow/dags/src/blue_bikes_prediction.py took 0.397 seconds
[2024-10-19T18:12:33.493+0000] {processor.py:157} INFO - Started process (PID=603) to work on /opt/airflow/dags/src/blue_bikes_prediction.py
[2024-10-19T18:12:33.495+0000] {processor.py:826} INFO - Processing file /opt/airflow/dags/src/blue_bikes_prediction.py for tasks to queue
[2024-10-19T18:12:33.496+0000] {logging_mixin.py:150} INFO - [2024-10-19T18:12:33.495+0000] {dagbag.py:541} INFO - Filling up the DagBag from /opt/airflow/dags/src/blue_bikes_prediction.py
[2024-10-19T18:12:33.795+0000] {processor.py:838} WARNING - No viable dags retrieved from /opt/airflow/dags/src/blue_bikes_prediction.py
[2024-10-19T18:12:33.821+0000] {processor.py:179} INFO - Processing /opt/airflow/dags/src/blue_bikes_prediction.py took 0.335 seconds
[2024-10-19T18:13:04.355+0000] {processor.py:157} INFO - Started process (PID=682) to work on /opt/airflow/dags/src/blue_bikes_prediction.py
[2024-10-19T18:13:04.358+0000] {processor.py:826} INFO - Processing file /opt/airflow/dags/src/blue_bikes_prediction.py for tasks to queue
[2024-10-19T18:13:04.359+0000] {logging_mixin.py:150} INFO - [2024-10-19T18:13:04.359+0000] {dagbag.py:541} INFO - Filling up the DagBag from /opt/airflow/dags/src/blue_bikes_prediction.py
[2024-10-19T18:13:04.672+0000] {processor.py:838} WARNING - No viable dags retrieved from /opt/airflow/dags/src/blue_bikes_prediction.py
[2024-10-19T18:13:04.691+0000] {processor.py:179} INFO - Processing /opt/airflow/dags/src/blue_bikes_prediction.py took 0.345 seconds
[2024-10-19T18:13:35.315+0000] {processor.py:157} INFO - Started process (PID=761) to work on /opt/airflow/dags/src/blue_bikes_prediction.py
[2024-10-19T18:13:35.318+0000] {processor.py:826} INFO - Processing file /opt/airflow/dags/src/blue_bikes_prediction.py for tasks to queue
[2024-10-19T18:13:35.319+0000] {logging_mixin.py:150} INFO - [2024-10-19T18:13:35.319+0000] {dagbag.py:541} INFO - Filling up the DagBag from /opt/airflow/dags/src/blue_bikes_prediction.py
[2024-10-19T18:13:35.654+0000] {processor.py:838} WARNING - No viable dags retrieved from /opt/airflow/dags/src/blue_bikes_prediction.py
[2024-10-19T18:13:35.667+0000] {processor.py:179} INFO - Processing /opt/airflow/dags/src/blue_bikes_prediction.py took 0.362 seconds
[2024-10-19T18:14:05.938+0000] {processor.py:157} INFO - Started process (PID=840) to work on /opt/airflow/dags/src/blue_bikes_prediction.py
[2024-10-19T18:14:05.940+0000] {processor.py:826} INFO - Processing file /opt/airflow/dags/src/blue_bikes_prediction.py for tasks to queue
[2024-10-19T18:14:05.942+0000] {logging_mixin.py:150} INFO - [2024-10-19T18:14:05.941+0000] {dagbag.py:541} INFO - Filling up the DagBag from /opt/airflow/dags/src/blue_bikes_prediction.py
[2024-10-19T18:14:06.274+0000] {processor.py:838} WARNING - No viable dags retrieved from /opt/airflow/dags/src/blue_bikes_prediction.py
[2024-10-19T18:14:06.286+0000] {processor.py:179} INFO - Processing /opt/airflow/dags/src/blue_bikes_prediction.py took 0.357 seconds
[2024-10-19T18:14:36.560+0000] {processor.py:157} INFO - Started process (PID=919) to work on /opt/airflow/dags/src/blue_bikes_prediction.py
[2024-10-19T18:14:36.562+0000] {processor.py:826} INFO - Processing file /opt/airflow/dags/src/blue_bikes_prediction.py for tasks to queue
[2024-10-19T18:14:36.563+0000] {logging_mixin.py:150} INFO - [2024-10-19T18:14:36.562+0000] {dagbag.py:541} INFO - Filling up the DagBag from /opt/airflow/dags/src/blue_bikes_prediction.py
[2024-10-19T18:14:36.872+0000] {processor.py:838} WARNING - No viable dags retrieved from /opt/airflow/dags/src/blue_bikes_prediction.py
[2024-10-19T18:14:36.883+0000] {processor.py:179} INFO - Processing /opt/airflow/dags/src/blue_bikes_prediction.py took 0.330 seconds
[2024-10-19T18:15:07.411+0000] {processor.py:157} INFO - Started process (PID=998) to work on /opt/airflow/dags/src/blue_bikes_prediction.py
[2024-10-19T18:15:07.418+0000] {processor.py:826} INFO - Processing file /opt/airflow/dags/src/blue_bikes_prediction.py for tasks to queue
[2024-10-19T18:15:07.420+0000] {logging_mixin.py:150} INFO - [2024-10-19T18:15:07.420+0000] {dagbag.py:541} INFO - Filling up the DagBag from /opt/airflow/dags/src/blue_bikes_prediction.py
[2024-10-19T18:15:07.984+0000] {processor.py:838} WARNING - No viable dags retrieved from /opt/airflow/dags/src/blue_bikes_prediction.py
[2024-10-19T18:15:08.013+0000] {processor.py:179} INFO - Processing /opt/airflow/dags/src/blue_bikes_prediction.py took 0.669 seconds
[2024-10-19T18:15:38.671+0000] {processor.py:157} INFO - Started process (PID=1077) to work on /opt/airflow/dags/src/blue_bikes_prediction.py
[2024-10-19T18:15:38.687+0000] {processor.py:826} INFO - Processing file /opt/airflow/dags/src/blue_bikes_prediction.py for tasks to queue
[2024-10-19T18:15:38.690+0000] {logging_mixin.py:150} INFO - [2024-10-19T18:15:38.688+0000] {dagbag.py:541} INFO - Filling up the DagBag from /opt/airflow/dags/src/blue_bikes_prediction.py
[2024-10-19T18:15:38.996+0000] {processor.py:838} WARNING - No viable dags retrieved from /opt/airflow/dags/src/blue_bikes_prediction.py
[2024-10-19T18:15:39.008+0000] {processor.py:179} INFO - Processing /opt/airflow/dags/src/blue_bikes_prediction.py took 0.344 seconds
[2024-10-19T18:16:09.360+0000] {processor.py:157} INFO - Started process (PID=1156) to work on /opt/airflow/dags/src/blue_bikes_prediction.py
[2024-10-19T18:16:09.362+0000] {processor.py:826} INFO - Processing file /opt/airflow/dags/src/blue_bikes_prediction.py for tasks to queue
[2024-10-19T18:16:09.363+0000] {logging_mixin.py:150} INFO - [2024-10-19T18:16:09.362+0000] {dagbag.py:541} INFO - Filling up the DagBag from /opt/airflow/dags/src/blue_bikes_prediction.py
[2024-10-19T18:16:09.661+0000] {processor.py:838} WARNING - No viable dags retrieved from /opt/airflow/dags/src/blue_bikes_prediction.py
[2024-10-19T18:16:09.694+0000] {processor.py:179} INFO - Processing /opt/airflow/dags/src/blue_bikes_prediction.py took 0.343 seconds
[2024-10-19T18:16:39.876+0000] {processor.py:157} INFO - Started process (PID=1235) to work on /opt/airflow/dags/src/blue_bikes_prediction.py
[2024-10-19T18:16:39.878+0000] {processor.py:826} INFO - Processing file /opt/airflow/dags/src/blue_bikes_prediction.py for tasks to queue
[2024-10-19T18:16:39.879+0000] {logging_mixin.py:150} INFO - [2024-10-19T18:16:39.879+0000] {dagbag.py:541} INFO - Filling up the DagBag from /opt/airflow/dags/src/blue_bikes_prediction.py
[2024-10-19T18:16:40.162+0000] {processor.py:838} WARNING - No viable dags retrieved from /opt/airflow/dags/src/blue_bikes_prediction.py
[2024-10-19T18:16:40.171+0000] {processor.py:179} INFO - Processing /opt/airflow/dags/src/blue_bikes_prediction.py took 0.302 seconds
[2024-10-19T18:17:10.293+0000] {processor.py:157} INFO - Started process (PID=1314) to work on /opt/airflow/dags/src/blue_bikes_prediction.py
[2024-10-19T18:17:10.295+0000] {processor.py:826} INFO - Processing file /opt/airflow/dags/src/blue_bikes_prediction.py for tasks to queue
[2024-10-19T18:17:10.297+0000] {logging_mixin.py:150} INFO - [2024-10-19T18:17:10.296+0000] {dagbag.py:541} INFO - Filling up the DagBag from /opt/airflow/dags/src/blue_bikes_prediction.py
[2024-10-19T18:17:10.607+0000] {processor.py:838} WARNING - No viable dags retrieved from /opt/airflow/dags/src/blue_bikes_prediction.py
[2024-10-19T18:17:10.622+0000] {processor.py:179} INFO - Processing /opt/airflow/dags/src/blue_bikes_prediction.py took 0.338 seconds
[2024-10-19T18:17:40.689+0000] {processor.py:157} INFO - Started process (PID=1393) to work on /opt/airflow/dags/src/blue_bikes_prediction.py
[2024-10-19T18:17:40.693+0000] {processor.py:826} INFO - Processing file /opt/airflow/dags/src/blue_bikes_prediction.py for tasks to queue
[2024-10-19T18:17:40.695+0000] {logging_mixin.py:150} INFO - [2024-10-19T18:17:40.694+0000] {dagbag.py:541} INFO - Filling up the DagBag from /opt/airflow/dags/src/blue_bikes_prediction.py
[2024-10-19T18:17:40.987+0000] {processor.py:838} WARNING - No viable dags retrieved from /opt/airflow/dags/src/blue_bikes_prediction.py
[2024-10-19T18:17:41.001+0000] {processor.py:179} INFO - Processing /opt/airflow/dags/src/blue_bikes_prediction.py took 0.339 seconds
[2024-10-19T18:18:11.840+0000] {processor.py:157} INFO - Started process (PID=1472) to work on /opt/airflow/dags/src/blue_bikes_prediction.py
[2024-10-19T18:18:11.841+0000] {processor.py:826} INFO - Processing file /opt/airflow/dags/src/blue_bikes_prediction.py for tasks to queue
[2024-10-19T18:18:11.842+0000] {logging_mixin.py:150} INFO - [2024-10-19T18:18:11.842+0000] {dagbag.py:541} INFO - Filling up the DagBag from /opt/airflow/dags/src/blue_bikes_prediction.py
[2024-10-19T18:18:12.246+0000] {processor.py:838} WARNING - No viable dags retrieved from /opt/airflow/dags/src/blue_bikes_prediction.py
[2024-10-19T18:18:12.256+0000] {processor.py:179} INFO - Processing /opt/airflow/dags/src/blue_bikes_prediction.py took 0.424 seconds
[2024-10-19T18:31:25.751+0000] {processor.py:157} INFO - Started process (PID=1552) to work on /opt/airflow/dags/src/blue_bikes_prediction.py
[2024-10-19T18:31:25.753+0000] {processor.py:826} INFO - Processing file /opt/airflow/dags/src/blue_bikes_prediction.py for tasks to queue
[2024-10-19T18:31:25.753+0000] {logging_mixin.py:150} INFO - [2024-10-19T18:31:25.753+0000] {dagbag.py:541} INFO - Filling up the DagBag from /opt/airflow/dags/src/blue_bikes_prediction.py
[2024-10-19T18:31:26.098+0000] {processor.py:838} WARNING - No viable dags retrieved from /opt/airflow/dags/src/blue_bikes_prediction.py
[2024-10-19T18:31:26.128+0000] {processor.py:179} INFO - Processing /opt/airflow/dags/src/blue_bikes_prediction.py took 0.379 seconds
[2024-10-19T18:31:56.580+0000] {processor.py:157} INFO - Started process (PID=1631) to work on /opt/airflow/dags/src/blue_bikes_prediction.py
[2024-10-19T18:31:56.584+0000] {processor.py:826} INFO - Processing file /opt/airflow/dags/src/blue_bikes_prediction.py for tasks to queue
[2024-10-19T18:31:56.587+0000] {logging_mixin.py:150} INFO - [2024-10-19T18:31:56.586+0000] {dagbag.py:541} INFO - Filling up the DagBag from /opt/airflow/dags/src/blue_bikes_prediction.py
[2024-10-19T18:31:56.999+0000] {processor.py:838} WARNING - No viable dags retrieved from /opt/airflow/dags/src/blue_bikes_prediction.py
[2024-10-19T18:31:57.023+0000] {processor.py:179} INFO - Processing /opt/airflow/dags/src/blue_bikes_prediction.py took 0.449 seconds
[2024-10-19T18:32:27.283+0000] {processor.py:157} INFO - Started process (PID=1709) to work on /opt/airflow/dags/src/blue_bikes_prediction.py
[2024-10-19T18:32:27.287+0000] {processor.py:826} INFO - Processing file /opt/airflow/dags/src/blue_bikes_prediction.py for tasks to queue
[2024-10-19T18:32:27.289+0000] {logging_mixin.py:150} INFO - [2024-10-19T18:32:27.289+0000] {dagbag.py:541} INFO - Filling up the DagBag from /opt/airflow/dags/src/blue_bikes_prediction.py
[2024-10-19T18:32:27.822+0000] {processor.py:838} WARNING - No viable dags retrieved from /opt/airflow/dags/src/blue_bikes_prediction.py
[2024-10-19T18:32:27.880+0000] {processor.py:179} INFO - Processing /opt/airflow/dags/src/blue_bikes_prediction.py took 0.616 seconds
[2024-10-19T18:33:03.610+0000] {processor.py:157} INFO - Started process (PID=1788) to work on /opt/airflow/dags/src/blue_bikes_prediction.py
[2024-10-19T18:33:05.786+0000] {processor.py:826} INFO - Processing file /opt/airflow/dags/src/blue_bikes_prediction.py for tasks to queue
[2024-10-19T18:33:08.190+0000] {logging_mixin.py:150} INFO - [2024-10-19T18:33:08.157+0000] {dagbag.py:541} INFO - Filling up the DagBag from /opt/airflow/dags/src/blue_bikes_prediction.py
[2024-10-19T18:33:13.833+0000] {processor.py:838} WARNING - No viable dags retrieved from /opt/airflow/dags/src/blue_bikes_prediction.py
[2024-10-19T18:33:14.465+0000] {processor.py:179} INFO - Processing /opt/airflow/dags/src/blue_bikes_prediction.py took 12.561 seconds
[2024-10-19T18:33:46.238+0000] {processor.py:157} INFO - Started process (PID=1867) to work on /opt/airflow/dags/src/blue_bikes_prediction.py
[2024-10-19T18:33:46.240+0000] {processor.py:826} INFO - Processing file /opt/airflow/dags/src/blue_bikes_prediction.py for tasks to queue
[2024-10-19T18:33:46.242+0000] {logging_mixin.py:150} INFO - [2024-10-19T18:33:46.241+0000] {dagbag.py:541} INFO - Filling up the DagBag from /opt/airflow/dags/src/blue_bikes_prediction.py
[2024-10-19T18:33:46.604+0000] {processor.py:838} WARNING - No viable dags retrieved from /opt/airflow/dags/src/blue_bikes_prediction.py
[2024-10-19T18:33:46.614+0000] {processor.py:179} INFO - Processing /opt/airflow/dags/src/blue_bikes_prediction.py took 0.380 seconds
[2024-10-19T18:34:16.647+0000] {processor.py:157} INFO - Started process (PID=1949) to work on /opt/airflow/dags/src/blue_bikes_prediction.py
[2024-10-19T18:34:16.648+0000] {processor.py:826} INFO - Processing file /opt/airflow/dags/src/blue_bikes_prediction.py for tasks to queue
[2024-10-19T18:34:16.648+0000] {logging_mixin.py:150} INFO - [2024-10-19T18:34:16.648+0000] {dagbag.py:541} INFO - Filling up the DagBag from /opt/airflow/dags/src/blue_bikes_prediction.py
[2024-10-19T18:34:17.002+0000] {processor.py:838} WARNING - No viable dags retrieved from /opt/airflow/dags/src/blue_bikes_prediction.py
[2024-10-19T18:34:17.017+0000] {processor.py:179} INFO - Processing /opt/airflow/dags/src/blue_bikes_prediction.py took 0.372 seconds
[2024-10-19T18:34:47.341+0000] {processor.py:157} INFO - Started process (PID=2025) to work on /opt/airflow/dags/src/blue_bikes_prediction.py
[2024-10-19T18:34:47.343+0000] {processor.py:826} INFO - Processing file /opt/airflow/dags/src/blue_bikes_prediction.py for tasks to queue
[2024-10-19T18:34:47.344+0000] {logging_mixin.py:150} INFO - [2024-10-19T18:34:47.343+0000] {dagbag.py:541} INFO - Filling up the DagBag from /opt/airflow/dags/src/blue_bikes_prediction.py
[2024-10-19T18:34:47.721+0000] {processor.py:838} WARNING - No viable dags retrieved from /opt/airflow/dags/src/blue_bikes_prediction.py
[2024-10-19T18:34:47.729+0000] {processor.py:179} INFO - Processing /opt/airflow/dags/src/blue_bikes_prediction.py took 0.396 seconds
[2024-10-19T18:35:17.830+0000] {processor.py:157} INFO - Started process (PID=2107) to work on /opt/airflow/dags/src/blue_bikes_prediction.py
[2024-10-19T18:35:17.831+0000] {processor.py:826} INFO - Processing file /opt/airflow/dags/src/blue_bikes_prediction.py for tasks to queue
[2024-10-19T18:35:17.831+0000] {logging_mixin.py:150} INFO - [2024-10-19T18:35:17.831+0000] {dagbag.py:541} INFO - Filling up the DagBag from /opt/airflow/dags/src/blue_bikes_prediction.py
[2024-10-19T18:35:18.130+0000] {processor.py:838} WARNING - No viable dags retrieved from /opt/airflow/dags/src/blue_bikes_prediction.py
[2024-10-19T18:35:18.154+0000] {processor.py:179} INFO - Processing /opt/airflow/dags/src/blue_bikes_prediction.py took 0.328 seconds
[2024-10-19T18:35:48.993+0000] {processor.py:157} INFO - Started process (PID=2186) to work on /opt/airflow/dags/src/blue_bikes_prediction.py
[2024-10-19T18:35:48.994+0000] {processor.py:826} INFO - Processing file /opt/airflow/dags/src/blue_bikes_prediction.py for tasks to queue
[2024-10-19T18:35:48.995+0000] {logging_mixin.py:150} INFO - [2024-10-19T18:35:48.994+0000] {dagbag.py:541} INFO - Filling up the DagBag from /opt/airflow/dags/src/blue_bikes_prediction.py
[2024-10-19T18:35:49.318+0000] {processor.py:838} WARNING - No viable dags retrieved from /opt/airflow/dags/src/blue_bikes_prediction.py
[2024-10-19T18:35:49.330+0000] {processor.py:179} INFO - Processing /opt/airflow/dags/src/blue_bikes_prediction.py took 0.341 seconds
[2024-10-19T18:36:19.971+0000] {processor.py:157} INFO - Started process (PID=2265) to work on /opt/airflow/dags/src/blue_bikes_prediction.py
[2024-10-19T18:36:19.973+0000] {processor.py:826} INFO - Processing file /opt/airflow/dags/src/blue_bikes_prediction.py for tasks to queue
[2024-10-19T18:36:19.975+0000] {logging_mixin.py:150} INFO - [2024-10-19T18:36:19.974+0000] {dagbag.py:541} INFO - Filling up the DagBag from /opt/airflow/dags/src/blue_bikes_prediction.py
[2024-10-19T18:36:20.262+0000] {processor.py:838} WARNING - No viable dags retrieved from /opt/airflow/dags/src/blue_bikes_prediction.py
[2024-10-19T18:36:20.269+0000] {processor.py:179} INFO - Processing /opt/airflow/dags/src/blue_bikes_prediction.py took 0.304 seconds
[2024-10-19T18:36:50.439+0000] {processor.py:157} INFO - Started process (PID=2344) to work on /opt/airflow/dags/src/blue_bikes_prediction.py
[2024-10-19T18:36:50.440+0000] {processor.py:826} INFO - Processing file /opt/airflow/dags/src/blue_bikes_prediction.py for tasks to queue
[2024-10-19T18:36:50.441+0000] {logging_mixin.py:150} INFO - [2024-10-19T18:36:50.441+0000] {dagbag.py:541} INFO - Filling up the DagBag from /opt/airflow/dags/src/blue_bikes_prediction.py
[2024-10-19T18:36:50.711+0000] {processor.py:838} WARNING - No viable dags retrieved from /opt/airflow/dags/src/blue_bikes_prediction.py
[2024-10-19T18:36:50.718+0000] {processor.py:179} INFO - Processing /opt/airflow/dags/src/blue_bikes_prediction.py took 0.284 seconds
[2024-10-19T18:37:21.020+0000] {processor.py:157} INFO - Started process (PID=2423) to work on /opt/airflow/dags/src/blue_bikes_prediction.py
[2024-10-19T18:37:21.022+0000] {processor.py:826} INFO - Processing file /opt/airflow/dags/src/blue_bikes_prediction.py for tasks to queue
[2024-10-19T18:37:21.024+0000] {logging_mixin.py:150} INFO - [2024-10-19T18:37:21.023+0000] {dagbag.py:541} INFO - Filling up the DagBag from /opt/airflow/dags/src/blue_bikes_prediction.py
[2024-10-19T18:37:22.465+0000] {processor.py:838} WARNING - No viable dags retrieved from /opt/airflow/dags/src/blue_bikes_prediction.py
[2024-10-19T18:37:22.534+0000] {processor.py:179} INFO - Processing /opt/airflow/dags/src/blue_bikes_prediction.py took 1.522 seconds
[2024-10-19T18:37:53.007+0000] {processor.py:157} INFO - Started process (PID=2502) to work on /opt/airflow/dags/src/blue_bikes_prediction.py
[2024-10-19T18:37:53.011+0000] {processor.py:826} INFO - Processing file /opt/airflow/dags/src/blue_bikes_prediction.py for tasks to queue
[2024-10-19T18:37:53.012+0000] {logging_mixin.py:150} INFO - [2024-10-19T18:37:53.011+0000] {dagbag.py:541} INFO - Filling up the DagBag from /opt/airflow/dags/src/blue_bikes_prediction.py
[2024-10-19T18:37:53.502+0000] {processor.py:838} WARNING - No viable dags retrieved from /opt/airflow/dags/src/blue_bikes_prediction.py
[2024-10-19T18:37:53.530+0000] {processor.py:179} INFO - Processing /opt/airflow/dags/src/blue_bikes_prediction.py took 0.530 seconds
[2024-10-19T18:38:23.709+0000] {processor.py:157} INFO - Started process (PID=2581) to work on /opt/airflow/dags/src/blue_bikes_prediction.py
[2024-10-19T18:38:23.710+0000] {processor.py:826} INFO - Processing file /opt/airflow/dags/src/blue_bikes_prediction.py for tasks to queue
[2024-10-19T18:38:23.711+0000] {logging_mixin.py:150} INFO - [2024-10-19T18:38:23.710+0000] {dagbag.py:541} INFO - Filling up the DagBag from /opt/airflow/dags/src/blue_bikes_prediction.py
[2024-10-19T18:38:24.434+0000] {processor.py:838} WARNING - No viable dags retrieved from /opt/airflow/dags/src/blue_bikes_prediction.py
[2024-10-19T18:38:24.460+0000] {processor.py:179} INFO - Processing /opt/airflow/dags/src/blue_bikes_prediction.py took 0.753 seconds
[2024-10-19T18:38:55.203+0000] {processor.py:157} INFO - Started process (PID=2661) to work on /opt/airflow/dags/src/blue_bikes_prediction.py
[2024-10-19T18:38:55.211+0000] {processor.py:826} INFO - Processing file /opt/airflow/dags/src/blue_bikes_prediction.py for tasks to queue
[2024-10-19T18:38:55.216+0000] {logging_mixin.py:150} INFO - [2024-10-19T18:38:55.214+0000] {dagbag.py:541} INFO - Filling up the DagBag from /opt/airflow/dags/src/blue_bikes_prediction.py
[2024-10-19T18:38:55.589+0000] {processor.py:838} WARNING - No viable dags retrieved from /opt/airflow/dags/src/blue_bikes_prediction.py
[2024-10-19T18:38:55.625+0000] {processor.py:179} INFO - Processing /opt/airflow/dags/src/blue_bikes_prediction.py took 0.428 seconds
[2024-10-19T18:39:26.707+0000] {processor.py:157} INFO - Started process (PID=2740) to work on /opt/airflow/dags/src/blue_bikes_prediction.py
[2024-10-19T18:39:26.709+0000] {processor.py:826} INFO - Processing file /opt/airflow/dags/src/blue_bikes_prediction.py for tasks to queue
[2024-10-19T18:39:26.710+0000] {logging_mixin.py:150} INFO - [2024-10-19T18:39:26.710+0000] {dagbag.py:541} INFO - Filling up the DagBag from /opt/airflow/dags/src/blue_bikes_prediction.py
[2024-10-19T18:39:27.098+0000] {processor.py:838} WARNING - No viable dags retrieved from /opt/airflow/dags/src/blue_bikes_prediction.py
[2024-10-19T18:39:27.135+0000] {processor.py:179} INFO - Processing /opt/airflow/dags/src/blue_bikes_prediction.py took 0.435 seconds
[2024-10-19T18:39:57.922+0000] {processor.py:157} INFO - Started process (PID=2819) to work on /opt/airflow/dags/src/blue_bikes_prediction.py
[2024-10-19T18:39:57.924+0000] {processor.py:826} INFO - Processing file /opt/airflow/dags/src/blue_bikes_prediction.py for tasks to queue
[2024-10-19T18:39:57.925+0000] {logging_mixin.py:150} INFO - [2024-10-19T18:39:57.925+0000] {dagbag.py:541} INFO - Filling up the DagBag from /opt/airflow/dags/src/blue_bikes_prediction.py
[2024-10-19T18:39:58.412+0000] {processor.py:838} WARNING - No viable dags retrieved from /opt/airflow/dags/src/blue_bikes_prediction.py
[2024-10-19T18:39:58.419+0000] {processor.py:179} INFO - Processing /opt/airflow/dags/src/blue_bikes_prediction.py took 0.502 seconds
[2024-10-19T18:40:28.877+0000] {processor.py:157} INFO - Started process (PID=2905) to work on /opt/airflow/dags/src/blue_bikes_prediction.py
[2024-10-19T18:40:28.881+0000] {processor.py:826} INFO - Processing file /opt/airflow/dags/src/blue_bikes_prediction.py for tasks to queue
[2024-10-19T18:40:28.883+0000] {logging_mixin.py:150} INFO - [2024-10-19T18:40:28.883+0000] {dagbag.py:541} INFO - Filling up the DagBag from /opt/airflow/dags/src/blue_bikes_prediction.py
[2024-10-19T18:40:29.252+0000] {processor.py:838} WARNING - No viable dags retrieved from /opt/airflow/dags/src/blue_bikes_prediction.py
[2024-10-19T18:40:29.263+0000] {processor.py:179} INFO - Processing /opt/airflow/dags/src/blue_bikes_prediction.py took 0.385 seconds
[2024-10-19T18:40:59.757+0000] {processor.py:157} INFO - Started process (PID=2984) to work on /opt/airflow/dags/src/blue_bikes_prediction.py
[2024-10-19T18:40:59.759+0000] {processor.py:826} INFO - Processing file /opt/airflow/dags/src/blue_bikes_prediction.py for tasks to queue
[2024-10-19T18:40:59.760+0000] {logging_mixin.py:150} INFO - [2024-10-19T18:40:59.759+0000] {dagbag.py:541} INFO - Filling up the DagBag from /opt/airflow/dags/src/blue_bikes_prediction.py
[2024-10-19T18:41:00.115+0000] {processor.py:838} WARNING - No viable dags retrieved from /opt/airflow/dags/src/blue_bikes_prediction.py
[2024-10-19T18:41:00.123+0000] {processor.py:179} INFO - Processing /opt/airflow/dags/src/blue_bikes_prediction.py took 0.374 seconds
[2024-10-19T18:41:30.500+0000] {processor.py:157} INFO - Started process (PID=3063) to work on /opt/airflow/dags/src/blue_bikes_prediction.py
[2024-10-19T18:41:30.502+0000] {processor.py:826} INFO - Processing file /opt/airflow/dags/src/blue_bikes_prediction.py for tasks to queue
[2024-10-19T18:41:30.504+0000] {logging_mixin.py:150} INFO - [2024-10-19T18:41:30.504+0000] {dagbag.py:541} INFO - Filling up the DagBag from /opt/airflow/dags/src/blue_bikes_prediction.py
[2024-10-19T18:41:30.950+0000] {processor.py:838} WARNING - No viable dags retrieved from /opt/airflow/dags/src/blue_bikes_prediction.py
[2024-10-19T18:41:30.958+0000] {processor.py:179} INFO - Processing /opt/airflow/dags/src/blue_bikes_prediction.py took 0.463 seconds
[2024-10-19T18:42:01.070+0000] {processor.py:157} INFO - Started process (PID=3146) to work on /opt/airflow/dags/src/blue_bikes_prediction.py
[2024-10-19T18:42:01.071+0000] {processor.py:826} INFO - Processing file /opt/airflow/dags/src/blue_bikes_prediction.py for tasks to queue
[2024-10-19T18:42:01.071+0000] {logging_mixin.py:150} INFO - [2024-10-19T18:42:01.071+0000] {dagbag.py:541} INFO - Filling up the DagBag from /opt/airflow/dags/src/blue_bikes_prediction.py
[2024-10-19T18:42:01.614+0000] {processor.py:838} WARNING - No viable dags retrieved from /opt/airflow/dags/src/blue_bikes_prediction.py
[2024-10-19T18:42:01.654+0000] {processor.py:179} INFO - Processing /opt/airflow/dags/src/blue_bikes_prediction.py took 0.587 seconds
[2024-10-19T18:42:32.683+0000] {processor.py:157} INFO - Started process (PID=3226) to work on /opt/airflow/dags/src/blue_bikes_prediction.py
[2024-10-19T18:42:32.686+0000] {processor.py:826} INFO - Processing file /opt/airflow/dags/src/blue_bikes_prediction.py for tasks to queue
[2024-10-19T18:42:32.687+0000] {logging_mixin.py:150} INFO - [2024-10-19T18:42:32.686+0000] {dagbag.py:541} INFO - Filling up the DagBag from /opt/airflow/dags/src/blue_bikes_prediction.py
[2024-10-19T18:42:32.957+0000] {processor.py:838} WARNING - No viable dags retrieved from /opt/airflow/dags/src/blue_bikes_prediction.py
[2024-10-19T18:42:32.969+0000] {processor.py:179} INFO - Processing /opt/airflow/dags/src/blue_bikes_prediction.py took 0.291 seconds
[2024-10-19T18:43:03.067+0000] {processor.py:157} INFO - Started process (PID=3305) to work on /opt/airflow/dags/src/blue_bikes_prediction.py
[2024-10-19T18:43:03.069+0000] {processor.py:826} INFO - Processing file /opt/airflow/dags/src/blue_bikes_prediction.py for tasks to queue
[2024-10-19T18:43:03.070+0000] {logging_mixin.py:150} INFO - [2024-10-19T18:43:03.070+0000] {dagbag.py:541} INFO - Filling up the DagBag from /opt/airflow/dags/src/blue_bikes_prediction.py
[2024-10-19T18:43:03.491+0000] {processor.py:838} WARNING - No viable dags retrieved from /opt/airflow/dags/src/blue_bikes_prediction.py
[2024-10-19T18:43:03.498+0000] {processor.py:179} INFO - Processing /opt/airflow/dags/src/blue_bikes_prediction.py took 0.436 seconds
[2024-10-19T18:43:34.496+0000] {processor.py:157} INFO - Started process (PID=3384) to work on /opt/airflow/dags/src/blue_bikes_prediction.py
[2024-10-19T18:43:34.498+0000] {processor.py:826} INFO - Processing file /opt/airflow/dags/src/blue_bikes_prediction.py for tasks to queue
[2024-10-19T18:43:34.499+0000] {logging_mixin.py:150} INFO - [2024-10-19T18:43:34.499+0000] {dagbag.py:541} INFO - Filling up the DagBag from /opt/airflow/dags/src/blue_bikes_prediction.py
[2024-10-19T18:43:34.963+0000] {processor.py:838} WARNING - No viable dags retrieved from /opt/airflow/dags/src/blue_bikes_prediction.py
[2024-10-19T18:43:34.969+0000] {processor.py:179} INFO - Processing /opt/airflow/dags/src/blue_bikes_prediction.py took 0.478 seconds
[2024-10-19T18:44:05.163+0000] {processor.py:157} INFO - Started process (PID=3463) to work on /opt/airflow/dags/src/blue_bikes_prediction.py
[2024-10-19T18:44:05.164+0000] {processor.py:826} INFO - Processing file /opt/airflow/dags/src/blue_bikes_prediction.py for tasks to queue
[2024-10-19T18:44:05.168+0000] {logging_mixin.py:150} INFO - [2024-10-19T18:44:05.168+0000] {dagbag.py:541} INFO - Filling up the DagBag from /opt/airflow/dags/src/blue_bikes_prediction.py
[2024-10-19T18:44:05.623+0000] {processor.py:838} WARNING - No viable dags retrieved from /opt/airflow/dags/src/blue_bikes_prediction.py
[2024-10-19T18:44:05.629+0000] {processor.py:179} INFO - Processing /opt/airflow/dags/src/blue_bikes_prediction.py took 0.470 seconds
[2024-10-19T18:44:35.850+0000] {processor.py:157} INFO - Started process (PID=3546) to work on /opt/airflow/dags/src/blue_bikes_prediction.py
[2024-10-19T18:44:35.851+0000] {processor.py:826} INFO - Processing file /opt/airflow/dags/src/blue_bikes_prediction.py for tasks to queue
[2024-10-19T18:44:35.851+0000] {logging_mixin.py:150} INFO - [2024-10-19T18:44:35.851+0000] {dagbag.py:541} INFO - Filling up the DagBag from /opt/airflow/dags/src/blue_bikes_prediction.py
[2024-10-19T18:44:36.216+0000] {processor.py:838} WARNING - No viable dags retrieved from /opt/airflow/dags/src/blue_bikes_prediction.py
[2024-10-19T18:44:36.223+0000] {processor.py:179} INFO - Processing /opt/airflow/dags/src/blue_bikes_prediction.py took 0.375 seconds
[2024-10-19T18:45:06.357+0000] {processor.py:157} INFO - Started process (PID=3625) to work on /opt/airflow/dags/src/blue_bikes_prediction.py
[2024-10-19T18:45:06.358+0000] {processor.py:826} INFO - Processing file /opt/airflow/dags/src/blue_bikes_prediction.py for tasks to queue
[2024-10-19T18:45:06.359+0000] {logging_mixin.py:150} INFO - [2024-10-19T18:45:06.359+0000] {dagbag.py:541} INFO - Filling up the DagBag from /opt/airflow/dags/src/blue_bikes_prediction.py
[2024-10-19T18:45:06.747+0000] {processor.py:838} WARNING - No viable dags retrieved from /opt/airflow/dags/src/blue_bikes_prediction.py
[2024-10-19T18:45:06.755+0000] {processor.py:179} INFO - Processing /opt/airflow/dags/src/blue_bikes_prediction.py took 0.399 seconds
[2024-10-19T18:45:37.063+0000] {processor.py:157} INFO - Started process (PID=3700) to work on /opt/airflow/dags/src/blue_bikes_prediction.py
[2024-10-19T18:45:37.065+0000] {processor.py:826} INFO - Processing file /opt/airflow/dags/src/blue_bikes_prediction.py for tasks to queue
[2024-10-19T18:45:37.066+0000] {logging_mixin.py:150} INFO - [2024-10-19T18:45:37.066+0000] {dagbag.py:541} INFO - Filling up the DagBag from /opt/airflow/dags/src/blue_bikes_prediction.py
[2024-10-19T18:45:37.551+0000] {processor.py:838} WARNING - No viable dags retrieved from /opt/airflow/dags/src/blue_bikes_prediction.py
[2024-10-19T18:45:37.558+0000] {processor.py:179} INFO - Processing /opt/airflow/dags/src/blue_bikes_prediction.py took 0.501 seconds
[2024-10-19T18:48:30.705+0000] {processor.py:157} INFO - Started process (PID=3770) to work on /opt/airflow/dags/src/blue_bikes_prediction.py
[2024-10-19T18:48:30.707+0000] {processor.py:826} INFO - Processing file /opt/airflow/dags/src/blue_bikes_prediction.py for tasks to queue
[2024-10-19T18:48:30.707+0000] {logging_mixin.py:150} INFO - [2024-10-19T18:48:30.707+0000] {dagbag.py:541} INFO - Filling up the DagBag from /opt/airflow/dags/src/blue_bikes_prediction.py
[2024-10-19T18:48:32.358+0000] {processor.py:838} WARNING - No viable dags retrieved from /opt/airflow/dags/src/blue_bikes_prediction.py
[2024-10-19T18:48:32.418+0000] {processor.py:179} INFO - Processing /opt/airflow/dags/src/blue_bikes_prediction.py took 1.717 seconds
[2024-10-19T18:49:02.872+0000] {processor.py:157} INFO - Started process (PID=3849) to work on /opt/airflow/dags/src/blue_bikes_prediction.py
[2024-10-19T18:49:02.874+0000] {processor.py:826} INFO - Processing file /opt/airflow/dags/src/blue_bikes_prediction.py for tasks to queue
[2024-10-19T18:49:02.875+0000] {logging_mixin.py:150} INFO - [2024-10-19T18:49:02.875+0000] {dagbag.py:541} INFO - Filling up the DagBag from /opt/airflow/dags/src/blue_bikes_prediction.py
[2024-10-19T18:49:03.389+0000] {processor.py:838} WARNING - No viable dags retrieved from /opt/airflow/dags/src/blue_bikes_prediction.py
[2024-10-19T18:49:03.410+0000] {processor.py:179} INFO - Processing /opt/airflow/dags/src/blue_bikes_prediction.py took 0.561 seconds
[2024-10-19T18:49:34.372+0000] {processor.py:157} INFO - Started process (PID=3928) to work on /opt/airflow/dags/src/blue_bikes_prediction.py
[2024-10-19T18:49:34.374+0000] {processor.py:826} INFO - Processing file /opt/airflow/dags/src/blue_bikes_prediction.py for tasks to queue
[2024-10-19T18:49:34.375+0000] {logging_mixin.py:150} INFO - [2024-10-19T18:49:34.375+0000] {dagbag.py:541} INFO - Filling up the DagBag from /opt/airflow/dags/src/blue_bikes_prediction.py
[2024-10-19T18:49:34.880+0000] {processor.py:838} WARNING - No viable dags retrieved from /opt/airflow/dags/src/blue_bikes_prediction.py
[2024-10-19T18:49:34.899+0000] {processor.py:179} INFO - Processing /opt/airflow/dags/src/blue_bikes_prediction.py took 0.540 seconds
[2024-10-19T18:50:05.950+0000] {processor.py:157} INFO - Started process (PID=4007) to work on /opt/airflow/dags/src/blue_bikes_prediction.py
[2024-10-19T18:50:05.952+0000] {processor.py:826} INFO - Processing file /opt/airflow/dags/src/blue_bikes_prediction.py for tasks to queue
[2024-10-19T18:50:05.960+0000] {logging_mixin.py:150} INFO - [2024-10-19T18:50:05.957+0000] {dagbag.py:541} INFO - Filling up the DagBag from /opt/airflow/dags/src/blue_bikes_prediction.py
[2024-10-19T18:50:06.474+0000] {processor.py:838} WARNING - No viable dags retrieved from /opt/airflow/dags/src/blue_bikes_prediction.py
[2024-10-19T18:50:06.492+0000] {processor.py:179} INFO - Processing /opt/airflow/dags/src/blue_bikes_prediction.py took 0.546 seconds
[2024-10-19T18:50:37.565+0000] {processor.py:157} INFO - Started process (PID=4086) to work on /opt/airflow/dags/src/blue_bikes_prediction.py
[2024-10-19T18:50:37.567+0000] {processor.py:826} INFO - Processing file /opt/airflow/dags/src/blue_bikes_prediction.py for tasks to queue
[2024-10-19T18:50:37.569+0000] {logging_mixin.py:150} INFO - [2024-10-19T18:50:37.569+0000] {dagbag.py:541} INFO - Filling up the DagBag from /opt/airflow/dags/src/blue_bikes_prediction.py
[2024-10-19T18:50:38.092+0000] {processor.py:838} WARNING - No viable dags retrieved from /opt/airflow/dags/src/blue_bikes_prediction.py
[2024-10-19T18:50:38.109+0000] {processor.py:179} INFO - Processing /opt/airflow/dags/src/blue_bikes_prediction.py took 0.550 seconds
[2024-10-19T18:51:09.125+0000] {processor.py:157} INFO - Started process (PID=4165) to work on /opt/airflow/dags/src/blue_bikes_prediction.py
[2024-10-19T18:51:09.127+0000] {processor.py:826} INFO - Processing file /opt/airflow/dags/src/blue_bikes_prediction.py for tasks to queue
[2024-10-19T18:51:09.128+0000] {logging_mixin.py:150} INFO - [2024-10-19T18:51:09.127+0000] {dagbag.py:541} INFO - Filling up the DagBag from /opt/airflow/dags/src/blue_bikes_prediction.py
[2024-10-19T18:51:09.531+0000] {processor.py:838} WARNING - No viable dags retrieved from /opt/airflow/dags/src/blue_bikes_prediction.py
[2024-10-19T18:51:09.541+0000] {processor.py:179} INFO - Processing /opt/airflow/dags/src/blue_bikes_prediction.py took 0.420 seconds
[2024-10-19T18:51:40.261+0000] {processor.py:157} INFO - Started process (PID=4244) to work on /opt/airflow/dags/src/blue_bikes_prediction.py
[2024-10-19T18:51:40.263+0000] {processor.py:826} INFO - Processing file /opt/airflow/dags/src/blue_bikes_prediction.py for tasks to queue
[2024-10-19T18:51:40.265+0000] {logging_mixin.py:150} INFO - [2024-10-19T18:51:40.264+0000] {dagbag.py:541} INFO - Filling up the DagBag from /opt/airflow/dags/src/blue_bikes_prediction.py
[2024-10-19T18:51:40.713+0000] {processor.py:838} WARNING - No viable dags retrieved from /opt/airflow/dags/src/blue_bikes_prediction.py
[2024-10-19T18:51:40.726+0000] {processor.py:179} INFO - Processing /opt/airflow/dags/src/blue_bikes_prediction.py took 0.470 seconds
[2024-10-19T18:52:11.589+0000] {processor.py:157} INFO - Started process (PID=4323) to work on /opt/airflow/dags/src/blue_bikes_prediction.py
[2024-10-19T18:52:11.590+0000] {processor.py:826} INFO - Processing file /opt/airflow/dags/src/blue_bikes_prediction.py for tasks to queue
[2024-10-19T18:52:11.591+0000] {logging_mixin.py:150} INFO - [2024-10-19T18:52:11.591+0000] {dagbag.py:541} INFO - Filling up the DagBag from /opt/airflow/dags/src/blue_bikes_prediction.py
[2024-10-19T18:52:12.093+0000] {processor.py:838} WARNING - No viable dags retrieved from /opt/airflow/dags/src/blue_bikes_prediction.py
[2024-10-19T18:52:12.105+0000] {processor.py:179} INFO - Processing /opt/airflow/dags/src/blue_bikes_prediction.py took 0.522 seconds
[2024-10-19T18:52:42.985+0000] {processor.py:157} INFO - Started process (PID=4402) to work on /opt/airflow/dags/src/blue_bikes_prediction.py
[2024-10-19T18:52:42.987+0000] {processor.py:826} INFO - Processing file /opt/airflow/dags/src/blue_bikes_prediction.py for tasks to queue
[2024-10-19T18:52:42.989+0000] {logging_mixin.py:150} INFO - [2024-10-19T18:52:42.989+0000] {dagbag.py:541} INFO - Filling up the DagBag from /opt/airflow/dags/src/blue_bikes_prediction.py
[2024-10-19T18:52:43.402+0000] {processor.py:838} WARNING - No viable dags retrieved from /opt/airflow/dags/src/blue_bikes_prediction.py
[2024-10-19T18:52:43.412+0000] {processor.py:179} INFO - Processing /opt/airflow/dags/src/blue_bikes_prediction.py took 0.432 seconds
[2024-10-19T18:53:14.338+0000] {processor.py:157} INFO - Started process (PID=4481) to work on /opt/airflow/dags/src/blue_bikes_prediction.py
[2024-10-19T18:53:14.340+0000] {processor.py:826} INFO - Processing file /opt/airflow/dags/src/blue_bikes_prediction.py for tasks to queue
[2024-10-19T18:53:14.341+0000] {logging_mixin.py:150} INFO - [2024-10-19T18:53:14.341+0000] {dagbag.py:541} INFO - Filling up the DagBag from /opt/airflow/dags/src/blue_bikes_prediction.py
[2024-10-19T18:53:14.772+0000] {processor.py:838} WARNING - No viable dags retrieved from /opt/airflow/dags/src/blue_bikes_prediction.py
[2024-10-19T18:53:14.781+0000] {processor.py:179} INFO - Processing /opt/airflow/dags/src/blue_bikes_prediction.py took 0.447 seconds
[2024-10-19T18:53:45.668+0000] {processor.py:157} INFO - Started process (PID=4560) to work on /opt/airflow/dags/src/blue_bikes_prediction.py
[2024-10-19T18:53:45.669+0000] {processor.py:826} INFO - Processing file /opt/airflow/dags/src/blue_bikes_prediction.py for tasks to queue
[2024-10-19T18:53:45.671+0000] {logging_mixin.py:150} INFO - [2024-10-19T18:53:45.670+0000] {dagbag.py:541} INFO - Filling up the DagBag from /opt/airflow/dags/src/blue_bikes_prediction.py
[2024-10-19T18:53:46.113+0000] {processor.py:838} WARNING - No viable dags retrieved from /opt/airflow/dags/src/blue_bikes_prediction.py
[2024-10-19T18:53:46.126+0000] {processor.py:179} INFO - Processing /opt/airflow/dags/src/blue_bikes_prediction.py took 0.461 seconds
[2024-10-19T18:54:16.970+0000] {processor.py:157} INFO - Started process (PID=4639) to work on /opt/airflow/dags/src/blue_bikes_prediction.py
[2024-10-19T18:54:16.972+0000] {processor.py:826} INFO - Processing file /opt/airflow/dags/src/blue_bikes_prediction.py for tasks to queue
[2024-10-19T18:54:16.972+0000] {logging_mixin.py:150} INFO - [2024-10-19T18:54:16.972+0000] {dagbag.py:541} INFO - Filling up the DagBag from /opt/airflow/dags/src/blue_bikes_prediction.py
[2024-10-19T18:54:17.402+0000] {processor.py:838} WARNING - No viable dags retrieved from /opt/airflow/dags/src/blue_bikes_prediction.py
[2024-10-19T18:54:17.413+0000] {processor.py:179} INFO - Processing /opt/airflow/dags/src/blue_bikes_prediction.py took 0.449 seconds
[2024-10-19T18:54:48.231+0000] {processor.py:157} INFO - Started process (PID=4718) to work on /opt/airflow/dags/src/blue_bikes_prediction.py
[2024-10-19T18:54:48.233+0000] {processor.py:826} INFO - Processing file /opt/airflow/dags/src/blue_bikes_prediction.py for tasks to queue
[2024-10-19T18:54:48.234+0000] {logging_mixin.py:150} INFO - [2024-10-19T18:54:48.234+0000] {dagbag.py:541} INFO - Filling up the DagBag from /opt/airflow/dags/src/blue_bikes_prediction.py
[2024-10-19T18:54:48.662+0000] {processor.py:838} WARNING - No viable dags retrieved from /opt/airflow/dags/src/blue_bikes_prediction.py
[2024-10-19T18:54:48.679+0000] {processor.py:179} INFO - Processing /opt/airflow/dags/src/blue_bikes_prediction.py took 0.451 seconds
[2024-10-19T18:55:19.521+0000] {processor.py:157} INFO - Started process (PID=4797) to work on /opt/airflow/dags/src/blue_bikes_prediction.py
[2024-10-19T18:55:19.523+0000] {processor.py:826} INFO - Processing file /opt/airflow/dags/src/blue_bikes_prediction.py for tasks to queue
[2024-10-19T18:55:19.524+0000] {logging_mixin.py:150} INFO - [2024-10-19T18:55:19.524+0000] {dagbag.py:541} INFO - Filling up the DagBag from /opt/airflow/dags/src/blue_bikes_prediction.py
[2024-10-19T18:55:19.971+0000] {processor.py:838} WARNING - No viable dags retrieved from /opt/airflow/dags/src/blue_bikes_prediction.py
[2024-10-19T18:55:19.983+0000] {processor.py:179} INFO - Processing /opt/airflow/dags/src/blue_bikes_prediction.py took 0.466 seconds
[2024-10-19T18:55:50.118+0000] {processor.py:157} INFO - Started process (PID=4876) to work on /opt/airflow/dags/src/blue_bikes_prediction.py
[2024-10-19T18:55:50.119+0000] {processor.py:826} INFO - Processing file /opt/airflow/dags/src/blue_bikes_prediction.py for tasks to queue
[2024-10-19T18:55:50.121+0000] {logging_mixin.py:150} INFO - [2024-10-19T18:55:50.120+0000] {dagbag.py:541} INFO - Filling up the DagBag from /opt/airflow/dags/src/blue_bikes_prediction.py
[2024-10-19T18:55:50.606+0000] {processor.py:838} WARNING - No viable dags retrieved from /opt/airflow/dags/src/blue_bikes_prediction.py
[2024-10-19T18:55:50.620+0000] {processor.py:179} INFO - Processing /opt/airflow/dags/src/blue_bikes_prediction.py took 0.507 seconds
[2024-10-19T18:56:21.473+0000] {processor.py:157} INFO - Started process (PID=4955) to work on /opt/airflow/dags/src/blue_bikes_prediction.py
[2024-10-19T18:56:21.474+0000] {processor.py:826} INFO - Processing file /opt/airflow/dags/src/blue_bikes_prediction.py for tasks to queue
[2024-10-19T18:56:21.476+0000] {logging_mixin.py:150} INFO - [2024-10-19T18:56:21.475+0000] {dagbag.py:541} INFO - Filling up the DagBag from /opt/airflow/dags/src/blue_bikes_prediction.py
[2024-10-19T18:56:21.936+0000] {processor.py:838} WARNING - No viable dags retrieved from /opt/airflow/dags/src/blue_bikes_prediction.py
[2024-10-19T18:56:21.952+0000] {processor.py:179} INFO - Processing /opt/airflow/dags/src/blue_bikes_prediction.py took 0.483 seconds
[2024-10-19T18:56:52.906+0000] {processor.py:157} INFO - Started process (PID=5034) to work on /opt/airflow/dags/src/blue_bikes_prediction.py
[2024-10-19T18:56:52.908+0000] {processor.py:826} INFO - Processing file /opt/airflow/dags/src/blue_bikes_prediction.py for tasks to queue
[2024-10-19T18:56:52.909+0000] {logging_mixin.py:150} INFO - [2024-10-19T18:56:52.908+0000] {dagbag.py:541} INFO - Filling up the DagBag from /opt/airflow/dags/src/blue_bikes_prediction.py
[2024-10-19T18:56:53.349+0000] {processor.py:838} WARNING - No viable dags retrieved from /opt/airflow/dags/src/blue_bikes_prediction.py
[2024-10-19T18:56:53.362+0000] {processor.py:179} INFO - Processing /opt/airflow/dags/src/blue_bikes_prediction.py took 0.463 seconds
[2024-10-19T18:57:23.468+0000] {processor.py:157} INFO - Started process (PID=5112) to work on /opt/airflow/dags/src/blue_bikes_prediction.py
[2024-10-19T18:57:23.470+0000] {processor.py:826} INFO - Processing file /opt/airflow/dags/src/blue_bikes_prediction.py for tasks to queue
[2024-10-19T18:57:23.472+0000] {logging_mixin.py:150} INFO - [2024-10-19T18:57:23.471+0000] {dagbag.py:541} INFO - Filling up the DagBag from /opt/airflow/dags/src/blue_bikes_prediction.py
[2024-10-19T18:57:23.867+0000] {processor.py:838} WARNING - No viable dags retrieved from /opt/airflow/dags/src/blue_bikes_prediction.py
[2024-10-19T18:57:23.875+0000] {processor.py:179} INFO - Processing /opt/airflow/dags/src/blue_bikes_prediction.py took 0.448 seconds
[2024-10-19T18:57:54.024+0000] {processor.py:157} INFO - Started process (PID=5191) to work on /opt/airflow/dags/src/blue_bikes_prediction.py
[2024-10-19T18:57:54.026+0000] {processor.py:826} INFO - Processing file /opt/airflow/dags/src/blue_bikes_prediction.py for tasks to queue
[2024-10-19T18:57:54.027+0000] {logging_mixin.py:150} INFO - [2024-10-19T18:57:54.027+0000] {dagbag.py:541} INFO - Filling up the DagBag from /opt/airflow/dags/src/blue_bikes_prediction.py
[2024-10-19T18:57:54.585+0000] {processor.py:838} WARNING - No viable dags retrieved from /opt/airflow/dags/src/blue_bikes_prediction.py
[2024-10-19T18:57:54.594+0000] {processor.py:179} INFO - Processing /opt/airflow/dags/src/blue_bikes_prediction.py took 0.578 seconds
[2024-10-19T18:58:25.579+0000] {processor.py:157} INFO - Started process (PID=5274) to work on /opt/airflow/dags/src/blue_bikes_prediction.py
[2024-10-19T18:58:25.580+0000] {processor.py:826} INFO - Processing file /opt/airflow/dags/src/blue_bikes_prediction.py for tasks to queue
[2024-10-19T18:58:25.581+0000] {logging_mixin.py:150} INFO - [2024-10-19T18:58:25.581+0000] {dagbag.py:541} INFO - Filling up the DagBag from /opt/airflow/dags/src/blue_bikes_prediction.py
[2024-10-19T18:58:26.125+0000] {processor.py:838} WARNING - No viable dags retrieved from /opt/airflow/dags/src/blue_bikes_prediction.py
[2024-10-19T18:58:26.135+0000] {processor.py:179} INFO - Processing /opt/airflow/dags/src/blue_bikes_prediction.py took 0.563 seconds
[2024-10-19T18:58:56.192+0000] {processor.py:157} INFO - Started process (PID=5353) to work on /opt/airflow/dags/src/blue_bikes_prediction.py
[2024-10-19T18:58:56.194+0000] {processor.py:826} INFO - Processing file /opt/airflow/dags/src/blue_bikes_prediction.py for tasks to queue
[2024-10-19T18:58:56.196+0000] {logging_mixin.py:150} INFO - [2024-10-19T18:58:56.195+0000] {dagbag.py:541} INFO - Filling up the DagBag from /opt/airflow/dags/src/blue_bikes_prediction.py
[2024-10-19T18:58:56.617+0000] {processor.py:838} WARNING - No viable dags retrieved from /opt/airflow/dags/src/blue_bikes_prediction.py
[2024-10-19T18:58:56.631+0000] {processor.py:179} INFO - Processing /opt/airflow/dags/src/blue_bikes_prediction.py took 0.441 seconds
[2024-10-19T18:59:26.698+0000] {processor.py:157} INFO - Started process (PID=5431) to work on /opt/airflow/dags/src/blue_bikes_prediction.py
[2024-10-19T18:59:26.700+0000] {processor.py:826} INFO - Processing file /opt/airflow/dags/src/blue_bikes_prediction.py for tasks to queue
[2024-10-19T18:59:26.701+0000] {logging_mixin.py:150} INFO - [2024-10-19T18:59:26.701+0000] {dagbag.py:541} INFO - Filling up the DagBag from /opt/airflow/dags/src/blue_bikes_prediction.py
[2024-10-19T18:59:27.068+0000] {processor.py:838} WARNING - No viable dags retrieved from /opt/airflow/dags/src/blue_bikes_prediction.py
[2024-10-19T18:59:27.075+0000] {processor.py:179} INFO - Processing /opt/airflow/dags/src/blue_bikes_prediction.py took 0.385 seconds
[2024-10-19T18:59:57.214+0000] {processor.py:157} INFO - Started process (PID=5510) to work on /opt/airflow/dags/src/blue_bikes_prediction.py
[2024-10-19T18:59:57.215+0000] {processor.py:826} INFO - Processing file /opt/airflow/dags/src/blue_bikes_prediction.py for tasks to queue
[2024-10-19T18:59:57.219+0000] {logging_mixin.py:150} INFO - [2024-10-19T18:59:57.219+0000] {dagbag.py:541} INFO - Filling up the DagBag from /opt/airflow/dags/src/blue_bikes_prediction.py
[2024-10-19T18:59:57.620+0000] {processor.py:838} WARNING - No viable dags retrieved from /opt/airflow/dags/src/blue_bikes_prediction.py
[2024-10-19T18:59:57.628+0000] {processor.py:179} INFO - Processing /opt/airflow/dags/src/blue_bikes_prediction.py took 0.419 seconds
[2024-10-19T19:00:28.243+0000] {processor.py:157} INFO - Started process (PID=5590) to work on /opt/airflow/dags/src/blue_bikes_prediction.py
[2024-10-19T19:00:28.244+0000] {processor.py:826} INFO - Processing file /opt/airflow/dags/src/blue_bikes_prediction.py for tasks to queue
[2024-10-19T19:00:28.245+0000] {logging_mixin.py:150} INFO - [2024-10-19T19:00:28.245+0000] {dagbag.py:541} INFO - Filling up the DagBag from /opt/airflow/dags/src/blue_bikes_prediction.py
[2024-10-19T19:00:29.117+0000] {processor.py:838} WARNING - No viable dags retrieved from /opt/airflow/dags/src/blue_bikes_prediction.py
[2024-10-19T19:00:29.142+0000] {processor.py:179} INFO - Processing /opt/airflow/dags/src/blue_bikes_prediction.py took 0.903 seconds
[2024-10-19T19:00:59.730+0000] {processor.py:157} INFO - Started process (PID=5669) to work on /opt/airflow/dags/src/blue_bikes_prediction.py
[2024-10-19T19:00:59.733+0000] {processor.py:826} INFO - Processing file /opt/airflow/dags/src/blue_bikes_prediction.py for tasks to queue
[2024-10-19T19:00:59.734+0000] {logging_mixin.py:150} INFO - [2024-10-19T19:00:59.733+0000] {dagbag.py:541} INFO - Filling up the DagBag from /opt/airflow/dags/src/blue_bikes_prediction.py
[2024-10-19T19:01:00.380+0000] {processor.py:838} WARNING - No viable dags retrieved from /opt/airflow/dags/src/blue_bikes_prediction.py
[2024-10-19T19:01:00.399+0000] {processor.py:179} INFO - Processing /opt/airflow/dags/src/blue_bikes_prediction.py took 0.674 seconds
[2024-10-19T19:01:30.688+0000] {processor.py:157} INFO - Started process (PID=5748) to work on /opt/airflow/dags/src/blue_bikes_prediction.py
[2024-10-19T19:01:30.692+0000] {processor.py:826} INFO - Processing file /opt/airflow/dags/src/blue_bikes_prediction.py for tasks to queue
[2024-10-19T19:01:30.693+0000] {logging_mixin.py:150} INFO - [2024-10-19T19:01:30.693+0000] {dagbag.py:541} INFO - Filling up the DagBag from /opt/airflow/dags/src/blue_bikes_prediction.py
[2024-10-19T19:01:31.321+0000] {processor.py:838} WARNING - No viable dags retrieved from /opt/airflow/dags/src/blue_bikes_prediction.py
[2024-10-19T19:01:31.338+0000] {processor.py:179} INFO - Processing /opt/airflow/dags/src/blue_bikes_prediction.py took 0.654 seconds
[2024-10-19T19:02:01.479+0000] {processor.py:157} INFO - Started process (PID=5827) to work on /opt/airflow/dags/src/blue_bikes_prediction.py
[2024-10-19T19:02:01.482+0000] {processor.py:826} INFO - Processing file /opt/airflow/dags/src/blue_bikes_prediction.py for tasks to queue
[2024-10-19T19:02:01.487+0000] {logging_mixin.py:150} INFO - [2024-10-19T19:02:01.486+0000] {dagbag.py:541} INFO - Filling up the DagBag from /opt/airflow/dags/src/blue_bikes_prediction.py
[2024-10-19T19:02:01.959+0000] {processor.py:838} WARNING - No viable dags retrieved from /opt/airflow/dags/src/blue_bikes_prediction.py
[2024-10-19T19:02:01.969+0000] {processor.py:179} INFO - Processing /opt/airflow/dags/src/blue_bikes_prediction.py took 0.504 seconds
[2024-10-19T19:02:32.278+0000] {processor.py:157} INFO - Started process (PID=5906) to work on /opt/airflow/dags/src/blue_bikes_prediction.py
[2024-10-19T19:02:32.279+0000] {processor.py:826} INFO - Processing file /opt/airflow/dags/src/blue_bikes_prediction.py for tasks to queue
[2024-10-19T19:02:32.280+0000] {logging_mixin.py:150} INFO - [2024-10-19T19:02:32.280+0000] {dagbag.py:541} INFO - Filling up the DagBag from /opt/airflow/dags/src/blue_bikes_prediction.py
[2024-10-19T19:02:33.083+0000] {processor.py:838} WARNING - No viable dags retrieved from /opt/airflow/dags/src/blue_bikes_prediction.py
[2024-10-19T19:02:33.102+0000] {processor.py:179} INFO - Processing /opt/airflow/dags/src/blue_bikes_prediction.py took 0.827 seconds
[2024-10-19T19:03:03.739+0000] {processor.py:157} INFO - Started process (PID=5992) to work on /opt/airflow/dags/src/blue_bikes_prediction.py
[2024-10-19T19:03:03.744+0000] {processor.py:826} INFO - Processing file /opt/airflow/dags/src/blue_bikes_prediction.py for tasks to queue
[2024-10-19T19:03:03.749+0000] {logging_mixin.py:150} INFO - [2024-10-19T19:03:03.748+0000] {dagbag.py:541} INFO - Filling up the DagBag from /opt/airflow/dags/src/blue_bikes_prediction.py
[2024-10-19T19:03:04.265+0000] {processor.py:838} WARNING - No viable dags retrieved from /opt/airflow/dags/src/blue_bikes_prediction.py
[2024-10-19T19:03:04.281+0000] {processor.py:179} INFO - Processing /opt/airflow/dags/src/blue_bikes_prediction.py took 0.552 seconds
[2024-10-19T19:03:34.776+0000] {processor.py:157} INFO - Started process (PID=6071) to work on /opt/airflow/dags/src/blue_bikes_prediction.py
[2024-10-19T19:03:34.778+0000] {processor.py:826} INFO - Processing file /opt/airflow/dags/src/blue_bikes_prediction.py for tasks to queue
[2024-10-19T19:03:34.779+0000] {logging_mixin.py:150} INFO - [2024-10-19T19:03:34.778+0000] {dagbag.py:541} INFO - Filling up the DagBag from /opt/airflow/dags/src/blue_bikes_prediction.py
[2024-10-19T19:03:35.281+0000] {processor.py:838} WARNING - No viable dags retrieved from /opt/airflow/dags/src/blue_bikes_prediction.py
[2024-10-19T19:03:35.307+0000] {processor.py:179} INFO - Processing /opt/airflow/dags/src/blue_bikes_prediction.py took 0.535 seconds
[2024-10-19T19:04:05.684+0000] {processor.py:157} INFO - Started process (PID=6150) to work on /opt/airflow/dags/src/blue_bikes_prediction.py
[2024-10-19T19:04:05.685+0000] {processor.py:826} INFO - Processing file /opt/airflow/dags/src/blue_bikes_prediction.py for tasks to queue
[2024-10-19T19:04:05.686+0000] {logging_mixin.py:150} INFO - [2024-10-19T19:04:05.686+0000] {dagbag.py:541} INFO - Filling up the DagBag from /opt/airflow/dags/src/blue_bikes_prediction.py
[2024-10-19T19:04:06.372+0000] {processor.py:838} WARNING - No viable dags retrieved from /opt/airflow/dags/src/blue_bikes_prediction.py
[2024-10-19T19:04:06.437+0000] {processor.py:179} INFO - Processing /opt/airflow/dags/src/blue_bikes_prediction.py took 0.757 seconds
[2024-10-19T19:04:37.126+0000] {processor.py:157} INFO - Started process (PID=6229) to work on /opt/airflow/dags/src/blue_bikes_prediction.py
[2024-10-19T19:04:37.129+0000] {processor.py:826} INFO - Processing file /opt/airflow/dags/src/blue_bikes_prediction.py for tasks to queue
[2024-10-19T19:04:37.131+0000] {logging_mixin.py:150} INFO - [2024-10-19T19:04:37.130+0000] {dagbag.py:541} INFO - Filling up the DagBag from /opt/airflow/dags/src/blue_bikes_prediction.py
[2024-10-19T19:04:38.101+0000] {processor.py:838} WARNING - No viable dags retrieved from /opt/airflow/dags/src/blue_bikes_prediction.py
[2024-10-19T19:04:38.129+0000] {processor.py:179} INFO - Processing /opt/airflow/dags/src/blue_bikes_prediction.py took 1.014 seconds
[2024-10-19T19:05:08.855+0000] {processor.py:157} INFO - Started process (PID=6308) to work on /opt/airflow/dags/src/blue_bikes_prediction.py
[2024-10-19T19:05:08.858+0000] {processor.py:826} INFO - Processing file /opt/airflow/dags/src/blue_bikes_prediction.py for tasks to queue
[2024-10-19T19:05:08.859+0000] {logging_mixin.py:150} INFO - [2024-10-19T19:05:08.859+0000] {dagbag.py:541} INFO - Filling up the DagBag from /opt/airflow/dags/src/blue_bikes_prediction.py
[2024-10-19T19:05:09.553+0000] {processor.py:838} WARNING - No viable dags retrieved from /opt/airflow/dags/src/blue_bikes_prediction.py
[2024-10-19T19:05:09.568+0000] {processor.py:179} INFO - Processing /opt/airflow/dags/src/blue_bikes_prediction.py took 0.717 seconds
[2024-10-19T19:05:40.258+0000] {processor.py:157} INFO - Started process (PID=6387) to work on /opt/airflow/dags/src/blue_bikes_prediction.py
[2024-10-19T19:05:40.262+0000] {processor.py:826} INFO - Processing file /opt/airflow/dags/src/blue_bikes_prediction.py for tasks to queue
[2024-10-19T19:05:40.266+0000] {logging_mixin.py:150} INFO - [2024-10-19T19:05:40.266+0000] {dagbag.py:541} INFO - Filling up the DagBag from /opt/airflow/dags/src/blue_bikes_prediction.py
[2024-10-19T19:05:43.115+0000] {processor.py:838} WARNING - No viable dags retrieved from /opt/airflow/dags/src/blue_bikes_prediction.py
[2024-10-19T19:05:43.178+0000] {processor.py:179} INFO - Processing /opt/airflow/dags/src/blue_bikes_prediction.py took 2.931 seconds
[2024-10-19T19:06:13.683+0000] {processor.py:157} INFO - Started process (PID=6466) to work on /opt/airflow/dags/src/blue_bikes_prediction.py
[2024-10-19T19:06:13.688+0000] {processor.py:826} INFO - Processing file /opt/airflow/dags/src/blue_bikes_prediction.py for tasks to queue
[2024-10-19T19:06:13.695+0000] {logging_mixin.py:150} INFO - [2024-10-19T19:06:13.693+0000] {dagbag.py:541} INFO - Filling up the DagBag from /opt/airflow/dags/src/blue_bikes_prediction.py
[2024-10-19T19:06:14.281+0000] {processor.py:838} WARNING - No viable dags retrieved from /opt/airflow/dags/src/blue_bikes_prediction.py
[2024-10-19T19:06:14.297+0000] {processor.py:179} INFO - Processing /opt/airflow/dags/src/blue_bikes_prediction.py took 0.628 seconds
[2024-10-19T19:06:45.042+0000] {processor.py:157} INFO - Started process (PID=6545) to work on /opt/airflow/dags/src/blue_bikes_prediction.py
[2024-10-19T19:06:45.044+0000] {processor.py:826} INFO - Processing file /opt/airflow/dags/src/blue_bikes_prediction.py for tasks to queue
[2024-10-19T19:06:45.046+0000] {logging_mixin.py:150} INFO - [2024-10-19T19:06:45.046+0000] {dagbag.py:541} INFO - Filling up the DagBag from /opt/airflow/dags/src/blue_bikes_prediction.py
[2024-10-19T19:06:45.563+0000] {processor.py:838} WARNING - No viable dags retrieved from /opt/airflow/dags/src/blue_bikes_prediction.py
[2024-10-19T19:06:45.577+0000] {processor.py:179} INFO - Processing /opt/airflow/dags/src/blue_bikes_prediction.py took 0.539 seconds
[2024-10-19T19:07:16.197+0000] {processor.py:157} INFO - Started process (PID=6624) to work on /opt/airflow/dags/src/blue_bikes_prediction.py
[2024-10-19T19:07:16.203+0000] {processor.py:826} INFO - Processing file /opt/airflow/dags/src/blue_bikes_prediction.py for tasks to queue
[2024-10-19T19:07:16.205+0000] {logging_mixin.py:150} INFO - [2024-10-19T19:07:16.205+0000] {dagbag.py:541} INFO - Filling up the DagBag from /opt/airflow/dags/src/blue_bikes_prediction.py
[2024-10-19T19:07:16.725+0000] {processor.py:838} WARNING - No viable dags retrieved from /opt/airflow/dags/src/blue_bikes_prediction.py
[2024-10-19T19:07:16.741+0000] {processor.py:179} INFO - Processing /opt/airflow/dags/src/blue_bikes_prediction.py took 0.554 seconds
[2024-10-19T19:07:47.417+0000] {processor.py:157} INFO - Started process (PID=6703) to work on /opt/airflow/dags/src/blue_bikes_prediction.py
[2024-10-19T19:07:47.420+0000] {processor.py:826} INFO - Processing file /opt/airflow/dags/src/blue_bikes_prediction.py for tasks to queue
[2024-10-19T19:07:47.422+0000] {logging_mixin.py:150} INFO - [2024-10-19T19:07:47.421+0000] {dagbag.py:541} INFO - Filling up the DagBag from /opt/airflow/dags/src/blue_bikes_prediction.py
[2024-10-19T19:07:47.913+0000] {processor.py:838} WARNING - No viable dags retrieved from /opt/airflow/dags/src/blue_bikes_prediction.py
[2024-10-19T19:07:47.947+0000] {processor.py:179} INFO - Processing /opt/airflow/dags/src/blue_bikes_prediction.py took 0.538 seconds
[2024-10-19T19:08:18.295+0000] {processor.py:157} INFO - Started process (PID=6782) to work on /opt/airflow/dags/src/blue_bikes_prediction.py
[2024-10-19T19:08:18.298+0000] {processor.py:826} INFO - Processing file /opt/airflow/dags/src/blue_bikes_prediction.py for tasks to queue
[2024-10-19T19:08:18.299+0000] {logging_mixin.py:150} INFO - [2024-10-19T19:08:18.298+0000] {dagbag.py:541} INFO - Filling up the DagBag from /opt/airflow/dags/src/blue_bikes_prediction.py
[2024-10-19T19:08:18.814+0000] {processor.py:838} WARNING - No viable dags retrieved from /opt/airflow/dags/src/blue_bikes_prediction.py
[2024-10-19T19:08:18.829+0000] {processor.py:179} INFO - Processing /opt/airflow/dags/src/blue_bikes_prediction.py took 0.539 seconds
[2024-10-19T19:08:48.992+0000] {processor.py:157} INFO - Started process (PID=6861) to work on /opt/airflow/dags/src/blue_bikes_prediction.py
[2024-10-19T19:08:48.994+0000] {processor.py:826} INFO - Processing file /opt/airflow/dags/src/blue_bikes_prediction.py for tasks to queue
[2024-10-19T19:08:48.996+0000] {logging_mixin.py:150} INFO - [2024-10-19T19:08:48.995+0000] {dagbag.py:541} INFO - Filling up the DagBag from /opt/airflow/dags/src/blue_bikes_prediction.py
[2024-10-19T19:08:49.487+0000] {processor.py:838} WARNING - No viable dags retrieved from /opt/airflow/dags/src/blue_bikes_prediction.py
[2024-10-19T19:08:49.499+0000] {processor.py:179} INFO - Processing /opt/airflow/dags/src/blue_bikes_prediction.py took 0.512 seconds
[2024-10-19T19:09:19.617+0000] {processor.py:157} INFO - Started process (PID=6941) to work on /opt/airflow/dags/src/blue_bikes_prediction.py
[2024-10-19T19:09:19.622+0000] {processor.py:826} INFO - Processing file /opt/airflow/dags/src/blue_bikes_prediction.py for tasks to queue
[2024-10-19T19:09:19.626+0000] {logging_mixin.py:150} INFO - [2024-10-19T19:09:19.625+0000] {dagbag.py:541} INFO - Filling up the DagBag from /opt/airflow/dags/src/blue_bikes_prediction.py
[2024-10-19T19:09:20.169+0000] {processor.py:838} WARNING - No viable dags retrieved from /opt/airflow/dags/src/blue_bikes_prediction.py
[2024-10-19T19:09:20.185+0000] {processor.py:179} INFO - Processing /opt/airflow/dags/src/blue_bikes_prediction.py took 0.581 seconds
[2024-10-19T19:09:50.829+0000] {processor.py:157} INFO - Started process (PID=7020) to work on /opt/airflow/dags/src/blue_bikes_prediction.py
[2024-10-19T19:09:50.835+0000] {processor.py:826} INFO - Processing file /opt/airflow/dags/src/blue_bikes_prediction.py for tasks to queue
[2024-10-19T19:09:50.839+0000] {logging_mixin.py:150} INFO - [2024-10-19T19:09:50.839+0000] {dagbag.py:541} INFO - Filling up the DagBag from /opt/airflow/dags/src/blue_bikes_prediction.py
[2024-10-19T19:09:51.314+0000] {processor.py:838} WARNING - No viable dags retrieved from /opt/airflow/dags/src/blue_bikes_prediction.py
[2024-10-19T19:09:51.335+0000] {processor.py:179} INFO - Processing /opt/airflow/dags/src/blue_bikes_prediction.py took 0.524 seconds
[2024-10-19T19:10:21.542+0000] {processor.py:157} INFO - Started process (PID=7099) to work on /opt/airflow/dags/src/blue_bikes_prediction.py
[2024-10-19T19:10:21.544+0000] {processor.py:826} INFO - Processing file /opt/airflow/dags/src/blue_bikes_prediction.py for tasks to queue
[2024-10-19T19:10:21.545+0000] {logging_mixin.py:150} INFO - [2024-10-19T19:10:21.545+0000] {dagbag.py:541} INFO - Filling up the DagBag from /opt/airflow/dags/src/blue_bikes_prediction.py
[2024-10-19T19:10:22.065+0000] {processor.py:838} WARNING - No viable dags retrieved from /opt/airflow/dags/src/blue_bikes_prediction.py
[2024-10-19T19:10:22.088+0000] {processor.py:179} INFO - Processing /opt/airflow/dags/src/blue_bikes_prediction.py took 0.552 seconds
[2024-10-19T19:10:52.641+0000] {processor.py:157} INFO - Started process (PID=7178) to work on /opt/airflow/dags/src/blue_bikes_prediction.py
[2024-10-19T19:10:52.642+0000] {processor.py:826} INFO - Processing file /opt/airflow/dags/src/blue_bikes_prediction.py for tasks to queue
[2024-10-19T19:10:52.643+0000] {logging_mixin.py:150} INFO - [2024-10-19T19:10:52.642+0000] {dagbag.py:541} INFO - Filling up the DagBag from /opt/airflow/dags/src/blue_bikes_prediction.py
[2024-10-19T19:10:53.128+0000] {processor.py:838} WARNING - No viable dags retrieved from /opt/airflow/dags/src/blue_bikes_prediction.py
[2024-10-19T19:10:53.145+0000] {processor.py:179} INFO - Processing /opt/airflow/dags/src/blue_bikes_prediction.py took 0.509 seconds
[2024-10-19T19:11:23.901+0000] {processor.py:157} INFO - Started process (PID=7257) to work on /opt/airflow/dags/src/blue_bikes_prediction.py
[2024-10-19T19:11:23.902+0000] {processor.py:826} INFO - Processing file /opt/airflow/dags/src/blue_bikes_prediction.py for tasks to queue
[2024-10-19T19:11:23.904+0000] {logging_mixin.py:150} INFO - [2024-10-19T19:11:23.904+0000] {dagbag.py:541} INFO - Filling up the DagBag from /opt/airflow/dags/src/blue_bikes_prediction.py
[2024-10-19T19:11:24.510+0000] {processor.py:838} WARNING - No viable dags retrieved from /opt/airflow/dags/src/blue_bikes_prediction.py
[2024-10-19T19:11:24.526+0000] {processor.py:179} INFO - Processing /opt/airflow/dags/src/blue_bikes_prediction.py took 0.639 seconds
[2024-10-19T19:11:55.200+0000] {processor.py:157} INFO - Started process (PID=7336) to work on /opt/airflow/dags/src/blue_bikes_prediction.py
[2024-10-19T19:11:55.201+0000] {processor.py:826} INFO - Processing file /opt/airflow/dags/src/blue_bikes_prediction.py for tasks to queue
[2024-10-19T19:11:55.203+0000] {logging_mixin.py:150} INFO - [2024-10-19T19:11:55.203+0000] {dagbag.py:541} INFO - Filling up the DagBag from /opt/airflow/dags/src/blue_bikes_prediction.py
[2024-10-19T19:11:55.684+0000] {processor.py:838} WARNING - No viable dags retrieved from /opt/airflow/dags/src/blue_bikes_prediction.py
[2024-10-19T19:11:55.697+0000] {processor.py:179} INFO - Processing /opt/airflow/dags/src/blue_bikes_prediction.py took 0.501 seconds
[2024-10-19T19:12:26.166+0000] {processor.py:157} INFO - Started process (PID=7415) to work on /opt/airflow/dags/src/blue_bikes_prediction.py
[2024-10-19T19:12:26.168+0000] {processor.py:826} INFO - Processing file /opt/airflow/dags/src/blue_bikes_prediction.py for tasks to queue
[2024-10-19T19:12:26.170+0000] {logging_mixin.py:150} INFO - [2024-10-19T19:12:26.170+0000] {dagbag.py:541} INFO - Filling up the DagBag from /opt/airflow/dags/src/blue_bikes_prediction.py
[2024-10-19T19:12:26.668+0000] {processor.py:838} WARNING - No viable dags retrieved from /opt/airflow/dags/src/blue_bikes_prediction.py
[2024-10-19T19:12:26.679+0000] {processor.py:179} INFO - Processing /opt/airflow/dags/src/blue_bikes_prediction.py took 0.521 seconds
[2024-10-19T19:12:57.197+0000] {processor.py:157} INFO - Started process (PID=7494) to work on /opt/airflow/dags/src/blue_bikes_prediction.py
[2024-10-19T19:12:57.198+0000] {processor.py:826} INFO - Processing file /opt/airflow/dags/src/blue_bikes_prediction.py for tasks to queue
[2024-10-19T19:12:57.202+0000] {logging_mixin.py:150} INFO - [2024-10-19T19:12:57.201+0000] {dagbag.py:541} INFO - Filling up the DagBag from /opt/airflow/dags/src/blue_bikes_prediction.py
[2024-10-19T19:12:57.782+0000] {processor.py:838} WARNING - No viable dags retrieved from /opt/airflow/dags/src/blue_bikes_prediction.py
[2024-10-19T19:12:57.796+0000] {processor.py:179} INFO - Processing /opt/airflow/dags/src/blue_bikes_prediction.py took 0.617 seconds
[2024-10-19T19:13:28.024+0000] {processor.py:157} INFO - Started process (PID=7573) to work on /opt/airflow/dags/src/blue_bikes_prediction.py
[2024-10-19T19:13:28.026+0000] {processor.py:826} INFO - Processing file /opt/airflow/dags/src/blue_bikes_prediction.py for tasks to queue
[2024-10-19T19:13:28.026+0000] {logging_mixin.py:150} INFO - [2024-10-19T19:13:28.026+0000] {dagbag.py:541} INFO - Filling up the DagBag from /opt/airflow/dags/src/blue_bikes_prediction.py
[2024-10-19T19:13:28.522+0000] {processor.py:838} WARNING - No viable dags retrieved from /opt/airflow/dags/src/blue_bikes_prediction.py
[2024-10-19T19:13:28.534+0000] {processor.py:179} INFO - Processing /opt/airflow/dags/src/blue_bikes_prediction.py took 0.515 seconds
[2024-10-19T19:13:58.624+0000] {processor.py:157} INFO - Started process (PID=7652) to work on /opt/airflow/dags/src/blue_bikes_prediction.py
[2024-10-19T19:13:58.626+0000] {processor.py:826} INFO - Processing file /opt/airflow/dags/src/blue_bikes_prediction.py for tasks to queue
[2024-10-19T19:13:58.628+0000] {logging_mixin.py:150} INFO - [2024-10-19T19:13:58.628+0000] {dagbag.py:541} INFO - Filling up the DagBag from /opt/airflow/dags/src/blue_bikes_prediction.py
[2024-10-19T19:13:59.113+0000] {processor.py:838} WARNING - No viable dags retrieved from /opt/airflow/dags/src/blue_bikes_prediction.py
[2024-10-19T19:13:59.124+0000] {processor.py:179} INFO - Processing /opt/airflow/dags/src/blue_bikes_prediction.py took 0.504 seconds
[2024-10-19T19:14:29.762+0000] {processor.py:157} INFO - Started process (PID=7731) to work on /opt/airflow/dags/src/blue_bikes_prediction.py
[2024-10-19T19:14:29.764+0000] {processor.py:826} INFO - Processing file /opt/airflow/dags/src/blue_bikes_prediction.py for tasks to queue
[2024-10-19T19:14:29.765+0000] {logging_mixin.py:150} INFO - [2024-10-19T19:14:29.765+0000] {dagbag.py:541} INFO - Filling up the DagBag from /opt/airflow/dags/src/blue_bikes_prediction.py
[2024-10-19T19:14:30.291+0000] {processor.py:838} WARNING - No viable dags retrieved from /opt/airflow/dags/src/blue_bikes_prediction.py
[2024-10-19T19:14:30.303+0000] {processor.py:179} INFO - Processing /opt/airflow/dags/src/blue_bikes_prediction.py took 0.546 seconds
[2024-10-19T19:15:00.429+0000] {processor.py:157} INFO - Started process (PID=7810) to work on /opt/airflow/dags/src/blue_bikes_prediction.py
[2024-10-19T19:15:00.431+0000] {processor.py:826} INFO - Processing file /opt/airflow/dags/src/blue_bikes_prediction.py for tasks to queue
[2024-10-19T19:15:00.432+0000] {logging_mixin.py:150} INFO - [2024-10-19T19:15:00.432+0000] {dagbag.py:541} INFO - Filling up the DagBag from /opt/airflow/dags/src/blue_bikes_prediction.py
[2024-10-19T19:15:00.962+0000] {processor.py:838} WARNING - No viable dags retrieved from /opt/airflow/dags/src/blue_bikes_prediction.py
[2024-10-19T19:15:00.977+0000] {processor.py:179} INFO - Processing /opt/airflow/dags/src/blue_bikes_prediction.py took 0.553 seconds
[2024-10-19T19:15:31.324+0000] {processor.py:157} INFO - Started process (PID=7889) to work on /opt/airflow/dags/src/blue_bikes_prediction.py
[2024-10-19T19:15:31.325+0000] {processor.py:826} INFO - Processing file /opt/airflow/dags/src/blue_bikes_prediction.py for tasks to queue
[2024-10-19T19:15:31.327+0000] {logging_mixin.py:150} INFO - [2024-10-19T19:15:31.327+0000] {dagbag.py:541} INFO - Filling up the DagBag from /opt/airflow/dags/src/blue_bikes_prediction.py
[2024-10-19T19:15:31.822+0000] {processor.py:838} WARNING - No viable dags retrieved from /opt/airflow/dags/src/blue_bikes_prediction.py
[2024-10-19T19:15:31.842+0000] {processor.py:179} INFO - Processing /opt/airflow/dags/src/blue_bikes_prediction.py took 0.523 seconds
[2024-10-19T19:16:02.561+0000] {processor.py:157} INFO - Started process (PID=7968) to work on /opt/airflow/dags/src/blue_bikes_prediction.py
[2024-10-19T19:16:02.564+0000] {processor.py:826} INFO - Processing file /opt/airflow/dags/src/blue_bikes_prediction.py for tasks to queue
[2024-10-19T19:16:02.567+0000] {logging_mixin.py:150} INFO - [2024-10-19T19:16:02.566+0000] {dagbag.py:541} INFO - Filling up the DagBag from /opt/airflow/dags/src/blue_bikes_prediction.py
[2024-10-19T19:16:03.038+0000] {processor.py:838} WARNING - No viable dags retrieved from /opt/airflow/dags/src/blue_bikes_prediction.py
[2024-10-19T19:16:03.061+0000] {processor.py:179} INFO - Processing /opt/airflow/dags/src/blue_bikes_prediction.py took 0.517 seconds
[2024-10-19T19:16:33.662+0000] {processor.py:157} INFO - Started process (PID=8047) to work on /opt/airflow/dags/src/blue_bikes_prediction.py
[2024-10-19T19:16:33.665+0000] {processor.py:826} INFO - Processing file /opt/airflow/dags/src/blue_bikes_prediction.py for tasks to queue
[2024-10-19T19:16:33.666+0000] {logging_mixin.py:150} INFO - [2024-10-19T19:16:33.665+0000] {dagbag.py:541} INFO - Filling up the DagBag from /opt/airflow/dags/src/blue_bikes_prediction.py
[2024-10-19T19:16:34.147+0000] {processor.py:838} WARNING - No viable dags retrieved from /opt/airflow/dags/src/blue_bikes_prediction.py
[2024-10-19T19:16:34.161+0000] {processor.py:179} INFO - Processing /opt/airflow/dags/src/blue_bikes_prediction.py took 0.507 seconds
[2024-10-19T19:17:04.522+0000] {processor.py:157} INFO - Started process (PID=8126) to work on /opt/airflow/dags/src/blue_bikes_prediction.py
[2024-10-19T19:17:04.525+0000] {processor.py:826} INFO - Processing file /opt/airflow/dags/src/blue_bikes_prediction.py for tasks to queue
[2024-10-19T19:17:04.525+0000] {logging_mixin.py:150} INFO - [2024-10-19T19:17:04.525+0000] {dagbag.py:541} INFO - Filling up the DagBag from /opt/airflow/dags/src/blue_bikes_prediction.py
[2024-10-19T19:17:04.984+0000] {processor.py:838} WARNING - No viable dags retrieved from /opt/airflow/dags/src/blue_bikes_prediction.py
[2024-10-19T19:17:04.998+0000] {processor.py:179} INFO - Processing /opt/airflow/dags/src/blue_bikes_prediction.py took 0.481 seconds
[2024-10-19T19:17:35.267+0000] {processor.py:157} INFO - Started process (PID=8205) to work on /opt/airflow/dags/src/blue_bikes_prediction.py
[2024-10-19T19:17:35.273+0000] {processor.py:826} INFO - Processing file /opt/airflow/dags/src/blue_bikes_prediction.py for tasks to queue
[2024-10-19T19:17:35.276+0000] {logging_mixin.py:150} INFO - [2024-10-19T19:17:35.275+0000] {dagbag.py:541} INFO - Filling up the DagBag from /opt/airflow/dags/src/blue_bikes_prediction.py
[2024-10-19T19:17:35.779+0000] {processor.py:838} WARNING - No viable dags retrieved from /opt/airflow/dags/src/blue_bikes_prediction.py
[2024-10-19T19:17:35.792+0000] {processor.py:179} INFO - Processing /opt/airflow/dags/src/blue_bikes_prediction.py took 0.536 seconds
[2024-10-19T19:18:05.905+0000] {processor.py:157} INFO - Started process (PID=8283) to work on /opt/airflow/dags/src/blue_bikes_prediction.py
[2024-10-19T19:18:05.907+0000] {processor.py:826} INFO - Processing file /opt/airflow/dags/src/blue_bikes_prediction.py for tasks to queue
[2024-10-19T19:18:05.908+0000] {logging_mixin.py:150} INFO - [2024-10-19T19:18:05.908+0000] {dagbag.py:541} INFO - Filling up the DagBag from /opt/airflow/dags/src/blue_bikes_prediction.py
[2024-10-19T19:18:06.447+0000] {processor.py:838} WARNING - No viable dags retrieved from /opt/airflow/dags/src/blue_bikes_prediction.py
[2024-10-19T19:18:06.461+0000] {processor.py:179} INFO - Processing /opt/airflow/dags/src/blue_bikes_prediction.py took 0.562 seconds
[2024-10-19T19:18:36.935+0000] {processor.py:157} INFO - Started process (PID=8363) to work on /opt/airflow/dags/src/blue_bikes_prediction.py
[2024-10-19T19:18:36.938+0000] {processor.py:826} INFO - Processing file /opt/airflow/dags/src/blue_bikes_prediction.py for tasks to queue
[2024-10-19T19:18:36.939+0000] {logging_mixin.py:150} INFO - [2024-10-19T19:18:36.939+0000] {dagbag.py:541} INFO - Filling up the DagBag from /opt/airflow/dags/src/blue_bikes_prediction.py
[2024-10-19T19:18:37.504+0000] {processor.py:838} WARNING - No viable dags retrieved from /opt/airflow/dags/src/blue_bikes_prediction.py
[2024-10-19T19:18:37.513+0000] {processor.py:179} INFO - Processing /opt/airflow/dags/src/blue_bikes_prediction.py took 0.586 seconds
[2024-10-19T19:19:08.135+0000] {processor.py:157} INFO - Started process (PID=8449) to work on /opt/airflow/dags/src/blue_bikes_prediction.py
[2024-10-19T19:19:08.137+0000] {processor.py:826} INFO - Processing file /opt/airflow/dags/src/blue_bikes_prediction.py for tasks to queue
[2024-10-19T19:19:08.140+0000] {logging_mixin.py:150} INFO - [2024-10-19T19:19:08.139+0000] {dagbag.py:541} INFO - Filling up the DagBag from /opt/airflow/dags/src/blue_bikes_prediction.py
[2024-10-19T19:19:08.667+0000] {processor.py:838} WARNING - No viable dags retrieved from /opt/airflow/dags/src/blue_bikes_prediction.py
[2024-10-19T19:19:08.679+0000] {processor.py:179} INFO - Processing /opt/airflow/dags/src/blue_bikes_prediction.py took 0.561 seconds
[2024-10-19T19:19:39.250+0000] {processor.py:157} INFO - Started process (PID=8528) to work on /opt/airflow/dags/src/blue_bikes_prediction.py
[2024-10-19T19:19:39.251+0000] {processor.py:826} INFO - Processing file /opt/airflow/dags/src/blue_bikes_prediction.py for tasks to queue
[2024-10-19T19:19:39.253+0000] {logging_mixin.py:150} INFO - [2024-10-19T19:19:39.253+0000] {dagbag.py:541} INFO - Filling up the DagBag from /opt/airflow/dags/src/blue_bikes_prediction.py
[2024-10-19T19:19:39.759+0000] {processor.py:838} WARNING - No viable dags retrieved from /opt/airflow/dags/src/blue_bikes_prediction.py
[2024-10-19T19:19:39.772+0000] {processor.py:179} INFO - Processing /opt/airflow/dags/src/blue_bikes_prediction.py took 0.528 seconds
[2024-10-19T19:20:10.056+0000] {processor.py:157} INFO - Started process (PID=8607) to work on /opt/airflow/dags/src/blue_bikes_prediction.py
[2024-10-19T19:20:10.058+0000] {processor.py:826} INFO - Processing file /opt/airflow/dags/src/blue_bikes_prediction.py for tasks to queue
[2024-10-19T19:20:10.059+0000] {logging_mixin.py:150} INFO - [2024-10-19T19:20:10.059+0000] {dagbag.py:541} INFO - Filling up the DagBag from /opt/airflow/dags/src/blue_bikes_prediction.py
[2024-10-19T19:20:10.555+0000] {processor.py:838} WARNING - No viable dags retrieved from /opt/airflow/dags/src/blue_bikes_prediction.py
[2024-10-19T19:20:10.573+0000] {processor.py:179} INFO - Processing /opt/airflow/dags/src/blue_bikes_prediction.py took 0.522 seconds
[2024-10-19T19:20:40.675+0000] {processor.py:157} INFO - Started process (PID=8685) to work on /opt/airflow/dags/src/blue_bikes_prediction.py
[2024-10-19T19:20:40.677+0000] {processor.py:826} INFO - Processing file /opt/airflow/dags/src/blue_bikes_prediction.py for tasks to queue
[2024-10-19T19:20:40.678+0000] {logging_mixin.py:150} INFO - [2024-10-19T19:20:40.678+0000] {dagbag.py:541} INFO - Filling up the DagBag from /opt/airflow/dags/src/blue_bikes_prediction.py
[2024-10-19T19:20:41.176+0000] {processor.py:838} WARNING - No viable dags retrieved from /opt/airflow/dags/src/blue_bikes_prediction.py
[2024-10-19T19:20:41.187+0000] {processor.py:179} INFO - Processing /opt/airflow/dags/src/blue_bikes_prediction.py took 0.518 seconds
[2024-10-19T19:21:11.835+0000] {processor.py:157} INFO - Started process (PID=8764) to work on /opt/airflow/dags/src/blue_bikes_prediction.py
[2024-10-19T19:21:11.836+0000] {processor.py:826} INFO - Processing file /opt/airflow/dags/src/blue_bikes_prediction.py for tasks to queue
[2024-10-19T19:21:11.837+0000] {logging_mixin.py:150} INFO - [2024-10-19T19:21:11.836+0000] {dagbag.py:541} INFO - Filling up the DagBag from /opt/airflow/dags/src/blue_bikes_prediction.py
[2024-10-19T19:21:12.347+0000] {processor.py:838} WARNING - No viable dags retrieved from /opt/airflow/dags/src/blue_bikes_prediction.py
[2024-10-19T19:21:12.375+0000] {processor.py:179} INFO - Processing /opt/airflow/dags/src/blue_bikes_prediction.py took 0.553 seconds
[2024-10-19T19:21:42.564+0000] {processor.py:157} INFO - Started process (PID=8843) to work on /opt/airflow/dags/src/blue_bikes_prediction.py
[2024-10-19T19:21:42.571+0000] {processor.py:826} INFO - Processing file /opt/airflow/dags/src/blue_bikes_prediction.py for tasks to queue
[2024-10-19T19:21:42.573+0000] {logging_mixin.py:150} INFO - [2024-10-19T19:21:42.572+0000] {dagbag.py:541} INFO - Filling up the DagBag from /opt/airflow/dags/src/blue_bikes_prediction.py
[2024-10-19T19:21:43.074+0000] {processor.py:838} WARNING - No viable dags retrieved from /opt/airflow/dags/src/blue_bikes_prediction.py
[2024-10-19T19:21:43.086+0000] {processor.py:179} INFO - Processing /opt/airflow/dags/src/blue_bikes_prediction.py took 0.537 seconds
[2024-10-19T19:22:13.334+0000] {processor.py:157} INFO - Started process (PID=8922) to work on /opt/airflow/dags/src/blue_bikes_prediction.py
[2024-10-19T19:22:13.336+0000] {processor.py:826} INFO - Processing file /opt/airflow/dags/src/blue_bikes_prediction.py for tasks to queue
[2024-10-19T19:22:13.337+0000] {logging_mixin.py:150} INFO - [2024-10-19T19:22:13.337+0000] {dagbag.py:541} INFO - Filling up the DagBag from /opt/airflow/dags/src/blue_bikes_prediction.py
[2024-10-19T19:22:13.842+0000] {processor.py:838} WARNING - No viable dags retrieved from /opt/airflow/dags/src/blue_bikes_prediction.py
[2024-10-19T19:22:13.868+0000] {processor.py:179} INFO - Processing /opt/airflow/dags/src/blue_bikes_prediction.py took 0.540 seconds
[2024-10-19T19:22:44.053+0000] {processor.py:157} INFO - Started process (PID=9000) to work on /opt/airflow/dags/src/blue_bikes_prediction.py
[2024-10-19T19:22:44.055+0000] {processor.py:826} INFO - Processing file /opt/airflow/dags/src/blue_bikes_prediction.py for tasks to queue
[2024-10-19T19:22:44.056+0000] {logging_mixin.py:150} INFO - [2024-10-19T19:22:44.056+0000] {dagbag.py:541} INFO - Filling up the DagBag from /opt/airflow/dags/src/blue_bikes_prediction.py
[2024-10-19T19:22:44.549+0000] {processor.py:838} WARNING - No viable dags retrieved from /opt/airflow/dags/src/blue_bikes_prediction.py
[2024-10-19T19:22:44.563+0000] {processor.py:179} INFO - Processing /opt/airflow/dags/src/blue_bikes_prediction.py took 0.516 seconds
[2024-10-19T19:23:14.692+0000] {processor.py:157} INFO - Started process (PID=9079) to work on /opt/airflow/dags/src/blue_bikes_prediction.py
[2024-10-19T19:23:14.700+0000] {processor.py:826} INFO - Processing file /opt/airflow/dags/src/blue_bikes_prediction.py for tasks to queue
[2024-10-19T19:23:14.701+0000] {logging_mixin.py:150} INFO - [2024-10-19T19:23:14.700+0000] {dagbag.py:541} INFO - Filling up the DagBag from /opt/airflow/dags/src/blue_bikes_prediction.py
[2024-10-19T19:23:15.187+0000] {processor.py:838} WARNING - No viable dags retrieved from /opt/airflow/dags/src/blue_bikes_prediction.py
[2024-10-19T19:23:15.202+0000] {processor.py:179} INFO - Processing /opt/airflow/dags/src/blue_bikes_prediction.py took 0.520 seconds
[2024-10-19T19:23:45.565+0000] {processor.py:157} INFO - Started process (PID=9158) to work on /opt/airflow/dags/src/blue_bikes_prediction.py
[2024-10-19T19:23:45.568+0000] {processor.py:826} INFO - Processing file /opt/airflow/dags/src/blue_bikes_prediction.py for tasks to queue
[2024-10-19T19:23:45.569+0000] {logging_mixin.py:150} INFO - [2024-10-19T19:23:45.568+0000] {dagbag.py:541} INFO - Filling up the DagBag from /opt/airflow/dags/src/blue_bikes_prediction.py
[2024-10-19T19:23:46.105+0000] {processor.py:838} WARNING - No viable dags retrieved from /opt/airflow/dags/src/blue_bikes_prediction.py
[2024-10-19T19:23:46.121+0000] {processor.py:179} INFO - Processing /opt/airflow/dags/src/blue_bikes_prediction.py took 0.562 seconds
[2024-10-19T19:24:16.342+0000] {processor.py:157} INFO - Started process (PID=9237) to work on /opt/airflow/dags/src/blue_bikes_prediction.py
[2024-10-19T19:24:16.345+0000] {processor.py:826} INFO - Processing file /opt/airflow/dags/src/blue_bikes_prediction.py for tasks to queue
[2024-10-19T19:24:16.346+0000] {logging_mixin.py:150} INFO - [2024-10-19T19:24:16.345+0000] {dagbag.py:541} INFO - Filling up the DagBag from /opt/airflow/dags/src/blue_bikes_prediction.py
[2024-10-19T19:24:16.851+0000] {processor.py:838} WARNING - No viable dags retrieved from /opt/airflow/dags/src/blue_bikes_prediction.py
[2024-10-19T19:24:16.865+0000] {processor.py:179} INFO - Processing /opt/airflow/dags/src/blue_bikes_prediction.py took 0.549 seconds
[2024-10-19T19:24:47.125+0000] {processor.py:157} INFO - Started process (PID=9316) to work on /opt/airflow/dags/src/blue_bikes_prediction.py
[2024-10-19T19:24:47.127+0000] {processor.py:826} INFO - Processing file /opt/airflow/dags/src/blue_bikes_prediction.py for tasks to queue
[2024-10-19T19:24:47.128+0000] {logging_mixin.py:150} INFO - [2024-10-19T19:24:47.128+0000] {dagbag.py:541} INFO - Filling up the DagBag from /opt/airflow/dags/src/blue_bikes_prediction.py
[2024-10-19T19:24:47.650+0000] {processor.py:838} WARNING - No viable dags retrieved from /opt/airflow/dags/src/blue_bikes_prediction.py
[2024-10-19T19:24:47.663+0000] {processor.py:179} INFO - Processing /opt/airflow/dags/src/blue_bikes_prediction.py took 0.543 seconds
[2024-10-19T19:25:17.742+0000] {processor.py:157} INFO - Started process (PID=9394) to work on /opt/airflow/dags/src/blue_bikes_prediction.py
[2024-10-19T19:25:17.745+0000] {processor.py:826} INFO - Processing file /opt/airflow/dags/src/blue_bikes_prediction.py for tasks to queue
[2024-10-19T19:25:17.746+0000] {logging_mixin.py:150} INFO - [2024-10-19T19:25:17.745+0000] {dagbag.py:541} INFO - Filling up the DagBag from /opt/airflow/dags/src/blue_bikes_prediction.py
[2024-10-19T19:25:18.264+0000] {processor.py:838} WARNING - No viable dags retrieved from /opt/airflow/dags/src/blue_bikes_prediction.py
[2024-10-19T19:25:18.276+0000] {processor.py:179} INFO - Processing /opt/airflow/dags/src/blue_bikes_prediction.py took 0.543 seconds
[2024-10-19T19:25:49.128+0000] {processor.py:157} INFO - Started process (PID=9474) to work on /opt/airflow/dags/src/blue_bikes_prediction.py
[2024-10-19T19:25:49.129+0000] {processor.py:826} INFO - Processing file /opt/airflow/dags/src/blue_bikes_prediction.py for tasks to queue
[2024-10-19T19:25:49.131+0000] {logging_mixin.py:150} INFO - [2024-10-19T19:25:49.130+0000] {dagbag.py:541} INFO - Filling up the DagBag from /opt/airflow/dags/src/blue_bikes_prediction.py
[2024-10-19T19:25:49.634+0000] {processor.py:838} WARNING - No viable dags retrieved from /opt/airflow/dags/src/blue_bikes_prediction.py
[2024-10-19T19:25:49.649+0000] {processor.py:179} INFO - Processing /opt/airflow/dags/src/blue_bikes_prediction.py took 0.527 seconds
[2024-10-19T19:26:20.043+0000] {processor.py:157} INFO - Started process (PID=9553) to work on /opt/airflow/dags/src/blue_bikes_prediction.py
[2024-10-19T19:26:20.044+0000] {processor.py:826} INFO - Processing file /opt/airflow/dags/src/blue_bikes_prediction.py for tasks to queue
[2024-10-19T19:26:20.046+0000] {logging_mixin.py:150} INFO - [2024-10-19T19:26:20.045+0000] {dagbag.py:541} INFO - Filling up the DagBag from /opt/airflow/dags/src/blue_bikes_prediction.py
[2024-10-19T19:26:20.616+0000] {processor.py:838} WARNING - No viable dags retrieved from /opt/airflow/dags/src/blue_bikes_prediction.py
[2024-10-19T19:26:20.631+0000] {processor.py:179} INFO - Processing /opt/airflow/dags/src/blue_bikes_prediction.py took 0.593 seconds
[2024-10-19T19:26:51.051+0000] {processor.py:157} INFO - Started process (PID=9632) to work on /opt/airflow/dags/src/blue_bikes_prediction.py
[2024-10-19T19:26:51.054+0000] {processor.py:826} INFO - Processing file /opt/airflow/dags/src/blue_bikes_prediction.py for tasks to queue
[2024-10-19T19:26:51.056+0000] {logging_mixin.py:150} INFO - [2024-10-19T19:26:51.055+0000] {dagbag.py:541} INFO - Filling up the DagBag from /opt/airflow/dags/src/blue_bikes_prediction.py
[2024-10-19T19:26:51.569+0000] {processor.py:838} WARNING - No viable dags retrieved from /opt/airflow/dags/src/blue_bikes_prediction.py
[2024-10-19T19:26:51.586+0000] {processor.py:179} INFO - Processing /opt/airflow/dags/src/blue_bikes_prediction.py took 0.543 seconds
[2024-10-19T19:27:21.799+0000] {processor.py:157} INFO - Started process (PID=9711) to work on /opt/airflow/dags/src/blue_bikes_prediction.py
[2024-10-19T19:27:21.804+0000] {processor.py:826} INFO - Processing file /opt/airflow/dags/src/blue_bikes_prediction.py for tasks to queue
[2024-10-19T19:27:21.807+0000] {logging_mixin.py:150} INFO - [2024-10-19T19:27:21.806+0000] {dagbag.py:541} INFO - Filling up the DagBag from /opt/airflow/dags/src/blue_bikes_prediction.py
[2024-10-19T19:27:22.249+0000] {processor.py:838} WARNING - No viable dags retrieved from /opt/airflow/dags/src/blue_bikes_prediction.py
[2024-10-19T19:27:22.283+0000] {processor.py:179} INFO - Processing /opt/airflow/dags/src/blue_bikes_prediction.py took 0.504 seconds
[2024-10-19T19:27:52.854+0000] {processor.py:157} INFO - Started process (PID=9790) to work on /opt/airflow/dags/src/blue_bikes_prediction.py
[2024-10-19T19:27:52.856+0000] {processor.py:826} INFO - Processing file /opt/airflow/dags/src/blue_bikes_prediction.py for tasks to queue
[2024-10-19T19:27:52.858+0000] {logging_mixin.py:150} INFO - [2024-10-19T19:27:52.857+0000] {dagbag.py:541} INFO - Filling up the DagBag from /opt/airflow/dags/src/blue_bikes_prediction.py
[2024-10-19T19:27:53.322+0000] {processor.py:838} WARNING - No viable dags retrieved from /opt/airflow/dags/src/blue_bikes_prediction.py
[2024-10-19T19:27:53.334+0000] {processor.py:179} INFO - Processing /opt/airflow/dags/src/blue_bikes_prediction.py took 0.484 seconds
[2024-10-19T19:28:23.390+0000] {processor.py:157} INFO - Started process (PID=9868) to work on /opt/airflow/dags/src/blue_bikes_prediction.py
[2024-10-19T19:28:23.392+0000] {processor.py:826} INFO - Processing file /opt/airflow/dags/src/blue_bikes_prediction.py for tasks to queue
[2024-10-19T19:28:23.394+0000] {logging_mixin.py:150} INFO - [2024-10-19T19:28:23.393+0000] {dagbag.py:541} INFO - Filling up the DagBag from /opt/airflow/dags/src/blue_bikes_prediction.py
[2024-10-19T19:28:23.869+0000] {processor.py:838} WARNING - No viable dags retrieved from /opt/airflow/dags/src/blue_bikes_prediction.py
[2024-10-19T19:28:23.889+0000] {processor.py:179} INFO - Processing /opt/airflow/dags/src/blue_bikes_prediction.py took 0.506 seconds
[2024-10-19T19:28:54.045+0000] {processor.py:157} INFO - Started process (PID=9948) to work on /opt/airflow/dags/src/blue_bikes_prediction.py
[2024-10-19T19:28:54.047+0000] {processor.py:826} INFO - Processing file /opt/airflow/dags/src/blue_bikes_prediction.py for tasks to queue
[2024-10-19T19:28:54.048+0000] {logging_mixin.py:150} INFO - [2024-10-19T19:28:54.047+0000] {dagbag.py:541} INFO - Filling up the DagBag from /opt/airflow/dags/src/blue_bikes_prediction.py
[2024-10-19T19:28:54.514+0000] {processor.py:838} WARNING - No viable dags retrieved from /opt/airflow/dags/src/blue_bikes_prediction.py
[2024-10-19T19:28:54.526+0000] {processor.py:179} INFO - Processing /opt/airflow/dags/src/blue_bikes_prediction.py took 0.484 seconds
[2024-10-19T19:29:25.569+0000] {processor.py:157} INFO - Started process (PID=10027) to work on /opt/airflow/dags/src/blue_bikes_prediction.py
[2024-10-19T19:29:25.570+0000] {processor.py:826} INFO - Processing file /opt/airflow/dags/src/blue_bikes_prediction.py for tasks to queue
[2024-10-19T19:29:25.572+0000] {logging_mixin.py:150} INFO - [2024-10-19T19:29:25.572+0000] {dagbag.py:541} INFO - Filling up the DagBag from /opt/airflow/dags/src/blue_bikes_prediction.py
[2024-10-19T19:29:25.994+0000] {processor.py:838} WARNING - No viable dags retrieved from /opt/airflow/dags/src/blue_bikes_prediction.py
[2024-10-19T19:29:26.008+0000] {processor.py:179} INFO - Processing /opt/airflow/dags/src/blue_bikes_prediction.py took 0.444 seconds
[2024-10-19T19:29:56.311+0000] {processor.py:157} INFO - Started process (PID=10106) to work on /opt/airflow/dags/src/blue_bikes_prediction.py
[2024-10-19T19:29:56.318+0000] {processor.py:826} INFO - Processing file /opt/airflow/dags/src/blue_bikes_prediction.py for tasks to queue
[2024-10-19T19:29:56.322+0000] {logging_mixin.py:150} INFO - [2024-10-19T19:29:56.321+0000] {dagbag.py:541} INFO - Filling up the DagBag from /opt/airflow/dags/src/blue_bikes_prediction.py
[2024-10-19T19:29:56.804+0000] {processor.py:838} WARNING - No viable dags retrieved from /opt/airflow/dags/src/blue_bikes_prediction.py
[2024-10-19T19:29:56.817+0000] {processor.py:179} INFO - Processing /opt/airflow/dags/src/blue_bikes_prediction.py took 0.519 seconds
[2024-10-19T19:30:27.506+0000] {processor.py:157} INFO - Started process (PID=10185) to work on /opt/airflow/dags/src/blue_bikes_prediction.py
[2024-10-19T19:30:27.508+0000] {processor.py:826} INFO - Processing file /opt/airflow/dags/src/blue_bikes_prediction.py for tasks to queue
[2024-10-19T19:30:27.515+0000] {logging_mixin.py:150} INFO - [2024-10-19T19:30:27.514+0000] {dagbag.py:541} INFO - Filling up the DagBag from /opt/airflow/dags/src/blue_bikes_prediction.py
[2024-10-19T19:30:28.033+0000] {processor.py:838} WARNING - No viable dags retrieved from /opt/airflow/dags/src/blue_bikes_prediction.py
[2024-10-19T19:30:28.057+0000] {processor.py:179} INFO - Processing /opt/airflow/dags/src/blue_bikes_prediction.py took 0.558 seconds
[2024-10-19T19:52:46.974+0000] {processor.py:157} INFO - Started process (PID=10254) to work on /opt/airflow/dags/src/blue_bikes_prediction.py
[2024-10-19T19:52:47.617+0000] {processor.py:826} INFO - Processing file /opt/airflow/dags/src/blue_bikes_prediction.py for tasks to queue
[2024-10-19T19:52:47.619+0000] {logging_mixin.py:150} INFO - [2024-10-19T19:52:47.618+0000] {dagbag.py:541} INFO - Filling up the DagBag from /opt/airflow/dags/src/blue_bikes_prediction.py
[2024-10-19T19:52:48.491+0000] {processor.py:838} WARNING - No viable dags retrieved from /opt/airflow/dags/src/blue_bikes_prediction.py
[2024-10-19T19:52:48.539+0000] {processor.py:179} INFO - Processing /opt/airflow/dags/src/blue_bikes_prediction.py took 1.577 seconds
